[2024-04-09T18:51:00.507+0000] {processor.py:161} INFO - Started process (PID=363) to work on /home/airflow/.local/lib/python3.12/site-packages/airflow/example_dags/example_trigger_target_dag.py
[2024-04-09T18:51:00.512+0000] {processor.py:830} INFO - Processing file /home/airflow/.local/lib/python3.12/site-packages/airflow/example_dags/example_trigger_target_dag.py for tasks to queue
[2024-04-09T18:51:00.515+0000] {logging_mixin.py:188} INFO - [2024-04-09T18:51:00.514+0000] {dagbag.py:540} INFO - Filling up the DagBag from /home/airflow/.local/lib/python3.12/site-packages/airflow/example_dags/example_trigger_target_dag.py
[2024-04-09T18:51:00.529+0000] {processor.py:840} INFO - DAG(s) 'example_trigger_target_dag' retrieved from /home/airflow/.local/lib/python3.12/site-packages/airflow/example_dags/example_trigger_target_dag.py
[2024-04-09T18:51:00.715+0000] {logging_mixin.py:188} INFO - [2024-04-09T18:51:00.715+0000] {override.py:1829} INFO - Created Permission View: can edit on DAG:example_trigger_target_dag
[2024-04-09T18:51:00.733+0000] {logging_mixin.py:188} INFO - [2024-04-09T18:51:00.732+0000] {override.py:1829} INFO - Created Permission View: can delete on DAG:example_trigger_target_dag
[2024-04-09T18:51:00.753+0000] {logging_mixin.py:188} INFO - [2024-04-09T18:51:00.752+0000] {override.py:1829} INFO - Created Permission View: can read on DAG:example_trigger_target_dag
[2024-04-09T18:51:00.753+0000] {logging_mixin.py:188} INFO - [2024-04-09T18:51:00.753+0000] {dag.py:3096} INFO - Sync 1 DAGs
[2024-04-09T18:51:00.789+0000] {logging_mixin.py:188} INFO - [2024-04-09T18:51:00.788+0000] {dag.py:3118} INFO - Creating ORM DAG for example_trigger_target_dag
[2024-04-09T18:51:00.789+0000] {logging_mixin.py:188} INFO - [2024-04-09T18:51:00.789+0000] {dag.py:3954} INFO - Setting next_dagrun for example_trigger_target_dag to None, run_after=None
[2024-04-09T18:51:00.843+0000] {processor.py:183} INFO - Processing /home/airflow/.local/lib/python3.12/site-packages/airflow/example_dags/example_trigger_target_dag.py took 0.356 seconds
[2024-04-09T18:51:31.724+0000] {processor.py:161} INFO - Started process (PID=628) to work on /home/airflow/.local/lib/python3.12/site-packages/airflow/example_dags/example_trigger_target_dag.py
[2024-04-09T18:51:31.725+0000] {processor.py:830} INFO - Processing file /home/airflow/.local/lib/python3.12/site-packages/airflow/example_dags/example_trigger_target_dag.py for tasks to queue
[2024-04-09T18:51:31.727+0000] {logging_mixin.py:188} INFO - [2024-04-09T18:51:31.727+0000] {dagbag.py:540} INFO - Filling up the DagBag from /home/airflow/.local/lib/python3.12/site-packages/airflow/example_dags/example_trigger_target_dag.py
[2024-04-09T18:51:31.738+0000] {processor.py:840} INFO - DAG(s) 'example_trigger_target_dag' retrieved from /home/airflow/.local/lib/python3.12/site-packages/airflow/example_dags/example_trigger_target_dag.py
[2024-04-09T18:51:31.761+0000] {logging_mixin.py:188} INFO - [2024-04-09T18:51:31.760+0000] {dag.py:3096} INFO - Sync 1 DAGs
[2024-04-09T18:51:31.797+0000] {logging_mixin.py:188} INFO - [2024-04-09T18:51:31.797+0000] {dag.py:3954} INFO - Setting next_dagrun for example_trigger_target_dag to None, run_after=None
[2024-04-09T18:51:31.828+0000] {processor.py:183} INFO - Processing /home/airflow/.local/lib/python3.12/site-packages/airflow/example_dags/example_trigger_target_dag.py took 0.110 seconds
[2024-04-09T18:52:38.993+0000] {processor.py:161} INFO - Started process (PID=363) to work on /home/airflow/.local/lib/python3.12/site-packages/airflow/example_dags/example_trigger_target_dag.py
[2024-04-09T18:52:39.002+0000] {processor.py:830} INFO - Processing file /home/airflow/.local/lib/python3.12/site-packages/airflow/example_dags/example_trigger_target_dag.py for tasks to queue
[2024-04-09T18:52:39.004+0000] {logging_mixin.py:188} INFO - [2024-04-09T18:52:39.003+0000] {dagbag.py:540} INFO - Filling up the DagBag from /home/airflow/.local/lib/python3.12/site-packages/airflow/example_dags/example_trigger_target_dag.py
[2024-04-09T18:52:39.025+0000] {processor.py:840} INFO - DAG(s) 'example_trigger_target_dag' retrieved from /home/airflow/.local/lib/python3.12/site-packages/airflow/example_dags/example_trigger_target_dag.py
[2024-04-09T18:52:39.314+0000] {logging_mixin.py:188} INFO - [2024-04-09T18:52:39.314+0000] {dag.py:3096} INFO - Sync 1 DAGs
[2024-04-09T18:52:39.331+0000] {logging_mixin.py:188} INFO - [2024-04-09T18:52:39.331+0000] {dag.py:3954} INFO - Setting next_dagrun for example_trigger_target_dag to None, run_after=None
[2024-04-09T18:52:39.372+0000] {processor.py:183} INFO - Processing /home/airflow/.local/lib/python3.12/site-packages/airflow/example_dags/example_trigger_target_dag.py took 0.386 seconds
[2024-04-09T18:53:10.013+0000] {processor.py:161} INFO - Started process (PID=625) to work on /home/airflow/.local/lib/python3.12/site-packages/airflow/example_dags/example_trigger_target_dag.py
[2024-04-09T18:53:10.016+0000] {processor.py:830} INFO - Processing file /home/airflow/.local/lib/python3.12/site-packages/airflow/example_dags/example_trigger_target_dag.py for tasks to queue
[2024-04-09T18:53:10.018+0000] {logging_mixin.py:188} INFO - [2024-04-09T18:53:10.017+0000] {dagbag.py:540} INFO - Filling up the DagBag from /home/airflow/.local/lib/python3.12/site-packages/airflow/example_dags/example_trigger_target_dag.py
[2024-04-09T18:53:10.024+0000] {processor.py:840} INFO - DAG(s) 'example_trigger_target_dag' retrieved from /home/airflow/.local/lib/python3.12/site-packages/airflow/example_dags/example_trigger_target_dag.py
[2024-04-09T18:53:10.047+0000] {logging_mixin.py:188} INFO - [2024-04-09T18:53:10.046+0000] {dag.py:3096} INFO - Sync 1 DAGs
[2024-04-09T18:53:10.062+0000] {logging_mixin.py:188} INFO - [2024-04-09T18:53:10.062+0000] {dag.py:3954} INFO - Setting next_dagrun for example_trigger_target_dag to None, run_after=None
[2024-04-09T18:53:10.086+0000] {processor.py:183} INFO - Processing /home/airflow/.local/lib/python3.12/site-packages/airflow/example_dags/example_trigger_target_dag.py took 0.080 seconds
[2024-04-09T18:53:40.353+0000] {processor.py:161} INFO - Started process (PID=887) to work on /home/airflow/.local/lib/python3.12/site-packages/airflow/example_dags/example_trigger_target_dag.py
[2024-04-09T18:53:40.354+0000] {processor.py:830} INFO - Processing file /home/airflow/.local/lib/python3.12/site-packages/airflow/example_dags/example_trigger_target_dag.py for tasks to queue
[2024-04-09T18:53:40.356+0000] {logging_mixin.py:188} INFO - [2024-04-09T18:53:40.356+0000] {dagbag.py:540} INFO - Filling up the DagBag from /home/airflow/.local/lib/python3.12/site-packages/airflow/example_dags/example_trigger_target_dag.py
[2024-04-09T18:53:40.362+0000] {processor.py:840} INFO - DAG(s) 'example_trigger_target_dag' retrieved from /home/airflow/.local/lib/python3.12/site-packages/airflow/example_dags/example_trigger_target_dag.py
[2024-04-09T18:53:40.384+0000] {logging_mixin.py:188} INFO - [2024-04-09T18:53:40.384+0000] {dag.py:3096} INFO - Sync 1 DAGs
[2024-04-09T18:53:40.400+0000] {logging_mixin.py:188} INFO - [2024-04-09T18:53:40.400+0000] {dag.py:3954} INFO - Setting next_dagrun for example_trigger_target_dag to None, run_after=None
[2024-04-09T18:53:40.432+0000] {processor.py:183} INFO - Processing /home/airflow/.local/lib/python3.12/site-packages/airflow/example_dags/example_trigger_target_dag.py took 0.086 seconds
[2024-04-09T18:54:10.562+0000] {processor.py:161} INFO - Started process (PID=1149) to work on /home/airflow/.local/lib/python3.12/site-packages/airflow/example_dags/example_trigger_target_dag.py
[2024-04-09T18:54:10.563+0000] {processor.py:830} INFO - Processing file /home/airflow/.local/lib/python3.12/site-packages/airflow/example_dags/example_trigger_target_dag.py for tasks to queue
[2024-04-09T18:54:10.565+0000] {logging_mixin.py:188} INFO - [2024-04-09T18:54:10.565+0000] {dagbag.py:540} INFO - Filling up the DagBag from /home/airflow/.local/lib/python3.12/site-packages/airflow/example_dags/example_trigger_target_dag.py
[2024-04-09T18:54:10.572+0000] {processor.py:840} INFO - DAG(s) 'example_trigger_target_dag' retrieved from /home/airflow/.local/lib/python3.12/site-packages/airflow/example_dags/example_trigger_target_dag.py
[2024-04-09T18:54:10.594+0000] {logging_mixin.py:188} INFO - [2024-04-09T18:54:10.593+0000] {dag.py:3096} INFO - Sync 1 DAGs
[2024-04-09T18:54:10.609+0000] {logging_mixin.py:188} INFO - [2024-04-09T18:54:10.609+0000] {dag.py:3954} INFO - Setting next_dagrun for example_trigger_target_dag to None, run_after=None
[2024-04-09T18:54:10.633+0000] {processor.py:183} INFO - Processing /home/airflow/.local/lib/python3.12/site-packages/airflow/example_dags/example_trigger_target_dag.py took 0.077 seconds
[2024-04-09T18:54:40.852+0000] {processor.py:161} INFO - Started process (PID=1411) to work on /home/airflow/.local/lib/python3.12/site-packages/airflow/example_dags/example_trigger_target_dag.py
[2024-04-09T18:54:40.853+0000] {processor.py:830} INFO - Processing file /home/airflow/.local/lib/python3.12/site-packages/airflow/example_dags/example_trigger_target_dag.py for tasks to queue
[2024-04-09T18:54:40.854+0000] {logging_mixin.py:188} INFO - [2024-04-09T18:54:40.854+0000] {dagbag.py:540} INFO - Filling up the DagBag from /home/airflow/.local/lib/python3.12/site-packages/airflow/example_dags/example_trigger_target_dag.py
[2024-04-09T18:54:40.861+0000] {processor.py:840} INFO - DAG(s) 'example_trigger_target_dag' retrieved from /home/airflow/.local/lib/python3.12/site-packages/airflow/example_dags/example_trigger_target_dag.py
[2024-04-09T18:54:40.883+0000] {logging_mixin.py:188} INFO - [2024-04-09T18:54:40.883+0000] {dag.py:3096} INFO - Sync 1 DAGs
[2024-04-09T18:54:40.903+0000] {logging_mixin.py:188} INFO - [2024-04-09T18:54:40.903+0000] {dag.py:3954} INFO - Setting next_dagrun for example_trigger_target_dag to None, run_after=None
[2024-04-09T18:54:40.926+0000] {processor.py:183} INFO - Processing /home/airflow/.local/lib/python3.12/site-packages/airflow/example_dags/example_trigger_target_dag.py took 0.081 seconds
[2024-04-09T18:55:11.584+0000] {processor.py:161} INFO - Started process (PID=1673) to work on /home/airflow/.local/lib/python3.12/site-packages/airflow/example_dags/example_trigger_target_dag.py
[2024-04-09T18:55:11.587+0000] {processor.py:830} INFO - Processing file /home/airflow/.local/lib/python3.12/site-packages/airflow/example_dags/example_trigger_target_dag.py for tasks to queue
[2024-04-09T18:55:11.589+0000] {logging_mixin.py:188} INFO - [2024-04-09T18:55:11.588+0000] {dagbag.py:540} INFO - Filling up the DagBag from /home/airflow/.local/lib/python3.12/site-packages/airflow/example_dags/example_trigger_target_dag.py
[2024-04-09T18:55:11.595+0000] {processor.py:840} INFO - DAG(s) 'example_trigger_target_dag' retrieved from /home/airflow/.local/lib/python3.12/site-packages/airflow/example_dags/example_trigger_target_dag.py
[2024-04-09T18:55:11.618+0000] {logging_mixin.py:188} INFO - [2024-04-09T18:55:11.618+0000] {dag.py:3096} INFO - Sync 1 DAGs
[2024-04-09T18:55:11.634+0000] {logging_mixin.py:188} INFO - [2024-04-09T18:55:11.634+0000] {dag.py:3954} INFO - Setting next_dagrun for example_trigger_target_dag to None, run_after=None
[2024-04-09T18:55:11.659+0000] {processor.py:183} INFO - Processing /home/airflow/.local/lib/python3.12/site-packages/airflow/example_dags/example_trigger_target_dag.py took 0.082 seconds
[2024-04-09T18:55:42.061+0000] {processor.py:161} INFO - Started process (PID=1936) to work on /home/airflow/.local/lib/python3.12/site-packages/airflow/example_dags/example_trigger_target_dag.py
[2024-04-09T18:55:42.063+0000] {processor.py:830} INFO - Processing file /home/airflow/.local/lib/python3.12/site-packages/airflow/example_dags/example_trigger_target_dag.py for tasks to queue
[2024-04-09T18:55:42.065+0000] {logging_mixin.py:188} INFO - [2024-04-09T18:55:42.064+0000] {dagbag.py:540} INFO - Filling up the DagBag from /home/airflow/.local/lib/python3.12/site-packages/airflow/example_dags/example_trigger_target_dag.py
[2024-04-09T18:55:42.071+0000] {processor.py:840} INFO - DAG(s) 'example_trigger_target_dag' retrieved from /home/airflow/.local/lib/python3.12/site-packages/airflow/example_dags/example_trigger_target_dag.py
[2024-04-09T18:55:42.094+0000] {logging_mixin.py:188} INFO - [2024-04-09T18:55:42.094+0000] {dag.py:3096} INFO - Sync 1 DAGs
[2024-04-09T18:55:42.111+0000] {logging_mixin.py:188} INFO - [2024-04-09T18:55:42.110+0000] {dag.py:3954} INFO - Setting next_dagrun for example_trigger_target_dag to None, run_after=None
[2024-04-09T18:55:42.133+0000] {processor.py:183} INFO - Processing /home/airflow/.local/lib/python3.12/site-packages/airflow/example_dags/example_trigger_target_dag.py took 0.078 seconds
[2024-04-09T18:56:12.642+0000] {processor.py:161} INFO - Started process (PID=2200) to work on /home/airflow/.local/lib/python3.12/site-packages/airflow/example_dags/example_trigger_target_dag.py
[2024-04-09T18:56:12.643+0000] {processor.py:830} INFO - Processing file /home/airflow/.local/lib/python3.12/site-packages/airflow/example_dags/example_trigger_target_dag.py for tasks to queue
[2024-04-09T18:56:12.646+0000] {logging_mixin.py:188} INFO - [2024-04-09T18:56:12.645+0000] {dagbag.py:540} INFO - Filling up the DagBag from /home/airflow/.local/lib/python3.12/site-packages/airflow/example_dags/example_trigger_target_dag.py
[2024-04-09T18:56:12.653+0000] {processor.py:840} INFO - DAG(s) 'example_trigger_target_dag' retrieved from /home/airflow/.local/lib/python3.12/site-packages/airflow/example_dags/example_trigger_target_dag.py
[2024-04-09T18:56:12.676+0000] {logging_mixin.py:188} INFO - [2024-04-09T18:56:12.675+0000] {dag.py:3096} INFO - Sync 1 DAGs
[2024-04-09T18:56:12.691+0000] {logging_mixin.py:188} INFO - [2024-04-09T18:56:12.691+0000] {dag.py:3954} INFO - Setting next_dagrun for example_trigger_target_dag to None, run_after=None
[2024-04-09T18:56:12.715+0000] {processor.py:183} INFO - Processing /home/airflow/.local/lib/python3.12/site-packages/airflow/example_dags/example_trigger_target_dag.py took 0.079 seconds
[2024-04-09T18:56:43.247+0000] {processor.py:161} INFO - Started process (PID=2460) to work on /home/airflow/.local/lib/python3.12/site-packages/airflow/example_dags/example_trigger_target_dag.py
[2024-04-09T18:56:43.248+0000] {processor.py:830} INFO - Processing file /home/airflow/.local/lib/python3.12/site-packages/airflow/example_dags/example_trigger_target_dag.py for tasks to queue
[2024-04-09T18:56:43.250+0000] {logging_mixin.py:188} INFO - [2024-04-09T18:56:43.250+0000] {dagbag.py:540} INFO - Filling up the DagBag from /home/airflow/.local/lib/python3.12/site-packages/airflow/example_dags/example_trigger_target_dag.py
[2024-04-09T18:56:43.257+0000] {processor.py:840} INFO - DAG(s) 'example_trigger_target_dag' retrieved from /home/airflow/.local/lib/python3.12/site-packages/airflow/example_dags/example_trigger_target_dag.py
[2024-04-09T18:56:43.280+0000] {logging_mixin.py:188} INFO - [2024-04-09T18:56:43.280+0000] {dag.py:3096} INFO - Sync 1 DAGs
[2024-04-09T18:56:43.294+0000] {logging_mixin.py:188} INFO - [2024-04-09T18:56:43.294+0000] {dag.py:3954} INFO - Setting next_dagrun for example_trigger_target_dag to None, run_after=None
[2024-04-09T18:56:43.318+0000] {processor.py:183} INFO - Processing /home/airflow/.local/lib/python3.12/site-packages/airflow/example_dags/example_trigger_target_dag.py took 0.079 seconds
[2024-04-09T18:57:13.729+0000] {processor.py:161} INFO - Started process (PID=2722) to work on /home/airflow/.local/lib/python3.12/site-packages/airflow/example_dags/example_trigger_target_dag.py
[2024-04-09T18:57:13.730+0000] {processor.py:830} INFO - Processing file /home/airflow/.local/lib/python3.12/site-packages/airflow/example_dags/example_trigger_target_dag.py for tasks to queue
[2024-04-09T18:57:13.732+0000] {logging_mixin.py:188} INFO - [2024-04-09T18:57:13.732+0000] {dagbag.py:540} INFO - Filling up the DagBag from /home/airflow/.local/lib/python3.12/site-packages/airflow/example_dags/example_trigger_target_dag.py
[2024-04-09T18:57:13.738+0000] {processor.py:840} INFO - DAG(s) 'example_trigger_target_dag' retrieved from /home/airflow/.local/lib/python3.12/site-packages/airflow/example_dags/example_trigger_target_dag.py
[2024-04-09T18:57:13.760+0000] {logging_mixin.py:188} INFO - [2024-04-09T18:57:13.760+0000] {dag.py:3096} INFO - Sync 1 DAGs
[2024-04-09T18:57:13.776+0000] {logging_mixin.py:188} INFO - [2024-04-09T18:57:13.776+0000] {dag.py:3954} INFO - Setting next_dagrun for example_trigger_target_dag to None, run_after=None
[2024-04-09T18:57:13.800+0000] {processor.py:183} INFO - Processing /home/airflow/.local/lib/python3.12/site-packages/airflow/example_dags/example_trigger_target_dag.py took 0.078 seconds
[2024-04-09T18:57:44.313+0000] {processor.py:161} INFO - Started process (PID=2994) to work on /home/airflow/.local/lib/python3.12/site-packages/airflow/example_dags/example_trigger_target_dag.py
[2024-04-09T18:57:44.315+0000] {processor.py:830} INFO - Processing file /home/airflow/.local/lib/python3.12/site-packages/airflow/example_dags/example_trigger_target_dag.py for tasks to queue
[2024-04-09T18:57:44.317+0000] {logging_mixin.py:188} INFO - [2024-04-09T18:57:44.316+0000] {dagbag.py:540} INFO - Filling up the DagBag from /home/airflow/.local/lib/python3.12/site-packages/airflow/example_dags/example_trigger_target_dag.py
[2024-04-09T18:57:44.323+0000] {processor.py:840} INFO - DAG(s) 'example_trigger_target_dag' retrieved from /home/airflow/.local/lib/python3.12/site-packages/airflow/example_dags/example_trigger_target_dag.py
[2024-04-09T18:57:44.360+0000] {logging_mixin.py:188} INFO - [2024-04-09T18:57:44.360+0000] {dag.py:3096} INFO - Sync 1 DAGs
[2024-04-09T18:57:44.395+0000] {logging_mixin.py:188} INFO - [2024-04-09T18:57:44.395+0000] {dag.py:3954} INFO - Setting next_dagrun for example_trigger_target_dag to None, run_after=None
[2024-04-09T18:57:44.425+0000] {processor.py:183} INFO - Processing /home/airflow/.local/lib/python3.12/site-packages/airflow/example_dags/example_trigger_target_dag.py took 0.120 seconds
[2024-04-09T18:58:14.751+0000] {processor.py:161} INFO - Started process (PID=3267) to work on /home/airflow/.local/lib/python3.12/site-packages/airflow/example_dags/example_trigger_target_dag.py
[2024-04-09T18:58:14.753+0000] {processor.py:830} INFO - Processing file /home/airflow/.local/lib/python3.12/site-packages/airflow/example_dags/example_trigger_target_dag.py for tasks to queue
[2024-04-09T18:58:14.755+0000] {logging_mixin.py:188} INFO - [2024-04-09T18:58:14.754+0000] {dagbag.py:540} INFO - Filling up the DagBag from /home/airflow/.local/lib/python3.12/site-packages/airflow/example_dags/example_trigger_target_dag.py
[2024-04-09T18:58:14.761+0000] {processor.py:840} INFO - DAG(s) 'example_trigger_target_dag' retrieved from /home/airflow/.local/lib/python3.12/site-packages/airflow/example_dags/example_trigger_target_dag.py
[2024-04-09T18:58:14.783+0000] {logging_mixin.py:188} INFO - [2024-04-09T18:58:14.783+0000] {dag.py:3096} INFO - Sync 1 DAGs
[2024-04-09T18:58:14.799+0000] {logging_mixin.py:188} INFO - [2024-04-09T18:58:14.799+0000] {dag.py:3954} INFO - Setting next_dagrun for example_trigger_target_dag to None, run_after=None
[2024-04-09T18:58:14.824+0000] {processor.py:183} INFO - Processing /home/airflow/.local/lib/python3.12/site-packages/airflow/example_dags/example_trigger_target_dag.py took 0.080 seconds
[2024-04-09T18:58:44.995+0000] {processor.py:161} INFO - Started process (PID=3538) to work on /home/airflow/.local/lib/python3.12/site-packages/airflow/example_dags/example_trigger_target_dag.py
[2024-04-09T18:58:44.996+0000] {processor.py:830} INFO - Processing file /home/airflow/.local/lib/python3.12/site-packages/airflow/example_dags/example_trigger_target_dag.py for tasks to queue
[2024-04-09T18:58:44.998+0000] {logging_mixin.py:188} INFO - [2024-04-09T18:58:44.998+0000] {dagbag.py:540} INFO - Filling up the DagBag from /home/airflow/.local/lib/python3.12/site-packages/airflow/example_dags/example_trigger_target_dag.py
[2024-04-09T18:58:45.005+0000] {processor.py:840} INFO - DAG(s) 'example_trigger_target_dag' retrieved from /home/airflow/.local/lib/python3.12/site-packages/airflow/example_dags/example_trigger_target_dag.py
[2024-04-09T18:58:45.027+0000] {logging_mixin.py:188} INFO - [2024-04-09T18:58:45.027+0000] {dag.py:3096} INFO - Sync 1 DAGs
[2024-04-09T18:58:45.043+0000] {logging_mixin.py:188} INFO - [2024-04-09T18:58:45.043+0000] {dag.py:3954} INFO - Setting next_dagrun for example_trigger_target_dag to None, run_after=None
[2024-04-09T18:58:45.064+0000] {processor.py:183} INFO - Processing /home/airflow/.local/lib/python3.12/site-packages/airflow/example_dags/example_trigger_target_dag.py took 0.076 seconds
[2024-04-09T18:59:15.287+0000] {processor.py:161} INFO - Started process (PID=3810) to work on /home/airflow/.local/lib/python3.12/site-packages/airflow/example_dags/example_trigger_target_dag.py
[2024-04-09T18:59:15.288+0000] {processor.py:830} INFO - Processing file /home/airflow/.local/lib/python3.12/site-packages/airflow/example_dags/example_trigger_target_dag.py for tasks to queue
[2024-04-09T18:59:15.290+0000] {logging_mixin.py:188} INFO - [2024-04-09T18:59:15.290+0000] {dagbag.py:540} INFO - Filling up the DagBag from /home/airflow/.local/lib/python3.12/site-packages/airflow/example_dags/example_trigger_target_dag.py
[2024-04-09T18:59:15.297+0000] {processor.py:840} INFO - DAG(s) 'example_trigger_target_dag' retrieved from /home/airflow/.local/lib/python3.12/site-packages/airflow/example_dags/example_trigger_target_dag.py
[2024-04-09T18:59:15.338+0000] {logging_mixin.py:188} INFO - [2024-04-09T18:59:15.338+0000] {dag.py:3096} INFO - Sync 1 DAGs
[2024-04-09T18:59:15.354+0000] {logging_mixin.py:188} INFO - [2024-04-09T18:59:15.354+0000] {dag.py:3954} INFO - Setting next_dagrun for example_trigger_target_dag to None, run_after=None
[2024-04-09T18:59:15.388+0000] {processor.py:183} INFO - Processing /home/airflow/.local/lib/python3.12/site-packages/airflow/example_dags/example_trigger_target_dag.py took 0.108 seconds
[2024-04-09T18:59:45.677+0000] {processor.py:161} INFO - Started process (PID=4082) to work on /home/airflow/.local/lib/python3.12/site-packages/airflow/example_dags/example_trigger_target_dag.py
[2024-04-09T18:59:45.679+0000] {processor.py:830} INFO - Processing file /home/airflow/.local/lib/python3.12/site-packages/airflow/example_dags/example_trigger_target_dag.py for tasks to queue
[2024-04-09T18:59:45.681+0000] {logging_mixin.py:188} INFO - [2024-04-09T18:59:45.681+0000] {dagbag.py:540} INFO - Filling up the DagBag from /home/airflow/.local/lib/python3.12/site-packages/airflow/example_dags/example_trigger_target_dag.py
[2024-04-09T18:59:45.688+0000] {processor.py:840} INFO - DAG(s) 'example_trigger_target_dag' retrieved from /home/airflow/.local/lib/python3.12/site-packages/airflow/example_dags/example_trigger_target_dag.py
[2024-04-09T18:59:45.710+0000] {logging_mixin.py:188} INFO - [2024-04-09T18:59:45.709+0000] {dag.py:3096} INFO - Sync 1 DAGs
[2024-04-09T18:59:45.726+0000] {logging_mixin.py:188} INFO - [2024-04-09T18:59:45.725+0000] {dag.py:3954} INFO - Setting next_dagrun for example_trigger_target_dag to None, run_after=None
[2024-04-09T18:59:45.755+0000] {processor.py:183} INFO - Processing /home/airflow/.local/lib/python3.12/site-packages/airflow/example_dags/example_trigger_target_dag.py took 0.084 seconds
[2024-04-09T19:00:16.088+0000] {processor.py:161} INFO - Started process (PID=4354) to work on /home/airflow/.local/lib/python3.12/site-packages/airflow/example_dags/example_trigger_target_dag.py
[2024-04-09T19:00:16.092+0000] {processor.py:830} INFO - Processing file /home/airflow/.local/lib/python3.12/site-packages/airflow/example_dags/example_trigger_target_dag.py for tasks to queue
[2024-04-09T19:00:16.095+0000] {logging_mixin.py:188} INFO - [2024-04-09T19:00:16.095+0000] {dagbag.py:540} INFO - Filling up the DagBag from /home/airflow/.local/lib/python3.12/site-packages/airflow/example_dags/example_trigger_target_dag.py
[2024-04-09T19:00:16.110+0000] {processor.py:840} INFO - DAG(s) 'example_trigger_target_dag' retrieved from /home/airflow/.local/lib/python3.12/site-packages/airflow/example_dags/example_trigger_target_dag.py
[2024-04-09T19:00:16.164+0000] {logging_mixin.py:188} INFO - [2024-04-09T19:00:16.164+0000] {dag.py:3096} INFO - Sync 1 DAGs
[2024-04-09T19:00:16.178+0000] {logging_mixin.py:188} INFO - [2024-04-09T19:00:16.178+0000] {dag.py:3954} INFO - Setting next_dagrun for example_trigger_target_dag to None, run_after=None
[2024-04-09T19:00:16.205+0000] {processor.py:183} INFO - Processing /home/airflow/.local/lib/python3.12/site-packages/airflow/example_dags/example_trigger_target_dag.py took 0.128 seconds
[2024-04-09T19:00:46.873+0000] {processor.py:161} INFO - Started process (PID=4627) to work on /home/airflow/.local/lib/python3.12/site-packages/airflow/example_dags/example_trigger_target_dag.py
[2024-04-09T19:00:46.874+0000] {processor.py:830} INFO - Processing file /home/airflow/.local/lib/python3.12/site-packages/airflow/example_dags/example_trigger_target_dag.py for tasks to queue
[2024-04-09T19:00:46.877+0000] {logging_mixin.py:188} INFO - [2024-04-09T19:00:46.876+0000] {dagbag.py:540} INFO - Filling up the DagBag from /home/airflow/.local/lib/python3.12/site-packages/airflow/example_dags/example_trigger_target_dag.py
[2024-04-09T19:00:46.884+0000] {processor.py:840} INFO - DAG(s) 'example_trigger_target_dag' retrieved from /home/airflow/.local/lib/python3.12/site-packages/airflow/example_dags/example_trigger_target_dag.py
[2024-04-09T19:00:46.906+0000] {logging_mixin.py:188} INFO - [2024-04-09T19:00:46.906+0000] {dag.py:3096} INFO - Sync 1 DAGs
[2024-04-09T19:00:46.920+0000] {logging_mixin.py:188} INFO - [2024-04-09T19:00:46.920+0000] {dag.py:3954} INFO - Setting next_dagrun for example_trigger_target_dag to None, run_after=None
[2024-04-09T19:00:46.944+0000] {processor.py:183} INFO - Processing /home/airflow/.local/lib/python3.12/site-packages/airflow/example_dags/example_trigger_target_dag.py took 0.078 seconds
[2024-04-09T19:01:17.264+0000] {processor.py:161} INFO - Started process (PID=4899) to work on /home/airflow/.local/lib/python3.12/site-packages/airflow/example_dags/example_trigger_target_dag.py
[2024-04-09T19:01:17.265+0000] {processor.py:830} INFO - Processing file /home/airflow/.local/lib/python3.12/site-packages/airflow/example_dags/example_trigger_target_dag.py for tasks to queue
[2024-04-09T19:01:17.267+0000] {logging_mixin.py:188} INFO - [2024-04-09T19:01:17.267+0000] {dagbag.py:540} INFO - Filling up the DagBag from /home/airflow/.local/lib/python3.12/site-packages/airflow/example_dags/example_trigger_target_dag.py
[2024-04-09T19:01:17.274+0000] {processor.py:840} INFO - DAG(s) 'example_trigger_target_dag' retrieved from /home/airflow/.local/lib/python3.12/site-packages/airflow/example_dags/example_trigger_target_dag.py
[2024-04-09T19:01:17.295+0000] {logging_mixin.py:188} INFO - [2024-04-09T19:01:17.295+0000] {dag.py:3096} INFO - Sync 1 DAGs
[2024-04-09T19:01:17.320+0000] {logging_mixin.py:188} INFO - [2024-04-09T19:01:17.319+0000] {dag.py:3954} INFO - Setting next_dagrun for example_trigger_target_dag to None, run_after=None
[2024-04-09T19:01:17.364+0000] {processor.py:183} INFO - Processing /home/airflow/.local/lib/python3.12/site-packages/airflow/example_dags/example_trigger_target_dag.py took 0.108 seconds
[2024-04-09T19:01:47.690+0000] {processor.py:161} INFO - Started process (PID=5173) to work on /home/airflow/.local/lib/python3.12/site-packages/airflow/example_dags/example_trigger_target_dag.py
[2024-04-09T19:01:47.690+0000] {processor.py:830} INFO - Processing file /home/airflow/.local/lib/python3.12/site-packages/airflow/example_dags/example_trigger_target_dag.py for tasks to queue
[2024-04-09T19:01:47.692+0000] {logging_mixin.py:188} INFO - [2024-04-09T19:01:47.691+0000] {dagbag.py:540} INFO - Filling up the DagBag from /home/airflow/.local/lib/python3.12/site-packages/airflow/example_dags/example_trigger_target_dag.py
[2024-04-09T19:01:47.696+0000] {processor.py:840} INFO - DAG(s) 'example_trigger_target_dag' retrieved from /home/airflow/.local/lib/python3.12/site-packages/airflow/example_dags/example_trigger_target_dag.py
[2024-04-09T19:01:47.712+0000] {logging_mixin.py:188} INFO - [2024-04-09T19:01:47.712+0000] {dag.py:3096} INFO - Sync 1 DAGs
[2024-04-09T19:01:47.723+0000] {logging_mixin.py:188} INFO - [2024-04-09T19:01:47.723+0000] {dag.py:3954} INFO - Setting next_dagrun for example_trigger_target_dag to None, run_after=None
[2024-04-09T19:01:47.742+0000] {processor.py:183} INFO - Processing /home/airflow/.local/lib/python3.12/site-packages/airflow/example_dags/example_trigger_target_dag.py took 0.057 seconds
[2024-04-09T19:02:18.633+0000] {processor.py:161} INFO - Started process (PID=5443) to work on /home/airflow/.local/lib/python3.12/site-packages/airflow/example_dags/example_trigger_target_dag.py
[2024-04-09T19:02:18.634+0000] {processor.py:830} INFO - Processing file /home/airflow/.local/lib/python3.12/site-packages/airflow/example_dags/example_trigger_target_dag.py for tasks to queue
[2024-04-09T19:02:18.636+0000] {logging_mixin.py:188} INFO - [2024-04-09T19:02:18.636+0000] {dagbag.py:540} INFO - Filling up the DagBag from /home/airflow/.local/lib/python3.12/site-packages/airflow/example_dags/example_trigger_target_dag.py
[2024-04-09T19:02:18.643+0000] {processor.py:840} INFO - DAG(s) 'example_trigger_target_dag' retrieved from /home/airflow/.local/lib/python3.12/site-packages/airflow/example_dags/example_trigger_target_dag.py
[2024-04-09T19:02:18.664+0000] {logging_mixin.py:188} INFO - [2024-04-09T19:02:18.664+0000] {dag.py:3096} INFO - Sync 1 DAGs
[2024-04-09T19:02:18.679+0000] {logging_mixin.py:188} INFO - [2024-04-09T19:02:18.679+0000] {dag.py:3954} INFO - Setting next_dagrun for example_trigger_target_dag to None, run_after=None
[2024-04-09T19:02:18.705+0000] {processor.py:183} INFO - Processing /home/airflow/.local/lib/python3.12/site-packages/airflow/example_dags/example_trigger_target_dag.py took 0.079 seconds
[2024-04-09T19:02:48.996+0000] {processor.py:161} INFO - Started process (PID=5715) to work on /home/airflow/.local/lib/python3.12/site-packages/airflow/example_dags/example_trigger_target_dag.py
[2024-04-09T19:02:49.003+0000] {processor.py:830} INFO - Processing file /home/airflow/.local/lib/python3.12/site-packages/airflow/example_dags/example_trigger_target_dag.py for tasks to queue
[2024-04-09T19:02:49.004+0000] {logging_mixin.py:188} INFO - [2024-04-09T19:02:49.004+0000] {dagbag.py:540} INFO - Filling up the DagBag from /home/airflow/.local/lib/python3.12/site-packages/airflow/example_dags/example_trigger_target_dag.py
[2024-04-09T19:02:49.011+0000] {processor.py:840} INFO - DAG(s) 'example_trigger_target_dag' retrieved from /home/airflow/.local/lib/python3.12/site-packages/airflow/example_dags/example_trigger_target_dag.py
[2024-04-09T19:02:49.064+0000] {logging_mixin.py:188} INFO - [2024-04-09T19:02:49.064+0000] {dag.py:3096} INFO - Sync 1 DAGs
[2024-04-09T19:02:49.079+0000] {logging_mixin.py:188} INFO - [2024-04-09T19:02:49.079+0000] {dag.py:3954} INFO - Setting next_dagrun for example_trigger_target_dag to None, run_after=None
[2024-04-09T19:02:49.101+0000] {processor.py:183} INFO - Processing /home/airflow/.local/lib/python3.12/site-packages/airflow/example_dags/example_trigger_target_dag.py took 0.111 seconds
[2024-04-09T19:03:19.396+0000] {processor.py:161} INFO - Started process (PID=5987) to work on /home/airflow/.local/lib/python3.12/site-packages/airflow/example_dags/example_trigger_target_dag.py
[2024-04-09T19:03:19.398+0000] {processor.py:830} INFO - Processing file /home/airflow/.local/lib/python3.12/site-packages/airflow/example_dags/example_trigger_target_dag.py for tasks to queue
[2024-04-09T19:03:19.400+0000] {logging_mixin.py:188} INFO - [2024-04-09T19:03:19.400+0000] {dagbag.py:540} INFO - Filling up the DagBag from /home/airflow/.local/lib/python3.12/site-packages/airflow/example_dags/example_trigger_target_dag.py
[2024-04-09T19:03:19.407+0000] {processor.py:840} INFO - DAG(s) 'example_trigger_target_dag' retrieved from /home/airflow/.local/lib/python3.12/site-packages/airflow/example_dags/example_trigger_target_dag.py
[2024-04-09T19:03:19.429+0000] {logging_mixin.py:188} INFO - [2024-04-09T19:03:19.429+0000] {dag.py:3096} INFO - Sync 1 DAGs
[2024-04-09T19:03:19.445+0000] {logging_mixin.py:188} INFO - [2024-04-09T19:03:19.445+0000] {dag.py:3954} INFO - Setting next_dagrun for example_trigger_target_dag to None, run_after=None
[2024-04-09T19:03:19.484+0000] {processor.py:183} INFO - Processing /home/airflow/.local/lib/python3.12/site-packages/airflow/example_dags/example_trigger_target_dag.py took 0.099 seconds
[2024-04-09T19:03:50.266+0000] {processor.py:161} INFO - Started process (PID=6260) to work on /home/airflow/.local/lib/python3.12/site-packages/airflow/example_dags/example_trigger_target_dag.py
[2024-04-09T19:03:50.267+0000] {processor.py:830} INFO - Processing file /home/airflow/.local/lib/python3.12/site-packages/airflow/example_dags/example_trigger_target_dag.py for tasks to queue
[2024-04-09T19:03:50.269+0000] {logging_mixin.py:188} INFO - [2024-04-09T19:03:50.268+0000] {dagbag.py:540} INFO - Filling up the DagBag from /home/airflow/.local/lib/python3.12/site-packages/airflow/example_dags/example_trigger_target_dag.py
[2024-04-09T19:03:50.275+0000] {processor.py:840} INFO - DAG(s) 'example_trigger_target_dag' retrieved from /home/airflow/.local/lib/python3.12/site-packages/airflow/example_dags/example_trigger_target_dag.py
[2024-04-09T19:03:50.295+0000] {logging_mixin.py:188} INFO - [2024-04-09T19:03:50.295+0000] {dag.py:3096} INFO - Sync 1 DAGs
[2024-04-09T19:03:50.311+0000] {logging_mixin.py:188} INFO - [2024-04-09T19:03:50.311+0000] {dag.py:3954} INFO - Setting next_dagrun for example_trigger_target_dag to None, run_after=None
[2024-04-09T19:03:50.334+0000] {processor.py:183} INFO - Processing /home/airflow/.local/lib/python3.12/site-packages/airflow/example_dags/example_trigger_target_dag.py took 0.075 seconds
[2024-04-09T19:04:21.370+0000] {processor.py:161} INFO - Started process (PID=6533) to work on /home/airflow/.local/lib/python3.12/site-packages/airflow/example_dags/example_trigger_target_dag.py
[2024-04-09T19:04:21.371+0000] {processor.py:830} INFO - Processing file /home/airflow/.local/lib/python3.12/site-packages/airflow/example_dags/example_trigger_target_dag.py for tasks to queue
[2024-04-09T19:04:21.374+0000] {logging_mixin.py:188} INFO - [2024-04-09T19:04:21.373+0000] {dagbag.py:540} INFO - Filling up the DagBag from /home/airflow/.local/lib/python3.12/site-packages/airflow/example_dags/example_trigger_target_dag.py
[2024-04-09T19:04:21.380+0000] {processor.py:840} INFO - DAG(s) 'example_trigger_target_dag' retrieved from /home/airflow/.local/lib/python3.12/site-packages/airflow/example_dags/example_trigger_target_dag.py
[2024-04-09T19:04:21.429+0000] {logging_mixin.py:188} INFO - [2024-04-09T19:04:21.429+0000] {dag.py:3096} INFO - Sync 1 DAGs
[2024-04-09T19:04:21.447+0000] {logging_mixin.py:188} INFO - [2024-04-09T19:04:21.447+0000] {dag.py:3954} INFO - Setting next_dagrun for example_trigger_target_dag to None, run_after=None
[2024-04-09T19:04:21.472+0000] {processor.py:183} INFO - Processing /home/airflow/.local/lib/python3.12/site-packages/airflow/example_dags/example_trigger_target_dag.py took 0.122 seconds
[2024-04-09T19:04:51.731+0000] {processor.py:161} INFO - Started process (PID=6806) to work on /home/airflow/.local/lib/python3.12/site-packages/airflow/example_dags/example_trigger_target_dag.py
[2024-04-09T19:04:51.732+0000] {processor.py:830} INFO - Processing file /home/airflow/.local/lib/python3.12/site-packages/airflow/example_dags/example_trigger_target_dag.py for tasks to queue
[2024-04-09T19:04:51.734+0000] {logging_mixin.py:188} INFO - [2024-04-09T19:04:51.734+0000] {dagbag.py:540} INFO - Filling up the DagBag from /home/airflow/.local/lib/python3.12/site-packages/airflow/example_dags/example_trigger_target_dag.py
[2024-04-09T19:04:51.741+0000] {processor.py:840} INFO - DAG(s) 'example_trigger_target_dag' retrieved from /home/airflow/.local/lib/python3.12/site-packages/airflow/example_dags/example_trigger_target_dag.py
[2024-04-09T19:04:51.763+0000] {logging_mixin.py:188} INFO - [2024-04-09T19:04:51.762+0000] {dag.py:3096} INFO - Sync 1 DAGs
[2024-04-09T19:04:51.778+0000] {logging_mixin.py:188} INFO - [2024-04-09T19:04:51.778+0000] {dag.py:3954} INFO - Setting next_dagrun for example_trigger_target_dag to None, run_after=None
[2024-04-09T19:04:51.803+0000] {processor.py:183} INFO - Processing /home/airflow/.local/lib/python3.12/site-packages/airflow/example_dags/example_trigger_target_dag.py took 0.078 seconds
[2024-04-09T19:05:22.482+0000] {processor.py:161} INFO - Started process (PID=7079) to work on /home/airflow/.local/lib/python3.12/site-packages/airflow/example_dags/example_trigger_target_dag.py
[2024-04-09T19:05:22.484+0000] {processor.py:830} INFO - Processing file /home/airflow/.local/lib/python3.12/site-packages/airflow/example_dags/example_trigger_target_dag.py for tasks to queue
[2024-04-09T19:05:22.492+0000] {logging_mixin.py:188} INFO - [2024-04-09T19:05:22.492+0000] {dagbag.py:540} INFO - Filling up the DagBag from /home/airflow/.local/lib/python3.12/site-packages/airflow/example_dags/example_trigger_target_dag.py
[2024-04-09T19:05:22.517+0000] {processor.py:840} INFO - DAG(s) 'example_trigger_target_dag' retrieved from /home/airflow/.local/lib/python3.12/site-packages/airflow/example_dags/example_trigger_target_dag.py
[2024-04-09T19:05:22.561+0000] {logging_mixin.py:188} INFO - [2024-04-09T19:05:22.561+0000] {dag.py:3096} INFO - Sync 1 DAGs
[2024-04-09T19:05:22.581+0000] {logging_mixin.py:188} INFO - [2024-04-09T19:05:22.581+0000] {dag.py:3954} INFO - Setting next_dagrun for example_trigger_target_dag to None, run_after=None
[2024-04-09T19:05:22.614+0000] {processor.py:183} INFO - Processing /home/airflow/.local/lib/python3.12/site-packages/airflow/example_dags/example_trigger_target_dag.py took 0.142 seconds
[2024-04-09T19:05:52.807+0000] {processor.py:161} INFO - Started process (PID=7351) to work on /home/airflow/.local/lib/python3.12/site-packages/airflow/example_dags/example_trigger_target_dag.py
[2024-04-09T19:05:52.814+0000] {processor.py:830} INFO - Processing file /home/airflow/.local/lib/python3.12/site-packages/airflow/example_dags/example_trigger_target_dag.py for tasks to queue
[2024-04-09T19:05:52.820+0000] {logging_mixin.py:188} INFO - [2024-04-09T19:05:52.820+0000] {dagbag.py:540} INFO - Filling up the DagBag from /home/airflow/.local/lib/python3.12/site-packages/airflow/example_dags/example_trigger_target_dag.py
[2024-04-09T19:05:52.827+0000] {processor.py:840} INFO - DAG(s) 'example_trigger_target_dag' retrieved from /home/airflow/.local/lib/python3.12/site-packages/airflow/example_dags/example_trigger_target_dag.py
[2024-04-09T19:05:52.848+0000] {logging_mixin.py:188} INFO - [2024-04-09T19:05:52.848+0000] {dag.py:3096} INFO - Sync 1 DAGs
[2024-04-09T19:05:52.862+0000] {logging_mixin.py:188} INFO - [2024-04-09T19:05:52.862+0000] {dag.py:3954} INFO - Setting next_dagrun for example_trigger_target_dag to None, run_after=None
[2024-04-09T19:05:52.885+0000] {processor.py:183} INFO - Processing /home/airflow/.local/lib/python3.12/site-packages/airflow/example_dags/example_trigger_target_dag.py took 0.096 seconds
[2024-04-09T19:06:23.146+0000] {processor.py:161} INFO - Started process (PID=7623) to work on /home/airflow/.local/lib/python3.12/site-packages/airflow/example_dags/example_trigger_target_dag.py
[2024-04-09T19:06:23.148+0000] {processor.py:830} INFO - Processing file /home/airflow/.local/lib/python3.12/site-packages/airflow/example_dags/example_trigger_target_dag.py for tasks to queue
[2024-04-09T19:06:23.150+0000] {logging_mixin.py:188} INFO - [2024-04-09T19:06:23.149+0000] {dagbag.py:540} INFO - Filling up the DagBag from /home/airflow/.local/lib/python3.12/site-packages/airflow/example_dags/example_trigger_target_dag.py
[2024-04-09T19:06:23.156+0000] {processor.py:840} INFO - DAG(s) 'example_trigger_target_dag' retrieved from /home/airflow/.local/lib/python3.12/site-packages/airflow/example_dags/example_trigger_target_dag.py
[2024-04-09T19:06:23.180+0000] {logging_mixin.py:188} INFO - [2024-04-09T19:06:23.180+0000] {dag.py:3096} INFO - Sync 1 DAGs
[2024-04-09T19:06:23.394+0000] {logging_mixin.py:188} INFO - [2024-04-09T19:06:23.394+0000] {dag.py:3954} INFO - Setting next_dagrun for example_trigger_target_dag to None, run_after=None
[2024-04-09T19:06:23.417+0000] {processor.py:183} INFO - Processing /home/airflow/.local/lib/python3.12/site-packages/airflow/example_dags/example_trigger_target_dag.py took 0.279 seconds
[2024-04-09T19:06:54.036+0000] {processor.py:161} INFO - Started process (PID=7896) to work on /home/airflow/.local/lib/python3.12/site-packages/airflow/example_dags/example_trigger_target_dag.py
[2024-04-09T19:06:54.037+0000] {processor.py:830} INFO - Processing file /home/airflow/.local/lib/python3.12/site-packages/airflow/example_dags/example_trigger_target_dag.py for tasks to queue
[2024-04-09T19:06:54.039+0000] {logging_mixin.py:188} INFO - [2024-04-09T19:06:54.039+0000] {dagbag.py:540} INFO - Filling up the DagBag from /home/airflow/.local/lib/python3.12/site-packages/airflow/example_dags/example_trigger_target_dag.py
[2024-04-09T19:06:54.046+0000] {processor.py:840} INFO - DAG(s) 'example_trigger_target_dag' retrieved from /home/airflow/.local/lib/python3.12/site-packages/airflow/example_dags/example_trigger_target_dag.py
[2024-04-09T19:06:54.068+0000] {logging_mixin.py:188} INFO - [2024-04-09T19:06:54.068+0000] {dag.py:3096} INFO - Sync 1 DAGs
[2024-04-09T19:06:54.084+0000] {logging_mixin.py:188} INFO - [2024-04-09T19:06:54.084+0000] {dag.py:3954} INFO - Setting next_dagrun for example_trigger_target_dag to None, run_after=None
[2024-04-09T19:06:54.265+0000] {processor.py:183} INFO - Processing /home/airflow/.local/lib/python3.12/site-packages/airflow/example_dags/example_trigger_target_dag.py took 0.236 seconds
[2024-04-09T19:07:24.947+0000] {processor.py:161} INFO - Started process (PID=8167) to work on /home/airflow/.local/lib/python3.12/site-packages/airflow/example_dags/example_trigger_target_dag.py
[2024-04-09T19:07:24.949+0000] {processor.py:830} INFO - Processing file /home/airflow/.local/lib/python3.12/site-packages/airflow/example_dags/example_trigger_target_dag.py for tasks to queue
[2024-04-09T19:07:24.951+0000] {logging_mixin.py:188} INFO - [2024-04-09T19:07:24.951+0000] {dagbag.py:540} INFO - Filling up the DagBag from /home/airflow/.local/lib/python3.12/site-packages/airflow/example_dags/example_trigger_target_dag.py
[2024-04-09T19:07:24.959+0000] {processor.py:840} INFO - DAG(s) 'example_trigger_target_dag' retrieved from /home/airflow/.local/lib/python3.12/site-packages/airflow/example_dags/example_trigger_target_dag.py
[2024-04-09T19:07:24.982+0000] {logging_mixin.py:188} INFO - [2024-04-09T19:07:24.982+0000] {dag.py:3096} INFO - Sync 1 DAGs
[2024-04-09T19:07:24.998+0000] {logging_mixin.py:188} INFO - [2024-04-09T19:07:24.998+0000] {dag.py:3954} INFO - Setting next_dagrun for example_trigger_target_dag to None, run_after=None
[2024-04-09T19:07:25.040+0000] {processor.py:183} INFO - Processing /home/airflow/.local/lib/python3.12/site-packages/airflow/example_dags/example_trigger_target_dag.py took 0.108 seconds
[2024-04-09T19:07:55.620+0000] {processor.py:161} INFO - Started process (PID=8439) to work on /home/airflow/.local/lib/python3.12/site-packages/airflow/example_dags/example_trigger_target_dag.py
[2024-04-09T19:07:55.621+0000] {processor.py:830} INFO - Processing file /home/airflow/.local/lib/python3.12/site-packages/airflow/example_dags/example_trigger_target_dag.py for tasks to queue
[2024-04-09T19:07:55.624+0000] {logging_mixin.py:188} INFO - [2024-04-09T19:07:55.623+0000] {dagbag.py:540} INFO - Filling up the DagBag from /home/airflow/.local/lib/python3.12/site-packages/airflow/example_dags/example_trigger_target_dag.py
[2024-04-09T19:07:55.631+0000] {processor.py:840} INFO - DAG(s) 'example_trigger_target_dag' retrieved from /home/airflow/.local/lib/python3.12/site-packages/airflow/example_dags/example_trigger_target_dag.py
[2024-04-09T19:07:55.654+0000] {logging_mixin.py:188} INFO - [2024-04-09T19:07:55.654+0000] {dag.py:3096} INFO - Sync 1 DAGs
[2024-04-09T19:07:55.670+0000] {logging_mixin.py:188} INFO - [2024-04-09T19:07:55.670+0000] {dag.py:3954} INFO - Setting next_dagrun for example_trigger_target_dag to None, run_after=None
[2024-04-09T19:07:55.706+0000] {processor.py:183} INFO - Processing /home/airflow/.local/lib/python3.12/site-packages/airflow/example_dags/example_trigger_target_dag.py took 0.093 seconds
[2024-04-09T19:08:26.795+0000] {processor.py:161} INFO - Started process (PID=8712) to work on /home/airflow/.local/lib/python3.12/site-packages/airflow/example_dags/example_trigger_target_dag.py
[2024-04-09T19:08:26.806+0000] {processor.py:830} INFO - Processing file /home/airflow/.local/lib/python3.12/site-packages/airflow/example_dags/example_trigger_target_dag.py for tasks to queue
[2024-04-09T19:08:26.808+0000] {logging_mixin.py:188} INFO - [2024-04-09T19:08:26.807+0000] {dagbag.py:540} INFO - Filling up the DagBag from /home/airflow/.local/lib/python3.12/site-packages/airflow/example_dags/example_trigger_target_dag.py
[2024-04-09T19:08:26.837+0000] {processor.py:840} INFO - DAG(s) 'example_trigger_target_dag' retrieved from /home/airflow/.local/lib/python3.12/site-packages/airflow/example_dags/example_trigger_target_dag.py
[2024-04-09T19:08:26.869+0000] {logging_mixin.py:188} INFO - [2024-04-09T19:08:26.868+0000] {dag.py:3096} INFO - Sync 1 DAGs
[2024-04-09T19:08:26.898+0000] {logging_mixin.py:188} INFO - [2024-04-09T19:08:26.897+0000] {dag.py:3954} INFO - Setting next_dagrun for example_trigger_target_dag to None, run_after=None
[2024-04-09T19:08:26.932+0000] {processor.py:183} INFO - Processing /home/airflow/.local/lib/python3.12/site-packages/airflow/example_dags/example_trigger_target_dag.py took 0.143 seconds
[2024-04-09T19:08:57.956+0000] {processor.py:161} INFO - Started process (PID=8985) to work on /home/airflow/.local/lib/python3.12/site-packages/airflow/example_dags/example_trigger_target_dag.py
[2024-04-09T19:08:57.957+0000] {processor.py:830} INFO - Processing file /home/airflow/.local/lib/python3.12/site-packages/airflow/example_dags/example_trigger_target_dag.py for tasks to queue
[2024-04-09T19:08:57.959+0000] {logging_mixin.py:188} INFO - [2024-04-09T19:08:57.959+0000] {dagbag.py:540} INFO - Filling up the DagBag from /home/airflow/.local/lib/python3.12/site-packages/airflow/example_dags/example_trigger_target_dag.py
[2024-04-09T19:08:57.966+0000] {processor.py:840} INFO - DAG(s) 'example_trigger_target_dag' retrieved from /home/airflow/.local/lib/python3.12/site-packages/airflow/example_dags/example_trigger_target_dag.py
[2024-04-09T19:08:57.989+0000] {logging_mixin.py:188} INFO - [2024-04-09T19:08:57.989+0000] {dag.py:3096} INFO - Sync 1 DAGs
[2024-04-09T19:08:58.005+0000] {logging_mixin.py:188} INFO - [2024-04-09T19:08:58.005+0000] {dag.py:3954} INFO - Setting next_dagrun for example_trigger_target_dag to None, run_after=None
[2024-04-09T19:08:58.029+0000] {processor.py:183} INFO - Processing /home/airflow/.local/lib/python3.12/site-packages/airflow/example_dags/example_trigger_target_dag.py took 0.080 seconds
[2024-04-09T19:09:28.615+0000] {processor.py:161} INFO - Started process (PID=9258) to work on /home/airflow/.local/lib/python3.12/site-packages/airflow/example_dags/example_trigger_target_dag.py
[2024-04-09T19:09:28.616+0000] {processor.py:830} INFO - Processing file /home/airflow/.local/lib/python3.12/site-packages/airflow/example_dags/example_trigger_target_dag.py for tasks to queue
[2024-04-09T19:09:28.618+0000] {logging_mixin.py:188} INFO - [2024-04-09T19:09:28.618+0000] {dagbag.py:540} INFO - Filling up the DagBag from /home/airflow/.local/lib/python3.12/site-packages/airflow/example_dags/example_trigger_target_dag.py
[2024-04-09T19:09:28.625+0000] {processor.py:840} INFO - DAG(s) 'example_trigger_target_dag' retrieved from /home/airflow/.local/lib/python3.12/site-packages/airflow/example_dags/example_trigger_target_dag.py
[2024-04-09T19:09:28.650+0000] {logging_mixin.py:188} INFO - [2024-04-09T19:09:28.650+0000] {dag.py:3096} INFO - Sync 1 DAGs
[2024-04-09T19:09:28.667+0000] {logging_mixin.py:188} INFO - [2024-04-09T19:09:28.667+0000] {dag.py:3954} INFO - Setting next_dagrun for example_trigger_target_dag to None, run_after=None
[2024-04-09T19:09:28.693+0000] {processor.py:183} INFO - Processing /home/airflow/.local/lib/python3.12/site-packages/airflow/example_dags/example_trigger_target_dag.py took 0.085 seconds
[2024-04-09T19:09:59.453+0000] {processor.py:161} INFO - Started process (PID=9530) to work on /home/airflow/.local/lib/python3.12/site-packages/airflow/example_dags/example_trigger_target_dag.py
[2024-04-09T19:09:59.454+0000] {processor.py:830} INFO - Processing file /home/airflow/.local/lib/python3.12/site-packages/airflow/example_dags/example_trigger_target_dag.py for tasks to queue
[2024-04-09T19:09:59.456+0000] {logging_mixin.py:188} INFO - [2024-04-09T19:09:59.456+0000] {dagbag.py:540} INFO - Filling up the DagBag from /home/airflow/.local/lib/python3.12/site-packages/airflow/example_dags/example_trigger_target_dag.py
[2024-04-09T19:09:59.463+0000] {processor.py:840} INFO - DAG(s) 'example_trigger_target_dag' retrieved from /home/airflow/.local/lib/python3.12/site-packages/airflow/example_dags/example_trigger_target_dag.py
[2024-04-09T19:09:59.485+0000] {logging_mixin.py:188} INFO - [2024-04-09T19:09:59.485+0000] {dag.py:3096} INFO - Sync 1 DAGs
[2024-04-09T19:09:59.502+0000] {logging_mixin.py:188} INFO - [2024-04-09T19:09:59.502+0000] {dag.py:3954} INFO - Setting next_dagrun for example_trigger_target_dag to None, run_after=None
[2024-04-09T19:09:59.525+0000] {processor.py:183} INFO - Processing /home/airflow/.local/lib/python3.12/site-packages/airflow/example_dags/example_trigger_target_dag.py took 0.079 seconds
[2024-04-09T19:10:29.791+0000] {processor.py:161} INFO - Started process (PID=9803) to work on /home/airflow/.local/lib/python3.12/site-packages/airflow/example_dags/example_trigger_target_dag.py
[2024-04-09T19:10:29.792+0000] {processor.py:830} INFO - Processing file /home/airflow/.local/lib/python3.12/site-packages/airflow/example_dags/example_trigger_target_dag.py for tasks to queue
[2024-04-09T19:10:29.794+0000] {logging_mixin.py:188} INFO - [2024-04-09T19:10:29.794+0000] {dagbag.py:540} INFO - Filling up the DagBag from /home/airflow/.local/lib/python3.12/site-packages/airflow/example_dags/example_trigger_target_dag.py
[2024-04-09T19:10:29.801+0000] {processor.py:840} INFO - DAG(s) 'example_trigger_target_dag' retrieved from /home/airflow/.local/lib/python3.12/site-packages/airflow/example_dags/example_trigger_target_dag.py
[2024-04-09T19:10:29.824+0000] {logging_mixin.py:188} INFO - [2024-04-09T19:10:29.824+0000] {dag.py:3096} INFO - Sync 1 DAGs
[2024-04-09T19:10:29.840+0000] {logging_mixin.py:188} INFO - [2024-04-09T19:10:29.840+0000] {dag.py:3954} INFO - Setting next_dagrun for example_trigger_target_dag to None, run_after=None
[2024-04-09T19:10:29.889+0000] {processor.py:183} INFO - Processing /home/airflow/.local/lib/python3.12/site-packages/airflow/example_dags/example_trigger_target_dag.py took 0.104 seconds
[2024-04-09T19:11:00.710+0000] {processor.py:161} INFO - Started process (PID=10076) to work on /home/airflow/.local/lib/python3.12/site-packages/airflow/example_dags/example_trigger_target_dag.py
[2024-04-09T19:11:00.711+0000] {processor.py:830} INFO - Processing file /home/airflow/.local/lib/python3.12/site-packages/airflow/example_dags/example_trigger_target_dag.py for tasks to queue
[2024-04-09T19:11:00.713+0000] {logging_mixin.py:188} INFO - [2024-04-09T19:11:00.713+0000] {dagbag.py:540} INFO - Filling up the DagBag from /home/airflow/.local/lib/python3.12/site-packages/airflow/example_dags/example_trigger_target_dag.py
[2024-04-09T19:11:00.720+0000] {processor.py:840} INFO - DAG(s) 'example_trigger_target_dag' retrieved from /home/airflow/.local/lib/python3.12/site-packages/airflow/example_dags/example_trigger_target_dag.py
[2024-04-09T19:11:00.748+0000] {logging_mixin.py:188} INFO - [2024-04-09T19:11:00.748+0000] {dag.py:3096} INFO - Sync 1 DAGs
[2024-04-09T19:11:00.764+0000] {logging_mixin.py:188} INFO - [2024-04-09T19:11:00.763+0000] {dag.py:3954} INFO - Setting next_dagrun for example_trigger_target_dag to None, run_after=None
[2024-04-09T19:11:00.791+0000] {processor.py:183} INFO - Processing /home/airflow/.local/lib/python3.12/site-packages/airflow/example_dags/example_trigger_target_dag.py took 0.089 seconds
[2024-04-09T19:11:31.175+0000] {processor.py:161} INFO - Started process (PID=10348) to work on /home/airflow/.local/lib/python3.12/site-packages/airflow/example_dags/example_trigger_target_dag.py
[2024-04-09T19:11:31.176+0000] {processor.py:830} INFO - Processing file /home/airflow/.local/lib/python3.12/site-packages/airflow/example_dags/example_trigger_target_dag.py for tasks to queue
[2024-04-09T19:11:31.178+0000] {logging_mixin.py:188} INFO - [2024-04-09T19:11:31.178+0000] {dagbag.py:540} INFO - Filling up the DagBag from /home/airflow/.local/lib/python3.12/site-packages/airflow/example_dags/example_trigger_target_dag.py
[2024-04-09T19:11:31.185+0000] {processor.py:840} INFO - DAG(s) 'example_trigger_target_dag' retrieved from /home/airflow/.local/lib/python3.12/site-packages/airflow/example_dags/example_trigger_target_dag.py
[2024-04-09T19:11:31.208+0000] {logging_mixin.py:188} INFO - [2024-04-09T19:11:31.207+0000] {dag.py:3096} INFO - Sync 1 DAGs
[2024-04-09T19:11:31.224+0000] {logging_mixin.py:188} INFO - [2024-04-09T19:11:31.224+0000] {dag.py:3954} INFO - Setting next_dagrun for example_trigger_target_dag to None, run_after=None
[2024-04-09T19:11:31.251+0000] {processor.py:183} INFO - Processing /home/airflow/.local/lib/python3.12/site-packages/airflow/example_dags/example_trigger_target_dag.py took 0.082 seconds
[2024-04-09T19:12:01.852+0000] {processor.py:161} INFO - Started process (PID=10621) to work on /home/airflow/.local/lib/python3.12/site-packages/airflow/example_dags/example_trigger_target_dag.py
[2024-04-09T19:12:01.853+0000] {processor.py:830} INFO - Processing file /home/airflow/.local/lib/python3.12/site-packages/airflow/example_dags/example_trigger_target_dag.py for tasks to queue
[2024-04-09T19:12:01.856+0000] {logging_mixin.py:188} INFO - [2024-04-09T19:12:01.855+0000] {dagbag.py:540} INFO - Filling up the DagBag from /home/airflow/.local/lib/python3.12/site-packages/airflow/example_dags/example_trigger_target_dag.py
[2024-04-09T19:12:01.863+0000] {processor.py:840} INFO - DAG(s) 'example_trigger_target_dag' retrieved from /home/airflow/.local/lib/python3.12/site-packages/airflow/example_dags/example_trigger_target_dag.py
[2024-04-09T19:12:01.886+0000] {logging_mixin.py:188} INFO - [2024-04-09T19:12:01.886+0000] {dag.py:3096} INFO - Sync 1 DAGs
[2024-04-09T19:12:01.906+0000] {logging_mixin.py:188} INFO - [2024-04-09T19:12:01.906+0000] {dag.py:3954} INFO - Setting next_dagrun for example_trigger_target_dag to None, run_after=None
[2024-04-09T19:12:01.938+0000] {processor.py:183} INFO - Processing /home/airflow/.local/lib/python3.12/site-packages/airflow/example_dags/example_trigger_target_dag.py took 0.092 seconds
[2024-04-09T19:12:32.465+0000] {processor.py:161} INFO - Started process (PID=10893) to work on /home/airflow/.local/lib/python3.12/site-packages/airflow/example_dags/example_trigger_target_dag.py
[2024-04-09T19:12:32.467+0000] {processor.py:830} INFO - Processing file /home/airflow/.local/lib/python3.12/site-packages/airflow/example_dags/example_trigger_target_dag.py for tasks to queue
[2024-04-09T19:12:32.469+0000] {logging_mixin.py:188} INFO - [2024-04-09T19:12:32.468+0000] {dagbag.py:540} INFO - Filling up the DagBag from /home/airflow/.local/lib/python3.12/site-packages/airflow/example_dags/example_trigger_target_dag.py
[2024-04-09T19:12:32.476+0000] {processor.py:840} INFO - DAG(s) 'example_trigger_target_dag' retrieved from /home/airflow/.local/lib/python3.12/site-packages/airflow/example_dags/example_trigger_target_dag.py
[2024-04-09T19:12:32.499+0000] {logging_mixin.py:188} INFO - [2024-04-09T19:12:32.499+0000] {dag.py:3096} INFO - Sync 1 DAGs
[2024-04-09T19:12:32.517+0000] {logging_mixin.py:188} INFO - [2024-04-09T19:12:32.517+0000] {dag.py:3954} INFO - Setting next_dagrun for example_trigger_target_dag to None, run_after=None
[2024-04-09T19:12:32.542+0000] {processor.py:183} INFO - Processing /home/airflow/.local/lib/python3.12/site-packages/airflow/example_dags/example_trigger_target_dag.py took 0.083 seconds
[2024-04-09T19:13:03.482+0000] {processor.py:161} INFO - Started process (PID=11166) to work on /home/airflow/.local/lib/python3.12/site-packages/airflow/example_dags/example_trigger_target_dag.py
[2024-04-09T19:13:03.483+0000] {processor.py:830} INFO - Processing file /home/airflow/.local/lib/python3.12/site-packages/airflow/example_dags/example_trigger_target_dag.py for tasks to queue
[2024-04-09T19:13:03.485+0000] {logging_mixin.py:188} INFO - [2024-04-09T19:13:03.485+0000] {dagbag.py:540} INFO - Filling up the DagBag from /home/airflow/.local/lib/python3.12/site-packages/airflow/example_dags/example_trigger_target_dag.py
[2024-04-09T19:13:03.492+0000] {processor.py:840} INFO - DAG(s) 'example_trigger_target_dag' retrieved from /home/airflow/.local/lib/python3.12/site-packages/airflow/example_dags/example_trigger_target_dag.py
[2024-04-09T19:13:03.515+0000] {logging_mixin.py:188} INFO - [2024-04-09T19:13:03.515+0000] {dag.py:3096} INFO - Sync 1 DAGs
[2024-04-09T19:13:03.532+0000] {logging_mixin.py:188} INFO - [2024-04-09T19:13:03.532+0000] {dag.py:3954} INFO - Setting next_dagrun for example_trigger_target_dag to None, run_after=None
[2024-04-09T19:13:03.558+0000] {processor.py:183} INFO - Processing /home/airflow/.local/lib/python3.12/site-packages/airflow/example_dags/example_trigger_target_dag.py took 0.082 seconds
[2024-04-09T19:13:33.843+0000] {processor.py:161} INFO - Started process (PID=11438) to work on /home/airflow/.local/lib/python3.12/site-packages/airflow/example_dags/example_trigger_target_dag.py
[2024-04-09T19:13:33.846+0000] {processor.py:830} INFO - Processing file /home/airflow/.local/lib/python3.12/site-packages/airflow/example_dags/example_trigger_target_dag.py for tasks to queue
[2024-04-09T19:13:33.848+0000] {logging_mixin.py:188} INFO - [2024-04-09T19:13:33.848+0000] {dagbag.py:540} INFO - Filling up the DagBag from /home/airflow/.local/lib/python3.12/site-packages/airflow/example_dags/example_trigger_target_dag.py
[2024-04-09T19:13:33.860+0000] {processor.py:840} INFO - DAG(s) 'example_trigger_target_dag' retrieved from /home/airflow/.local/lib/python3.12/site-packages/airflow/example_dags/example_trigger_target_dag.py
[2024-04-09T19:13:33.932+0000] {logging_mixin.py:188} INFO - [2024-04-09T19:13:33.932+0000] {dag.py:3096} INFO - Sync 1 DAGs
[2024-04-09T19:13:33.974+0000] {logging_mixin.py:188} INFO - [2024-04-09T19:13:33.974+0000] {dag.py:3954} INFO - Setting next_dagrun for example_trigger_target_dag to None, run_after=None
[2024-04-09T19:13:34.028+0000] {processor.py:183} INFO - Processing /home/airflow/.local/lib/python3.12/site-packages/airflow/example_dags/example_trigger_target_dag.py took 0.193 seconds
[2024-04-09T19:14:04.878+0000] {processor.py:161} INFO - Started process (PID=11711) to work on /home/airflow/.local/lib/python3.12/site-packages/airflow/example_dags/example_trigger_target_dag.py
[2024-04-09T19:14:04.879+0000] {processor.py:830} INFO - Processing file /home/airflow/.local/lib/python3.12/site-packages/airflow/example_dags/example_trigger_target_dag.py for tasks to queue
[2024-04-09T19:14:04.881+0000] {logging_mixin.py:188} INFO - [2024-04-09T19:14:04.881+0000] {dagbag.py:540} INFO - Filling up the DagBag from /home/airflow/.local/lib/python3.12/site-packages/airflow/example_dags/example_trigger_target_dag.py
[2024-04-09T19:14:04.888+0000] {processor.py:840} INFO - DAG(s) 'example_trigger_target_dag' retrieved from /home/airflow/.local/lib/python3.12/site-packages/airflow/example_dags/example_trigger_target_dag.py
[2024-04-09T19:14:04.917+0000] {logging_mixin.py:188} INFO - [2024-04-09T19:14:04.917+0000] {dag.py:3096} INFO - Sync 1 DAGs
[2024-04-09T19:14:04.933+0000] {logging_mixin.py:188} INFO - [2024-04-09T19:14:04.933+0000] {dag.py:3954} INFO - Setting next_dagrun for example_trigger_target_dag to None, run_after=None
[2024-04-09T19:14:04.959+0000] {processor.py:183} INFO - Processing /home/airflow/.local/lib/python3.12/site-packages/airflow/example_dags/example_trigger_target_dag.py took 0.087 seconds
[2024-04-09T19:14:35.106+0000] {processor.py:161} INFO - Started process (PID=11983) to work on /home/airflow/.local/lib/python3.12/site-packages/airflow/example_dags/example_trigger_target_dag.py
[2024-04-09T19:14:35.107+0000] {processor.py:830} INFO - Processing file /home/airflow/.local/lib/python3.12/site-packages/airflow/example_dags/example_trigger_target_dag.py for tasks to queue
[2024-04-09T19:14:35.109+0000] {logging_mixin.py:188} INFO - [2024-04-09T19:14:35.108+0000] {dagbag.py:540} INFO - Filling up the DagBag from /home/airflow/.local/lib/python3.12/site-packages/airflow/example_dags/example_trigger_target_dag.py
[2024-04-09T19:14:35.116+0000] {processor.py:840} INFO - DAG(s) 'example_trigger_target_dag' retrieved from /home/airflow/.local/lib/python3.12/site-packages/airflow/example_dags/example_trigger_target_dag.py
[2024-04-09T19:14:35.141+0000] {logging_mixin.py:188} INFO - [2024-04-09T19:14:35.141+0000] {dag.py:3096} INFO - Sync 1 DAGs
[2024-04-09T19:14:35.159+0000] {logging_mixin.py:188} INFO - [2024-04-09T19:14:35.159+0000] {dag.py:3954} INFO - Setting next_dagrun for example_trigger_target_dag to None, run_after=None
[2024-04-09T19:14:35.191+0000] {processor.py:183} INFO - Processing /home/airflow/.local/lib/python3.12/site-packages/airflow/example_dags/example_trigger_target_dag.py took 0.093 seconds
[2024-04-09T19:15:05.320+0000] {processor.py:161} INFO - Started process (PID=12255) to work on /home/airflow/.local/lib/python3.12/site-packages/airflow/example_dags/example_trigger_target_dag.py
[2024-04-09T19:15:05.321+0000] {processor.py:830} INFO - Processing file /home/airflow/.local/lib/python3.12/site-packages/airflow/example_dags/example_trigger_target_dag.py for tasks to queue
[2024-04-09T19:15:05.322+0000] {logging_mixin.py:188} INFO - [2024-04-09T19:15:05.322+0000] {dagbag.py:540} INFO - Filling up the DagBag from /home/airflow/.local/lib/python3.12/site-packages/airflow/example_dags/example_trigger_target_dag.py
[2024-04-09T19:15:05.330+0000] {processor.py:840} INFO - DAG(s) 'example_trigger_target_dag' retrieved from /home/airflow/.local/lib/python3.12/site-packages/airflow/example_dags/example_trigger_target_dag.py
[2024-04-09T19:15:05.359+0000] {logging_mixin.py:188} INFO - [2024-04-09T19:15:05.359+0000] {dag.py:3096} INFO - Sync 1 DAGs
[2024-04-09T19:15:05.376+0000] {logging_mixin.py:188} INFO - [2024-04-09T19:15:05.375+0000] {dag.py:3954} INFO - Setting next_dagrun for example_trigger_target_dag to None, run_after=None
[2024-04-09T19:15:05.402+0000] {processor.py:183} INFO - Processing /home/airflow/.local/lib/python3.12/site-packages/airflow/example_dags/example_trigger_target_dag.py took 0.090 seconds
[2024-04-09T19:15:36.105+0000] {processor.py:161} INFO - Started process (PID=12528) to work on /home/airflow/.local/lib/python3.12/site-packages/airflow/example_dags/example_trigger_target_dag.py
[2024-04-09T19:15:36.106+0000] {processor.py:830} INFO - Processing file /home/airflow/.local/lib/python3.12/site-packages/airflow/example_dags/example_trigger_target_dag.py for tasks to queue
[2024-04-09T19:15:36.109+0000] {logging_mixin.py:188} INFO - [2024-04-09T19:15:36.108+0000] {dagbag.py:540} INFO - Filling up the DagBag from /home/airflow/.local/lib/python3.12/site-packages/airflow/example_dags/example_trigger_target_dag.py
[2024-04-09T19:15:36.115+0000] {processor.py:840} INFO - DAG(s) 'example_trigger_target_dag' retrieved from /home/airflow/.local/lib/python3.12/site-packages/airflow/example_dags/example_trigger_target_dag.py
[2024-04-09T19:15:36.137+0000] {logging_mixin.py:188} INFO - [2024-04-09T19:15:36.136+0000] {dag.py:3096} INFO - Sync 1 DAGs
[2024-04-09T19:15:36.152+0000] {logging_mixin.py:188} INFO - [2024-04-09T19:15:36.152+0000] {dag.py:3954} INFO - Setting next_dagrun for example_trigger_target_dag to None, run_after=None
[2024-04-09T19:15:36.180+0000] {processor.py:183} INFO - Processing /home/airflow/.local/lib/python3.12/site-packages/airflow/example_dags/example_trigger_target_dag.py took 0.081 seconds
[2024-04-09T19:16:07.393+0000] {processor.py:161} INFO - Started process (PID=12800) to work on /home/airflow/.local/lib/python3.12/site-packages/airflow/example_dags/example_trigger_target_dag.py
[2024-04-09T19:16:07.394+0000] {processor.py:830} INFO - Processing file /home/airflow/.local/lib/python3.12/site-packages/airflow/example_dags/example_trigger_target_dag.py for tasks to queue
[2024-04-09T19:16:07.396+0000] {logging_mixin.py:188} INFO - [2024-04-09T19:16:07.396+0000] {dagbag.py:540} INFO - Filling up the DagBag from /home/airflow/.local/lib/python3.12/site-packages/airflow/example_dags/example_trigger_target_dag.py
[2024-04-09T19:16:07.402+0000] {processor.py:840} INFO - DAG(s) 'example_trigger_target_dag' retrieved from /home/airflow/.local/lib/python3.12/site-packages/airflow/example_dags/example_trigger_target_dag.py
[2024-04-09T19:16:07.423+0000] {logging_mixin.py:188} INFO - [2024-04-09T19:16:07.423+0000] {dag.py:3096} INFO - Sync 1 DAGs
[2024-04-09T19:16:07.439+0000] {logging_mixin.py:188} INFO - [2024-04-09T19:16:07.439+0000] {dag.py:3954} INFO - Setting next_dagrun for example_trigger_target_dag to None, run_after=None
[2024-04-09T19:16:07.467+0000] {processor.py:183} INFO - Processing /home/airflow/.local/lib/python3.12/site-packages/airflow/example_dags/example_trigger_target_dag.py took 0.081 seconds
[2024-04-09T19:16:38.324+0000] {processor.py:161} INFO - Started process (PID=13073) to work on /home/airflow/.local/lib/python3.12/site-packages/airflow/example_dags/example_trigger_target_dag.py
[2024-04-09T19:16:38.325+0000] {processor.py:830} INFO - Processing file /home/airflow/.local/lib/python3.12/site-packages/airflow/example_dags/example_trigger_target_dag.py for tasks to queue
[2024-04-09T19:16:38.327+0000] {logging_mixin.py:188} INFO - [2024-04-09T19:16:38.326+0000] {dagbag.py:540} INFO - Filling up the DagBag from /home/airflow/.local/lib/python3.12/site-packages/airflow/example_dags/example_trigger_target_dag.py
[2024-04-09T19:16:38.334+0000] {processor.py:840} INFO - DAG(s) 'example_trigger_target_dag' retrieved from /home/airflow/.local/lib/python3.12/site-packages/airflow/example_dags/example_trigger_target_dag.py
[2024-04-09T19:16:38.354+0000] {logging_mixin.py:188} INFO - [2024-04-09T19:16:38.354+0000] {dag.py:3096} INFO - Sync 1 DAGs
[2024-04-09T19:16:38.371+0000] {logging_mixin.py:188} INFO - [2024-04-09T19:16:38.371+0000] {dag.py:3954} INFO - Setting next_dagrun for example_trigger_target_dag to None, run_after=None
[2024-04-09T19:16:38.395+0000] {processor.py:183} INFO - Processing /home/airflow/.local/lib/python3.12/site-packages/airflow/example_dags/example_trigger_target_dag.py took 0.078 seconds
[2024-04-09T19:17:08.763+0000] {processor.py:161} INFO - Started process (PID=13345) to work on /home/airflow/.local/lib/python3.12/site-packages/airflow/example_dags/example_trigger_target_dag.py
[2024-04-09T19:17:08.764+0000] {processor.py:830} INFO - Processing file /home/airflow/.local/lib/python3.12/site-packages/airflow/example_dags/example_trigger_target_dag.py for tasks to queue
[2024-04-09T19:17:08.766+0000] {logging_mixin.py:188} INFO - [2024-04-09T19:17:08.766+0000] {dagbag.py:540} INFO - Filling up the DagBag from /home/airflow/.local/lib/python3.12/site-packages/airflow/example_dags/example_trigger_target_dag.py
[2024-04-09T19:17:08.771+0000] {processor.py:840} INFO - DAG(s) 'example_trigger_target_dag' retrieved from /home/airflow/.local/lib/python3.12/site-packages/airflow/example_dags/example_trigger_target_dag.py
[2024-04-09T19:17:08.794+0000] {logging_mixin.py:188} INFO - [2024-04-09T19:17:08.793+0000] {dag.py:3096} INFO - Sync 1 DAGs
[2024-04-09T19:17:08.809+0000] {logging_mixin.py:188} INFO - [2024-04-09T19:17:08.809+0000] {dag.py:3954} INFO - Setting next_dagrun for example_trigger_target_dag to None, run_after=None
[2024-04-09T19:17:08.832+0000] {processor.py:183} INFO - Processing /home/airflow/.local/lib/python3.12/site-packages/airflow/example_dags/example_trigger_target_dag.py took 0.076 seconds
[2024-04-09T19:17:39.408+0000] {processor.py:161} INFO - Started process (PID=13617) to work on /home/airflow/.local/lib/python3.12/site-packages/airflow/example_dags/example_trigger_target_dag.py
[2024-04-09T19:17:39.409+0000] {processor.py:830} INFO - Processing file /home/airflow/.local/lib/python3.12/site-packages/airflow/example_dags/example_trigger_target_dag.py for tasks to queue
[2024-04-09T19:17:39.411+0000] {logging_mixin.py:188} INFO - [2024-04-09T19:17:39.411+0000] {dagbag.py:540} INFO - Filling up the DagBag from /home/airflow/.local/lib/python3.12/site-packages/airflow/example_dags/example_trigger_target_dag.py
[2024-04-09T19:17:39.417+0000] {processor.py:840} INFO - DAG(s) 'example_trigger_target_dag' retrieved from /home/airflow/.local/lib/python3.12/site-packages/airflow/example_dags/example_trigger_target_dag.py
[2024-04-09T19:17:39.439+0000] {logging_mixin.py:188} INFO - [2024-04-09T19:17:39.438+0000] {dag.py:3096} INFO - Sync 1 DAGs
[2024-04-09T19:17:39.453+0000] {logging_mixin.py:188} INFO - [2024-04-09T19:17:39.453+0000] {dag.py:3954} INFO - Setting next_dagrun for example_trigger_target_dag to None, run_after=None
[2024-04-09T19:17:39.477+0000] {processor.py:183} INFO - Processing /home/airflow/.local/lib/python3.12/site-packages/airflow/example_dags/example_trigger_target_dag.py took 0.077 seconds
[2024-04-09T19:18:10.367+0000] {processor.py:161} INFO - Started process (PID=13889) to work on /home/airflow/.local/lib/python3.12/site-packages/airflow/example_dags/example_trigger_target_dag.py
[2024-04-09T19:18:10.368+0000] {processor.py:830} INFO - Processing file /home/airflow/.local/lib/python3.12/site-packages/airflow/example_dags/example_trigger_target_dag.py for tasks to queue
[2024-04-09T19:18:10.370+0000] {logging_mixin.py:188} INFO - [2024-04-09T19:18:10.370+0000] {dagbag.py:540} INFO - Filling up the DagBag from /home/airflow/.local/lib/python3.12/site-packages/airflow/example_dags/example_trigger_target_dag.py
[2024-04-09T19:18:10.377+0000] {processor.py:840} INFO - DAG(s) 'example_trigger_target_dag' retrieved from /home/airflow/.local/lib/python3.12/site-packages/airflow/example_dags/example_trigger_target_dag.py
[2024-04-09T19:18:10.398+0000] {logging_mixin.py:188} INFO - [2024-04-09T19:18:10.398+0000] {dag.py:3096} INFO - Sync 1 DAGs
[2024-04-09T19:18:10.415+0000] {logging_mixin.py:188} INFO - [2024-04-09T19:18:10.415+0000] {dag.py:3954} INFO - Setting next_dagrun for example_trigger_target_dag to None, run_after=None
[2024-04-09T19:18:10.440+0000] {processor.py:183} INFO - Processing /home/airflow/.local/lib/python3.12/site-packages/airflow/example_dags/example_trigger_target_dag.py took 0.079 seconds
[2024-04-09T19:18:41.174+0000] {processor.py:161} INFO - Started process (PID=14169) to work on /home/airflow/.local/lib/python3.12/site-packages/airflow/example_dags/example_trigger_target_dag.py
[2024-04-09T19:18:41.175+0000] {processor.py:830} INFO - Processing file /home/airflow/.local/lib/python3.12/site-packages/airflow/example_dags/example_trigger_target_dag.py for tasks to queue
[2024-04-09T19:18:41.178+0000] {logging_mixin.py:188} INFO - [2024-04-09T19:18:41.177+0000] {dagbag.py:540} INFO - Filling up the DagBag from /home/airflow/.local/lib/python3.12/site-packages/airflow/example_dags/example_trigger_target_dag.py
[2024-04-09T19:18:41.185+0000] {processor.py:840} INFO - DAG(s) 'example_trigger_target_dag' retrieved from /home/airflow/.local/lib/python3.12/site-packages/airflow/example_dags/example_trigger_target_dag.py
[2024-04-09T19:18:41.224+0000] {logging_mixin.py:188} INFO - [2024-04-09T19:18:41.224+0000] {dag.py:3096} INFO - Sync 1 DAGs
[2024-04-09T19:18:41.241+0000] {logging_mixin.py:188} INFO - [2024-04-09T19:18:41.241+0000] {dag.py:3954} INFO - Setting next_dagrun for example_trigger_target_dag to None, run_after=None
[2024-04-09T19:18:41.266+0000] {processor.py:183} INFO - Processing /home/airflow/.local/lib/python3.12/site-packages/airflow/example_dags/example_trigger_target_dag.py took 0.099 seconds
[2024-04-09T19:19:11.517+0000] {processor.py:161} INFO - Started process (PID=14438) to work on /home/airflow/.local/lib/python3.12/site-packages/airflow/example_dags/example_trigger_target_dag.py
[2024-04-09T19:19:11.518+0000] {processor.py:830} INFO - Processing file /home/airflow/.local/lib/python3.12/site-packages/airflow/example_dags/example_trigger_target_dag.py for tasks to queue
[2024-04-09T19:19:11.520+0000] {logging_mixin.py:188} INFO - [2024-04-09T19:19:11.519+0000] {dagbag.py:540} INFO - Filling up the DagBag from /home/airflow/.local/lib/python3.12/site-packages/airflow/example_dags/example_trigger_target_dag.py
[2024-04-09T19:19:11.526+0000] {processor.py:840} INFO - DAG(s) 'example_trigger_target_dag' retrieved from /home/airflow/.local/lib/python3.12/site-packages/airflow/example_dags/example_trigger_target_dag.py
[2024-04-09T19:19:11.546+0000] {logging_mixin.py:188} INFO - [2024-04-09T19:19:11.546+0000] {dag.py:3096} INFO - Sync 1 DAGs
[2024-04-09T19:19:11.564+0000] {logging_mixin.py:188} INFO - [2024-04-09T19:19:11.563+0000] {dag.py:3954} INFO - Setting next_dagrun for example_trigger_target_dag to None, run_after=None
[2024-04-09T19:19:11.592+0000] {processor.py:183} INFO - Processing /home/airflow/.local/lib/python3.12/site-packages/airflow/example_dags/example_trigger_target_dag.py took 0.081 seconds
[2024-04-09T19:19:42.279+0000] {processor.py:161} INFO - Started process (PID=14711) to work on /home/airflow/.local/lib/python3.12/site-packages/airflow/example_dags/example_trigger_target_dag.py
[2024-04-09T19:19:42.280+0000] {processor.py:830} INFO - Processing file /home/airflow/.local/lib/python3.12/site-packages/airflow/example_dags/example_trigger_target_dag.py for tasks to queue
[2024-04-09T19:19:42.281+0000] {logging_mixin.py:188} INFO - [2024-04-09T19:19:42.281+0000] {dagbag.py:540} INFO - Filling up the DagBag from /home/airflow/.local/lib/python3.12/site-packages/airflow/example_dags/example_trigger_target_dag.py
[2024-04-09T19:19:42.289+0000] {processor.py:840} INFO - DAG(s) 'example_trigger_target_dag' retrieved from /home/airflow/.local/lib/python3.12/site-packages/airflow/example_dags/example_trigger_target_dag.py
[2024-04-09T19:19:42.310+0000] {logging_mixin.py:188} INFO - [2024-04-09T19:19:42.310+0000] {dag.py:3096} INFO - Sync 1 DAGs
[2024-04-09T19:19:42.325+0000] {logging_mixin.py:188} INFO - [2024-04-09T19:19:42.325+0000] {dag.py:3954} INFO - Setting next_dagrun for example_trigger_target_dag to None, run_after=None
[2024-04-09T19:19:42.348+0000] {processor.py:183} INFO - Processing /home/airflow/.local/lib/python3.12/site-packages/airflow/example_dags/example_trigger_target_dag.py took 0.075 seconds
[2024-04-09T19:20:12.705+0000] {processor.py:161} INFO - Started process (PID=14986) to work on /home/airflow/.local/lib/python3.12/site-packages/airflow/example_dags/example_trigger_target_dag.py
[2024-04-09T19:20:12.706+0000] {processor.py:830} INFO - Processing file /home/airflow/.local/lib/python3.12/site-packages/airflow/example_dags/example_trigger_target_dag.py for tasks to queue
[2024-04-09T19:20:12.708+0000] {logging_mixin.py:188} INFO - [2024-04-09T19:20:12.707+0000] {dagbag.py:540} INFO - Filling up the DagBag from /home/airflow/.local/lib/python3.12/site-packages/airflow/example_dags/example_trigger_target_dag.py
[2024-04-09T19:20:12.713+0000] {processor.py:840} INFO - DAG(s) 'example_trigger_target_dag' retrieved from /home/airflow/.local/lib/python3.12/site-packages/airflow/example_dags/example_trigger_target_dag.py
[2024-04-09T19:20:12.728+0000] {logging_mixin.py:188} INFO - [2024-04-09T19:20:12.728+0000] {dag.py:3096} INFO - Sync 1 DAGs
[2024-04-09T19:20:12.739+0000] {logging_mixin.py:188} INFO - [2024-04-09T19:20:12.739+0000] {dag.py:3954} INFO - Setting next_dagrun for example_trigger_target_dag to None, run_after=None
[2024-04-09T19:20:12.759+0000] {processor.py:183} INFO - Processing /home/airflow/.local/lib/python3.12/site-packages/airflow/example_dags/example_trigger_target_dag.py took 0.058 seconds
[2024-04-09T19:20:43.420+0000] {processor.py:161} INFO - Started process (PID=15258) to work on /home/airflow/.local/lib/python3.12/site-packages/airflow/example_dags/example_trigger_target_dag.py
[2024-04-09T19:20:43.421+0000] {processor.py:830} INFO - Processing file /home/airflow/.local/lib/python3.12/site-packages/airflow/example_dags/example_trigger_target_dag.py for tasks to queue
[2024-04-09T19:20:43.423+0000] {logging_mixin.py:188} INFO - [2024-04-09T19:20:43.423+0000] {dagbag.py:540} INFO - Filling up the DagBag from /home/airflow/.local/lib/python3.12/site-packages/airflow/example_dags/example_trigger_target_dag.py
[2024-04-09T19:20:43.430+0000] {processor.py:840} INFO - DAG(s) 'example_trigger_target_dag' retrieved from /home/airflow/.local/lib/python3.12/site-packages/airflow/example_dags/example_trigger_target_dag.py
[2024-04-09T19:20:43.452+0000] {logging_mixin.py:188} INFO - [2024-04-09T19:20:43.451+0000] {dag.py:3096} INFO - Sync 1 DAGs
[2024-04-09T19:20:43.468+0000] {logging_mixin.py:188} INFO - [2024-04-09T19:20:43.468+0000] {dag.py:3954} INFO - Setting next_dagrun for example_trigger_target_dag to None, run_after=None
[2024-04-09T19:20:43.491+0000] {processor.py:183} INFO - Processing /home/airflow/.local/lib/python3.12/site-packages/airflow/example_dags/example_trigger_target_dag.py took 0.078 seconds
[2024-04-09T19:21:14.130+0000] {processor.py:161} INFO - Started process (PID=15529) to work on /home/airflow/.local/lib/python3.12/site-packages/airflow/example_dags/example_trigger_target_dag.py
[2024-04-09T19:21:14.131+0000] {processor.py:830} INFO - Processing file /home/airflow/.local/lib/python3.12/site-packages/airflow/example_dags/example_trigger_target_dag.py for tasks to queue
[2024-04-09T19:21:14.133+0000] {logging_mixin.py:188} INFO - [2024-04-09T19:21:14.132+0000] {dagbag.py:540} INFO - Filling up the DagBag from /home/airflow/.local/lib/python3.12/site-packages/airflow/example_dags/example_trigger_target_dag.py
[2024-04-09T19:21:14.141+0000] {processor.py:840} INFO - DAG(s) 'example_trigger_target_dag' retrieved from /home/airflow/.local/lib/python3.12/site-packages/airflow/example_dags/example_trigger_target_dag.py
[2024-04-09T19:21:14.164+0000] {logging_mixin.py:188} INFO - [2024-04-09T19:21:14.163+0000] {dag.py:3096} INFO - Sync 1 DAGs
[2024-04-09T19:21:14.181+0000] {logging_mixin.py:188} INFO - [2024-04-09T19:21:14.181+0000] {dag.py:3954} INFO - Setting next_dagrun for example_trigger_target_dag to None, run_after=None
[2024-04-09T19:21:14.217+0000] {processor.py:183} INFO - Processing /home/airflow/.local/lib/python3.12/site-packages/airflow/example_dags/example_trigger_target_dag.py took 0.094 seconds
[2024-04-09T19:21:44.624+0000] {processor.py:161} INFO - Started process (PID=15803) to work on /home/airflow/.local/lib/python3.12/site-packages/airflow/example_dags/example_trigger_target_dag.py
[2024-04-09T19:21:44.626+0000] {processor.py:830} INFO - Processing file /home/airflow/.local/lib/python3.12/site-packages/airflow/example_dags/example_trigger_target_dag.py for tasks to queue
[2024-04-09T19:21:44.628+0000] {logging_mixin.py:188} INFO - [2024-04-09T19:21:44.627+0000] {dagbag.py:540} INFO - Filling up the DagBag from /home/airflow/.local/lib/python3.12/site-packages/airflow/example_dags/example_trigger_target_dag.py
[2024-04-09T19:21:44.634+0000] {processor.py:840} INFO - DAG(s) 'example_trigger_target_dag' retrieved from /home/airflow/.local/lib/python3.12/site-packages/airflow/example_dags/example_trigger_target_dag.py
[2024-04-09T19:21:44.656+0000] {logging_mixin.py:188} INFO - [2024-04-09T19:21:44.656+0000] {dag.py:3096} INFO - Sync 1 DAGs
[2024-04-09T19:21:44.674+0000] {logging_mixin.py:188} INFO - [2024-04-09T19:21:44.674+0000] {dag.py:3954} INFO - Setting next_dagrun for example_trigger_target_dag to None, run_after=None
[2024-04-09T19:21:44.699+0000] {processor.py:183} INFO - Processing /home/airflow/.local/lib/python3.12/site-packages/airflow/example_dags/example_trigger_target_dag.py took 0.081 seconds
[2024-04-09T19:22:15.215+0000] {processor.py:161} INFO - Started process (PID=16075) to work on /home/airflow/.local/lib/python3.12/site-packages/airflow/example_dags/example_trigger_target_dag.py
[2024-04-09T19:22:15.216+0000] {processor.py:830} INFO - Processing file /home/airflow/.local/lib/python3.12/site-packages/airflow/example_dags/example_trigger_target_dag.py for tasks to queue
[2024-04-09T19:22:15.218+0000] {logging_mixin.py:188} INFO - [2024-04-09T19:22:15.218+0000] {dagbag.py:540} INFO - Filling up the DagBag from /home/airflow/.local/lib/python3.12/site-packages/airflow/example_dags/example_trigger_target_dag.py
[2024-04-09T19:22:15.228+0000] {processor.py:840} INFO - DAG(s) 'example_trigger_target_dag' retrieved from /home/airflow/.local/lib/python3.12/site-packages/airflow/example_dags/example_trigger_target_dag.py
[2024-04-09T19:22:15.253+0000] {logging_mixin.py:188} INFO - [2024-04-09T19:22:15.252+0000] {dag.py:3096} INFO - Sync 1 DAGs
[2024-04-09T19:22:15.268+0000] {logging_mixin.py:188} INFO - [2024-04-09T19:22:15.268+0000] {dag.py:3954} INFO - Setting next_dagrun for example_trigger_target_dag to None, run_after=None
[2024-04-09T19:22:15.293+0000] {processor.py:183} INFO - Processing /home/airflow/.local/lib/python3.12/site-packages/airflow/example_dags/example_trigger_target_dag.py took 0.086 seconds
[2024-04-09T19:22:45.665+0000] {processor.py:161} INFO - Started process (PID=16345) to work on /home/airflow/.local/lib/python3.12/site-packages/airflow/example_dags/example_trigger_target_dag.py
[2024-04-09T19:22:45.666+0000] {processor.py:830} INFO - Processing file /home/airflow/.local/lib/python3.12/site-packages/airflow/example_dags/example_trigger_target_dag.py for tasks to queue
[2024-04-09T19:22:45.668+0000] {logging_mixin.py:188} INFO - [2024-04-09T19:22:45.668+0000] {dagbag.py:540} INFO - Filling up the DagBag from /home/airflow/.local/lib/python3.12/site-packages/airflow/example_dags/example_trigger_target_dag.py
[2024-04-09T19:22:45.674+0000] {processor.py:840} INFO - DAG(s) 'example_trigger_target_dag' retrieved from /home/airflow/.local/lib/python3.12/site-packages/airflow/example_dags/example_trigger_target_dag.py
[2024-04-09T19:22:45.695+0000] {logging_mixin.py:188} INFO - [2024-04-09T19:22:45.695+0000] {dag.py:3096} INFO - Sync 1 DAGs
[2024-04-09T19:22:45.711+0000] {logging_mixin.py:188} INFO - [2024-04-09T19:22:45.711+0000] {dag.py:3954} INFO - Setting next_dagrun for example_trigger_target_dag to None, run_after=None
[2024-04-09T19:22:45.736+0000] {processor.py:183} INFO - Processing /home/airflow/.local/lib/python3.12/site-packages/airflow/example_dags/example_trigger_target_dag.py took 0.077 seconds
[2024-04-09T19:23:16.313+0000] {processor.py:161} INFO - Started process (PID=16617) to work on /home/airflow/.local/lib/python3.12/site-packages/airflow/example_dags/example_trigger_target_dag.py
[2024-04-09T19:23:16.315+0000] {processor.py:830} INFO - Processing file /home/airflow/.local/lib/python3.12/site-packages/airflow/example_dags/example_trigger_target_dag.py for tasks to queue
[2024-04-09T19:23:16.317+0000] {logging_mixin.py:188} INFO - [2024-04-09T19:23:16.316+0000] {dagbag.py:540} INFO - Filling up the DagBag from /home/airflow/.local/lib/python3.12/site-packages/airflow/example_dags/example_trigger_target_dag.py
[2024-04-09T19:23:16.323+0000] {processor.py:840} INFO - DAG(s) 'example_trigger_target_dag' retrieved from /home/airflow/.local/lib/python3.12/site-packages/airflow/example_dags/example_trigger_target_dag.py
[2024-04-09T19:23:16.343+0000] {logging_mixin.py:188} INFO - [2024-04-09T19:23:16.343+0000] {dag.py:3096} INFO - Sync 1 DAGs
[2024-04-09T19:23:16.360+0000] {logging_mixin.py:188} INFO - [2024-04-09T19:23:16.360+0000] {dag.py:3954} INFO - Setting next_dagrun for example_trigger_target_dag to None, run_after=None
[2024-04-09T19:23:16.385+0000] {processor.py:183} INFO - Processing /home/airflow/.local/lib/python3.12/site-packages/airflow/example_dags/example_trigger_target_dag.py took 0.079 seconds
[2024-04-09T19:23:46.720+0000] {processor.py:161} INFO - Started process (PID=16889) to work on /home/airflow/.local/lib/python3.12/site-packages/airflow/example_dags/example_trigger_target_dag.py
[2024-04-09T19:23:46.721+0000] {processor.py:830} INFO - Processing file /home/airflow/.local/lib/python3.12/site-packages/airflow/example_dags/example_trigger_target_dag.py for tasks to queue
[2024-04-09T19:23:46.724+0000] {logging_mixin.py:188} INFO - [2024-04-09T19:23:46.723+0000] {dagbag.py:540} INFO - Filling up the DagBag from /home/airflow/.local/lib/python3.12/site-packages/airflow/example_dags/example_trigger_target_dag.py
[2024-04-09T19:23:46.730+0000] {processor.py:840} INFO - DAG(s) 'example_trigger_target_dag' retrieved from /home/airflow/.local/lib/python3.12/site-packages/airflow/example_dags/example_trigger_target_dag.py
[2024-04-09T19:23:46.753+0000] {logging_mixin.py:188} INFO - [2024-04-09T19:23:46.753+0000] {dag.py:3096} INFO - Sync 1 DAGs
[2024-04-09T19:23:46.769+0000] {logging_mixin.py:188} INFO - [2024-04-09T19:23:46.769+0000] {dag.py:3954} INFO - Setting next_dagrun for example_trigger_target_dag to None, run_after=None
[2024-04-09T19:23:46.793+0000] {processor.py:183} INFO - Processing /home/airflow/.local/lib/python3.12/site-packages/airflow/example_dags/example_trigger_target_dag.py took 0.080 seconds
