[2024-04-09T18:50:49.443+0000] {processor.py:161} INFO - Started process (PID=187) to work on /home/airflow/.local/lib/python3.12/site-packages/airflow/example_dags/example_latest_only_with_trigger.py
[2024-04-09T18:50:49.451+0000] {processor.py:830} INFO - Processing file /home/airflow/.local/lib/python3.12/site-packages/airflow/example_dags/example_latest_only_with_trigger.py for tasks to queue
[2024-04-09T18:50:49.453+0000] {logging_mixin.py:188} INFO - [2024-04-09T18:50:49.453+0000] {dagbag.py:540} INFO - Filling up the DagBag from /home/airflow/.local/lib/python3.12/site-packages/airflow/example_dags/example_latest_only_with_trigger.py
[2024-04-09T18:50:49.482+0000] {processor.py:840} INFO - DAG(s) 'latest_only_with_trigger' retrieved from /home/airflow/.local/lib/python3.12/site-packages/airflow/example_dags/example_latest_only_with_trigger.py
[2024-04-09T18:50:49.808+0000] {logging_mixin.py:188} INFO - [2024-04-09T18:50:49.808+0000] {override.py:1829} INFO - Created Permission View: can edit on DAG:latest_only_with_trigger
[2024-04-09T18:50:49.832+0000] {logging_mixin.py:188} INFO - [2024-04-09T18:50:49.832+0000] {override.py:1829} INFO - Created Permission View: can delete on DAG:latest_only_with_trigger
[2024-04-09T18:50:49.847+0000] {logging_mixin.py:188} INFO - [2024-04-09T18:50:49.847+0000] {override.py:1829} INFO - Created Permission View: can read on DAG:latest_only_with_trigger
[2024-04-09T18:50:49.848+0000] {logging_mixin.py:188} INFO - [2024-04-09T18:50:49.847+0000] {dag.py:3096} INFO - Sync 1 DAGs
[2024-04-09T18:50:49.862+0000] {logging_mixin.py:188} INFO - [2024-04-09T18:50:49.862+0000] {dag.py:3118} INFO - Creating ORM DAG for latest_only_with_trigger
[2024-04-09T18:50:49.874+0000] {logging_mixin.py:188} INFO - [2024-04-09T18:50:49.873+0000] {dag.py:3954} INFO - Setting next_dagrun for latest_only_with_trigger to 2024-04-09 12:00:00+00:00, run_after=2024-04-09 16:00:00+00:00
[2024-04-09T18:50:49.897+0000] {processor.py:183} INFO - Processing /home/airflow/.local/lib/python3.12/site-packages/airflow/example_dags/example_latest_only_with_trigger.py took 0.472 seconds
[2024-04-09T18:51:20.034+0000] {processor.py:161} INFO - Started process (PID=446) to work on /home/airflow/.local/lib/python3.12/site-packages/airflow/example_dags/example_latest_only_with_trigger.py
[2024-04-09T18:51:20.035+0000] {processor.py:830} INFO - Processing file /home/airflow/.local/lib/python3.12/site-packages/airflow/example_dags/example_latest_only_with_trigger.py for tasks to queue
[2024-04-09T18:51:20.037+0000] {logging_mixin.py:188} INFO - [2024-04-09T18:51:20.036+0000] {dagbag.py:540} INFO - Filling up the DagBag from /home/airflow/.local/lib/python3.12/site-packages/airflow/example_dags/example_latest_only_with_trigger.py
[2024-04-09T18:51:20.042+0000] {processor.py:840} INFO - DAG(s) 'latest_only_with_trigger' retrieved from /home/airflow/.local/lib/python3.12/site-packages/airflow/example_dags/example_latest_only_with_trigger.py
[2024-04-09T18:51:20.060+0000] {logging_mixin.py:188} INFO - [2024-04-09T18:51:20.060+0000] {dag.py:3096} INFO - Sync 1 DAGs
[2024-04-09T18:51:20.079+0000] {logging_mixin.py:188} INFO - [2024-04-09T18:51:20.079+0000] {dag.py:3954} INFO - Setting next_dagrun for latest_only_with_trigger to 2024-04-09 12:00:00+00:00, run_after=2024-04-09 16:00:00+00:00
[2024-04-09T18:51:20.103+0000] {processor.py:183} INFO - Processing /home/airflow/.local/lib/python3.12/site-packages/airflow/example_dags/example_latest_only_with_trigger.py took 0.076 seconds
[2024-04-09T18:52:28.795+0000] {processor.py:161} INFO - Started process (PID=188) to work on /home/airflow/.local/lib/python3.12/site-packages/airflow/example_dags/example_latest_only_with_trigger.py
[2024-04-09T18:52:28.797+0000] {processor.py:830} INFO - Processing file /home/airflow/.local/lib/python3.12/site-packages/airflow/example_dags/example_latest_only_with_trigger.py for tasks to queue
[2024-04-09T18:52:28.799+0000] {logging_mixin.py:188} INFO - [2024-04-09T18:52:28.799+0000] {dagbag.py:540} INFO - Filling up the DagBag from /home/airflow/.local/lib/python3.12/site-packages/airflow/example_dags/example_latest_only_with_trigger.py
[2024-04-09T18:52:28.808+0000] {processor.py:840} INFO - DAG(s) 'latest_only_with_trigger' retrieved from /home/airflow/.local/lib/python3.12/site-packages/airflow/example_dags/example_latest_only_with_trigger.py
[2024-04-09T18:52:29.167+0000] {logging_mixin.py:188} INFO - [2024-04-09T18:52:29.167+0000] {dag.py:3096} INFO - Sync 1 DAGs
[2024-04-09T18:52:29.192+0000] {logging_mixin.py:188} INFO - [2024-04-09T18:52:29.192+0000] {dag.py:3954} INFO - Setting next_dagrun for latest_only_with_trigger to 2024-04-09 12:00:00+00:00, run_after=2024-04-09 16:00:00+00:00
[2024-04-09T18:52:29.227+0000] {processor.py:183} INFO - Processing /home/airflow/.local/lib/python3.12/site-packages/airflow/example_dags/example_latest_only_with_trigger.py took 0.439 seconds
[2024-04-09T18:52:59.451+0000] {processor.py:161} INFO - Started process (PID=444) to work on /home/airflow/.local/lib/python3.12/site-packages/airflow/example_dags/example_latest_only_with_trigger.py
[2024-04-09T18:52:59.452+0000] {processor.py:830} INFO - Processing file /home/airflow/.local/lib/python3.12/site-packages/airflow/example_dags/example_latest_only_with_trigger.py for tasks to queue
[2024-04-09T18:52:59.454+0000] {logging_mixin.py:188} INFO - [2024-04-09T18:52:59.454+0000] {dagbag.py:540} INFO - Filling up the DagBag from /home/airflow/.local/lib/python3.12/site-packages/airflow/example_dags/example_latest_only_with_trigger.py
[2024-04-09T18:52:59.460+0000] {processor.py:840} INFO - DAG(s) 'latest_only_with_trigger' retrieved from /home/airflow/.local/lib/python3.12/site-packages/airflow/example_dags/example_latest_only_with_trigger.py
[2024-04-09T18:52:59.482+0000] {logging_mixin.py:188} INFO - [2024-04-09T18:52:59.482+0000] {dag.py:3096} INFO - Sync 1 DAGs
[2024-04-09T18:52:59.507+0000] {logging_mixin.py:188} INFO - [2024-04-09T18:52:59.507+0000] {dag.py:3954} INFO - Setting next_dagrun for latest_only_with_trigger to 2024-04-09 12:00:00+00:00, run_after=2024-04-09 16:00:00+00:00
[2024-04-09T18:52:59.528+0000] {processor.py:183} INFO - Processing /home/airflow/.local/lib/python3.12/site-packages/airflow/example_dags/example_latest_only_with_trigger.py took 0.084 seconds
[2024-04-09T18:53:29.672+0000] {processor.py:161} INFO - Started process (PID=708) to work on /home/airflow/.local/lib/python3.12/site-packages/airflow/example_dags/example_latest_only_with_trigger.py
[2024-04-09T18:53:29.673+0000] {processor.py:830} INFO - Processing file /home/airflow/.local/lib/python3.12/site-packages/airflow/example_dags/example_latest_only_with_trigger.py for tasks to queue
[2024-04-09T18:53:29.674+0000] {logging_mixin.py:188} INFO - [2024-04-09T18:53:29.674+0000] {dagbag.py:540} INFO - Filling up the DagBag from /home/airflow/.local/lib/python3.12/site-packages/airflow/example_dags/example_latest_only_with_trigger.py
[2024-04-09T18:53:29.679+0000] {processor.py:840} INFO - DAG(s) 'latest_only_with_trigger' retrieved from /home/airflow/.local/lib/python3.12/site-packages/airflow/example_dags/example_latest_only_with_trigger.py
[2024-04-09T18:53:29.701+0000] {logging_mixin.py:188} INFO - [2024-04-09T18:53:29.700+0000] {dag.py:3096} INFO - Sync 1 DAGs
[2024-04-09T18:53:29.723+0000] {logging_mixin.py:188} INFO - [2024-04-09T18:53:29.723+0000] {dag.py:3954} INFO - Setting next_dagrun for latest_only_with_trigger to 2024-04-09 12:00:00+00:00, run_after=2024-04-09 16:00:00+00:00
[2024-04-09T18:53:29.742+0000] {processor.py:183} INFO - Processing /home/airflow/.local/lib/python3.12/site-packages/airflow/example_dags/example_latest_only_with_trigger.py took 0.075 seconds
[2024-04-09T18:53:59.961+0000] {processor.py:161} INFO - Started process (PID=970) to work on /home/airflow/.local/lib/python3.12/site-packages/airflow/example_dags/example_latest_only_with_trigger.py
[2024-04-09T18:53:59.961+0000] {processor.py:830} INFO - Processing file /home/airflow/.local/lib/python3.12/site-packages/airflow/example_dags/example_latest_only_with_trigger.py for tasks to queue
[2024-04-09T18:53:59.963+0000] {logging_mixin.py:188} INFO - [2024-04-09T18:53:59.963+0000] {dagbag.py:540} INFO - Filling up the DagBag from /home/airflow/.local/lib/python3.12/site-packages/airflow/example_dags/example_latest_only_with_trigger.py
[2024-04-09T18:53:59.967+0000] {processor.py:840} INFO - DAG(s) 'latest_only_with_trigger' retrieved from /home/airflow/.local/lib/python3.12/site-packages/airflow/example_dags/example_latest_only_with_trigger.py
[2024-04-09T18:53:59.987+0000] {logging_mixin.py:188} INFO - [2024-04-09T18:53:59.986+0000] {dag.py:3096} INFO - Sync 1 DAGs
[2024-04-09T18:54:00.005+0000] {logging_mixin.py:188} INFO - [2024-04-09T18:54:00.005+0000] {dag.py:3954} INFO - Setting next_dagrun for latest_only_with_trigger to 2024-04-09 12:00:00+00:00, run_after=2024-04-09 16:00:00+00:00
[2024-04-09T18:54:00.025+0000] {processor.py:183} INFO - Processing /home/airflow/.local/lib/python3.12/site-packages/airflow/example_dags/example_latest_only_with_trigger.py took 0.070 seconds
[2024-04-09T18:54:30.373+0000] {processor.py:161} INFO - Started process (PID=1230) to work on /home/airflow/.local/lib/python3.12/site-packages/airflow/example_dags/example_latest_only_with_trigger.py
[2024-04-09T18:54:30.375+0000] {processor.py:830} INFO - Processing file /home/airflow/.local/lib/python3.12/site-packages/airflow/example_dags/example_latest_only_with_trigger.py for tasks to queue
[2024-04-09T18:54:30.376+0000] {logging_mixin.py:188} INFO - [2024-04-09T18:54:30.376+0000] {dagbag.py:540} INFO - Filling up the DagBag from /home/airflow/.local/lib/python3.12/site-packages/airflow/example_dags/example_latest_only_with_trigger.py
[2024-04-09T18:54:30.382+0000] {processor.py:840} INFO - DAG(s) 'latest_only_with_trigger' retrieved from /home/airflow/.local/lib/python3.12/site-packages/airflow/example_dags/example_latest_only_with_trigger.py
[2024-04-09T18:54:30.407+0000] {logging_mixin.py:188} INFO - [2024-04-09T18:54:30.407+0000] {dag.py:3096} INFO - Sync 1 DAGs
[2024-04-09T18:54:30.437+0000] {logging_mixin.py:188} INFO - [2024-04-09T18:54:30.436+0000] {dag.py:3954} INFO - Setting next_dagrun for latest_only_with_trigger to 2024-04-09 12:00:00+00:00, run_after=2024-04-09 16:00:00+00:00
[2024-04-09T18:54:30.458+0000] {processor.py:183} INFO - Processing /home/airflow/.local/lib/python3.12/site-packages/airflow/example_dags/example_latest_only_with_trigger.py took 0.091 seconds
[2024-04-09T18:55:00.920+0000] {processor.py:161} INFO - Started process (PID=1494) to work on /home/airflow/.local/lib/python3.12/site-packages/airflow/example_dags/example_latest_only_with_trigger.py
[2024-04-09T18:55:00.921+0000] {processor.py:830} INFO - Processing file /home/airflow/.local/lib/python3.12/site-packages/airflow/example_dags/example_latest_only_with_trigger.py for tasks to queue
[2024-04-09T18:55:00.922+0000] {logging_mixin.py:188} INFO - [2024-04-09T18:55:00.922+0000] {dagbag.py:540} INFO - Filling up the DagBag from /home/airflow/.local/lib/python3.12/site-packages/airflow/example_dags/example_latest_only_with_trigger.py
[2024-04-09T18:55:00.926+0000] {processor.py:840} INFO - DAG(s) 'latest_only_with_trigger' retrieved from /home/airflow/.local/lib/python3.12/site-packages/airflow/example_dags/example_latest_only_with_trigger.py
[2024-04-09T18:55:00.943+0000] {logging_mixin.py:188} INFO - [2024-04-09T18:55:00.943+0000] {dag.py:3096} INFO - Sync 1 DAGs
[2024-04-09T18:55:00.961+0000] {logging_mixin.py:188} INFO - [2024-04-09T18:55:00.961+0000] {dag.py:3954} INFO - Setting next_dagrun for latest_only_with_trigger to 2024-04-09 12:00:00+00:00, run_after=2024-04-09 16:00:00+00:00
[2024-04-09T18:55:00.980+0000] {processor.py:183} INFO - Processing /home/airflow/.local/lib/python3.12/site-packages/airflow/example_dags/example_latest_only_with_trigger.py took 0.065 seconds
[2024-04-09T18:55:31.583+0000] {processor.py:161} INFO - Started process (PID=1756) to work on /home/airflow/.local/lib/python3.12/site-packages/airflow/example_dags/example_latest_only_with_trigger.py
[2024-04-09T18:55:31.584+0000] {processor.py:830} INFO - Processing file /home/airflow/.local/lib/python3.12/site-packages/airflow/example_dags/example_latest_only_with_trigger.py for tasks to queue
[2024-04-09T18:55:31.586+0000] {logging_mixin.py:188} INFO - [2024-04-09T18:55:31.586+0000] {dagbag.py:540} INFO - Filling up the DagBag from /home/airflow/.local/lib/python3.12/site-packages/airflow/example_dags/example_latest_only_with_trigger.py
[2024-04-09T18:55:31.590+0000] {processor.py:840} INFO - DAG(s) 'latest_only_with_trigger' retrieved from /home/airflow/.local/lib/python3.12/site-packages/airflow/example_dags/example_latest_only_with_trigger.py
[2024-04-09T18:55:31.608+0000] {logging_mixin.py:188} INFO - [2024-04-09T18:55:31.608+0000] {dag.py:3096} INFO - Sync 1 DAGs
[2024-04-09T18:55:31.626+0000] {logging_mixin.py:188} INFO - [2024-04-09T18:55:31.625+0000] {dag.py:3954} INFO - Setting next_dagrun for latest_only_with_trigger to 2024-04-09 12:00:00+00:00, run_after=2024-04-09 16:00:00+00:00
[2024-04-09T18:55:31.644+0000] {processor.py:183} INFO - Processing /home/airflow/.local/lib/python3.12/site-packages/airflow/example_dags/example_latest_only_with_trigger.py took 0.066 seconds
[2024-04-09T18:56:02.112+0000] {processor.py:161} INFO - Started process (PID=2019) to work on /home/airflow/.local/lib/python3.12/site-packages/airflow/example_dags/example_latest_only_with_trigger.py
[2024-04-09T18:56:02.113+0000] {processor.py:830} INFO - Processing file /home/airflow/.local/lib/python3.12/site-packages/airflow/example_dags/example_latest_only_with_trigger.py for tasks to queue
[2024-04-09T18:56:02.116+0000] {logging_mixin.py:188} INFO - [2024-04-09T18:56:02.115+0000] {dagbag.py:540} INFO - Filling up the DagBag from /home/airflow/.local/lib/python3.12/site-packages/airflow/example_dags/example_latest_only_with_trigger.py
[2024-04-09T18:56:02.122+0000] {processor.py:840} INFO - DAG(s) 'latest_only_with_trigger' retrieved from /home/airflow/.local/lib/python3.12/site-packages/airflow/example_dags/example_latest_only_with_trigger.py
[2024-04-09T18:56:02.145+0000] {logging_mixin.py:188} INFO - [2024-04-09T18:56:02.145+0000] {dag.py:3096} INFO - Sync 1 DAGs
[2024-04-09T18:56:02.164+0000] {logging_mixin.py:188} INFO - [2024-04-09T18:56:02.164+0000] {dag.py:3954} INFO - Setting next_dagrun for latest_only_with_trigger to 2024-04-09 12:00:00+00:00, run_after=2024-04-09 16:00:00+00:00
[2024-04-09T18:56:02.183+0000] {processor.py:183} INFO - Processing /home/airflow/.local/lib/python3.12/site-packages/airflow/example_dags/example_latest_only_with_trigger.py took 0.077 seconds
[2024-04-09T18:56:32.614+0000] {processor.py:161} INFO - Started process (PID=2281) to work on /home/airflow/.local/lib/python3.12/site-packages/airflow/example_dags/example_latest_only_with_trigger.py
[2024-04-09T18:56:32.615+0000] {processor.py:830} INFO - Processing file /home/airflow/.local/lib/python3.12/site-packages/airflow/example_dags/example_latest_only_with_trigger.py for tasks to queue
[2024-04-09T18:56:32.617+0000] {logging_mixin.py:188} INFO - [2024-04-09T18:56:32.617+0000] {dagbag.py:540} INFO - Filling up the DagBag from /home/airflow/.local/lib/python3.12/site-packages/airflow/example_dags/example_latest_only_with_trigger.py
[2024-04-09T18:56:32.623+0000] {processor.py:840} INFO - DAG(s) 'latest_only_with_trigger' retrieved from /home/airflow/.local/lib/python3.12/site-packages/airflow/example_dags/example_latest_only_with_trigger.py
[2024-04-09T18:56:32.657+0000] {logging_mixin.py:188} INFO - [2024-04-09T18:56:32.657+0000] {dag.py:3096} INFO - Sync 1 DAGs
[2024-04-09T18:56:32.685+0000] {logging_mixin.py:188} INFO - [2024-04-09T18:56:32.685+0000] {dag.py:3954} INFO - Setting next_dagrun for latest_only_with_trigger to 2024-04-09 12:00:00+00:00, run_after=2024-04-09 16:00:00+00:00
[2024-04-09T18:56:32.734+0000] {processor.py:183} INFO - Processing /home/airflow/.local/lib/python3.12/site-packages/airflow/example_dags/example_latest_only_with_trigger.py took 0.127 seconds
[2024-04-09T18:57:03.177+0000] {processor.py:161} INFO - Started process (PID=2541) to work on /home/airflow/.local/lib/python3.12/site-packages/airflow/example_dags/example_latest_only_with_trigger.py
[2024-04-09T18:57:03.178+0000] {processor.py:830} INFO - Processing file /home/airflow/.local/lib/python3.12/site-packages/airflow/example_dags/example_latest_only_with_trigger.py for tasks to queue
[2024-04-09T18:57:03.180+0000] {logging_mixin.py:188} INFO - [2024-04-09T18:57:03.180+0000] {dagbag.py:540} INFO - Filling up the DagBag from /home/airflow/.local/lib/python3.12/site-packages/airflow/example_dags/example_latest_only_with_trigger.py
[2024-04-09T18:57:03.188+0000] {processor.py:840} INFO - DAG(s) 'latest_only_with_trigger' retrieved from /home/airflow/.local/lib/python3.12/site-packages/airflow/example_dags/example_latest_only_with_trigger.py
[2024-04-09T18:57:03.211+0000] {logging_mixin.py:188} INFO - [2024-04-09T18:57:03.211+0000] {dag.py:3096} INFO - Sync 1 DAGs
[2024-04-09T18:57:03.235+0000] {logging_mixin.py:188} INFO - [2024-04-09T18:57:03.235+0000] {dag.py:3954} INFO - Setting next_dagrun for latest_only_with_trigger to 2024-04-09 12:00:00+00:00, run_after=2024-04-09 16:00:00+00:00
[2024-04-09T18:57:03.259+0000] {processor.py:183} INFO - Processing /home/airflow/.local/lib/python3.12/site-packages/airflow/example_dags/example_latest_only_with_trigger.py took 0.089 seconds
[2024-04-09T18:57:33.564+0000] {processor.py:161} INFO - Started process (PID=2813) to work on /home/airflow/.local/lib/python3.12/site-packages/airflow/example_dags/example_latest_only_with_trigger.py
[2024-04-09T18:57:33.568+0000] {processor.py:830} INFO - Processing file /home/airflow/.local/lib/python3.12/site-packages/airflow/example_dags/example_latest_only_with_trigger.py for tasks to queue
[2024-04-09T18:57:33.572+0000] {logging_mixin.py:188} INFO - [2024-04-09T18:57:33.572+0000] {dagbag.py:540} INFO - Filling up the DagBag from /home/airflow/.local/lib/python3.12/site-packages/airflow/example_dags/example_latest_only_with_trigger.py
[2024-04-09T18:57:33.581+0000] {processor.py:840} INFO - DAG(s) 'latest_only_with_trigger' retrieved from /home/airflow/.local/lib/python3.12/site-packages/airflow/example_dags/example_latest_only_with_trigger.py
[2024-04-09T18:57:33.601+0000] {logging_mixin.py:188} INFO - [2024-04-09T18:57:33.601+0000] {dag.py:3096} INFO - Sync 1 DAGs
[2024-04-09T18:57:33.626+0000] {logging_mixin.py:188} INFO - [2024-04-09T18:57:33.625+0000] {dag.py:3954} INFO - Setting next_dagrun for latest_only_with_trigger to 2024-04-09 12:00:00+00:00, run_after=2024-04-09 16:00:00+00:00
[2024-04-09T18:57:33.645+0000] {processor.py:183} INFO - Processing /home/airflow/.local/lib/python3.12/site-packages/airflow/example_dags/example_latest_only_with_trigger.py took 0.087 seconds
[2024-04-09T18:58:03.882+0000] {processor.py:161} INFO - Started process (PID=3087) to work on /home/airflow/.local/lib/python3.12/site-packages/airflow/example_dags/example_latest_only_with_trigger.py
[2024-04-09T18:58:03.883+0000] {processor.py:830} INFO - Processing file /home/airflow/.local/lib/python3.12/site-packages/airflow/example_dags/example_latest_only_with_trigger.py for tasks to queue
[2024-04-09T18:58:03.884+0000] {logging_mixin.py:188} INFO - [2024-04-09T18:58:03.884+0000] {dagbag.py:540} INFO - Filling up the DagBag from /home/airflow/.local/lib/python3.12/site-packages/airflow/example_dags/example_latest_only_with_trigger.py
[2024-04-09T18:58:03.889+0000] {processor.py:840} INFO - DAG(s) 'latest_only_with_trigger' retrieved from /home/airflow/.local/lib/python3.12/site-packages/airflow/example_dags/example_latest_only_with_trigger.py
[2024-04-09T18:58:03.906+0000] {logging_mixin.py:188} INFO - [2024-04-09T18:58:03.905+0000] {dag.py:3096} INFO - Sync 1 DAGs
[2024-04-09T18:58:03.924+0000] {logging_mixin.py:188} INFO - [2024-04-09T18:58:03.923+0000] {dag.py:3954} INFO - Setting next_dagrun for latest_only_with_trigger to 2024-04-09 12:00:00+00:00, run_after=2024-04-09 16:00:00+00:00
[2024-04-09T18:58:03.942+0000] {processor.py:183} INFO - Processing /home/airflow/.local/lib/python3.12/site-packages/airflow/example_dags/example_latest_only_with_trigger.py took 0.065 seconds
[2024-04-09T18:58:34.230+0000] {processor.py:161} INFO - Started process (PID=3358) to work on /home/airflow/.local/lib/python3.12/site-packages/airflow/example_dags/example_latest_only_with_trigger.py
[2024-04-09T18:58:34.231+0000] {processor.py:830} INFO - Processing file /home/airflow/.local/lib/python3.12/site-packages/airflow/example_dags/example_latest_only_with_trigger.py for tasks to queue
[2024-04-09T18:58:34.234+0000] {logging_mixin.py:188} INFO - [2024-04-09T18:58:34.233+0000] {dagbag.py:540} INFO - Filling up the DagBag from /home/airflow/.local/lib/python3.12/site-packages/airflow/example_dags/example_latest_only_with_trigger.py
[2024-04-09T18:58:34.240+0000] {processor.py:840} INFO - DAG(s) 'latest_only_with_trigger' retrieved from /home/airflow/.local/lib/python3.12/site-packages/airflow/example_dags/example_latest_only_with_trigger.py
[2024-04-09T18:58:34.265+0000] {logging_mixin.py:188} INFO - [2024-04-09T18:58:34.264+0000] {dag.py:3096} INFO - Sync 1 DAGs
[2024-04-09T18:58:34.290+0000] {logging_mixin.py:188} INFO - [2024-04-09T18:58:34.290+0000] {dag.py:3954} INFO - Setting next_dagrun for latest_only_with_trigger to 2024-04-09 12:00:00+00:00, run_after=2024-04-09 16:00:00+00:00
[2024-04-09T18:58:34.311+0000] {processor.py:183} INFO - Processing /home/airflow/.local/lib/python3.12/site-packages/airflow/example_dags/example_latest_only_with_trigger.py took 0.089 seconds
[2024-04-09T18:59:04.504+0000] {processor.py:161} INFO - Started process (PID=3629) to work on /home/airflow/.local/lib/python3.12/site-packages/airflow/example_dags/example_latest_only_with_trigger.py
[2024-04-09T18:59:04.505+0000] {processor.py:830} INFO - Processing file /home/airflow/.local/lib/python3.12/site-packages/airflow/example_dags/example_latest_only_with_trigger.py for tasks to queue
[2024-04-09T18:59:04.508+0000] {logging_mixin.py:188} INFO - [2024-04-09T18:59:04.507+0000] {dagbag.py:540} INFO - Filling up the DagBag from /home/airflow/.local/lib/python3.12/site-packages/airflow/example_dags/example_latest_only_with_trigger.py
[2024-04-09T18:59:04.514+0000] {processor.py:840} INFO - DAG(s) 'latest_only_with_trigger' retrieved from /home/airflow/.local/lib/python3.12/site-packages/airflow/example_dags/example_latest_only_with_trigger.py
[2024-04-09T18:59:04.538+0000] {logging_mixin.py:188} INFO - [2024-04-09T18:59:04.538+0000] {dag.py:3096} INFO - Sync 1 DAGs
[2024-04-09T18:59:04.563+0000] {logging_mixin.py:188} INFO - [2024-04-09T18:59:04.563+0000] {dag.py:3954} INFO - Setting next_dagrun for latest_only_with_trigger to 2024-04-09 12:00:00+00:00, run_after=2024-04-09 16:00:00+00:00
[2024-04-09T18:59:04.587+0000] {processor.py:183} INFO - Processing /home/airflow/.local/lib/python3.12/site-packages/airflow/example_dags/example_latest_only_with_trigger.py took 0.089 seconds
[2024-04-09T18:59:35.066+0000] {processor.py:161} INFO - Started process (PID=3903) to work on /home/airflow/.local/lib/python3.12/site-packages/airflow/example_dags/example_latest_only_with_trigger.py
[2024-04-09T18:59:35.067+0000] {processor.py:830} INFO - Processing file /home/airflow/.local/lib/python3.12/site-packages/airflow/example_dags/example_latest_only_with_trigger.py for tasks to queue
[2024-04-09T18:59:35.070+0000] {logging_mixin.py:188} INFO - [2024-04-09T18:59:35.069+0000] {dagbag.py:540} INFO - Filling up the DagBag from /home/airflow/.local/lib/python3.12/site-packages/airflow/example_dags/example_latest_only_with_trigger.py
[2024-04-09T18:59:35.076+0000] {processor.py:840} INFO - DAG(s) 'latest_only_with_trigger' retrieved from /home/airflow/.local/lib/python3.12/site-packages/airflow/example_dags/example_latest_only_with_trigger.py
[2024-04-09T18:59:35.102+0000] {logging_mixin.py:188} INFO - [2024-04-09T18:59:35.101+0000] {dag.py:3096} INFO - Sync 1 DAGs
[2024-04-09T18:59:35.128+0000] {logging_mixin.py:188} INFO - [2024-04-09T18:59:35.128+0000] {dag.py:3954} INFO - Setting next_dagrun for latest_only_with_trigger to 2024-04-09 12:00:00+00:00, run_after=2024-04-09 16:00:00+00:00
[2024-04-09T18:59:35.150+0000] {processor.py:183} INFO - Processing /home/airflow/.local/lib/python3.12/site-packages/airflow/example_dags/example_latest_only_with_trigger.py took 0.091 seconds
[2024-04-09T19:00:05.223+0000] {processor.py:161} INFO - Started process (PID=4175) to work on /home/airflow/.local/lib/python3.12/site-packages/airflow/example_dags/example_latest_only_with_trigger.py
[2024-04-09T19:00:05.224+0000] {processor.py:830} INFO - Processing file /home/airflow/.local/lib/python3.12/site-packages/airflow/example_dags/example_latest_only_with_trigger.py for tasks to queue
[2024-04-09T19:00:05.226+0000] {logging_mixin.py:188} INFO - [2024-04-09T19:00:05.226+0000] {dagbag.py:540} INFO - Filling up the DagBag from /home/airflow/.local/lib/python3.12/site-packages/airflow/example_dags/example_latest_only_with_trigger.py
[2024-04-09T19:00:05.233+0000] {processor.py:840} INFO - DAG(s) 'latest_only_with_trigger' retrieved from /home/airflow/.local/lib/python3.12/site-packages/airflow/example_dags/example_latest_only_with_trigger.py
[2024-04-09T19:00:05.253+0000] {logging_mixin.py:188} INFO - [2024-04-09T19:00:05.253+0000] {dag.py:3096} INFO - Sync 1 DAGs
[2024-04-09T19:00:05.271+0000] {logging_mixin.py:188} INFO - [2024-04-09T19:00:05.271+0000] {dag.py:3954} INFO - Setting next_dagrun for latest_only_with_trigger to 2024-04-09 12:00:00+00:00, run_after=2024-04-09 16:00:00+00:00
[2024-04-09T19:00:05.291+0000] {processor.py:183} INFO - Processing /home/airflow/.local/lib/python3.12/site-packages/airflow/example_dags/example_latest_only_with_trigger.py took 0.082 seconds
[2024-04-09T19:00:35.348+0000] {processor.py:161} INFO - Started process (PID=4445) to work on /home/airflow/.local/lib/python3.12/site-packages/airflow/example_dags/example_latest_only_with_trigger.py
[2024-04-09T19:00:35.349+0000] {processor.py:830} INFO - Processing file /home/airflow/.local/lib/python3.12/site-packages/airflow/example_dags/example_latest_only_with_trigger.py for tasks to queue
[2024-04-09T19:00:35.351+0000] {logging_mixin.py:188} INFO - [2024-04-09T19:00:35.351+0000] {dagbag.py:540} INFO - Filling up the DagBag from /home/airflow/.local/lib/python3.12/site-packages/airflow/example_dags/example_latest_only_with_trigger.py
[2024-04-09T19:00:35.358+0000] {processor.py:840} INFO - DAG(s) 'latest_only_with_trigger' retrieved from /home/airflow/.local/lib/python3.12/site-packages/airflow/example_dags/example_latest_only_with_trigger.py
[2024-04-09T19:00:35.380+0000] {logging_mixin.py:188} INFO - [2024-04-09T19:00:35.380+0000] {dag.py:3096} INFO - Sync 1 DAGs
[2024-04-09T19:00:35.413+0000] {logging_mixin.py:188} INFO - [2024-04-09T19:00:35.413+0000] {dag.py:3954} INFO - Setting next_dagrun for latest_only_with_trigger to 2024-04-09 12:00:00+00:00, run_after=2024-04-09 16:00:00+00:00
[2024-04-09T19:00:35.459+0000] {processor.py:183} INFO - Processing /home/airflow/.local/lib/python3.12/site-packages/airflow/example_dags/example_latest_only_with_trigger.py took 0.118 seconds
[2024-04-09T19:01:05.554+0000] {processor.py:161} INFO - Started process (PID=4718) to work on /home/airflow/.local/lib/python3.12/site-packages/airflow/example_dags/example_latest_only_with_trigger.py
[2024-04-09T19:01:05.555+0000] {processor.py:830} INFO - Processing file /home/airflow/.local/lib/python3.12/site-packages/airflow/example_dags/example_latest_only_with_trigger.py for tasks to queue
[2024-04-09T19:01:05.557+0000] {logging_mixin.py:188} INFO - [2024-04-09T19:01:05.556+0000] {dagbag.py:540} INFO - Filling up the DagBag from /home/airflow/.local/lib/python3.12/site-packages/airflow/example_dags/example_latest_only_with_trigger.py
[2024-04-09T19:01:05.562+0000] {processor.py:840} INFO - DAG(s) 'latest_only_with_trigger' retrieved from /home/airflow/.local/lib/python3.12/site-packages/airflow/example_dags/example_latest_only_with_trigger.py
[2024-04-09T19:01:05.587+0000] {logging_mixin.py:188} INFO - [2024-04-09T19:01:05.586+0000] {dag.py:3096} INFO - Sync 1 DAGs
[2024-04-09T19:01:05.613+0000] {logging_mixin.py:188} INFO - [2024-04-09T19:01:05.613+0000] {dag.py:3954} INFO - Setting next_dagrun for latest_only_with_trigger to 2024-04-09 12:00:00+00:00, run_after=2024-04-09 16:00:00+00:00
[2024-04-09T19:01:05.635+0000] {processor.py:183} INFO - Processing /home/airflow/.local/lib/python3.12/site-packages/airflow/example_dags/example_latest_only_with_trigger.py took 0.088 seconds
[2024-04-09T19:01:35.943+0000] {processor.py:161} INFO - Started process (PID=4992) to work on /home/airflow/.local/lib/python3.12/site-packages/airflow/example_dags/example_latest_only_with_trigger.py
[2024-04-09T19:01:35.943+0000] {processor.py:830} INFO - Processing file /home/airflow/.local/lib/python3.12/site-packages/airflow/example_dags/example_latest_only_with_trigger.py for tasks to queue
[2024-04-09T19:01:35.945+0000] {logging_mixin.py:188} INFO - [2024-04-09T19:01:35.945+0000] {dagbag.py:540} INFO - Filling up the DagBag from /home/airflow/.local/lib/python3.12/site-packages/airflow/example_dags/example_latest_only_with_trigger.py
[2024-04-09T19:01:35.949+0000] {processor.py:840} INFO - DAG(s) 'latest_only_with_trigger' retrieved from /home/airflow/.local/lib/python3.12/site-packages/airflow/example_dags/example_latest_only_with_trigger.py
[2024-04-09T19:01:35.966+0000] {logging_mixin.py:188} INFO - [2024-04-09T19:01:35.966+0000] {dag.py:3096} INFO - Sync 1 DAGs
[2024-04-09T19:01:35.984+0000] {logging_mixin.py:188} INFO - [2024-04-09T19:01:35.984+0000] {dag.py:3954} INFO - Setting next_dagrun for latest_only_with_trigger to 2024-04-09 12:00:00+00:00, run_after=2024-04-09 16:00:00+00:00
[2024-04-09T19:01:36.004+0000] {processor.py:183} INFO - Processing /home/airflow/.local/lib/python3.12/site-packages/airflow/example_dags/example_latest_only_with_trigger.py took 0.066 seconds
[2024-04-09T19:02:06.271+0000] {processor.py:161} INFO - Started process (PID=5264) to work on /home/airflow/.local/lib/python3.12/site-packages/airflow/example_dags/example_latest_only_with_trigger.py
[2024-04-09T19:02:06.272+0000] {processor.py:830} INFO - Processing file /home/airflow/.local/lib/python3.12/site-packages/airflow/example_dags/example_latest_only_with_trigger.py for tasks to queue
[2024-04-09T19:02:06.274+0000] {logging_mixin.py:188} INFO - [2024-04-09T19:02:06.273+0000] {dagbag.py:540} INFO - Filling up the DagBag from /home/airflow/.local/lib/python3.12/site-packages/airflow/example_dags/example_latest_only_with_trigger.py
[2024-04-09T19:02:06.278+0000] {processor.py:840} INFO - DAG(s) 'latest_only_with_trigger' retrieved from /home/airflow/.local/lib/python3.12/site-packages/airflow/example_dags/example_latest_only_with_trigger.py
[2024-04-09T19:02:06.295+0000] {logging_mixin.py:188} INFO - [2024-04-09T19:02:06.295+0000] {dag.py:3096} INFO - Sync 1 DAGs
[2024-04-09T19:02:06.314+0000] {logging_mixin.py:188} INFO - [2024-04-09T19:02:06.314+0000] {dag.py:3954} INFO - Setting next_dagrun for latest_only_with_trigger to 2024-04-09 12:00:00+00:00, run_after=2024-04-09 16:00:00+00:00
[2024-04-09T19:02:06.336+0000] {processor.py:183} INFO - Processing /home/airflow/.local/lib/python3.12/site-packages/airflow/example_dags/example_latest_only_with_trigger.py took 0.069 seconds
[2024-04-09T19:02:36.406+0000] {processor.py:161} INFO - Started process (PID=5534) to work on /home/airflow/.local/lib/python3.12/site-packages/airflow/example_dags/example_latest_only_with_trigger.py
[2024-04-09T19:02:36.407+0000] {processor.py:830} INFO - Processing file /home/airflow/.local/lib/python3.12/site-packages/airflow/example_dags/example_latest_only_with_trigger.py for tasks to queue
[2024-04-09T19:02:36.410+0000] {logging_mixin.py:188} INFO - [2024-04-09T19:02:36.410+0000] {dagbag.py:540} INFO - Filling up the DagBag from /home/airflow/.local/lib/python3.12/site-packages/airflow/example_dags/example_latest_only_with_trigger.py
[2024-04-09T19:02:36.416+0000] {processor.py:840} INFO - DAG(s) 'latest_only_with_trigger' retrieved from /home/airflow/.local/lib/python3.12/site-packages/airflow/example_dags/example_latest_only_with_trigger.py
[2024-04-09T19:02:36.439+0000] {logging_mixin.py:188} INFO - [2024-04-09T19:02:36.439+0000] {dag.py:3096} INFO - Sync 1 DAGs
[2024-04-09T19:02:36.464+0000] {logging_mixin.py:188} INFO - [2024-04-09T19:02:36.464+0000] {dag.py:3954} INFO - Setting next_dagrun for latest_only_with_trigger to 2024-04-09 12:00:00+00:00, run_after=2024-04-09 16:00:00+00:00
[2024-04-09T19:02:36.489+0000] {processor.py:183} INFO - Processing /home/airflow/.local/lib/python3.12/site-packages/airflow/example_dags/example_latest_only_with_trigger.py took 0.090 seconds
[2024-04-09T19:03:06.753+0000] {processor.py:161} INFO - Started process (PID=5808) to work on /home/airflow/.local/lib/python3.12/site-packages/airflow/example_dags/example_latest_only_with_trigger.py
[2024-04-09T19:03:06.754+0000] {processor.py:830} INFO - Processing file /home/airflow/.local/lib/python3.12/site-packages/airflow/example_dags/example_latest_only_with_trigger.py for tasks to queue
[2024-04-09T19:03:06.755+0000] {logging_mixin.py:188} INFO - [2024-04-09T19:03:06.755+0000] {dagbag.py:540} INFO - Filling up the DagBag from /home/airflow/.local/lib/python3.12/site-packages/airflow/example_dags/example_latest_only_with_trigger.py
[2024-04-09T19:03:06.759+0000] {processor.py:840} INFO - DAG(s) 'latest_only_with_trigger' retrieved from /home/airflow/.local/lib/python3.12/site-packages/airflow/example_dags/example_latest_only_with_trigger.py
[2024-04-09T19:03:06.777+0000] {logging_mixin.py:188} INFO - [2024-04-09T19:03:06.776+0000] {dag.py:3096} INFO - Sync 1 DAGs
[2024-04-09T19:03:06.795+0000] {logging_mixin.py:188} INFO - [2024-04-09T19:03:06.795+0000] {dag.py:3954} INFO - Setting next_dagrun for latest_only_with_trigger to 2024-04-09 12:00:00+00:00, run_after=2024-04-09 16:00:00+00:00
[2024-04-09T19:03:06.817+0000] {processor.py:183} INFO - Processing /home/airflow/.local/lib/python3.12/site-packages/airflow/example_dags/example_latest_only_with_trigger.py took 0.069 seconds
[2024-04-09T19:03:36.937+0000] {processor.py:161} INFO - Started process (PID=6080) to work on /home/airflow/.local/lib/python3.12/site-packages/airflow/example_dags/example_latest_only_with_trigger.py
[2024-04-09T19:03:36.938+0000] {processor.py:830} INFO - Processing file /home/airflow/.local/lib/python3.12/site-packages/airflow/example_dags/example_latest_only_with_trigger.py for tasks to queue
[2024-04-09T19:03:36.940+0000] {logging_mixin.py:188} INFO - [2024-04-09T19:03:36.940+0000] {dagbag.py:540} INFO - Filling up the DagBag from /home/airflow/.local/lib/python3.12/site-packages/airflow/example_dags/example_latest_only_with_trigger.py
[2024-04-09T19:03:36.947+0000] {processor.py:840} INFO - DAG(s) 'latest_only_with_trigger' retrieved from /home/airflow/.local/lib/python3.12/site-packages/airflow/example_dags/example_latest_only_with_trigger.py
[2024-04-09T19:03:36.974+0000] {logging_mixin.py:188} INFO - [2024-04-09T19:03:36.974+0000] {dag.py:3096} INFO - Sync 1 DAGs
[2024-04-09T19:03:37.002+0000] {logging_mixin.py:188} INFO - [2024-04-09T19:03:37.002+0000] {dag.py:3954} INFO - Setting next_dagrun for latest_only_with_trigger to 2024-04-09 12:00:00+00:00, run_after=2024-04-09 16:00:00+00:00
[2024-04-09T19:03:37.026+0000] {processor.py:183} INFO - Processing /home/airflow/.local/lib/python3.12/site-packages/airflow/example_dags/example_latest_only_with_trigger.py took 0.097 seconds
[2024-04-09T19:04:07.607+0000] {processor.py:161} INFO - Started process (PID=6353) to work on /home/airflow/.local/lib/python3.12/site-packages/airflow/example_dags/example_latest_only_with_trigger.py
[2024-04-09T19:04:07.608+0000] {processor.py:830} INFO - Processing file /home/airflow/.local/lib/python3.12/site-packages/airflow/example_dags/example_latest_only_with_trigger.py for tasks to queue
[2024-04-09T19:04:07.610+0000] {logging_mixin.py:188} INFO - [2024-04-09T19:04:07.609+0000] {dagbag.py:540} INFO - Filling up the DagBag from /home/airflow/.local/lib/python3.12/site-packages/airflow/example_dags/example_latest_only_with_trigger.py
[2024-04-09T19:04:07.614+0000] {processor.py:840} INFO - DAG(s) 'latest_only_with_trigger' retrieved from /home/airflow/.local/lib/python3.12/site-packages/airflow/example_dags/example_latest_only_with_trigger.py
[2024-04-09T19:04:07.631+0000] {logging_mixin.py:188} INFO - [2024-04-09T19:04:07.631+0000] {dag.py:3096} INFO - Sync 1 DAGs
[2024-04-09T19:04:07.649+0000] {logging_mixin.py:188} INFO - [2024-04-09T19:04:07.649+0000] {dag.py:3954} INFO - Setting next_dagrun for latest_only_with_trigger to 2024-04-09 12:00:00+00:00, run_after=2024-04-09 16:00:00+00:00
[2024-04-09T19:04:07.668+0000] {processor.py:183} INFO - Processing /home/airflow/.local/lib/python3.12/site-packages/airflow/example_dags/example_latest_only_with_trigger.py took 0.066 seconds
[2024-04-09T19:04:37.721+0000] {processor.py:161} INFO - Started process (PID=6624) to work on /home/airflow/.local/lib/python3.12/site-packages/airflow/example_dags/example_latest_only_with_trigger.py
[2024-04-09T19:04:37.722+0000] {processor.py:830} INFO - Processing file /home/airflow/.local/lib/python3.12/site-packages/airflow/example_dags/example_latest_only_with_trigger.py for tasks to queue
[2024-04-09T19:04:37.724+0000] {logging_mixin.py:188} INFO - [2024-04-09T19:04:37.724+0000] {dagbag.py:540} INFO - Filling up the DagBag from /home/airflow/.local/lib/python3.12/site-packages/airflow/example_dags/example_latest_only_with_trigger.py
[2024-04-09T19:04:37.731+0000] {processor.py:840} INFO - DAG(s) 'latest_only_with_trigger' retrieved from /home/airflow/.local/lib/python3.12/site-packages/airflow/example_dags/example_latest_only_with_trigger.py
[2024-04-09T19:04:37.755+0000] {logging_mixin.py:188} INFO - [2024-04-09T19:04:37.755+0000] {dag.py:3096} INFO - Sync 1 DAGs
[2024-04-09T19:04:37.780+0000] {logging_mixin.py:188} INFO - [2024-04-09T19:04:37.780+0000] {dag.py:3954} INFO - Setting next_dagrun for latest_only_with_trigger to 2024-04-09 12:00:00+00:00, run_after=2024-04-09 16:00:00+00:00
[2024-04-09T19:04:37.806+0000] {processor.py:183} INFO - Processing /home/airflow/.local/lib/python3.12/site-packages/airflow/example_dags/example_latest_only_with_trigger.py took 0.092 seconds
[2024-04-09T19:05:08.022+0000] {processor.py:161} INFO - Started process (PID=6897) to work on /home/airflow/.local/lib/python3.12/site-packages/airflow/example_dags/example_latest_only_with_trigger.py
[2024-04-09T19:05:08.023+0000] {processor.py:830} INFO - Processing file /home/airflow/.local/lib/python3.12/site-packages/airflow/example_dags/example_latest_only_with_trigger.py for tasks to queue
[2024-04-09T19:05:08.024+0000] {logging_mixin.py:188} INFO - [2024-04-09T19:05:08.024+0000] {dagbag.py:540} INFO - Filling up the DagBag from /home/airflow/.local/lib/python3.12/site-packages/airflow/example_dags/example_latest_only_with_trigger.py
[2024-04-09T19:05:08.038+0000] {processor.py:840} INFO - DAG(s) 'latest_only_with_trigger' retrieved from /home/airflow/.local/lib/python3.12/site-packages/airflow/example_dags/example_latest_only_with_trigger.py
[2024-04-09T19:05:08.072+0000] {logging_mixin.py:188} INFO - [2024-04-09T19:05:08.071+0000] {dag.py:3096} INFO - Sync 1 DAGs
[2024-04-09T19:05:08.095+0000] {logging_mixin.py:188} INFO - [2024-04-09T19:05:08.095+0000] {dag.py:3954} INFO - Setting next_dagrun for latest_only_with_trigger to 2024-04-09 12:00:00+00:00, run_after=2024-04-09 16:00:00+00:00
[2024-04-09T19:05:08.271+0000] {processor.py:183} INFO - Processing /home/airflow/.local/lib/python3.12/site-packages/airflow/example_dags/example_latest_only_with_trigger.py took 0.257 seconds
[2024-04-09T19:05:38.856+0000] {processor.py:161} INFO - Started process (PID=7178) to work on /home/airflow/.local/lib/python3.12/site-packages/airflow/example_dags/example_latest_only_with_trigger.py
[2024-04-09T19:05:38.857+0000] {processor.py:830} INFO - Processing file /home/airflow/.local/lib/python3.12/site-packages/airflow/example_dags/example_latest_only_with_trigger.py for tasks to queue
[2024-04-09T19:05:38.858+0000] {logging_mixin.py:188} INFO - [2024-04-09T19:05:38.858+0000] {dagbag.py:540} INFO - Filling up the DagBag from /home/airflow/.local/lib/python3.12/site-packages/airflow/example_dags/example_latest_only_with_trigger.py
[2024-04-09T19:05:38.862+0000] {processor.py:840} INFO - DAG(s) 'latest_only_with_trigger' retrieved from /home/airflow/.local/lib/python3.12/site-packages/airflow/example_dags/example_latest_only_with_trigger.py
[2024-04-09T19:05:38.879+0000] {logging_mixin.py:188} INFO - [2024-04-09T19:05:38.879+0000] {dag.py:3096} INFO - Sync 1 DAGs
[2024-04-09T19:05:38.897+0000] {logging_mixin.py:188} INFO - [2024-04-09T19:05:38.897+0000] {dag.py:3954} INFO - Setting next_dagrun for latest_only_with_trigger to 2024-04-09 12:00:00+00:00, run_after=2024-04-09 16:00:00+00:00
[2024-04-09T19:05:38.919+0000] {processor.py:183} INFO - Processing /home/airflow/.local/lib/python3.12/site-packages/airflow/example_dags/example_latest_only_with_trigger.py took 0.068 seconds
[2024-04-09T19:06:09.466+0000] {processor.py:161} INFO - Started process (PID=7448) to work on /home/airflow/.local/lib/python3.12/site-packages/airflow/example_dags/example_latest_only_with_trigger.py
[2024-04-09T19:06:09.468+0000] {processor.py:830} INFO - Processing file /home/airflow/.local/lib/python3.12/site-packages/airflow/example_dags/example_latest_only_with_trigger.py for tasks to queue
[2024-04-09T19:06:09.470+0000] {logging_mixin.py:188} INFO - [2024-04-09T19:06:09.470+0000] {dagbag.py:540} INFO - Filling up the DagBag from /home/airflow/.local/lib/python3.12/site-packages/airflow/example_dags/example_latest_only_with_trigger.py
[2024-04-09T19:06:09.506+0000] {processor.py:840} INFO - DAG(s) 'latest_only_with_trigger' retrieved from /home/airflow/.local/lib/python3.12/site-packages/airflow/example_dags/example_latest_only_with_trigger.py
[2024-04-09T19:06:09.541+0000] {logging_mixin.py:188} INFO - [2024-04-09T19:06:09.540+0000] {dag.py:3096} INFO - Sync 1 DAGs
[2024-04-09T19:06:09.579+0000] {logging_mixin.py:188} INFO - [2024-04-09T19:06:09.579+0000] {dag.py:3954} INFO - Setting next_dagrun for latest_only_with_trigger to 2024-04-09 12:00:00+00:00, run_after=2024-04-09 16:00:00+00:00
[2024-04-09T19:06:09.609+0000] {processor.py:183} INFO - Processing /home/airflow/.local/lib/python3.12/site-packages/airflow/example_dags/example_latest_only_with_trigger.py took 0.150 seconds
[2024-04-09T19:06:40.619+0000] {processor.py:161} INFO - Started process (PID=7723) to work on /home/airflow/.local/lib/python3.12/site-packages/airflow/example_dags/example_latest_only_with_trigger.py
[2024-04-09T19:06:40.620+0000] {processor.py:830} INFO - Processing file /home/airflow/.local/lib/python3.12/site-packages/airflow/example_dags/example_latest_only_with_trigger.py for tasks to queue
[2024-04-09T19:06:40.622+0000] {logging_mixin.py:188} INFO - [2024-04-09T19:06:40.621+0000] {dagbag.py:540} INFO - Filling up the DagBag from /home/airflow/.local/lib/python3.12/site-packages/airflow/example_dags/example_latest_only_with_trigger.py
[2024-04-09T19:06:40.626+0000] {processor.py:840} INFO - DAG(s) 'latest_only_with_trigger' retrieved from /home/airflow/.local/lib/python3.12/site-packages/airflow/example_dags/example_latest_only_with_trigger.py
[2024-04-09T19:06:40.644+0000] {logging_mixin.py:188} INFO - [2024-04-09T19:06:40.643+0000] {dag.py:3096} INFO - Sync 1 DAGs
[2024-04-09T19:06:40.662+0000] {logging_mixin.py:188} INFO - [2024-04-09T19:06:40.662+0000] {dag.py:3954} INFO - Setting next_dagrun for latest_only_with_trigger to 2024-04-09 12:00:00+00:00, run_after=2024-04-09 16:00:00+00:00
[2024-04-09T19:06:40.681+0000] {processor.py:183} INFO - Processing /home/airflow/.local/lib/python3.12/site-packages/airflow/example_dags/example_latest_only_with_trigger.py took 0.067 seconds
[2024-04-09T19:07:10.746+0000] {processor.py:161} INFO - Started process (PID=7988) to work on /home/airflow/.local/lib/python3.12/site-packages/airflow/example_dags/example_latest_only_with_trigger.py
[2024-04-09T19:07:10.747+0000] {processor.py:830} INFO - Processing file /home/airflow/.local/lib/python3.12/site-packages/airflow/example_dags/example_latest_only_with_trigger.py for tasks to queue
[2024-04-09T19:07:10.749+0000] {logging_mixin.py:188} INFO - [2024-04-09T19:07:10.749+0000] {dagbag.py:540} INFO - Filling up the DagBag from /home/airflow/.local/lib/python3.12/site-packages/airflow/example_dags/example_latest_only_with_trigger.py
[2024-04-09T19:07:10.755+0000] {processor.py:840} INFO - DAG(s) 'latest_only_with_trigger' retrieved from /home/airflow/.local/lib/python3.12/site-packages/airflow/example_dags/example_latest_only_with_trigger.py
[2024-04-09T19:07:10.955+0000] {logging_mixin.py:188} INFO - [2024-04-09T19:07:10.955+0000] {dag.py:3096} INFO - Sync 1 DAGs
[2024-04-09T19:07:10.977+0000] {logging_mixin.py:188} INFO - [2024-04-09T19:07:10.976+0000] {dag.py:3954} INFO - Setting next_dagrun for latest_only_with_trigger to 2024-04-09 12:00:00+00:00, run_after=2024-04-09 16:00:00+00:00
[2024-04-09T19:07:11.000+0000] {processor.py:183} INFO - Processing /home/airflow/.local/lib/python3.12/site-packages/airflow/example_dags/example_latest_only_with_trigger.py took 0.260 seconds
[2024-04-09T19:07:41.073+0000] {processor.py:161} INFO - Started process (PID=8258) to work on /home/airflow/.local/lib/python3.12/site-packages/airflow/example_dags/example_latest_only_with_trigger.py
[2024-04-09T19:07:41.075+0000] {processor.py:830} INFO - Processing file /home/airflow/.local/lib/python3.12/site-packages/airflow/example_dags/example_latest_only_with_trigger.py for tasks to queue
[2024-04-09T19:07:41.077+0000] {logging_mixin.py:188} INFO - [2024-04-09T19:07:41.077+0000] {dagbag.py:540} INFO - Filling up the DagBag from /home/airflow/.local/lib/python3.12/site-packages/airflow/example_dags/example_latest_only_with_trigger.py
[2024-04-09T19:07:41.084+0000] {processor.py:840} INFO - DAG(s) 'latest_only_with_trigger' retrieved from /home/airflow/.local/lib/python3.12/site-packages/airflow/example_dags/example_latest_only_with_trigger.py
[2024-04-09T19:07:41.108+0000] {logging_mixin.py:188} INFO - [2024-04-09T19:07:41.108+0000] {dag.py:3096} INFO - Sync 1 DAGs
[2024-04-09T19:07:41.137+0000] {logging_mixin.py:188} INFO - [2024-04-09T19:07:41.136+0000] {dag.py:3954} INFO - Setting next_dagrun for latest_only_with_trigger to 2024-04-09 12:00:00+00:00, run_after=2024-04-09 16:00:00+00:00
[2024-04-09T19:07:41.158+0000] {processor.py:183} INFO - Processing /home/airflow/.local/lib/python3.12/site-packages/airflow/example_dags/example_latest_only_with_trigger.py took 0.092 seconds
[2024-04-09T19:08:11.957+0000] {processor.py:161} INFO - Started process (PID=8530) to work on /home/airflow/.local/lib/python3.12/site-packages/airflow/example_dags/example_latest_only_with_trigger.py
[2024-04-09T19:08:11.958+0000] {processor.py:830} INFO - Processing file /home/airflow/.local/lib/python3.12/site-packages/airflow/example_dags/example_latest_only_with_trigger.py for tasks to queue
[2024-04-09T19:08:11.960+0000] {logging_mixin.py:188} INFO - [2024-04-09T19:08:11.960+0000] {dagbag.py:540} INFO - Filling up the DagBag from /home/airflow/.local/lib/python3.12/site-packages/airflow/example_dags/example_latest_only_with_trigger.py
[2024-04-09T19:08:11.966+0000] {processor.py:840} INFO - DAG(s) 'latest_only_with_trigger' retrieved from /home/airflow/.local/lib/python3.12/site-packages/airflow/example_dags/example_latest_only_with_trigger.py
[2024-04-09T19:08:11.992+0000] {logging_mixin.py:188} INFO - [2024-04-09T19:08:11.991+0000] {dag.py:3096} INFO - Sync 1 DAGs
[2024-04-09T19:08:12.016+0000] {logging_mixin.py:188} INFO - [2024-04-09T19:08:12.016+0000] {dag.py:3954} INFO - Setting next_dagrun for latest_only_with_trigger to 2024-04-09 12:00:00+00:00, run_after=2024-04-09 16:00:00+00:00
[2024-04-09T19:08:12.039+0000] {processor.py:183} INFO - Processing /home/airflow/.local/lib/python3.12/site-packages/airflow/example_dags/example_latest_only_with_trigger.py took 0.090 seconds
[2024-04-09T19:08:42.794+0000] {processor.py:161} INFO - Started process (PID=8801) to work on /home/airflow/.local/lib/python3.12/site-packages/airflow/example_dags/example_latest_only_with_trigger.py
[2024-04-09T19:08:42.798+0000] {processor.py:830} INFO - Processing file /home/airflow/.local/lib/python3.12/site-packages/airflow/example_dags/example_latest_only_with_trigger.py for tasks to queue
[2024-04-09T19:08:42.800+0000] {logging_mixin.py:188} INFO - [2024-04-09T19:08:42.799+0000] {dagbag.py:540} INFO - Filling up the DagBag from /home/airflow/.local/lib/python3.12/site-packages/airflow/example_dags/example_latest_only_with_trigger.py
[2024-04-09T19:08:42.809+0000] {processor.py:840} INFO - DAG(s) 'latest_only_with_trigger' retrieved from /home/airflow/.local/lib/python3.12/site-packages/airflow/example_dags/example_latest_only_with_trigger.py
[2024-04-09T19:08:42.905+0000] {logging_mixin.py:188} INFO - [2024-04-09T19:08:42.905+0000] {dag.py:3096} INFO - Sync 1 DAGs
[2024-04-09T19:08:43.017+0000] {logging_mixin.py:188} INFO - [2024-04-09T19:08:43.016+0000] {dag.py:3954} INFO - Setting next_dagrun for latest_only_with_trigger to 2024-04-09 12:00:00+00:00, run_after=2024-04-09 16:00:00+00:00
[2024-04-09T19:08:43.041+0000] {processor.py:183} INFO - Processing /home/airflow/.local/lib/python3.12/site-packages/airflow/example_dags/example_latest_only_with_trigger.py took 0.256 seconds
[2024-04-09T19:09:13.961+0000] {processor.py:161} INFO - Started process (PID=9075) to work on /home/airflow/.local/lib/python3.12/site-packages/airflow/example_dags/example_latest_only_with_trigger.py
[2024-04-09T19:09:13.962+0000] {processor.py:830} INFO - Processing file /home/airflow/.local/lib/python3.12/site-packages/airflow/example_dags/example_latest_only_with_trigger.py for tasks to queue
[2024-04-09T19:09:13.964+0000] {logging_mixin.py:188} INFO - [2024-04-09T19:09:13.964+0000] {dagbag.py:540} INFO - Filling up the DagBag from /home/airflow/.local/lib/python3.12/site-packages/airflow/example_dags/example_latest_only_with_trigger.py
[2024-04-09T19:09:13.970+0000] {processor.py:840} INFO - DAG(s) 'latest_only_with_trigger' retrieved from /home/airflow/.local/lib/python3.12/site-packages/airflow/example_dags/example_latest_only_with_trigger.py
[2024-04-09T19:09:13.995+0000] {logging_mixin.py:188} INFO - [2024-04-09T19:09:13.995+0000] {dag.py:3096} INFO - Sync 1 DAGs
[2024-04-09T19:09:14.021+0000] {logging_mixin.py:188} INFO - [2024-04-09T19:09:14.020+0000] {dag.py:3954} INFO - Setting next_dagrun for latest_only_with_trigger to 2024-04-09 12:00:00+00:00, run_after=2024-04-09 16:00:00+00:00
[2024-04-09T19:09:14.045+0000] {processor.py:183} INFO - Processing /home/airflow/.local/lib/python3.12/site-packages/airflow/example_dags/example_latest_only_with_trigger.py took 0.091 seconds
[2024-04-09T19:09:44.631+0000] {processor.py:161} INFO - Started process (PID=9347) to work on /home/airflow/.local/lib/python3.12/site-packages/airflow/example_dags/example_latest_only_with_trigger.py
[2024-04-09T19:09:44.632+0000] {processor.py:830} INFO - Processing file /home/airflow/.local/lib/python3.12/site-packages/airflow/example_dags/example_latest_only_with_trigger.py for tasks to queue
[2024-04-09T19:09:44.634+0000] {logging_mixin.py:188} INFO - [2024-04-09T19:09:44.633+0000] {dagbag.py:540} INFO - Filling up the DagBag from /home/airflow/.local/lib/python3.12/site-packages/airflow/example_dags/example_latest_only_with_trigger.py
[2024-04-09T19:09:44.640+0000] {processor.py:840} INFO - DAG(s) 'latest_only_with_trigger' retrieved from /home/airflow/.local/lib/python3.12/site-packages/airflow/example_dags/example_latest_only_with_trigger.py
[2024-04-09T19:09:44.667+0000] {logging_mixin.py:188} INFO - [2024-04-09T19:09:44.667+0000] {dag.py:3096} INFO - Sync 1 DAGs
[2024-04-09T19:09:44.704+0000] {logging_mixin.py:188} INFO - [2024-04-09T19:09:44.704+0000] {dag.py:3954} INFO - Setting next_dagrun for latest_only_with_trigger to 2024-04-09 12:00:00+00:00, run_after=2024-04-09 16:00:00+00:00
[2024-04-09T19:09:44.733+0000] {processor.py:183} INFO - Processing /home/airflow/.local/lib/python3.12/site-packages/airflow/example_dags/example_latest_only_with_trigger.py took 0.108 seconds
[2024-04-09T19:10:14.835+0000] {processor.py:161} INFO - Started process (PID=9620) to work on /home/airflow/.local/lib/python3.12/site-packages/airflow/example_dags/example_latest_only_with_trigger.py
[2024-04-09T19:10:14.836+0000] {processor.py:830} INFO - Processing file /home/airflow/.local/lib/python3.12/site-packages/airflow/example_dags/example_latest_only_with_trigger.py for tasks to queue
[2024-04-09T19:10:14.838+0000] {logging_mixin.py:188} INFO - [2024-04-09T19:10:14.838+0000] {dagbag.py:540} INFO - Filling up the DagBag from /home/airflow/.local/lib/python3.12/site-packages/airflow/example_dags/example_latest_only_with_trigger.py
[2024-04-09T19:10:14.846+0000] {processor.py:840} INFO - DAG(s) 'latest_only_with_trigger' retrieved from /home/airflow/.local/lib/python3.12/site-packages/airflow/example_dags/example_latest_only_with_trigger.py
[2024-04-09T19:10:14.873+0000] {logging_mixin.py:188} INFO - [2024-04-09T19:10:14.872+0000] {dag.py:3096} INFO - Sync 1 DAGs
[2024-04-09T19:10:14.903+0000] {logging_mixin.py:188} INFO - [2024-04-09T19:10:14.903+0000] {dag.py:3954} INFO - Setting next_dagrun for latest_only_with_trigger to 2024-04-09 12:00:00+00:00, run_after=2024-04-09 16:00:00+00:00
[2024-04-09T19:10:14.930+0000] {processor.py:183} INFO - Processing /home/airflow/.local/lib/python3.12/site-packages/airflow/example_dags/example_latest_only_with_trigger.py took 0.102 seconds
[2024-04-09T19:10:45.794+0000] {processor.py:161} INFO - Started process (PID=9893) to work on /home/airflow/.local/lib/python3.12/site-packages/airflow/example_dags/example_latest_only_with_trigger.py
[2024-04-09T19:10:45.796+0000] {processor.py:830} INFO - Processing file /home/airflow/.local/lib/python3.12/site-packages/airflow/example_dags/example_latest_only_with_trigger.py for tasks to queue
[2024-04-09T19:10:45.798+0000] {logging_mixin.py:188} INFO - [2024-04-09T19:10:45.797+0000] {dagbag.py:540} INFO - Filling up the DagBag from /home/airflow/.local/lib/python3.12/site-packages/airflow/example_dags/example_latest_only_with_trigger.py
[2024-04-09T19:10:45.804+0000] {processor.py:840} INFO - DAG(s) 'latest_only_with_trigger' retrieved from /home/airflow/.local/lib/python3.12/site-packages/airflow/example_dags/example_latest_only_with_trigger.py
[2024-04-09T19:10:45.827+0000] {logging_mixin.py:188} INFO - [2024-04-09T19:10:45.826+0000] {dag.py:3096} INFO - Sync 1 DAGs
[2024-04-09T19:10:45.852+0000] {logging_mixin.py:188} INFO - [2024-04-09T19:10:45.852+0000] {dag.py:3954} INFO - Setting next_dagrun for latest_only_with_trigger to 2024-04-09 12:00:00+00:00, run_after=2024-04-09 16:00:00+00:00
[2024-04-09T19:10:45.878+0000] {processor.py:183} INFO - Processing /home/airflow/.local/lib/python3.12/site-packages/airflow/example_dags/example_latest_only_with_trigger.py took 0.091 seconds
[2024-04-09T19:11:16.734+0000] {processor.py:161} INFO - Started process (PID=10165) to work on /home/airflow/.local/lib/python3.12/site-packages/airflow/example_dags/example_latest_only_with_trigger.py
[2024-04-09T19:11:16.735+0000] {processor.py:830} INFO - Processing file /home/airflow/.local/lib/python3.12/site-packages/airflow/example_dags/example_latest_only_with_trigger.py for tasks to queue
[2024-04-09T19:11:16.737+0000] {logging_mixin.py:188} INFO - [2024-04-09T19:11:16.736+0000] {dagbag.py:540} INFO - Filling up the DagBag from /home/airflow/.local/lib/python3.12/site-packages/airflow/example_dags/example_latest_only_with_trigger.py
[2024-04-09T19:11:16.745+0000] {processor.py:840} INFO - DAG(s) 'latest_only_with_trigger' retrieved from /home/airflow/.local/lib/python3.12/site-packages/airflow/example_dags/example_latest_only_with_trigger.py
[2024-04-09T19:11:16.767+0000] {logging_mixin.py:188} INFO - [2024-04-09T19:11:16.767+0000] {dag.py:3096} INFO - Sync 1 DAGs
[2024-04-09T19:11:16.802+0000] {logging_mixin.py:188} INFO - [2024-04-09T19:11:16.802+0000] {dag.py:3954} INFO - Setting next_dagrun for latest_only_with_trigger to 2024-04-09 12:00:00+00:00, run_after=2024-04-09 16:00:00+00:00
[2024-04-09T19:11:16.847+0000] {processor.py:183} INFO - Processing /home/airflow/.local/lib/python3.12/site-packages/airflow/example_dags/example_latest_only_with_trigger.py took 0.120 seconds
[2024-04-09T19:11:47.092+0000] {processor.py:161} INFO - Started process (PID=10438) to work on /home/airflow/.local/lib/python3.12/site-packages/airflow/example_dags/example_latest_only_with_trigger.py
[2024-04-09T19:11:47.094+0000] {processor.py:830} INFO - Processing file /home/airflow/.local/lib/python3.12/site-packages/airflow/example_dags/example_latest_only_with_trigger.py for tasks to queue
[2024-04-09T19:11:47.096+0000] {logging_mixin.py:188} INFO - [2024-04-09T19:11:47.096+0000] {dagbag.py:540} INFO - Filling up the DagBag from /home/airflow/.local/lib/python3.12/site-packages/airflow/example_dags/example_latest_only_with_trigger.py
[2024-04-09T19:11:47.102+0000] {processor.py:840} INFO - DAG(s) 'latest_only_with_trigger' retrieved from /home/airflow/.local/lib/python3.12/site-packages/airflow/example_dags/example_latest_only_with_trigger.py
[2024-04-09T19:11:47.145+0000] {logging_mixin.py:188} INFO - [2024-04-09T19:11:47.144+0000] {dag.py:3096} INFO - Sync 1 DAGs
[2024-04-09T19:11:47.188+0000] {logging_mixin.py:188} INFO - [2024-04-09T19:11:47.187+0000] {dag.py:3954} INFO - Setting next_dagrun for latest_only_with_trigger to 2024-04-09 12:00:00+00:00, run_after=2024-04-09 16:00:00+00:00
[2024-04-09T19:11:47.219+0000] {processor.py:183} INFO - Processing /home/airflow/.local/lib/python3.12/site-packages/airflow/example_dags/example_latest_only_with_trigger.py took 0.133 seconds
[2024-04-09T19:12:18.035+0000] {processor.py:161} INFO - Started process (PID=10710) to work on /home/airflow/.local/lib/python3.12/site-packages/airflow/example_dags/example_latest_only_with_trigger.py
[2024-04-09T19:12:18.036+0000] {processor.py:830} INFO - Processing file /home/airflow/.local/lib/python3.12/site-packages/airflow/example_dags/example_latest_only_with_trigger.py for tasks to queue
[2024-04-09T19:12:18.039+0000] {logging_mixin.py:188} INFO - [2024-04-09T19:12:18.038+0000] {dagbag.py:540} INFO - Filling up the DagBag from /home/airflow/.local/lib/python3.12/site-packages/airflow/example_dags/example_latest_only_with_trigger.py
[2024-04-09T19:12:18.045+0000] {processor.py:840} INFO - DAG(s) 'latest_only_with_trigger' retrieved from /home/airflow/.local/lib/python3.12/site-packages/airflow/example_dags/example_latest_only_with_trigger.py
[2024-04-09T19:12:18.070+0000] {logging_mixin.py:188} INFO - [2024-04-09T19:12:18.070+0000] {dag.py:3096} INFO - Sync 1 DAGs
[2024-04-09T19:12:18.096+0000] {logging_mixin.py:188} INFO - [2024-04-09T19:12:18.095+0000] {dag.py:3954} INFO - Setting next_dagrun for latest_only_with_trigger to 2024-04-09 12:00:00+00:00, run_after=2024-04-09 16:00:00+00:00
[2024-04-09T19:12:18.119+0000] {processor.py:183} INFO - Processing /home/airflow/.local/lib/python3.12/site-packages/airflow/example_dags/example_latest_only_with_trigger.py took 0.091 seconds
[2024-04-09T19:12:48.756+0000] {processor.py:161} INFO - Started process (PID=10983) to work on /home/airflow/.local/lib/python3.12/site-packages/airflow/example_dags/example_latest_only_with_trigger.py
[2024-04-09T19:12:48.757+0000] {processor.py:830} INFO - Processing file /home/airflow/.local/lib/python3.12/site-packages/airflow/example_dags/example_latest_only_with_trigger.py for tasks to queue
[2024-04-09T19:12:48.760+0000] {logging_mixin.py:188} INFO - [2024-04-09T19:12:48.759+0000] {dagbag.py:540} INFO - Filling up the DagBag from /home/airflow/.local/lib/python3.12/site-packages/airflow/example_dags/example_latest_only_with_trigger.py
[2024-04-09T19:12:48.766+0000] {processor.py:840} INFO - DAG(s) 'latest_only_with_trigger' retrieved from /home/airflow/.local/lib/python3.12/site-packages/airflow/example_dags/example_latest_only_with_trigger.py
[2024-04-09T19:12:48.789+0000] {logging_mixin.py:188} INFO - [2024-04-09T19:12:48.789+0000] {dag.py:3096} INFO - Sync 1 DAGs
[2024-04-09T19:12:48.815+0000] {logging_mixin.py:188} INFO - [2024-04-09T19:12:48.815+0000] {dag.py:3954} INFO - Setting next_dagrun for latest_only_with_trigger to 2024-04-09 12:00:00+00:00, run_after=2024-04-09 16:00:00+00:00
[2024-04-09T19:12:48.837+0000] {processor.py:183} INFO - Processing /home/airflow/.local/lib/python3.12/site-packages/airflow/example_dags/example_latest_only_with_trigger.py took 0.088 seconds
[2024-04-09T19:13:19.536+0000] {processor.py:161} INFO - Started process (PID=11255) to work on /home/airflow/.local/lib/python3.12/site-packages/airflow/example_dags/example_latest_only_with_trigger.py
[2024-04-09T19:13:19.537+0000] {processor.py:830} INFO - Processing file /home/airflow/.local/lib/python3.12/site-packages/airflow/example_dags/example_latest_only_with_trigger.py for tasks to queue
[2024-04-09T19:13:19.539+0000] {logging_mixin.py:188} INFO - [2024-04-09T19:13:19.539+0000] {dagbag.py:540} INFO - Filling up the DagBag from /home/airflow/.local/lib/python3.12/site-packages/airflow/example_dags/example_latest_only_with_trigger.py
[2024-04-09T19:13:19.545+0000] {processor.py:840} INFO - DAG(s) 'latest_only_with_trigger' retrieved from /home/airflow/.local/lib/python3.12/site-packages/airflow/example_dags/example_latest_only_with_trigger.py
[2024-04-09T19:13:19.568+0000] {logging_mixin.py:188} INFO - [2024-04-09T19:13:19.568+0000] {dag.py:3096} INFO - Sync 1 DAGs
[2024-04-09T19:13:19.593+0000] {logging_mixin.py:188} INFO - [2024-04-09T19:13:19.593+0000] {dag.py:3954} INFO - Setting next_dagrun for latest_only_with_trigger to 2024-04-09 12:00:00+00:00, run_after=2024-04-09 16:00:00+00:00
[2024-04-09T19:13:19.620+0000] {processor.py:183} INFO - Processing /home/airflow/.local/lib/python3.12/site-packages/airflow/example_dags/example_latest_only_with_trigger.py took 0.091 seconds
[2024-04-09T19:13:50.067+0000] {processor.py:161} INFO - Started process (PID=11528) to work on /home/airflow/.local/lib/python3.12/site-packages/airflow/example_dags/example_latest_only_with_trigger.py
[2024-04-09T19:13:50.070+0000] {processor.py:830} INFO - Processing file /home/airflow/.local/lib/python3.12/site-packages/airflow/example_dags/example_latest_only_with_trigger.py for tasks to queue
[2024-04-09T19:13:50.073+0000] {logging_mixin.py:188} INFO - [2024-04-09T19:13:50.071+0000] {dagbag.py:540} INFO - Filling up the DagBag from /home/airflow/.local/lib/python3.12/site-packages/airflow/example_dags/example_latest_only_with_trigger.py
[2024-04-09T19:13:50.085+0000] {processor.py:840} INFO - DAG(s) 'latest_only_with_trigger' retrieved from /home/airflow/.local/lib/python3.12/site-packages/airflow/example_dags/example_latest_only_with_trigger.py
[2024-04-09T19:13:50.120+0000] {logging_mixin.py:188} INFO - [2024-04-09T19:13:50.119+0000] {dag.py:3096} INFO - Sync 1 DAGs
[2024-04-09T19:13:50.145+0000] {logging_mixin.py:188} INFO - [2024-04-09T19:13:50.145+0000] {dag.py:3954} INFO - Setting next_dagrun for latest_only_with_trigger to 2024-04-09 12:00:00+00:00, run_after=2024-04-09 16:00:00+00:00
[2024-04-09T19:13:50.167+0000] {processor.py:183} INFO - Processing /home/airflow/.local/lib/python3.12/site-packages/airflow/example_dags/example_latest_only_with_trigger.py took 0.114 seconds
[2024-04-09T19:14:20.924+0000] {processor.py:161} INFO - Started process (PID=11800) to work on /home/airflow/.local/lib/python3.12/site-packages/airflow/example_dags/example_latest_only_with_trigger.py
[2024-04-09T19:14:20.925+0000] {processor.py:830} INFO - Processing file /home/airflow/.local/lib/python3.12/site-packages/airflow/example_dags/example_latest_only_with_trigger.py for tasks to queue
[2024-04-09T19:14:20.927+0000] {logging_mixin.py:188} INFO - [2024-04-09T19:14:20.926+0000] {dagbag.py:540} INFO - Filling up the DagBag from /home/airflow/.local/lib/python3.12/site-packages/airflow/example_dags/example_latest_only_with_trigger.py
[2024-04-09T19:14:20.933+0000] {processor.py:840} INFO - DAG(s) 'latest_only_with_trigger' retrieved from /home/airflow/.local/lib/python3.12/site-packages/airflow/example_dags/example_latest_only_with_trigger.py
[2024-04-09T19:14:20.956+0000] {logging_mixin.py:188} INFO - [2024-04-09T19:14:20.956+0000] {dag.py:3096} INFO - Sync 1 DAGs
[2024-04-09T19:14:20.983+0000] {logging_mixin.py:188} INFO - [2024-04-09T19:14:20.983+0000] {dag.py:3954} INFO - Setting next_dagrun for latest_only_with_trigger to 2024-04-09 12:00:00+00:00, run_after=2024-04-09 16:00:00+00:00
[2024-04-09T19:14:21.009+0000] {processor.py:183} INFO - Processing /home/airflow/.local/lib/python3.12/site-packages/airflow/example_dags/example_latest_only_with_trigger.py took 0.093 seconds
[2024-04-09T19:14:51.260+0000] {processor.py:161} INFO - Started process (PID=12074) to work on /home/airflow/.local/lib/python3.12/site-packages/airflow/example_dags/example_latest_only_with_trigger.py
[2024-04-09T19:14:51.261+0000] {processor.py:830} INFO - Processing file /home/airflow/.local/lib/python3.12/site-packages/airflow/example_dags/example_latest_only_with_trigger.py for tasks to queue
[2024-04-09T19:14:51.263+0000] {logging_mixin.py:188} INFO - [2024-04-09T19:14:51.262+0000] {dagbag.py:540} INFO - Filling up the DagBag from /home/airflow/.local/lib/python3.12/site-packages/airflow/example_dags/example_latest_only_with_trigger.py
[2024-04-09T19:14:51.269+0000] {processor.py:840} INFO - DAG(s) 'latest_only_with_trigger' retrieved from /home/airflow/.local/lib/python3.12/site-packages/airflow/example_dags/example_latest_only_with_trigger.py
[2024-04-09T19:14:51.293+0000] {logging_mixin.py:188} INFO - [2024-04-09T19:14:51.292+0000] {dag.py:3096} INFO - Sync 1 DAGs
[2024-04-09T19:14:51.319+0000] {logging_mixin.py:188} INFO - [2024-04-09T19:14:51.319+0000] {dag.py:3954} INFO - Setting next_dagrun for latest_only_with_trigger to 2024-04-09 12:00:00+00:00, run_after=2024-04-09 16:00:00+00:00
[2024-04-09T19:14:51.342+0000] {processor.py:183} INFO - Processing /home/airflow/.local/lib/python3.12/site-packages/airflow/example_dags/example_latest_only_with_trigger.py took 0.090 seconds
[2024-04-09T19:15:21.469+0000] {processor.py:161} INFO - Started process (PID=12347) to work on /home/airflow/.local/lib/python3.12/site-packages/airflow/example_dags/example_latest_only_with_trigger.py
[2024-04-09T19:15:21.471+0000] {processor.py:830} INFO - Processing file /home/airflow/.local/lib/python3.12/site-packages/airflow/example_dags/example_latest_only_with_trigger.py for tasks to queue
[2024-04-09T19:15:21.473+0000] {logging_mixin.py:188} INFO - [2024-04-09T19:15:21.472+0000] {dagbag.py:540} INFO - Filling up the DagBag from /home/airflow/.local/lib/python3.12/site-packages/airflow/example_dags/example_latest_only_with_trigger.py
[2024-04-09T19:15:21.479+0000] {processor.py:840} INFO - DAG(s) 'latest_only_with_trigger' retrieved from /home/airflow/.local/lib/python3.12/site-packages/airflow/example_dags/example_latest_only_with_trigger.py
[2024-04-09T19:15:21.516+0000] {logging_mixin.py:188} INFO - [2024-04-09T19:15:21.516+0000] {dag.py:3096} INFO - Sync 1 DAGs
[2024-04-09T19:15:21.547+0000] {logging_mixin.py:188} INFO - [2024-04-09T19:15:21.547+0000] {dag.py:3954} INFO - Setting next_dagrun for latest_only_with_trigger to 2024-04-09 12:00:00+00:00, run_after=2024-04-09 16:00:00+00:00
[2024-04-09T19:15:21.570+0000] {processor.py:183} INFO - Processing /home/airflow/.local/lib/python3.12/site-packages/airflow/example_dags/example_latest_only_with_trigger.py took 0.108 seconds
[2024-04-09T19:15:52.170+0000] {processor.py:161} INFO - Started process (PID=12619) to work on /home/airflow/.local/lib/python3.12/site-packages/airflow/example_dags/example_latest_only_with_trigger.py
[2024-04-09T19:15:52.172+0000] {processor.py:830} INFO - Processing file /home/airflow/.local/lib/python3.12/site-packages/airflow/example_dags/example_latest_only_with_trigger.py for tasks to queue
[2024-04-09T19:15:52.174+0000] {logging_mixin.py:188} INFO - [2024-04-09T19:15:52.173+0000] {dagbag.py:540} INFO - Filling up the DagBag from /home/airflow/.local/lib/python3.12/site-packages/airflow/example_dags/example_latest_only_with_trigger.py
[2024-04-09T19:15:52.180+0000] {processor.py:840} INFO - DAG(s) 'latest_only_with_trigger' retrieved from /home/airflow/.local/lib/python3.12/site-packages/airflow/example_dags/example_latest_only_with_trigger.py
[2024-04-09T19:15:52.205+0000] {logging_mixin.py:188} INFO - [2024-04-09T19:15:52.205+0000] {dag.py:3096} INFO - Sync 1 DAGs
[2024-04-09T19:15:52.230+0000] {logging_mixin.py:188} INFO - [2024-04-09T19:15:52.230+0000] {dag.py:3954} INFO - Setting next_dagrun for latest_only_with_trigger to 2024-04-09 12:00:00+00:00, run_after=2024-04-09 16:00:00+00:00
[2024-04-09T19:15:52.255+0000] {processor.py:183} INFO - Processing /home/airflow/.local/lib/python3.12/site-packages/airflow/example_dags/example_latest_only_with_trigger.py took 0.093 seconds
[2024-04-09T19:16:22.357+0000] {processor.py:161} INFO - Started process (PID=12892) to work on /home/airflow/.local/lib/python3.12/site-packages/airflow/example_dags/example_latest_only_with_trigger.py
[2024-04-09T19:16:22.358+0000] {processor.py:830} INFO - Processing file /home/airflow/.local/lib/python3.12/site-packages/airflow/example_dags/example_latest_only_with_trigger.py for tasks to queue
[2024-04-09T19:16:22.359+0000] {logging_mixin.py:188} INFO - [2024-04-09T19:16:22.359+0000] {dagbag.py:540} INFO - Filling up the DagBag from /home/airflow/.local/lib/python3.12/site-packages/airflow/example_dags/example_latest_only_with_trigger.py
[2024-04-09T19:16:22.368+0000] {processor.py:840} INFO - DAG(s) 'latest_only_with_trigger' retrieved from /home/airflow/.local/lib/python3.12/site-packages/airflow/example_dags/example_latest_only_with_trigger.py
[2024-04-09T19:16:22.393+0000] {logging_mixin.py:188} INFO - [2024-04-09T19:16:22.393+0000] {dag.py:3096} INFO - Sync 1 DAGs
[2024-04-09T19:16:22.423+0000] {logging_mixin.py:188} INFO - [2024-04-09T19:16:22.423+0000] {dag.py:3954} INFO - Setting next_dagrun for latest_only_with_trigger to 2024-04-09 12:00:00+00:00, run_after=2024-04-09 16:00:00+00:00
[2024-04-09T19:16:22.455+0000] {processor.py:183} INFO - Processing /home/airflow/.local/lib/python3.12/site-packages/airflow/example_dags/example_latest_only_with_trigger.py took 0.105 seconds
[2024-04-09T19:16:53.444+0000] {processor.py:161} INFO - Started process (PID=13164) to work on /home/airflow/.local/lib/python3.12/site-packages/airflow/example_dags/example_latest_only_with_trigger.py
[2024-04-09T19:16:53.445+0000] {processor.py:830} INFO - Processing file /home/airflow/.local/lib/python3.12/site-packages/airflow/example_dags/example_latest_only_with_trigger.py for tasks to queue
[2024-04-09T19:16:53.448+0000] {logging_mixin.py:188} INFO - [2024-04-09T19:16:53.448+0000] {dagbag.py:540} INFO - Filling up the DagBag from /home/airflow/.local/lib/python3.12/site-packages/airflow/example_dags/example_latest_only_with_trigger.py
[2024-04-09T19:16:53.454+0000] {processor.py:840} INFO - DAG(s) 'latest_only_with_trigger' retrieved from /home/airflow/.local/lib/python3.12/site-packages/airflow/example_dags/example_latest_only_with_trigger.py
[2024-04-09T19:16:53.479+0000] {logging_mixin.py:188} INFO - [2024-04-09T19:16:53.478+0000] {dag.py:3096} INFO - Sync 1 DAGs
[2024-04-09T19:16:53.505+0000] {logging_mixin.py:188} INFO - [2024-04-09T19:16:53.505+0000] {dag.py:3954} INFO - Setting next_dagrun for latest_only_with_trigger to 2024-04-09 12:00:00+00:00, run_after=2024-04-09 16:00:00+00:00
[2024-04-09T19:16:53.531+0000] {processor.py:183} INFO - Processing /home/airflow/.local/lib/python3.12/site-packages/airflow/example_dags/example_latest_only_with_trigger.py took 0.093 seconds
[2024-04-09T19:17:23.887+0000] {processor.py:161} INFO - Started process (PID=13436) to work on /home/airflow/.local/lib/python3.12/site-packages/airflow/example_dags/example_latest_only_with_trigger.py
[2024-04-09T19:17:23.888+0000] {processor.py:830} INFO - Processing file /home/airflow/.local/lib/python3.12/site-packages/airflow/example_dags/example_latest_only_with_trigger.py for tasks to queue
[2024-04-09T19:17:23.891+0000] {logging_mixin.py:188} INFO - [2024-04-09T19:17:23.890+0000] {dagbag.py:540} INFO - Filling up the DagBag from /home/airflow/.local/lib/python3.12/site-packages/airflow/example_dags/example_latest_only_with_trigger.py
[2024-04-09T19:17:23.897+0000] {processor.py:840} INFO - DAG(s) 'latest_only_with_trigger' retrieved from /home/airflow/.local/lib/python3.12/site-packages/airflow/example_dags/example_latest_only_with_trigger.py
[2024-04-09T19:17:23.957+0000] {logging_mixin.py:188} INFO - [2024-04-09T19:17:23.957+0000] {dag.py:3096} INFO - Sync 1 DAGs
[2024-04-09T19:17:23.997+0000] {logging_mixin.py:188} INFO - [2024-04-09T19:17:23.997+0000] {dag.py:3954} INFO - Setting next_dagrun for latest_only_with_trigger to 2024-04-09 12:00:00+00:00, run_after=2024-04-09 16:00:00+00:00
[2024-04-09T19:17:24.036+0000] {processor.py:183} INFO - Processing /home/airflow/.local/lib/python3.12/site-packages/airflow/example_dags/example_latest_only_with_trigger.py took 0.156 seconds
[2024-04-09T19:17:54.411+0000] {processor.py:161} INFO - Started process (PID=13708) to work on /home/airflow/.local/lib/python3.12/site-packages/airflow/example_dags/example_latest_only_with_trigger.py
[2024-04-09T19:17:54.412+0000] {processor.py:830} INFO - Processing file /home/airflow/.local/lib/python3.12/site-packages/airflow/example_dags/example_latest_only_with_trigger.py for tasks to queue
[2024-04-09T19:17:54.413+0000] {logging_mixin.py:188} INFO - [2024-04-09T19:17:54.413+0000] {dagbag.py:540} INFO - Filling up the DagBag from /home/airflow/.local/lib/python3.12/site-packages/airflow/example_dags/example_latest_only_with_trigger.py
[2024-04-09T19:17:54.420+0000] {processor.py:840} INFO - DAG(s) 'latest_only_with_trigger' retrieved from /home/airflow/.local/lib/python3.12/site-packages/airflow/example_dags/example_latest_only_with_trigger.py
[2024-04-09T19:17:54.444+0000] {logging_mixin.py:188} INFO - [2024-04-09T19:17:54.444+0000] {dag.py:3096} INFO - Sync 1 DAGs
[2024-04-09T19:17:54.471+0000] {logging_mixin.py:188} INFO - [2024-04-09T19:17:54.471+0000] {dag.py:3954} INFO - Setting next_dagrun for latest_only_with_trigger to 2024-04-09 12:00:00+00:00, run_after=2024-04-09 16:00:00+00:00
[2024-04-09T19:17:54.496+0000] {processor.py:183} INFO - Processing /home/airflow/.local/lib/python3.12/site-packages/airflow/example_dags/example_latest_only_with_trigger.py took 0.092 seconds
[2024-04-09T19:18:24.600+0000] {processor.py:161} INFO - Started process (PID=13978) to work on /home/airflow/.local/lib/python3.12/site-packages/airflow/example_dags/example_latest_only_with_trigger.py
[2024-04-09T19:18:24.608+0000] {processor.py:830} INFO - Processing file /home/airflow/.local/lib/python3.12/site-packages/airflow/example_dags/example_latest_only_with_trigger.py for tasks to queue
[2024-04-09T19:18:24.610+0000] {logging_mixin.py:188} INFO - [2024-04-09T19:18:24.610+0000] {dagbag.py:540} INFO - Filling up the DagBag from /home/airflow/.local/lib/python3.12/site-packages/airflow/example_dags/example_latest_only_with_trigger.py
[2024-04-09T19:18:24.619+0000] {processor.py:840} INFO - DAG(s) 'latest_only_with_trigger' retrieved from /home/airflow/.local/lib/python3.12/site-packages/airflow/example_dags/example_latest_only_with_trigger.py
[2024-04-09T19:18:24.646+0000] {logging_mixin.py:188} INFO - [2024-04-09T19:18:24.646+0000] {dag.py:3096} INFO - Sync 1 DAGs
[2024-04-09T19:18:24.673+0000] {logging_mixin.py:188} INFO - [2024-04-09T19:18:24.673+0000] {dag.py:3954} INFO - Setting next_dagrun for latest_only_with_trigger to 2024-04-09 12:00:00+00:00, run_after=2024-04-09 16:00:00+00:00
[2024-04-09T19:18:24.697+0000] {processor.py:183} INFO - Processing /home/airflow/.local/lib/python3.12/site-packages/airflow/example_dags/example_latest_only_with_trigger.py took 0.105 seconds
[2024-04-09T19:18:55.460+0000] {processor.py:161} INFO - Started process (PID=14252) to work on /home/airflow/.local/lib/python3.12/site-packages/airflow/example_dags/example_latest_only_with_trigger.py
[2024-04-09T19:18:55.461+0000] {processor.py:830} INFO - Processing file /home/airflow/.local/lib/python3.12/site-packages/airflow/example_dags/example_latest_only_with_trigger.py for tasks to queue
[2024-04-09T19:18:55.463+0000] {logging_mixin.py:188} INFO - [2024-04-09T19:18:55.463+0000] {dagbag.py:540} INFO - Filling up the DagBag from /home/airflow/.local/lib/python3.12/site-packages/airflow/example_dags/example_latest_only_with_trigger.py
[2024-04-09T19:18:55.480+0000] {processor.py:840} INFO - DAG(s) 'latest_only_with_trigger' retrieved from /home/airflow/.local/lib/python3.12/site-packages/airflow/example_dags/example_latest_only_with_trigger.py
[2024-04-09T19:18:55.518+0000] {logging_mixin.py:188} INFO - [2024-04-09T19:18:55.518+0000] {dag.py:3096} INFO - Sync 1 DAGs
[2024-04-09T19:18:55.544+0000] {logging_mixin.py:188} INFO - [2024-04-09T19:18:55.544+0000] {dag.py:3954} INFO - Setting next_dagrun for latest_only_with_trigger to 2024-04-09 12:00:00+00:00, run_after=2024-04-09 16:00:00+00:00
[2024-04-09T19:18:55.566+0000] {processor.py:183} INFO - Processing /home/airflow/.local/lib/python3.12/site-packages/airflow/example_dags/example_latest_only_with_trigger.py took 0.112 seconds
[2024-04-09T19:19:25.710+0000] {processor.py:161} INFO - Started process (PID=14523) to work on /home/airflow/.local/lib/python3.12/site-packages/airflow/example_dags/example_latest_only_with_trigger.py
[2024-04-09T19:19:25.711+0000] {processor.py:830} INFO - Processing file /home/airflow/.local/lib/python3.12/site-packages/airflow/example_dags/example_latest_only_with_trigger.py for tasks to queue
[2024-04-09T19:19:25.713+0000] {logging_mixin.py:188} INFO - [2024-04-09T19:19:25.713+0000] {dagbag.py:540} INFO - Filling up the DagBag from /home/airflow/.local/lib/python3.12/site-packages/airflow/example_dags/example_latest_only_with_trigger.py
[2024-04-09T19:19:25.719+0000] {processor.py:840} INFO - DAG(s) 'latest_only_with_trigger' retrieved from /home/airflow/.local/lib/python3.12/site-packages/airflow/example_dags/example_latest_only_with_trigger.py
[2024-04-09T19:19:25.744+0000] {logging_mixin.py:188} INFO - [2024-04-09T19:19:25.743+0000] {dag.py:3096} INFO - Sync 1 DAGs
[2024-04-09T19:19:25.768+0000] {logging_mixin.py:188} INFO - [2024-04-09T19:19:25.768+0000] {dag.py:3954} INFO - Setting next_dagrun for latest_only_with_trigger to 2024-04-09 12:00:00+00:00, run_after=2024-04-09 16:00:00+00:00
[2024-04-09T19:19:25.792+0000] {processor.py:183} INFO - Processing /home/airflow/.local/lib/python3.12/site-packages/airflow/example_dags/example_latest_only_with_trigger.py took 0.089 seconds
[2024-04-09T19:19:56.366+0000] {processor.py:161} INFO - Started process (PID=14796) to work on /home/airflow/.local/lib/python3.12/site-packages/airflow/example_dags/example_latest_only_with_trigger.py
[2024-04-09T19:19:56.368+0000] {processor.py:830} INFO - Processing file /home/airflow/.local/lib/python3.12/site-packages/airflow/example_dags/example_latest_only_with_trigger.py for tasks to queue
[2024-04-09T19:19:56.370+0000] {logging_mixin.py:188} INFO - [2024-04-09T19:19:56.369+0000] {dagbag.py:540} INFO - Filling up the DagBag from /home/airflow/.local/lib/python3.12/site-packages/airflow/example_dags/example_latest_only_with_trigger.py
[2024-04-09T19:19:56.376+0000] {processor.py:840} INFO - DAG(s) 'latest_only_with_trigger' retrieved from /home/airflow/.local/lib/python3.12/site-packages/airflow/example_dags/example_latest_only_with_trigger.py
[2024-04-09T19:19:56.400+0000] {logging_mixin.py:188} INFO - [2024-04-09T19:19:56.400+0000] {dag.py:3096} INFO - Sync 1 DAGs
[2024-04-09T19:19:56.429+0000] {logging_mixin.py:188} INFO - [2024-04-09T19:19:56.429+0000] {dag.py:3954} INFO - Setting next_dagrun for latest_only_with_trigger to 2024-04-09 12:00:00+00:00, run_after=2024-04-09 16:00:00+00:00
[2024-04-09T19:19:56.459+0000] {processor.py:183} INFO - Processing /home/airflow/.local/lib/python3.12/site-packages/airflow/example_dags/example_latest_only_with_trigger.py took 0.099 seconds
[2024-04-09T19:20:26.824+0000] {processor.py:161} INFO - Started process (PID=15069) to work on /home/airflow/.local/lib/python3.12/site-packages/airflow/example_dags/example_latest_only_with_trigger.py
[2024-04-09T19:20:26.825+0000] {processor.py:830} INFO - Processing file /home/airflow/.local/lib/python3.12/site-packages/airflow/example_dags/example_latest_only_with_trigger.py for tasks to queue
[2024-04-09T19:20:26.826+0000] {logging_mixin.py:188} INFO - [2024-04-09T19:20:26.826+0000] {dagbag.py:540} INFO - Filling up the DagBag from /home/airflow/.local/lib/python3.12/site-packages/airflow/example_dags/example_latest_only_with_trigger.py
[2024-04-09T19:20:26.839+0000] {processor.py:840} INFO - DAG(s) 'latest_only_with_trigger' retrieved from /home/airflow/.local/lib/python3.12/site-packages/airflow/example_dags/example_latest_only_with_trigger.py
[2024-04-09T19:20:26.862+0000] {logging_mixin.py:188} INFO - [2024-04-09T19:20:26.861+0000] {dag.py:3096} INFO - Sync 1 DAGs
[2024-04-09T19:20:26.888+0000] {logging_mixin.py:188} INFO - [2024-04-09T19:20:26.888+0000] {dag.py:3954} INFO - Setting next_dagrun for latest_only_with_trigger to 2024-04-09 12:00:00+00:00, run_after=2024-04-09 16:00:00+00:00
[2024-04-09T19:20:26.910+0000] {processor.py:183} INFO - Processing /home/airflow/.local/lib/python3.12/site-packages/airflow/example_dags/example_latest_only_with_trigger.py took 0.093 seconds
[2024-04-09T19:20:57.648+0000] {processor.py:161} INFO - Started process (PID=15340) to work on /home/airflow/.local/lib/python3.12/site-packages/airflow/example_dags/example_latest_only_with_trigger.py
[2024-04-09T19:20:57.649+0000] {processor.py:830} INFO - Processing file /home/airflow/.local/lib/python3.12/site-packages/airflow/example_dags/example_latest_only_with_trigger.py for tasks to queue
[2024-04-09T19:20:57.651+0000] {logging_mixin.py:188} INFO - [2024-04-09T19:20:57.651+0000] {dagbag.py:540} INFO - Filling up the DagBag from /home/airflow/.local/lib/python3.12/site-packages/airflow/example_dags/example_latest_only_with_trigger.py
[2024-04-09T19:20:57.658+0000] {processor.py:840} INFO - DAG(s) 'latest_only_with_trigger' retrieved from /home/airflow/.local/lib/python3.12/site-packages/airflow/example_dags/example_latest_only_with_trigger.py
[2024-04-09T19:20:57.691+0000] {logging_mixin.py:188} INFO - [2024-04-09T19:20:57.690+0000] {dag.py:3096} INFO - Sync 1 DAGs
[2024-04-09T19:20:57.716+0000] {logging_mixin.py:188} INFO - [2024-04-09T19:20:57.716+0000] {dag.py:3954} INFO - Setting next_dagrun for latest_only_with_trigger to 2024-04-09 12:00:00+00:00, run_after=2024-04-09 16:00:00+00:00
[2024-04-09T19:20:57.739+0000] {processor.py:183} INFO - Processing /home/airflow/.local/lib/python3.12/site-packages/airflow/example_dags/example_latest_only_with_trigger.py took 0.105 seconds
[2024-04-09T19:21:28.199+0000] {processor.py:161} INFO - Started process (PID=15614) to work on /home/airflow/.local/lib/python3.12/site-packages/airflow/example_dags/example_latest_only_with_trigger.py
[2024-04-09T19:21:28.200+0000] {processor.py:830} INFO - Processing file /home/airflow/.local/lib/python3.12/site-packages/airflow/example_dags/example_latest_only_with_trigger.py for tasks to queue
[2024-04-09T19:21:28.202+0000] {logging_mixin.py:188} INFO - [2024-04-09T19:21:28.202+0000] {dagbag.py:540} INFO - Filling up the DagBag from /home/airflow/.local/lib/python3.12/site-packages/airflow/example_dags/example_latest_only_with_trigger.py
[2024-04-09T19:21:28.209+0000] {processor.py:840} INFO - DAG(s) 'latest_only_with_trigger' retrieved from /home/airflow/.local/lib/python3.12/site-packages/airflow/example_dags/example_latest_only_with_trigger.py
[2024-04-09T19:21:28.232+0000] {logging_mixin.py:188} INFO - [2024-04-09T19:21:28.232+0000] {dag.py:3096} INFO - Sync 1 DAGs
[2024-04-09T19:21:28.262+0000] {logging_mixin.py:188} INFO - [2024-04-09T19:21:28.262+0000] {dag.py:3954} INFO - Setting next_dagrun for latest_only_with_trigger to 2024-04-09 12:00:00+00:00, run_after=2024-04-09 16:00:00+00:00
[2024-04-09T19:21:28.284+0000] {processor.py:183} INFO - Processing /home/airflow/.local/lib/python3.12/site-packages/airflow/example_dags/example_latest_only_with_trigger.py took 0.092 seconds
[2024-04-09T19:21:58.619+0000] {processor.py:161} INFO - Started process (PID=15886) to work on /home/airflow/.local/lib/python3.12/site-packages/airflow/example_dags/example_latest_only_with_trigger.py
[2024-04-09T19:21:58.620+0000] {processor.py:830} INFO - Processing file /home/airflow/.local/lib/python3.12/site-packages/airflow/example_dags/example_latest_only_with_trigger.py for tasks to queue
[2024-04-09T19:21:58.622+0000] {logging_mixin.py:188} INFO - [2024-04-09T19:21:58.622+0000] {dagbag.py:540} INFO - Filling up the DagBag from /home/airflow/.local/lib/python3.12/site-packages/airflow/example_dags/example_latest_only_with_trigger.py
[2024-04-09T19:21:58.629+0000] {processor.py:840} INFO - DAG(s) 'latest_only_with_trigger' retrieved from /home/airflow/.local/lib/python3.12/site-packages/airflow/example_dags/example_latest_only_with_trigger.py
[2024-04-09T19:21:58.660+0000] {logging_mixin.py:188} INFO - [2024-04-09T19:21:58.659+0000] {dag.py:3096} INFO - Sync 1 DAGs
[2024-04-09T19:21:58.700+0000] {logging_mixin.py:188} INFO - [2024-04-09T19:21:58.700+0000] {dag.py:3954} INFO - Setting next_dagrun for latest_only_with_trigger to 2024-04-09 12:00:00+00:00, run_after=2024-04-09 16:00:00+00:00
[2024-04-09T19:21:58.732+0000] {processor.py:183} INFO - Processing /home/airflow/.local/lib/python3.12/site-packages/airflow/example_dags/example_latest_only_with_trigger.py took 0.120 seconds
[2024-04-09T19:22:29.234+0000] {processor.py:161} INFO - Started process (PID=16158) to work on /home/airflow/.local/lib/python3.12/site-packages/airflow/example_dags/example_latest_only_with_trigger.py
[2024-04-09T19:22:29.236+0000] {processor.py:830} INFO - Processing file /home/airflow/.local/lib/python3.12/site-packages/airflow/example_dags/example_latest_only_with_trigger.py for tasks to queue
[2024-04-09T19:22:29.238+0000] {logging_mixin.py:188} INFO - [2024-04-09T19:22:29.238+0000] {dagbag.py:540} INFO - Filling up the DagBag from /home/airflow/.local/lib/python3.12/site-packages/airflow/example_dags/example_latest_only_with_trigger.py
[2024-04-09T19:22:29.244+0000] {processor.py:840} INFO - DAG(s) 'latest_only_with_trigger' retrieved from /home/airflow/.local/lib/python3.12/site-packages/airflow/example_dags/example_latest_only_with_trigger.py
[2024-04-09T19:22:29.268+0000] {logging_mixin.py:188} INFO - [2024-04-09T19:22:29.268+0000] {dag.py:3096} INFO - Sync 1 DAGs
[2024-04-09T19:22:29.294+0000] {logging_mixin.py:188} INFO - [2024-04-09T19:22:29.293+0000] {dag.py:3954} INFO - Setting next_dagrun for latest_only_with_trigger to 2024-04-09 12:00:00+00:00, run_after=2024-04-09 16:00:00+00:00
[2024-04-09T19:22:29.318+0000] {processor.py:183} INFO - Processing /home/airflow/.local/lib/python3.12/site-packages/airflow/example_dags/example_latest_only_with_trigger.py took 0.091 seconds
[2024-04-09T19:22:59.982+0000] {processor.py:161} INFO - Started process (PID=16430) to work on /home/airflow/.local/lib/python3.12/site-packages/airflow/example_dags/example_latest_only_with_trigger.py
[2024-04-09T19:22:59.983+0000] {processor.py:830} INFO - Processing file /home/airflow/.local/lib/python3.12/site-packages/airflow/example_dags/example_latest_only_with_trigger.py for tasks to queue
[2024-04-09T19:22:59.986+0000] {logging_mixin.py:188} INFO - [2024-04-09T19:22:59.985+0000] {dagbag.py:540} INFO - Filling up the DagBag from /home/airflow/.local/lib/python3.12/site-packages/airflow/example_dags/example_latest_only_with_trigger.py
[2024-04-09T19:22:59.993+0000] {processor.py:840} INFO - DAG(s) 'latest_only_with_trigger' retrieved from /home/airflow/.local/lib/python3.12/site-packages/airflow/example_dags/example_latest_only_with_trigger.py
[2024-04-09T19:23:00.016+0000] {logging_mixin.py:188} INFO - [2024-04-09T19:23:00.015+0000] {dag.py:3096} INFO - Sync 1 DAGs
[2024-04-09T19:23:00.041+0000] {logging_mixin.py:188} INFO - [2024-04-09T19:23:00.041+0000] {dag.py:3954} INFO - Setting next_dagrun for latest_only_with_trigger to 2024-04-09 12:00:00+00:00, run_after=2024-04-09 16:00:00+00:00
[2024-04-09T19:23:00.066+0000] {processor.py:183} INFO - Processing /home/airflow/.local/lib/python3.12/site-packages/airflow/example_dags/example_latest_only_with_trigger.py took 0.091 seconds
[2024-04-09T19:23:30.340+0000] {processor.py:161} INFO - Started process (PID=16702) to work on /home/airflow/.local/lib/python3.12/site-packages/airflow/example_dags/example_latest_only_with_trigger.py
[2024-04-09T19:23:30.342+0000] {processor.py:830} INFO - Processing file /home/airflow/.local/lib/python3.12/site-packages/airflow/example_dags/example_latest_only_with_trigger.py for tasks to queue
[2024-04-09T19:23:30.349+0000] {logging_mixin.py:188} INFO - [2024-04-09T19:23:30.348+0000] {dagbag.py:540} INFO - Filling up the DagBag from /home/airflow/.local/lib/python3.12/site-packages/airflow/example_dags/example_latest_only_with_trigger.py
[2024-04-09T19:23:30.358+0000] {processor.py:840} INFO - DAG(s) 'latest_only_with_trigger' retrieved from /home/airflow/.local/lib/python3.12/site-packages/airflow/example_dags/example_latest_only_with_trigger.py
[2024-04-09T19:23:30.381+0000] {logging_mixin.py:188} INFO - [2024-04-09T19:23:30.381+0000] {dag.py:3096} INFO - Sync 1 DAGs
[2024-04-09T19:23:30.406+0000] {logging_mixin.py:188} INFO - [2024-04-09T19:23:30.406+0000] {dag.py:3954} INFO - Setting next_dagrun for latest_only_with_trigger to 2024-04-09 12:00:00+00:00, run_after=2024-04-09 16:00:00+00:00
[2024-04-09T19:23:30.429+0000] {processor.py:183} INFO - Processing /home/airflow/.local/lib/python3.12/site-packages/airflow/example_dags/example_latest_only_with_trigger.py took 0.095 seconds
