[2024-04-09T18:50:54.527+0000] {processor.py:161} INFO - Started process (PID=273) to work on /home/airflow/.local/lib/python3.12/site-packages/airflow/example_dags/example_branch_labels.py
[2024-04-09T18:50:54.530+0000] {processor.py:830} INFO - Processing file /home/airflow/.local/lib/python3.12/site-packages/airflow/example_dags/example_branch_labels.py for tasks to queue
[2024-04-09T18:50:54.533+0000] {logging_mixin.py:188} INFO - [2024-04-09T18:50:54.532+0000] {dagbag.py:540} INFO - Filling up the DagBag from /home/airflow/.local/lib/python3.12/site-packages/airflow/example_dags/example_branch_labels.py
[2024-04-09T18:50:54.547+0000] {processor.py:840} INFO - DAG(s) 'example_branch_labels' retrieved from /home/airflow/.local/lib/python3.12/site-packages/airflow/example_dags/example_branch_labels.py
[2024-04-09T18:50:54.761+0000] {logging_mixin.py:188} INFO - [2024-04-09T18:50:54.760+0000] {override.py:1829} INFO - Created Permission View: can edit on DAG:example_branch_labels
[2024-04-09T18:50:54.789+0000] {logging_mixin.py:188} INFO - [2024-04-09T18:50:54.788+0000] {override.py:1829} INFO - Created Permission View: can delete on DAG:example_branch_labels
[2024-04-09T18:50:54.808+0000] {logging_mixin.py:188} INFO - [2024-04-09T18:50:54.807+0000] {override.py:1829} INFO - Created Permission View: can read on DAG:example_branch_labels
[2024-04-09T18:50:54.809+0000] {logging_mixin.py:188} INFO - [2024-04-09T18:50:54.808+0000] {dag.py:3096} INFO - Sync 1 DAGs
[2024-04-09T18:50:54.832+0000] {logging_mixin.py:188} INFO - [2024-04-09T18:50:54.831+0000] {dag.py:3118} INFO - Creating ORM DAG for example_branch_labels
[2024-04-09T18:50:54.853+0000] {logging_mixin.py:188} INFO - [2024-04-09T18:50:54.853+0000] {dag.py:3954} INFO - Setting next_dagrun for example_branch_labels to 2024-04-08 00:00:00+00:00, run_after=2024-04-09 00:00:00+00:00
[2024-04-09T18:50:54.891+0000] {processor.py:183} INFO - Processing /home/airflow/.local/lib/python3.12/site-packages/airflow/example_dags/example_branch_labels.py took 0.371 seconds
[2024-04-09T18:51:25.203+0000] {processor.py:161} INFO - Started process (PID=536) to work on /home/airflow/.local/lib/python3.12/site-packages/airflow/example_dags/example_branch_labels.py
[2024-04-09T18:51:25.204+0000] {processor.py:830} INFO - Processing file /home/airflow/.local/lib/python3.12/site-packages/airflow/example_dags/example_branch_labels.py for tasks to queue
[2024-04-09T18:51:25.206+0000] {logging_mixin.py:188} INFO - [2024-04-09T18:51:25.205+0000] {dagbag.py:540} INFO - Filling up the DagBag from /home/airflow/.local/lib/python3.12/site-packages/airflow/example_dags/example_branch_labels.py
[2024-04-09T18:51:25.215+0000] {processor.py:840} INFO - DAG(s) 'example_branch_labels' retrieved from /home/airflow/.local/lib/python3.12/site-packages/airflow/example_dags/example_branch_labels.py
[2024-04-09T18:51:25.239+0000] {logging_mixin.py:188} INFO - [2024-04-09T18:51:25.239+0000] {dag.py:3096} INFO - Sync 1 DAGs
[2024-04-09T18:51:25.266+0000] {logging_mixin.py:188} INFO - [2024-04-09T18:51:25.266+0000] {dag.py:3954} INFO - Setting next_dagrun for example_branch_labels to 2024-04-08 00:00:00+00:00, run_after=2024-04-09 00:00:00+00:00
[2024-04-09T18:51:25.290+0000] {processor.py:183} INFO - Processing /home/airflow/.local/lib/python3.12/site-packages/airflow/example_dags/example_branch_labels.py took 0.094 seconds
[2024-04-09T18:52:34.077+0000] {processor.py:161} INFO - Started process (PID=268) to work on /home/airflow/.local/lib/python3.12/site-packages/airflow/example_dags/example_branch_labels.py
[2024-04-09T18:52:34.079+0000] {processor.py:830} INFO - Processing file /home/airflow/.local/lib/python3.12/site-packages/airflow/example_dags/example_branch_labels.py for tasks to queue
[2024-04-09T18:52:34.081+0000] {logging_mixin.py:188} INFO - [2024-04-09T18:52:34.080+0000] {dagbag.py:540} INFO - Filling up the DagBag from /home/airflow/.local/lib/python3.12/site-packages/airflow/example_dags/example_branch_labels.py
[2024-04-09T18:52:34.104+0000] {processor.py:840} INFO - DAG(s) 'example_branch_labels' retrieved from /home/airflow/.local/lib/python3.12/site-packages/airflow/example_dags/example_branch_labels.py
[2024-04-09T18:52:34.340+0000] {logging_mixin.py:188} INFO - [2024-04-09T18:52:34.340+0000] {dag.py:3096} INFO - Sync 1 DAGs
[2024-04-09T18:52:34.415+0000] {logging_mixin.py:188} INFO - [2024-04-09T18:52:34.415+0000] {dag.py:3954} INFO - Setting next_dagrun for example_branch_labels to 2024-04-08 00:00:00+00:00, run_after=2024-04-09 00:00:00+00:00
[2024-04-09T18:52:34.440+0000] {processor.py:183} INFO - Processing /home/airflow/.local/lib/python3.12/site-packages/airflow/example_dags/example_branch_labels.py took 0.370 seconds
[2024-04-09T18:53:04.698+0000] {processor.py:161} INFO - Started process (PID=530) to work on /home/airflow/.local/lib/python3.12/site-packages/airflow/example_dags/example_branch_labels.py
[2024-04-09T18:53:04.700+0000] {processor.py:830} INFO - Processing file /home/airflow/.local/lib/python3.12/site-packages/airflow/example_dags/example_branch_labels.py for tasks to queue
[2024-04-09T18:53:04.702+0000] {logging_mixin.py:188} INFO - [2024-04-09T18:53:04.702+0000] {dagbag.py:540} INFO - Filling up the DagBag from /home/airflow/.local/lib/python3.12/site-packages/airflow/example_dags/example_branch_labels.py
[2024-04-09T18:53:04.747+0000] {processor.py:840} INFO - DAG(s) 'example_branch_labels' retrieved from /home/airflow/.local/lib/python3.12/site-packages/airflow/example_dags/example_branch_labels.py
[2024-04-09T18:53:04.838+0000] {logging_mixin.py:188} INFO - [2024-04-09T18:53:04.838+0000] {dag.py:3096} INFO - Sync 1 DAGs
[2024-04-09T18:53:04.887+0000] {logging_mixin.py:188} INFO - [2024-04-09T18:53:04.887+0000] {dag.py:3954} INFO - Setting next_dagrun for example_branch_labels to 2024-04-08 00:00:00+00:00, run_after=2024-04-09 00:00:00+00:00
[2024-04-09T18:53:04.917+0000] {processor.py:183} INFO - Processing /home/airflow/.local/lib/python3.12/site-packages/airflow/example_dags/example_branch_labels.py took 0.240 seconds
[2024-04-09T18:53:35.193+0000] {processor.py:161} INFO - Started process (PID=793) to work on /home/airflow/.local/lib/python3.12/site-packages/airflow/example_dags/example_branch_labels.py
[2024-04-09T18:53:35.194+0000] {processor.py:830} INFO - Processing file /home/airflow/.local/lib/python3.12/site-packages/airflow/example_dags/example_branch_labels.py for tasks to queue
[2024-04-09T18:53:35.196+0000] {logging_mixin.py:188} INFO - [2024-04-09T18:53:35.195+0000] {dagbag.py:540} INFO - Filling up the DagBag from /home/airflow/.local/lib/python3.12/site-packages/airflow/example_dags/example_branch_labels.py
[2024-04-09T18:53:35.207+0000] {processor.py:840} INFO - DAG(s) 'example_branch_labels' retrieved from /home/airflow/.local/lib/python3.12/site-packages/airflow/example_dags/example_branch_labels.py
[2024-04-09T18:53:35.231+0000] {logging_mixin.py:188} INFO - [2024-04-09T18:53:35.231+0000] {dag.py:3096} INFO - Sync 1 DAGs
[2024-04-09T18:53:35.262+0000] {logging_mixin.py:188} INFO - [2024-04-09T18:53:35.261+0000] {dag.py:3954} INFO - Setting next_dagrun for example_branch_labels to 2024-04-08 00:00:00+00:00, run_after=2024-04-09 00:00:00+00:00
[2024-04-09T18:53:35.287+0000] {processor.py:183} INFO - Processing /home/airflow/.local/lib/python3.12/site-packages/airflow/example_dags/example_branch_labels.py took 0.103 seconds
[2024-04-09T18:54:06.198+0000] {processor.py:161} INFO - Started process (PID=1059) to work on /home/airflow/.local/lib/python3.12/site-packages/airflow/example_dags/example_branch_labels.py
[2024-04-09T18:54:06.199+0000] {processor.py:830} INFO - Processing file /home/airflow/.local/lib/python3.12/site-packages/airflow/example_dags/example_branch_labels.py for tasks to queue
[2024-04-09T18:54:06.202+0000] {logging_mixin.py:188} INFO - [2024-04-09T18:54:06.201+0000] {dagbag.py:540} INFO - Filling up the DagBag from /home/airflow/.local/lib/python3.12/site-packages/airflow/example_dags/example_branch_labels.py
[2024-04-09T18:54:06.211+0000] {processor.py:840} INFO - DAG(s) 'example_branch_labels' retrieved from /home/airflow/.local/lib/python3.12/site-packages/airflow/example_dags/example_branch_labels.py
[2024-04-09T18:54:06.237+0000] {logging_mixin.py:188} INFO - [2024-04-09T18:54:06.237+0000] {dag.py:3096} INFO - Sync 1 DAGs
[2024-04-09T18:54:06.270+0000] {logging_mixin.py:188} INFO - [2024-04-09T18:54:06.270+0000] {dag.py:3954} INFO - Setting next_dagrun for example_branch_labels to 2024-04-08 00:00:00+00:00, run_after=2024-04-09 00:00:00+00:00
[2024-04-09T18:54:06.299+0000] {processor.py:183} INFO - Processing /home/airflow/.local/lib/python3.12/site-packages/airflow/example_dags/example_branch_labels.py took 0.106 seconds
[2024-04-09T18:54:36.728+0000] {processor.py:161} INFO - Started process (PID=1321) to work on /home/airflow/.local/lib/python3.12/site-packages/airflow/example_dags/example_branch_labels.py
[2024-04-09T18:54:36.729+0000] {processor.py:830} INFO - Processing file /home/airflow/.local/lib/python3.12/site-packages/airflow/example_dags/example_branch_labels.py for tasks to queue
[2024-04-09T18:54:36.730+0000] {logging_mixin.py:188} INFO - [2024-04-09T18:54:36.730+0000] {dagbag.py:540} INFO - Filling up the DagBag from /home/airflow/.local/lib/python3.12/site-packages/airflow/example_dags/example_branch_labels.py
[2024-04-09T18:54:36.746+0000] {processor.py:840} INFO - DAG(s) 'example_branch_labels' retrieved from /home/airflow/.local/lib/python3.12/site-packages/airflow/example_dags/example_branch_labels.py
[2024-04-09T18:54:36.777+0000] {logging_mixin.py:188} INFO - [2024-04-09T18:54:36.777+0000] {dag.py:3096} INFO - Sync 1 DAGs
[2024-04-09T18:54:36.807+0000] {logging_mixin.py:188} INFO - [2024-04-09T18:54:36.807+0000] {dag.py:3954} INFO - Setting next_dagrun for example_branch_labels to 2024-04-08 00:00:00+00:00, run_after=2024-04-09 00:00:00+00:00
[2024-04-09T18:54:36.830+0000] {processor.py:183} INFO - Processing /home/airflow/.local/lib/python3.12/site-packages/airflow/example_dags/example_branch_labels.py took 0.112 seconds
[2024-04-09T18:55:07.434+0000] {processor.py:161} INFO - Started process (PID=1583) to work on /home/airflow/.local/lib/python3.12/site-packages/airflow/example_dags/example_branch_labels.py
[2024-04-09T18:55:07.436+0000] {processor.py:830} INFO - Processing file /home/airflow/.local/lib/python3.12/site-packages/airflow/example_dags/example_branch_labels.py for tasks to queue
[2024-04-09T18:55:07.438+0000] {logging_mixin.py:188} INFO - [2024-04-09T18:55:07.437+0000] {dagbag.py:540} INFO - Filling up the DagBag from /home/airflow/.local/lib/python3.12/site-packages/airflow/example_dags/example_branch_labels.py
[2024-04-09T18:55:07.447+0000] {processor.py:840} INFO - DAG(s) 'example_branch_labels' retrieved from /home/airflow/.local/lib/python3.12/site-packages/airflow/example_dags/example_branch_labels.py
[2024-04-09T18:55:07.474+0000] {logging_mixin.py:188} INFO - [2024-04-09T18:55:07.474+0000] {dag.py:3096} INFO - Sync 1 DAGs
[2024-04-09T18:55:07.503+0000] {logging_mixin.py:188} INFO - [2024-04-09T18:55:07.503+0000] {dag.py:3954} INFO - Setting next_dagrun for example_branch_labels to 2024-04-08 00:00:00+00:00, run_after=2024-04-09 00:00:00+00:00
[2024-04-09T18:55:07.533+0000] {processor.py:183} INFO - Processing /home/airflow/.local/lib/python3.12/site-packages/airflow/example_dags/example_branch_labels.py took 0.104 seconds
[2024-04-09T18:55:37.859+0000] {processor.py:161} INFO - Started process (PID=1848) to work on /home/airflow/.local/lib/python3.12/site-packages/airflow/example_dags/example_branch_labels.py
[2024-04-09T18:55:37.860+0000] {processor.py:830} INFO - Processing file /home/airflow/.local/lib/python3.12/site-packages/airflow/example_dags/example_branch_labels.py for tasks to queue
[2024-04-09T18:55:37.862+0000] {logging_mixin.py:188} INFO - [2024-04-09T18:55:37.862+0000] {dagbag.py:540} INFO - Filling up the DagBag from /home/airflow/.local/lib/python3.12/site-packages/airflow/example_dags/example_branch_labels.py
[2024-04-09T18:55:37.871+0000] {processor.py:840} INFO - DAG(s) 'example_branch_labels' retrieved from /home/airflow/.local/lib/python3.12/site-packages/airflow/example_dags/example_branch_labels.py
[2024-04-09T18:55:37.896+0000] {logging_mixin.py:188} INFO - [2024-04-09T18:55:37.896+0000] {dag.py:3096} INFO - Sync 1 DAGs
[2024-04-09T18:55:37.972+0000] {logging_mixin.py:188} INFO - [2024-04-09T18:55:37.972+0000] {dag.py:3954} INFO - Setting next_dagrun for example_branch_labels to 2024-04-08 00:00:00+00:00, run_after=2024-04-09 00:00:00+00:00
[2024-04-09T18:55:37.995+0000] {processor.py:183} INFO - Processing /home/airflow/.local/lib/python3.12/site-packages/airflow/example_dags/example_branch_labels.py took 0.142 seconds
[2024-04-09T18:56:08.349+0000] {processor.py:161} INFO - Started process (PID=2108) to work on /home/airflow/.local/lib/python3.12/site-packages/airflow/example_dags/example_branch_labels.py
[2024-04-09T18:56:08.350+0000] {processor.py:830} INFO - Processing file /home/airflow/.local/lib/python3.12/site-packages/airflow/example_dags/example_branch_labels.py for tasks to queue
[2024-04-09T18:56:08.352+0000] {logging_mixin.py:188} INFO - [2024-04-09T18:56:08.352+0000] {dagbag.py:540} INFO - Filling up the DagBag from /home/airflow/.local/lib/python3.12/site-packages/airflow/example_dags/example_branch_labels.py
[2024-04-09T18:56:08.361+0000] {processor.py:840} INFO - DAG(s) 'example_branch_labels' retrieved from /home/airflow/.local/lib/python3.12/site-packages/airflow/example_dags/example_branch_labels.py
[2024-04-09T18:56:08.388+0000] {logging_mixin.py:188} INFO - [2024-04-09T18:56:08.387+0000] {dag.py:3096} INFO - Sync 1 DAGs
[2024-04-09T18:56:08.416+0000] {logging_mixin.py:188} INFO - [2024-04-09T18:56:08.416+0000] {dag.py:3954} INFO - Setting next_dagrun for example_branch_labels to 2024-04-08 00:00:00+00:00, run_after=2024-04-09 00:00:00+00:00
[2024-04-09T18:56:08.438+0000] {processor.py:183} INFO - Processing /home/airflow/.local/lib/python3.12/site-packages/airflow/example_dags/example_branch_labels.py took 0.096 seconds
[2024-04-09T18:56:39.088+0000] {processor.py:161} INFO - Started process (PID=2372) to work on /home/airflow/.local/lib/python3.12/site-packages/airflow/example_dags/example_branch_labels.py
[2024-04-09T18:56:39.090+0000] {processor.py:830} INFO - Processing file /home/airflow/.local/lib/python3.12/site-packages/airflow/example_dags/example_branch_labels.py for tasks to queue
[2024-04-09T18:56:39.091+0000] {logging_mixin.py:188} INFO - [2024-04-09T18:56:39.091+0000] {dagbag.py:540} INFO - Filling up the DagBag from /home/airflow/.local/lib/python3.12/site-packages/airflow/example_dags/example_branch_labels.py
[2024-04-09T18:56:39.098+0000] {processor.py:840} INFO - DAG(s) 'example_branch_labels' retrieved from /home/airflow/.local/lib/python3.12/site-packages/airflow/example_dags/example_branch_labels.py
[2024-04-09T18:56:39.118+0000] {logging_mixin.py:188} INFO - [2024-04-09T18:56:39.118+0000] {dag.py:3096} INFO - Sync 1 DAGs
[2024-04-09T18:56:39.137+0000] {logging_mixin.py:188} INFO - [2024-04-09T18:56:39.137+0000] {dag.py:3954} INFO - Setting next_dagrun for example_branch_labels to 2024-04-08 00:00:00+00:00, run_after=2024-04-09 00:00:00+00:00
[2024-04-09T18:56:39.156+0000] {processor.py:183} INFO - Processing /home/airflow/.local/lib/python3.12/site-packages/airflow/example_dags/example_branch_labels.py took 0.073 seconds
[2024-04-09T18:57:09.584+0000] {processor.py:161} INFO - Started process (PID=2634) to work on /home/airflow/.local/lib/python3.12/site-packages/airflow/example_dags/example_branch_labels.py
[2024-04-09T18:57:09.585+0000] {processor.py:830} INFO - Processing file /home/airflow/.local/lib/python3.12/site-packages/airflow/example_dags/example_branch_labels.py for tasks to queue
[2024-04-09T18:57:09.586+0000] {logging_mixin.py:188} INFO - [2024-04-09T18:57:09.586+0000] {dagbag.py:540} INFO - Filling up the DagBag from /home/airflow/.local/lib/python3.12/site-packages/airflow/example_dags/example_branch_labels.py
[2024-04-09T18:57:09.593+0000] {processor.py:840} INFO - DAG(s) 'example_branch_labels' retrieved from /home/airflow/.local/lib/python3.12/site-packages/airflow/example_dags/example_branch_labels.py
[2024-04-09T18:57:09.610+0000] {logging_mixin.py:188} INFO - [2024-04-09T18:57:09.610+0000] {dag.py:3096} INFO - Sync 1 DAGs
[2024-04-09T18:57:09.629+0000] {logging_mixin.py:188} INFO - [2024-04-09T18:57:09.629+0000] {dag.py:3954} INFO - Setting next_dagrun for example_branch_labels to 2024-04-08 00:00:00+00:00, run_after=2024-04-09 00:00:00+00:00
[2024-04-09T18:57:09.647+0000] {processor.py:183} INFO - Processing /home/airflow/.local/lib/python3.12/site-packages/airflow/example_dags/example_branch_labels.py took 0.068 seconds
[2024-04-09T18:57:40.146+0000] {processor.py:161} INFO - Started process (PID=2906) to work on /home/airflow/.local/lib/python3.12/site-packages/airflow/example_dags/example_branch_labels.py
[2024-04-09T18:57:40.147+0000] {processor.py:830} INFO - Processing file /home/airflow/.local/lib/python3.12/site-packages/airflow/example_dags/example_branch_labels.py for tasks to queue
[2024-04-09T18:57:40.149+0000] {logging_mixin.py:188} INFO - [2024-04-09T18:57:40.148+0000] {dagbag.py:540} INFO - Filling up the DagBag from /home/airflow/.local/lib/python3.12/site-packages/airflow/example_dags/example_branch_labels.py
[2024-04-09T18:57:40.158+0000] {processor.py:840} INFO - DAG(s) 'example_branch_labels' retrieved from /home/airflow/.local/lib/python3.12/site-packages/airflow/example_dags/example_branch_labels.py
[2024-04-09T18:57:40.190+0000] {logging_mixin.py:188} INFO - [2024-04-09T18:57:40.183+0000] {dag.py:3096} INFO - Sync 1 DAGs
[2024-04-09T18:57:40.230+0000] {logging_mixin.py:188} INFO - [2024-04-09T18:57:40.230+0000] {dag.py:3954} INFO - Setting next_dagrun for example_branch_labels to 2024-04-08 00:00:00+00:00, run_after=2024-04-09 00:00:00+00:00
[2024-04-09T18:57:40.255+0000] {processor.py:183} INFO - Processing /home/airflow/.local/lib/python3.12/site-packages/airflow/example_dags/example_branch_labels.py took 0.115 seconds
[2024-04-09T18:58:10.349+0000] {processor.py:161} INFO - Started process (PID=3179) to work on /home/airflow/.local/lib/python3.12/site-packages/airflow/example_dags/example_branch_labels.py
[2024-04-09T18:58:10.350+0000] {processor.py:830} INFO - Processing file /home/airflow/.local/lib/python3.12/site-packages/airflow/example_dags/example_branch_labels.py for tasks to queue
[2024-04-09T18:58:10.352+0000] {logging_mixin.py:188} INFO - [2024-04-09T18:58:10.352+0000] {dagbag.py:540} INFO - Filling up the DagBag from /home/airflow/.local/lib/python3.12/site-packages/airflow/example_dags/example_branch_labels.py
[2024-04-09T18:58:10.361+0000] {processor.py:840} INFO - DAG(s) 'example_branch_labels' retrieved from /home/airflow/.local/lib/python3.12/site-packages/airflow/example_dags/example_branch_labels.py
[2024-04-09T18:58:10.388+0000] {logging_mixin.py:188} INFO - [2024-04-09T18:58:10.387+0000] {dag.py:3096} INFO - Sync 1 DAGs
[2024-04-09T18:58:10.416+0000] {logging_mixin.py:188} INFO - [2024-04-09T18:58:10.416+0000] {dag.py:3954} INFO - Setting next_dagrun for example_branch_labels to 2024-04-08 00:00:00+00:00, run_after=2024-04-09 00:00:00+00:00
[2024-04-09T18:58:10.443+0000] {processor.py:183} INFO - Processing /home/airflow/.local/lib/python3.12/site-packages/airflow/example_dags/example_branch_labels.py took 0.101 seconds
[2024-04-09T18:58:40.716+0000] {processor.py:161} INFO - Started process (PID=3448) to work on /home/airflow/.local/lib/python3.12/site-packages/airflow/example_dags/example_branch_labels.py
[2024-04-09T18:58:40.717+0000] {processor.py:830} INFO - Processing file /home/airflow/.local/lib/python3.12/site-packages/airflow/example_dags/example_branch_labels.py for tasks to queue
[2024-04-09T18:58:40.719+0000] {logging_mixin.py:188} INFO - [2024-04-09T18:58:40.719+0000] {dagbag.py:540} INFO - Filling up the DagBag from /home/airflow/.local/lib/python3.12/site-packages/airflow/example_dags/example_branch_labels.py
[2024-04-09T18:58:40.727+0000] {processor.py:840} INFO - DAG(s) 'example_branch_labels' retrieved from /home/airflow/.local/lib/python3.12/site-packages/airflow/example_dags/example_branch_labels.py
[2024-04-09T18:58:40.752+0000] {logging_mixin.py:188} INFO - [2024-04-09T18:58:40.752+0000] {dag.py:3096} INFO - Sync 1 DAGs
[2024-04-09T18:58:40.784+0000] {logging_mixin.py:188} INFO - [2024-04-09T18:58:40.784+0000] {dag.py:3954} INFO - Setting next_dagrun for example_branch_labels to 2024-04-08 00:00:00+00:00, run_after=2024-04-09 00:00:00+00:00
[2024-04-09T18:58:40.810+0000] {processor.py:183} INFO - Processing /home/airflow/.local/lib/python3.12/site-packages/airflow/example_dags/example_branch_labels.py took 0.102 seconds
[2024-04-09T18:59:11.008+0000] {processor.py:161} INFO - Started process (PID=3720) to work on /home/airflow/.local/lib/python3.12/site-packages/airflow/example_dags/example_branch_labels.py
[2024-04-09T18:59:11.009+0000] {processor.py:830} INFO - Processing file /home/airflow/.local/lib/python3.12/site-packages/airflow/example_dags/example_branch_labels.py for tasks to queue
[2024-04-09T18:59:11.011+0000] {logging_mixin.py:188} INFO - [2024-04-09T18:59:11.011+0000] {dagbag.py:540} INFO - Filling up the DagBag from /home/airflow/.local/lib/python3.12/site-packages/airflow/example_dags/example_branch_labels.py
[2024-04-09T18:59:11.020+0000] {processor.py:840} INFO - DAG(s) 'example_branch_labels' retrieved from /home/airflow/.local/lib/python3.12/site-packages/airflow/example_dags/example_branch_labels.py
[2024-04-09T18:59:11.045+0000] {logging_mixin.py:188} INFO - [2024-04-09T18:59:11.044+0000] {dag.py:3096} INFO - Sync 1 DAGs
[2024-04-09T18:59:11.074+0000] {logging_mixin.py:188} INFO - [2024-04-09T18:59:11.074+0000] {dag.py:3954} INFO - Setting next_dagrun for example_branch_labels to 2024-04-08 00:00:00+00:00, run_after=2024-04-09 00:00:00+00:00
[2024-04-09T18:59:11.099+0000] {processor.py:183} INFO - Processing /home/airflow/.local/lib/python3.12/site-packages/airflow/example_dags/example_branch_labels.py took 0.097 seconds
[2024-04-09T18:59:41.464+0000] {processor.py:161} INFO - Started process (PID=3992) to work on /home/airflow/.local/lib/python3.12/site-packages/airflow/example_dags/example_branch_labels.py
[2024-04-09T18:59:41.465+0000] {processor.py:830} INFO - Processing file /home/airflow/.local/lib/python3.12/site-packages/airflow/example_dags/example_branch_labels.py for tasks to queue
[2024-04-09T18:59:41.467+0000] {logging_mixin.py:188} INFO - [2024-04-09T18:59:41.466+0000] {dagbag.py:540} INFO - Filling up the DagBag from /home/airflow/.local/lib/python3.12/site-packages/airflow/example_dags/example_branch_labels.py
[2024-04-09T18:59:41.475+0000] {processor.py:840} INFO - DAG(s) 'example_branch_labels' retrieved from /home/airflow/.local/lib/python3.12/site-packages/airflow/example_dags/example_branch_labels.py
[2024-04-09T18:59:41.499+0000] {logging_mixin.py:188} INFO - [2024-04-09T18:59:41.499+0000] {dag.py:3096} INFO - Sync 1 DAGs
[2024-04-09T18:59:41.531+0000] {logging_mixin.py:188} INFO - [2024-04-09T18:59:41.531+0000] {dag.py:3954} INFO - Setting next_dagrun for example_branch_labels to 2024-04-08 00:00:00+00:00, run_after=2024-04-09 00:00:00+00:00
[2024-04-09T18:59:41.554+0000] {processor.py:183} INFO - Processing /home/airflow/.local/lib/python3.12/site-packages/airflow/example_dags/example_branch_labels.py took 0.097 seconds
[2024-04-09T19:00:11.602+0000] {processor.py:161} INFO - Started process (PID=4264) to work on /home/airflow/.local/lib/python3.12/site-packages/airflow/example_dags/example_branch_labels.py
[2024-04-09T19:00:11.603+0000] {processor.py:830} INFO - Processing file /home/airflow/.local/lib/python3.12/site-packages/airflow/example_dags/example_branch_labels.py for tasks to queue
[2024-04-09T19:00:11.605+0000] {logging_mixin.py:188} INFO - [2024-04-09T19:00:11.604+0000] {dagbag.py:540} INFO - Filling up the DagBag from /home/airflow/.local/lib/python3.12/site-packages/airflow/example_dags/example_branch_labels.py
[2024-04-09T19:00:11.614+0000] {processor.py:840} INFO - DAG(s) 'example_branch_labels' retrieved from /home/airflow/.local/lib/python3.12/site-packages/airflow/example_dags/example_branch_labels.py
[2024-04-09T19:00:11.638+0000] {logging_mixin.py:188} INFO - [2024-04-09T19:00:11.637+0000] {dag.py:3096} INFO - Sync 1 DAGs
[2024-04-09T19:00:11.666+0000] {logging_mixin.py:188} INFO - [2024-04-09T19:00:11.665+0000] {dag.py:3954} INFO - Setting next_dagrun for example_branch_labels to 2024-04-08 00:00:00+00:00, run_after=2024-04-09 00:00:00+00:00
[2024-04-09T19:00:11.688+0000] {processor.py:183} INFO - Processing /home/airflow/.local/lib/python3.12/site-packages/airflow/example_dags/example_branch_labels.py took 0.093 seconds
[2024-04-09T19:00:42.668+0000] {processor.py:161} INFO - Started process (PID=4539) to work on /home/airflow/.local/lib/python3.12/site-packages/airflow/example_dags/example_branch_labels.py
[2024-04-09T19:00:42.669+0000] {processor.py:830} INFO - Processing file /home/airflow/.local/lib/python3.12/site-packages/airflow/example_dags/example_branch_labels.py for tasks to queue
[2024-04-09T19:00:42.671+0000] {logging_mixin.py:188} INFO - [2024-04-09T19:00:42.670+0000] {dagbag.py:540} INFO - Filling up the DagBag from /home/airflow/.local/lib/python3.12/site-packages/airflow/example_dags/example_branch_labels.py
[2024-04-09T19:00:42.681+0000] {processor.py:840} INFO - DAG(s) 'example_branch_labels' retrieved from /home/airflow/.local/lib/python3.12/site-packages/airflow/example_dags/example_branch_labels.py
[2024-04-09T19:00:42.707+0000] {logging_mixin.py:188} INFO - [2024-04-09T19:00:42.707+0000] {dag.py:3096} INFO - Sync 1 DAGs
[2024-04-09T19:00:42.738+0000] {logging_mixin.py:188} INFO - [2024-04-09T19:00:42.737+0000] {dag.py:3954} INFO - Setting next_dagrun for example_branch_labels to 2024-04-08 00:00:00+00:00, run_after=2024-04-09 00:00:00+00:00
[2024-04-09T19:00:42.764+0000] {processor.py:183} INFO - Processing /home/airflow/.local/lib/python3.12/site-packages/airflow/example_dags/example_branch_labels.py took 0.103 seconds
[2024-04-09T19:01:13.037+0000] {processor.py:161} INFO - Started process (PID=4811) to work on /home/airflow/.local/lib/python3.12/site-packages/airflow/example_dags/example_branch_labels.py
[2024-04-09T19:01:13.038+0000] {processor.py:830} INFO - Processing file /home/airflow/.local/lib/python3.12/site-packages/airflow/example_dags/example_branch_labels.py for tasks to queue
[2024-04-09T19:01:13.039+0000] {logging_mixin.py:188} INFO - [2024-04-09T19:01:13.039+0000] {dagbag.py:540} INFO - Filling up the DagBag from /home/airflow/.local/lib/python3.12/site-packages/airflow/example_dags/example_branch_labels.py
[2024-04-09T19:01:13.045+0000] {processor.py:840} INFO - DAG(s) 'example_branch_labels' retrieved from /home/airflow/.local/lib/python3.12/site-packages/airflow/example_dags/example_branch_labels.py
[2024-04-09T19:01:13.076+0000] {logging_mixin.py:188} INFO - [2024-04-09T19:01:13.076+0000] {dag.py:3096} INFO - Sync 1 DAGs
[2024-04-09T19:01:13.104+0000] {logging_mixin.py:188} INFO - [2024-04-09T19:01:13.104+0000] {dag.py:3954} INFO - Setting next_dagrun for example_branch_labels to 2024-04-08 00:00:00+00:00, run_after=2024-04-09 00:00:00+00:00
[2024-04-09T19:01:13.132+0000] {processor.py:183} INFO - Processing /home/airflow/.local/lib/python3.12/site-packages/airflow/example_dags/example_branch_labels.py took 0.100 seconds
[2024-04-09T19:01:43.574+0000] {processor.py:161} INFO - Started process (PID=5081) to work on /home/airflow/.local/lib/python3.12/site-packages/airflow/example_dags/example_branch_labels.py
[2024-04-09T19:01:43.575+0000] {processor.py:830} INFO - Processing file /home/airflow/.local/lib/python3.12/site-packages/airflow/example_dags/example_branch_labels.py for tasks to queue
[2024-04-09T19:01:43.577+0000] {logging_mixin.py:188} INFO - [2024-04-09T19:01:43.577+0000] {dagbag.py:540} INFO - Filling up the DagBag from /home/airflow/.local/lib/python3.12/site-packages/airflow/example_dags/example_branch_labels.py
[2024-04-09T19:01:43.587+0000] {processor.py:840} INFO - DAG(s) 'example_branch_labels' retrieved from /home/airflow/.local/lib/python3.12/site-packages/airflow/example_dags/example_branch_labels.py
[2024-04-09T19:01:43.618+0000] {logging_mixin.py:188} INFO - [2024-04-09T19:01:43.618+0000] {dag.py:3096} INFO - Sync 1 DAGs
[2024-04-09T19:01:43.652+0000] {logging_mixin.py:188} INFO - [2024-04-09T19:01:43.652+0000] {dag.py:3954} INFO - Setting next_dagrun for example_branch_labels to 2024-04-08 00:00:00+00:00, run_after=2024-04-09 00:00:00+00:00
[2024-04-09T19:01:43.692+0000] {processor.py:183} INFO - Processing /home/airflow/.local/lib/python3.12/site-packages/airflow/example_dags/example_branch_labels.py took 0.131 seconds
[2024-04-09T19:02:14.492+0000] {processor.py:161} INFO - Started process (PID=5353) to work on /home/airflow/.local/lib/python3.12/site-packages/airflow/example_dags/example_branch_labels.py
[2024-04-09T19:02:14.493+0000] {processor.py:830} INFO - Processing file /home/airflow/.local/lib/python3.12/site-packages/airflow/example_dags/example_branch_labels.py for tasks to queue
[2024-04-09T19:02:14.495+0000] {logging_mixin.py:188} INFO - [2024-04-09T19:02:14.495+0000] {dagbag.py:540} INFO - Filling up the DagBag from /home/airflow/.local/lib/python3.12/site-packages/airflow/example_dags/example_branch_labels.py
[2024-04-09T19:02:14.503+0000] {processor.py:840} INFO - DAG(s) 'example_branch_labels' retrieved from /home/airflow/.local/lib/python3.12/site-packages/airflow/example_dags/example_branch_labels.py
[2024-04-09T19:02:14.528+0000] {logging_mixin.py:188} INFO - [2024-04-09T19:02:14.528+0000] {dag.py:3096} INFO - Sync 1 DAGs
[2024-04-09T19:02:14.557+0000] {logging_mixin.py:188} INFO - [2024-04-09T19:02:14.557+0000] {dag.py:3954} INFO - Setting next_dagrun for example_branch_labels to 2024-04-08 00:00:00+00:00, run_after=2024-04-09 00:00:00+00:00
[2024-04-09T19:02:14.580+0000] {processor.py:183} INFO - Processing /home/airflow/.local/lib/python3.12/site-packages/airflow/example_dags/example_branch_labels.py took 0.095 seconds
[2024-04-09T19:02:44.648+0000] {processor.py:161} INFO - Started process (PID=5621) to work on /home/airflow/.local/lib/python3.12/site-packages/airflow/example_dags/example_branch_labels.py
[2024-04-09T19:02:44.650+0000] {processor.py:830} INFO - Processing file /home/airflow/.local/lib/python3.12/site-packages/airflow/example_dags/example_branch_labels.py for tasks to queue
[2024-04-09T19:02:44.652+0000] {logging_mixin.py:188} INFO - [2024-04-09T19:02:44.652+0000] {dagbag.py:540} INFO - Filling up the DagBag from /home/airflow/.local/lib/python3.12/site-packages/airflow/example_dags/example_branch_labels.py
[2024-04-09T19:02:44.674+0000] {processor.py:840} INFO - DAG(s) 'example_branch_labels' retrieved from /home/airflow/.local/lib/python3.12/site-packages/airflow/example_dags/example_branch_labels.py
[2024-04-09T19:02:44.714+0000] {logging_mixin.py:188} INFO - [2024-04-09T19:02:44.714+0000] {dag.py:3096} INFO - Sync 1 DAGs
[2024-04-09T19:02:44.746+0000] {logging_mixin.py:188} INFO - [2024-04-09T19:02:44.746+0000] {dag.py:3954} INFO - Setting next_dagrun for example_branch_labels to 2024-04-08 00:00:00+00:00, run_after=2024-04-09 00:00:00+00:00
[2024-04-09T19:02:44.783+0000] {processor.py:183} INFO - Processing /home/airflow/.local/lib/python3.12/site-packages/airflow/example_dags/example_branch_labels.py took 0.142 seconds
[2024-04-09T19:03:15.022+0000] {processor.py:161} INFO - Started process (PID=5892) to work on /home/airflow/.local/lib/python3.12/site-packages/airflow/example_dags/example_branch_labels.py
[2024-04-09T19:03:15.042+0000] {processor.py:830} INFO - Processing file /home/airflow/.local/lib/python3.12/site-packages/airflow/example_dags/example_branch_labels.py for tasks to queue
[2024-04-09T19:03:15.044+0000] {logging_mixin.py:188} INFO - [2024-04-09T19:03:15.044+0000] {dagbag.py:540} INFO - Filling up the DagBag from /home/airflow/.local/lib/python3.12/site-packages/airflow/example_dags/example_branch_labels.py
[2024-04-09T19:03:15.074+0000] {processor.py:840} INFO - DAG(s) 'example_branch_labels' retrieved from /home/airflow/.local/lib/python3.12/site-packages/airflow/example_dags/example_branch_labels.py
[2024-04-09T19:03:15.113+0000] {logging_mixin.py:188} INFO - [2024-04-09T19:03:15.113+0000] {dag.py:3096} INFO - Sync 1 DAGs
[2024-04-09T19:03:15.143+0000] {logging_mixin.py:188} INFO - [2024-04-09T19:03:15.143+0000] {dag.py:3954} INFO - Setting next_dagrun for example_branch_labels to 2024-04-08 00:00:00+00:00, run_after=2024-04-09 00:00:00+00:00
[2024-04-09T19:03:15.167+0000] {processor.py:183} INFO - Processing /home/airflow/.local/lib/python3.12/site-packages/airflow/example_dags/example_branch_labels.py took 0.154 seconds
[2024-04-09T19:03:45.845+0000] {processor.py:161} INFO - Started process (PID=6167) to work on /home/airflow/.local/lib/python3.12/site-packages/airflow/example_dags/example_branch_labels.py
[2024-04-09T19:03:45.846+0000] {processor.py:830} INFO - Processing file /home/airflow/.local/lib/python3.12/site-packages/airflow/example_dags/example_branch_labels.py for tasks to queue
[2024-04-09T19:03:45.848+0000] {logging_mixin.py:188} INFO - [2024-04-09T19:03:45.848+0000] {dagbag.py:540} INFO - Filling up the DagBag from /home/airflow/.local/lib/python3.12/site-packages/airflow/example_dags/example_branch_labels.py
[2024-04-09T19:03:45.857+0000] {processor.py:840} INFO - DAG(s) 'example_branch_labels' retrieved from /home/airflow/.local/lib/python3.12/site-packages/airflow/example_dags/example_branch_labels.py
[2024-04-09T19:03:45.882+0000] {logging_mixin.py:188} INFO - [2024-04-09T19:03:45.882+0000] {dag.py:3096} INFO - Sync 1 DAGs
[2024-04-09T19:03:45.911+0000] {logging_mixin.py:188} INFO - [2024-04-09T19:03:45.911+0000] {dag.py:3954} INFO - Setting next_dagrun for example_branch_labels to 2024-04-08 00:00:00+00:00, run_after=2024-04-09 00:00:00+00:00
[2024-04-09T19:03:45.932+0000] {processor.py:183} INFO - Processing /home/airflow/.local/lib/python3.12/site-packages/airflow/example_dags/example_branch_labels.py took 0.094 seconds
[2024-04-09T19:04:16.881+0000] {processor.py:161} INFO - Started process (PID=6440) to work on /home/airflow/.local/lib/python3.12/site-packages/airflow/example_dags/example_branch_labels.py
[2024-04-09T19:04:16.881+0000] {processor.py:830} INFO - Processing file /home/airflow/.local/lib/python3.12/site-packages/airflow/example_dags/example_branch_labels.py for tasks to queue
[2024-04-09T19:04:16.883+0000] {logging_mixin.py:188} INFO - [2024-04-09T19:04:16.883+0000] {dagbag.py:540} INFO - Filling up the DagBag from /home/airflow/.local/lib/python3.12/site-packages/airflow/example_dags/example_branch_labels.py
[2024-04-09T19:04:16.892+0000] {processor.py:840} INFO - DAG(s) 'example_branch_labels' retrieved from /home/airflow/.local/lib/python3.12/site-packages/airflow/example_dags/example_branch_labels.py
[2024-04-09T19:04:16.942+0000] {logging_mixin.py:188} INFO - [2024-04-09T19:04:16.942+0000] {dag.py:3096} INFO - Sync 1 DAGs
[2024-04-09T19:04:16.968+0000] {logging_mixin.py:188} INFO - [2024-04-09T19:04:16.968+0000] {dag.py:3954} INFO - Setting next_dagrun for example_branch_labels to 2024-04-08 00:00:00+00:00, run_after=2024-04-09 00:00:00+00:00
[2024-04-09T19:04:17.007+0000] {processor.py:183} INFO - Processing /home/airflow/.local/lib/python3.12/site-packages/airflow/example_dags/example_branch_labels.py took 0.133 seconds
[2024-04-09T19:04:47.075+0000] {processor.py:161} INFO - Started process (PID=6711) to work on /home/airflow/.local/lib/python3.12/site-packages/airflow/example_dags/example_branch_labels.py
[2024-04-09T19:04:47.079+0000] {processor.py:830} INFO - Processing file /home/airflow/.local/lib/python3.12/site-packages/airflow/example_dags/example_branch_labels.py for tasks to queue
[2024-04-09T19:04:47.081+0000] {logging_mixin.py:188} INFO - [2024-04-09T19:04:47.081+0000] {dagbag.py:540} INFO - Filling up the DagBag from /home/airflow/.local/lib/python3.12/site-packages/airflow/example_dags/example_branch_labels.py
[2024-04-09T19:04:47.099+0000] {processor.py:840} INFO - DAG(s) 'example_branch_labels' retrieved from /home/airflow/.local/lib/python3.12/site-packages/airflow/example_dags/example_branch_labels.py
[2024-04-09T19:04:47.152+0000] {logging_mixin.py:188} INFO - [2024-04-09T19:04:47.151+0000] {dag.py:3096} INFO - Sync 1 DAGs
[2024-04-09T19:04:47.195+0000] {logging_mixin.py:188} INFO - [2024-04-09T19:04:47.189+0000] {dag.py:3954} INFO - Setting next_dagrun for example_branch_labels to 2024-04-08 00:00:00+00:00, run_after=2024-04-09 00:00:00+00:00
[2024-04-09T19:04:47.246+0000] {processor.py:183} INFO - Processing /home/airflow/.local/lib/python3.12/site-packages/airflow/example_dags/example_branch_labels.py took 0.188 seconds
[2024-04-09T19:05:17.966+0000] {processor.py:161} INFO - Started process (PID=6986) to work on /home/airflow/.local/lib/python3.12/site-packages/airflow/example_dags/example_branch_labels.py
[2024-04-09T19:05:17.967+0000] {processor.py:830} INFO - Processing file /home/airflow/.local/lib/python3.12/site-packages/airflow/example_dags/example_branch_labels.py for tasks to queue
[2024-04-09T19:05:17.969+0000] {logging_mixin.py:188} INFO - [2024-04-09T19:05:17.969+0000] {dagbag.py:540} INFO - Filling up the DagBag from /home/airflow/.local/lib/python3.12/site-packages/airflow/example_dags/example_branch_labels.py
[2024-04-09T19:05:17.979+0000] {processor.py:840} INFO - DAG(s) 'example_branch_labels' retrieved from /home/airflow/.local/lib/python3.12/site-packages/airflow/example_dags/example_branch_labels.py
[2024-04-09T19:05:18.006+0000] {logging_mixin.py:188} INFO - [2024-04-09T19:05:18.006+0000] {dag.py:3096} INFO - Sync 1 DAGs
[2024-04-09T19:05:18.036+0000] {logging_mixin.py:188} INFO - [2024-04-09T19:05:18.035+0000] {dag.py:3954} INFO - Setting next_dagrun for example_branch_labels to 2024-04-08 00:00:00+00:00, run_after=2024-04-09 00:00:00+00:00
[2024-04-09T19:05:18.068+0000] {processor.py:183} INFO - Processing /home/airflow/.local/lib/python3.12/site-packages/airflow/example_dags/example_branch_labels.py took 0.108 seconds
[2024-04-09T19:05:48.453+0000] {processor.py:161} INFO - Started process (PID=7256) to work on /home/airflow/.local/lib/python3.12/site-packages/airflow/example_dags/example_branch_labels.py
[2024-04-09T19:05:48.454+0000] {processor.py:830} INFO - Processing file /home/airflow/.local/lib/python3.12/site-packages/airflow/example_dags/example_branch_labels.py for tasks to queue
[2024-04-09T19:05:48.456+0000] {logging_mixin.py:188} INFO - [2024-04-09T19:05:48.456+0000] {dagbag.py:540} INFO - Filling up the DagBag from /home/airflow/.local/lib/python3.12/site-packages/airflow/example_dags/example_branch_labels.py
[2024-04-09T19:05:48.464+0000] {processor.py:840} INFO - DAG(s) 'example_branch_labels' retrieved from /home/airflow/.local/lib/python3.12/site-packages/airflow/example_dags/example_branch_labels.py
[2024-04-09T19:05:48.494+0000] {logging_mixin.py:188} INFO - [2024-04-09T19:05:48.493+0000] {dag.py:3096} INFO - Sync 1 DAGs
[2024-04-09T19:05:48.526+0000] {logging_mixin.py:188} INFO - [2024-04-09T19:05:48.526+0000] {dag.py:3954} INFO - Setting next_dagrun for example_branch_labels to 2024-04-08 00:00:00+00:00, run_after=2024-04-09 00:00:00+00:00
[2024-04-09T19:05:48.676+0000] {processor.py:183} INFO - Processing /home/airflow/.local/lib/python3.12/site-packages/airflow/example_dags/example_branch_labels.py took 0.230 seconds
[2024-04-09T19:06:18.718+0000] {processor.py:161} INFO - Started process (PID=7530) to work on /home/airflow/.local/lib/python3.12/site-packages/airflow/example_dags/example_branch_labels.py
[2024-04-09T19:06:18.719+0000] {processor.py:830} INFO - Processing file /home/airflow/.local/lib/python3.12/site-packages/airflow/example_dags/example_branch_labels.py for tasks to queue
[2024-04-09T19:06:18.721+0000] {logging_mixin.py:188} INFO - [2024-04-09T19:06:18.721+0000] {dagbag.py:540} INFO - Filling up the DagBag from /home/airflow/.local/lib/python3.12/site-packages/airflow/example_dags/example_branch_labels.py
[2024-04-09T19:06:18.732+0000] {processor.py:840} INFO - DAG(s) 'example_branch_labels' retrieved from /home/airflow/.local/lib/python3.12/site-packages/airflow/example_dags/example_branch_labels.py
[2024-04-09T19:06:18.760+0000] {logging_mixin.py:188} INFO - [2024-04-09T19:06:18.760+0000] {dag.py:3096} INFO - Sync 1 DAGs
[2024-04-09T19:06:18.788+0000] {logging_mixin.py:188} INFO - [2024-04-09T19:06:18.788+0000] {dag.py:3954} INFO - Setting next_dagrun for example_branch_labels to 2024-04-08 00:00:00+00:00, run_after=2024-04-09 00:00:00+00:00
[2024-04-09T19:06:18.810+0000] {processor.py:183} INFO - Processing /home/airflow/.local/lib/python3.12/site-packages/airflow/example_dags/example_branch_labels.py took 0.099 seconds
[2024-04-09T19:06:48.885+0000] {processor.py:161} INFO - Started process (PID=7803) to work on /home/airflow/.local/lib/python3.12/site-packages/airflow/example_dags/example_branch_labels.py
[2024-04-09T19:06:48.887+0000] {processor.py:830} INFO - Processing file /home/airflow/.local/lib/python3.12/site-packages/airflow/example_dags/example_branch_labels.py for tasks to queue
[2024-04-09T19:06:48.889+0000] {logging_mixin.py:188} INFO - [2024-04-09T19:06:48.889+0000] {dagbag.py:540} INFO - Filling up the DagBag from /home/airflow/.local/lib/python3.12/site-packages/airflow/example_dags/example_branch_labels.py
[2024-04-09T19:06:48.899+0000] {processor.py:840} INFO - DAG(s) 'example_branch_labels' retrieved from /home/airflow/.local/lib/python3.12/site-packages/airflow/example_dags/example_branch_labels.py
[2024-04-09T19:06:48.928+0000] {logging_mixin.py:188} INFO - [2024-04-09T19:06:48.927+0000] {dag.py:3096} INFO - Sync 1 DAGs
[2024-04-09T19:06:48.958+0000] {logging_mixin.py:188} INFO - [2024-04-09T19:06:48.957+0000] {dag.py:3954} INFO - Setting next_dagrun for example_branch_labels to 2024-04-08 00:00:00+00:00, run_after=2024-04-09 00:00:00+00:00
[2024-04-09T19:06:48.982+0000] {processor.py:183} INFO - Processing /home/airflow/.local/lib/python3.12/site-packages/airflow/example_dags/example_branch_labels.py took 0.104 seconds
[2024-04-09T19:07:19.670+0000] {processor.py:161} INFO - Started process (PID=8074) to work on /home/airflow/.local/lib/python3.12/site-packages/airflow/example_dags/example_branch_labels.py
[2024-04-09T19:07:19.672+0000] {processor.py:830} INFO - Processing file /home/airflow/.local/lib/python3.12/site-packages/airflow/example_dags/example_branch_labels.py for tasks to queue
[2024-04-09T19:07:19.673+0000] {logging_mixin.py:188} INFO - [2024-04-09T19:07:19.673+0000] {dagbag.py:540} INFO - Filling up the DagBag from /home/airflow/.local/lib/python3.12/site-packages/airflow/example_dags/example_branch_labels.py
[2024-04-09T19:07:19.682+0000] {processor.py:840} INFO - DAG(s) 'example_branch_labels' retrieved from /home/airflow/.local/lib/python3.12/site-packages/airflow/example_dags/example_branch_labels.py
[2024-04-09T19:07:19.710+0000] {logging_mixin.py:188} INFO - [2024-04-09T19:07:19.709+0000] {dag.py:3096} INFO - Sync 1 DAGs
[2024-04-09T19:07:19.739+0000] {logging_mixin.py:188} INFO - [2024-04-09T19:07:19.739+0000] {dag.py:3954} INFO - Setting next_dagrun for example_branch_labels to 2024-04-08 00:00:00+00:00, run_after=2024-04-09 00:00:00+00:00
[2024-04-09T19:07:19.761+0000] {processor.py:183} INFO - Processing /home/airflow/.local/lib/python3.12/site-packages/airflow/example_dags/example_branch_labels.py took 0.098 seconds
[2024-04-09T19:07:50.098+0000] {processor.py:161} INFO - Started process (PID=8346) to work on /home/airflow/.local/lib/python3.12/site-packages/airflow/example_dags/example_branch_labels.py
[2024-04-09T19:07:50.099+0000] {processor.py:830} INFO - Processing file /home/airflow/.local/lib/python3.12/site-packages/airflow/example_dags/example_branch_labels.py for tasks to queue
[2024-04-09T19:07:50.100+0000] {logging_mixin.py:188} INFO - [2024-04-09T19:07:50.100+0000] {dagbag.py:540} INFO - Filling up the DagBag from /home/airflow/.local/lib/python3.12/site-packages/airflow/example_dags/example_branch_labels.py
[2024-04-09T19:07:50.106+0000] {processor.py:840} INFO - DAG(s) 'example_branch_labels' retrieved from /home/airflow/.local/lib/python3.12/site-packages/airflow/example_dags/example_branch_labels.py
[2024-04-09T19:07:50.124+0000] {logging_mixin.py:188} INFO - [2024-04-09T19:07:50.124+0000] {dag.py:3096} INFO - Sync 1 DAGs
[2024-04-09T19:07:50.143+0000] {logging_mixin.py:188} INFO - [2024-04-09T19:07:50.142+0000] {dag.py:3954} INFO - Setting next_dagrun for example_branch_labels to 2024-04-08 00:00:00+00:00, run_after=2024-04-09 00:00:00+00:00
[2024-04-09T19:07:50.161+0000] {processor.py:183} INFO - Processing /home/airflow/.local/lib/python3.12/site-packages/airflow/example_dags/example_branch_labels.py took 0.068 seconds
[2024-04-09T19:08:20.223+0000] {processor.py:161} INFO - Started process (PID=8616) to work on /home/airflow/.local/lib/python3.12/site-packages/airflow/example_dags/example_branch_labels.py
[2024-04-09T19:08:20.225+0000] {processor.py:830} INFO - Processing file /home/airflow/.local/lib/python3.12/site-packages/airflow/example_dags/example_branch_labels.py for tasks to queue
[2024-04-09T19:08:20.227+0000] {logging_mixin.py:188} INFO - [2024-04-09T19:08:20.227+0000] {dagbag.py:540} INFO - Filling up the DagBag from /home/airflow/.local/lib/python3.12/site-packages/airflow/example_dags/example_branch_labels.py
[2024-04-09T19:08:20.236+0000] {processor.py:840} INFO - DAG(s) 'example_branch_labels' retrieved from /home/airflow/.local/lib/python3.12/site-packages/airflow/example_dags/example_branch_labels.py
[2024-04-09T19:08:20.260+0000] {logging_mixin.py:188} INFO - [2024-04-09T19:08:20.259+0000] {dag.py:3096} INFO - Sync 1 DAGs
[2024-04-09T19:08:20.286+0000] {logging_mixin.py:188} INFO - [2024-04-09T19:08:20.286+0000] {dag.py:3954} INFO - Setting next_dagrun for example_branch_labels to 2024-04-08 00:00:00+00:00, run_after=2024-04-09 00:00:00+00:00
[2024-04-09T19:08:20.312+0000] {processor.py:183} INFO - Processing /home/airflow/.local/lib/python3.12/site-packages/airflow/example_dags/example_branch_labels.py took 0.096 seconds
[2024-04-09T19:08:50.498+0000] {processor.py:161} INFO - Started process (PID=8890) to work on /home/airflow/.local/lib/python3.12/site-packages/airflow/example_dags/example_branch_labels.py
[2024-04-09T19:08:50.499+0000] {processor.py:830} INFO - Processing file /home/airflow/.local/lib/python3.12/site-packages/airflow/example_dags/example_branch_labels.py for tasks to queue
[2024-04-09T19:08:50.501+0000] {logging_mixin.py:188} INFO - [2024-04-09T19:08:50.501+0000] {dagbag.py:540} INFO - Filling up the DagBag from /home/airflow/.local/lib/python3.12/site-packages/airflow/example_dags/example_branch_labels.py
[2024-04-09T19:08:50.511+0000] {processor.py:840} INFO - DAG(s) 'example_branch_labels' retrieved from /home/airflow/.local/lib/python3.12/site-packages/airflow/example_dags/example_branch_labels.py
[2024-04-09T19:08:50.536+0000] {logging_mixin.py:188} INFO - [2024-04-09T19:08:50.536+0000] {dag.py:3096} INFO - Sync 1 DAGs
[2024-04-09T19:08:50.565+0000] {logging_mixin.py:188} INFO - [2024-04-09T19:08:50.565+0000] {dag.py:3954} INFO - Setting next_dagrun for example_branch_labels to 2024-04-08 00:00:00+00:00, run_after=2024-04-09 00:00:00+00:00
[2024-04-09T19:08:50.596+0000] {processor.py:183} INFO - Processing /home/airflow/.local/lib/python3.12/site-packages/airflow/example_dags/example_branch_labels.py took 0.105 seconds
[2024-04-09T19:09:21.208+0000] {processor.py:161} INFO - Started process (PID=9161) to work on /home/airflow/.local/lib/python3.12/site-packages/airflow/example_dags/example_branch_labels.py
[2024-04-09T19:09:21.210+0000] {processor.py:830} INFO - Processing file /home/airflow/.local/lib/python3.12/site-packages/airflow/example_dags/example_branch_labels.py for tasks to queue
[2024-04-09T19:09:21.213+0000] {logging_mixin.py:188} INFO - [2024-04-09T19:09:21.213+0000] {dagbag.py:540} INFO - Filling up the DagBag from /home/airflow/.local/lib/python3.12/site-packages/airflow/example_dags/example_branch_labels.py
[2024-04-09T19:09:21.223+0000] {processor.py:840} INFO - DAG(s) 'example_branch_labels' retrieved from /home/airflow/.local/lib/python3.12/site-packages/airflow/example_dags/example_branch_labels.py
[2024-04-09T19:09:21.245+0000] {logging_mixin.py:188} INFO - [2024-04-09T19:09:21.245+0000] {dag.py:3096} INFO - Sync 1 DAGs
[2024-04-09T19:09:21.272+0000] {logging_mixin.py:188} INFO - [2024-04-09T19:09:21.272+0000] {dag.py:3954} INFO - Setting next_dagrun for example_branch_labels to 2024-04-08 00:00:00+00:00, run_after=2024-04-09 00:00:00+00:00
[2024-04-09T19:09:21.297+0000] {processor.py:183} INFO - Processing /home/airflow/.local/lib/python3.12/site-packages/airflow/example_dags/example_branch_labels.py took 0.096 seconds
[2024-04-09T19:09:51.945+0000] {processor.py:161} INFO - Started process (PID=9435) to work on /home/airflow/.local/lib/python3.12/site-packages/airflow/example_dags/example_branch_labels.py
[2024-04-09T19:09:51.947+0000] {processor.py:830} INFO - Processing file /home/airflow/.local/lib/python3.12/site-packages/airflow/example_dags/example_branch_labels.py for tasks to queue
[2024-04-09T19:09:51.949+0000] {logging_mixin.py:188} INFO - [2024-04-09T19:09:51.948+0000] {dagbag.py:540} INFO - Filling up the DagBag from /home/airflow/.local/lib/python3.12/site-packages/airflow/example_dags/example_branch_labels.py
[2024-04-09T19:09:51.958+0000] {processor.py:840} INFO - DAG(s) 'example_branch_labels' retrieved from /home/airflow/.local/lib/python3.12/site-packages/airflow/example_dags/example_branch_labels.py
[2024-04-09T19:09:51.987+0000] {logging_mixin.py:188} INFO - [2024-04-09T19:09:51.986+0000] {dag.py:3096} INFO - Sync 1 DAGs
[2024-04-09T19:09:52.016+0000] {logging_mixin.py:188} INFO - [2024-04-09T19:09:52.016+0000] {dag.py:3954} INFO - Setting next_dagrun for example_branch_labels to 2024-04-08 00:00:00+00:00, run_after=2024-04-09 00:00:00+00:00
[2024-04-09T19:09:52.038+0000] {processor.py:183} INFO - Processing /home/airflow/.local/lib/python3.12/site-packages/airflow/example_dags/example_branch_labels.py took 0.099 seconds
[2024-04-09T19:10:22.238+0000] {processor.py:161} INFO - Started process (PID=9706) to work on /home/airflow/.local/lib/python3.12/site-packages/airflow/example_dags/example_branch_labels.py
[2024-04-09T19:10:22.239+0000] {processor.py:830} INFO - Processing file /home/airflow/.local/lib/python3.12/site-packages/airflow/example_dags/example_branch_labels.py for tasks to queue
[2024-04-09T19:10:22.241+0000] {logging_mixin.py:188} INFO - [2024-04-09T19:10:22.241+0000] {dagbag.py:540} INFO - Filling up the DagBag from /home/airflow/.local/lib/python3.12/site-packages/airflow/example_dags/example_branch_labels.py
[2024-04-09T19:10:22.251+0000] {processor.py:840} INFO - DAG(s) 'example_branch_labels' retrieved from /home/airflow/.local/lib/python3.12/site-packages/airflow/example_dags/example_branch_labels.py
[2024-04-09T19:10:22.276+0000] {logging_mixin.py:188} INFO - [2024-04-09T19:10:22.276+0000] {dag.py:3096} INFO - Sync 1 DAGs
[2024-04-09T19:10:22.302+0000] {logging_mixin.py:188} INFO - [2024-04-09T19:10:22.302+0000] {dag.py:3954} INFO - Setting next_dagrun for example_branch_labels to 2024-04-08 00:00:00+00:00, run_after=2024-04-09 00:00:00+00:00
[2024-04-09T19:10:22.326+0000] {processor.py:183} INFO - Processing /home/airflow/.local/lib/python3.12/site-packages/airflow/example_dags/example_branch_labels.py took 0.095 seconds
[2024-04-09T19:10:52.484+0000] {processor.py:161} INFO - Started process (PID=9981) to work on /home/airflow/.local/lib/python3.12/site-packages/airflow/example_dags/example_branch_labels.py
[2024-04-09T19:10:52.484+0000] {processor.py:830} INFO - Processing file /home/airflow/.local/lib/python3.12/site-packages/airflow/example_dags/example_branch_labels.py for tasks to queue
[2024-04-09T19:10:52.486+0000] {logging_mixin.py:188} INFO - [2024-04-09T19:10:52.485+0000] {dagbag.py:540} INFO - Filling up the DagBag from /home/airflow/.local/lib/python3.12/site-packages/airflow/example_dags/example_branch_labels.py
[2024-04-09T19:10:52.492+0000] {processor.py:840} INFO - DAG(s) 'example_branch_labels' retrieved from /home/airflow/.local/lib/python3.12/site-packages/airflow/example_dags/example_branch_labels.py
[2024-04-09T19:10:52.510+0000] {logging_mixin.py:188} INFO - [2024-04-09T19:10:52.510+0000] {dag.py:3096} INFO - Sync 1 DAGs
[2024-04-09T19:10:52.529+0000] {logging_mixin.py:188} INFO - [2024-04-09T19:10:52.529+0000] {dag.py:3954} INFO - Setting next_dagrun for example_branch_labels to 2024-04-08 00:00:00+00:00, run_after=2024-04-09 00:00:00+00:00
[2024-04-09T19:10:52.547+0000] {processor.py:183} INFO - Processing /home/airflow/.local/lib/python3.12/site-packages/airflow/example_dags/example_branch_labels.py took 0.069 seconds
[2024-04-09T19:11:22.878+0000] {processor.py:161} INFO - Started process (PID=10253) to work on /home/airflow/.local/lib/python3.12/site-packages/airflow/example_dags/example_branch_labels.py
[2024-04-09T19:11:22.879+0000] {processor.py:830} INFO - Processing file /home/airflow/.local/lib/python3.12/site-packages/airflow/example_dags/example_branch_labels.py for tasks to queue
[2024-04-09T19:11:22.880+0000] {logging_mixin.py:188} INFO - [2024-04-09T19:11:22.880+0000] {dagbag.py:540} INFO - Filling up the DagBag from /home/airflow/.local/lib/python3.12/site-packages/airflow/example_dags/example_branch_labels.py
[2024-04-09T19:11:22.889+0000] {processor.py:840} INFO - DAG(s) 'example_branch_labels' retrieved from /home/airflow/.local/lib/python3.12/site-packages/airflow/example_dags/example_branch_labels.py
[2024-04-09T19:11:22.921+0000] {logging_mixin.py:188} INFO - [2024-04-09T19:11:22.920+0000] {dag.py:3096} INFO - Sync 1 DAGs
[2024-04-09T19:11:22.957+0000] {logging_mixin.py:188} INFO - [2024-04-09T19:11:22.956+0000] {dag.py:3954} INFO - Setting next_dagrun for example_branch_labels to 2024-04-08 00:00:00+00:00, run_after=2024-04-09 00:00:00+00:00
[2024-04-09T19:11:22.990+0000] {processor.py:183} INFO - Processing /home/airflow/.local/lib/python3.12/site-packages/airflow/example_dags/example_branch_labels.py took 0.119 seconds
[2024-04-09T19:11:53.518+0000] {processor.py:161} INFO - Started process (PID=10524) to work on /home/airflow/.local/lib/python3.12/site-packages/airflow/example_dags/example_branch_labels.py
[2024-04-09T19:11:53.519+0000] {processor.py:830} INFO - Processing file /home/airflow/.local/lib/python3.12/site-packages/airflow/example_dags/example_branch_labels.py for tasks to queue
[2024-04-09T19:11:53.521+0000] {logging_mixin.py:188} INFO - [2024-04-09T19:11:53.520+0000] {dagbag.py:540} INFO - Filling up the DagBag from /home/airflow/.local/lib/python3.12/site-packages/airflow/example_dags/example_branch_labels.py
[2024-04-09T19:11:53.530+0000] {processor.py:840} INFO - DAG(s) 'example_branch_labels' retrieved from /home/airflow/.local/lib/python3.12/site-packages/airflow/example_dags/example_branch_labels.py
[2024-04-09T19:11:53.554+0000] {logging_mixin.py:188} INFO - [2024-04-09T19:11:53.553+0000] {dag.py:3096} INFO - Sync 1 DAGs
[2024-04-09T19:11:53.582+0000] {logging_mixin.py:188} INFO - [2024-04-09T19:11:53.582+0000] {dag.py:3954} INFO - Setting next_dagrun for example_branch_labels to 2024-04-08 00:00:00+00:00, run_after=2024-04-09 00:00:00+00:00
[2024-04-09T19:11:53.607+0000] {processor.py:183} INFO - Processing /home/airflow/.local/lib/python3.12/site-packages/airflow/example_dags/example_branch_labels.py took 0.098 seconds
[2024-04-09T19:12:24.064+0000] {processor.py:161} INFO - Started process (PID=10796) to work on /home/airflow/.local/lib/python3.12/site-packages/airflow/example_dags/example_branch_labels.py
[2024-04-09T19:12:24.066+0000] {processor.py:830} INFO - Processing file /home/airflow/.local/lib/python3.12/site-packages/airflow/example_dags/example_branch_labels.py for tasks to queue
[2024-04-09T19:12:24.070+0000] {logging_mixin.py:188} INFO - [2024-04-09T19:12:24.070+0000] {dagbag.py:540} INFO - Filling up the DagBag from /home/airflow/.local/lib/python3.12/site-packages/airflow/example_dags/example_branch_labels.py
[2024-04-09T19:12:24.080+0000] {processor.py:840} INFO - DAG(s) 'example_branch_labels' retrieved from /home/airflow/.local/lib/python3.12/site-packages/airflow/example_dags/example_branch_labels.py
[2024-04-09T19:12:24.107+0000] {logging_mixin.py:188} INFO - [2024-04-09T19:12:24.107+0000] {dag.py:3096} INFO - Sync 1 DAGs
[2024-04-09T19:12:24.137+0000] {logging_mixin.py:188} INFO - [2024-04-09T19:12:24.137+0000] {dag.py:3954} INFO - Setting next_dagrun for example_branch_labels to 2024-04-08 00:00:00+00:00, run_after=2024-04-09 00:00:00+00:00
[2024-04-09T19:12:24.161+0000] {processor.py:183} INFO - Processing /home/airflow/.local/lib/python3.12/site-packages/airflow/example_dags/example_branch_labels.py took 0.111 seconds
[2024-04-09T19:12:54.889+0000] {processor.py:161} INFO - Started process (PID=11069) to work on /home/airflow/.local/lib/python3.12/site-packages/airflow/example_dags/example_branch_labels.py
[2024-04-09T19:12:54.890+0000] {processor.py:830} INFO - Processing file /home/airflow/.local/lib/python3.12/site-packages/airflow/example_dags/example_branch_labels.py for tasks to queue
[2024-04-09T19:12:54.893+0000] {logging_mixin.py:188} INFO - [2024-04-09T19:12:54.892+0000] {dagbag.py:540} INFO - Filling up the DagBag from /home/airflow/.local/lib/python3.12/site-packages/airflow/example_dags/example_branch_labels.py
[2024-04-09T19:12:54.902+0000] {processor.py:840} INFO - DAG(s) 'example_branch_labels' retrieved from /home/airflow/.local/lib/python3.12/site-packages/airflow/example_dags/example_branch_labels.py
[2024-04-09T19:12:54.927+0000] {logging_mixin.py:188} INFO - [2024-04-09T19:12:54.927+0000] {dag.py:3096} INFO - Sync 1 DAGs
[2024-04-09T19:12:54.954+0000] {logging_mixin.py:188} INFO - [2024-04-09T19:12:54.954+0000] {dag.py:3954} INFO - Setting next_dagrun for example_branch_labels to 2024-04-08 00:00:00+00:00, run_after=2024-04-09 00:00:00+00:00
[2024-04-09T19:12:54.977+0000] {processor.py:183} INFO - Processing /home/airflow/.local/lib/python3.12/site-packages/airflow/example_dags/example_branch_labels.py took 0.094 seconds
[2024-04-09T19:13:25.114+0000] {processor.py:161} INFO - Started process (PID=11341) to work on /home/airflow/.local/lib/python3.12/site-packages/airflow/example_dags/example_branch_labels.py
[2024-04-09T19:13:25.115+0000] {processor.py:830} INFO - Processing file /home/airflow/.local/lib/python3.12/site-packages/airflow/example_dags/example_branch_labels.py for tasks to queue
[2024-04-09T19:13:25.117+0000] {logging_mixin.py:188} INFO - [2024-04-09T19:13:25.117+0000] {dagbag.py:540} INFO - Filling up the DagBag from /home/airflow/.local/lib/python3.12/site-packages/airflow/example_dags/example_branch_labels.py
[2024-04-09T19:13:25.127+0000] {processor.py:840} INFO - DAG(s) 'example_branch_labels' retrieved from /home/airflow/.local/lib/python3.12/site-packages/airflow/example_dags/example_branch_labels.py
[2024-04-09T19:13:25.152+0000] {logging_mixin.py:188} INFO - [2024-04-09T19:13:25.151+0000] {dag.py:3096} INFO - Sync 1 DAGs
[2024-04-09T19:13:25.180+0000] {logging_mixin.py:188} INFO - [2024-04-09T19:13:25.179+0000] {dag.py:3954} INFO - Setting next_dagrun for example_branch_labels to 2024-04-08 00:00:00+00:00, run_after=2024-04-09 00:00:00+00:00
[2024-04-09T19:13:25.207+0000] {processor.py:183} INFO - Processing /home/airflow/.local/lib/python3.12/site-packages/airflow/example_dags/example_branch_labels.py took 0.101 seconds
[2024-04-09T19:13:55.322+0000] {processor.py:161} INFO - Started process (PID=11614) to work on /home/airflow/.local/lib/python3.12/site-packages/airflow/example_dags/example_branch_labels.py
[2024-04-09T19:13:55.323+0000] {processor.py:830} INFO - Processing file /home/airflow/.local/lib/python3.12/site-packages/airflow/example_dags/example_branch_labels.py for tasks to queue
[2024-04-09T19:13:55.325+0000] {logging_mixin.py:188} INFO - [2024-04-09T19:13:55.325+0000] {dagbag.py:540} INFO - Filling up the DagBag from /home/airflow/.local/lib/python3.12/site-packages/airflow/example_dags/example_branch_labels.py
[2024-04-09T19:13:55.334+0000] {processor.py:840} INFO - DAG(s) 'example_branch_labels' retrieved from /home/airflow/.local/lib/python3.12/site-packages/airflow/example_dags/example_branch_labels.py
[2024-04-09T19:13:55.358+0000] {logging_mixin.py:188} INFO - [2024-04-09T19:13:55.358+0000] {dag.py:3096} INFO - Sync 1 DAGs
[2024-04-09T19:13:55.386+0000] {logging_mixin.py:188} INFO - [2024-04-09T19:13:55.386+0000] {dag.py:3954} INFO - Setting next_dagrun for example_branch_labels to 2024-04-08 00:00:00+00:00, run_after=2024-04-09 00:00:00+00:00
[2024-04-09T19:13:55.409+0000] {processor.py:183} INFO - Processing /home/airflow/.local/lib/python3.12/site-packages/airflow/example_dags/example_branch_labels.py took 0.094 seconds
[2024-04-09T19:14:25.516+0000] {processor.py:161} INFO - Started process (PID=11886) to work on /home/airflow/.local/lib/python3.12/site-packages/airflow/example_dags/example_branch_labels.py
[2024-04-09T19:14:25.517+0000] {processor.py:830} INFO - Processing file /home/airflow/.local/lib/python3.12/site-packages/airflow/example_dags/example_branch_labels.py for tasks to queue
[2024-04-09T19:14:25.519+0000] {logging_mixin.py:188} INFO - [2024-04-09T19:14:25.518+0000] {dagbag.py:540} INFO - Filling up the DagBag from /home/airflow/.local/lib/python3.12/site-packages/airflow/example_dags/example_branch_labels.py
[2024-04-09T19:14:25.528+0000] {processor.py:840} INFO - DAG(s) 'example_branch_labels' retrieved from /home/airflow/.local/lib/python3.12/site-packages/airflow/example_dags/example_branch_labels.py
[2024-04-09T19:14:25.552+0000] {logging_mixin.py:188} INFO - [2024-04-09T19:14:25.552+0000] {dag.py:3096} INFO - Sync 1 DAGs
[2024-04-09T19:14:25.578+0000] {logging_mixin.py:188} INFO - [2024-04-09T19:14:25.578+0000] {dag.py:3954} INFO - Setting next_dagrun for example_branch_labels to 2024-04-08 00:00:00+00:00, run_after=2024-04-09 00:00:00+00:00
[2024-04-09T19:14:25.601+0000] {processor.py:183} INFO - Processing /home/airflow/.local/lib/python3.12/site-packages/airflow/example_dags/example_branch_labels.py took 0.093 seconds
[2024-04-09T19:14:55.808+0000] {processor.py:161} INFO - Started process (PID=12160) to work on /home/airflow/.local/lib/python3.12/site-packages/airflow/example_dags/example_branch_labels.py
[2024-04-09T19:14:55.809+0000] {processor.py:830} INFO - Processing file /home/airflow/.local/lib/python3.12/site-packages/airflow/example_dags/example_branch_labels.py for tasks to queue
[2024-04-09T19:14:55.810+0000] {logging_mixin.py:188} INFO - [2024-04-09T19:14:55.810+0000] {dagbag.py:540} INFO - Filling up the DagBag from /home/airflow/.local/lib/python3.12/site-packages/airflow/example_dags/example_branch_labels.py
[2024-04-09T19:14:55.820+0000] {processor.py:840} INFO - DAG(s) 'example_branch_labels' retrieved from /home/airflow/.local/lib/python3.12/site-packages/airflow/example_dags/example_branch_labels.py
[2024-04-09T19:14:55.844+0000] {logging_mixin.py:188} INFO - [2024-04-09T19:14:55.843+0000] {dag.py:3096} INFO - Sync 1 DAGs
[2024-04-09T19:14:55.879+0000] {logging_mixin.py:188} INFO - [2024-04-09T19:14:55.879+0000] {dag.py:3954} INFO - Setting next_dagrun for example_branch_labels to 2024-04-08 00:00:00+00:00, run_after=2024-04-09 00:00:00+00:00
[2024-04-09T19:14:55.903+0000] {processor.py:183} INFO - Processing /home/airflow/.local/lib/python3.12/site-packages/airflow/example_dags/example_branch_labels.py took 0.102 seconds
[2024-04-09T19:15:26.559+0000] {processor.py:161} INFO - Started process (PID=12427) to work on /home/airflow/.local/lib/python3.12/site-packages/airflow/example_dags/example_branch_labels.py
[2024-04-09T19:15:26.560+0000] {processor.py:830} INFO - Processing file /home/airflow/.local/lib/python3.12/site-packages/airflow/example_dags/example_branch_labels.py for tasks to queue
[2024-04-09T19:15:26.562+0000] {logging_mixin.py:188} INFO - [2024-04-09T19:15:26.561+0000] {dagbag.py:540} INFO - Filling up the DagBag from /home/airflow/.local/lib/python3.12/site-packages/airflow/example_dags/example_branch_labels.py
[2024-04-09T19:15:26.571+0000] {processor.py:840} INFO - DAG(s) 'example_branch_labels' retrieved from /home/airflow/.local/lib/python3.12/site-packages/airflow/example_dags/example_branch_labels.py
[2024-04-09T19:15:26.597+0000] {logging_mixin.py:188} INFO - [2024-04-09T19:15:26.597+0000] {dag.py:3096} INFO - Sync 1 DAGs
[2024-04-09T19:15:26.627+0000] {logging_mixin.py:188} INFO - [2024-04-09T19:15:26.627+0000] {dag.py:3954} INFO - Setting next_dagrun for example_branch_labels to 2024-04-08 00:00:00+00:00, run_after=2024-04-09 00:00:00+00:00
[2024-04-09T19:15:26.650+0000] {processor.py:183} INFO - Processing /home/airflow/.local/lib/python3.12/site-packages/airflow/example_dags/example_branch_labels.py took 0.099 seconds
[2024-04-09T19:15:57.418+0000] {processor.py:161} INFO - Started process (PID=12699) to work on /home/airflow/.local/lib/python3.12/site-packages/airflow/example_dags/example_branch_labels.py
[2024-04-09T19:15:57.419+0000] {processor.py:830} INFO - Processing file /home/airflow/.local/lib/python3.12/site-packages/airflow/example_dags/example_branch_labels.py for tasks to queue
[2024-04-09T19:15:57.422+0000] {logging_mixin.py:188} INFO - [2024-04-09T19:15:57.421+0000] {dagbag.py:540} INFO - Filling up the DagBag from /home/airflow/.local/lib/python3.12/site-packages/airflow/example_dags/example_branch_labels.py
[2024-04-09T19:15:57.432+0000] {processor.py:840} INFO - DAG(s) 'example_branch_labels' retrieved from /home/airflow/.local/lib/python3.12/site-packages/airflow/example_dags/example_branch_labels.py
[2024-04-09T19:15:57.456+0000] {logging_mixin.py:188} INFO - [2024-04-09T19:15:57.455+0000] {dag.py:3096} INFO - Sync 1 DAGs
[2024-04-09T19:15:57.483+0000] {logging_mixin.py:188} INFO - [2024-04-09T19:15:57.483+0000] {dag.py:3954} INFO - Setting next_dagrun for example_branch_labels to 2024-04-08 00:00:00+00:00, run_after=2024-04-09 00:00:00+00:00
[2024-04-09T19:15:57.507+0000] {processor.py:183} INFO - Processing /home/airflow/.local/lib/python3.12/site-packages/airflow/example_dags/example_branch_labels.py took 0.096 seconds
[2024-04-09T19:16:27.662+0000] {processor.py:161} INFO - Started process (PID=12972) to work on /home/airflow/.local/lib/python3.12/site-packages/airflow/example_dags/example_branch_labels.py
[2024-04-09T19:16:27.663+0000] {processor.py:830} INFO - Processing file /home/airflow/.local/lib/python3.12/site-packages/airflow/example_dags/example_branch_labels.py for tasks to queue
[2024-04-09T19:16:27.665+0000] {logging_mixin.py:188} INFO - [2024-04-09T19:16:27.665+0000] {dagbag.py:540} INFO - Filling up the DagBag from /home/airflow/.local/lib/python3.12/site-packages/airflow/example_dags/example_branch_labels.py
[2024-04-09T19:16:27.674+0000] {processor.py:840} INFO - DAG(s) 'example_branch_labels' retrieved from /home/airflow/.local/lib/python3.12/site-packages/airflow/example_dags/example_branch_labels.py
[2024-04-09T19:16:27.712+0000] {logging_mixin.py:188} INFO - [2024-04-09T19:16:27.712+0000] {dag.py:3096} INFO - Sync 1 DAGs
[2024-04-09T19:16:27.743+0000] {logging_mixin.py:188} INFO - [2024-04-09T19:16:27.743+0000] {dag.py:3954} INFO - Setting next_dagrun for example_branch_labels to 2024-04-08 00:00:00+00:00, run_after=2024-04-09 00:00:00+00:00
[2024-04-09T19:16:27.767+0000] {processor.py:183} INFO - Processing /home/airflow/.local/lib/python3.12/site-packages/airflow/example_dags/example_branch_labels.py took 0.112 seconds
[2024-04-09T19:16:58.651+0000] {processor.py:161} INFO - Started process (PID=13246) to work on /home/airflow/.local/lib/python3.12/site-packages/airflow/example_dags/example_branch_labels.py
[2024-04-09T19:16:58.652+0000] {processor.py:830} INFO - Processing file /home/airflow/.local/lib/python3.12/site-packages/airflow/example_dags/example_branch_labels.py for tasks to queue
[2024-04-09T19:16:58.653+0000] {logging_mixin.py:188} INFO - [2024-04-09T19:16:58.653+0000] {dagbag.py:540} INFO - Filling up the DagBag from /home/airflow/.local/lib/python3.12/site-packages/airflow/example_dags/example_branch_labels.py
[2024-04-09T19:16:58.660+0000] {processor.py:840} INFO - DAG(s) 'example_branch_labels' retrieved from /home/airflow/.local/lib/python3.12/site-packages/airflow/example_dags/example_branch_labels.py
[2024-04-09T19:16:58.677+0000] {logging_mixin.py:188} INFO - [2024-04-09T19:16:58.677+0000] {dag.py:3096} INFO - Sync 1 DAGs
[2024-04-09T19:16:58.698+0000] {logging_mixin.py:188} INFO - [2024-04-09T19:16:58.698+0000] {dag.py:3954} INFO - Setting next_dagrun for example_branch_labels to 2024-04-08 00:00:00+00:00, run_after=2024-04-09 00:00:00+00:00
[2024-04-09T19:16:58.716+0000] {processor.py:183} INFO - Processing /home/airflow/.local/lib/python3.12/site-packages/airflow/example_dags/example_branch_labels.py took 0.070 seconds
[2024-04-09T19:17:29.361+0000] {processor.py:161} INFO - Started process (PID=13516) to work on /home/airflow/.local/lib/python3.12/site-packages/airflow/example_dags/example_branch_labels.py
[2024-04-09T19:17:29.362+0000] {processor.py:830} INFO - Processing file /home/airflow/.local/lib/python3.12/site-packages/airflow/example_dags/example_branch_labels.py for tasks to queue
[2024-04-09T19:17:29.364+0000] {logging_mixin.py:188} INFO - [2024-04-09T19:17:29.364+0000] {dagbag.py:540} INFO - Filling up the DagBag from /home/airflow/.local/lib/python3.12/site-packages/airflow/example_dags/example_branch_labels.py
[2024-04-09T19:17:29.374+0000] {processor.py:840} INFO - DAG(s) 'example_branch_labels' retrieved from /home/airflow/.local/lib/python3.12/site-packages/airflow/example_dags/example_branch_labels.py
[2024-04-09T19:17:29.400+0000] {logging_mixin.py:188} INFO - [2024-04-09T19:17:29.400+0000] {dag.py:3096} INFO - Sync 1 DAGs
[2024-04-09T19:17:29.433+0000] {logging_mixin.py:188} INFO - [2024-04-09T19:17:29.433+0000] {dag.py:3954} INFO - Setting next_dagrun for example_branch_labels to 2024-04-08 00:00:00+00:00, run_after=2024-04-09 00:00:00+00:00
[2024-04-09T19:17:29.457+0000] {processor.py:183} INFO - Processing /home/airflow/.local/lib/python3.12/site-packages/airflow/example_dags/example_branch_labels.py took 0.108 seconds
[2024-04-09T19:18:00.032+0000] {processor.py:161} INFO - Started process (PID=13790) to work on /home/airflow/.local/lib/python3.12/site-packages/airflow/example_dags/example_branch_labels.py
[2024-04-09T19:18:00.034+0000] {processor.py:830} INFO - Processing file /home/airflow/.local/lib/python3.12/site-packages/airflow/example_dags/example_branch_labels.py for tasks to queue
[2024-04-09T19:18:00.036+0000] {logging_mixin.py:188} INFO - [2024-04-09T19:18:00.036+0000] {dagbag.py:540} INFO - Filling up the DagBag from /home/airflow/.local/lib/python3.12/site-packages/airflow/example_dags/example_branch_labels.py
[2024-04-09T19:18:00.043+0000] {processor.py:840} INFO - DAG(s) 'example_branch_labels' retrieved from /home/airflow/.local/lib/python3.12/site-packages/airflow/example_dags/example_branch_labels.py
[2024-04-09T19:18:00.060+0000] {logging_mixin.py:188} INFO - [2024-04-09T19:18:00.060+0000] {dag.py:3096} INFO - Sync 1 DAGs
[2024-04-09T19:18:00.080+0000] {logging_mixin.py:188} INFO - [2024-04-09T19:18:00.080+0000] {dag.py:3954} INFO - Setting next_dagrun for example_branch_labels to 2024-04-08 00:00:00+00:00, run_after=2024-04-09 00:00:00+00:00
[2024-04-09T19:18:00.100+0000] {processor.py:183} INFO - Processing /home/airflow/.local/lib/python3.12/site-packages/airflow/example_dags/example_branch_labels.py took 0.073 seconds
[2024-04-09T19:18:30.735+0000] {processor.py:161} INFO - Started process (PID=14060) to work on /home/airflow/.local/lib/python3.12/site-packages/airflow/example_dags/example_branch_labels.py
[2024-04-09T19:18:30.736+0000] {processor.py:830} INFO - Processing file /home/airflow/.local/lib/python3.12/site-packages/airflow/example_dags/example_branch_labels.py for tasks to queue
[2024-04-09T19:18:30.738+0000] {logging_mixin.py:188} INFO - [2024-04-09T19:18:30.737+0000] {dagbag.py:540} INFO - Filling up the DagBag from /home/airflow/.local/lib/python3.12/site-packages/airflow/example_dags/example_branch_labels.py
[2024-04-09T19:18:30.747+0000] {processor.py:840} INFO - DAG(s) 'example_branch_labels' retrieved from /home/airflow/.local/lib/python3.12/site-packages/airflow/example_dags/example_branch_labels.py
[2024-04-09T19:18:30.770+0000] {logging_mixin.py:188} INFO - [2024-04-09T19:18:30.770+0000] {dag.py:3096} INFO - Sync 1 DAGs
[2024-04-09T19:18:30.801+0000] {logging_mixin.py:188} INFO - [2024-04-09T19:18:30.800+0000] {dag.py:3954} INFO - Setting next_dagrun for example_branch_labels to 2024-04-08 00:00:00+00:00, run_after=2024-04-09 00:00:00+00:00
[2024-04-09T19:18:30.823+0000] {processor.py:183} INFO - Processing /home/airflow/.local/lib/python3.12/site-packages/airflow/example_dags/example_branch_labels.py took 0.094 seconds
[2024-04-09T19:19:01.724+0000] {processor.py:161} INFO - Started process (PID=14332) to work on /home/airflow/.local/lib/python3.12/site-packages/airflow/example_dags/example_branch_labels.py
[2024-04-09T19:19:01.724+0000] {processor.py:830} INFO - Processing file /home/airflow/.local/lib/python3.12/site-packages/airflow/example_dags/example_branch_labels.py for tasks to queue
[2024-04-09T19:19:01.726+0000] {logging_mixin.py:188} INFO - [2024-04-09T19:19:01.726+0000] {dagbag.py:540} INFO - Filling up the DagBag from /home/airflow/.local/lib/python3.12/site-packages/airflow/example_dags/example_branch_labels.py
[2024-04-09T19:19:01.735+0000] {processor.py:840} INFO - DAG(s) 'example_branch_labels' retrieved from /home/airflow/.local/lib/python3.12/site-packages/airflow/example_dags/example_branch_labels.py
[2024-04-09T19:19:01.759+0000] {logging_mixin.py:188} INFO - [2024-04-09T19:19:01.758+0000] {dag.py:3096} INFO - Sync 1 DAGs
[2024-04-09T19:19:01.787+0000] {logging_mixin.py:188} INFO - [2024-04-09T19:19:01.787+0000] {dag.py:3954} INFO - Setting next_dagrun for example_branch_labels to 2024-04-08 00:00:00+00:00, run_after=2024-04-09 00:00:00+00:00
[2024-04-09T19:19:01.812+0000] {processor.py:183} INFO - Processing /home/airflow/.local/lib/python3.12/site-packages/airflow/example_dags/example_branch_labels.py took 0.095 seconds
[2024-04-09T19:19:32.848+0000] {processor.py:161} INFO - Started process (PID=14605) to work on /home/airflow/.local/lib/python3.12/site-packages/airflow/example_dags/example_branch_labels.py
[2024-04-09T19:19:32.848+0000] {processor.py:830} INFO - Processing file /home/airflow/.local/lib/python3.12/site-packages/airflow/example_dags/example_branch_labels.py for tasks to queue
[2024-04-09T19:19:32.850+0000] {logging_mixin.py:188} INFO - [2024-04-09T19:19:32.850+0000] {dagbag.py:540} INFO - Filling up the DagBag from /home/airflow/.local/lib/python3.12/site-packages/airflow/example_dags/example_branch_labels.py
[2024-04-09T19:19:32.856+0000] {processor.py:840} INFO - DAG(s) 'example_branch_labels' retrieved from /home/airflow/.local/lib/python3.12/site-packages/airflow/example_dags/example_branch_labels.py
[2024-04-09T19:19:32.874+0000] {logging_mixin.py:188} INFO - [2024-04-09T19:19:32.874+0000] {dag.py:3096} INFO - Sync 1 DAGs
[2024-04-09T19:19:32.893+0000] {logging_mixin.py:188} INFO - [2024-04-09T19:19:32.892+0000] {dag.py:3954} INFO - Setting next_dagrun for example_branch_labels to 2024-04-08 00:00:00+00:00, run_after=2024-04-09 00:00:00+00:00
[2024-04-09T19:19:32.911+0000] {processor.py:183} INFO - Processing /home/airflow/.local/lib/python3.12/site-packages/airflow/example_dags/example_branch_labels.py took 0.068 seconds
[2024-04-09T19:20:03.348+0000] {processor.py:161} INFO - Started process (PID=14878) to work on /home/airflow/.local/lib/python3.12/site-packages/airflow/example_dags/example_branch_labels.py
[2024-04-09T19:20:03.349+0000] {processor.py:830} INFO - Processing file /home/airflow/.local/lib/python3.12/site-packages/airflow/example_dags/example_branch_labels.py for tasks to queue
[2024-04-09T19:20:03.351+0000] {logging_mixin.py:188} INFO - [2024-04-09T19:20:03.350+0000] {dagbag.py:540} INFO - Filling up the DagBag from /home/airflow/.local/lib/python3.12/site-packages/airflow/example_dags/example_branch_labels.py
[2024-04-09T19:20:03.360+0000] {processor.py:840} INFO - DAG(s) 'example_branch_labels' retrieved from /home/airflow/.local/lib/python3.12/site-packages/airflow/example_dags/example_branch_labels.py
[2024-04-09T19:20:03.388+0000] {logging_mixin.py:188} INFO - [2024-04-09T19:20:03.387+0000] {dag.py:3096} INFO - Sync 1 DAGs
[2024-04-09T19:20:03.417+0000] {logging_mixin.py:188} INFO - [2024-04-09T19:20:03.416+0000] {dag.py:3954} INFO - Setting next_dagrun for example_branch_labels to 2024-04-08 00:00:00+00:00, run_after=2024-04-09 00:00:00+00:00
[2024-04-09T19:20:03.449+0000] {processor.py:183} INFO - Processing /home/airflow/.local/lib/python3.12/site-packages/airflow/example_dags/example_branch_labels.py took 0.107 seconds
[2024-04-09T19:20:33.968+0000] {processor.py:161} INFO - Started process (PID=15151) to work on /home/airflow/.local/lib/python3.12/site-packages/airflow/example_dags/example_branch_labels.py
[2024-04-09T19:20:33.969+0000] {processor.py:830} INFO - Processing file /home/airflow/.local/lib/python3.12/site-packages/airflow/example_dags/example_branch_labels.py for tasks to queue
[2024-04-09T19:20:33.971+0000] {logging_mixin.py:188} INFO - [2024-04-09T19:20:33.971+0000] {dagbag.py:540} INFO - Filling up the DagBag from /home/airflow/.local/lib/python3.12/site-packages/airflow/example_dags/example_branch_labels.py
[2024-04-09T19:20:33.980+0000] {processor.py:840} INFO - DAG(s) 'example_branch_labels' retrieved from /home/airflow/.local/lib/python3.12/site-packages/airflow/example_dags/example_branch_labels.py
[2024-04-09T19:20:34.006+0000] {logging_mixin.py:188} INFO - [2024-04-09T19:20:34.006+0000] {dag.py:3096} INFO - Sync 1 DAGs
[2024-04-09T19:20:34.035+0000] {logging_mixin.py:188} INFO - [2024-04-09T19:20:34.034+0000] {dag.py:3954} INFO - Setting next_dagrun for example_branch_labels to 2024-04-08 00:00:00+00:00, run_after=2024-04-09 00:00:00+00:00
[2024-04-09T19:20:34.058+0000] {processor.py:183} INFO - Processing /home/airflow/.local/lib/python3.12/site-packages/airflow/example_dags/example_branch_labels.py took 0.096 seconds
[2024-04-09T19:21:04.746+0000] {processor.py:161} INFO - Started process (PID=15423) to work on /home/airflow/.local/lib/python3.12/site-packages/airflow/example_dags/example_branch_labels.py
[2024-04-09T19:21:04.747+0000] {processor.py:830} INFO - Processing file /home/airflow/.local/lib/python3.12/site-packages/airflow/example_dags/example_branch_labels.py for tasks to queue
[2024-04-09T19:21:04.749+0000] {logging_mixin.py:188} INFO - [2024-04-09T19:21:04.749+0000] {dagbag.py:540} INFO - Filling up the DagBag from /home/airflow/.local/lib/python3.12/site-packages/airflow/example_dags/example_branch_labels.py
[2024-04-09T19:21:04.758+0000] {processor.py:840} INFO - DAG(s) 'example_branch_labels' retrieved from /home/airflow/.local/lib/python3.12/site-packages/airflow/example_dags/example_branch_labels.py
[2024-04-09T19:21:04.784+0000] {logging_mixin.py:188} INFO - [2024-04-09T19:21:04.784+0000] {dag.py:3096} INFO - Sync 1 DAGs
[2024-04-09T19:21:04.814+0000] {logging_mixin.py:188} INFO - [2024-04-09T19:21:04.813+0000] {dag.py:3954} INFO - Setting next_dagrun for example_branch_labels to 2024-04-08 00:00:00+00:00, run_after=2024-04-09 00:00:00+00:00
[2024-04-09T19:21:04.836+0000] {processor.py:183} INFO - Processing /home/airflow/.local/lib/python3.12/site-packages/airflow/example_dags/example_branch_labels.py took 0.096 seconds
[2024-04-09T19:21:35.227+0000] {processor.py:161} INFO - Started process (PID=15696) to work on /home/airflow/.local/lib/python3.12/site-packages/airflow/example_dags/example_branch_labels.py
[2024-04-09T19:21:35.228+0000] {processor.py:830} INFO - Processing file /home/airflow/.local/lib/python3.12/site-packages/airflow/example_dags/example_branch_labels.py for tasks to queue
[2024-04-09T19:21:35.231+0000] {logging_mixin.py:188} INFO - [2024-04-09T19:21:35.230+0000] {dagbag.py:540} INFO - Filling up the DagBag from /home/airflow/.local/lib/python3.12/site-packages/airflow/example_dags/example_branch_labels.py
[2024-04-09T19:21:35.241+0000] {processor.py:840} INFO - DAG(s) 'example_branch_labels' retrieved from /home/airflow/.local/lib/python3.12/site-packages/airflow/example_dags/example_branch_labels.py
[2024-04-09T19:21:35.268+0000] {logging_mixin.py:188} INFO - [2024-04-09T19:21:35.268+0000] {dag.py:3096} INFO - Sync 1 DAGs
[2024-04-09T19:21:35.300+0000] {logging_mixin.py:188} INFO - [2024-04-09T19:21:35.300+0000] {dag.py:3954} INFO - Setting next_dagrun for example_branch_labels to 2024-04-08 00:00:00+00:00, run_after=2024-04-09 00:00:00+00:00
[2024-04-09T19:21:35.327+0000] {processor.py:183} INFO - Processing /home/airflow/.local/lib/python3.12/site-packages/airflow/example_dags/example_branch_labels.py took 0.107 seconds
[2024-04-09T19:22:05.600+0000] {processor.py:161} INFO - Started process (PID=15968) to work on /home/airflow/.local/lib/python3.12/site-packages/airflow/example_dags/example_branch_labels.py
[2024-04-09T19:22:05.602+0000] {processor.py:830} INFO - Processing file /home/airflow/.local/lib/python3.12/site-packages/airflow/example_dags/example_branch_labels.py for tasks to queue
[2024-04-09T19:22:05.604+0000] {logging_mixin.py:188} INFO - [2024-04-09T19:22:05.603+0000] {dagbag.py:540} INFO - Filling up the DagBag from /home/airflow/.local/lib/python3.12/site-packages/airflow/example_dags/example_branch_labels.py
[2024-04-09T19:22:05.613+0000] {processor.py:840} INFO - DAG(s) 'example_branch_labels' retrieved from /home/airflow/.local/lib/python3.12/site-packages/airflow/example_dags/example_branch_labels.py
[2024-04-09T19:22:05.638+0000] {logging_mixin.py:188} INFO - [2024-04-09T19:22:05.638+0000] {dag.py:3096} INFO - Sync 1 DAGs
[2024-04-09T19:22:05.667+0000] {logging_mixin.py:188} INFO - [2024-04-09T19:22:05.666+0000] {dag.py:3954} INFO - Setting next_dagrun for example_branch_labels to 2024-04-08 00:00:00+00:00, run_after=2024-04-09 00:00:00+00:00
[2024-04-09T19:22:05.692+0000] {processor.py:183} INFO - Processing /home/airflow/.local/lib/python3.12/site-packages/airflow/example_dags/example_branch_labels.py took 0.099 seconds
[2024-04-09T19:22:36.365+0000] {processor.py:161} INFO - Started process (PID=16240) to work on /home/airflow/.local/lib/python3.12/site-packages/airflow/example_dags/example_branch_labels.py
[2024-04-09T19:22:36.366+0000] {processor.py:830} INFO - Processing file /home/airflow/.local/lib/python3.12/site-packages/airflow/example_dags/example_branch_labels.py for tasks to queue
[2024-04-09T19:22:36.368+0000] {logging_mixin.py:188} INFO - [2024-04-09T19:22:36.367+0000] {dagbag.py:540} INFO - Filling up the DagBag from /home/airflow/.local/lib/python3.12/site-packages/airflow/example_dags/example_branch_labels.py
[2024-04-09T19:22:36.384+0000] {processor.py:840} INFO - DAG(s) 'example_branch_labels' retrieved from /home/airflow/.local/lib/python3.12/site-packages/airflow/example_dags/example_branch_labels.py
[2024-04-09T19:22:36.415+0000] {logging_mixin.py:188} INFO - [2024-04-09T19:22:36.415+0000] {dag.py:3096} INFO - Sync 1 DAGs
[2024-04-09T19:22:36.445+0000] {logging_mixin.py:188} INFO - [2024-04-09T19:22:36.445+0000] {dag.py:3954} INFO - Setting next_dagrun for example_branch_labels to 2024-04-08 00:00:00+00:00, run_after=2024-04-09 00:00:00+00:00
[2024-04-09T19:22:36.466+0000] {processor.py:183} INFO - Processing /home/airflow/.local/lib/python3.12/site-packages/airflow/example_dags/example_branch_labels.py took 0.108 seconds
[2024-04-09T19:23:06.912+0000] {processor.py:161} INFO - Started process (PID=16510) to work on /home/airflow/.local/lib/python3.12/site-packages/airflow/example_dags/example_branch_labels.py
[2024-04-09T19:23:06.917+0000] {processor.py:830} INFO - Processing file /home/airflow/.local/lib/python3.12/site-packages/airflow/example_dags/example_branch_labels.py for tasks to queue
[2024-04-09T19:23:06.919+0000] {logging_mixin.py:188} INFO - [2024-04-09T19:23:06.918+0000] {dagbag.py:540} INFO - Filling up the DagBag from /home/airflow/.local/lib/python3.12/site-packages/airflow/example_dags/example_branch_labels.py
[2024-04-09T19:23:06.928+0000] {processor.py:840} INFO - DAG(s) 'example_branch_labels' retrieved from /home/airflow/.local/lib/python3.12/site-packages/airflow/example_dags/example_branch_labels.py
[2024-04-09T19:23:06.952+0000] {logging_mixin.py:188} INFO - [2024-04-09T19:23:06.952+0000] {dag.py:3096} INFO - Sync 1 DAGs
[2024-04-09T19:23:06.981+0000] {logging_mixin.py:188} INFO - [2024-04-09T19:23:06.980+0000] {dag.py:3954} INFO - Setting next_dagrun for example_branch_labels to 2024-04-08 00:00:00+00:00, run_after=2024-04-09 00:00:00+00:00
[2024-04-09T19:23:07.004+0000] {processor.py:183} INFO - Processing /home/airflow/.local/lib/python3.12/site-packages/airflow/example_dags/example_branch_labels.py took 0.098 seconds
[2024-04-09T19:23:37.441+0000] {processor.py:161} INFO - Started process (PID=16784) to work on /home/airflow/.local/lib/python3.12/site-packages/airflow/example_dags/example_branch_labels.py
[2024-04-09T19:23:37.442+0000] {processor.py:830} INFO - Processing file /home/airflow/.local/lib/python3.12/site-packages/airflow/example_dags/example_branch_labels.py for tasks to queue
[2024-04-09T19:23:37.444+0000] {logging_mixin.py:188} INFO - [2024-04-09T19:23:37.444+0000] {dagbag.py:540} INFO - Filling up the DagBag from /home/airflow/.local/lib/python3.12/site-packages/airflow/example_dags/example_branch_labels.py
[2024-04-09T19:23:37.453+0000] {processor.py:840} INFO - DAG(s) 'example_branch_labels' retrieved from /home/airflow/.local/lib/python3.12/site-packages/airflow/example_dags/example_branch_labels.py
[2024-04-09T19:23:37.496+0000] {logging_mixin.py:188} INFO - [2024-04-09T19:23:37.495+0000] {dag.py:3096} INFO - Sync 1 DAGs
[2024-04-09T19:23:37.529+0000] {logging_mixin.py:188} INFO - [2024-04-09T19:23:37.529+0000] {dag.py:3954} INFO - Setting next_dagrun for example_branch_labels to 2024-04-08 00:00:00+00:00, run_after=2024-04-09 00:00:00+00:00
[2024-04-09T19:23:37.551+0000] {processor.py:183} INFO - Processing /home/airflow/.local/lib/python3.12/site-packages/airflow/example_dags/example_branch_labels.py took 0.121 seconds
