[2024-04-09T18:50:49.949+0000] {processor.py:161} INFO - Started process (PID=192) to work on /home/airflow/.local/lib/python3.12/site-packages/airflow/example_dags/example_latest_only.py
[2024-04-09T18:50:49.950+0000] {processor.py:830} INFO - Processing file /home/airflow/.local/lib/python3.12/site-packages/airflow/example_dags/example_latest_only.py for tasks to queue
[2024-04-09T18:50:49.952+0000] {logging_mixin.py:188} INFO - [2024-04-09T18:50:49.952+0000] {dagbag.py:540} INFO - Filling up the DagBag from /home/airflow/.local/lib/python3.12/site-packages/airflow/example_dags/example_latest_only.py
[2024-04-09T18:50:49.963+0000] {processor.py:840} INFO - DAG(s) 'latest_only' retrieved from /home/airflow/.local/lib/python3.12/site-packages/airflow/example_dags/example_latest_only.py
[2024-04-09T18:50:50.156+0000] {logging_mixin.py:188} INFO - [2024-04-09T18:50:50.155+0000] {override.py:1829} INFO - Created Permission View: can edit on DAG:latest_only
[2024-04-09T18:50:50.176+0000] {logging_mixin.py:188} INFO - [2024-04-09T18:50:50.176+0000] {override.py:1829} INFO - Created Permission View: can delete on DAG:latest_only
[2024-04-09T18:50:50.187+0000] {logging_mixin.py:188} INFO - [2024-04-09T18:50:50.187+0000] {override.py:1829} INFO - Created Permission View: can read on DAG:latest_only
[2024-04-09T18:50:50.188+0000] {logging_mixin.py:188} INFO - [2024-04-09T18:50:50.188+0000] {dag.py:3096} INFO - Sync 1 DAGs
[2024-04-09T18:50:50.242+0000] {logging_mixin.py:188} INFO - [2024-04-09T18:50:50.241+0000] {dag.py:3118} INFO - Creating ORM DAG for latest_only
[2024-04-09T18:50:50.292+0000] {logging_mixin.py:188} INFO - [2024-04-09T18:50:50.292+0000] {dag.py:3954} INFO - Setting next_dagrun for latest_only to 2024-04-09 12:00:00+00:00, run_after=2024-04-09 16:00:00+00:00
[2024-04-09T18:50:50.369+0000] {processor.py:183} INFO - Processing /home/airflow/.local/lib/python3.12/site-packages/airflow/example_dags/example_latest_only.py took 0.429 seconds
[2024-04-09T18:51:21.069+0000] {processor.py:161} INFO - Started process (PID=454) to work on /home/airflow/.local/lib/python3.12/site-packages/airflow/example_dags/example_latest_only.py
[2024-04-09T18:51:21.070+0000] {processor.py:830} INFO - Processing file /home/airflow/.local/lib/python3.12/site-packages/airflow/example_dags/example_latest_only.py for tasks to queue
[2024-04-09T18:51:21.073+0000] {logging_mixin.py:188} INFO - [2024-04-09T18:51:21.073+0000] {dagbag.py:540} INFO - Filling up the DagBag from /home/airflow/.local/lib/python3.12/site-packages/airflow/example_dags/example_latest_only.py
[2024-04-09T18:51:21.078+0000] {processor.py:840} INFO - DAG(s) 'latest_only' retrieved from /home/airflow/.local/lib/python3.12/site-packages/airflow/example_dags/example_latest_only.py
[2024-04-09T18:51:21.109+0000] {logging_mixin.py:188} INFO - [2024-04-09T18:51:21.109+0000] {dag.py:3096} INFO - Sync 1 DAGs
[2024-04-09T18:51:21.134+0000] {logging_mixin.py:188} INFO - [2024-04-09T18:51:21.134+0000] {dag.py:3954} INFO - Setting next_dagrun for latest_only to 2024-04-09 12:00:00+00:00, run_after=2024-04-09 16:00:00+00:00
[2024-04-09T18:51:21.158+0000] {processor.py:183} INFO - Processing /home/airflow/.local/lib/python3.12/site-packages/airflow/example_dags/example_latest_only.py took 0.095 seconds
[2024-04-09T18:52:29.293+0000] {processor.py:161} INFO - Started process (PID=193) to work on /home/airflow/.local/lib/python3.12/site-packages/airflow/example_dags/example_latest_only.py
[2024-04-09T18:52:29.300+0000] {processor.py:830} INFO - Processing file /home/airflow/.local/lib/python3.12/site-packages/airflow/example_dags/example_latest_only.py for tasks to queue
[2024-04-09T18:52:29.301+0000] {logging_mixin.py:188} INFO - [2024-04-09T18:52:29.301+0000] {dagbag.py:540} INFO - Filling up the DagBag from /home/airflow/.local/lib/python3.12/site-packages/airflow/example_dags/example_latest_only.py
[2024-04-09T18:52:29.318+0000] {processor.py:840} INFO - DAG(s) 'latest_only' retrieved from /home/airflow/.local/lib/python3.12/site-packages/airflow/example_dags/example_latest_only.py
[2024-04-09T18:52:29.596+0000] {logging_mixin.py:188} INFO - [2024-04-09T18:52:29.596+0000] {dag.py:3096} INFO - Sync 1 DAGs
[2024-04-09T18:52:29.657+0000] {logging_mixin.py:188} INFO - [2024-04-09T18:52:29.657+0000] {dag.py:3954} INFO - Setting next_dagrun for latest_only to 2024-04-09 12:00:00+00:00, run_after=2024-04-09 16:00:00+00:00
[2024-04-09T18:52:29.736+0000] {processor.py:183} INFO - Processing /home/airflow/.local/lib/python3.12/site-packages/airflow/example_dags/example_latest_only.py took 0.449 seconds
[2024-04-09T18:53:00.592+0000] {processor.py:161} INFO - Started process (PID=454) to work on /home/airflow/.local/lib/python3.12/site-packages/airflow/example_dags/example_latest_only.py
[2024-04-09T18:53:00.594+0000] {processor.py:830} INFO - Processing file /home/airflow/.local/lib/python3.12/site-packages/airflow/example_dags/example_latest_only.py for tasks to queue
[2024-04-09T18:53:00.596+0000] {logging_mixin.py:188} INFO - [2024-04-09T18:53:00.596+0000] {dagbag.py:540} INFO - Filling up the DagBag from /home/airflow/.local/lib/python3.12/site-packages/airflow/example_dags/example_latest_only.py
[2024-04-09T18:53:00.604+0000] {processor.py:840} INFO - DAG(s) 'latest_only' retrieved from /home/airflow/.local/lib/python3.12/site-packages/airflow/example_dags/example_latest_only.py
[2024-04-09T18:53:00.647+0000] {logging_mixin.py:188} INFO - [2024-04-09T18:53:00.647+0000] {dag.py:3096} INFO - Sync 1 DAGs
[2024-04-09T18:53:00.692+0000] {logging_mixin.py:188} INFO - [2024-04-09T18:53:00.692+0000] {dag.py:3954} INFO - Setting next_dagrun for latest_only to 2024-04-09 12:00:00+00:00, run_after=2024-04-09 16:00:00+00:00
[2024-04-09T18:53:00.718+0000] {processor.py:183} INFO - Processing /home/airflow/.local/lib/python3.12/site-packages/airflow/example_dags/example_latest_only.py took 0.134 seconds
[2024-04-09T18:53:30.779+0000] {processor.py:161} INFO - Started process (PID=713) to work on /home/airflow/.local/lib/python3.12/site-packages/airflow/example_dags/example_latest_only.py
[2024-04-09T18:53:30.780+0000] {processor.py:830} INFO - Processing file /home/airflow/.local/lib/python3.12/site-packages/airflow/example_dags/example_latest_only.py for tasks to queue
[2024-04-09T18:53:30.782+0000] {logging_mixin.py:188} INFO - [2024-04-09T18:53:30.782+0000] {dagbag.py:540} INFO - Filling up the DagBag from /home/airflow/.local/lib/python3.12/site-packages/airflow/example_dags/example_latest_only.py
[2024-04-09T18:53:30.789+0000] {processor.py:840} INFO - DAG(s) 'latest_only' retrieved from /home/airflow/.local/lib/python3.12/site-packages/airflow/example_dags/example_latest_only.py
[2024-04-09T18:53:30.806+0000] {logging_mixin.py:188} INFO - [2024-04-09T18:53:30.806+0000] {dag.py:3096} INFO - Sync 1 DAGs
[2024-04-09T18:53:30.824+0000] {logging_mixin.py:188} INFO - [2024-04-09T18:53:30.824+0000] {dag.py:3954} INFO - Setting next_dagrun for latest_only to 2024-04-09 12:00:00+00:00, run_after=2024-04-09 16:00:00+00:00
[2024-04-09T18:53:30.844+0000] {processor.py:183} INFO - Processing /home/airflow/.local/lib/python3.12/site-packages/airflow/example_dags/example_latest_only.py took 0.073 seconds
[2024-04-09T18:54:00.978+0000] {processor.py:161} INFO - Started process (PID=975) to work on /home/airflow/.local/lib/python3.12/site-packages/airflow/example_dags/example_latest_only.py
[2024-04-09T18:54:00.979+0000] {processor.py:830} INFO - Processing file /home/airflow/.local/lib/python3.12/site-packages/airflow/example_dags/example_latest_only.py for tasks to queue
[2024-04-09T18:54:00.981+0000] {logging_mixin.py:188} INFO - [2024-04-09T18:54:00.981+0000] {dagbag.py:540} INFO - Filling up the DagBag from /home/airflow/.local/lib/python3.12/site-packages/airflow/example_dags/example_latest_only.py
[2024-04-09T18:54:00.988+0000] {processor.py:840} INFO - DAG(s) 'latest_only' retrieved from /home/airflow/.local/lib/python3.12/site-packages/airflow/example_dags/example_latest_only.py
[2024-04-09T18:54:01.015+0000] {logging_mixin.py:188} INFO - [2024-04-09T18:54:01.015+0000] {dag.py:3096} INFO - Sync 1 DAGs
[2024-04-09T18:54:01.041+0000] {logging_mixin.py:188} INFO - [2024-04-09T18:54:01.041+0000] {dag.py:3954} INFO - Setting next_dagrun for latest_only to 2024-04-09 12:00:00+00:00, run_after=2024-04-09 16:00:00+00:00
[2024-04-09T18:54:01.068+0000] {processor.py:183} INFO - Processing /home/airflow/.local/lib/python3.12/site-packages/airflow/example_dags/example_latest_only.py took 0.096 seconds
[2024-04-09T18:54:31.472+0000] {processor.py:161} INFO - Started process (PID=1237) to work on /home/airflow/.local/lib/python3.12/site-packages/airflow/example_dags/example_latest_only.py
[2024-04-09T18:54:31.473+0000] {processor.py:830} INFO - Processing file /home/airflow/.local/lib/python3.12/site-packages/airflow/example_dags/example_latest_only.py for tasks to queue
[2024-04-09T18:54:31.474+0000] {logging_mixin.py:188} INFO - [2024-04-09T18:54:31.474+0000] {dagbag.py:540} INFO - Filling up the DagBag from /home/airflow/.local/lib/python3.12/site-packages/airflow/example_dags/example_latest_only.py
[2024-04-09T18:54:31.478+0000] {processor.py:840} INFO - DAG(s) 'latest_only' retrieved from /home/airflow/.local/lib/python3.12/site-packages/airflow/example_dags/example_latest_only.py
[2024-04-09T18:54:31.493+0000] {logging_mixin.py:188} INFO - [2024-04-09T18:54:31.493+0000] {dag.py:3096} INFO - Sync 1 DAGs
[2024-04-09T18:54:31.511+0000] {logging_mixin.py:188} INFO - [2024-04-09T18:54:31.511+0000] {dag.py:3954} INFO - Setting next_dagrun for latest_only to 2024-04-09 12:00:00+00:00, run_after=2024-04-09 16:00:00+00:00
[2024-04-09T18:54:31.533+0000] {processor.py:183} INFO - Processing /home/airflow/.local/lib/python3.12/site-packages/airflow/example_dags/example_latest_only.py took 0.067 seconds
[2024-04-09T18:55:01.929+0000] {processor.py:161} INFO - Started process (PID=1499) to work on /home/airflow/.local/lib/python3.12/site-packages/airflow/example_dags/example_latest_only.py
[2024-04-09T18:55:01.930+0000] {processor.py:830} INFO - Processing file /home/airflow/.local/lib/python3.12/site-packages/airflow/example_dags/example_latest_only.py for tasks to queue
[2024-04-09T18:55:01.931+0000] {logging_mixin.py:188} INFO - [2024-04-09T18:55:01.931+0000] {dagbag.py:540} INFO - Filling up the DagBag from /home/airflow/.local/lib/python3.12/site-packages/airflow/example_dags/example_latest_only.py
[2024-04-09T18:55:01.935+0000] {processor.py:840} INFO - DAG(s) 'latest_only' retrieved from /home/airflow/.local/lib/python3.12/site-packages/airflow/example_dags/example_latest_only.py
[2024-04-09T18:55:01.951+0000] {logging_mixin.py:188} INFO - [2024-04-09T18:55:01.951+0000] {dag.py:3096} INFO - Sync 1 DAGs
[2024-04-09T18:55:01.968+0000] {logging_mixin.py:188} INFO - [2024-04-09T18:55:01.968+0000] {dag.py:3954} INFO - Setting next_dagrun for latest_only to 2024-04-09 12:00:00+00:00, run_after=2024-04-09 16:00:00+00:00
[2024-04-09T18:55:01.988+0000] {processor.py:183} INFO - Processing /home/airflow/.local/lib/python3.12/site-packages/airflow/example_dags/example_latest_only.py took 0.063 seconds
[2024-04-09T18:55:32.602+0000] {processor.py:161} INFO - Started process (PID=1761) to work on /home/airflow/.local/lib/python3.12/site-packages/airflow/example_dags/example_latest_only.py
[2024-04-09T18:55:32.603+0000] {processor.py:830} INFO - Processing file /home/airflow/.local/lib/python3.12/site-packages/airflow/example_dags/example_latest_only.py for tasks to queue
[2024-04-09T18:55:32.605+0000] {logging_mixin.py:188} INFO - [2024-04-09T18:55:32.605+0000] {dagbag.py:540} INFO - Filling up the DagBag from /home/airflow/.local/lib/python3.12/site-packages/airflow/example_dags/example_latest_only.py
[2024-04-09T18:55:32.611+0000] {processor.py:840} INFO - DAG(s) 'latest_only' retrieved from /home/airflow/.local/lib/python3.12/site-packages/airflow/example_dags/example_latest_only.py
[2024-04-09T18:55:32.650+0000] {logging_mixin.py:188} INFO - [2024-04-09T18:55:32.650+0000] {dag.py:3096} INFO - Sync 1 DAGs
[2024-04-09T18:55:32.671+0000] {logging_mixin.py:188} INFO - [2024-04-09T18:55:32.670+0000] {dag.py:3954} INFO - Setting next_dagrun for latest_only to 2024-04-09 12:00:00+00:00, run_after=2024-04-09 16:00:00+00:00
[2024-04-09T18:55:32.694+0000] {processor.py:183} INFO - Processing /home/airflow/.local/lib/python3.12/site-packages/airflow/example_dags/example_latest_only.py took 0.099 seconds
[2024-04-09T18:56:03.120+0000] {processor.py:161} INFO - Started process (PID=2024) to work on /home/airflow/.local/lib/python3.12/site-packages/airflow/example_dags/example_latest_only.py
[2024-04-09T18:56:03.121+0000] {processor.py:830} INFO - Processing file /home/airflow/.local/lib/python3.12/site-packages/airflow/example_dags/example_latest_only.py for tasks to queue
[2024-04-09T18:56:03.122+0000] {logging_mixin.py:188} INFO - [2024-04-09T18:56:03.122+0000] {dagbag.py:540} INFO - Filling up the DagBag from /home/airflow/.local/lib/python3.12/site-packages/airflow/example_dags/example_latest_only.py
[2024-04-09T18:56:03.126+0000] {processor.py:840} INFO - DAG(s) 'latest_only' retrieved from /home/airflow/.local/lib/python3.12/site-packages/airflow/example_dags/example_latest_only.py
[2024-04-09T18:56:03.141+0000] {logging_mixin.py:188} INFO - [2024-04-09T18:56:03.141+0000] {dag.py:3096} INFO - Sync 1 DAGs
[2024-04-09T18:56:03.159+0000] {logging_mixin.py:188} INFO - [2024-04-09T18:56:03.159+0000] {dag.py:3954} INFO - Setting next_dagrun for latest_only to 2024-04-09 12:00:00+00:00, run_after=2024-04-09 16:00:00+00:00
[2024-04-09T18:56:03.178+0000] {processor.py:183} INFO - Processing /home/airflow/.local/lib/python3.12/site-packages/airflow/example_dags/example_latest_only.py took 0.063 seconds
[2024-04-09T18:56:33.606+0000] {processor.py:161} INFO - Started process (PID=2286) to work on /home/airflow/.local/lib/python3.12/site-packages/airflow/example_dags/example_latest_only.py
[2024-04-09T18:56:33.607+0000] {processor.py:830} INFO - Processing file /home/airflow/.local/lib/python3.12/site-packages/airflow/example_dags/example_latest_only.py for tasks to queue
[2024-04-09T18:56:33.609+0000] {logging_mixin.py:188} INFO - [2024-04-09T18:56:33.609+0000] {dagbag.py:540} INFO - Filling up the DagBag from /home/airflow/.local/lib/python3.12/site-packages/airflow/example_dags/example_latest_only.py
[2024-04-09T18:56:33.613+0000] {processor.py:840} INFO - DAG(s) 'latest_only' retrieved from /home/airflow/.local/lib/python3.12/site-packages/airflow/example_dags/example_latest_only.py
[2024-04-09T18:56:33.629+0000] {logging_mixin.py:188} INFO - [2024-04-09T18:56:33.629+0000] {dag.py:3096} INFO - Sync 1 DAGs
[2024-04-09T18:56:33.646+0000] {logging_mixin.py:188} INFO - [2024-04-09T18:56:33.646+0000] {dag.py:3954} INFO - Setting next_dagrun for latest_only to 2024-04-09 12:00:00+00:00, run_after=2024-04-09 16:00:00+00:00
[2024-04-09T18:56:33.665+0000] {processor.py:183} INFO - Processing /home/airflow/.local/lib/python3.12/site-packages/airflow/example_dags/example_latest_only.py took 0.064 seconds
[2024-04-09T18:57:04.279+0000] {processor.py:161} INFO - Started process (PID=2548) to work on /home/airflow/.local/lib/python3.12/site-packages/airflow/example_dags/example_latest_only.py
[2024-04-09T18:57:04.280+0000] {processor.py:830} INFO - Processing file /home/airflow/.local/lib/python3.12/site-packages/airflow/example_dags/example_latest_only.py for tasks to queue
[2024-04-09T18:57:04.281+0000] {logging_mixin.py:188} INFO - [2024-04-09T18:57:04.281+0000] {dagbag.py:540} INFO - Filling up the DagBag from /home/airflow/.local/lib/python3.12/site-packages/airflow/example_dags/example_latest_only.py
[2024-04-09T18:57:04.285+0000] {processor.py:840} INFO - DAG(s) 'latest_only' retrieved from /home/airflow/.local/lib/python3.12/site-packages/airflow/example_dags/example_latest_only.py
[2024-04-09T18:57:04.300+0000] {logging_mixin.py:188} INFO - [2024-04-09T18:57:04.300+0000] {dag.py:3096} INFO - Sync 1 DAGs
[2024-04-09T18:57:04.318+0000] {logging_mixin.py:188} INFO - [2024-04-09T18:57:04.318+0000] {dag.py:3954} INFO - Setting next_dagrun for latest_only to 2024-04-09 12:00:00+00:00, run_after=2024-04-09 16:00:00+00:00
[2024-04-09T18:57:04.337+0000] {processor.py:183} INFO - Processing /home/airflow/.local/lib/python3.12/site-packages/airflow/example_dags/example_latest_only.py took 0.064 seconds
[2024-04-09T18:57:34.644+0000] {processor.py:161} INFO - Started process (PID=2820) to work on /home/airflow/.local/lib/python3.12/site-packages/airflow/example_dags/example_latest_only.py
[2024-04-09T18:57:34.645+0000] {processor.py:830} INFO - Processing file /home/airflow/.local/lib/python3.12/site-packages/airflow/example_dags/example_latest_only.py for tasks to queue
[2024-04-09T18:57:34.647+0000] {logging_mixin.py:188} INFO - [2024-04-09T18:57:34.647+0000] {dagbag.py:540} INFO - Filling up the DagBag from /home/airflow/.local/lib/python3.12/site-packages/airflow/example_dags/example_latest_only.py
[2024-04-09T18:57:34.651+0000] {processor.py:840} INFO - DAG(s) 'latest_only' retrieved from /home/airflow/.local/lib/python3.12/site-packages/airflow/example_dags/example_latest_only.py
[2024-04-09T18:57:34.667+0000] {logging_mixin.py:188} INFO - [2024-04-09T18:57:34.667+0000] {dag.py:3096} INFO - Sync 1 DAGs
[2024-04-09T18:57:34.685+0000] {logging_mixin.py:188} INFO - [2024-04-09T18:57:34.685+0000] {dag.py:3954} INFO - Setting next_dagrun for latest_only to 2024-04-09 12:00:00+00:00, run_after=2024-04-09 16:00:00+00:00
[2024-04-09T18:57:34.704+0000] {processor.py:183} INFO - Processing /home/airflow/.local/lib/python3.12/site-packages/airflow/example_dags/example_latest_only.py took 0.064 seconds
[2024-04-09T18:58:04.891+0000] {processor.py:161} INFO - Started process (PID=3092) to work on /home/airflow/.local/lib/python3.12/site-packages/airflow/example_dags/example_latest_only.py
[2024-04-09T18:58:04.892+0000] {processor.py:830} INFO - Processing file /home/airflow/.local/lib/python3.12/site-packages/airflow/example_dags/example_latest_only.py for tasks to queue
[2024-04-09T18:58:04.893+0000] {logging_mixin.py:188} INFO - [2024-04-09T18:58:04.893+0000] {dagbag.py:540} INFO - Filling up the DagBag from /home/airflow/.local/lib/python3.12/site-packages/airflow/example_dags/example_latest_only.py
[2024-04-09T18:58:04.897+0000] {processor.py:840} INFO - DAG(s) 'latest_only' retrieved from /home/airflow/.local/lib/python3.12/site-packages/airflow/example_dags/example_latest_only.py
[2024-04-09T18:58:04.914+0000] {logging_mixin.py:188} INFO - [2024-04-09T18:58:04.913+0000] {dag.py:3096} INFO - Sync 1 DAGs
[2024-04-09T18:58:04.931+0000] {logging_mixin.py:188} INFO - [2024-04-09T18:58:04.931+0000] {dag.py:3954} INFO - Setting next_dagrun for latest_only to 2024-04-09 12:00:00+00:00, run_after=2024-04-09 16:00:00+00:00
[2024-04-09T18:58:04.950+0000] {processor.py:183} INFO - Processing /home/airflow/.local/lib/python3.12/site-packages/airflow/example_dags/example_latest_only.py took 0.063 seconds
[2024-04-09T18:58:35.317+0000] {processor.py:161} INFO - Started process (PID=3365) to work on /home/airflow/.local/lib/python3.12/site-packages/airflow/example_dags/example_latest_only.py
[2024-04-09T18:58:35.318+0000] {processor.py:830} INFO - Processing file /home/airflow/.local/lib/python3.12/site-packages/airflow/example_dags/example_latest_only.py for tasks to queue
[2024-04-09T18:58:35.319+0000] {logging_mixin.py:188} INFO - [2024-04-09T18:58:35.319+0000] {dagbag.py:540} INFO - Filling up the DagBag from /home/airflow/.local/lib/python3.12/site-packages/airflow/example_dags/example_latest_only.py
[2024-04-09T18:58:35.324+0000] {processor.py:840} INFO - DAG(s) 'latest_only' retrieved from /home/airflow/.local/lib/python3.12/site-packages/airflow/example_dags/example_latest_only.py
[2024-04-09T18:58:35.341+0000] {logging_mixin.py:188} INFO - [2024-04-09T18:58:35.341+0000] {dag.py:3096} INFO - Sync 1 DAGs
[2024-04-09T18:58:35.359+0000] {logging_mixin.py:188} INFO - [2024-04-09T18:58:35.359+0000] {dag.py:3954} INFO - Setting next_dagrun for latest_only to 2024-04-09 12:00:00+00:00, run_after=2024-04-09 16:00:00+00:00
[2024-04-09T18:58:35.379+0000] {processor.py:183} INFO - Processing /home/airflow/.local/lib/python3.12/site-packages/airflow/example_dags/example_latest_only.py took 0.066 seconds
[2024-04-09T18:59:05.608+0000] {processor.py:161} INFO - Started process (PID=3636) to work on /home/airflow/.local/lib/python3.12/site-packages/airflow/example_dags/example_latest_only.py
[2024-04-09T18:59:05.608+0000] {processor.py:830} INFO - Processing file /home/airflow/.local/lib/python3.12/site-packages/airflow/example_dags/example_latest_only.py for tasks to queue
[2024-04-09T18:59:05.610+0000] {logging_mixin.py:188} INFO - [2024-04-09T18:59:05.610+0000] {dagbag.py:540} INFO - Filling up the DagBag from /home/airflow/.local/lib/python3.12/site-packages/airflow/example_dags/example_latest_only.py
[2024-04-09T18:59:05.614+0000] {processor.py:840} INFO - DAG(s) 'latest_only' retrieved from /home/airflow/.local/lib/python3.12/site-packages/airflow/example_dags/example_latest_only.py
[2024-04-09T18:59:05.629+0000] {logging_mixin.py:188} INFO - [2024-04-09T18:59:05.629+0000] {dag.py:3096} INFO - Sync 1 DAGs
[2024-04-09T18:59:05.646+0000] {logging_mixin.py:188} INFO - [2024-04-09T18:59:05.646+0000] {dag.py:3954} INFO - Setting next_dagrun for latest_only to 2024-04-09 12:00:00+00:00, run_after=2024-04-09 16:00:00+00:00
[2024-04-09T18:59:05.665+0000] {processor.py:183} INFO - Processing /home/airflow/.local/lib/python3.12/site-packages/airflow/example_dags/example_latest_only.py took 0.063 seconds
[2024-04-09T18:59:36.071+0000] {processor.py:161} INFO - Started process (PID=3908) to work on /home/airflow/.local/lib/python3.12/site-packages/airflow/example_dags/example_latest_only.py
[2024-04-09T18:59:36.072+0000] {processor.py:830} INFO - Processing file /home/airflow/.local/lib/python3.12/site-packages/airflow/example_dags/example_latest_only.py for tasks to queue
[2024-04-09T18:59:36.073+0000] {logging_mixin.py:188} INFO - [2024-04-09T18:59:36.073+0000] {dagbag.py:540} INFO - Filling up the DagBag from /home/airflow/.local/lib/python3.12/site-packages/airflow/example_dags/example_latest_only.py
[2024-04-09T18:59:36.077+0000] {processor.py:840} INFO - DAG(s) 'latest_only' retrieved from /home/airflow/.local/lib/python3.12/site-packages/airflow/example_dags/example_latest_only.py
[2024-04-09T18:59:36.093+0000] {logging_mixin.py:188} INFO - [2024-04-09T18:59:36.093+0000] {dag.py:3096} INFO - Sync 1 DAGs
[2024-04-09T18:59:36.111+0000] {logging_mixin.py:188} INFO - [2024-04-09T18:59:36.111+0000] {dag.py:3954} INFO - Setting next_dagrun for latest_only to 2024-04-09 12:00:00+00:00, run_after=2024-04-09 16:00:00+00:00
[2024-04-09T18:59:36.130+0000] {processor.py:183} INFO - Processing /home/airflow/.local/lib/python3.12/site-packages/airflow/example_dags/example_latest_only.py took 0.063 seconds
[2024-04-09T19:00:06.226+0000] {processor.py:161} INFO - Started process (PID=4180) to work on /home/airflow/.local/lib/python3.12/site-packages/airflow/example_dags/example_latest_only.py
[2024-04-09T19:00:06.227+0000] {processor.py:830} INFO - Processing file /home/airflow/.local/lib/python3.12/site-packages/airflow/example_dags/example_latest_only.py for tasks to queue
[2024-04-09T19:00:06.229+0000] {logging_mixin.py:188} INFO - [2024-04-09T19:00:06.228+0000] {dagbag.py:540} INFO - Filling up the DagBag from /home/airflow/.local/lib/python3.12/site-packages/airflow/example_dags/example_latest_only.py
[2024-04-09T19:00:06.233+0000] {processor.py:840} INFO - DAG(s) 'latest_only' retrieved from /home/airflow/.local/lib/python3.12/site-packages/airflow/example_dags/example_latest_only.py
[2024-04-09T19:00:06.256+0000] {logging_mixin.py:188} INFO - [2024-04-09T19:00:06.255+0000] {dag.py:3096} INFO - Sync 1 DAGs
[2024-04-09T19:00:06.281+0000] {logging_mixin.py:188} INFO - [2024-04-09T19:00:06.281+0000] {dag.py:3954} INFO - Setting next_dagrun for latest_only to 2024-04-09 12:00:00+00:00, run_after=2024-04-09 16:00:00+00:00
[2024-04-09T19:00:06.314+0000] {processor.py:183} INFO - Processing /home/airflow/.local/lib/python3.12/site-packages/airflow/example_dags/example_latest_only.py took 0.093 seconds
[2024-04-09T19:00:36.353+0000] {processor.py:161} INFO - Started process (PID=4452) to work on /home/airflow/.local/lib/python3.12/site-packages/airflow/example_dags/example_latest_only.py
[2024-04-09T19:00:36.354+0000] {processor.py:830} INFO - Processing file /home/airflow/.local/lib/python3.12/site-packages/airflow/example_dags/example_latest_only.py for tasks to queue
[2024-04-09T19:00:36.355+0000] {logging_mixin.py:188} INFO - [2024-04-09T19:00:36.355+0000] {dagbag.py:540} INFO - Filling up the DagBag from /home/airflow/.local/lib/python3.12/site-packages/airflow/example_dags/example_latest_only.py
[2024-04-09T19:00:36.359+0000] {processor.py:840} INFO - DAG(s) 'latest_only' retrieved from /home/airflow/.local/lib/python3.12/site-packages/airflow/example_dags/example_latest_only.py
[2024-04-09T19:00:36.375+0000] {logging_mixin.py:188} INFO - [2024-04-09T19:00:36.375+0000] {dag.py:3096} INFO - Sync 1 DAGs
[2024-04-09T19:00:36.393+0000] {logging_mixin.py:188} INFO - [2024-04-09T19:00:36.393+0000] {dag.py:3954} INFO - Setting next_dagrun for latest_only to 2024-04-09 12:00:00+00:00, run_after=2024-04-09 16:00:00+00:00
[2024-04-09T19:00:36.412+0000] {processor.py:183} INFO - Processing /home/airflow/.local/lib/python3.12/site-packages/airflow/example_dags/example_latest_only.py took 0.064 seconds
[2024-04-09T19:01:06.664+0000] {processor.py:161} INFO - Started process (PID=4725) to work on /home/airflow/.local/lib/python3.12/site-packages/airflow/example_dags/example_latest_only.py
[2024-04-09T19:01:06.665+0000] {processor.py:830} INFO - Processing file /home/airflow/.local/lib/python3.12/site-packages/airflow/example_dags/example_latest_only.py for tasks to queue
[2024-04-09T19:01:06.666+0000] {logging_mixin.py:188} INFO - [2024-04-09T19:01:06.666+0000] {dagbag.py:540} INFO - Filling up the DagBag from /home/airflow/.local/lib/python3.12/site-packages/airflow/example_dags/example_latest_only.py
[2024-04-09T19:01:06.670+0000] {processor.py:840} INFO - DAG(s) 'latest_only' retrieved from /home/airflow/.local/lib/python3.12/site-packages/airflow/example_dags/example_latest_only.py
[2024-04-09T19:01:06.685+0000] {logging_mixin.py:188} INFO - [2024-04-09T19:01:06.685+0000] {dag.py:3096} INFO - Sync 1 DAGs
[2024-04-09T19:01:06.708+0000] {logging_mixin.py:188} INFO - [2024-04-09T19:01:06.708+0000] {dag.py:3954} INFO - Setting next_dagrun for latest_only to 2024-04-09 12:00:00+00:00, run_after=2024-04-09 16:00:00+00:00
[2024-04-09T19:01:06.733+0000] {processor.py:183} INFO - Processing /home/airflow/.local/lib/python3.12/site-packages/airflow/example_dags/example_latest_only.py took 0.075 seconds
[2024-04-09T19:01:36.951+0000] {processor.py:161} INFO - Started process (PID=4997) to work on /home/airflow/.local/lib/python3.12/site-packages/airflow/example_dags/example_latest_only.py
[2024-04-09T19:01:36.952+0000] {processor.py:830} INFO - Processing file /home/airflow/.local/lib/python3.12/site-packages/airflow/example_dags/example_latest_only.py for tasks to queue
[2024-04-09T19:01:36.954+0000] {logging_mixin.py:188} INFO - [2024-04-09T19:01:36.953+0000] {dagbag.py:540} INFO - Filling up the DagBag from /home/airflow/.local/lib/python3.12/site-packages/airflow/example_dags/example_latest_only.py
[2024-04-09T19:01:36.957+0000] {processor.py:840} INFO - DAG(s) 'latest_only' retrieved from /home/airflow/.local/lib/python3.12/site-packages/airflow/example_dags/example_latest_only.py
[2024-04-09T19:01:36.973+0000] {logging_mixin.py:188} INFO - [2024-04-09T19:01:36.972+0000] {dag.py:3096} INFO - Sync 1 DAGs
[2024-04-09T19:01:36.991+0000] {logging_mixin.py:188} INFO - [2024-04-09T19:01:36.991+0000] {dag.py:3954} INFO - Setting next_dagrun for latest_only to 2024-04-09 12:00:00+00:00, run_after=2024-04-09 16:00:00+00:00
[2024-04-09T19:01:37.010+0000] {processor.py:183} INFO - Processing /home/airflow/.local/lib/python3.12/site-packages/airflow/example_dags/example_latest_only.py took 0.064 seconds
[2024-04-09T19:02:07.280+0000] {processor.py:161} INFO - Started process (PID=5269) to work on /home/airflow/.local/lib/python3.12/site-packages/airflow/example_dags/example_latest_only.py
[2024-04-09T19:02:07.281+0000] {processor.py:830} INFO - Processing file /home/airflow/.local/lib/python3.12/site-packages/airflow/example_dags/example_latest_only.py for tasks to queue
[2024-04-09T19:02:07.283+0000] {logging_mixin.py:188} INFO - [2024-04-09T19:02:07.283+0000] {dagbag.py:540} INFO - Filling up the DagBag from /home/airflow/.local/lib/python3.12/site-packages/airflow/example_dags/example_latest_only.py
[2024-04-09T19:02:07.287+0000] {processor.py:840} INFO - DAG(s) 'latest_only' retrieved from /home/airflow/.local/lib/python3.12/site-packages/airflow/example_dags/example_latest_only.py
[2024-04-09T19:02:07.303+0000] {logging_mixin.py:188} INFO - [2024-04-09T19:02:07.302+0000] {dag.py:3096} INFO - Sync 1 DAGs
[2024-04-09T19:02:07.321+0000] {logging_mixin.py:188} INFO - [2024-04-09T19:02:07.321+0000] {dag.py:3954} INFO - Setting next_dagrun for latest_only to 2024-04-09 12:00:00+00:00, run_after=2024-04-09 16:00:00+00:00
[2024-04-09T19:02:07.341+0000] {processor.py:183} INFO - Processing /home/airflow/.local/lib/python3.12/site-packages/airflow/example_dags/example_latest_only.py took 0.066 seconds
[2024-04-09T19:02:37.511+0000] {processor.py:161} INFO - Started process (PID=5541) to work on /home/airflow/.local/lib/python3.12/site-packages/airflow/example_dags/example_latest_only.py
[2024-04-09T19:02:37.511+0000] {processor.py:830} INFO - Processing file /home/airflow/.local/lib/python3.12/site-packages/airflow/example_dags/example_latest_only.py for tasks to queue
[2024-04-09T19:02:37.513+0000] {logging_mixin.py:188} INFO - [2024-04-09T19:02:37.513+0000] {dagbag.py:540} INFO - Filling up the DagBag from /home/airflow/.local/lib/python3.12/site-packages/airflow/example_dags/example_latest_only.py
[2024-04-09T19:02:37.516+0000] {processor.py:840} INFO - DAG(s) 'latest_only' retrieved from /home/airflow/.local/lib/python3.12/site-packages/airflow/example_dags/example_latest_only.py
[2024-04-09T19:02:37.531+0000] {logging_mixin.py:188} INFO - [2024-04-09T19:02:37.531+0000] {dag.py:3096} INFO - Sync 1 DAGs
[2024-04-09T19:02:37.549+0000] {logging_mixin.py:188} INFO - [2024-04-09T19:02:37.549+0000] {dag.py:3954} INFO - Setting next_dagrun for latest_only to 2024-04-09 12:00:00+00:00, run_after=2024-04-09 16:00:00+00:00
[2024-04-09T19:02:37.569+0000] {processor.py:183} INFO - Processing /home/airflow/.local/lib/python3.12/site-packages/airflow/example_dags/example_latest_only.py took 0.063 seconds
[2024-04-09T19:03:07.762+0000] {processor.py:161} INFO - Started process (PID=5813) to work on /home/airflow/.local/lib/python3.12/site-packages/airflow/example_dags/example_latest_only.py
[2024-04-09T19:03:07.763+0000] {processor.py:830} INFO - Processing file /home/airflow/.local/lib/python3.12/site-packages/airflow/example_dags/example_latest_only.py for tasks to queue
[2024-04-09T19:03:07.765+0000] {logging_mixin.py:188} INFO - [2024-04-09T19:03:07.764+0000] {dagbag.py:540} INFO - Filling up the DagBag from /home/airflow/.local/lib/python3.12/site-packages/airflow/example_dags/example_latest_only.py
[2024-04-09T19:03:07.768+0000] {processor.py:840} INFO - DAG(s) 'latest_only' retrieved from /home/airflow/.local/lib/python3.12/site-packages/airflow/example_dags/example_latest_only.py
[2024-04-09T19:03:07.784+0000] {logging_mixin.py:188} INFO - [2024-04-09T19:03:07.784+0000] {dag.py:3096} INFO - Sync 1 DAGs
[2024-04-09T19:03:07.802+0000] {logging_mixin.py:188} INFO - [2024-04-09T19:03:07.801+0000] {dag.py:3954} INFO - Setting next_dagrun for latest_only to 2024-04-09 12:00:00+00:00, run_after=2024-04-09 16:00:00+00:00
[2024-04-09T19:03:07.824+0000] {processor.py:183} INFO - Processing /home/airflow/.local/lib/python3.12/site-packages/airflow/example_dags/example_latest_only.py took 0.067 seconds
[2024-04-09T19:03:37.942+0000] {processor.py:161} INFO - Started process (PID=6085) to work on /home/airflow/.local/lib/python3.12/site-packages/airflow/example_dags/example_latest_only.py
[2024-04-09T19:03:37.942+0000] {processor.py:830} INFO - Processing file /home/airflow/.local/lib/python3.12/site-packages/airflow/example_dags/example_latest_only.py for tasks to queue
[2024-04-09T19:03:37.944+0000] {logging_mixin.py:188} INFO - [2024-04-09T19:03:37.944+0000] {dagbag.py:540} INFO - Filling up the DagBag from /home/airflow/.local/lib/python3.12/site-packages/airflow/example_dags/example_latest_only.py
[2024-04-09T19:03:37.948+0000] {processor.py:840} INFO - DAG(s) 'latest_only' retrieved from /home/airflow/.local/lib/python3.12/site-packages/airflow/example_dags/example_latest_only.py
[2024-04-09T19:03:37.963+0000] {logging_mixin.py:188} INFO - [2024-04-09T19:03:37.963+0000] {dag.py:3096} INFO - Sync 1 DAGs
[2024-04-09T19:03:37.981+0000] {logging_mixin.py:188} INFO - [2024-04-09T19:03:37.981+0000] {dag.py:3954} INFO - Setting next_dagrun for latest_only to 2024-04-09 12:00:00+00:00, run_after=2024-04-09 16:00:00+00:00
[2024-04-09T19:03:38.000+0000] {processor.py:183} INFO - Processing /home/airflow/.local/lib/python3.12/site-packages/airflow/example_dags/example_latest_only.py took 0.063 seconds
[2024-04-09T19:04:08.616+0000] {processor.py:161} INFO - Started process (PID=6365) to work on /home/airflow/.local/lib/python3.12/site-packages/airflow/example_dags/example_latest_only.py
[2024-04-09T19:04:08.617+0000] {processor.py:830} INFO - Processing file /home/airflow/.local/lib/python3.12/site-packages/airflow/example_dags/example_latest_only.py for tasks to queue
[2024-04-09T19:04:08.619+0000] {logging_mixin.py:188} INFO - [2024-04-09T19:04:08.618+0000] {dagbag.py:540} INFO - Filling up the DagBag from /home/airflow/.local/lib/python3.12/site-packages/airflow/example_dags/example_latest_only.py
[2024-04-09T19:04:08.623+0000] {processor.py:840} INFO - DAG(s) 'latest_only' retrieved from /home/airflow/.local/lib/python3.12/site-packages/airflow/example_dags/example_latest_only.py
[2024-04-09T19:04:08.650+0000] {logging_mixin.py:188} INFO - [2024-04-09T19:04:08.650+0000] {dag.py:3096} INFO - Sync 1 DAGs
[2024-04-09T19:04:08.678+0000] {logging_mixin.py:188} INFO - [2024-04-09T19:04:08.678+0000] {dag.py:3954} INFO - Setting next_dagrun for latest_only to 2024-04-09 12:00:00+00:00, run_after=2024-04-09 16:00:00+00:00
[2024-04-09T19:04:08.704+0000] {processor.py:183} INFO - Processing /home/airflow/.local/lib/python3.12/site-packages/airflow/example_dags/example_latest_only.py took 0.092 seconds
[2024-04-09T19:04:38.827+0000] {processor.py:161} INFO - Started process (PID=6638) to work on /home/airflow/.local/lib/python3.12/site-packages/airflow/example_dags/example_latest_only.py
[2024-04-09T19:04:38.827+0000] {processor.py:830} INFO - Processing file /home/airflow/.local/lib/python3.12/site-packages/airflow/example_dags/example_latest_only.py for tasks to queue
[2024-04-09T19:04:38.829+0000] {logging_mixin.py:188} INFO - [2024-04-09T19:04:38.829+0000] {dagbag.py:540} INFO - Filling up the DagBag from /home/airflow/.local/lib/python3.12/site-packages/airflow/example_dags/example_latest_only.py
[2024-04-09T19:04:38.833+0000] {processor.py:840} INFO - DAG(s) 'latest_only' retrieved from /home/airflow/.local/lib/python3.12/site-packages/airflow/example_dags/example_latest_only.py
[2024-04-09T19:04:38.848+0000] {logging_mixin.py:188} INFO - [2024-04-09T19:04:38.848+0000] {dag.py:3096} INFO - Sync 1 DAGs
[2024-04-09T19:04:38.866+0000] {logging_mixin.py:188} INFO - [2024-04-09T19:04:38.866+0000] {dag.py:3954} INFO - Setting next_dagrun for latest_only to 2024-04-09 12:00:00+00:00, run_after=2024-04-09 16:00:00+00:00
[2024-04-09T19:04:38.885+0000] {processor.py:183} INFO - Processing /home/airflow/.local/lib/python3.12/site-packages/airflow/example_dags/example_latest_only.py took 0.063 seconds
[2024-04-09T19:05:09.285+0000] {processor.py:161} INFO - Started process (PID=6911) to work on /home/airflow/.local/lib/python3.12/site-packages/airflow/example_dags/example_latest_only.py
[2024-04-09T19:05:09.286+0000] {processor.py:830} INFO - Processing file /home/airflow/.local/lib/python3.12/site-packages/airflow/example_dags/example_latest_only.py for tasks to queue
[2024-04-09T19:05:09.287+0000] {logging_mixin.py:188} INFO - [2024-04-09T19:05:09.287+0000] {dagbag.py:540} INFO - Filling up the DagBag from /home/airflow/.local/lib/python3.12/site-packages/airflow/example_dags/example_latest_only.py
[2024-04-09T19:05:09.292+0000] {processor.py:840} INFO - DAG(s) 'latest_only' retrieved from /home/airflow/.local/lib/python3.12/site-packages/airflow/example_dags/example_latest_only.py
[2024-04-09T19:05:09.307+0000] {logging_mixin.py:188} INFO - [2024-04-09T19:05:09.307+0000] {dag.py:3096} INFO - Sync 1 DAGs
[2024-04-09T19:05:09.325+0000] {logging_mixin.py:188} INFO - [2024-04-09T19:05:09.325+0000] {dag.py:3954} INFO - Setting next_dagrun for latest_only to 2024-04-09 12:00:00+00:00, run_after=2024-04-09 16:00:00+00:00
[2024-04-09T19:05:09.485+0000] {processor.py:183} INFO - Processing /home/airflow/.local/lib/python3.12/site-packages/airflow/example_dags/example_latest_only.py took 0.205 seconds
[2024-04-09T19:05:39.866+0000] {processor.py:161} INFO - Started process (PID=7183) to work on /home/airflow/.local/lib/python3.12/site-packages/airflow/example_dags/example_latest_only.py
[2024-04-09T19:05:39.866+0000] {processor.py:830} INFO - Processing file /home/airflow/.local/lib/python3.12/site-packages/airflow/example_dags/example_latest_only.py for tasks to queue
[2024-04-09T19:05:39.868+0000] {logging_mixin.py:188} INFO - [2024-04-09T19:05:39.868+0000] {dagbag.py:540} INFO - Filling up the DagBag from /home/airflow/.local/lib/python3.12/site-packages/airflow/example_dags/example_latest_only.py
[2024-04-09T19:05:39.872+0000] {processor.py:840} INFO - DAG(s) 'latest_only' retrieved from /home/airflow/.local/lib/python3.12/site-packages/airflow/example_dags/example_latest_only.py
[2024-04-09T19:05:39.887+0000] {logging_mixin.py:188} INFO - [2024-04-09T19:05:39.887+0000] {dag.py:3096} INFO - Sync 1 DAGs
[2024-04-09T19:05:39.905+0000] {logging_mixin.py:188} INFO - [2024-04-09T19:05:39.905+0000] {dag.py:3954} INFO - Setting next_dagrun for latest_only to 2024-04-09 12:00:00+00:00, run_after=2024-04-09 16:00:00+00:00
[2024-04-09T19:05:39.925+0000] {processor.py:183} INFO - Processing /home/airflow/.local/lib/python3.12/site-packages/airflow/example_dags/example_latest_only.py took 0.064 seconds
[2024-04-09T19:06:10.593+0000] {processor.py:161} INFO - Started process (PID=7455) to work on /home/airflow/.local/lib/python3.12/site-packages/airflow/example_dags/example_latest_only.py
[2024-04-09T19:06:10.594+0000] {processor.py:830} INFO - Processing file /home/airflow/.local/lib/python3.12/site-packages/airflow/example_dags/example_latest_only.py for tasks to queue
[2024-04-09T19:06:10.595+0000] {logging_mixin.py:188} INFO - [2024-04-09T19:06:10.595+0000] {dagbag.py:540} INFO - Filling up the DagBag from /home/airflow/.local/lib/python3.12/site-packages/airflow/example_dags/example_latest_only.py
[2024-04-09T19:06:10.599+0000] {processor.py:840} INFO - DAG(s) 'latest_only' retrieved from /home/airflow/.local/lib/python3.12/site-packages/airflow/example_dags/example_latest_only.py
[2024-04-09T19:06:10.615+0000] {logging_mixin.py:188} INFO - [2024-04-09T19:06:10.615+0000] {dag.py:3096} INFO - Sync 1 DAGs
[2024-04-09T19:06:10.633+0000] {logging_mixin.py:188} INFO - [2024-04-09T19:06:10.633+0000] {dag.py:3954} INFO - Setting next_dagrun for latest_only to 2024-04-09 12:00:00+00:00, run_after=2024-04-09 16:00:00+00:00
[2024-04-09T19:06:10.653+0000] {processor.py:183} INFO - Processing /home/airflow/.local/lib/python3.12/site-packages/airflow/example_dags/example_latest_only.py took 0.065 seconds
[2024-04-09T19:06:40.707+0000] {processor.py:161} INFO - Started process (PID=7728) to work on /home/airflow/.local/lib/python3.12/site-packages/airflow/example_dags/example_latest_only.py
[2024-04-09T19:06:40.708+0000] {processor.py:830} INFO - Processing file /home/airflow/.local/lib/python3.12/site-packages/airflow/example_dags/example_latest_only.py for tasks to queue
[2024-04-09T19:06:40.710+0000] {logging_mixin.py:188} INFO - [2024-04-09T19:06:40.709+0000] {dagbag.py:540} INFO - Filling up the DagBag from /home/airflow/.local/lib/python3.12/site-packages/airflow/example_dags/example_latest_only.py
[2024-04-09T19:06:40.713+0000] {processor.py:840} INFO - DAG(s) 'latest_only' retrieved from /home/airflow/.local/lib/python3.12/site-packages/airflow/example_dags/example_latest_only.py
[2024-04-09T19:06:40.733+0000] {logging_mixin.py:188} INFO - [2024-04-09T19:06:40.733+0000] {dag.py:3096} INFO - Sync 1 DAGs
[2024-04-09T19:06:40.761+0000] {logging_mixin.py:188} INFO - [2024-04-09T19:06:40.760+0000] {dag.py:3954} INFO - Setting next_dagrun for latest_only to 2024-04-09 12:00:00+00:00, run_after=2024-04-09 16:00:00+00:00
[2024-04-09T19:06:40.781+0000] {processor.py:183} INFO - Processing /home/airflow/.local/lib/python3.12/site-packages/airflow/example_dags/example_latest_only.py took 0.079 seconds
[2024-04-09T19:07:11.045+0000] {processor.py:161} INFO - Started process (PID=7997) to work on /home/airflow/.local/lib/python3.12/site-packages/airflow/example_dags/example_latest_only.py
[2024-04-09T19:07:11.046+0000] {processor.py:830} INFO - Processing file /home/airflow/.local/lib/python3.12/site-packages/airflow/example_dags/example_latest_only.py for tasks to queue
[2024-04-09T19:07:11.048+0000] {logging_mixin.py:188} INFO - [2024-04-09T19:07:11.048+0000] {dagbag.py:540} INFO - Filling up the DagBag from /home/airflow/.local/lib/python3.12/site-packages/airflow/example_dags/example_latest_only.py
[2024-04-09T19:07:11.053+0000] {processor.py:840} INFO - DAG(s) 'latest_only' retrieved from /home/airflow/.local/lib/python3.12/site-packages/airflow/example_dags/example_latest_only.py
[2024-04-09T19:07:11.251+0000] {logging_mixin.py:188} INFO - [2024-04-09T19:07:11.251+0000] {dag.py:3096} INFO - Sync 1 DAGs
[2024-04-09T19:07:11.285+0000] {logging_mixin.py:188} INFO - [2024-04-09T19:07:11.285+0000] {dag.py:3954} INFO - Setting next_dagrun for latest_only to 2024-04-09 12:00:00+00:00, run_after=2024-04-09 16:00:00+00:00
[2024-04-09T19:07:11.317+0000] {processor.py:183} INFO - Processing /home/airflow/.local/lib/python3.12/site-packages/airflow/example_dags/example_latest_only.py took 0.279 seconds
[2024-04-09T19:07:42.168+0000] {processor.py:161} INFO - Started process (PID=8265) to work on /home/airflow/.local/lib/python3.12/site-packages/airflow/example_dags/example_latest_only.py
[2024-04-09T19:07:42.170+0000] {processor.py:830} INFO - Processing file /home/airflow/.local/lib/python3.12/site-packages/airflow/example_dags/example_latest_only.py for tasks to queue
[2024-04-09T19:07:42.172+0000] {logging_mixin.py:188} INFO - [2024-04-09T19:07:42.172+0000] {dagbag.py:540} INFO - Filling up the DagBag from /home/airflow/.local/lib/python3.12/site-packages/airflow/example_dags/example_latest_only.py
[2024-04-09T19:07:42.177+0000] {processor.py:840} INFO - DAG(s) 'latest_only' retrieved from /home/airflow/.local/lib/python3.12/site-packages/airflow/example_dags/example_latest_only.py
[2024-04-09T19:07:42.200+0000] {logging_mixin.py:188} INFO - [2024-04-09T19:07:42.200+0000] {dag.py:3096} INFO - Sync 1 DAGs
[2024-04-09T19:07:42.227+0000] {logging_mixin.py:188} INFO - [2024-04-09T19:07:42.227+0000] {dag.py:3954} INFO - Setting next_dagrun for latest_only to 2024-04-09 12:00:00+00:00, run_after=2024-04-09 16:00:00+00:00
[2024-04-09T19:07:42.253+0000] {processor.py:183} INFO - Processing /home/airflow/.local/lib/python3.12/site-packages/airflow/example_dags/example_latest_only.py took 0.090 seconds
[2024-04-09T19:08:13.062+0000] {processor.py:161} INFO - Started process (PID=8537) to work on /home/airflow/.local/lib/python3.12/site-packages/airflow/example_dags/example_latest_only.py
[2024-04-09T19:08:13.063+0000] {processor.py:830} INFO - Processing file /home/airflow/.local/lib/python3.12/site-packages/airflow/example_dags/example_latest_only.py for tasks to queue
[2024-04-09T19:08:13.066+0000] {logging_mixin.py:188} INFO - [2024-04-09T19:08:13.065+0000] {dagbag.py:540} INFO - Filling up the DagBag from /home/airflow/.local/lib/python3.12/site-packages/airflow/example_dags/example_latest_only.py
[2024-04-09T19:08:13.073+0000] {processor.py:840} INFO - DAG(s) 'latest_only' retrieved from /home/airflow/.local/lib/python3.12/site-packages/airflow/example_dags/example_latest_only.py
[2024-04-09T19:08:13.095+0000] {logging_mixin.py:188} INFO - [2024-04-09T19:08:13.095+0000] {dag.py:3096} INFO - Sync 1 DAGs
[2024-04-09T19:08:13.122+0000] {logging_mixin.py:188} INFO - [2024-04-09T19:08:13.122+0000] {dag.py:3954} INFO - Setting next_dagrun for latest_only to 2024-04-09 12:00:00+00:00, run_after=2024-04-09 16:00:00+00:00
[2024-04-09T19:08:13.147+0000] {processor.py:183} INFO - Processing /home/airflow/.local/lib/python3.12/site-packages/airflow/example_dags/example_latest_only.py took 0.091 seconds
[2024-04-09T19:08:44.063+0000] {processor.py:161} INFO - Started process (PID=8809) to work on /home/airflow/.local/lib/python3.12/site-packages/airflow/example_dags/example_latest_only.py
[2024-04-09T19:08:44.064+0000] {processor.py:830} INFO - Processing file /home/airflow/.local/lib/python3.12/site-packages/airflow/example_dags/example_latest_only.py for tasks to queue
[2024-04-09T19:08:44.066+0000] {logging_mixin.py:188} INFO - [2024-04-09T19:08:44.066+0000] {dagbag.py:540} INFO - Filling up the DagBag from /home/airflow/.local/lib/python3.12/site-packages/airflow/example_dags/example_latest_only.py
[2024-04-09T19:08:44.071+0000] {processor.py:840} INFO - DAG(s) 'latest_only' retrieved from /home/airflow/.local/lib/python3.12/site-packages/airflow/example_dags/example_latest_only.py
[2024-04-09T19:08:44.095+0000] {logging_mixin.py:188} INFO - [2024-04-09T19:08:44.095+0000] {dag.py:3096} INFO - Sync 1 DAGs
[2024-04-09T19:08:44.122+0000] {logging_mixin.py:188} INFO - [2024-04-09T19:08:44.121+0000] {dag.py:3954} INFO - Setting next_dagrun for latest_only to 2024-04-09 12:00:00+00:00, run_after=2024-04-09 16:00:00+00:00
[2024-04-09T19:08:44.148+0000] {processor.py:183} INFO - Processing /home/airflow/.local/lib/python3.12/site-packages/airflow/example_dags/example_latest_only.py took 0.094 seconds
[2024-04-09T19:09:15.065+0000] {processor.py:161} INFO - Started process (PID=9082) to work on /home/airflow/.local/lib/python3.12/site-packages/airflow/example_dags/example_latest_only.py
[2024-04-09T19:09:15.067+0000] {processor.py:830} INFO - Processing file /home/airflow/.local/lib/python3.12/site-packages/airflow/example_dags/example_latest_only.py for tasks to queue
[2024-04-09T19:09:15.069+0000] {logging_mixin.py:188} INFO - [2024-04-09T19:09:15.068+0000] {dagbag.py:540} INFO - Filling up the DagBag from /home/airflow/.local/lib/python3.12/site-packages/airflow/example_dags/example_latest_only.py
[2024-04-09T19:09:15.074+0000] {processor.py:840} INFO - DAG(s) 'latest_only' retrieved from /home/airflow/.local/lib/python3.12/site-packages/airflow/example_dags/example_latest_only.py
[2024-04-09T19:09:15.097+0000] {logging_mixin.py:188} INFO - [2024-04-09T19:09:15.096+0000] {dag.py:3096} INFO - Sync 1 DAGs
[2024-04-09T19:09:15.123+0000] {logging_mixin.py:188} INFO - [2024-04-09T19:09:15.122+0000] {dag.py:3954} INFO - Setting next_dagrun for latest_only to 2024-04-09 12:00:00+00:00, run_after=2024-04-09 16:00:00+00:00
[2024-04-09T19:09:15.149+0000] {processor.py:183} INFO - Processing /home/airflow/.local/lib/python3.12/site-packages/airflow/example_dags/example_latest_only.py took 0.090 seconds
[2024-04-09T19:09:45.762+0000] {processor.py:161} INFO - Started process (PID=9354) to work on /home/airflow/.local/lib/python3.12/site-packages/airflow/example_dags/example_latest_only.py
[2024-04-09T19:09:45.763+0000] {processor.py:830} INFO - Processing file /home/airflow/.local/lib/python3.12/site-packages/airflow/example_dags/example_latest_only.py for tasks to queue
[2024-04-09T19:09:45.765+0000] {logging_mixin.py:188} INFO - [2024-04-09T19:09:45.764+0000] {dagbag.py:540} INFO - Filling up the DagBag from /home/airflow/.local/lib/python3.12/site-packages/airflow/example_dags/example_latest_only.py
[2024-04-09T19:09:45.770+0000] {processor.py:840} INFO - DAG(s) 'latest_only' retrieved from /home/airflow/.local/lib/python3.12/site-packages/airflow/example_dags/example_latest_only.py
[2024-04-09T19:09:45.793+0000] {logging_mixin.py:188} INFO - [2024-04-09T19:09:45.792+0000] {dag.py:3096} INFO - Sync 1 DAGs
[2024-04-09T19:09:45.819+0000] {logging_mixin.py:188} INFO - [2024-04-09T19:09:45.819+0000] {dag.py:3954} INFO - Setting next_dagrun for latest_only to 2024-04-09 12:00:00+00:00, run_after=2024-04-09 16:00:00+00:00
[2024-04-09T19:09:45.852+0000] {processor.py:183} INFO - Processing /home/airflow/.local/lib/python3.12/site-packages/airflow/example_dags/example_latest_only.py took 0.098 seconds
[2024-04-09T19:10:15.962+0000] {processor.py:161} INFO - Started process (PID=9627) to work on /home/airflow/.local/lib/python3.12/site-packages/airflow/example_dags/example_latest_only.py
[2024-04-09T19:10:15.962+0000] {processor.py:830} INFO - Processing file /home/airflow/.local/lib/python3.12/site-packages/airflow/example_dags/example_latest_only.py for tasks to queue
[2024-04-09T19:10:15.964+0000] {logging_mixin.py:188} INFO - [2024-04-09T19:10:15.964+0000] {dagbag.py:540} INFO - Filling up the DagBag from /home/airflow/.local/lib/python3.12/site-packages/airflow/example_dags/example_latest_only.py
[2024-04-09T19:10:15.969+0000] {processor.py:840} INFO - DAG(s) 'latest_only' retrieved from /home/airflow/.local/lib/python3.12/site-packages/airflow/example_dags/example_latest_only.py
[2024-04-09T19:10:15.991+0000] {logging_mixin.py:188} INFO - [2024-04-09T19:10:15.991+0000] {dag.py:3096} INFO - Sync 1 DAGs
[2024-04-09T19:10:16.010+0000] {logging_mixin.py:188} INFO - [2024-04-09T19:10:16.010+0000] {dag.py:3954} INFO - Setting next_dagrun for latest_only to 2024-04-09 12:00:00+00:00, run_after=2024-04-09 16:00:00+00:00
[2024-04-09T19:10:16.029+0000] {processor.py:183} INFO - Processing /home/airflow/.local/lib/python3.12/site-packages/airflow/example_dags/example_latest_only.py took 0.078 seconds
[2024-04-09T19:10:46.903+0000] {processor.py:161} INFO - Started process (PID=9900) to work on /home/airflow/.local/lib/python3.12/site-packages/airflow/example_dags/example_latest_only.py
[2024-04-09T19:10:46.904+0000] {processor.py:830} INFO - Processing file /home/airflow/.local/lib/python3.12/site-packages/airflow/example_dags/example_latest_only.py for tasks to queue
[2024-04-09T19:10:46.906+0000] {logging_mixin.py:188} INFO - [2024-04-09T19:10:46.906+0000] {dagbag.py:540} INFO - Filling up the DagBag from /home/airflow/.local/lib/python3.12/site-packages/airflow/example_dags/example_latest_only.py
[2024-04-09T19:10:46.911+0000] {processor.py:840} INFO - DAG(s) 'latest_only' retrieved from /home/airflow/.local/lib/python3.12/site-packages/airflow/example_dags/example_latest_only.py
[2024-04-09T19:10:46.927+0000] {logging_mixin.py:188} INFO - [2024-04-09T19:10:46.927+0000] {dag.py:3096} INFO - Sync 1 DAGs
[2024-04-09T19:10:46.945+0000] {logging_mixin.py:188} INFO - [2024-04-09T19:10:46.945+0000] {dag.py:3954} INFO - Setting next_dagrun for latest_only to 2024-04-09 12:00:00+00:00, run_after=2024-04-09 16:00:00+00:00
[2024-04-09T19:10:46.965+0000] {processor.py:183} INFO - Processing /home/airflow/.local/lib/python3.12/site-packages/airflow/example_dags/example_latest_only.py took 0.067 seconds
[2024-04-09T19:11:17.755+0000] {processor.py:161} INFO - Started process (PID=10172) to work on /home/airflow/.local/lib/python3.12/site-packages/airflow/example_dags/example_latest_only.py
[2024-04-09T19:11:17.756+0000] {processor.py:830} INFO - Processing file /home/airflow/.local/lib/python3.12/site-packages/airflow/example_dags/example_latest_only.py for tasks to queue
[2024-04-09T19:11:17.757+0000] {logging_mixin.py:188} INFO - [2024-04-09T19:11:17.757+0000] {dagbag.py:540} INFO - Filling up the DagBag from /home/airflow/.local/lib/python3.12/site-packages/airflow/example_dags/example_latest_only.py
[2024-04-09T19:11:17.761+0000] {processor.py:840} INFO - DAG(s) 'latest_only' retrieved from /home/airflow/.local/lib/python3.12/site-packages/airflow/example_dags/example_latest_only.py
[2024-04-09T19:11:17.777+0000] {logging_mixin.py:188} INFO - [2024-04-09T19:11:17.777+0000] {dag.py:3096} INFO - Sync 1 DAGs
[2024-04-09T19:11:17.796+0000] {logging_mixin.py:188} INFO - [2024-04-09T19:11:17.796+0000] {dag.py:3954} INFO - Setting next_dagrun for latest_only to 2024-04-09 12:00:00+00:00, run_after=2024-04-09 16:00:00+00:00
[2024-04-09T19:11:17.815+0000] {processor.py:183} INFO - Processing /home/airflow/.local/lib/python3.12/site-packages/airflow/example_dags/example_latest_only.py took 0.065 seconds
[2024-04-09T19:11:48.224+0000] {processor.py:161} INFO - Started process (PID=10445) to work on /home/airflow/.local/lib/python3.12/site-packages/airflow/example_dags/example_latest_only.py
[2024-04-09T19:11:48.224+0000] {processor.py:830} INFO - Processing file /home/airflow/.local/lib/python3.12/site-packages/airflow/example_dags/example_latest_only.py for tasks to queue
[2024-04-09T19:11:48.226+0000] {logging_mixin.py:188} INFO - [2024-04-09T19:11:48.225+0000] {dagbag.py:540} INFO - Filling up the DagBag from /home/airflow/.local/lib/python3.12/site-packages/airflow/example_dags/example_latest_only.py
[2024-04-09T19:11:48.230+0000] {processor.py:840} INFO - DAG(s) 'latest_only' retrieved from /home/airflow/.local/lib/python3.12/site-packages/airflow/example_dags/example_latest_only.py
[2024-04-09T19:11:48.246+0000] {logging_mixin.py:188} INFO - [2024-04-09T19:11:48.246+0000] {dag.py:3096} INFO - Sync 1 DAGs
[2024-04-09T19:11:48.264+0000] {logging_mixin.py:188} INFO - [2024-04-09T19:11:48.264+0000] {dag.py:3954} INFO - Setting next_dagrun for latest_only to 2024-04-09 12:00:00+00:00, run_after=2024-04-09 16:00:00+00:00
[2024-04-09T19:11:48.282+0000] {processor.py:183} INFO - Processing /home/airflow/.local/lib/python3.12/site-packages/airflow/example_dags/example_latest_only.py took 0.064 seconds
[2024-04-09T19:12:19.136+0000] {processor.py:161} INFO - Started process (PID=10717) to work on /home/airflow/.local/lib/python3.12/site-packages/airflow/example_dags/example_latest_only.py
[2024-04-09T19:12:19.137+0000] {processor.py:830} INFO - Processing file /home/airflow/.local/lib/python3.12/site-packages/airflow/example_dags/example_latest_only.py for tasks to queue
[2024-04-09T19:12:19.139+0000] {logging_mixin.py:188} INFO - [2024-04-09T19:12:19.138+0000] {dagbag.py:540} INFO - Filling up the DagBag from /home/airflow/.local/lib/python3.12/site-packages/airflow/example_dags/example_latest_only.py
[2024-04-09T19:12:19.144+0000] {processor.py:840} INFO - DAG(s) 'latest_only' retrieved from /home/airflow/.local/lib/python3.12/site-packages/airflow/example_dags/example_latest_only.py
[2024-04-09T19:12:19.166+0000] {logging_mixin.py:188} INFO - [2024-04-09T19:12:19.165+0000] {dag.py:3096} INFO - Sync 1 DAGs
[2024-04-09T19:12:19.198+0000] {logging_mixin.py:188} INFO - [2024-04-09T19:12:19.197+0000] {dag.py:3954} INFO - Setting next_dagrun for latest_only to 2024-04-09 12:00:00+00:00, run_after=2024-04-09 16:00:00+00:00
[2024-04-09T19:12:19.223+0000] {processor.py:183} INFO - Processing /home/airflow/.local/lib/python3.12/site-packages/airflow/example_dags/example_latest_only.py took 0.093 seconds
[2024-04-09T19:12:49.875+0000] {processor.py:161} INFO - Started process (PID=10990) to work on /home/airflow/.local/lib/python3.12/site-packages/airflow/example_dags/example_latest_only.py
[2024-04-09T19:12:49.876+0000] {processor.py:830} INFO - Processing file /home/airflow/.local/lib/python3.12/site-packages/airflow/example_dags/example_latest_only.py for tasks to queue
[2024-04-09T19:12:49.877+0000] {logging_mixin.py:188} INFO - [2024-04-09T19:12:49.877+0000] {dagbag.py:540} INFO - Filling up the DagBag from /home/airflow/.local/lib/python3.12/site-packages/airflow/example_dags/example_latest_only.py
[2024-04-09T19:12:49.881+0000] {processor.py:840} INFO - DAG(s) 'latest_only' retrieved from /home/airflow/.local/lib/python3.12/site-packages/airflow/example_dags/example_latest_only.py
[2024-04-09T19:12:49.909+0000] {logging_mixin.py:188} INFO - [2024-04-09T19:12:49.909+0000] {dag.py:3096} INFO - Sync 1 DAGs
[2024-04-09T19:12:49.940+0000] {logging_mixin.py:188} INFO - [2024-04-09T19:12:49.940+0000] {dag.py:3954} INFO - Setting next_dagrun for latest_only to 2024-04-09 12:00:00+00:00, run_after=2024-04-09 16:00:00+00:00
[2024-04-09T19:12:49.962+0000] {processor.py:183} INFO - Processing /home/airflow/.local/lib/python3.12/site-packages/airflow/example_dags/example_latest_only.py took 0.092 seconds
[2024-04-09T19:13:20.637+0000] {processor.py:161} INFO - Started process (PID=11262) to work on /home/airflow/.local/lib/python3.12/site-packages/airflow/example_dags/example_latest_only.py
[2024-04-09T19:13:20.638+0000] {processor.py:830} INFO - Processing file /home/airflow/.local/lib/python3.12/site-packages/airflow/example_dags/example_latest_only.py for tasks to queue
[2024-04-09T19:13:20.639+0000] {logging_mixin.py:188} INFO - [2024-04-09T19:13:20.639+0000] {dagbag.py:540} INFO - Filling up the DagBag from /home/airflow/.local/lib/python3.12/site-packages/airflow/example_dags/example_latest_only.py
[2024-04-09T19:13:20.643+0000] {processor.py:840} INFO - DAG(s) 'latest_only' retrieved from /home/airflow/.local/lib/python3.12/site-packages/airflow/example_dags/example_latest_only.py
[2024-04-09T19:13:20.658+0000] {logging_mixin.py:188} INFO - [2024-04-09T19:13:20.658+0000] {dag.py:3096} INFO - Sync 1 DAGs
[2024-04-09T19:13:20.676+0000] {logging_mixin.py:188} INFO - [2024-04-09T19:13:20.676+0000] {dag.py:3954} INFO - Setting next_dagrun for latest_only to 2024-04-09 12:00:00+00:00, run_after=2024-04-09 16:00:00+00:00
[2024-04-09T19:13:20.696+0000] {processor.py:183} INFO - Processing /home/airflow/.local/lib/python3.12/site-packages/airflow/example_dags/example_latest_only.py took 0.066 seconds
[2024-04-09T19:13:51.180+0000] {processor.py:161} INFO - Started process (PID=11535) to work on /home/airflow/.local/lib/python3.12/site-packages/airflow/example_dags/example_latest_only.py
[2024-04-09T19:13:51.181+0000] {processor.py:830} INFO - Processing file /home/airflow/.local/lib/python3.12/site-packages/airflow/example_dags/example_latest_only.py for tasks to queue
[2024-04-09T19:13:51.183+0000] {logging_mixin.py:188} INFO - [2024-04-09T19:13:51.182+0000] {dagbag.py:540} INFO - Filling up the DagBag from /home/airflow/.local/lib/python3.12/site-packages/airflow/example_dags/example_latest_only.py
[2024-04-09T19:13:51.187+0000] {processor.py:840} INFO - DAG(s) 'latest_only' retrieved from /home/airflow/.local/lib/python3.12/site-packages/airflow/example_dags/example_latest_only.py
[2024-04-09T19:13:51.202+0000] {logging_mixin.py:188} INFO - [2024-04-09T19:13:51.202+0000] {dag.py:3096} INFO - Sync 1 DAGs
[2024-04-09T19:13:51.220+0000] {logging_mixin.py:188} INFO - [2024-04-09T19:13:51.220+0000] {dag.py:3954} INFO - Setting next_dagrun for latest_only to 2024-04-09 12:00:00+00:00, run_after=2024-04-09 16:00:00+00:00
[2024-04-09T19:13:51.240+0000] {processor.py:183} INFO - Processing /home/airflow/.local/lib/python3.12/site-packages/airflow/example_dags/example_latest_only.py took 0.066 seconds
[2024-04-09T19:14:22.038+0000] {processor.py:161} INFO - Started process (PID=11807) to work on /home/airflow/.local/lib/python3.12/site-packages/airflow/example_dags/example_latest_only.py
[2024-04-09T19:14:22.039+0000] {processor.py:830} INFO - Processing file /home/airflow/.local/lib/python3.12/site-packages/airflow/example_dags/example_latest_only.py for tasks to queue
[2024-04-09T19:14:22.040+0000] {logging_mixin.py:188} INFO - [2024-04-09T19:14:22.040+0000] {dagbag.py:540} INFO - Filling up the DagBag from /home/airflow/.local/lib/python3.12/site-packages/airflow/example_dags/example_latest_only.py
[2024-04-09T19:14:22.044+0000] {processor.py:840} INFO - DAG(s) 'latest_only' retrieved from /home/airflow/.local/lib/python3.12/site-packages/airflow/example_dags/example_latest_only.py
[2024-04-09T19:14:22.060+0000] {logging_mixin.py:188} INFO - [2024-04-09T19:14:22.060+0000] {dag.py:3096} INFO - Sync 1 DAGs
[2024-04-09T19:14:22.078+0000] {logging_mixin.py:188} INFO - [2024-04-09T19:14:22.078+0000] {dag.py:3954} INFO - Setting next_dagrun for latest_only to 2024-04-09 12:00:00+00:00, run_after=2024-04-09 16:00:00+00:00
[2024-04-09T19:14:22.103+0000] {processor.py:183} INFO - Processing /home/airflow/.local/lib/python3.12/site-packages/airflow/example_dags/example_latest_only.py took 0.070 seconds
[2024-04-09T19:14:52.365+0000] {processor.py:161} INFO - Started process (PID=12081) to work on /home/airflow/.local/lib/python3.12/site-packages/airflow/example_dags/example_latest_only.py
[2024-04-09T19:14:52.365+0000] {processor.py:830} INFO - Processing file /home/airflow/.local/lib/python3.12/site-packages/airflow/example_dags/example_latest_only.py for tasks to queue
[2024-04-09T19:14:52.367+0000] {logging_mixin.py:188} INFO - [2024-04-09T19:14:52.366+0000] {dagbag.py:540} INFO - Filling up the DagBag from /home/airflow/.local/lib/python3.12/site-packages/airflow/example_dags/example_latest_only.py
[2024-04-09T19:14:52.370+0000] {processor.py:840} INFO - DAG(s) 'latest_only' retrieved from /home/airflow/.local/lib/python3.12/site-packages/airflow/example_dags/example_latest_only.py
[2024-04-09T19:14:52.386+0000] {logging_mixin.py:188} INFO - [2024-04-09T19:14:52.385+0000] {dag.py:3096} INFO - Sync 1 DAGs
[2024-04-09T19:14:52.404+0000] {logging_mixin.py:188} INFO - [2024-04-09T19:14:52.404+0000] {dag.py:3954} INFO - Setting next_dagrun for latest_only to 2024-04-09 12:00:00+00:00, run_after=2024-04-09 16:00:00+00:00
[2024-04-09T19:14:52.423+0000] {processor.py:183} INFO - Processing /home/airflow/.local/lib/python3.12/site-packages/airflow/example_dags/example_latest_only.py took 0.063 seconds
[2024-04-09T19:15:22.548+0000] {processor.py:161} INFO - Started process (PID=12354) to work on /home/airflow/.local/lib/python3.12/site-packages/airflow/example_dags/example_latest_only.py
[2024-04-09T19:15:22.549+0000] {processor.py:830} INFO - Processing file /home/airflow/.local/lib/python3.12/site-packages/airflow/example_dags/example_latest_only.py for tasks to queue
[2024-04-09T19:15:22.551+0000] {logging_mixin.py:188} INFO - [2024-04-09T19:15:22.550+0000] {dagbag.py:540} INFO - Filling up the DagBag from /home/airflow/.local/lib/python3.12/site-packages/airflow/example_dags/example_latest_only.py
[2024-04-09T19:15:22.555+0000] {processor.py:840} INFO - DAG(s) 'latest_only' retrieved from /home/airflow/.local/lib/python3.12/site-packages/airflow/example_dags/example_latest_only.py
[2024-04-09T19:15:22.570+0000] {logging_mixin.py:188} INFO - [2024-04-09T19:15:22.570+0000] {dag.py:3096} INFO - Sync 1 DAGs
[2024-04-09T19:15:22.590+0000] {logging_mixin.py:188} INFO - [2024-04-09T19:15:22.590+0000] {dag.py:3954} INFO - Setting next_dagrun for latest_only to 2024-04-09 12:00:00+00:00, run_after=2024-04-09 16:00:00+00:00
[2024-04-09T19:15:22.610+0000] {processor.py:183} INFO - Processing /home/airflow/.local/lib/python3.12/site-packages/airflow/example_dags/example_latest_only.py took 0.066 seconds
[2024-04-09T19:15:53.270+0000] {processor.py:161} INFO - Started process (PID=12626) to work on /home/airflow/.local/lib/python3.12/site-packages/airflow/example_dags/example_latest_only.py
[2024-04-09T19:15:53.271+0000] {processor.py:830} INFO - Processing file /home/airflow/.local/lib/python3.12/site-packages/airflow/example_dags/example_latest_only.py for tasks to queue
[2024-04-09T19:15:53.272+0000] {logging_mixin.py:188} INFO - [2024-04-09T19:15:53.272+0000] {dagbag.py:540} INFO - Filling up the DagBag from /home/airflow/.local/lib/python3.12/site-packages/airflow/example_dags/example_latest_only.py
[2024-04-09T19:15:53.276+0000] {processor.py:840} INFO - DAG(s) 'latest_only' retrieved from /home/airflow/.local/lib/python3.12/site-packages/airflow/example_dags/example_latest_only.py
[2024-04-09T19:15:53.292+0000] {logging_mixin.py:188} INFO - [2024-04-09T19:15:53.291+0000] {dag.py:3096} INFO - Sync 1 DAGs
[2024-04-09T19:15:53.311+0000] {logging_mixin.py:188} INFO - [2024-04-09T19:15:53.310+0000] {dag.py:3954} INFO - Setting next_dagrun for latest_only to 2024-04-09 12:00:00+00:00, run_after=2024-04-09 16:00:00+00:00
[2024-04-09T19:15:53.333+0000] {processor.py:183} INFO - Processing /home/airflow/.local/lib/python3.12/site-packages/airflow/example_dags/example_latest_only.py took 0.069 seconds
[2024-04-09T19:16:23.510+0000] {processor.py:161} INFO - Started process (PID=12899) to work on /home/airflow/.local/lib/python3.12/site-packages/airflow/example_dags/example_latest_only.py
[2024-04-09T19:16:23.512+0000] {processor.py:830} INFO - Processing file /home/airflow/.local/lib/python3.12/site-packages/airflow/example_dags/example_latest_only.py for tasks to queue
[2024-04-09T19:16:23.514+0000] {logging_mixin.py:188} INFO - [2024-04-09T19:16:23.514+0000] {dagbag.py:540} INFO - Filling up the DagBag from /home/airflow/.local/lib/python3.12/site-packages/airflow/example_dags/example_latest_only.py
[2024-04-09T19:16:23.520+0000] {processor.py:840} INFO - DAG(s) 'latest_only' retrieved from /home/airflow/.local/lib/python3.12/site-packages/airflow/example_dags/example_latest_only.py
[2024-04-09T19:16:23.542+0000] {logging_mixin.py:188} INFO - [2024-04-09T19:16:23.542+0000] {dag.py:3096} INFO - Sync 1 DAGs
[2024-04-09T19:16:23.560+0000] {logging_mixin.py:188} INFO - [2024-04-09T19:16:23.560+0000] {dag.py:3954} INFO - Setting next_dagrun for latest_only to 2024-04-09 12:00:00+00:00, run_after=2024-04-09 16:00:00+00:00
[2024-04-09T19:16:23.580+0000] {processor.py:183} INFO - Processing /home/airflow/.local/lib/python3.12/site-packages/airflow/example_dags/example_latest_only.py took 0.078 seconds
[2024-04-09T19:16:54.556+0000] {processor.py:161} INFO - Started process (PID=13171) to work on /home/airflow/.local/lib/python3.12/site-packages/airflow/example_dags/example_latest_only.py
[2024-04-09T19:16:54.556+0000] {processor.py:830} INFO - Processing file /home/airflow/.local/lib/python3.12/site-packages/airflow/example_dags/example_latest_only.py for tasks to queue
[2024-04-09T19:16:54.558+0000] {logging_mixin.py:188} INFO - [2024-04-09T19:16:54.558+0000] {dagbag.py:540} INFO - Filling up the DagBag from /home/airflow/.local/lib/python3.12/site-packages/airflow/example_dags/example_latest_only.py
[2024-04-09T19:16:54.562+0000] {processor.py:840} INFO - DAG(s) 'latest_only' retrieved from /home/airflow/.local/lib/python3.12/site-packages/airflow/example_dags/example_latest_only.py
[2024-04-09T19:16:54.577+0000] {logging_mixin.py:188} INFO - [2024-04-09T19:16:54.577+0000] {dag.py:3096} INFO - Sync 1 DAGs
[2024-04-09T19:16:54.595+0000] {logging_mixin.py:188} INFO - [2024-04-09T19:16:54.595+0000] {dag.py:3954} INFO - Setting next_dagrun for latest_only to 2024-04-09 12:00:00+00:00, run_after=2024-04-09 16:00:00+00:00
[2024-04-09T19:16:54.614+0000] {processor.py:183} INFO - Processing /home/airflow/.local/lib/python3.12/site-packages/airflow/example_dags/example_latest_only.py took 0.064 seconds
[2024-04-09T19:17:25.038+0000] {processor.py:161} INFO - Started process (PID=13443) to work on /home/airflow/.local/lib/python3.12/site-packages/airflow/example_dags/example_latest_only.py
[2024-04-09T19:17:25.039+0000] {processor.py:830} INFO - Processing file /home/airflow/.local/lib/python3.12/site-packages/airflow/example_dags/example_latest_only.py for tasks to queue
[2024-04-09T19:17:25.041+0000] {logging_mixin.py:188} INFO - [2024-04-09T19:17:25.040+0000] {dagbag.py:540} INFO - Filling up the DagBag from /home/airflow/.local/lib/python3.12/site-packages/airflow/example_dags/example_latest_only.py
[2024-04-09T19:17:25.044+0000] {processor.py:840} INFO - DAG(s) 'latest_only' retrieved from /home/airflow/.local/lib/python3.12/site-packages/airflow/example_dags/example_latest_only.py
[2024-04-09T19:17:25.062+0000] {logging_mixin.py:188} INFO - [2024-04-09T19:17:25.061+0000] {dag.py:3096} INFO - Sync 1 DAGs
[2024-04-09T19:17:25.080+0000] {logging_mixin.py:188} INFO - [2024-04-09T19:17:25.079+0000] {dag.py:3954} INFO - Setting next_dagrun for latest_only to 2024-04-09 12:00:00+00:00, run_after=2024-04-09 16:00:00+00:00
[2024-04-09T19:17:25.099+0000] {processor.py:183} INFO - Processing /home/airflow/.local/lib/python3.12/site-packages/airflow/example_dags/example_latest_only.py took 0.065 seconds
[2024-04-09T19:17:55.526+0000] {processor.py:161} INFO - Started process (PID=13715) to work on /home/airflow/.local/lib/python3.12/site-packages/airflow/example_dags/example_latest_only.py
[2024-04-09T19:17:55.527+0000] {processor.py:830} INFO - Processing file /home/airflow/.local/lib/python3.12/site-packages/airflow/example_dags/example_latest_only.py for tasks to queue
[2024-04-09T19:17:55.528+0000] {logging_mixin.py:188} INFO - [2024-04-09T19:17:55.528+0000] {dagbag.py:540} INFO - Filling up the DagBag from /home/airflow/.local/lib/python3.12/site-packages/airflow/example_dags/example_latest_only.py
[2024-04-09T19:17:55.532+0000] {processor.py:840} INFO - DAG(s) 'latest_only' retrieved from /home/airflow/.local/lib/python3.12/site-packages/airflow/example_dags/example_latest_only.py
[2024-04-09T19:17:55.547+0000] {logging_mixin.py:188} INFO - [2024-04-09T19:17:55.547+0000] {dag.py:3096} INFO - Sync 1 DAGs
[2024-04-09T19:17:55.565+0000] {logging_mixin.py:188} INFO - [2024-04-09T19:17:55.565+0000] {dag.py:3954} INFO - Setting next_dagrun for latest_only to 2024-04-09 12:00:00+00:00, run_after=2024-04-09 16:00:00+00:00
[2024-04-09T19:17:55.583+0000] {processor.py:183} INFO - Processing /home/airflow/.local/lib/python3.12/site-packages/airflow/example_dags/example_latest_only.py took 0.063 seconds
[2024-04-09T19:18:25.644+0000] {processor.py:161} INFO - Started process (PID=13987) to work on /home/airflow/.local/lib/python3.12/site-packages/airflow/example_dags/example_latest_only.py
[2024-04-09T19:18:25.645+0000] {processor.py:830} INFO - Processing file /home/airflow/.local/lib/python3.12/site-packages/airflow/example_dags/example_latest_only.py for tasks to queue
[2024-04-09T19:18:25.646+0000] {logging_mixin.py:188} INFO - [2024-04-09T19:18:25.646+0000] {dagbag.py:540} INFO - Filling up the DagBag from /home/airflow/.local/lib/python3.12/site-packages/airflow/example_dags/example_latest_only.py
[2024-04-09T19:18:25.651+0000] {processor.py:840} INFO - DAG(s) 'latest_only' retrieved from /home/airflow/.local/lib/python3.12/site-packages/airflow/example_dags/example_latest_only.py
[2024-04-09T19:18:25.667+0000] {logging_mixin.py:188} INFO - [2024-04-09T19:18:25.666+0000] {dag.py:3096} INFO - Sync 1 DAGs
[2024-04-09T19:18:25.684+0000] {logging_mixin.py:188} INFO - [2024-04-09T19:18:25.684+0000] {dag.py:3954} INFO - Setting next_dagrun for latest_only to 2024-04-09 12:00:00+00:00, run_after=2024-04-09 16:00:00+00:00
[2024-04-09T19:18:25.707+0000] {processor.py:183} INFO - Processing /home/airflow/.local/lib/python3.12/site-packages/airflow/example_dags/example_latest_only.py took 0.068 seconds
[2024-04-09T19:18:56.583+0000] {processor.py:161} INFO - Started process (PID=14259) to work on /home/airflow/.local/lib/python3.12/site-packages/airflow/example_dags/example_latest_only.py
[2024-04-09T19:18:56.584+0000] {processor.py:830} INFO - Processing file /home/airflow/.local/lib/python3.12/site-packages/airflow/example_dags/example_latest_only.py for tasks to queue
[2024-04-09T19:18:56.587+0000] {logging_mixin.py:188} INFO - [2024-04-09T19:18:56.587+0000] {dagbag.py:540} INFO - Filling up the DagBag from /home/airflow/.local/lib/python3.12/site-packages/airflow/example_dags/example_latest_only.py
[2024-04-09T19:18:56.593+0000] {processor.py:840} INFO - DAG(s) 'latest_only' retrieved from /home/airflow/.local/lib/python3.12/site-packages/airflow/example_dags/example_latest_only.py
[2024-04-09T19:18:56.635+0000] {logging_mixin.py:188} INFO - [2024-04-09T19:18:56.635+0000] {dag.py:3096} INFO - Sync 1 DAGs
[2024-04-09T19:18:56.671+0000] {logging_mixin.py:188} INFO - [2024-04-09T19:18:56.671+0000] {dag.py:3954} INFO - Setting next_dagrun for latest_only to 2024-04-09 12:00:00+00:00, run_after=2024-04-09 16:00:00+00:00
[2024-04-09T19:18:56.705+0000] {processor.py:183} INFO - Processing /home/airflow/.local/lib/python3.12/site-packages/airflow/example_dags/example_latest_only.py took 0.131 seconds
[2024-04-09T19:19:26.812+0000] {processor.py:161} INFO - Started process (PID=14530) to work on /home/airflow/.local/lib/python3.12/site-packages/airflow/example_dags/example_latest_only.py
[2024-04-09T19:19:26.812+0000] {processor.py:830} INFO - Processing file /home/airflow/.local/lib/python3.12/site-packages/airflow/example_dags/example_latest_only.py for tasks to queue
[2024-04-09T19:19:26.814+0000] {logging_mixin.py:188} INFO - [2024-04-09T19:19:26.814+0000] {dagbag.py:540} INFO - Filling up the DagBag from /home/airflow/.local/lib/python3.12/site-packages/airflow/example_dags/example_latest_only.py
[2024-04-09T19:19:26.818+0000] {processor.py:840} INFO - DAG(s) 'latest_only' retrieved from /home/airflow/.local/lib/python3.12/site-packages/airflow/example_dags/example_latest_only.py
[2024-04-09T19:19:26.836+0000] {logging_mixin.py:188} INFO - [2024-04-09T19:19:26.836+0000] {dag.py:3096} INFO - Sync 1 DAGs
[2024-04-09T19:19:26.854+0000] {logging_mixin.py:188} INFO - [2024-04-09T19:19:26.854+0000] {dag.py:3954} INFO - Setting next_dagrun for latest_only to 2024-04-09 12:00:00+00:00, run_after=2024-04-09 16:00:00+00:00
[2024-04-09T19:19:26.873+0000] {processor.py:183} INFO - Processing /home/airflow/.local/lib/python3.12/site-packages/airflow/example_dags/example_latest_only.py took 0.067 seconds
[2024-04-09T19:19:57.470+0000] {processor.py:161} INFO - Started process (PID=14803) to work on /home/airflow/.local/lib/python3.12/site-packages/airflow/example_dags/example_latest_only.py
[2024-04-09T19:19:57.470+0000] {processor.py:830} INFO - Processing file /home/airflow/.local/lib/python3.12/site-packages/airflow/example_dags/example_latest_only.py for tasks to queue
[2024-04-09T19:19:57.472+0000] {logging_mixin.py:188} INFO - [2024-04-09T19:19:57.472+0000] {dagbag.py:540} INFO - Filling up the DagBag from /home/airflow/.local/lib/python3.12/site-packages/airflow/example_dags/example_latest_only.py
[2024-04-09T19:19:57.476+0000] {processor.py:840} INFO - DAG(s) 'latest_only' retrieved from /home/airflow/.local/lib/python3.12/site-packages/airflow/example_dags/example_latest_only.py
[2024-04-09T19:19:57.493+0000] {logging_mixin.py:188} INFO - [2024-04-09T19:19:57.493+0000] {dag.py:3096} INFO - Sync 1 DAGs
[2024-04-09T19:19:57.511+0000] {logging_mixin.py:188} INFO - [2024-04-09T19:19:57.511+0000] {dag.py:3954} INFO - Setting next_dagrun for latest_only to 2024-04-09 12:00:00+00:00, run_after=2024-04-09 16:00:00+00:00
[2024-04-09T19:19:57.530+0000] {processor.py:183} INFO - Processing /home/airflow/.local/lib/python3.12/site-packages/airflow/example_dags/example_latest_only.py took 0.067 seconds
[2024-04-09T19:20:27.947+0000] {processor.py:161} INFO - Started process (PID=15076) to work on /home/airflow/.local/lib/python3.12/site-packages/airflow/example_dags/example_latest_only.py
[2024-04-09T19:20:27.949+0000] {processor.py:830} INFO - Processing file /home/airflow/.local/lib/python3.12/site-packages/airflow/example_dags/example_latest_only.py for tasks to queue
[2024-04-09T19:20:27.951+0000] {logging_mixin.py:188} INFO - [2024-04-09T19:20:27.951+0000] {dagbag.py:540} INFO - Filling up the DagBag from /home/airflow/.local/lib/python3.12/site-packages/airflow/example_dags/example_latest_only.py
[2024-04-09T19:20:27.957+0000] {processor.py:840} INFO - DAG(s) 'latest_only' retrieved from /home/airflow/.local/lib/python3.12/site-packages/airflow/example_dags/example_latest_only.py
[2024-04-09T19:20:27.978+0000] {logging_mixin.py:188} INFO - [2024-04-09T19:20:27.978+0000] {dag.py:3096} INFO - Sync 1 DAGs
[2024-04-09T19:20:28.005+0000] {logging_mixin.py:188} INFO - [2024-04-09T19:20:28.005+0000] {dag.py:3954} INFO - Setting next_dagrun for latest_only to 2024-04-09 12:00:00+00:00, run_after=2024-04-09 16:00:00+00:00
[2024-04-09T19:20:28.026+0000] {processor.py:183} INFO - Processing /home/airflow/.local/lib/python3.12/site-packages/airflow/example_dags/example_latest_only.py took 0.086 seconds
[2024-04-09T19:20:58.772+0000] {processor.py:161} INFO - Started process (PID=15348) to work on /home/airflow/.local/lib/python3.12/site-packages/airflow/example_dags/example_latest_only.py
[2024-04-09T19:20:58.772+0000] {processor.py:830} INFO - Processing file /home/airflow/.local/lib/python3.12/site-packages/airflow/example_dags/example_latest_only.py for tasks to queue
[2024-04-09T19:20:58.775+0000] {logging_mixin.py:188} INFO - [2024-04-09T19:20:58.775+0000] {dagbag.py:540} INFO - Filling up the DagBag from /home/airflow/.local/lib/python3.12/site-packages/airflow/example_dags/example_latest_only.py
[2024-04-09T19:20:58.781+0000] {processor.py:840} INFO - DAG(s) 'latest_only' retrieved from /home/airflow/.local/lib/python3.12/site-packages/airflow/example_dags/example_latest_only.py
[2024-04-09T19:20:58.804+0000] {logging_mixin.py:188} INFO - [2024-04-09T19:20:58.804+0000] {dag.py:3096} INFO - Sync 1 DAGs
[2024-04-09T19:20:58.845+0000] {logging_mixin.py:188} INFO - [2024-04-09T19:20:58.845+0000] {dag.py:3954} INFO - Setting next_dagrun for latest_only to 2024-04-09 12:00:00+00:00, run_after=2024-04-09 16:00:00+00:00
[2024-04-09T19:20:58.894+0000] {processor.py:183} INFO - Processing /home/airflow/.local/lib/python3.12/site-packages/airflow/example_dags/example_latest_only.py took 0.129 seconds
[2024-04-09T19:21:29.309+0000] {processor.py:161} INFO - Started process (PID=15621) to work on /home/airflow/.local/lib/python3.12/site-packages/airflow/example_dags/example_latest_only.py
[2024-04-09T19:21:29.310+0000] {processor.py:830} INFO - Processing file /home/airflow/.local/lib/python3.12/site-packages/airflow/example_dags/example_latest_only.py for tasks to queue
[2024-04-09T19:21:29.312+0000] {logging_mixin.py:188} INFO - [2024-04-09T19:21:29.311+0000] {dagbag.py:540} INFO - Filling up the DagBag from /home/airflow/.local/lib/python3.12/site-packages/airflow/example_dags/example_latest_only.py
[2024-04-09T19:21:29.316+0000] {processor.py:840} INFO - DAG(s) 'latest_only' retrieved from /home/airflow/.local/lib/python3.12/site-packages/airflow/example_dags/example_latest_only.py
[2024-04-09T19:21:29.331+0000] {logging_mixin.py:188} INFO - [2024-04-09T19:21:29.331+0000] {dag.py:3096} INFO - Sync 1 DAGs
[2024-04-09T19:21:29.348+0000] {logging_mixin.py:188} INFO - [2024-04-09T19:21:29.348+0000] {dag.py:3954} INFO - Setting next_dagrun for latest_only to 2024-04-09 12:00:00+00:00, run_after=2024-04-09 16:00:00+00:00
[2024-04-09T19:21:29.370+0000] {processor.py:183} INFO - Processing /home/airflow/.local/lib/python3.12/site-packages/airflow/example_dags/example_latest_only.py took 0.066 seconds
[2024-04-09T19:21:59.762+0000] {processor.py:161} INFO - Started process (PID=15893) to work on /home/airflow/.local/lib/python3.12/site-packages/airflow/example_dags/example_latest_only.py
[2024-04-09T19:21:59.763+0000] {processor.py:830} INFO - Processing file /home/airflow/.local/lib/python3.12/site-packages/airflow/example_dags/example_latest_only.py for tasks to queue
[2024-04-09T19:21:59.765+0000] {logging_mixin.py:188} INFO - [2024-04-09T19:21:59.765+0000] {dagbag.py:540} INFO - Filling up the DagBag from /home/airflow/.local/lib/python3.12/site-packages/airflow/example_dags/example_latest_only.py
[2024-04-09T19:21:59.769+0000] {processor.py:840} INFO - DAG(s) 'latest_only' retrieved from /home/airflow/.local/lib/python3.12/site-packages/airflow/example_dags/example_latest_only.py
[2024-04-09T19:21:59.784+0000] {logging_mixin.py:188} INFO - [2024-04-09T19:21:59.784+0000] {dag.py:3096} INFO - Sync 1 DAGs
[2024-04-09T19:21:59.802+0000] {logging_mixin.py:188} INFO - [2024-04-09T19:21:59.802+0000] {dag.py:3954} INFO - Setting next_dagrun for latest_only to 2024-04-09 12:00:00+00:00, run_after=2024-04-09 16:00:00+00:00
[2024-04-09T19:21:59.822+0000] {processor.py:183} INFO - Processing /home/airflow/.local/lib/python3.12/site-packages/airflow/example_dags/example_latest_only.py took 0.066 seconds
[2024-04-09T19:22:30.366+0000] {processor.py:161} INFO - Started process (PID=16165) to work on /home/airflow/.local/lib/python3.12/site-packages/airflow/example_dags/example_latest_only.py
[2024-04-09T19:22:30.367+0000] {processor.py:830} INFO - Processing file /home/airflow/.local/lib/python3.12/site-packages/airflow/example_dags/example_latest_only.py for tasks to queue
[2024-04-09T19:22:30.368+0000] {logging_mixin.py:188} INFO - [2024-04-09T19:22:30.368+0000] {dagbag.py:540} INFO - Filling up the DagBag from /home/airflow/.local/lib/python3.12/site-packages/airflow/example_dags/example_latest_only.py
[2024-04-09T19:22:30.372+0000] {processor.py:840} INFO - DAG(s) 'latest_only' retrieved from /home/airflow/.local/lib/python3.12/site-packages/airflow/example_dags/example_latest_only.py
[2024-04-09T19:22:30.388+0000] {logging_mixin.py:188} INFO - [2024-04-09T19:22:30.387+0000] {dag.py:3096} INFO - Sync 1 DAGs
[2024-04-09T19:22:30.406+0000] {logging_mixin.py:188} INFO - [2024-04-09T19:22:30.406+0000] {dag.py:3954} INFO - Setting next_dagrun for latest_only to 2024-04-09 12:00:00+00:00, run_after=2024-04-09 16:00:00+00:00
[2024-04-09T19:22:30.425+0000] {processor.py:183} INFO - Processing /home/airflow/.local/lib/python3.12/site-packages/airflow/example_dags/example_latest_only.py took 0.064 seconds
[2024-04-09T19:23:01.083+0000] {processor.py:161} INFO - Started process (PID=16437) to work on /home/airflow/.local/lib/python3.12/site-packages/airflow/example_dags/example_latest_only.py
[2024-04-09T19:23:01.084+0000] {processor.py:830} INFO - Processing file /home/airflow/.local/lib/python3.12/site-packages/airflow/example_dags/example_latest_only.py for tasks to queue
[2024-04-09T19:23:01.085+0000] {logging_mixin.py:188} INFO - [2024-04-09T19:23:01.085+0000] {dagbag.py:540} INFO - Filling up the DagBag from /home/airflow/.local/lib/python3.12/site-packages/airflow/example_dags/example_latest_only.py
[2024-04-09T19:23:01.089+0000] {processor.py:840} INFO - DAG(s) 'latest_only' retrieved from /home/airflow/.local/lib/python3.12/site-packages/airflow/example_dags/example_latest_only.py
[2024-04-09T19:23:01.104+0000] {logging_mixin.py:188} INFO - [2024-04-09T19:23:01.104+0000] {dag.py:3096} INFO - Sync 1 DAGs
[2024-04-09T19:23:01.123+0000] {logging_mixin.py:188} INFO - [2024-04-09T19:23:01.123+0000] {dag.py:3954} INFO - Setting next_dagrun for latest_only to 2024-04-09 12:00:00+00:00, run_after=2024-04-09 16:00:00+00:00
[2024-04-09T19:23:01.143+0000] {processor.py:183} INFO - Processing /home/airflow/.local/lib/python3.12/site-packages/airflow/example_dags/example_latest_only.py took 0.066 seconds
[2024-04-09T19:23:31.366+0000] {processor.py:161} INFO - Started process (PID=16709) to work on /home/airflow/.local/lib/python3.12/site-packages/airflow/example_dags/example_latest_only.py
[2024-04-09T19:23:31.367+0000] {processor.py:830} INFO - Processing file /home/airflow/.local/lib/python3.12/site-packages/airflow/example_dags/example_latest_only.py for tasks to queue
[2024-04-09T19:23:31.368+0000] {logging_mixin.py:188} INFO - [2024-04-09T19:23:31.368+0000] {dagbag.py:540} INFO - Filling up the DagBag from /home/airflow/.local/lib/python3.12/site-packages/airflow/example_dags/example_latest_only.py
[2024-04-09T19:23:31.372+0000] {processor.py:840} INFO - DAG(s) 'latest_only' retrieved from /home/airflow/.local/lib/python3.12/site-packages/airflow/example_dags/example_latest_only.py
[2024-04-09T19:23:31.389+0000] {logging_mixin.py:188} INFO - [2024-04-09T19:23:31.389+0000] {dag.py:3096} INFO - Sync 1 DAGs
[2024-04-09T19:23:31.407+0000] {logging_mixin.py:188} INFO - [2024-04-09T19:23:31.407+0000] {dag.py:3954} INFO - Setting next_dagrun for latest_only to 2024-04-09 12:00:00+00:00, run_after=2024-04-09 16:00:00+00:00
[2024-04-09T19:23:31.426+0000] {processor.py:183} INFO - Processing /home/airflow/.local/lib/python3.12/site-packages/airflow/example_dags/example_latest_only.py took 0.065 seconds
