[2024-04-09T18:50:56.684+0000] {processor.py:161} INFO - Started process (PID=303) to work on /home/airflow/.local/lib/python3.12/site-packages/airflow/example_dags/example_bash_decorator.py
[2024-04-09T18:50:56.685+0000] {processor.py:830} INFO - Processing file /home/airflow/.local/lib/python3.12/site-packages/airflow/example_dags/example_bash_decorator.py for tasks to queue
[2024-04-09T18:50:56.687+0000] {logging_mixin.py:188} INFO - [2024-04-09T18:50:56.687+0000] {dagbag.py:540} INFO - Filling up the DagBag from /home/airflow/.local/lib/python3.12/site-packages/airflow/example_dags/example_bash_decorator.py
[2024-04-09T18:50:56.826+0000] {processor.py:840} INFO - DAG(s) 'example_bash_decorator' retrieved from /home/airflow/.local/lib/python3.12/site-packages/airflow/example_dags/example_bash_decorator.py
[2024-04-09T18:50:57.448+0000] {logging_mixin.py:188} INFO - [2024-04-09T18:50:57.447+0000] {override.py:1829} INFO - Created Permission View: can edit on DAG:example_bash_decorator
[2024-04-09T18:50:57.468+0000] {logging_mixin.py:188} INFO - [2024-04-09T18:50:57.468+0000] {override.py:1829} INFO - Created Permission View: can delete on DAG:example_bash_decorator
[2024-04-09T18:50:57.479+0000] {logging_mixin.py:188} INFO - [2024-04-09T18:50:57.478+0000] {override.py:1829} INFO - Created Permission View: can read on DAG:example_bash_decorator
[2024-04-09T18:50:57.479+0000] {logging_mixin.py:188} INFO - [2024-04-09T18:50:57.479+0000] {dag.py:3096} INFO - Sync 1 DAGs
[2024-04-09T18:50:57.508+0000] {logging_mixin.py:188} INFO - [2024-04-09T18:50:57.507+0000] {dag.py:3118} INFO - Creating ORM DAG for example_bash_decorator
[2024-04-09T18:50:57.508+0000] {logging_mixin.py:188} INFO - [2024-04-09T18:50:57.508+0000] {dag.py:3954} INFO - Setting next_dagrun for example_bash_decorator to None, run_after=None
[2024-04-09T18:50:57.559+0000] {processor.py:183} INFO - Processing /home/airflow/.local/lib/python3.12/site-packages/airflow/example_dags/example_bash_decorator.py took 0.921 seconds
[2024-04-09T18:51:27.649+0000] {processor.py:161} INFO - Started process (PID=566) to work on /home/airflow/.local/lib/python3.12/site-packages/airflow/example_dags/example_bash_decorator.py
[2024-04-09T18:51:27.651+0000] {processor.py:830} INFO - Processing file /home/airflow/.local/lib/python3.12/site-packages/airflow/example_dags/example_bash_decorator.py for tasks to queue
[2024-04-09T18:51:27.652+0000] {logging_mixin.py:188} INFO - [2024-04-09T18:51:27.652+0000] {dagbag.py:540} INFO - Filling up the DagBag from /home/airflow/.local/lib/python3.12/site-packages/airflow/example_dags/example_bash_decorator.py
[2024-04-09T18:51:27.669+0000] {processor.py:840} INFO - DAG(s) 'example_bash_decorator' retrieved from /home/airflow/.local/lib/python3.12/site-packages/airflow/example_dags/example_bash_decorator.py
[2024-04-09T18:51:27.697+0000] {logging_mixin.py:188} INFO - [2024-04-09T18:51:27.696+0000] {dag.py:3096} INFO - Sync 1 DAGs
[2024-04-09T18:51:27.710+0000] {logging_mixin.py:188} INFO - [2024-04-09T18:51:27.709+0000] {dag.py:3954} INFO - Setting next_dagrun for example_bash_decorator to None, run_after=None
[2024-04-09T18:51:27.735+0000] {processor.py:183} INFO - Processing /home/airflow/.local/lib/python3.12/site-packages/airflow/example_dags/example_bash_decorator.py took 0.092 seconds
[2024-04-09T18:52:35.642+0000] {processor.py:161} INFO - Started process (PID=303) to work on /home/airflow/.local/lib/python3.12/site-packages/airflow/example_dags/example_bash_decorator.py
[2024-04-09T18:52:35.644+0000] {processor.py:830} INFO - Processing file /home/airflow/.local/lib/python3.12/site-packages/airflow/example_dags/example_bash_decorator.py for tasks to queue
[2024-04-09T18:52:35.650+0000] {logging_mixin.py:188} INFO - [2024-04-09T18:52:35.649+0000] {dagbag.py:540} INFO - Filling up the DagBag from /home/airflow/.local/lib/python3.12/site-packages/airflow/example_dags/example_bash_decorator.py
[2024-04-09T18:52:35.718+0000] {processor.py:840} INFO - DAG(s) 'example_bash_decorator' retrieved from /home/airflow/.local/lib/python3.12/site-packages/airflow/example_dags/example_bash_decorator.py
[2024-04-09T18:52:36.111+0000] {logging_mixin.py:188} INFO - [2024-04-09T18:52:36.111+0000] {dag.py:3096} INFO - Sync 1 DAGs
[2024-04-09T18:52:36.165+0000] {logging_mixin.py:188} INFO - [2024-04-09T18:52:36.165+0000] {dag.py:3954} INFO - Setting next_dagrun for example_bash_decorator to None, run_after=None
[2024-04-09T18:52:36.251+0000] {processor.py:183} INFO - Processing /home/airflow/.local/lib/python3.12/site-packages/airflow/example_dags/example_bash_decorator.py took 0.624 seconds
[2024-04-09T18:53:07.265+0000] {processor.py:161} INFO - Started process (PID=572) to work on /home/airflow/.local/lib/python3.12/site-packages/airflow/example_dags/example_bash_decorator.py
[2024-04-09T18:53:07.266+0000] {processor.py:830} INFO - Processing file /home/airflow/.local/lib/python3.12/site-packages/airflow/example_dags/example_bash_decorator.py for tasks to queue
[2024-04-09T18:53:07.268+0000] {logging_mixin.py:188} INFO - [2024-04-09T18:53:07.268+0000] {dagbag.py:540} INFO - Filling up the DagBag from /home/airflow/.local/lib/python3.12/site-packages/airflow/example_dags/example_bash_decorator.py
[2024-04-09T18:53:07.285+0000] {processor.py:840} INFO - DAG(s) 'example_bash_decorator' retrieved from /home/airflow/.local/lib/python3.12/site-packages/airflow/example_dags/example_bash_decorator.py
[2024-04-09T18:53:07.322+0000] {logging_mixin.py:188} INFO - [2024-04-09T18:53:07.321+0000] {dag.py:3096} INFO - Sync 1 DAGs
[2024-04-09T18:53:07.345+0000] {logging_mixin.py:188} INFO - [2024-04-09T18:53:07.345+0000] {dag.py:3954} INFO - Setting next_dagrun for example_bash_decorator to None, run_after=None
[2024-04-09T18:53:07.369+0000] {processor.py:183} INFO - Processing /home/airflow/.local/lib/python3.12/site-packages/airflow/example_dags/example_bash_decorator.py took 0.114 seconds
[2024-04-09T18:53:37.671+0000] {processor.py:161} INFO - Started process (PID=834) to work on /home/airflow/.local/lib/python3.12/site-packages/airflow/example_dags/example_bash_decorator.py
[2024-04-09T18:53:37.672+0000] {processor.py:830} INFO - Processing file /home/airflow/.local/lib/python3.12/site-packages/airflow/example_dags/example_bash_decorator.py for tasks to queue
[2024-04-09T18:53:37.674+0000] {logging_mixin.py:188} INFO - [2024-04-09T18:53:37.674+0000] {dagbag.py:540} INFO - Filling up the DagBag from /home/airflow/.local/lib/python3.12/site-packages/airflow/example_dags/example_bash_decorator.py
[2024-04-09T18:53:37.690+0000] {processor.py:840} INFO - DAG(s) 'example_bash_decorator' retrieved from /home/airflow/.local/lib/python3.12/site-packages/airflow/example_dags/example_bash_decorator.py
[2024-04-09T18:53:37.720+0000] {logging_mixin.py:188} INFO - [2024-04-09T18:53:37.720+0000] {dag.py:3096} INFO - Sync 1 DAGs
[2024-04-09T18:53:37.736+0000] {logging_mixin.py:188} INFO - [2024-04-09T18:53:37.735+0000] {dag.py:3954} INFO - Setting next_dagrun for example_bash_decorator to None, run_after=None
[2024-04-09T18:53:37.760+0000] {processor.py:183} INFO - Processing /home/airflow/.local/lib/python3.12/site-packages/airflow/example_dags/example_bash_decorator.py took 0.096 seconds
[2024-04-09T18:54:07.833+0000] {processor.py:161} INFO - Started process (PID=1094) to work on /home/airflow/.local/lib/python3.12/site-packages/airflow/example_dags/example_bash_decorator.py
[2024-04-09T18:54:07.834+0000] {processor.py:830} INFO - Processing file /home/airflow/.local/lib/python3.12/site-packages/airflow/example_dags/example_bash_decorator.py for tasks to queue
[2024-04-09T18:54:07.836+0000] {logging_mixin.py:188} INFO - [2024-04-09T18:54:07.836+0000] {dagbag.py:540} INFO - Filling up the DagBag from /home/airflow/.local/lib/python3.12/site-packages/airflow/example_dags/example_bash_decorator.py
[2024-04-09T18:54:07.849+0000] {processor.py:840} INFO - DAG(s) 'example_bash_decorator' retrieved from /home/airflow/.local/lib/python3.12/site-packages/airflow/example_dags/example_bash_decorator.py
[2024-04-09T18:54:07.880+0000] {logging_mixin.py:188} INFO - [2024-04-09T18:54:07.879+0000] {dag.py:3096} INFO - Sync 1 DAGs
[2024-04-09T18:54:07.896+0000] {logging_mixin.py:188} INFO - [2024-04-09T18:54:07.896+0000] {dag.py:3954} INFO - Setting next_dagrun for example_bash_decorator to None, run_after=None
[2024-04-09T18:54:07.927+0000] {processor.py:183} INFO - Processing /home/airflow/.local/lib/python3.12/site-packages/airflow/example_dags/example_bash_decorator.py took 0.101 seconds
[2024-04-09T18:54:38.228+0000] {processor.py:161} INFO - Started process (PID=1353) to work on /home/airflow/.local/lib/python3.12/site-packages/airflow/example_dags/example_bash_decorator.py
[2024-04-09T18:54:38.229+0000] {processor.py:830} INFO - Processing file /home/airflow/.local/lib/python3.12/site-packages/airflow/example_dags/example_bash_decorator.py for tasks to queue
[2024-04-09T18:54:38.231+0000] {logging_mixin.py:188} INFO - [2024-04-09T18:54:38.231+0000] {dagbag.py:540} INFO - Filling up the DagBag from /home/airflow/.local/lib/python3.12/site-packages/airflow/example_dags/example_bash_decorator.py
[2024-04-09T18:54:38.249+0000] {processor.py:840} INFO - DAG(s) 'example_bash_decorator' retrieved from /home/airflow/.local/lib/python3.12/site-packages/airflow/example_dags/example_bash_decorator.py
[2024-04-09T18:54:38.277+0000] {logging_mixin.py:188} INFO - [2024-04-09T18:54:38.277+0000] {dag.py:3096} INFO - Sync 1 DAGs
[2024-04-09T18:54:38.298+0000] {logging_mixin.py:188} INFO - [2024-04-09T18:54:38.298+0000] {dag.py:3954} INFO - Setting next_dagrun for example_bash_decorator to None, run_after=None
[2024-04-09T18:54:38.320+0000] {processor.py:183} INFO - Processing /home/airflow/.local/lib/python3.12/site-packages/airflow/example_dags/example_bash_decorator.py took 0.098 seconds
[2024-04-09T18:55:08.730+0000] {processor.py:161} INFO - Started process (PID=1613) to work on /home/airflow/.local/lib/python3.12/site-packages/airflow/example_dags/example_bash_decorator.py
[2024-04-09T18:55:08.731+0000] {processor.py:830} INFO - Processing file /home/airflow/.local/lib/python3.12/site-packages/airflow/example_dags/example_bash_decorator.py for tasks to queue
[2024-04-09T18:55:08.733+0000] {logging_mixin.py:188} INFO - [2024-04-09T18:55:08.733+0000] {dagbag.py:540} INFO - Filling up the DagBag from /home/airflow/.local/lib/python3.12/site-packages/airflow/example_dags/example_bash_decorator.py
[2024-04-09T18:55:08.749+0000] {processor.py:840} INFO - DAG(s) 'example_bash_decorator' retrieved from /home/airflow/.local/lib/python3.12/site-packages/airflow/example_dags/example_bash_decorator.py
[2024-04-09T18:55:08.779+0000] {logging_mixin.py:188} INFO - [2024-04-09T18:55:08.779+0000] {dag.py:3096} INFO - Sync 1 DAGs
[2024-04-09T18:55:08.795+0000] {logging_mixin.py:188} INFO - [2024-04-09T18:55:08.795+0000] {dag.py:3954} INFO - Setting next_dagrun for example_bash_decorator to None, run_after=None
[2024-04-09T18:55:08.830+0000] {processor.py:183} INFO - Processing /home/airflow/.local/lib/python3.12/site-packages/airflow/example_dags/example_bash_decorator.py took 0.106 seconds
[2024-04-09T18:55:39.307+0000] {processor.py:161} INFO - Started process (PID=1876) to work on /home/airflow/.local/lib/python3.12/site-packages/airflow/example_dags/example_bash_decorator.py
[2024-04-09T18:55:39.308+0000] {processor.py:830} INFO - Processing file /home/airflow/.local/lib/python3.12/site-packages/airflow/example_dags/example_bash_decorator.py for tasks to queue
[2024-04-09T18:55:39.309+0000] {logging_mixin.py:188} INFO - [2024-04-09T18:55:39.309+0000] {dagbag.py:540} INFO - Filling up the DagBag from /home/airflow/.local/lib/python3.12/site-packages/airflow/example_dags/example_bash_decorator.py
[2024-04-09T18:55:39.325+0000] {processor.py:840} INFO - DAG(s) 'example_bash_decorator' retrieved from /home/airflow/.local/lib/python3.12/site-packages/airflow/example_dags/example_bash_decorator.py
[2024-04-09T18:55:39.356+0000] {logging_mixin.py:188} INFO - [2024-04-09T18:55:39.355+0000] {dag.py:3096} INFO - Sync 1 DAGs
[2024-04-09T18:55:39.371+0000] {logging_mixin.py:188} INFO - [2024-04-09T18:55:39.371+0000] {dag.py:3954} INFO - Setting next_dagrun for example_bash_decorator to None, run_after=None
[2024-04-09T18:55:39.395+0000] {processor.py:183} INFO - Processing /home/airflow/.local/lib/python3.12/site-packages/airflow/example_dags/example_bash_decorator.py took 0.095 seconds
[2024-04-09T18:56:09.708+0000] {processor.py:161} INFO - Started process (PID=2138) to work on /home/airflow/.local/lib/python3.12/site-packages/airflow/example_dags/example_bash_decorator.py
[2024-04-09T18:56:09.710+0000] {processor.py:830} INFO - Processing file /home/airflow/.local/lib/python3.12/site-packages/airflow/example_dags/example_bash_decorator.py for tasks to queue
[2024-04-09T18:56:09.712+0000] {logging_mixin.py:188} INFO - [2024-04-09T18:56:09.712+0000] {dagbag.py:540} INFO - Filling up the DagBag from /home/airflow/.local/lib/python3.12/site-packages/airflow/example_dags/example_bash_decorator.py
[2024-04-09T18:56:09.729+0000] {processor.py:840} INFO - DAG(s) 'example_bash_decorator' retrieved from /home/airflow/.local/lib/python3.12/site-packages/airflow/example_dags/example_bash_decorator.py
[2024-04-09T18:56:09.759+0000] {logging_mixin.py:188} INFO - [2024-04-09T18:56:09.759+0000] {dag.py:3096} INFO - Sync 1 DAGs
[2024-04-09T18:56:09.785+0000] {logging_mixin.py:188} INFO - [2024-04-09T18:56:09.785+0000] {dag.py:3954} INFO - Setting next_dagrun for example_bash_decorator to None, run_after=None
[2024-04-09T18:56:09.820+0000] {processor.py:183} INFO - Processing /home/airflow/.local/lib/python3.12/site-packages/airflow/example_dags/example_bash_decorator.py took 0.119 seconds
[2024-04-09T18:56:40.512+0000] {processor.py:161} INFO - Started process (PID=2400) to work on /home/airflow/.local/lib/python3.12/site-packages/airflow/example_dags/example_bash_decorator.py
[2024-04-09T18:56:40.513+0000] {processor.py:830} INFO - Processing file /home/airflow/.local/lib/python3.12/site-packages/airflow/example_dags/example_bash_decorator.py for tasks to queue
[2024-04-09T18:56:40.515+0000] {logging_mixin.py:188} INFO - [2024-04-09T18:56:40.515+0000] {dagbag.py:540} INFO - Filling up the DagBag from /home/airflow/.local/lib/python3.12/site-packages/airflow/example_dags/example_bash_decorator.py
[2024-04-09T18:56:40.530+0000] {processor.py:840} INFO - DAG(s) 'example_bash_decorator' retrieved from /home/airflow/.local/lib/python3.12/site-packages/airflow/example_dags/example_bash_decorator.py
[2024-04-09T18:56:40.561+0000] {logging_mixin.py:188} INFO - [2024-04-09T18:56:40.560+0000] {dag.py:3096} INFO - Sync 1 DAGs
[2024-04-09T18:56:40.576+0000] {logging_mixin.py:188} INFO - [2024-04-09T18:56:40.576+0000] {dag.py:3954} INFO - Setting next_dagrun for example_bash_decorator to None, run_after=None
[2024-04-09T18:56:40.603+0000] {processor.py:183} INFO - Processing /home/airflow/.local/lib/python3.12/site-packages/airflow/example_dags/example_bash_decorator.py took 0.099 seconds
[2024-04-09T18:57:10.963+0000] {processor.py:161} INFO - Started process (PID=2664) to work on /home/airflow/.local/lib/python3.12/site-packages/airflow/example_dags/example_bash_decorator.py
[2024-04-09T18:57:10.964+0000] {processor.py:830} INFO - Processing file /home/airflow/.local/lib/python3.12/site-packages/airflow/example_dags/example_bash_decorator.py for tasks to queue
[2024-04-09T18:57:10.966+0000] {logging_mixin.py:188} INFO - [2024-04-09T18:57:10.966+0000] {dagbag.py:540} INFO - Filling up the DagBag from /home/airflow/.local/lib/python3.12/site-packages/airflow/example_dags/example_bash_decorator.py
[2024-04-09T18:57:10.997+0000] {processor.py:840} INFO - DAG(s) 'example_bash_decorator' retrieved from /home/airflow/.local/lib/python3.12/site-packages/airflow/example_dags/example_bash_decorator.py
[2024-04-09T18:57:11.039+0000] {logging_mixin.py:188} INFO - [2024-04-09T18:57:11.038+0000] {dag.py:3096} INFO - Sync 1 DAGs
[2024-04-09T18:57:11.061+0000] {logging_mixin.py:188} INFO - [2024-04-09T18:57:11.060+0000] {dag.py:3954} INFO - Setting next_dagrun for example_bash_decorator to None, run_after=None
[2024-04-09T18:57:11.084+0000] {processor.py:183} INFO - Processing /home/airflow/.local/lib/python3.12/site-packages/airflow/example_dags/example_bash_decorator.py took 0.134 seconds
[2024-04-09T18:57:41.512+0000] {processor.py:161} INFO - Started process (PID=2934) to work on /home/airflow/.local/lib/python3.12/site-packages/airflow/example_dags/example_bash_decorator.py
[2024-04-09T18:57:41.513+0000] {processor.py:830} INFO - Processing file /home/airflow/.local/lib/python3.12/site-packages/airflow/example_dags/example_bash_decorator.py for tasks to queue
[2024-04-09T18:57:41.516+0000] {logging_mixin.py:188} INFO - [2024-04-09T18:57:41.515+0000] {dagbag.py:540} INFO - Filling up the DagBag from /home/airflow/.local/lib/python3.12/site-packages/airflow/example_dags/example_bash_decorator.py
[2024-04-09T18:57:41.532+0000] {processor.py:840} INFO - DAG(s) 'example_bash_decorator' retrieved from /home/airflow/.local/lib/python3.12/site-packages/airflow/example_dags/example_bash_decorator.py
[2024-04-09T18:57:41.575+0000] {logging_mixin.py:188} INFO - [2024-04-09T18:57:41.575+0000] {dag.py:3096} INFO - Sync 1 DAGs
[2024-04-09T18:57:41.588+0000] {logging_mixin.py:188} INFO - [2024-04-09T18:57:41.588+0000] {dag.py:3954} INFO - Setting next_dagrun for example_bash_decorator to None, run_after=None
[2024-04-09T18:57:41.611+0000] {processor.py:183} INFO - Processing /home/airflow/.local/lib/python3.12/site-packages/airflow/example_dags/example_bash_decorator.py took 0.107 seconds
[2024-04-09T18:58:11.825+0000] {processor.py:161} INFO - Started process (PID=3208) to work on /home/airflow/.local/lib/python3.12/site-packages/airflow/example_dags/example_bash_decorator.py
[2024-04-09T18:58:11.825+0000] {processor.py:830} INFO - Processing file /home/airflow/.local/lib/python3.12/site-packages/airflow/example_dags/example_bash_decorator.py for tasks to queue
[2024-04-09T18:58:11.828+0000] {logging_mixin.py:188} INFO - [2024-04-09T18:58:11.827+0000] {dagbag.py:540} INFO - Filling up the DagBag from /home/airflow/.local/lib/python3.12/site-packages/airflow/example_dags/example_bash_decorator.py
[2024-04-09T18:58:11.848+0000] {processor.py:840} INFO - DAG(s) 'example_bash_decorator' retrieved from /home/airflow/.local/lib/python3.12/site-packages/airflow/example_dags/example_bash_decorator.py
[2024-04-09T18:58:11.885+0000] {logging_mixin.py:188} INFO - [2024-04-09T18:58:11.884+0000] {dag.py:3096} INFO - Sync 1 DAGs
[2024-04-09T18:58:11.921+0000] {logging_mixin.py:188} INFO - [2024-04-09T18:58:11.921+0000] {dag.py:3954} INFO - Setting next_dagrun for example_bash_decorator to None, run_after=None
[2024-04-09T18:58:11.966+0000] {processor.py:183} INFO - Processing /home/airflow/.local/lib/python3.12/site-packages/airflow/example_dags/example_bash_decorator.py took 0.147 seconds
[2024-04-09T18:58:42.251+0000] {processor.py:161} INFO - Started process (PID=3480) to work on /home/airflow/.local/lib/python3.12/site-packages/airflow/example_dags/example_bash_decorator.py
[2024-04-09T18:58:42.252+0000] {processor.py:830} INFO - Processing file /home/airflow/.local/lib/python3.12/site-packages/airflow/example_dags/example_bash_decorator.py for tasks to queue
[2024-04-09T18:58:42.255+0000] {logging_mixin.py:188} INFO - [2024-04-09T18:58:42.255+0000] {dagbag.py:540} INFO - Filling up the DagBag from /home/airflow/.local/lib/python3.12/site-packages/airflow/example_dags/example_bash_decorator.py
[2024-04-09T18:58:42.271+0000] {processor.py:840} INFO - DAG(s) 'example_bash_decorator' retrieved from /home/airflow/.local/lib/python3.12/site-packages/airflow/example_dags/example_bash_decorator.py
[2024-04-09T18:58:42.298+0000] {logging_mixin.py:188} INFO - [2024-04-09T18:58:42.298+0000] {dag.py:3096} INFO - Sync 1 DAGs
[2024-04-09T18:58:42.313+0000] {logging_mixin.py:188} INFO - [2024-04-09T18:58:42.313+0000] {dag.py:3954} INFO - Setting next_dagrun for example_bash_decorator to None, run_after=None
[2024-04-09T18:58:42.334+0000] {processor.py:183} INFO - Processing /home/airflow/.local/lib/python3.12/site-packages/airflow/example_dags/example_bash_decorator.py took 0.089 seconds
[2024-04-09T18:59:12.540+0000] {processor.py:161} INFO - Started process (PID=3750) to work on /home/airflow/.local/lib/python3.12/site-packages/airflow/example_dags/example_bash_decorator.py
[2024-04-09T18:59:12.541+0000] {processor.py:830} INFO - Processing file /home/airflow/.local/lib/python3.12/site-packages/airflow/example_dags/example_bash_decorator.py for tasks to queue
[2024-04-09T18:59:12.543+0000] {logging_mixin.py:188} INFO - [2024-04-09T18:59:12.543+0000] {dagbag.py:540} INFO - Filling up the DagBag from /home/airflow/.local/lib/python3.12/site-packages/airflow/example_dags/example_bash_decorator.py
[2024-04-09T18:59:12.561+0000] {processor.py:840} INFO - DAG(s) 'example_bash_decorator' retrieved from /home/airflow/.local/lib/python3.12/site-packages/airflow/example_dags/example_bash_decorator.py
[2024-04-09T18:59:12.592+0000] {logging_mixin.py:188} INFO - [2024-04-09T18:59:12.592+0000] {dag.py:3096} INFO - Sync 1 DAGs
[2024-04-09T18:59:12.606+0000] {logging_mixin.py:188} INFO - [2024-04-09T18:59:12.606+0000] {dag.py:3954} INFO - Setting next_dagrun for example_bash_decorator to None, run_after=None
[2024-04-09T18:59:12.631+0000] {processor.py:183} INFO - Processing /home/airflow/.local/lib/python3.12/site-packages/airflow/example_dags/example_bash_decorator.py took 0.098 seconds
[2024-04-09T18:59:42.942+0000] {processor.py:161} INFO - Started process (PID=4022) to work on /home/airflow/.local/lib/python3.12/site-packages/airflow/example_dags/example_bash_decorator.py
[2024-04-09T18:59:42.943+0000] {processor.py:830} INFO - Processing file /home/airflow/.local/lib/python3.12/site-packages/airflow/example_dags/example_bash_decorator.py for tasks to queue
[2024-04-09T18:59:42.945+0000] {logging_mixin.py:188} INFO - [2024-04-09T18:59:42.945+0000] {dagbag.py:540} INFO - Filling up the DagBag from /home/airflow/.local/lib/python3.12/site-packages/airflow/example_dags/example_bash_decorator.py
[2024-04-09T18:59:42.962+0000] {processor.py:840} INFO - DAG(s) 'example_bash_decorator' retrieved from /home/airflow/.local/lib/python3.12/site-packages/airflow/example_dags/example_bash_decorator.py
[2024-04-09T18:59:42.987+0000] {logging_mixin.py:188} INFO - [2024-04-09T18:59:42.987+0000] {dag.py:3096} INFO - Sync 1 DAGs
[2024-04-09T18:59:43.003+0000] {logging_mixin.py:188} INFO - [2024-04-09T18:59:43.002+0000] {dag.py:3954} INFO - Setting next_dagrun for example_bash_decorator to None, run_after=None
[2024-04-09T18:59:43.026+0000] {processor.py:183} INFO - Processing /home/airflow/.local/lib/python3.12/site-packages/airflow/example_dags/example_bash_decorator.py took 0.091 seconds
[2024-04-09T19:00:13.121+0000] {processor.py:161} INFO - Started process (PID=4294) to work on /home/airflow/.local/lib/python3.12/site-packages/airflow/example_dags/example_bash_decorator.py
[2024-04-09T19:00:13.122+0000] {processor.py:830} INFO - Processing file /home/airflow/.local/lib/python3.12/site-packages/airflow/example_dags/example_bash_decorator.py for tasks to queue
[2024-04-09T19:00:13.124+0000] {logging_mixin.py:188} INFO - [2024-04-09T19:00:13.124+0000] {dagbag.py:540} INFO - Filling up the DagBag from /home/airflow/.local/lib/python3.12/site-packages/airflow/example_dags/example_bash_decorator.py
[2024-04-09T19:00:13.141+0000] {processor.py:840} INFO - DAG(s) 'example_bash_decorator' retrieved from /home/airflow/.local/lib/python3.12/site-packages/airflow/example_dags/example_bash_decorator.py
[2024-04-09T19:00:13.170+0000] {logging_mixin.py:188} INFO - [2024-04-09T19:00:13.169+0000] {dag.py:3096} INFO - Sync 1 DAGs
[2024-04-09T19:00:13.183+0000] {logging_mixin.py:188} INFO - [2024-04-09T19:00:13.183+0000] {dag.py:3954} INFO - Setting next_dagrun for example_bash_decorator to None, run_after=None
[2024-04-09T19:00:13.206+0000] {processor.py:183} INFO - Processing /home/airflow/.local/lib/python3.12/site-packages/airflow/example_dags/example_bash_decorator.py took 0.092 seconds
[2024-04-09T19:00:44.056+0000] {processor.py:161} INFO - Started process (PID=4567) to work on /home/airflow/.local/lib/python3.12/site-packages/airflow/example_dags/example_bash_decorator.py
[2024-04-09T19:00:44.057+0000] {processor.py:830} INFO - Processing file /home/airflow/.local/lib/python3.12/site-packages/airflow/example_dags/example_bash_decorator.py for tasks to queue
[2024-04-09T19:00:44.059+0000] {logging_mixin.py:188} INFO - [2024-04-09T19:00:44.059+0000] {dagbag.py:540} INFO - Filling up the DagBag from /home/airflow/.local/lib/python3.12/site-packages/airflow/example_dags/example_bash_decorator.py
[2024-04-09T19:00:44.075+0000] {processor.py:840} INFO - DAG(s) 'example_bash_decorator' retrieved from /home/airflow/.local/lib/python3.12/site-packages/airflow/example_dags/example_bash_decorator.py
[2024-04-09T19:00:44.105+0000] {logging_mixin.py:188} INFO - [2024-04-09T19:00:44.105+0000] {dag.py:3096} INFO - Sync 1 DAGs
[2024-04-09T19:00:44.121+0000] {logging_mixin.py:188} INFO - [2024-04-09T19:00:44.120+0000] {dag.py:3954} INFO - Setting next_dagrun for example_bash_decorator to None, run_after=None
[2024-04-09T19:00:44.143+0000] {processor.py:183} INFO - Processing /home/airflow/.local/lib/python3.12/site-packages/airflow/example_dags/example_bash_decorator.py took 0.094 seconds
[2024-04-09T19:01:14.518+0000] {processor.py:161} INFO - Started process (PID=4839) to work on /home/airflow/.local/lib/python3.12/site-packages/airflow/example_dags/example_bash_decorator.py
[2024-04-09T19:01:14.528+0000] {processor.py:830} INFO - Processing file /home/airflow/.local/lib/python3.12/site-packages/airflow/example_dags/example_bash_decorator.py for tasks to queue
[2024-04-09T19:01:14.531+0000] {logging_mixin.py:188} INFO - [2024-04-09T19:01:14.530+0000] {dagbag.py:540} INFO - Filling up the DagBag from /home/airflow/.local/lib/python3.12/site-packages/airflow/example_dags/example_bash_decorator.py
[2024-04-09T19:01:14.548+0000] {processor.py:840} INFO - DAG(s) 'example_bash_decorator' retrieved from /home/airflow/.local/lib/python3.12/site-packages/airflow/example_dags/example_bash_decorator.py
[2024-04-09T19:01:14.575+0000] {logging_mixin.py:188} INFO - [2024-04-09T19:01:14.575+0000] {dag.py:3096} INFO - Sync 1 DAGs
[2024-04-09T19:01:14.593+0000] {logging_mixin.py:188} INFO - [2024-04-09T19:01:14.592+0000] {dag.py:3954} INFO - Setting next_dagrun for example_bash_decorator to None, run_after=None
[2024-04-09T19:01:14.628+0000] {processor.py:183} INFO - Processing /home/airflow/.local/lib/python3.12/site-packages/airflow/example_dags/example_bash_decorator.py took 0.125 seconds
[2024-04-09T19:01:44.877+0000] {processor.py:161} INFO - Started process (PID=5111) to work on /home/airflow/.local/lib/python3.12/site-packages/airflow/example_dags/example_bash_decorator.py
[2024-04-09T19:01:44.878+0000] {processor.py:830} INFO - Processing file /home/airflow/.local/lib/python3.12/site-packages/airflow/example_dags/example_bash_decorator.py for tasks to queue
[2024-04-09T19:01:44.880+0000] {logging_mixin.py:188} INFO - [2024-04-09T19:01:44.879+0000] {dagbag.py:540} INFO - Filling up the DagBag from /home/airflow/.local/lib/python3.12/site-packages/airflow/example_dags/example_bash_decorator.py
[2024-04-09T19:01:44.895+0000] {processor.py:840} INFO - DAG(s) 'example_bash_decorator' retrieved from /home/airflow/.local/lib/python3.12/site-packages/airflow/example_dags/example_bash_decorator.py
[2024-04-09T19:01:44.926+0000] {logging_mixin.py:188} INFO - [2024-04-09T19:01:44.925+0000] {dag.py:3096} INFO - Sync 1 DAGs
[2024-04-09T19:01:44.942+0000] {logging_mixin.py:188} INFO - [2024-04-09T19:01:44.942+0000] {dag.py:3954} INFO - Setting next_dagrun for example_bash_decorator to None, run_after=None
[2024-04-09T19:01:44.966+0000] {processor.py:183} INFO - Processing /home/airflow/.local/lib/python3.12/site-packages/airflow/example_dags/example_bash_decorator.py took 0.096 seconds
[2024-04-09T19:02:15.972+0000] {processor.py:161} INFO - Started process (PID=5385) to work on /home/airflow/.local/lib/python3.12/site-packages/airflow/example_dags/example_bash_decorator.py
[2024-04-09T19:02:15.973+0000] {processor.py:830} INFO - Processing file /home/airflow/.local/lib/python3.12/site-packages/airflow/example_dags/example_bash_decorator.py for tasks to queue
[2024-04-09T19:02:15.975+0000] {logging_mixin.py:188} INFO - [2024-04-09T19:02:15.974+0000] {dagbag.py:540} INFO - Filling up the DagBag from /home/airflow/.local/lib/python3.12/site-packages/airflow/example_dags/example_bash_decorator.py
[2024-04-09T19:02:15.992+0000] {processor.py:840} INFO - DAG(s) 'example_bash_decorator' retrieved from /home/airflow/.local/lib/python3.12/site-packages/airflow/example_dags/example_bash_decorator.py
[2024-04-09T19:02:16.020+0000] {logging_mixin.py:188} INFO - [2024-04-09T19:02:16.020+0000] {dag.py:3096} INFO - Sync 1 DAGs
[2024-04-09T19:02:16.036+0000] {logging_mixin.py:188} INFO - [2024-04-09T19:02:16.036+0000] {dag.py:3954} INFO - Setting next_dagrun for example_bash_decorator to None, run_after=None
[2024-04-09T19:02:16.059+0000] {processor.py:183} INFO - Processing /home/airflow/.local/lib/python3.12/site-packages/airflow/example_dags/example_bash_decorator.py took 0.094 seconds
[2024-04-09T19:02:46.290+0000] {processor.py:161} INFO - Started process (PID=5655) to work on /home/airflow/.local/lib/python3.12/site-packages/airflow/example_dags/example_bash_decorator.py
[2024-04-09T19:02:46.292+0000] {processor.py:830} INFO - Processing file /home/airflow/.local/lib/python3.12/site-packages/airflow/example_dags/example_bash_decorator.py for tasks to queue
[2024-04-09T19:02:46.294+0000] {logging_mixin.py:188} INFO - [2024-04-09T19:02:46.294+0000] {dagbag.py:540} INFO - Filling up the DagBag from /home/airflow/.local/lib/python3.12/site-packages/airflow/example_dags/example_bash_decorator.py
[2024-04-09T19:02:46.311+0000] {processor.py:840} INFO - DAG(s) 'example_bash_decorator' retrieved from /home/airflow/.local/lib/python3.12/site-packages/airflow/example_dags/example_bash_decorator.py
[2024-04-09T19:02:46.342+0000] {logging_mixin.py:188} INFO - [2024-04-09T19:02:46.342+0000] {dag.py:3096} INFO - Sync 1 DAGs
[2024-04-09T19:02:46.358+0000] {logging_mixin.py:188} INFO - [2024-04-09T19:02:46.358+0000] {dag.py:3954} INFO - Setting next_dagrun for example_bash_decorator to None, run_after=None
[2024-04-09T19:02:46.412+0000] {processor.py:183} INFO - Processing /home/airflow/.local/lib/python3.12/site-packages/airflow/example_dags/example_bash_decorator.py took 0.128 seconds
[2024-04-09T19:03:16.613+0000] {processor.py:161} INFO - Started process (PID=5927) to work on /home/airflow/.local/lib/python3.12/site-packages/airflow/example_dags/example_bash_decorator.py
[2024-04-09T19:03:16.615+0000] {processor.py:830} INFO - Processing file /home/airflow/.local/lib/python3.12/site-packages/airflow/example_dags/example_bash_decorator.py for tasks to queue
[2024-04-09T19:03:16.617+0000] {logging_mixin.py:188} INFO - [2024-04-09T19:03:16.617+0000] {dagbag.py:540} INFO - Filling up the DagBag from /home/airflow/.local/lib/python3.12/site-packages/airflow/example_dags/example_bash_decorator.py
[2024-04-09T19:03:16.634+0000] {processor.py:840} INFO - DAG(s) 'example_bash_decorator' retrieved from /home/airflow/.local/lib/python3.12/site-packages/airflow/example_dags/example_bash_decorator.py
[2024-04-09T19:03:16.662+0000] {logging_mixin.py:188} INFO - [2024-04-09T19:03:16.662+0000] {dag.py:3096} INFO - Sync 1 DAGs
[2024-04-09T19:03:16.676+0000] {logging_mixin.py:188} INFO - [2024-04-09T19:03:16.676+0000] {dag.py:3954} INFO - Setting next_dagrun for example_bash_decorator to None, run_after=None
[2024-04-09T19:03:16.703+0000] {processor.py:183} INFO - Processing /home/airflow/.local/lib/python3.12/site-packages/airflow/example_dags/example_bash_decorator.py took 0.097 seconds
[2024-04-09T19:03:47.528+0000] {processor.py:161} INFO - Started process (PID=6202) to work on /home/airflow/.local/lib/python3.12/site-packages/airflow/example_dags/example_bash_decorator.py
[2024-04-09T19:03:47.529+0000] {processor.py:830} INFO - Processing file /home/airflow/.local/lib/python3.12/site-packages/airflow/example_dags/example_bash_decorator.py for tasks to queue
[2024-04-09T19:03:47.531+0000] {logging_mixin.py:188} INFO - [2024-04-09T19:03:47.531+0000] {dagbag.py:540} INFO - Filling up the DagBag from /home/airflow/.local/lib/python3.12/site-packages/airflow/example_dags/example_bash_decorator.py
[2024-04-09T19:03:47.548+0000] {processor.py:840} INFO - DAG(s) 'example_bash_decorator' retrieved from /home/airflow/.local/lib/python3.12/site-packages/airflow/example_dags/example_bash_decorator.py
[2024-04-09T19:03:47.577+0000] {logging_mixin.py:188} INFO - [2024-04-09T19:03:47.577+0000] {dag.py:3096} INFO - Sync 1 DAGs
[2024-04-09T19:03:47.594+0000] {logging_mixin.py:188} INFO - [2024-04-09T19:03:47.594+0000] {dag.py:3954} INFO - Setting next_dagrun for example_bash_decorator to None, run_after=None
[2024-04-09T19:03:47.618+0000] {processor.py:183} INFO - Processing /home/airflow/.local/lib/python3.12/site-packages/airflow/example_dags/example_bash_decorator.py took 0.097 seconds
[2024-04-09T19:04:18.560+0000] {processor.py:161} INFO - Started process (PID=6475) to work on /home/airflow/.local/lib/python3.12/site-packages/airflow/example_dags/example_bash_decorator.py
[2024-04-09T19:04:18.561+0000] {processor.py:830} INFO - Processing file /home/airflow/.local/lib/python3.12/site-packages/airflow/example_dags/example_bash_decorator.py for tasks to queue
[2024-04-09T19:04:18.562+0000] {logging_mixin.py:188} INFO - [2024-04-09T19:04:18.562+0000] {dagbag.py:540} INFO - Filling up the DagBag from /home/airflow/.local/lib/python3.12/site-packages/airflow/example_dags/example_bash_decorator.py
[2024-04-09T19:04:18.573+0000] {processor.py:840} INFO - DAG(s) 'example_bash_decorator' retrieved from /home/airflow/.local/lib/python3.12/site-packages/airflow/example_dags/example_bash_decorator.py
[2024-04-09T19:04:18.593+0000] {logging_mixin.py:188} INFO - [2024-04-09T19:04:18.593+0000] {dag.py:3096} INFO - Sync 1 DAGs
[2024-04-09T19:04:18.604+0000] {logging_mixin.py:188} INFO - [2024-04-09T19:04:18.603+0000] {dag.py:3954} INFO - Setting next_dagrun for example_bash_decorator to None, run_after=None
[2024-04-09T19:04:18.622+0000] {processor.py:183} INFO - Processing /home/airflow/.local/lib/python3.12/site-packages/airflow/example_dags/example_bash_decorator.py took 0.068 seconds
[2024-04-09T19:04:49.005+0000] {processor.py:161} INFO - Started process (PID=6748) to work on /home/airflow/.local/lib/python3.12/site-packages/airflow/example_dags/example_bash_decorator.py
[2024-04-09T19:04:49.006+0000] {processor.py:830} INFO - Processing file /home/airflow/.local/lib/python3.12/site-packages/airflow/example_dags/example_bash_decorator.py for tasks to queue
[2024-04-09T19:04:49.009+0000] {logging_mixin.py:188} INFO - [2024-04-09T19:04:49.009+0000] {dagbag.py:540} INFO - Filling up the DagBag from /home/airflow/.local/lib/python3.12/site-packages/airflow/example_dags/example_bash_decorator.py
[2024-04-09T19:04:49.028+0000] {processor.py:840} INFO - DAG(s) 'example_bash_decorator' retrieved from /home/airflow/.local/lib/python3.12/site-packages/airflow/example_dags/example_bash_decorator.py
[2024-04-09T19:04:49.056+0000] {logging_mixin.py:188} INFO - [2024-04-09T19:04:49.056+0000] {dag.py:3096} INFO - Sync 1 DAGs
[2024-04-09T19:04:49.071+0000] {logging_mixin.py:188} INFO - [2024-04-09T19:04:49.071+0000] {dag.py:3954} INFO - Setting next_dagrun for example_bash_decorator to None, run_after=None
[2024-04-09T19:04:49.093+0000] {processor.py:183} INFO - Processing /home/airflow/.local/lib/python3.12/site-packages/airflow/example_dags/example_bash_decorator.py took 0.094 seconds
[2024-04-09T19:05:19.649+0000] {processor.py:161} INFO - Started process (PID=7019) to work on /home/airflow/.local/lib/python3.12/site-packages/airflow/example_dags/example_bash_decorator.py
[2024-04-09T19:05:19.649+0000] {processor.py:830} INFO - Processing file /home/airflow/.local/lib/python3.12/site-packages/airflow/example_dags/example_bash_decorator.py for tasks to queue
[2024-04-09T19:05:19.651+0000] {logging_mixin.py:188} INFO - [2024-04-09T19:05:19.651+0000] {dagbag.py:540} INFO - Filling up the DagBag from /home/airflow/.local/lib/python3.12/site-packages/airflow/example_dags/example_bash_decorator.py
[2024-04-09T19:05:19.666+0000] {processor.py:840} INFO - DAG(s) 'example_bash_decorator' retrieved from /home/airflow/.local/lib/python3.12/site-packages/airflow/example_dags/example_bash_decorator.py
[2024-04-09T19:05:19.696+0000] {logging_mixin.py:188} INFO - [2024-04-09T19:05:19.696+0000] {dag.py:3096} INFO - Sync 1 DAGs
[2024-04-09T19:05:19.726+0000] {logging_mixin.py:188} INFO - [2024-04-09T19:05:19.726+0000] {dag.py:3954} INFO - Setting next_dagrun for example_bash_decorator to None, run_after=None
[2024-04-09T19:05:19.755+0000] {processor.py:183} INFO - Processing /home/airflow/.local/lib/python3.12/site-packages/airflow/example_dags/example_bash_decorator.py took 0.113 seconds
[2024-04-09T19:05:50.467+0000] {processor.py:161} INFO - Started process (PID=7291) to work on /home/airflow/.local/lib/python3.12/site-packages/airflow/example_dags/example_bash_decorator.py
[2024-04-09T19:05:50.468+0000] {processor.py:830} INFO - Processing file /home/airflow/.local/lib/python3.12/site-packages/airflow/example_dags/example_bash_decorator.py for tasks to queue
[2024-04-09T19:05:50.470+0000] {logging_mixin.py:188} INFO - [2024-04-09T19:05:50.469+0000] {dagbag.py:540} INFO - Filling up the DagBag from /home/airflow/.local/lib/python3.12/site-packages/airflow/example_dags/example_bash_decorator.py
[2024-04-09T19:05:50.483+0000] {processor.py:840} INFO - DAG(s) 'example_bash_decorator' retrieved from /home/airflow/.local/lib/python3.12/site-packages/airflow/example_dags/example_bash_decorator.py
[2024-04-09T19:05:50.515+0000] {logging_mixin.py:188} INFO - [2024-04-09T19:05:50.515+0000] {dag.py:3096} INFO - Sync 1 DAGs
[2024-04-09T19:05:50.693+0000] {logging_mixin.py:188} INFO - [2024-04-09T19:05:50.693+0000] {dag.py:3954} INFO - Setting next_dagrun for example_bash_decorator to None, run_after=None
[2024-04-09T19:05:50.750+0000] {processor.py:183} INFO - Processing /home/airflow/.local/lib/python3.12/site-packages/airflow/example_dags/example_bash_decorator.py took 0.289 seconds
[2024-04-09T19:06:21.364+0000] {processor.py:161} INFO - Started process (PID=7563) to work on /home/airflow/.local/lib/python3.12/site-packages/airflow/example_dags/example_bash_decorator.py
[2024-04-09T19:06:21.365+0000] {processor.py:830} INFO - Processing file /home/airflow/.local/lib/python3.12/site-packages/airflow/example_dags/example_bash_decorator.py for tasks to queue
[2024-04-09T19:06:21.367+0000] {logging_mixin.py:188} INFO - [2024-04-09T19:06:21.366+0000] {dagbag.py:540} INFO - Filling up the DagBag from /home/airflow/.local/lib/python3.12/site-packages/airflow/example_dags/example_bash_decorator.py
[2024-04-09T19:06:21.382+0000] {processor.py:840} INFO - DAG(s) 'example_bash_decorator' retrieved from /home/airflow/.local/lib/python3.12/site-packages/airflow/example_dags/example_bash_decorator.py
[2024-04-09T19:06:21.412+0000] {logging_mixin.py:188} INFO - [2024-04-09T19:06:21.412+0000] {dag.py:3096} INFO - Sync 1 DAGs
[2024-04-09T19:06:21.431+0000] {logging_mixin.py:188} INFO - [2024-04-09T19:06:21.430+0000] {dag.py:3954} INFO - Setting next_dagrun for example_bash_decorator to None, run_after=None
[2024-04-09T19:06:21.457+0000] {processor.py:183} INFO - Processing /home/airflow/.local/lib/python3.12/site-packages/airflow/example_dags/example_bash_decorator.py took 0.099 seconds
[2024-04-09T19:06:52.390+0000] {processor.py:161} INFO - Started process (PID=7836) to work on /home/airflow/.local/lib/python3.12/site-packages/airflow/example_dags/example_bash_decorator.py
[2024-04-09T19:06:52.391+0000] {processor.py:830} INFO - Processing file /home/airflow/.local/lib/python3.12/site-packages/airflow/example_dags/example_bash_decorator.py for tasks to queue
[2024-04-09T19:06:52.394+0000] {logging_mixin.py:188} INFO - [2024-04-09T19:06:52.393+0000] {dagbag.py:540} INFO - Filling up the DagBag from /home/airflow/.local/lib/python3.12/site-packages/airflow/example_dags/example_bash_decorator.py
[2024-04-09T19:06:52.408+0000] {processor.py:840} INFO - DAG(s) 'example_bash_decorator' retrieved from /home/airflow/.local/lib/python3.12/site-packages/airflow/example_dags/example_bash_decorator.py
[2024-04-09T19:06:52.439+0000] {logging_mixin.py:188} INFO - [2024-04-09T19:06:52.439+0000] {dag.py:3096} INFO - Sync 1 DAGs
[2024-04-09T19:06:52.455+0000] {logging_mixin.py:188} INFO - [2024-04-09T19:06:52.455+0000] {dag.py:3954} INFO - Setting next_dagrun for example_bash_decorator to None, run_after=None
[2024-04-09T19:06:52.481+0000] {processor.py:183} INFO - Processing /home/airflow/.local/lib/python3.12/site-packages/airflow/example_dags/example_bash_decorator.py took 0.097 seconds
[2024-04-09T19:07:23.114+0000] {processor.py:161} INFO - Started process (PID=8107) to work on /home/airflow/.local/lib/python3.12/site-packages/airflow/example_dags/example_bash_decorator.py
[2024-04-09T19:07:23.115+0000] {processor.py:830} INFO - Processing file /home/airflow/.local/lib/python3.12/site-packages/airflow/example_dags/example_bash_decorator.py for tasks to queue
[2024-04-09T19:07:23.117+0000] {logging_mixin.py:188} INFO - [2024-04-09T19:07:23.117+0000] {dagbag.py:540} INFO - Filling up the DagBag from /home/airflow/.local/lib/python3.12/site-packages/airflow/example_dags/example_bash_decorator.py
[2024-04-09T19:07:23.134+0000] {processor.py:840} INFO - DAG(s) 'example_bash_decorator' retrieved from /home/airflow/.local/lib/python3.12/site-packages/airflow/example_dags/example_bash_decorator.py
[2024-04-09T19:07:23.161+0000] {logging_mixin.py:188} INFO - [2024-04-09T19:07:23.161+0000] {dag.py:3096} INFO - Sync 1 DAGs
[2024-04-09T19:07:23.176+0000] {logging_mixin.py:188} INFO - [2024-04-09T19:07:23.175+0000] {dag.py:3954} INFO - Setting next_dagrun for example_bash_decorator to None, run_after=None
[2024-04-09T19:07:23.201+0000] {processor.py:183} INFO - Processing /home/airflow/.local/lib/python3.12/site-packages/airflow/example_dags/example_bash_decorator.py took 0.094 seconds
[2024-04-09T19:07:53.673+0000] {processor.py:161} INFO - Started process (PID=8379) to work on /home/airflow/.local/lib/python3.12/site-packages/airflow/example_dags/example_bash_decorator.py
[2024-04-09T19:07:53.680+0000] {processor.py:830} INFO - Processing file /home/airflow/.local/lib/python3.12/site-packages/airflow/example_dags/example_bash_decorator.py for tasks to queue
[2024-04-09T19:07:53.688+0000] {logging_mixin.py:188} INFO - [2024-04-09T19:07:53.688+0000] {dagbag.py:540} INFO - Filling up the DagBag from /home/airflow/.local/lib/python3.12/site-packages/airflow/example_dags/example_bash_decorator.py
[2024-04-09T19:07:53.719+0000] {processor.py:840} INFO - DAG(s) 'example_bash_decorator' retrieved from /home/airflow/.local/lib/python3.12/site-packages/airflow/example_dags/example_bash_decorator.py
[2024-04-09T19:07:53.763+0000] {logging_mixin.py:188} INFO - [2024-04-09T19:07:53.762+0000] {dag.py:3096} INFO - Sync 1 DAGs
[2024-04-09T19:07:53.781+0000] {logging_mixin.py:188} INFO - [2024-04-09T19:07:53.780+0000] {dag.py:3954} INFO - Setting next_dagrun for example_bash_decorator to None, run_after=None
[2024-04-09T19:07:53.810+0000] {processor.py:183} INFO - Processing /home/airflow/.local/lib/python3.12/site-packages/airflow/example_dags/example_bash_decorator.py took 0.144 seconds
[2024-04-09T19:08:24.882+0000] {processor.py:161} INFO - Started process (PID=8651) to work on /home/airflow/.local/lib/python3.12/site-packages/airflow/example_dags/example_bash_decorator.py
[2024-04-09T19:08:24.883+0000] {processor.py:830} INFO - Processing file /home/airflow/.local/lib/python3.12/site-packages/airflow/example_dags/example_bash_decorator.py for tasks to queue
[2024-04-09T19:08:24.886+0000] {logging_mixin.py:188} INFO - [2024-04-09T19:08:24.885+0000] {dagbag.py:540} INFO - Filling up the DagBag from /home/airflow/.local/lib/python3.12/site-packages/airflow/example_dags/example_bash_decorator.py
[2024-04-09T19:08:24.903+0000] {processor.py:840} INFO - DAG(s) 'example_bash_decorator' retrieved from /home/airflow/.local/lib/python3.12/site-packages/airflow/example_dags/example_bash_decorator.py
[2024-04-09T19:08:24.932+0000] {logging_mixin.py:188} INFO - [2024-04-09T19:08:24.932+0000] {dag.py:3096} INFO - Sync 1 DAGs
[2024-04-09T19:08:24.949+0000] {logging_mixin.py:188} INFO - [2024-04-09T19:08:24.949+0000] {dag.py:3954} INFO - Setting next_dagrun for example_bash_decorator to None, run_after=None
[2024-04-09T19:08:24.993+0000] {processor.py:183} INFO - Processing /home/airflow/.local/lib/python3.12/site-packages/airflow/example_dags/example_bash_decorator.py took 0.118 seconds
[2024-04-09T19:08:55.145+0000] {processor.py:161} INFO - Started process (PID=8925) to work on /home/airflow/.local/lib/python3.12/site-packages/airflow/example_dags/example_bash_decorator.py
[2024-04-09T19:08:55.147+0000] {processor.py:830} INFO - Processing file /home/airflow/.local/lib/python3.12/site-packages/airflow/example_dags/example_bash_decorator.py for tasks to queue
[2024-04-09T19:08:55.151+0000] {logging_mixin.py:188} INFO - [2024-04-09T19:08:55.150+0000] {dagbag.py:540} INFO - Filling up the DagBag from /home/airflow/.local/lib/python3.12/site-packages/airflow/example_dags/example_bash_decorator.py
[2024-04-09T19:08:55.176+0000] {processor.py:840} INFO - DAG(s) 'example_bash_decorator' retrieved from /home/airflow/.local/lib/python3.12/site-packages/airflow/example_dags/example_bash_decorator.py
[2024-04-09T19:08:55.214+0000] {logging_mixin.py:188} INFO - [2024-04-09T19:08:55.214+0000] {dag.py:3096} INFO - Sync 1 DAGs
[2024-04-09T19:08:55.231+0000] {logging_mixin.py:188} INFO - [2024-04-09T19:08:55.231+0000] {dag.py:3954} INFO - Setting next_dagrun for example_bash_decorator to None, run_after=None
[2024-04-09T19:08:55.272+0000] {processor.py:183} INFO - Processing /home/airflow/.local/lib/python3.12/site-packages/airflow/example_dags/example_bash_decorator.py took 0.134 seconds
[2024-04-09T19:09:25.786+0000] {processor.py:161} INFO - Started process (PID=9196) to work on /home/airflow/.local/lib/python3.12/site-packages/airflow/example_dags/example_bash_decorator.py
[2024-04-09T19:09:25.787+0000] {processor.py:830} INFO - Processing file /home/airflow/.local/lib/python3.12/site-packages/airflow/example_dags/example_bash_decorator.py for tasks to queue
[2024-04-09T19:09:25.790+0000] {logging_mixin.py:188} INFO - [2024-04-09T19:09:25.789+0000] {dagbag.py:540} INFO - Filling up the DagBag from /home/airflow/.local/lib/python3.12/site-packages/airflow/example_dags/example_bash_decorator.py
[2024-04-09T19:09:25.807+0000] {processor.py:840} INFO - DAG(s) 'example_bash_decorator' retrieved from /home/airflow/.local/lib/python3.12/site-packages/airflow/example_dags/example_bash_decorator.py
[2024-04-09T19:09:25.837+0000] {logging_mixin.py:188} INFO - [2024-04-09T19:09:25.836+0000] {dag.py:3096} INFO - Sync 1 DAGs
[2024-04-09T19:09:25.857+0000] {logging_mixin.py:188} INFO - [2024-04-09T19:09:25.857+0000] {dag.py:3954} INFO - Setting next_dagrun for example_bash_decorator to None, run_after=None
[2024-04-09T19:09:25.880+0000] {processor.py:183} INFO - Processing /home/airflow/.local/lib/python3.12/site-packages/airflow/example_dags/example_bash_decorator.py took 0.102 seconds
[2024-04-09T19:09:56.515+0000] {processor.py:161} INFO - Started process (PID=9470) to work on /home/airflow/.local/lib/python3.12/site-packages/airflow/example_dags/example_bash_decorator.py
[2024-04-09T19:09:56.516+0000] {processor.py:830} INFO - Processing file /home/airflow/.local/lib/python3.12/site-packages/airflow/example_dags/example_bash_decorator.py for tasks to queue
[2024-04-09T19:09:56.518+0000] {logging_mixin.py:188} INFO - [2024-04-09T19:09:56.518+0000] {dagbag.py:540} INFO - Filling up the DagBag from /home/airflow/.local/lib/python3.12/site-packages/airflow/example_dags/example_bash_decorator.py
[2024-04-09T19:09:56.534+0000] {processor.py:840} INFO - DAG(s) 'example_bash_decorator' retrieved from /home/airflow/.local/lib/python3.12/site-packages/airflow/example_dags/example_bash_decorator.py
[2024-04-09T19:09:56.563+0000] {logging_mixin.py:188} INFO - [2024-04-09T19:09:56.563+0000] {dag.py:3096} INFO - Sync 1 DAGs
[2024-04-09T19:09:56.578+0000] {logging_mixin.py:188} INFO - [2024-04-09T19:09:56.578+0000] {dag.py:3954} INFO - Setting next_dagrun for example_bash_decorator to None, run_after=None
[2024-04-09T19:09:56.600+0000] {processor.py:183} INFO - Processing /home/airflow/.local/lib/python3.12/site-packages/airflow/example_dags/example_bash_decorator.py took 0.093 seconds
[2024-04-09T19:10:26.839+0000] {processor.py:161} INFO - Started process (PID=9741) to work on /home/airflow/.local/lib/python3.12/site-packages/airflow/example_dags/example_bash_decorator.py
[2024-04-09T19:10:26.844+0000] {processor.py:830} INFO - Processing file /home/airflow/.local/lib/python3.12/site-packages/airflow/example_dags/example_bash_decorator.py for tasks to queue
[2024-04-09T19:10:26.846+0000] {logging_mixin.py:188} INFO - [2024-04-09T19:10:26.846+0000] {dagbag.py:540} INFO - Filling up the DagBag from /home/airflow/.local/lib/python3.12/site-packages/airflow/example_dags/example_bash_decorator.py
[2024-04-09T19:10:26.875+0000] {processor.py:840} INFO - DAG(s) 'example_bash_decorator' retrieved from /home/airflow/.local/lib/python3.12/site-packages/airflow/example_dags/example_bash_decorator.py
[2024-04-09T19:10:26.913+0000] {logging_mixin.py:188} INFO - [2024-04-09T19:10:26.913+0000] {dag.py:3096} INFO - Sync 1 DAGs
[2024-04-09T19:10:26.930+0000] {logging_mixin.py:188} INFO - [2024-04-09T19:10:26.930+0000] {dag.py:3954} INFO - Setting next_dagrun for example_bash_decorator to None, run_after=None
[2024-04-09T19:10:26.953+0000] {processor.py:183} INFO - Processing /home/airflow/.local/lib/python3.12/site-packages/airflow/example_dags/example_bash_decorator.py took 0.125 seconds
[2024-04-09T19:10:57.852+0000] {processor.py:161} INFO - Started process (PID=10014) to work on /home/airflow/.local/lib/python3.12/site-packages/airflow/example_dags/example_bash_decorator.py
[2024-04-09T19:10:57.853+0000] {processor.py:830} INFO - Processing file /home/airflow/.local/lib/python3.12/site-packages/airflow/example_dags/example_bash_decorator.py for tasks to queue
[2024-04-09T19:10:57.855+0000] {logging_mixin.py:188} INFO - [2024-04-09T19:10:57.855+0000] {dagbag.py:540} INFO - Filling up the DagBag from /home/airflow/.local/lib/python3.12/site-packages/airflow/example_dags/example_bash_decorator.py
[2024-04-09T19:10:57.875+0000] {processor.py:840} INFO - DAG(s) 'example_bash_decorator' retrieved from /home/airflow/.local/lib/python3.12/site-packages/airflow/example_dags/example_bash_decorator.py
[2024-04-09T19:10:57.903+0000] {logging_mixin.py:188} INFO - [2024-04-09T19:10:57.902+0000] {dag.py:3096} INFO - Sync 1 DAGs
[2024-04-09T19:10:57.920+0000] {logging_mixin.py:188} INFO - [2024-04-09T19:10:57.919+0000] {dag.py:3954} INFO - Setting next_dagrun for example_bash_decorator to None, run_after=None
[2024-04-09T19:10:57.944+0000] {processor.py:183} INFO - Processing /home/airflow/.local/lib/python3.12/site-packages/airflow/example_dags/example_bash_decorator.py took 0.099 seconds
[2024-04-09T19:11:28.222+0000] {processor.py:161} INFO - Started process (PID=10286) to work on /home/airflow/.local/lib/python3.12/site-packages/airflow/example_dags/example_bash_decorator.py
[2024-04-09T19:11:28.223+0000] {processor.py:830} INFO - Processing file /home/airflow/.local/lib/python3.12/site-packages/airflow/example_dags/example_bash_decorator.py for tasks to queue
[2024-04-09T19:11:28.225+0000] {logging_mixin.py:188} INFO - [2024-04-09T19:11:28.224+0000] {dagbag.py:540} INFO - Filling up the DagBag from /home/airflow/.local/lib/python3.12/site-packages/airflow/example_dags/example_bash_decorator.py
[2024-04-09T19:11:28.241+0000] {processor.py:840} INFO - DAG(s) 'example_bash_decorator' retrieved from /home/airflow/.local/lib/python3.12/site-packages/airflow/example_dags/example_bash_decorator.py
[2024-04-09T19:11:28.267+0000] {logging_mixin.py:188} INFO - [2024-04-09T19:11:28.267+0000] {dag.py:3096} INFO - Sync 1 DAGs
[2024-04-09T19:11:28.284+0000] {logging_mixin.py:188} INFO - [2024-04-09T19:11:28.284+0000] {dag.py:3954} INFO - Setting next_dagrun for example_bash_decorator to None, run_after=None
[2024-04-09T19:11:28.309+0000] {processor.py:183} INFO - Processing /home/airflow/.local/lib/python3.12/site-packages/airflow/example_dags/example_bash_decorator.py took 0.094 seconds
[2024-04-09T19:11:58.896+0000] {processor.py:161} INFO - Started process (PID=10559) to work on /home/airflow/.local/lib/python3.12/site-packages/airflow/example_dags/example_bash_decorator.py
[2024-04-09T19:11:58.897+0000] {processor.py:830} INFO - Processing file /home/airflow/.local/lib/python3.12/site-packages/airflow/example_dags/example_bash_decorator.py for tasks to queue
[2024-04-09T19:11:58.899+0000] {logging_mixin.py:188} INFO - [2024-04-09T19:11:58.899+0000] {dagbag.py:540} INFO - Filling up the DagBag from /home/airflow/.local/lib/python3.12/site-packages/airflow/example_dags/example_bash_decorator.py
[2024-04-09T19:11:58.922+0000] {processor.py:840} INFO - DAG(s) 'example_bash_decorator' retrieved from /home/airflow/.local/lib/python3.12/site-packages/airflow/example_dags/example_bash_decorator.py
[2024-04-09T19:11:58.950+0000] {logging_mixin.py:188} INFO - [2024-04-09T19:11:58.950+0000] {dag.py:3096} INFO - Sync 1 DAGs
[2024-04-09T19:11:58.968+0000] {logging_mixin.py:188} INFO - [2024-04-09T19:11:58.967+0000] {dag.py:3954} INFO - Setting next_dagrun for example_bash_decorator to None, run_after=None
[2024-04-09T19:11:58.993+0000] {processor.py:183} INFO - Processing /home/airflow/.local/lib/python3.12/site-packages/airflow/example_dags/example_bash_decorator.py took 0.104 seconds
[2024-04-09T19:12:29.404+0000] {processor.py:161} INFO - Started process (PID=10831) to work on /home/airflow/.local/lib/python3.12/site-packages/airflow/example_dags/example_bash_decorator.py
[2024-04-09T19:12:29.405+0000] {processor.py:830} INFO - Processing file /home/airflow/.local/lib/python3.12/site-packages/airflow/example_dags/example_bash_decorator.py for tasks to queue
[2024-04-09T19:12:29.408+0000] {logging_mixin.py:188} INFO - [2024-04-09T19:12:29.407+0000] {dagbag.py:540} INFO - Filling up the DagBag from /home/airflow/.local/lib/python3.12/site-packages/airflow/example_dags/example_bash_decorator.py
[2024-04-09T19:12:29.424+0000] {processor.py:840} INFO - DAG(s) 'example_bash_decorator' retrieved from /home/airflow/.local/lib/python3.12/site-packages/airflow/example_dags/example_bash_decorator.py
[2024-04-09T19:12:29.453+0000] {logging_mixin.py:188} INFO - [2024-04-09T19:12:29.453+0000] {dag.py:3096} INFO - Sync 1 DAGs
[2024-04-09T19:12:29.469+0000] {logging_mixin.py:188} INFO - [2024-04-09T19:12:29.469+0000] {dag.py:3954} INFO - Setting next_dagrun for example_bash_decorator to None, run_after=None
[2024-04-09T19:12:29.493+0000] {processor.py:183} INFO - Processing /home/airflow/.local/lib/python3.12/site-packages/airflow/example_dags/example_bash_decorator.py took 0.095 seconds
[2024-04-09T19:13:00.397+0000] {processor.py:161} INFO - Started process (PID=11104) to work on /home/airflow/.local/lib/python3.12/site-packages/airflow/example_dags/example_bash_decorator.py
[2024-04-09T19:13:00.398+0000] {processor.py:830} INFO - Processing file /home/airflow/.local/lib/python3.12/site-packages/airflow/example_dags/example_bash_decorator.py for tasks to queue
[2024-04-09T19:13:00.400+0000] {logging_mixin.py:188} INFO - [2024-04-09T19:13:00.400+0000] {dagbag.py:540} INFO - Filling up the DagBag from /home/airflow/.local/lib/python3.12/site-packages/airflow/example_dags/example_bash_decorator.py
[2024-04-09T19:13:00.416+0000] {processor.py:840} INFO - DAG(s) 'example_bash_decorator' retrieved from /home/airflow/.local/lib/python3.12/site-packages/airflow/example_dags/example_bash_decorator.py
[2024-04-09T19:13:00.444+0000] {logging_mixin.py:188} INFO - [2024-04-09T19:13:00.444+0000] {dag.py:3096} INFO - Sync 1 DAGs
[2024-04-09T19:13:00.459+0000] {logging_mixin.py:188} INFO - [2024-04-09T19:13:00.459+0000] {dag.py:3954} INFO - Setting next_dagrun for example_bash_decorator to None, run_after=None
[2024-04-09T19:13:00.484+0000] {processor.py:183} INFO - Processing /home/airflow/.local/lib/python3.12/site-packages/airflow/example_dags/example_bash_decorator.py took 0.092 seconds
[2024-04-09T19:13:30.570+0000] {processor.py:161} INFO - Started process (PID=11373) to work on /home/airflow/.local/lib/python3.12/site-packages/airflow/example_dags/example_bash_decorator.py
[2024-04-09T19:13:30.571+0000] {processor.py:830} INFO - Processing file /home/airflow/.local/lib/python3.12/site-packages/airflow/example_dags/example_bash_decorator.py for tasks to queue
[2024-04-09T19:13:30.573+0000] {logging_mixin.py:188} INFO - [2024-04-09T19:13:30.573+0000] {dagbag.py:540} INFO - Filling up the DagBag from /home/airflow/.local/lib/python3.12/site-packages/airflow/example_dags/example_bash_decorator.py
[2024-04-09T19:13:30.584+0000] {processor.py:840} INFO - DAG(s) 'example_bash_decorator' retrieved from /home/airflow/.local/lib/python3.12/site-packages/airflow/example_dags/example_bash_decorator.py
[2024-04-09T19:13:30.604+0000] {logging_mixin.py:188} INFO - [2024-04-09T19:13:30.604+0000] {dag.py:3096} INFO - Sync 1 DAGs
[2024-04-09T19:13:30.614+0000] {logging_mixin.py:188} INFO - [2024-04-09T19:13:30.614+0000] {dag.py:3954} INFO - Setting next_dagrun for example_bash_decorator to None, run_after=None
[2024-04-09T19:13:30.637+0000] {processor.py:183} INFO - Processing /home/airflow/.local/lib/python3.12/site-packages/airflow/example_dags/example_bash_decorator.py took 0.073 seconds
[2024-04-09T19:14:00.728+0000] {processor.py:161} INFO - Started process (PID=11646) to work on /home/airflow/.local/lib/python3.12/site-packages/airflow/example_dags/example_bash_decorator.py
[2024-04-09T19:14:00.729+0000] {processor.py:830} INFO - Processing file /home/airflow/.local/lib/python3.12/site-packages/airflow/example_dags/example_bash_decorator.py for tasks to queue
[2024-04-09T19:14:00.730+0000] {logging_mixin.py:188} INFO - [2024-04-09T19:14:00.730+0000] {dagbag.py:540} INFO - Filling up the DagBag from /home/airflow/.local/lib/python3.12/site-packages/airflow/example_dags/example_bash_decorator.py
[2024-04-09T19:14:00.741+0000] {processor.py:840} INFO - DAG(s) 'example_bash_decorator' retrieved from /home/airflow/.local/lib/python3.12/site-packages/airflow/example_dags/example_bash_decorator.py
[2024-04-09T19:14:00.760+0000] {logging_mixin.py:188} INFO - [2024-04-09T19:14:00.760+0000] {dag.py:3096} INFO - Sync 1 DAGs
[2024-04-09T19:14:00.771+0000] {logging_mixin.py:188} INFO - [2024-04-09T19:14:00.771+0000] {dag.py:3954} INFO - Setting next_dagrun for example_bash_decorator to None, run_after=None
[2024-04-09T19:14:00.790+0000] {processor.py:183} INFO - Processing /home/airflow/.local/lib/python3.12/site-packages/airflow/example_dags/example_bash_decorator.py took 0.068 seconds
[2024-04-09T19:14:30.833+0000] {processor.py:161} INFO - Started process (PID=11918) to work on /home/airflow/.local/lib/python3.12/site-packages/airflow/example_dags/example_bash_decorator.py
[2024-04-09T19:14:30.834+0000] {processor.py:830} INFO - Processing file /home/airflow/.local/lib/python3.12/site-packages/airflow/example_dags/example_bash_decorator.py for tasks to queue
[2024-04-09T19:14:30.835+0000] {logging_mixin.py:188} INFO - [2024-04-09T19:14:30.835+0000] {dagbag.py:540} INFO - Filling up the DagBag from /home/airflow/.local/lib/python3.12/site-packages/airflow/example_dags/example_bash_decorator.py
[2024-04-09T19:14:30.849+0000] {processor.py:840} INFO - DAG(s) 'example_bash_decorator' retrieved from /home/airflow/.local/lib/python3.12/site-packages/airflow/example_dags/example_bash_decorator.py
[2024-04-09T19:14:30.871+0000] {logging_mixin.py:188} INFO - [2024-04-09T19:14:30.871+0000] {dag.py:3096} INFO - Sync 1 DAGs
[2024-04-09T19:14:30.882+0000] {logging_mixin.py:188} INFO - [2024-04-09T19:14:30.882+0000] {dag.py:3954} INFO - Setting next_dagrun for example_bash_decorator to None, run_after=None
[2024-04-09T19:14:30.901+0000] {processor.py:183} INFO - Processing /home/airflow/.local/lib/python3.12/site-packages/airflow/example_dags/example_bash_decorator.py took 0.073 seconds
[2024-04-09T19:15:01.247+0000] {processor.py:161} INFO - Started process (PID=12192) to work on /home/airflow/.local/lib/python3.12/site-packages/airflow/example_dags/example_bash_decorator.py
[2024-04-09T19:15:01.249+0000] {processor.py:830} INFO - Processing file /home/airflow/.local/lib/python3.12/site-packages/airflow/example_dags/example_bash_decorator.py for tasks to queue
[2024-04-09T19:15:01.251+0000] {logging_mixin.py:188} INFO - [2024-04-09T19:15:01.251+0000] {dagbag.py:540} INFO - Filling up the DagBag from /home/airflow/.local/lib/python3.12/site-packages/airflow/example_dags/example_bash_decorator.py
[2024-04-09T19:15:01.270+0000] {processor.py:840} INFO - DAG(s) 'example_bash_decorator' retrieved from /home/airflow/.local/lib/python3.12/site-packages/airflow/example_dags/example_bash_decorator.py
[2024-04-09T19:15:01.302+0000] {logging_mixin.py:188} INFO - [2024-04-09T19:15:01.302+0000] {dag.py:3096} INFO - Sync 1 DAGs
[2024-04-09T19:15:01.317+0000] {logging_mixin.py:188} INFO - [2024-04-09T19:15:01.317+0000] {dag.py:3954} INFO - Setting next_dagrun for example_bash_decorator to None, run_after=None
[2024-04-09T19:15:01.343+0000] {processor.py:183} INFO - Processing /home/airflow/.local/lib/python3.12/site-packages/airflow/example_dags/example_bash_decorator.py took 0.103 seconds
[2024-04-09T19:15:31.961+0000] {processor.py:161} INFO - Started process (PID=12465) to work on /home/airflow/.local/lib/python3.12/site-packages/airflow/example_dags/example_bash_decorator.py
[2024-04-09T19:15:31.962+0000] {processor.py:830} INFO - Processing file /home/airflow/.local/lib/python3.12/site-packages/airflow/example_dags/example_bash_decorator.py for tasks to queue
[2024-04-09T19:15:31.964+0000] {logging_mixin.py:188} INFO - [2024-04-09T19:15:31.964+0000] {dagbag.py:540} INFO - Filling up the DagBag from /home/airflow/.local/lib/python3.12/site-packages/airflow/example_dags/example_bash_decorator.py
[2024-04-09T19:15:31.981+0000] {processor.py:840} INFO - DAG(s) 'example_bash_decorator' retrieved from /home/airflow/.local/lib/python3.12/site-packages/airflow/example_dags/example_bash_decorator.py
[2024-04-09T19:15:32.011+0000] {logging_mixin.py:188} INFO - [2024-04-09T19:15:32.010+0000] {dag.py:3096} INFO - Sync 1 DAGs
[2024-04-09T19:15:32.025+0000] {logging_mixin.py:188} INFO - [2024-04-09T19:15:32.025+0000] {dag.py:3954} INFO - Setting next_dagrun for example_bash_decorator to None, run_after=None
[2024-04-09T19:15:32.049+0000] {processor.py:183} INFO - Processing /home/airflow/.local/lib/python3.12/site-packages/airflow/example_dags/example_bash_decorator.py took 0.094 seconds
[2024-04-09T19:16:02.273+0000] {processor.py:161} INFO - Started process (PID=12737) to work on /home/airflow/.local/lib/python3.12/site-packages/airflow/example_dags/example_bash_decorator.py
[2024-04-09T19:16:02.274+0000] {processor.py:830} INFO - Processing file /home/airflow/.local/lib/python3.12/site-packages/airflow/example_dags/example_bash_decorator.py for tasks to queue
[2024-04-09T19:16:02.276+0000] {logging_mixin.py:188} INFO - [2024-04-09T19:16:02.276+0000] {dagbag.py:540} INFO - Filling up the DagBag from /home/airflow/.local/lib/python3.12/site-packages/airflow/example_dags/example_bash_decorator.py
[2024-04-09T19:16:02.292+0000] {processor.py:840} INFO - DAG(s) 'example_bash_decorator' retrieved from /home/airflow/.local/lib/python3.12/site-packages/airflow/example_dags/example_bash_decorator.py
[2024-04-09T19:16:02.323+0000] {logging_mixin.py:188} INFO - [2024-04-09T19:16:02.323+0000] {dag.py:3096} INFO - Sync 1 DAGs
[2024-04-09T19:16:02.338+0000] {logging_mixin.py:188} INFO - [2024-04-09T19:16:02.338+0000] {dag.py:3954} INFO - Setting next_dagrun for example_bash_decorator to None, run_after=None
[2024-04-09T19:16:02.363+0000] {processor.py:183} INFO - Processing /home/airflow/.local/lib/python3.12/site-packages/airflow/example_dags/example_bash_decorator.py took 0.097 seconds
[2024-04-09T19:16:32.482+0000] {processor.py:161} INFO - Started process (PID=13010) to work on /home/airflow/.local/lib/python3.12/site-packages/airflow/example_dags/example_bash_decorator.py
[2024-04-09T19:16:32.483+0000] {processor.py:830} INFO - Processing file /home/airflow/.local/lib/python3.12/site-packages/airflow/example_dags/example_bash_decorator.py for tasks to queue
[2024-04-09T19:16:32.485+0000] {logging_mixin.py:188} INFO - [2024-04-09T19:16:32.485+0000] {dagbag.py:540} INFO - Filling up the DagBag from /home/airflow/.local/lib/python3.12/site-packages/airflow/example_dags/example_bash_decorator.py
[2024-04-09T19:16:32.502+0000] {processor.py:840} INFO - DAG(s) 'example_bash_decorator' retrieved from /home/airflow/.local/lib/python3.12/site-packages/airflow/example_dags/example_bash_decorator.py
[2024-04-09T19:16:32.532+0000] {logging_mixin.py:188} INFO - [2024-04-09T19:16:32.531+0000] {dag.py:3096} INFO - Sync 1 DAGs
[2024-04-09T19:16:32.547+0000] {logging_mixin.py:188} INFO - [2024-04-09T19:16:32.546+0000] {dag.py:3954} INFO - Setting next_dagrun for example_bash_decorator to None, run_after=None
[2024-04-09T19:16:32.569+0000] {processor.py:183} INFO - Processing /home/airflow/.local/lib/python3.12/site-packages/airflow/example_dags/example_bash_decorator.py took 0.093 seconds
[2024-04-09T19:17:02.932+0000] {processor.py:161} INFO - Started process (PID=13282) to work on /home/airflow/.local/lib/python3.12/site-packages/airflow/example_dags/example_bash_decorator.py
[2024-04-09T19:17:02.933+0000] {processor.py:830} INFO - Processing file /home/airflow/.local/lib/python3.12/site-packages/airflow/example_dags/example_bash_decorator.py for tasks to queue
[2024-04-09T19:17:02.935+0000] {logging_mixin.py:188} INFO - [2024-04-09T19:17:02.935+0000] {dagbag.py:540} INFO - Filling up the DagBag from /home/airflow/.local/lib/python3.12/site-packages/airflow/example_dags/example_bash_decorator.py
[2024-04-09T19:17:02.952+0000] {processor.py:840} INFO - DAG(s) 'example_bash_decorator' retrieved from /home/airflow/.local/lib/python3.12/site-packages/airflow/example_dags/example_bash_decorator.py
[2024-04-09T19:17:02.985+0000] {logging_mixin.py:188} INFO - [2024-04-09T19:17:02.984+0000] {dag.py:3096} INFO - Sync 1 DAGs
[2024-04-09T19:17:02.999+0000] {logging_mixin.py:188} INFO - [2024-04-09T19:17:02.999+0000] {dag.py:3954} INFO - Setting next_dagrun for example_bash_decorator to None, run_after=None
[2024-04-09T19:17:03.023+0000] {processor.py:183} INFO - Processing /home/airflow/.local/lib/python3.12/site-packages/airflow/example_dags/example_bash_decorator.py took 0.097 seconds
[2024-04-09T19:17:33.549+0000] {processor.py:161} INFO - Started process (PID=13554) to work on /home/airflow/.local/lib/python3.12/site-packages/airflow/example_dags/example_bash_decorator.py
[2024-04-09T19:17:33.550+0000] {processor.py:830} INFO - Processing file /home/airflow/.local/lib/python3.12/site-packages/airflow/example_dags/example_bash_decorator.py for tasks to queue
[2024-04-09T19:17:33.552+0000] {logging_mixin.py:188} INFO - [2024-04-09T19:17:33.552+0000] {dagbag.py:540} INFO - Filling up the DagBag from /home/airflow/.local/lib/python3.12/site-packages/airflow/example_dags/example_bash_decorator.py
[2024-04-09T19:17:33.569+0000] {processor.py:840} INFO - DAG(s) 'example_bash_decorator' retrieved from /home/airflow/.local/lib/python3.12/site-packages/airflow/example_dags/example_bash_decorator.py
[2024-04-09T19:17:33.597+0000] {logging_mixin.py:188} INFO - [2024-04-09T19:17:33.597+0000] {dag.py:3096} INFO - Sync 1 DAGs
[2024-04-09T19:17:33.612+0000] {logging_mixin.py:188} INFO - [2024-04-09T19:17:33.612+0000] {dag.py:3954} INFO - Setting next_dagrun for example_bash_decorator to None, run_after=None
[2024-04-09T19:17:33.636+0000] {processor.py:183} INFO - Processing /home/airflow/.local/lib/python3.12/site-packages/airflow/example_dags/example_bash_decorator.py took 0.094 seconds
[2024-04-09T19:18:04.534+0000] {processor.py:161} INFO - Started process (PID=13826) to work on /home/airflow/.local/lib/python3.12/site-packages/airflow/example_dags/example_bash_decorator.py
[2024-04-09T19:18:04.535+0000] {processor.py:830} INFO - Processing file /home/airflow/.local/lib/python3.12/site-packages/airflow/example_dags/example_bash_decorator.py for tasks to queue
[2024-04-09T19:18:04.537+0000] {logging_mixin.py:188} INFO - [2024-04-09T19:18:04.537+0000] {dagbag.py:540} INFO - Filling up the DagBag from /home/airflow/.local/lib/python3.12/site-packages/airflow/example_dags/example_bash_decorator.py
[2024-04-09T19:18:04.553+0000] {processor.py:840} INFO - DAG(s) 'example_bash_decorator' retrieved from /home/airflow/.local/lib/python3.12/site-packages/airflow/example_dags/example_bash_decorator.py
[2024-04-09T19:18:04.583+0000] {logging_mixin.py:188} INFO - [2024-04-09T19:18:04.583+0000] {dag.py:3096} INFO - Sync 1 DAGs
[2024-04-09T19:18:04.598+0000] {logging_mixin.py:188} INFO - [2024-04-09T19:18:04.598+0000] {dag.py:3954} INFO - Setting next_dagrun for example_bash_decorator to None, run_after=None
[2024-04-09T19:18:04.620+0000] {processor.py:183} INFO - Processing /home/airflow/.local/lib/python3.12/site-packages/airflow/example_dags/example_bash_decorator.py took 0.094 seconds
[2024-04-09T19:18:35.172+0000] {processor.py:161} INFO - Started process (PID=14098) to work on /home/airflow/.local/lib/python3.12/site-packages/airflow/example_dags/example_bash_decorator.py
[2024-04-09T19:18:35.174+0000] {processor.py:830} INFO - Processing file /home/airflow/.local/lib/python3.12/site-packages/airflow/example_dags/example_bash_decorator.py for tasks to queue
[2024-04-09T19:18:35.176+0000] {logging_mixin.py:188} INFO - [2024-04-09T19:18:35.175+0000] {dagbag.py:540} INFO - Filling up the DagBag from /home/airflow/.local/lib/python3.12/site-packages/airflow/example_dags/example_bash_decorator.py
[2024-04-09T19:18:35.194+0000] {processor.py:840} INFO - DAG(s) 'example_bash_decorator' retrieved from /home/airflow/.local/lib/python3.12/site-packages/airflow/example_dags/example_bash_decorator.py
[2024-04-09T19:18:35.224+0000] {logging_mixin.py:188} INFO - [2024-04-09T19:18:35.224+0000] {dag.py:3096} INFO - Sync 1 DAGs
[2024-04-09T19:18:35.240+0000] {logging_mixin.py:188} INFO - [2024-04-09T19:18:35.240+0000] {dag.py:3954} INFO - Setting next_dagrun for example_bash_decorator to None, run_after=None
[2024-04-09T19:18:35.267+0000] {processor.py:183} INFO - Processing /home/airflow/.local/lib/python3.12/site-packages/airflow/example_dags/example_bash_decorator.py took 0.101 seconds
[2024-04-09T19:19:05.540+0000] {processor.py:161} INFO - Started process (PID=14370) to work on /home/airflow/.local/lib/python3.12/site-packages/airflow/example_dags/example_bash_decorator.py
[2024-04-09T19:19:05.541+0000] {processor.py:830} INFO - Processing file /home/airflow/.local/lib/python3.12/site-packages/airflow/example_dags/example_bash_decorator.py for tasks to queue
[2024-04-09T19:19:05.543+0000] {logging_mixin.py:188} INFO - [2024-04-09T19:19:05.543+0000] {dagbag.py:540} INFO - Filling up the DagBag from /home/airflow/.local/lib/python3.12/site-packages/airflow/example_dags/example_bash_decorator.py
[2024-04-09T19:19:05.561+0000] {processor.py:840} INFO - DAG(s) 'example_bash_decorator' retrieved from /home/airflow/.local/lib/python3.12/site-packages/airflow/example_dags/example_bash_decorator.py
[2024-04-09T19:19:05.591+0000] {logging_mixin.py:188} INFO - [2024-04-09T19:19:05.591+0000] {dag.py:3096} INFO - Sync 1 DAGs
[2024-04-09T19:19:05.606+0000] {logging_mixin.py:188} INFO - [2024-04-09T19:19:05.606+0000] {dag.py:3954} INFO - Setting next_dagrun for example_bash_decorator to None, run_after=None
[2024-04-09T19:19:05.629+0000] {processor.py:183} INFO - Processing /home/airflow/.local/lib/python3.12/site-packages/airflow/example_dags/example_bash_decorator.py took 0.096 seconds
[2024-04-09T19:19:36.423+0000] {processor.py:161} INFO - Started process (PID=14641) to work on /home/airflow/.local/lib/python3.12/site-packages/airflow/example_dags/example_bash_decorator.py
[2024-04-09T19:19:36.424+0000] {processor.py:830} INFO - Processing file /home/airflow/.local/lib/python3.12/site-packages/airflow/example_dags/example_bash_decorator.py for tasks to queue
[2024-04-09T19:19:36.425+0000] {logging_mixin.py:188} INFO - [2024-04-09T19:19:36.425+0000] {dagbag.py:540} INFO - Filling up the DagBag from /home/airflow/.local/lib/python3.12/site-packages/airflow/example_dags/example_bash_decorator.py
[2024-04-09T19:19:36.442+0000] {processor.py:840} INFO - DAG(s) 'example_bash_decorator' retrieved from /home/airflow/.local/lib/python3.12/site-packages/airflow/example_dags/example_bash_decorator.py
[2024-04-09T19:19:36.472+0000] {logging_mixin.py:188} INFO - [2024-04-09T19:19:36.472+0000] {dag.py:3096} INFO - Sync 1 DAGs
[2024-04-09T19:19:36.488+0000] {logging_mixin.py:188} INFO - [2024-04-09T19:19:36.487+0000] {dag.py:3954} INFO - Setting next_dagrun for example_bash_decorator to None, run_after=None
[2024-04-09T19:19:36.511+0000] {processor.py:183} INFO - Processing /home/airflow/.local/lib/python3.12/site-packages/airflow/example_dags/example_bash_decorator.py took 0.094 seconds
[2024-04-09T19:20:06.721+0000] {processor.py:161} INFO - Started process (PID=14914) to work on /home/airflow/.local/lib/python3.12/site-packages/airflow/example_dags/example_bash_decorator.py
[2024-04-09T19:20:06.722+0000] {processor.py:830} INFO - Processing file /home/airflow/.local/lib/python3.12/site-packages/airflow/example_dags/example_bash_decorator.py for tasks to queue
[2024-04-09T19:20:06.724+0000] {logging_mixin.py:188} INFO - [2024-04-09T19:20:06.724+0000] {dagbag.py:540} INFO - Filling up the DagBag from /home/airflow/.local/lib/python3.12/site-packages/airflow/example_dags/example_bash_decorator.py
[2024-04-09T19:20:06.740+0000] {processor.py:840} INFO - DAG(s) 'example_bash_decorator' retrieved from /home/airflow/.local/lib/python3.12/site-packages/airflow/example_dags/example_bash_decorator.py
[2024-04-09T19:20:06.770+0000] {logging_mixin.py:188} INFO - [2024-04-09T19:20:06.769+0000] {dag.py:3096} INFO - Sync 1 DAGs
[2024-04-09T19:20:06.785+0000] {logging_mixin.py:188} INFO - [2024-04-09T19:20:06.784+0000] {dag.py:3954} INFO - Setting next_dagrun for example_bash_decorator to None, run_after=None
[2024-04-09T19:20:06.809+0000] {processor.py:183} INFO - Processing /home/airflow/.local/lib/python3.12/site-packages/airflow/example_dags/example_bash_decorator.py took 0.095 seconds
[2024-04-09T19:20:37.509+0000] {processor.py:161} INFO - Started process (PID=15187) to work on /home/airflow/.local/lib/python3.12/site-packages/airflow/example_dags/example_bash_decorator.py
[2024-04-09T19:20:37.510+0000] {processor.py:830} INFO - Processing file /home/airflow/.local/lib/python3.12/site-packages/airflow/example_dags/example_bash_decorator.py for tasks to queue
[2024-04-09T19:20:37.512+0000] {logging_mixin.py:188} INFO - [2024-04-09T19:20:37.512+0000] {dagbag.py:540} INFO - Filling up the DagBag from /home/airflow/.local/lib/python3.12/site-packages/airflow/example_dags/example_bash_decorator.py
[2024-04-09T19:20:37.529+0000] {processor.py:840} INFO - DAG(s) 'example_bash_decorator' retrieved from /home/airflow/.local/lib/python3.12/site-packages/airflow/example_dags/example_bash_decorator.py
[2024-04-09T19:20:37.560+0000] {logging_mixin.py:188} INFO - [2024-04-09T19:20:37.560+0000] {dag.py:3096} INFO - Sync 1 DAGs
[2024-04-09T19:20:37.576+0000] {logging_mixin.py:188} INFO - [2024-04-09T19:20:37.576+0000] {dag.py:3954} INFO - Setting next_dagrun for example_bash_decorator to None, run_after=None
[2024-04-09T19:20:37.602+0000] {processor.py:183} INFO - Processing /home/airflow/.local/lib/python3.12/site-packages/airflow/example_dags/example_bash_decorator.py took 0.099 seconds
[2024-04-09T19:21:08.029+0000] {processor.py:161} INFO - Started process (PID=15459) to work on /home/airflow/.local/lib/python3.12/site-packages/airflow/example_dags/example_bash_decorator.py
[2024-04-09T19:21:08.030+0000] {processor.py:830} INFO - Processing file /home/airflow/.local/lib/python3.12/site-packages/airflow/example_dags/example_bash_decorator.py for tasks to queue
[2024-04-09T19:21:08.041+0000] {logging_mixin.py:188} INFO - [2024-04-09T19:21:08.041+0000] {dagbag.py:540} INFO - Filling up the DagBag from /home/airflow/.local/lib/python3.12/site-packages/airflow/example_dags/example_bash_decorator.py
[2024-04-09T19:21:08.070+0000] {processor.py:840} INFO - DAG(s) 'example_bash_decorator' retrieved from /home/airflow/.local/lib/python3.12/site-packages/airflow/example_dags/example_bash_decorator.py
[2024-04-09T19:21:08.102+0000] {logging_mixin.py:188} INFO - [2024-04-09T19:21:08.102+0000] {dag.py:3096} INFO - Sync 1 DAGs
[2024-04-09T19:21:08.138+0000] {logging_mixin.py:188} INFO - [2024-04-09T19:21:08.137+0000] {dag.py:3954} INFO - Setting next_dagrun for example_bash_decorator to None, run_after=None
[2024-04-09T19:21:08.192+0000] {processor.py:183} INFO - Processing /home/airflow/.local/lib/python3.12/site-packages/airflow/example_dags/example_bash_decorator.py took 0.169 seconds
[2024-04-09T19:21:38.666+0000] {processor.py:161} INFO - Started process (PID=15732) to work on /home/airflow/.local/lib/python3.12/site-packages/airflow/example_dags/example_bash_decorator.py
[2024-04-09T19:21:38.667+0000] {processor.py:830} INFO - Processing file /home/airflow/.local/lib/python3.12/site-packages/airflow/example_dags/example_bash_decorator.py for tasks to queue
[2024-04-09T19:21:38.669+0000] {logging_mixin.py:188} INFO - [2024-04-09T19:21:38.669+0000] {dagbag.py:540} INFO - Filling up the DagBag from /home/airflow/.local/lib/python3.12/site-packages/airflow/example_dags/example_bash_decorator.py
[2024-04-09T19:21:38.688+0000] {processor.py:840} INFO - DAG(s) 'example_bash_decorator' retrieved from /home/airflow/.local/lib/python3.12/site-packages/airflow/example_dags/example_bash_decorator.py
[2024-04-09T19:21:38.717+0000] {logging_mixin.py:188} INFO - [2024-04-09T19:21:38.717+0000] {dag.py:3096} INFO - Sync 1 DAGs
[2024-04-09T19:21:38.733+0000] {logging_mixin.py:188} INFO - [2024-04-09T19:21:38.733+0000] {dag.py:3954} INFO - Setting next_dagrun for example_bash_decorator to None, run_after=None
[2024-04-09T19:21:38.763+0000] {processor.py:183} INFO - Processing /home/airflow/.local/lib/python3.12/site-packages/airflow/example_dags/example_bash_decorator.py took 0.103 seconds
[2024-04-09T19:22:08.981+0000] {processor.py:161} INFO - Started process (PID=16004) to work on /home/airflow/.local/lib/python3.12/site-packages/airflow/example_dags/example_bash_decorator.py
[2024-04-09T19:22:08.987+0000] {processor.py:830} INFO - Processing file /home/airflow/.local/lib/python3.12/site-packages/airflow/example_dags/example_bash_decorator.py for tasks to queue
[2024-04-09T19:22:08.989+0000] {logging_mixin.py:188} INFO - [2024-04-09T19:22:08.989+0000] {dagbag.py:540} INFO - Filling up the DagBag from /home/airflow/.local/lib/python3.12/site-packages/airflow/example_dags/example_bash_decorator.py
[2024-04-09T19:22:09.007+0000] {processor.py:840} INFO - DAG(s) 'example_bash_decorator' retrieved from /home/airflow/.local/lib/python3.12/site-packages/airflow/example_dags/example_bash_decorator.py
[2024-04-09T19:22:09.062+0000] {logging_mixin.py:188} INFO - [2024-04-09T19:22:09.062+0000] {dag.py:3096} INFO - Sync 1 DAGs
[2024-04-09T19:22:09.112+0000] {logging_mixin.py:188} INFO - [2024-04-09T19:22:09.112+0000] {dag.py:3954} INFO - Setting next_dagrun for example_bash_decorator to None, run_after=None
[2024-04-09T19:22:09.154+0000] {processor.py:183} INFO - Processing /home/airflow/.local/lib/python3.12/site-packages/airflow/example_dags/example_bash_decorator.py took 0.196 seconds
[2024-04-09T19:22:39.728+0000] {processor.py:161} INFO - Started process (PID=16276) to work on /home/airflow/.local/lib/python3.12/site-packages/airflow/example_dags/example_bash_decorator.py
[2024-04-09T19:22:39.729+0000] {processor.py:830} INFO - Processing file /home/airflow/.local/lib/python3.12/site-packages/airflow/example_dags/example_bash_decorator.py for tasks to queue
[2024-04-09T19:22:39.731+0000] {logging_mixin.py:188} INFO - [2024-04-09T19:22:39.731+0000] {dagbag.py:540} INFO - Filling up the DagBag from /home/airflow/.local/lib/python3.12/site-packages/airflow/example_dags/example_bash_decorator.py
[2024-04-09T19:22:39.749+0000] {processor.py:840} INFO - DAG(s) 'example_bash_decorator' retrieved from /home/airflow/.local/lib/python3.12/site-packages/airflow/example_dags/example_bash_decorator.py
[2024-04-09T19:22:39.778+0000] {logging_mixin.py:188} INFO - [2024-04-09T19:22:39.778+0000] {dag.py:3096} INFO - Sync 1 DAGs
[2024-04-09T19:22:39.794+0000] {logging_mixin.py:188} INFO - [2024-04-09T19:22:39.794+0000] {dag.py:3954} INFO - Setting next_dagrun for example_bash_decorator to None, run_after=None
[2024-04-09T19:22:39.821+0000] {processor.py:183} INFO - Processing /home/airflow/.local/lib/python3.12/site-packages/airflow/example_dags/example_bash_decorator.py took 0.099 seconds
[2024-04-09T19:23:10.345+0000] {processor.py:161} INFO - Started process (PID=16548) to work on /home/airflow/.local/lib/python3.12/site-packages/airflow/example_dags/example_bash_decorator.py
[2024-04-09T19:23:10.351+0000] {processor.py:830} INFO - Processing file /home/airflow/.local/lib/python3.12/site-packages/airflow/example_dags/example_bash_decorator.py for tasks to queue
[2024-04-09T19:23:10.360+0000] {logging_mixin.py:188} INFO - [2024-04-09T19:23:10.360+0000] {dagbag.py:540} INFO - Filling up the DagBag from /home/airflow/.local/lib/python3.12/site-packages/airflow/example_dags/example_bash_decorator.py
[2024-04-09T19:23:10.380+0000] {processor.py:840} INFO - DAG(s) 'example_bash_decorator' retrieved from /home/airflow/.local/lib/python3.12/site-packages/airflow/example_dags/example_bash_decorator.py
[2024-04-09T19:23:10.419+0000] {logging_mixin.py:188} INFO - [2024-04-09T19:23:10.418+0000] {dag.py:3096} INFO - Sync 1 DAGs
[2024-04-09T19:23:10.435+0000] {logging_mixin.py:188} INFO - [2024-04-09T19:23:10.435+0000] {dag.py:3954} INFO - Setting next_dagrun for example_bash_decorator to None, run_after=None
[2024-04-09T19:23:10.458+0000] {processor.py:183} INFO - Processing /home/airflow/.local/lib/python3.12/site-packages/airflow/example_dags/example_bash_decorator.py took 0.124 seconds
[2024-04-09T19:23:40.911+0000] {processor.py:161} INFO - Started process (PID=16820) to work on /home/airflow/.local/lib/python3.12/site-packages/airflow/example_dags/example_bash_decorator.py
[2024-04-09T19:23:40.912+0000] {processor.py:830} INFO - Processing file /home/airflow/.local/lib/python3.12/site-packages/airflow/example_dags/example_bash_decorator.py for tasks to queue
[2024-04-09T19:23:40.914+0000] {logging_mixin.py:188} INFO - [2024-04-09T19:23:40.914+0000] {dagbag.py:540} INFO - Filling up the DagBag from /home/airflow/.local/lib/python3.12/site-packages/airflow/example_dags/example_bash_decorator.py
[2024-04-09T19:23:40.932+0000] {processor.py:840} INFO - DAG(s) 'example_bash_decorator' retrieved from /home/airflow/.local/lib/python3.12/site-packages/airflow/example_dags/example_bash_decorator.py
[2024-04-09T19:23:40.971+0000] {logging_mixin.py:188} INFO - [2024-04-09T19:23:40.971+0000] {dag.py:3096} INFO - Sync 1 DAGs
[2024-04-09T19:23:40.988+0000] {logging_mixin.py:188} INFO - [2024-04-09T19:23:40.988+0000] {dag.py:3954} INFO - Setting next_dagrun for example_bash_decorator to None, run_after=None
[2024-04-09T19:23:41.020+0000] {processor.py:183} INFO - Processing /home/airflow/.local/lib/python3.12/site-packages/airflow/example_dags/example_bash_decorator.py took 0.117 seconds
