[2024-04-09T18:50:51.913+0000] {processor.py:161} INFO - Started process (PID=227) to work on /home/airflow/.local/lib/python3.12/site-packages/airflow/example_dags/example_task_group_decorator.py
[2024-04-09T18:50:51.914+0000] {processor.py:830} INFO - Processing file /home/airflow/.local/lib/python3.12/site-packages/airflow/example_dags/example_task_group_decorator.py for tasks to queue
[2024-04-09T18:50:51.916+0000] {logging_mixin.py:188} INFO - [2024-04-09T18:50:51.916+0000] {dagbag.py:540} INFO - Filling up the DagBag from /home/airflow/.local/lib/python3.12/site-packages/airflow/example_dags/example_task_group_decorator.py
[2024-04-09T18:50:51.971+0000] {processor.py:840} INFO - DAG(s) 'example_task_group_decorator' retrieved from /home/airflow/.local/lib/python3.12/site-packages/airflow/example_dags/example_task_group_decorator.py
[2024-04-09T18:50:52.228+0000] {logging_mixin.py:188} INFO - [2024-04-09T18:50:52.227+0000] {override.py:1829} INFO - Created Permission View: can edit on DAG:example_task_group_decorator
[2024-04-09T18:50:52.245+0000] {logging_mixin.py:188} INFO - [2024-04-09T18:50:52.244+0000] {override.py:1829} INFO - Created Permission View: can delete on DAG:example_task_group_decorator
[2024-04-09T18:50:52.265+0000] {logging_mixin.py:188} INFO - [2024-04-09T18:50:52.264+0000] {override.py:1829} INFO - Created Permission View: can read on DAG:example_task_group_decorator
[2024-04-09T18:50:52.265+0000] {logging_mixin.py:188} INFO - [2024-04-09T18:50:52.265+0000] {dag.py:3096} INFO - Sync 1 DAGs
[2024-04-09T18:50:52.282+0000] {logging_mixin.py:188} INFO - [2024-04-09T18:50:52.282+0000] {dag.py:3118} INFO - Creating ORM DAG for example_task_group_decorator
[2024-04-09T18:50:52.296+0000] {logging_mixin.py:188} INFO - [2024-04-09T18:50:52.295+0000] {dag.py:3954} INFO - Setting next_dagrun for example_task_group_decorator to 2024-04-08 00:00:00+00:00, run_after=2024-04-09 00:00:00+00:00
[2024-04-09T18:50:52.330+0000] {processor.py:183} INFO - Processing /home/airflow/.local/lib/python3.12/site-packages/airflow/example_dags/example_task_group_decorator.py took 0.426 seconds
[2024-04-09T18:51:22.634+0000] {processor.py:161} INFO - Started process (PID=489) to work on /home/airflow/.local/lib/python3.12/site-packages/airflow/example_dags/example_task_group_decorator.py
[2024-04-09T18:51:22.636+0000] {processor.py:830} INFO - Processing file /home/airflow/.local/lib/python3.12/site-packages/airflow/example_dags/example_task_group_decorator.py for tasks to queue
[2024-04-09T18:51:22.638+0000] {logging_mixin.py:188} INFO - [2024-04-09T18:51:22.638+0000] {dagbag.py:540} INFO - Filling up the DagBag from /home/airflow/.local/lib/python3.12/site-packages/airflow/example_dags/example_task_group_decorator.py
[2024-04-09T18:51:22.658+0000] {processor.py:840} INFO - DAG(s) 'example_task_group_decorator' retrieved from /home/airflow/.local/lib/python3.12/site-packages/airflow/example_dags/example_task_group_decorator.py
[2024-04-09T18:51:22.688+0000] {logging_mixin.py:188} INFO - [2024-04-09T18:51:22.688+0000] {dag.py:3096} INFO - Sync 1 DAGs
[2024-04-09T18:51:22.709+0000] {logging_mixin.py:188} INFO - [2024-04-09T18:51:22.709+0000] {dag.py:3954} INFO - Setting next_dagrun for example_task_group_decorator to 2024-04-08 00:00:00+00:00, run_after=2024-04-09 00:00:00+00:00
[2024-04-09T18:51:22.728+0000] {processor.py:183} INFO - Processing /home/airflow/.local/lib/python3.12/site-packages/airflow/example_dags/example_task_group_decorator.py took 0.101 seconds
[2024-04-09T18:52:31.709+0000] {processor.py:161} INFO - Started process (PID=228) to work on /home/airflow/.local/lib/python3.12/site-packages/airflow/example_dags/example_task_group_decorator.py
[2024-04-09T18:52:31.709+0000] {processor.py:830} INFO - Processing file /home/airflow/.local/lib/python3.12/site-packages/airflow/example_dags/example_task_group_decorator.py for tasks to queue
[2024-04-09T18:52:31.712+0000] {logging_mixin.py:188} INFO - [2024-04-09T18:52:31.712+0000] {dagbag.py:540} INFO - Filling up the DagBag from /home/airflow/.local/lib/python3.12/site-packages/airflow/example_dags/example_task_group_decorator.py
[2024-04-09T18:52:31.734+0000] {processor.py:840} INFO - DAG(s) 'example_task_group_decorator' retrieved from /home/airflow/.local/lib/python3.12/site-packages/airflow/example_dags/example_task_group_decorator.py
[2024-04-09T18:52:31.973+0000] {logging_mixin.py:188} INFO - [2024-04-09T18:52:31.972+0000] {dag.py:3096} INFO - Sync 1 DAGs
[2024-04-09T18:52:32.021+0000] {logging_mixin.py:188} INFO - [2024-04-09T18:52:32.020+0000] {dag.py:3954} INFO - Setting next_dagrun for example_task_group_decorator to 2024-04-08 00:00:00+00:00, run_after=2024-04-09 00:00:00+00:00
[2024-04-09T18:52:32.070+0000] {processor.py:183} INFO - Processing /home/airflow/.local/lib/python3.12/site-packages/airflow/example_dags/example_task_group_decorator.py took 0.368 seconds
[2024-04-09T18:53:02.159+0000] {processor.py:161} INFO - Started process (PID=491) to work on /home/airflow/.local/lib/python3.12/site-packages/airflow/example_dags/example_task_group_decorator.py
[2024-04-09T18:53:02.160+0000] {processor.py:830} INFO - Processing file /home/airflow/.local/lib/python3.12/site-packages/airflow/example_dags/example_task_group_decorator.py for tasks to queue
[2024-04-09T18:53:02.161+0000] {logging_mixin.py:188} INFO - [2024-04-09T18:53:02.161+0000] {dagbag.py:540} INFO - Filling up the DagBag from /home/airflow/.local/lib/python3.12/site-packages/airflow/example_dags/example_task_group_decorator.py
[2024-04-09T18:53:02.174+0000] {processor.py:840} INFO - DAG(s) 'example_task_group_decorator' retrieved from /home/airflow/.local/lib/python3.12/site-packages/airflow/example_dags/example_task_group_decorator.py
[2024-04-09T18:53:02.200+0000] {logging_mixin.py:188} INFO - [2024-04-09T18:53:02.199+0000] {dag.py:3096} INFO - Sync 1 DAGs
[2024-04-09T18:53:02.224+0000] {logging_mixin.py:188} INFO - [2024-04-09T18:53:02.223+0000] {dag.py:3954} INFO - Setting next_dagrun for example_task_group_decorator to 2024-04-08 00:00:00+00:00, run_after=2024-04-09 00:00:00+00:00
[2024-04-09T18:53:02.243+0000] {processor.py:183} INFO - Processing /home/airflow/.local/lib/python3.12/site-packages/airflow/example_dags/example_task_group_decorator.py took 0.088 seconds
[2024-04-09T18:53:32.584+0000] {processor.py:161} INFO - Started process (PID=753) to work on /home/airflow/.local/lib/python3.12/site-packages/airflow/example_dags/example_task_group_decorator.py
[2024-04-09T18:53:32.586+0000] {processor.py:830} INFO - Processing file /home/airflow/.local/lib/python3.12/site-packages/airflow/example_dags/example_task_group_decorator.py for tasks to queue
[2024-04-09T18:53:32.587+0000] {logging_mixin.py:188} INFO - [2024-04-09T18:53:32.587+0000] {dagbag.py:540} INFO - Filling up the DagBag from /home/airflow/.local/lib/python3.12/site-packages/airflow/example_dags/example_task_group_decorator.py
[2024-04-09T18:53:32.599+0000] {processor.py:840} INFO - DAG(s) 'example_task_group_decorator' retrieved from /home/airflow/.local/lib/python3.12/site-packages/airflow/example_dags/example_task_group_decorator.py
[2024-04-09T18:53:32.621+0000] {logging_mixin.py:188} INFO - [2024-04-09T18:53:32.621+0000] {dag.py:3096} INFO - Sync 1 DAGs
[2024-04-09T18:53:32.640+0000] {logging_mixin.py:188} INFO - [2024-04-09T18:53:32.640+0000] {dag.py:3954} INFO - Setting next_dagrun for example_task_group_decorator to 2024-04-08 00:00:00+00:00, run_after=2024-04-09 00:00:00+00:00
[2024-04-09T18:53:32.660+0000] {processor.py:183} INFO - Processing /home/airflow/.local/lib/python3.12/site-packages/airflow/example_dags/example_task_group_decorator.py took 0.080 seconds
[2024-04-09T18:54:02.758+0000] {processor.py:161} INFO - Started process (PID=1015) to work on /home/airflow/.local/lib/python3.12/site-packages/airflow/example_dags/example_task_group_decorator.py
[2024-04-09T18:54:02.759+0000] {processor.py:830} INFO - Processing file /home/airflow/.local/lib/python3.12/site-packages/airflow/example_dags/example_task_group_decorator.py for tasks to queue
[2024-04-09T18:54:02.760+0000] {logging_mixin.py:188} INFO - [2024-04-09T18:54:02.760+0000] {dagbag.py:540} INFO - Filling up the DagBag from /home/airflow/.local/lib/python3.12/site-packages/airflow/example_dags/example_task_group_decorator.py
[2024-04-09T18:54:02.774+0000] {processor.py:840} INFO - DAG(s) 'example_task_group_decorator' retrieved from /home/airflow/.local/lib/python3.12/site-packages/airflow/example_dags/example_task_group_decorator.py
[2024-04-09T18:54:02.796+0000] {logging_mixin.py:188} INFO - [2024-04-09T18:54:02.795+0000] {dag.py:3096} INFO - Sync 1 DAGs
[2024-04-09T18:54:02.813+0000] {logging_mixin.py:188} INFO - [2024-04-09T18:54:02.813+0000] {dag.py:3954} INFO - Setting next_dagrun for example_task_group_decorator to 2024-04-08 00:00:00+00:00, run_after=2024-04-09 00:00:00+00:00
[2024-04-09T18:54:02.832+0000] {processor.py:183} INFO - Processing /home/airflow/.local/lib/python3.12/site-packages/airflow/example_dags/example_task_group_decorator.py took 0.079 seconds
[2024-04-09T18:54:33.053+0000] {processor.py:161} INFO - Started process (PID=1275) to work on /home/airflow/.local/lib/python3.12/site-packages/airflow/example_dags/example_task_group_decorator.py
[2024-04-09T18:54:33.054+0000] {processor.py:830} INFO - Processing file /home/airflow/.local/lib/python3.12/site-packages/airflow/example_dags/example_task_group_decorator.py for tasks to queue
[2024-04-09T18:54:33.056+0000] {logging_mixin.py:188} INFO - [2024-04-09T18:54:33.055+0000] {dagbag.py:540} INFO - Filling up the DagBag from /home/airflow/.local/lib/python3.12/site-packages/airflow/example_dags/example_task_group_decorator.py
[2024-04-09T18:54:33.075+0000] {processor.py:840} INFO - DAG(s) 'example_task_group_decorator' retrieved from /home/airflow/.local/lib/python3.12/site-packages/airflow/example_dags/example_task_group_decorator.py
[2024-04-09T18:54:33.106+0000] {logging_mixin.py:188} INFO - [2024-04-09T18:54:33.106+0000] {dag.py:3096} INFO - Sync 1 DAGs
[2024-04-09T18:54:33.128+0000] {logging_mixin.py:188} INFO - [2024-04-09T18:54:33.128+0000] {dag.py:3954} INFO - Setting next_dagrun for example_task_group_decorator to 2024-04-08 00:00:00+00:00, run_after=2024-04-09 00:00:00+00:00
[2024-04-09T18:54:33.147+0000] {processor.py:183} INFO - Processing /home/airflow/.local/lib/python3.12/site-packages/airflow/example_dags/example_task_group_decorator.py took 0.101 seconds
[2024-04-09T18:55:03.680+0000] {processor.py:161} INFO - Started process (PID=1537) to work on /home/airflow/.local/lib/python3.12/site-packages/airflow/example_dags/example_task_group_decorator.py
[2024-04-09T18:55:03.682+0000] {processor.py:830} INFO - Processing file /home/airflow/.local/lib/python3.12/site-packages/airflow/example_dags/example_task_group_decorator.py for tasks to queue
[2024-04-09T18:55:03.684+0000] {logging_mixin.py:188} INFO - [2024-04-09T18:55:03.683+0000] {dagbag.py:540} INFO - Filling up the DagBag from /home/airflow/.local/lib/python3.12/site-packages/airflow/example_dags/example_task_group_decorator.py
[2024-04-09T18:55:03.705+0000] {processor.py:840} INFO - DAG(s) 'example_task_group_decorator' retrieved from /home/airflow/.local/lib/python3.12/site-packages/airflow/example_dags/example_task_group_decorator.py
[2024-04-09T18:55:03.738+0000] {logging_mixin.py:188} INFO - [2024-04-09T18:55:03.737+0000] {dag.py:3096} INFO - Sync 1 DAGs
[2024-04-09T18:55:03.779+0000] {logging_mixin.py:188} INFO - [2024-04-09T18:55:03.779+0000] {dag.py:3954} INFO - Setting next_dagrun for example_task_group_decorator to 2024-04-08 00:00:00+00:00, run_after=2024-04-09 00:00:00+00:00
[2024-04-09T18:55:03.800+0000] {processor.py:183} INFO - Processing /home/airflow/.local/lib/python3.12/site-packages/airflow/example_dags/example_task_group_decorator.py took 0.127 seconds
[2024-04-09T18:55:34.332+0000] {processor.py:161} INFO - Started process (PID=1799) to work on /home/airflow/.local/lib/python3.12/site-packages/airflow/example_dags/example_task_group_decorator.py
[2024-04-09T18:55:34.334+0000] {processor.py:830} INFO - Processing file /home/airflow/.local/lib/python3.12/site-packages/airflow/example_dags/example_task_group_decorator.py for tasks to queue
[2024-04-09T18:55:34.336+0000] {logging_mixin.py:188} INFO - [2024-04-09T18:55:34.336+0000] {dagbag.py:540} INFO - Filling up the DagBag from /home/airflow/.local/lib/python3.12/site-packages/airflow/example_dags/example_task_group_decorator.py
[2024-04-09T18:55:34.355+0000] {processor.py:840} INFO - DAG(s) 'example_task_group_decorator' retrieved from /home/airflow/.local/lib/python3.12/site-packages/airflow/example_dags/example_task_group_decorator.py
[2024-04-09T18:55:34.378+0000] {logging_mixin.py:188} INFO - [2024-04-09T18:55:34.378+0000] {dag.py:3096} INFO - Sync 1 DAGs
[2024-04-09T18:55:34.396+0000] {logging_mixin.py:188} INFO - [2024-04-09T18:55:34.396+0000] {dag.py:3954} INFO - Setting next_dagrun for example_task_group_decorator to 2024-04-08 00:00:00+00:00, run_after=2024-04-09 00:00:00+00:00
[2024-04-09T18:55:34.419+0000] {processor.py:183} INFO - Processing /home/airflow/.local/lib/python3.12/site-packages/airflow/example_dags/example_task_group_decorator.py took 0.094 seconds
[2024-04-09T18:56:04.764+0000] {processor.py:161} INFO - Started process (PID=2062) to work on /home/airflow/.local/lib/python3.12/site-packages/airflow/example_dags/example_task_group_decorator.py
[2024-04-09T18:56:04.765+0000] {processor.py:830} INFO - Processing file /home/airflow/.local/lib/python3.12/site-packages/airflow/example_dags/example_task_group_decorator.py for tasks to queue
[2024-04-09T18:56:04.767+0000] {logging_mixin.py:188} INFO - [2024-04-09T18:56:04.766+0000] {dagbag.py:540} INFO - Filling up the DagBag from /home/airflow/.local/lib/python3.12/site-packages/airflow/example_dags/example_task_group_decorator.py
[2024-04-09T18:56:04.786+0000] {processor.py:840} INFO - DAG(s) 'example_task_group_decorator' retrieved from /home/airflow/.local/lib/python3.12/site-packages/airflow/example_dags/example_task_group_decorator.py
[2024-04-09T18:56:04.819+0000] {logging_mixin.py:188} INFO - [2024-04-09T18:56:04.818+0000] {dag.py:3096} INFO - Sync 1 DAGs
[2024-04-09T18:56:04.843+0000] {logging_mixin.py:188} INFO - [2024-04-09T18:56:04.842+0000] {dag.py:3954} INFO - Setting next_dagrun for example_task_group_decorator to 2024-04-08 00:00:00+00:00, run_after=2024-04-09 00:00:00+00:00
[2024-04-09T18:56:04.866+0000] {processor.py:183} INFO - Processing /home/airflow/.local/lib/python3.12/site-packages/airflow/example_dags/example_task_group_decorator.py took 0.108 seconds
[2024-04-09T18:56:35.304+0000] {processor.py:161} INFO - Started process (PID=2324) to work on /home/airflow/.local/lib/python3.12/site-packages/airflow/example_dags/example_task_group_decorator.py
[2024-04-09T18:56:35.305+0000] {processor.py:830} INFO - Processing file /home/airflow/.local/lib/python3.12/site-packages/airflow/example_dags/example_task_group_decorator.py for tasks to queue
[2024-04-09T18:56:35.307+0000] {logging_mixin.py:188} INFO - [2024-04-09T18:56:35.307+0000] {dagbag.py:540} INFO - Filling up the DagBag from /home/airflow/.local/lib/python3.12/site-packages/airflow/example_dags/example_task_group_decorator.py
[2024-04-09T18:56:35.329+0000] {processor.py:840} INFO - DAG(s) 'example_task_group_decorator' retrieved from /home/airflow/.local/lib/python3.12/site-packages/airflow/example_dags/example_task_group_decorator.py
[2024-04-09T18:56:35.359+0000] {logging_mixin.py:188} INFO - [2024-04-09T18:56:35.359+0000] {dag.py:3096} INFO - Sync 1 DAGs
[2024-04-09T18:56:35.383+0000] {logging_mixin.py:188} INFO - [2024-04-09T18:56:35.383+0000] {dag.py:3954} INFO - Setting next_dagrun for example_task_group_decorator to 2024-04-08 00:00:00+00:00, run_after=2024-04-09 00:00:00+00:00
[2024-04-09T18:56:35.405+0000] {processor.py:183} INFO - Processing /home/airflow/.local/lib/python3.12/site-packages/airflow/example_dags/example_task_group_decorator.py took 0.108 seconds
[2024-04-09T18:57:06.043+0000] {processor.py:161} INFO - Started process (PID=2586) to work on /home/airflow/.local/lib/python3.12/site-packages/airflow/example_dags/example_task_group_decorator.py
[2024-04-09T18:57:06.045+0000] {processor.py:830} INFO - Processing file /home/airflow/.local/lib/python3.12/site-packages/airflow/example_dags/example_task_group_decorator.py for tasks to queue
[2024-04-09T18:57:06.050+0000] {logging_mixin.py:188} INFO - [2024-04-09T18:57:06.050+0000] {dagbag.py:540} INFO - Filling up the DagBag from /home/airflow/.local/lib/python3.12/site-packages/airflow/example_dags/example_task_group_decorator.py
[2024-04-09T18:57:06.071+0000] {processor.py:840} INFO - DAG(s) 'example_task_group_decorator' retrieved from /home/airflow/.local/lib/python3.12/site-packages/airflow/example_dags/example_task_group_decorator.py
[2024-04-09T18:57:06.134+0000] {logging_mixin.py:188} INFO - [2024-04-09T18:57:06.134+0000] {dag.py:3096} INFO - Sync 1 DAGs
[2024-04-09T18:57:06.162+0000] {logging_mixin.py:188} INFO - [2024-04-09T18:57:06.162+0000] {dag.py:3954} INFO - Setting next_dagrun for example_task_group_decorator to 2024-04-08 00:00:00+00:00, run_after=2024-04-09 00:00:00+00:00
[2024-04-09T18:57:06.188+0000] {processor.py:183} INFO - Processing /home/airflow/.local/lib/python3.12/site-packages/airflow/example_dags/example_task_group_decorator.py took 0.160 seconds
[2024-04-09T18:57:36.252+0000] {processor.py:161} INFO - Started process (PID=2858) to work on /home/airflow/.local/lib/python3.12/site-packages/airflow/example_dags/example_task_group_decorator.py
[2024-04-09T18:57:36.253+0000] {processor.py:830} INFO - Processing file /home/airflow/.local/lib/python3.12/site-packages/airflow/example_dags/example_task_group_decorator.py for tasks to queue
[2024-04-09T18:57:36.254+0000] {logging_mixin.py:188} INFO - [2024-04-09T18:57:36.254+0000] {dagbag.py:540} INFO - Filling up the DagBag from /home/airflow/.local/lib/python3.12/site-packages/airflow/example_dags/example_task_group_decorator.py
[2024-04-09T18:57:36.271+0000] {processor.py:840} INFO - DAG(s) 'example_task_group_decorator' retrieved from /home/airflow/.local/lib/python3.12/site-packages/airflow/example_dags/example_task_group_decorator.py
[2024-04-09T18:57:36.301+0000] {logging_mixin.py:188} INFO - [2024-04-09T18:57:36.301+0000] {dag.py:3096} INFO - Sync 1 DAGs
[2024-04-09T18:57:36.319+0000] {logging_mixin.py:188} INFO - [2024-04-09T18:57:36.319+0000] {dag.py:3954} INFO - Setting next_dagrun for example_task_group_decorator to 2024-04-08 00:00:00+00:00, run_after=2024-04-09 00:00:00+00:00
[2024-04-09T18:57:36.338+0000] {processor.py:183} INFO - Processing /home/airflow/.local/lib/python3.12/site-packages/airflow/example_dags/example_task_group_decorator.py took 0.093 seconds
[2024-04-09T18:58:06.709+0000] {processor.py:161} INFO - Started process (PID=3130) to work on /home/airflow/.local/lib/python3.12/site-packages/airflow/example_dags/example_task_group_decorator.py
[2024-04-09T18:58:06.710+0000] {processor.py:830} INFO - Processing file /home/airflow/.local/lib/python3.12/site-packages/airflow/example_dags/example_task_group_decorator.py for tasks to queue
[2024-04-09T18:58:06.712+0000] {logging_mixin.py:188} INFO - [2024-04-09T18:58:06.712+0000] {dagbag.py:540} INFO - Filling up the DagBag from /home/airflow/.local/lib/python3.12/site-packages/airflow/example_dags/example_task_group_decorator.py
[2024-04-09T18:58:06.729+0000] {processor.py:840} INFO - DAG(s) 'example_task_group_decorator' retrieved from /home/airflow/.local/lib/python3.12/site-packages/airflow/example_dags/example_task_group_decorator.py
[2024-04-09T18:58:06.756+0000] {logging_mixin.py:188} INFO - [2024-04-09T18:58:06.756+0000] {dag.py:3096} INFO - Sync 1 DAGs
[2024-04-09T18:58:06.775+0000] {logging_mixin.py:188} INFO - [2024-04-09T18:58:06.775+0000] {dag.py:3954} INFO - Setting next_dagrun for example_task_group_decorator to 2024-04-08 00:00:00+00:00, run_after=2024-04-09 00:00:00+00:00
[2024-04-09T18:58:06.794+0000] {processor.py:183} INFO - Processing /home/airflow/.local/lib/python3.12/site-packages/airflow/example_dags/example_task_group_decorator.py took 0.092 seconds
[2024-04-09T18:58:37.023+0000] {processor.py:161} INFO - Started process (PID=3403) to work on /home/airflow/.local/lib/python3.12/site-packages/airflow/example_dags/example_task_group_decorator.py
[2024-04-09T18:58:37.027+0000] {processor.py:830} INFO - Processing file /home/airflow/.local/lib/python3.12/site-packages/airflow/example_dags/example_task_group_decorator.py for tasks to queue
[2024-04-09T18:58:37.030+0000] {logging_mixin.py:188} INFO - [2024-04-09T18:58:37.029+0000] {dagbag.py:540} INFO - Filling up the DagBag from /home/airflow/.local/lib/python3.12/site-packages/airflow/example_dags/example_task_group_decorator.py
[2024-04-09T18:58:37.082+0000] {processor.py:840} INFO - DAG(s) 'example_task_group_decorator' retrieved from /home/airflow/.local/lib/python3.12/site-packages/airflow/example_dags/example_task_group_decorator.py
[2024-04-09T18:58:37.134+0000] {logging_mixin.py:188} INFO - [2024-04-09T18:58:37.134+0000] {dag.py:3096} INFO - Sync 1 DAGs
[2024-04-09T18:58:37.198+0000] {logging_mixin.py:188} INFO - [2024-04-09T18:58:37.198+0000] {dag.py:3954} INFO - Setting next_dagrun for example_task_group_decorator to 2024-04-08 00:00:00+00:00, run_after=2024-04-09 00:00:00+00:00
[2024-04-09T18:58:37.228+0000] {processor.py:183} INFO - Processing /home/airflow/.local/lib/python3.12/site-packages/airflow/example_dags/example_task_group_decorator.py took 0.212 seconds
[2024-04-09T18:59:08.093+0000] {processor.py:161} INFO - Started process (PID=3680) to work on /home/airflow/.local/lib/python3.12/site-packages/airflow/example_dags/example_task_group_decorator.py
[2024-04-09T18:59:08.094+0000] {processor.py:830} INFO - Processing file /home/airflow/.local/lib/python3.12/site-packages/airflow/example_dags/example_task_group_decorator.py for tasks to queue
[2024-04-09T18:59:08.096+0000] {logging_mixin.py:188} INFO - [2024-04-09T18:59:08.096+0000] {dagbag.py:540} INFO - Filling up the DagBag from /home/airflow/.local/lib/python3.12/site-packages/airflow/example_dags/example_task_group_decorator.py
[2024-04-09T18:59:08.117+0000] {processor.py:840} INFO - DAG(s) 'example_task_group_decorator' retrieved from /home/airflow/.local/lib/python3.12/site-packages/airflow/example_dags/example_task_group_decorator.py
[2024-04-09T18:59:08.154+0000] {logging_mixin.py:188} INFO - [2024-04-09T18:59:08.154+0000] {dag.py:3096} INFO - Sync 1 DAGs
[2024-04-09T18:59:08.201+0000] {logging_mixin.py:188} INFO - [2024-04-09T18:59:08.200+0000] {dag.py:3954} INFO - Setting next_dagrun for example_task_group_decorator to 2024-04-08 00:00:00+00:00, run_after=2024-04-09 00:00:00+00:00
[2024-04-09T18:59:08.239+0000] {processor.py:183} INFO - Processing /home/airflow/.local/lib/python3.12/site-packages/airflow/example_dags/example_task_group_decorator.py took 0.153 seconds
[2024-04-09T18:59:38.566+0000] {processor.py:161} INFO - Started process (PID=3949) to work on /home/airflow/.local/lib/python3.12/site-packages/airflow/example_dags/example_task_group_decorator.py
[2024-04-09T18:59:38.567+0000] {processor.py:830} INFO - Processing file /home/airflow/.local/lib/python3.12/site-packages/airflow/example_dags/example_task_group_decorator.py for tasks to queue
[2024-04-09T18:59:38.568+0000] {logging_mixin.py:188} INFO - [2024-04-09T18:59:38.568+0000] {dagbag.py:540} INFO - Filling up the DagBag from /home/airflow/.local/lib/python3.12/site-packages/airflow/example_dags/example_task_group_decorator.py
[2024-04-09T18:59:38.584+0000] {processor.py:840} INFO - DAG(s) 'example_task_group_decorator' retrieved from /home/airflow/.local/lib/python3.12/site-packages/airflow/example_dags/example_task_group_decorator.py
[2024-04-09T18:59:38.618+0000] {logging_mixin.py:188} INFO - [2024-04-09T18:59:38.618+0000] {dag.py:3096} INFO - Sync 1 DAGs
[2024-04-09T18:59:38.646+0000] {logging_mixin.py:188} INFO - [2024-04-09T18:59:38.646+0000] {dag.py:3954} INFO - Setting next_dagrun for example_task_group_decorator to 2024-04-08 00:00:00+00:00, run_after=2024-04-09 00:00:00+00:00
[2024-04-09T18:59:38.669+0000] {processor.py:183} INFO - Processing /home/airflow/.local/lib/python3.12/site-packages/airflow/example_dags/example_task_group_decorator.py took 0.108 seconds
[2024-04-09T19:00:08.849+0000] {processor.py:161} INFO - Started process (PID=4221) to work on /home/airflow/.local/lib/python3.12/site-packages/airflow/example_dags/example_task_group_decorator.py
[2024-04-09T19:00:08.850+0000] {processor.py:830} INFO - Processing file /home/airflow/.local/lib/python3.12/site-packages/airflow/example_dags/example_task_group_decorator.py for tasks to queue
[2024-04-09T19:00:08.852+0000] {logging_mixin.py:188} INFO - [2024-04-09T19:00:08.852+0000] {dagbag.py:540} INFO - Filling up the DagBag from /home/airflow/.local/lib/python3.12/site-packages/airflow/example_dags/example_task_group_decorator.py
[2024-04-09T19:00:08.865+0000] {processor.py:840} INFO - DAG(s) 'example_task_group_decorator' retrieved from /home/airflow/.local/lib/python3.12/site-packages/airflow/example_dags/example_task_group_decorator.py
[2024-04-09T19:00:08.886+0000] {logging_mixin.py:188} INFO - [2024-04-09T19:00:08.886+0000] {dag.py:3096} INFO - Sync 1 DAGs
[2024-04-09T19:00:08.905+0000] {logging_mixin.py:188} INFO - [2024-04-09T19:00:08.905+0000] {dag.py:3954} INFO - Setting next_dagrun for example_task_group_decorator to 2024-04-08 00:00:00+00:00, run_after=2024-04-09 00:00:00+00:00
[2024-04-09T19:00:08.925+0000] {processor.py:183} INFO - Processing /home/airflow/.local/lib/python3.12/site-packages/airflow/example_dags/example_task_group_decorator.py took 0.081 seconds
[2024-04-09T19:00:39.816+0000] {processor.py:161} INFO - Started process (PID=4494) to work on /home/airflow/.local/lib/python3.12/site-packages/airflow/example_dags/example_task_group_decorator.py
[2024-04-09T19:00:39.817+0000] {processor.py:830} INFO - Processing file /home/airflow/.local/lib/python3.12/site-packages/airflow/example_dags/example_task_group_decorator.py for tasks to queue
[2024-04-09T19:00:39.819+0000] {logging_mixin.py:188} INFO - [2024-04-09T19:00:39.818+0000] {dagbag.py:540} INFO - Filling up the DagBag from /home/airflow/.local/lib/python3.12/site-packages/airflow/example_dags/example_task_group_decorator.py
[2024-04-09T19:00:39.833+0000] {processor.py:840} INFO - DAG(s) 'example_task_group_decorator' retrieved from /home/airflow/.local/lib/python3.12/site-packages/airflow/example_dags/example_task_group_decorator.py
[2024-04-09T19:00:39.860+0000] {logging_mixin.py:188} INFO - [2024-04-09T19:00:39.860+0000] {dag.py:3096} INFO - Sync 1 DAGs
[2024-04-09T19:00:39.885+0000] {logging_mixin.py:188} INFO - [2024-04-09T19:00:39.884+0000] {dag.py:3954} INFO - Setting next_dagrun for example_task_group_decorator to 2024-04-08 00:00:00+00:00, run_after=2024-04-09 00:00:00+00:00
[2024-04-09T19:00:39.913+0000] {processor.py:183} INFO - Processing /home/airflow/.local/lib/python3.12/site-packages/airflow/example_dags/example_task_group_decorator.py took 0.101 seconds
[2024-04-09T19:01:10.063+0000] {processor.py:161} INFO - Started process (PID=4766) to work on /home/airflow/.local/lib/python3.12/site-packages/airflow/example_dags/example_task_group_decorator.py
[2024-04-09T19:01:10.064+0000] {processor.py:830} INFO - Processing file /home/airflow/.local/lib/python3.12/site-packages/airflow/example_dags/example_task_group_decorator.py for tasks to queue
[2024-04-09T19:01:10.065+0000] {logging_mixin.py:188} INFO - [2024-04-09T19:01:10.065+0000] {dagbag.py:540} INFO - Filling up the DagBag from /home/airflow/.local/lib/python3.12/site-packages/airflow/example_dags/example_task_group_decorator.py
[2024-04-09T19:01:10.078+0000] {processor.py:840} INFO - DAG(s) 'example_task_group_decorator' retrieved from /home/airflow/.local/lib/python3.12/site-packages/airflow/example_dags/example_task_group_decorator.py
[2024-04-09T19:01:10.099+0000] {logging_mixin.py:188} INFO - [2024-04-09T19:01:10.099+0000] {dag.py:3096} INFO - Sync 1 DAGs
[2024-04-09T19:01:10.117+0000] {logging_mixin.py:188} INFO - [2024-04-09T19:01:10.117+0000] {dag.py:3954} INFO - Setting next_dagrun for example_task_group_decorator to 2024-04-08 00:00:00+00:00, run_after=2024-04-09 00:00:00+00:00
[2024-04-09T19:01:10.138+0000] {processor.py:183} INFO - Processing /home/airflow/.local/lib/python3.12/site-packages/airflow/example_dags/example_task_group_decorator.py took 0.079 seconds
[2024-04-09T19:01:40.395+0000] {processor.py:161} INFO - Started process (PID=5038) to work on /home/airflow/.local/lib/python3.12/site-packages/airflow/example_dags/example_task_group_decorator.py
[2024-04-09T19:01:40.397+0000] {processor.py:830} INFO - Processing file /home/airflow/.local/lib/python3.12/site-packages/airflow/example_dags/example_task_group_decorator.py for tasks to queue
[2024-04-09T19:01:40.398+0000] {logging_mixin.py:188} INFO - [2024-04-09T19:01:40.398+0000] {dagbag.py:540} INFO - Filling up the DagBag from /home/airflow/.local/lib/python3.12/site-packages/airflow/example_dags/example_task_group_decorator.py
[2024-04-09T19:01:40.423+0000] {processor.py:840} INFO - DAG(s) 'example_task_group_decorator' retrieved from /home/airflow/.local/lib/python3.12/site-packages/airflow/example_dags/example_task_group_decorator.py
[2024-04-09T19:01:40.489+0000] {logging_mixin.py:188} INFO - [2024-04-09T19:01:40.488+0000] {dag.py:3096} INFO - Sync 1 DAGs
[2024-04-09T19:01:40.520+0000] {logging_mixin.py:188} INFO - [2024-04-09T19:01:40.519+0000] {dag.py:3954} INFO - Setting next_dagrun for example_task_group_decorator to 2024-04-08 00:00:00+00:00, run_after=2024-04-09 00:00:00+00:00
[2024-04-09T19:01:40.544+0000] {processor.py:183} INFO - Processing /home/airflow/.local/lib/python3.12/site-packages/airflow/example_dags/example_task_group_decorator.py took 0.156 seconds
[2024-04-09T19:02:10.832+0000] {processor.py:161} INFO - Started process (PID=5310) to work on /home/airflow/.local/lib/python3.12/site-packages/airflow/example_dags/example_task_group_decorator.py
[2024-04-09T19:02:10.833+0000] {processor.py:830} INFO - Processing file /home/airflow/.local/lib/python3.12/site-packages/airflow/example_dags/example_task_group_decorator.py for tasks to queue
[2024-04-09T19:02:10.834+0000] {logging_mixin.py:188} INFO - [2024-04-09T19:02:10.834+0000] {dagbag.py:540} INFO - Filling up the DagBag from /home/airflow/.local/lib/python3.12/site-packages/airflow/example_dags/example_task_group_decorator.py
[2024-04-09T19:02:10.846+0000] {processor.py:840} INFO - DAG(s) 'example_task_group_decorator' retrieved from /home/airflow/.local/lib/python3.12/site-packages/airflow/example_dags/example_task_group_decorator.py
[2024-04-09T19:02:10.866+0000] {logging_mixin.py:188} INFO - [2024-04-09T19:02:10.866+0000] {dag.py:3096} INFO - Sync 1 DAGs
[2024-04-09T19:02:10.884+0000] {logging_mixin.py:188} INFO - [2024-04-09T19:02:10.884+0000] {dag.py:3954} INFO - Setting next_dagrun for example_task_group_decorator to 2024-04-08 00:00:00+00:00, run_after=2024-04-09 00:00:00+00:00
[2024-04-09T19:02:10.903+0000] {processor.py:183} INFO - Processing /home/airflow/.local/lib/python3.12/site-packages/airflow/example_dags/example_task_group_decorator.py took 0.076 seconds
[2024-04-09T19:02:40.937+0000] {processor.py:161} INFO - Started process (PID=5582) to work on /home/airflow/.local/lib/python3.12/site-packages/airflow/example_dags/example_task_group_decorator.py
[2024-04-09T19:02:40.938+0000] {processor.py:830} INFO - Processing file /home/airflow/.local/lib/python3.12/site-packages/airflow/example_dags/example_task_group_decorator.py for tasks to queue
[2024-04-09T19:02:40.940+0000] {logging_mixin.py:188} INFO - [2024-04-09T19:02:40.939+0000] {dagbag.py:540} INFO - Filling up the DagBag from /home/airflow/.local/lib/python3.12/site-packages/airflow/example_dags/example_task_group_decorator.py
[2024-04-09T19:02:40.953+0000] {processor.py:840} INFO - DAG(s) 'example_task_group_decorator' retrieved from /home/airflow/.local/lib/python3.12/site-packages/airflow/example_dags/example_task_group_decorator.py
[2024-04-09T19:02:40.974+0000] {logging_mixin.py:188} INFO - [2024-04-09T19:02:40.974+0000] {dag.py:3096} INFO - Sync 1 DAGs
[2024-04-09T19:02:40.993+0000] {logging_mixin.py:188} INFO - [2024-04-09T19:02:40.992+0000] {dag.py:3954} INFO - Setting next_dagrun for example_task_group_decorator to 2024-04-08 00:00:00+00:00, run_after=2024-04-09 00:00:00+00:00
[2024-04-09T19:02:41.018+0000] {processor.py:183} INFO - Processing /home/airflow/.local/lib/python3.12/site-packages/airflow/example_dags/example_task_group_decorator.py took 0.089 seconds
[2024-04-09T19:03:11.281+0000] {processor.py:161} INFO - Started process (PID=5854) to work on /home/airflow/.local/lib/python3.12/site-packages/airflow/example_dags/example_task_group_decorator.py
[2024-04-09T19:03:11.282+0000] {processor.py:830} INFO - Processing file /home/airflow/.local/lib/python3.12/site-packages/airflow/example_dags/example_task_group_decorator.py for tasks to queue
[2024-04-09T19:03:11.283+0000] {logging_mixin.py:188} INFO - [2024-04-09T19:03:11.283+0000] {dagbag.py:540} INFO - Filling up the DagBag from /home/airflow/.local/lib/python3.12/site-packages/airflow/example_dags/example_task_group_decorator.py
[2024-04-09T19:03:11.295+0000] {processor.py:840} INFO - DAG(s) 'example_task_group_decorator' retrieved from /home/airflow/.local/lib/python3.12/site-packages/airflow/example_dags/example_task_group_decorator.py
[2024-04-09T19:03:11.316+0000] {logging_mixin.py:188} INFO - [2024-04-09T19:03:11.316+0000] {dag.py:3096} INFO - Sync 1 DAGs
[2024-04-09T19:03:11.334+0000] {logging_mixin.py:188} INFO - [2024-04-09T19:03:11.334+0000] {dag.py:3954} INFO - Setting next_dagrun for example_task_group_decorator to 2024-04-08 00:00:00+00:00, run_after=2024-04-09 00:00:00+00:00
[2024-04-09T19:03:11.353+0000] {processor.py:183} INFO - Processing /home/airflow/.local/lib/python3.12/site-packages/airflow/example_dags/example_task_group_decorator.py took 0.076 seconds
[2024-04-09T19:03:41.397+0000] {processor.py:161} INFO - Started process (PID=6127) to work on /home/airflow/.local/lib/python3.12/site-packages/airflow/example_dags/example_task_group_decorator.py
[2024-04-09T19:03:41.398+0000] {processor.py:830} INFO - Processing file /home/airflow/.local/lib/python3.12/site-packages/airflow/example_dags/example_task_group_decorator.py for tasks to queue
[2024-04-09T19:03:41.400+0000] {logging_mixin.py:188} INFO - [2024-04-09T19:03:41.400+0000] {dagbag.py:540} INFO - Filling up the DagBag from /home/airflow/.local/lib/python3.12/site-packages/airflow/example_dags/example_task_group_decorator.py
[2024-04-09T19:03:41.414+0000] {processor.py:840} INFO - DAG(s) 'example_task_group_decorator' retrieved from /home/airflow/.local/lib/python3.12/site-packages/airflow/example_dags/example_task_group_decorator.py
[2024-04-09T19:03:41.435+0000] {logging_mixin.py:188} INFO - [2024-04-09T19:03:41.435+0000] {dag.py:3096} INFO - Sync 1 DAGs
[2024-04-09T19:03:41.453+0000] {logging_mixin.py:188} INFO - [2024-04-09T19:03:41.453+0000] {dag.py:3954} INFO - Setting next_dagrun for example_task_group_decorator to 2024-04-08 00:00:00+00:00, run_after=2024-04-09 00:00:00+00:00
[2024-04-09T19:03:41.472+0000] {processor.py:183} INFO - Processing /home/airflow/.local/lib/python3.12/site-packages/airflow/example_dags/example_task_group_decorator.py took 0.081 seconds
[2024-04-09T19:04:12.208+0000] {processor.py:161} INFO - Started process (PID=6400) to work on /home/airflow/.local/lib/python3.12/site-packages/airflow/example_dags/example_task_group_decorator.py
[2024-04-09T19:04:12.209+0000] {processor.py:830} INFO - Processing file /home/airflow/.local/lib/python3.12/site-packages/airflow/example_dags/example_task_group_decorator.py for tasks to queue
[2024-04-09T19:04:12.211+0000] {logging_mixin.py:188} INFO - [2024-04-09T19:04:12.211+0000] {dagbag.py:540} INFO - Filling up the DagBag from /home/airflow/.local/lib/python3.12/site-packages/airflow/example_dags/example_task_group_decorator.py
[2024-04-09T19:04:12.223+0000] {processor.py:840} INFO - DAG(s) 'example_task_group_decorator' retrieved from /home/airflow/.local/lib/python3.12/site-packages/airflow/example_dags/example_task_group_decorator.py
[2024-04-09T19:04:12.245+0000] {logging_mixin.py:188} INFO - [2024-04-09T19:04:12.245+0000] {dag.py:3096} INFO - Sync 1 DAGs
[2024-04-09T19:04:12.265+0000] {logging_mixin.py:188} INFO - [2024-04-09T19:04:12.264+0000] {dag.py:3954} INFO - Setting next_dagrun for example_task_group_decorator to 2024-04-08 00:00:00+00:00, run_after=2024-04-09 00:00:00+00:00
[2024-04-09T19:04:12.284+0000] {processor.py:183} INFO - Processing /home/airflow/.local/lib/python3.12/site-packages/airflow/example_dags/example_task_group_decorator.py took 0.080 seconds
[2024-04-09T19:04:42.442+0000] {processor.py:161} INFO - Started process (PID=6673) to work on /home/airflow/.local/lib/python3.12/site-packages/airflow/example_dags/example_task_group_decorator.py
[2024-04-09T19:04:42.443+0000] {processor.py:830} INFO - Processing file /home/airflow/.local/lib/python3.12/site-packages/airflow/example_dags/example_task_group_decorator.py for tasks to queue
[2024-04-09T19:04:42.445+0000] {logging_mixin.py:188} INFO - [2024-04-09T19:04:42.444+0000] {dagbag.py:540} INFO - Filling up the DagBag from /home/airflow/.local/lib/python3.12/site-packages/airflow/example_dags/example_task_group_decorator.py
[2024-04-09T19:04:42.458+0000] {processor.py:840} INFO - DAG(s) 'example_task_group_decorator' retrieved from /home/airflow/.local/lib/python3.12/site-packages/airflow/example_dags/example_task_group_decorator.py
[2024-04-09T19:04:42.479+0000] {logging_mixin.py:188} INFO - [2024-04-09T19:04:42.479+0000] {dag.py:3096} INFO - Sync 1 DAGs
[2024-04-09T19:04:42.497+0000] {logging_mixin.py:188} INFO - [2024-04-09T19:04:42.496+0000] {dag.py:3954} INFO - Setting next_dagrun for example_task_group_decorator to 2024-04-08 00:00:00+00:00, run_after=2024-04-09 00:00:00+00:00
[2024-04-09T19:04:42.516+0000] {processor.py:183} INFO - Processing /home/airflow/.local/lib/python3.12/site-packages/airflow/example_dags/example_task_group_decorator.py took 0.080 seconds
[2024-04-09T19:05:13.204+0000] {processor.py:161} INFO - Started process (PID=6946) to work on /home/airflow/.local/lib/python3.12/site-packages/airflow/example_dags/example_task_group_decorator.py
[2024-04-09T19:05:13.204+0000] {processor.py:830} INFO - Processing file /home/airflow/.local/lib/python3.12/site-packages/airflow/example_dags/example_task_group_decorator.py for tasks to queue
[2024-04-09T19:05:13.206+0000] {logging_mixin.py:188} INFO - [2024-04-09T19:05:13.205+0000] {dagbag.py:540} INFO - Filling up the DagBag from /home/airflow/.local/lib/python3.12/site-packages/airflow/example_dags/example_task_group_decorator.py
[2024-04-09T19:05:13.220+0000] {processor.py:840} INFO - DAG(s) 'example_task_group_decorator' retrieved from /home/airflow/.local/lib/python3.12/site-packages/airflow/example_dags/example_task_group_decorator.py
[2024-04-09T19:05:13.243+0000] {logging_mixin.py:188} INFO - [2024-04-09T19:05:13.242+0000] {dag.py:3096} INFO - Sync 1 DAGs
[2024-04-09T19:05:13.377+0000] {logging_mixin.py:188} INFO - [2024-04-09T19:05:13.376+0000] {dag.py:3954} INFO - Setting next_dagrun for example_task_group_decorator to 2024-04-08 00:00:00+00:00, run_after=2024-04-09 00:00:00+00:00
[2024-04-09T19:05:13.395+0000] {processor.py:183} INFO - Processing /home/airflow/.local/lib/python3.12/site-packages/airflow/example_dags/example_task_group_decorator.py took 0.196 seconds
[2024-04-09T19:05:44.340+0000] {processor.py:161} INFO - Started process (PID=7218) to work on /home/airflow/.local/lib/python3.12/site-packages/airflow/example_dags/example_task_group_decorator.py
[2024-04-09T19:05:44.341+0000] {processor.py:830} INFO - Processing file /home/airflow/.local/lib/python3.12/site-packages/airflow/example_dags/example_task_group_decorator.py for tasks to queue
[2024-04-09T19:05:44.343+0000] {logging_mixin.py:188} INFO - [2024-04-09T19:05:44.342+0000] {dagbag.py:540} INFO - Filling up the DagBag from /home/airflow/.local/lib/python3.12/site-packages/airflow/example_dags/example_task_group_decorator.py
[2024-04-09T19:05:44.355+0000] {processor.py:840} INFO - DAG(s) 'example_task_group_decorator' retrieved from /home/airflow/.local/lib/python3.12/site-packages/airflow/example_dags/example_task_group_decorator.py
[2024-04-09T19:05:44.376+0000] {logging_mixin.py:188} INFO - [2024-04-09T19:05:44.376+0000] {dag.py:3096} INFO - Sync 1 DAGs
[2024-04-09T19:05:44.394+0000] {logging_mixin.py:188} INFO - [2024-04-09T19:05:44.394+0000] {dag.py:3954} INFO - Setting next_dagrun for example_task_group_decorator to 2024-04-08 00:00:00+00:00, run_after=2024-04-09 00:00:00+00:00
[2024-04-09T19:05:44.414+0000] {processor.py:183} INFO - Processing /home/airflow/.local/lib/python3.12/site-packages/airflow/example_dags/example_task_group_decorator.py took 0.078 seconds
[2024-04-09T19:06:15.053+0000] {processor.py:161} INFO - Started process (PID=7490) to work on /home/airflow/.local/lib/python3.12/site-packages/airflow/example_dags/example_task_group_decorator.py
[2024-04-09T19:06:15.054+0000] {processor.py:830} INFO - Processing file /home/airflow/.local/lib/python3.12/site-packages/airflow/example_dags/example_task_group_decorator.py for tasks to queue
[2024-04-09T19:06:15.056+0000] {logging_mixin.py:188} INFO - [2024-04-09T19:06:15.056+0000] {dagbag.py:540} INFO - Filling up the DagBag from /home/airflow/.local/lib/python3.12/site-packages/airflow/example_dags/example_task_group_decorator.py
[2024-04-09T19:06:15.076+0000] {processor.py:840} INFO - DAG(s) 'example_task_group_decorator' retrieved from /home/airflow/.local/lib/python3.12/site-packages/airflow/example_dags/example_task_group_decorator.py
[2024-04-09T19:06:15.106+0000] {logging_mixin.py:188} INFO - [2024-04-09T19:06:15.105+0000] {dag.py:3096} INFO - Sync 1 DAGs
[2024-04-09T19:06:15.124+0000] {logging_mixin.py:188} INFO - [2024-04-09T19:06:15.124+0000] {dag.py:3954} INFO - Setting next_dagrun for example_task_group_decorator to 2024-04-08 00:00:00+00:00, run_after=2024-04-09 00:00:00+00:00
[2024-04-09T19:06:15.144+0000] {processor.py:183} INFO - Processing /home/airflow/.local/lib/python3.12/site-packages/airflow/example_dags/example_task_group_decorator.py took 0.098 seconds
[2024-04-09T19:06:45.209+0000] {processor.py:161} INFO - Started process (PID=7763) to work on /home/airflow/.local/lib/python3.12/site-packages/airflow/example_dags/example_task_group_decorator.py
[2024-04-09T19:06:45.210+0000] {processor.py:830} INFO - Processing file /home/airflow/.local/lib/python3.12/site-packages/airflow/example_dags/example_task_group_decorator.py for tasks to queue
[2024-04-09T19:06:45.212+0000] {logging_mixin.py:188} INFO - [2024-04-09T19:06:45.211+0000] {dagbag.py:540} INFO - Filling up the DagBag from /home/airflow/.local/lib/python3.12/site-packages/airflow/example_dags/example_task_group_decorator.py
[2024-04-09T19:06:45.224+0000] {processor.py:840} INFO - DAG(s) 'example_task_group_decorator' retrieved from /home/airflow/.local/lib/python3.12/site-packages/airflow/example_dags/example_task_group_decorator.py
[2024-04-09T19:06:45.247+0000] {logging_mixin.py:188} INFO - [2024-04-09T19:06:45.246+0000] {dag.py:3096} INFO - Sync 1 DAGs
[2024-04-09T19:06:45.264+0000] {logging_mixin.py:188} INFO - [2024-04-09T19:06:45.264+0000] {dag.py:3954} INFO - Setting next_dagrun for example_task_group_decorator to 2024-04-08 00:00:00+00:00, run_after=2024-04-09 00:00:00+00:00
[2024-04-09T19:06:45.285+0000] {processor.py:183} INFO - Processing /home/airflow/.local/lib/python3.12/site-packages/airflow/example_dags/example_task_group_decorator.py took 0.080 seconds
[2024-04-09T19:07:16.243+0000] {processor.py:161} INFO - Started process (PID=8034) to work on /home/airflow/.local/lib/python3.12/site-packages/airflow/example_dags/example_task_group_decorator.py
[2024-04-09T19:07:16.244+0000] {processor.py:830} INFO - Processing file /home/airflow/.local/lib/python3.12/site-packages/airflow/example_dags/example_task_group_decorator.py for tasks to queue
[2024-04-09T19:07:16.245+0000] {logging_mixin.py:188} INFO - [2024-04-09T19:07:16.245+0000] {dagbag.py:540} INFO - Filling up the DagBag from /home/airflow/.local/lib/python3.12/site-packages/airflow/example_dags/example_task_group_decorator.py
[2024-04-09T19:07:16.257+0000] {processor.py:840} INFO - DAG(s) 'example_task_group_decorator' retrieved from /home/airflow/.local/lib/python3.12/site-packages/airflow/example_dags/example_task_group_decorator.py
[2024-04-09T19:07:16.279+0000] {logging_mixin.py:188} INFO - [2024-04-09T19:07:16.279+0000] {dag.py:3096} INFO - Sync 1 DAGs
[2024-04-09T19:07:16.297+0000] {logging_mixin.py:188} INFO - [2024-04-09T19:07:16.297+0000] {dag.py:3954} INFO - Setting next_dagrun for example_task_group_decorator to 2024-04-08 00:00:00+00:00, run_after=2024-04-09 00:00:00+00:00
[2024-04-09T19:07:16.315+0000] {processor.py:183} INFO - Processing /home/airflow/.local/lib/python3.12/site-packages/airflow/example_dags/example_task_group_decorator.py took 0.077 seconds
[2024-04-09T19:07:46.673+0000] {processor.py:161} INFO - Started process (PID=8306) to work on /home/airflow/.local/lib/python3.12/site-packages/airflow/example_dags/example_task_group_decorator.py
[2024-04-09T19:07:46.674+0000] {processor.py:830} INFO - Processing file /home/airflow/.local/lib/python3.12/site-packages/airflow/example_dags/example_task_group_decorator.py for tasks to queue
[2024-04-09T19:07:46.676+0000] {logging_mixin.py:188} INFO - [2024-04-09T19:07:46.676+0000] {dagbag.py:540} INFO - Filling up the DagBag from /home/airflow/.local/lib/python3.12/site-packages/airflow/example_dags/example_task_group_decorator.py
[2024-04-09T19:07:46.688+0000] {processor.py:840} INFO - DAG(s) 'example_task_group_decorator' retrieved from /home/airflow/.local/lib/python3.12/site-packages/airflow/example_dags/example_task_group_decorator.py
[2024-04-09T19:07:46.710+0000] {logging_mixin.py:188} INFO - [2024-04-09T19:07:46.709+0000] {dag.py:3096} INFO - Sync 1 DAGs
[2024-04-09T19:07:46.727+0000] {logging_mixin.py:188} INFO - [2024-04-09T19:07:46.727+0000] {dag.py:3954} INFO - Setting next_dagrun for example_task_group_decorator to 2024-04-08 00:00:00+00:00, run_after=2024-04-09 00:00:00+00:00
[2024-04-09T19:07:46.745+0000] {processor.py:183} INFO - Processing /home/airflow/.local/lib/python3.12/site-packages/airflow/example_dags/example_task_group_decorator.py took 0.076 seconds
[2024-04-09T19:08:17.673+0000] {processor.py:161} INFO - Started process (PID=8578) to work on /home/airflow/.local/lib/python3.12/site-packages/airflow/example_dags/example_task_group_decorator.py
[2024-04-09T19:08:17.674+0000] {processor.py:830} INFO - Processing file /home/airflow/.local/lib/python3.12/site-packages/airflow/example_dags/example_task_group_decorator.py for tasks to queue
[2024-04-09T19:08:17.675+0000] {logging_mixin.py:188} INFO - [2024-04-09T19:08:17.675+0000] {dagbag.py:540} INFO - Filling up the DagBag from /home/airflow/.local/lib/python3.12/site-packages/airflow/example_dags/example_task_group_decorator.py
[2024-04-09T19:08:17.688+0000] {processor.py:840} INFO - DAG(s) 'example_task_group_decorator' retrieved from /home/airflow/.local/lib/python3.12/site-packages/airflow/example_dags/example_task_group_decorator.py
[2024-04-09T19:08:17.726+0000] {logging_mixin.py:188} INFO - [2024-04-09T19:08:17.726+0000] {dag.py:3096} INFO - Sync 1 DAGs
[2024-04-09T19:08:17.764+0000] {logging_mixin.py:188} INFO - [2024-04-09T19:08:17.764+0000] {dag.py:3954} INFO - Setting next_dagrun for example_task_group_decorator to 2024-04-08 00:00:00+00:00, run_after=2024-04-09 00:00:00+00:00
[2024-04-09T19:08:17.795+0000] {processor.py:183} INFO - Processing /home/airflow/.local/lib/python3.12/site-packages/airflow/example_dags/example_task_group_decorator.py took 0.126 seconds
[2024-04-09T19:08:47.937+0000] {processor.py:161} INFO - Started process (PID=8850) to work on /home/airflow/.local/lib/python3.12/site-packages/airflow/example_dags/example_task_group_decorator.py
[2024-04-09T19:08:47.938+0000] {processor.py:830} INFO - Processing file /home/airflow/.local/lib/python3.12/site-packages/airflow/example_dags/example_task_group_decorator.py for tasks to queue
[2024-04-09T19:08:47.940+0000] {logging_mixin.py:188} INFO - [2024-04-09T19:08:47.939+0000] {dagbag.py:540} INFO - Filling up the DagBag from /home/airflow/.local/lib/python3.12/site-packages/airflow/example_dags/example_task_group_decorator.py
[2024-04-09T19:08:47.952+0000] {processor.py:840} INFO - DAG(s) 'example_task_group_decorator' retrieved from /home/airflow/.local/lib/python3.12/site-packages/airflow/example_dags/example_task_group_decorator.py
[2024-04-09T19:08:47.980+0000] {logging_mixin.py:188} INFO - [2024-04-09T19:08:47.980+0000] {dag.py:3096} INFO - Sync 1 DAGs
[2024-04-09T19:08:48.001+0000] {logging_mixin.py:188} INFO - [2024-04-09T19:08:48.001+0000] {dag.py:3954} INFO - Setting next_dagrun for example_task_group_decorator to 2024-04-08 00:00:00+00:00, run_after=2024-04-09 00:00:00+00:00
[2024-04-09T19:08:48.020+0000] {processor.py:183} INFO - Processing /home/airflow/.local/lib/python3.12/site-packages/airflow/example_dags/example_task_group_decorator.py took 0.087 seconds
[2024-04-09T19:09:18.670+0000] {processor.py:161} INFO - Started process (PID=9123) to work on /home/airflow/.local/lib/python3.12/site-packages/airflow/example_dags/example_task_group_decorator.py
[2024-04-09T19:09:18.670+0000] {processor.py:830} INFO - Processing file /home/airflow/.local/lib/python3.12/site-packages/airflow/example_dags/example_task_group_decorator.py for tasks to queue
[2024-04-09T19:09:18.672+0000] {logging_mixin.py:188} INFO - [2024-04-09T19:09:18.672+0000] {dagbag.py:540} INFO - Filling up the DagBag from /home/airflow/.local/lib/python3.12/site-packages/airflow/example_dags/example_task_group_decorator.py
[2024-04-09T19:09:18.685+0000] {processor.py:840} INFO - DAG(s) 'example_task_group_decorator' retrieved from /home/airflow/.local/lib/python3.12/site-packages/airflow/example_dags/example_task_group_decorator.py
[2024-04-09T19:09:18.707+0000] {logging_mixin.py:188} INFO - [2024-04-09T19:09:18.707+0000] {dag.py:3096} INFO - Sync 1 DAGs
[2024-04-09T19:09:18.725+0000] {logging_mixin.py:188} INFO - [2024-04-09T19:09:18.725+0000] {dag.py:3954} INFO - Setting next_dagrun for example_task_group_decorator to 2024-04-08 00:00:00+00:00, run_after=2024-04-09 00:00:00+00:00
[2024-04-09T19:09:18.743+0000] {processor.py:183} INFO - Processing /home/airflow/.local/lib/python3.12/site-packages/airflow/example_dags/example_task_group_decorator.py took 0.078 seconds
[2024-04-09T19:09:49.292+0000] {processor.py:161} INFO - Started process (PID=9395) to work on /home/airflow/.local/lib/python3.12/site-packages/airflow/example_dags/example_task_group_decorator.py
[2024-04-09T19:09:49.293+0000] {processor.py:830} INFO - Processing file /home/airflow/.local/lib/python3.12/site-packages/airflow/example_dags/example_task_group_decorator.py for tasks to queue
[2024-04-09T19:09:49.294+0000] {logging_mixin.py:188} INFO - [2024-04-09T19:09:49.294+0000] {dagbag.py:540} INFO - Filling up the DagBag from /home/airflow/.local/lib/python3.12/site-packages/airflow/example_dags/example_task_group_decorator.py
[2024-04-09T19:09:49.307+0000] {processor.py:840} INFO - DAG(s) 'example_task_group_decorator' retrieved from /home/airflow/.local/lib/python3.12/site-packages/airflow/example_dags/example_task_group_decorator.py
[2024-04-09T19:09:49.328+0000] {logging_mixin.py:188} INFO - [2024-04-09T19:09:49.328+0000] {dag.py:3096} INFO - Sync 1 DAGs
[2024-04-09T19:09:49.347+0000] {logging_mixin.py:188} INFO - [2024-04-09T19:09:49.347+0000] {dag.py:3954} INFO - Setting next_dagrun for example_task_group_decorator to 2024-04-08 00:00:00+00:00, run_after=2024-04-09 00:00:00+00:00
[2024-04-09T19:09:49.366+0000] {processor.py:183} INFO - Processing /home/airflow/.local/lib/python3.12/site-packages/airflow/example_dags/example_task_group_decorator.py took 0.079 seconds
[2024-04-09T19:10:19.591+0000] {processor.py:161} INFO - Started process (PID=9668) to work on /home/airflow/.local/lib/python3.12/site-packages/airflow/example_dags/example_task_group_decorator.py
[2024-04-09T19:10:19.592+0000] {processor.py:830} INFO - Processing file /home/airflow/.local/lib/python3.12/site-packages/airflow/example_dags/example_task_group_decorator.py for tasks to queue
[2024-04-09T19:10:19.594+0000] {logging_mixin.py:188} INFO - [2024-04-09T19:10:19.593+0000] {dagbag.py:540} INFO - Filling up the DagBag from /home/airflow/.local/lib/python3.12/site-packages/airflow/example_dags/example_task_group_decorator.py
[2024-04-09T19:10:19.606+0000] {processor.py:840} INFO - DAG(s) 'example_task_group_decorator' retrieved from /home/airflow/.local/lib/python3.12/site-packages/airflow/example_dags/example_task_group_decorator.py
[2024-04-09T19:10:19.627+0000] {logging_mixin.py:188} INFO - [2024-04-09T19:10:19.627+0000] {dag.py:3096} INFO - Sync 1 DAGs
[2024-04-09T19:10:19.645+0000] {logging_mixin.py:188} INFO - [2024-04-09T19:10:19.645+0000] {dag.py:3954} INFO - Setting next_dagrun for example_task_group_decorator to 2024-04-08 00:00:00+00:00, run_after=2024-04-09 00:00:00+00:00
[2024-04-09T19:10:19.665+0000] {processor.py:183} INFO - Processing /home/airflow/.local/lib/python3.12/site-packages/airflow/example_dags/example_task_group_decorator.py took 0.079 seconds
[2024-04-09T19:10:49.750+0000] {processor.py:161} INFO - Started process (PID=9941) to work on /home/airflow/.local/lib/python3.12/site-packages/airflow/example_dags/example_task_group_decorator.py
[2024-04-09T19:10:49.751+0000] {processor.py:830} INFO - Processing file /home/airflow/.local/lib/python3.12/site-packages/airflow/example_dags/example_task_group_decorator.py for tasks to queue
[2024-04-09T19:10:49.753+0000] {logging_mixin.py:188} INFO - [2024-04-09T19:10:49.753+0000] {dagbag.py:540} INFO - Filling up the DagBag from /home/airflow/.local/lib/python3.12/site-packages/airflow/example_dags/example_task_group_decorator.py
[2024-04-09T19:10:49.765+0000] {processor.py:840} INFO - DAG(s) 'example_task_group_decorator' retrieved from /home/airflow/.local/lib/python3.12/site-packages/airflow/example_dags/example_task_group_decorator.py
[2024-04-09T19:10:49.787+0000] {logging_mixin.py:188} INFO - [2024-04-09T19:10:49.787+0000] {dag.py:3096} INFO - Sync 1 DAGs
[2024-04-09T19:10:49.805+0000] {logging_mixin.py:188} INFO - [2024-04-09T19:10:49.804+0000] {dag.py:3954} INFO - Setting next_dagrun for example_task_group_decorator to 2024-04-08 00:00:00+00:00, run_after=2024-04-09 00:00:00+00:00
[2024-04-09T19:10:49.824+0000] {processor.py:183} INFO - Processing /home/airflow/.local/lib/python3.12/site-packages/airflow/example_dags/example_task_group_decorator.py took 0.078 seconds
[2024-04-09T19:11:20.187+0000] {processor.py:161} INFO - Started process (PID=10213) to work on /home/airflow/.local/lib/python3.12/site-packages/airflow/example_dags/example_task_group_decorator.py
[2024-04-09T19:11:20.187+0000] {processor.py:830} INFO - Processing file /home/airflow/.local/lib/python3.12/site-packages/airflow/example_dags/example_task_group_decorator.py for tasks to queue
[2024-04-09T19:11:20.189+0000] {logging_mixin.py:188} INFO - [2024-04-09T19:11:20.189+0000] {dagbag.py:540} INFO - Filling up the DagBag from /home/airflow/.local/lib/python3.12/site-packages/airflow/example_dags/example_task_group_decorator.py
[2024-04-09T19:11:20.202+0000] {processor.py:840} INFO - DAG(s) 'example_task_group_decorator' retrieved from /home/airflow/.local/lib/python3.12/site-packages/airflow/example_dags/example_task_group_decorator.py
[2024-04-09T19:11:20.222+0000] {logging_mixin.py:188} INFO - [2024-04-09T19:11:20.222+0000] {dag.py:3096} INFO - Sync 1 DAGs
[2024-04-09T19:11:20.240+0000] {logging_mixin.py:188} INFO - [2024-04-09T19:11:20.240+0000] {dag.py:3954} INFO - Setting next_dagrun for example_task_group_decorator to 2024-04-08 00:00:00+00:00, run_after=2024-04-09 00:00:00+00:00
[2024-04-09T19:11:20.262+0000] {processor.py:183} INFO - Processing /home/airflow/.local/lib/python3.12/site-packages/airflow/example_dags/example_task_group_decorator.py took 0.081 seconds
[2024-04-09T19:11:50.963+0000] {processor.py:161} INFO - Started process (PID=10486) to work on /home/airflow/.local/lib/python3.12/site-packages/airflow/example_dags/example_task_group_decorator.py
[2024-04-09T19:11:50.964+0000] {processor.py:830} INFO - Processing file /home/airflow/.local/lib/python3.12/site-packages/airflow/example_dags/example_task_group_decorator.py for tasks to queue
[2024-04-09T19:11:50.965+0000] {logging_mixin.py:188} INFO - [2024-04-09T19:11:50.965+0000] {dagbag.py:540} INFO - Filling up the DagBag from /home/airflow/.local/lib/python3.12/site-packages/airflow/example_dags/example_task_group_decorator.py
[2024-04-09T19:11:50.977+0000] {processor.py:840} INFO - DAG(s) 'example_task_group_decorator' retrieved from /home/airflow/.local/lib/python3.12/site-packages/airflow/example_dags/example_task_group_decorator.py
[2024-04-09T19:11:51.001+0000] {logging_mixin.py:188} INFO - [2024-04-09T19:11:51.001+0000] {dag.py:3096} INFO - Sync 1 DAGs
[2024-04-09T19:11:51.019+0000] {logging_mixin.py:188} INFO - [2024-04-09T19:11:51.019+0000] {dag.py:3954} INFO - Setting next_dagrun for example_task_group_decorator to 2024-04-08 00:00:00+00:00, run_after=2024-04-09 00:00:00+00:00
[2024-04-09T19:11:51.038+0000] {processor.py:183} INFO - Processing /home/airflow/.local/lib/python3.12/site-packages/airflow/example_dags/example_task_group_decorator.py took 0.080 seconds
[2024-04-09T19:12:21.638+0000] {processor.py:161} INFO - Started process (PID=10758) to work on /home/airflow/.local/lib/python3.12/site-packages/airflow/example_dags/example_task_group_decorator.py
[2024-04-09T19:12:21.639+0000] {processor.py:830} INFO - Processing file /home/airflow/.local/lib/python3.12/site-packages/airflow/example_dags/example_task_group_decorator.py for tasks to queue
[2024-04-09T19:12:21.641+0000] {logging_mixin.py:188} INFO - [2024-04-09T19:12:21.640+0000] {dagbag.py:540} INFO - Filling up the DagBag from /home/airflow/.local/lib/python3.12/site-packages/airflow/example_dags/example_task_group_decorator.py
[2024-04-09T19:12:21.654+0000] {processor.py:840} INFO - DAG(s) 'example_task_group_decorator' retrieved from /home/airflow/.local/lib/python3.12/site-packages/airflow/example_dags/example_task_group_decorator.py
[2024-04-09T19:12:21.679+0000] {logging_mixin.py:188} INFO - [2024-04-09T19:12:21.678+0000] {dag.py:3096} INFO - Sync 1 DAGs
[2024-04-09T19:12:21.699+0000] {logging_mixin.py:188} INFO - [2024-04-09T19:12:21.699+0000] {dag.py:3954} INFO - Setting next_dagrun for example_task_group_decorator to 2024-04-08 00:00:00+00:00, run_after=2024-04-09 00:00:00+00:00
[2024-04-09T19:12:21.721+0000] {processor.py:183} INFO - Processing /home/airflow/.local/lib/python3.12/site-packages/airflow/example_dags/example_task_group_decorator.py took 0.088 seconds
[2024-04-09T19:12:52.386+0000] {processor.py:161} INFO - Started process (PID=11031) to work on /home/airflow/.local/lib/python3.12/site-packages/airflow/example_dags/example_task_group_decorator.py
[2024-04-09T19:12:52.387+0000] {processor.py:830} INFO - Processing file /home/airflow/.local/lib/python3.12/site-packages/airflow/example_dags/example_task_group_decorator.py for tasks to queue
[2024-04-09T19:12:52.389+0000] {logging_mixin.py:188} INFO - [2024-04-09T19:12:52.389+0000] {dagbag.py:540} INFO - Filling up the DagBag from /home/airflow/.local/lib/python3.12/site-packages/airflow/example_dags/example_task_group_decorator.py
[2024-04-09T19:12:52.401+0000] {processor.py:840} INFO - DAG(s) 'example_task_group_decorator' retrieved from /home/airflow/.local/lib/python3.12/site-packages/airflow/example_dags/example_task_group_decorator.py
[2024-04-09T19:12:52.423+0000] {logging_mixin.py:188} INFO - [2024-04-09T19:12:52.423+0000] {dag.py:3096} INFO - Sync 1 DAGs
[2024-04-09T19:12:52.441+0000] {logging_mixin.py:188} INFO - [2024-04-09T19:12:52.440+0000] {dag.py:3954} INFO - Setting next_dagrun for example_task_group_decorator to 2024-04-08 00:00:00+00:00, run_after=2024-04-09 00:00:00+00:00
[2024-04-09T19:12:52.460+0000] {processor.py:183} INFO - Processing /home/airflow/.local/lib/python3.12/site-packages/airflow/example_dags/example_task_group_decorator.py took 0.079 seconds
[2024-04-09T19:13:22.516+0000] {processor.py:161} INFO - Started process (PID=11303) to work on /home/airflow/.local/lib/python3.12/site-packages/airflow/example_dags/example_task_group_decorator.py
[2024-04-09T19:13:22.517+0000] {processor.py:830} INFO - Processing file /home/airflow/.local/lib/python3.12/site-packages/airflow/example_dags/example_task_group_decorator.py for tasks to queue
[2024-04-09T19:13:22.518+0000] {logging_mixin.py:188} INFO - [2024-04-09T19:13:22.518+0000] {dagbag.py:540} INFO - Filling up the DagBag from /home/airflow/.local/lib/python3.12/site-packages/airflow/example_dags/example_task_group_decorator.py
[2024-04-09T19:13:22.531+0000] {processor.py:840} INFO - DAG(s) 'example_task_group_decorator' retrieved from /home/airflow/.local/lib/python3.12/site-packages/airflow/example_dags/example_task_group_decorator.py
[2024-04-09T19:13:22.553+0000] {logging_mixin.py:188} INFO - [2024-04-09T19:13:22.553+0000] {dag.py:3096} INFO - Sync 1 DAGs
[2024-04-09T19:13:22.571+0000] {logging_mixin.py:188} INFO - [2024-04-09T19:13:22.571+0000] {dag.py:3954} INFO - Setting next_dagrun for example_task_group_decorator to 2024-04-08 00:00:00+00:00, run_after=2024-04-09 00:00:00+00:00
[2024-04-09T19:13:22.590+0000] {processor.py:183} INFO - Processing /home/airflow/.local/lib/python3.12/site-packages/airflow/example_dags/example_task_group_decorator.py took 0.079 seconds
[2024-04-09T19:13:52.689+0000] {processor.py:161} INFO - Started process (PID=11574) to work on /home/airflow/.local/lib/python3.12/site-packages/airflow/example_dags/example_task_group_decorator.py
[2024-04-09T19:13:52.690+0000] {processor.py:830} INFO - Processing file /home/airflow/.local/lib/python3.12/site-packages/airflow/example_dags/example_task_group_decorator.py for tasks to queue
[2024-04-09T19:13:52.692+0000] {logging_mixin.py:188} INFO - [2024-04-09T19:13:52.692+0000] {dagbag.py:540} INFO - Filling up the DagBag from /home/airflow/.local/lib/python3.12/site-packages/airflow/example_dags/example_task_group_decorator.py
[2024-04-09T19:13:52.713+0000] {processor.py:840} INFO - DAG(s) 'example_task_group_decorator' retrieved from /home/airflow/.local/lib/python3.12/site-packages/airflow/example_dags/example_task_group_decorator.py
[2024-04-09T19:13:52.748+0000] {logging_mixin.py:188} INFO - [2024-04-09T19:13:52.748+0000] {dag.py:3096} INFO - Sync 1 DAGs
[2024-04-09T19:13:52.776+0000] {logging_mixin.py:188} INFO - [2024-04-09T19:13:52.776+0000] {dag.py:3954} INFO - Setting next_dagrun for example_task_group_decorator to 2024-04-08 00:00:00+00:00, run_after=2024-04-09 00:00:00+00:00
[2024-04-09T19:13:52.812+0000] {processor.py:183} INFO - Processing /home/airflow/.local/lib/python3.12/site-packages/airflow/example_dags/example_task_group_decorator.py took 0.131 seconds
[2024-04-09T19:14:23.563+0000] {processor.py:161} INFO - Started process (PID=11840) to work on /home/airflow/.local/lib/python3.12/site-packages/airflow/example_dags/example_task_group_decorator.py
[2024-04-09T19:14:23.565+0000] {processor.py:830} INFO - Processing file /home/airflow/.local/lib/python3.12/site-packages/airflow/example_dags/example_task_group_decorator.py for tasks to queue
[2024-04-09T19:14:23.567+0000] {logging_mixin.py:188} INFO - [2024-04-09T19:14:23.567+0000] {dagbag.py:540} INFO - Filling up the DagBag from /home/airflow/.local/lib/python3.12/site-packages/airflow/example_dags/example_task_group_decorator.py
[2024-04-09T19:14:23.588+0000] {processor.py:840} INFO - DAG(s) 'example_task_group_decorator' retrieved from /home/airflow/.local/lib/python3.12/site-packages/airflow/example_dags/example_task_group_decorator.py
[2024-04-09T19:14:23.623+0000] {logging_mixin.py:188} INFO - [2024-04-09T19:14:23.622+0000] {dag.py:3096} INFO - Sync 1 DAGs
[2024-04-09T19:14:23.655+0000] {logging_mixin.py:188} INFO - [2024-04-09T19:14:23.655+0000] {dag.py:3954} INFO - Setting next_dagrun for example_task_group_decorator to 2024-04-08 00:00:00+00:00, run_after=2024-04-09 00:00:00+00:00
[2024-04-09T19:14:23.682+0000] {processor.py:183} INFO - Processing /home/airflow/.local/lib/python3.12/site-packages/airflow/example_dags/example_task_group_decorator.py took 0.126 seconds
[2024-04-09T19:14:53.869+0000] {processor.py:161} INFO - Started process (PID=12116) to work on /home/airflow/.local/lib/python3.12/site-packages/airflow/example_dags/example_task_group_decorator.py
[2024-04-09T19:14:53.871+0000] {processor.py:830} INFO - Processing file /home/airflow/.local/lib/python3.12/site-packages/airflow/example_dags/example_task_group_decorator.py for tasks to queue
[2024-04-09T19:14:53.872+0000] {logging_mixin.py:188} INFO - [2024-04-09T19:14:53.872+0000] {dagbag.py:540} INFO - Filling up the DagBag from /home/airflow/.local/lib/python3.12/site-packages/airflow/example_dags/example_task_group_decorator.py
[2024-04-09T19:14:53.885+0000] {processor.py:840} INFO - DAG(s) 'example_task_group_decorator' retrieved from /home/airflow/.local/lib/python3.12/site-packages/airflow/example_dags/example_task_group_decorator.py
[2024-04-09T19:14:53.906+0000] {logging_mixin.py:188} INFO - [2024-04-09T19:14:53.906+0000] {dag.py:3096} INFO - Sync 1 DAGs
[2024-04-09T19:14:53.925+0000] {logging_mixin.py:188} INFO - [2024-04-09T19:14:53.925+0000] {dag.py:3954} INFO - Setting next_dagrun for example_task_group_decorator to 2024-04-08 00:00:00+00:00, run_after=2024-04-09 00:00:00+00:00
[2024-04-09T19:14:53.944+0000] {processor.py:183} INFO - Processing /home/airflow/.local/lib/python3.12/site-packages/airflow/example_dags/example_task_group_decorator.py took 0.080 seconds
[2024-04-09T19:15:24.062+0000] {processor.py:161} INFO - Started process (PID=12389) to work on /home/airflow/.local/lib/python3.12/site-packages/airflow/example_dags/example_task_group_decorator.py
[2024-04-09T19:15:24.063+0000] {processor.py:830} INFO - Processing file /home/airflow/.local/lib/python3.12/site-packages/airflow/example_dags/example_task_group_decorator.py for tasks to queue
[2024-04-09T19:15:24.065+0000] {logging_mixin.py:188} INFO - [2024-04-09T19:15:24.065+0000] {dagbag.py:540} INFO - Filling up the DagBag from /home/airflow/.local/lib/python3.12/site-packages/airflow/example_dags/example_task_group_decorator.py
[2024-04-09T19:15:24.086+0000] {processor.py:840} INFO - DAG(s) 'example_task_group_decorator' retrieved from /home/airflow/.local/lib/python3.12/site-packages/airflow/example_dags/example_task_group_decorator.py
[2024-04-09T19:15:24.108+0000] {logging_mixin.py:188} INFO - [2024-04-09T19:15:24.108+0000] {dag.py:3096} INFO - Sync 1 DAGs
[2024-04-09T19:15:24.138+0000] {logging_mixin.py:188} INFO - [2024-04-09T19:15:24.137+0000] {dag.py:3954} INFO - Setting next_dagrun for example_task_group_decorator to 2024-04-08 00:00:00+00:00, run_after=2024-04-09 00:00:00+00:00
[2024-04-09T19:15:24.165+0000] {processor.py:183} INFO - Processing /home/airflow/.local/lib/python3.12/site-packages/airflow/example_dags/example_task_group_decorator.py took 0.108 seconds
[2024-04-09T19:15:54.850+0000] {processor.py:161} INFO - Started process (PID=12661) to work on /home/airflow/.local/lib/python3.12/site-packages/airflow/example_dags/example_task_group_decorator.py
[2024-04-09T19:15:54.851+0000] {processor.py:830} INFO - Processing file /home/airflow/.local/lib/python3.12/site-packages/airflow/example_dags/example_task_group_decorator.py for tasks to queue
[2024-04-09T19:15:54.853+0000] {logging_mixin.py:188} INFO - [2024-04-09T19:15:54.852+0000] {dagbag.py:540} INFO - Filling up the DagBag from /home/airflow/.local/lib/python3.12/site-packages/airflow/example_dags/example_task_group_decorator.py
[2024-04-09T19:15:54.873+0000] {processor.py:840} INFO - DAG(s) 'example_task_group_decorator' retrieved from /home/airflow/.local/lib/python3.12/site-packages/airflow/example_dags/example_task_group_decorator.py
[2024-04-09T19:15:54.906+0000] {logging_mixin.py:188} INFO - [2024-04-09T19:15:54.906+0000] {dag.py:3096} INFO - Sync 1 DAGs
[2024-04-09T19:15:54.936+0000] {logging_mixin.py:188} INFO - [2024-04-09T19:15:54.936+0000] {dag.py:3954} INFO - Setting next_dagrun for example_task_group_decorator to 2024-04-08 00:00:00+00:00, run_after=2024-04-09 00:00:00+00:00
[2024-04-09T19:15:54.957+0000] {processor.py:183} INFO - Processing /home/airflow/.local/lib/python3.12/site-packages/airflow/example_dags/example_task_group_decorator.py took 0.115 seconds
[2024-04-09T19:16:25.017+0000] {processor.py:161} INFO - Started process (PID=12932) to work on /home/airflow/.local/lib/python3.12/site-packages/airflow/example_dags/example_task_group_decorator.py
[2024-04-09T19:16:25.018+0000] {processor.py:830} INFO - Processing file /home/airflow/.local/lib/python3.12/site-packages/airflow/example_dags/example_task_group_decorator.py for tasks to queue
[2024-04-09T19:16:25.020+0000] {logging_mixin.py:188} INFO - [2024-04-09T19:16:25.020+0000] {dagbag.py:540} INFO - Filling up the DagBag from /home/airflow/.local/lib/python3.12/site-packages/airflow/example_dags/example_task_group_decorator.py
[2024-04-09T19:16:25.040+0000] {processor.py:840} INFO - DAG(s) 'example_task_group_decorator' retrieved from /home/airflow/.local/lib/python3.12/site-packages/airflow/example_dags/example_task_group_decorator.py
[2024-04-09T19:16:25.069+0000] {logging_mixin.py:188} INFO - [2024-04-09T19:16:25.069+0000] {dag.py:3096} INFO - Sync 1 DAGs
[2024-04-09T19:16:25.097+0000] {logging_mixin.py:188} INFO - [2024-04-09T19:16:25.097+0000] {dag.py:3954} INFO - Setting next_dagrun for example_task_group_decorator to 2024-04-08 00:00:00+00:00, run_after=2024-04-09 00:00:00+00:00
[2024-04-09T19:16:25.116+0000] {processor.py:183} INFO - Processing /home/airflow/.local/lib/python3.12/site-packages/airflow/example_dags/example_task_group_decorator.py took 0.106 seconds
[2024-04-09T19:16:55.947+0000] {processor.py:161} INFO - Started process (PID=13204) to work on /home/airflow/.local/lib/python3.12/site-packages/airflow/example_dags/example_task_group_decorator.py
[2024-04-09T19:16:55.948+0000] {processor.py:830} INFO - Processing file /home/airflow/.local/lib/python3.12/site-packages/airflow/example_dags/example_task_group_decorator.py for tasks to queue
[2024-04-09T19:16:55.950+0000] {logging_mixin.py:188} INFO - [2024-04-09T19:16:55.950+0000] {dagbag.py:540} INFO - Filling up the DagBag from /home/airflow/.local/lib/python3.12/site-packages/airflow/example_dags/example_task_group_decorator.py
[2024-04-09T19:16:55.970+0000] {processor.py:840} INFO - DAG(s) 'example_task_group_decorator' retrieved from /home/airflow/.local/lib/python3.12/site-packages/airflow/example_dags/example_task_group_decorator.py
[2024-04-09T19:16:56.004+0000] {logging_mixin.py:188} INFO - [2024-04-09T19:16:56.004+0000] {dag.py:3096} INFO - Sync 1 DAGs
[2024-04-09T19:16:56.030+0000] {logging_mixin.py:188} INFO - [2024-04-09T19:16:56.029+0000] {dag.py:3954} INFO - Setting next_dagrun for example_task_group_decorator to 2024-04-08 00:00:00+00:00, run_after=2024-04-09 00:00:00+00:00
[2024-04-09T19:16:56.054+0000] {processor.py:183} INFO - Processing /home/airflow/.local/lib/python3.12/site-packages/airflow/example_dags/example_task_group_decorator.py took 0.114 seconds
[2024-04-09T19:17:26.530+0000] {processor.py:161} INFO - Started process (PID=13476) to work on /home/airflow/.local/lib/python3.12/site-packages/airflow/example_dags/example_task_group_decorator.py
[2024-04-09T19:17:26.531+0000] {processor.py:830} INFO - Processing file /home/airflow/.local/lib/python3.12/site-packages/airflow/example_dags/example_task_group_decorator.py for tasks to queue
[2024-04-09T19:17:26.533+0000] {logging_mixin.py:188} INFO - [2024-04-09T19:17:26.533+0000] {dagbag.py:540} INFO - Filling up the DagBag from /home/airflow/.local/lib/python3.12/site-packages/airflow/example_dags/example_task_group_decorator.py
[2024-04-09T19:17:26.552+0000] {processor.py:840} INFO - DAG(s) 'example_task_group_decorator' retrieved from /home/airflow/.local/lib/python3.12/site-packages/airflow/example_dags/example_task_group_decorator.py
[2024-04-09T19:17:26.574+0000] {logging_mixin.py:188} INFO - [2024-04-09T19:17:26.574+0000] {dag.py:3096} INFO - Sync 1 DAGs
[2024-04-09T19:17:26.594+0000] {logging_mixin.py:188} INFO - [2024-04-09T19:17:26.594+0000] {dag.py:3954} INFO - Setting next_dagrun for example_task_group_decorator to 2024-04-08 00:00:00+00:00, run_after=2024-04-09 00:00:00+00:00
[2024-04-09T19:17:26.617+0000] {processor.py:183} INFO - Processing /home/airflow/.local/lib/python3.12/site-packages/airflow/example_dags/example_task_group_decorator.py took 0.092 seconds
[2024-04-09T19:17:57.318+0000] {processor.py:161} INFO - Started process (PID=13748) to work on /home/airflow/.local/lib/python3.12/site-packages/airflow/example_dags/example_task_group_decorator.py
[2024-04-09T19:17:57.319+0000] {processor.py:830} INFO - Processing file /home/airflow/.local/lib/python3.12/site-packages/airflow/example_dags/example_task_group_decorator.py for tasks to queue
[2024-04-09T19:17:57.321+0000] {logging_mixin.py:188} INFO - [2024-04-09T19:17:57.321+0000] {dagbag.py:540} INFO - Filling up the DagBag from /home/airflow/.local/lib/python3.12/site-packages/airflow/example_dags/example_task_group_decorator.py
[2024-04-09T19:17:57.341+0000] {processor.py:840} INFO - DAG(s) 'example_task_group_decorator' retrieved from /home/airflow/.local/lib/python3.12/site-packages/airflow/example_dags/example_task_group_decorator.py
[2024-04-09T19:17:57.375+0000] {logging_mixin.py:188} INFO - [2024-04-09T19:17:57.374+0000] {dag.py:3096} INFO - Sync 1 DAGs
[2024-04-09T19:17:57.403+0000] {logging_mixin.py:188} INFO - [2024-04-09T19:17:57.403+0000] {dag.py:3954} INFO - Setting next_dagrun for example_task_group_decorator to 2024-04-08 00:00:00+00:00, run_after=2024-04-09 00:00:00+00:00
[2024-04-09T19:17:57.424+0000] {processor.py:183} INFO - Processing /home/airflow/.local/lib/python3.12/site-packages/airflow/example_dags/example_task_group_decorator.py took 0.113 seconds
[2024-04-09T19:18:28.119+0000] {processor.py:161} INFO - Started process (PID=14022) to work on /home/airflow/.local/lib/python3.12/site-packages/airflow/example_dags/example_task_group_decorator.py
[2024-04-09T19:18:28.119+0000] {processor.py:830} INFO - Processing file /home/airflow/.local/lib/python3.12/site-packages/airflow/example_dags/example_task_group_decorator.py for tasks to queue
[2024-04-09T19:18:28.121+0000] {logging_mixin.py:188} INFO - [2024-04-09T19:18:28.121+0000] {dagbag.py:540} INFO - Filling up the DagBag from /home/airflow/.local/lib/python3.12/site-packages/airflow/example_dags/example_task_group_decorator.py
[2024-04-09T19:18:28.134+0000] {processor.py:840} INFO - DAG(s) 'example_task_group_decorator' retrieved from /home/airflow/.local/lib/python3.12/site-packages/airflow/example_dags/example_task_group_decorator.py
[2024-04-09T19:18:28.155+0000] {logging_mixin.py:188} INFO - [2024-04-09T19:18:28.154+0000] {dag.py:3096} INFO - Sync 1 DAGs
[2024-04-09T19:18:28.172+0000] {logging_mixin.py:188} INFO - [2024-04-09T19:18:28.172+0000] {dag.py:3954} INFO - Setting next_dagrun for example_task_group_decorator to 2024-04-08 00:00:00+00:00, run_after=2024-04-09 00:00:00+00:00
[2024-04-09T19:18:28.193+0000] {processor.py:183} INFO - Processing /home/airflow/.local/lib/python3.12/site-packages/airflow/example_dags/example_task_group_decorator.py took 0.080 seconds
[2024-04-09T19:18:59.001+0000] {processor.py:161} INFO - Started process (PID=14292) to work on /home/airflow/.local/lib/python3.12/site-packages/airflow/example_dags/example_task_group_decorator.py
[2024-04-09T19:18:59.002+0000] {processor.py:830} INFO - Processing file /home/airflow/.local/lib/python3.12/site-packages/airflow/example_dags/example_task_group_decorator.py for tasks to queue
[2024-04-09T19:18:59.004+0000] {logging_mixin.py:188} INFO - [2024-04-09T19:18:59.003+0000] {dagbag.py:540} INFO - Filling up the DagBag from /home/airflow/.local/lib/python3.12/site-packages/airflow/example_dags/example_task_group_decorator.py
[2024-04-09T19:18:59.017+0000] {processor.py:840} INFO - DAG(s) 'example_task_group_decorator' retrieved from /home/airflow/.local/lib/python3.12/site-packages/airflow/example_dags/example_task_group_decorator.py
[2024-04-09T19:18:59.038+0000] {logging_mixin.py:188} INFO - [2024-04-09T19:18:59.038+0000] {dag.py:3096} INFO - Sync 1 DAGs
[2024-04-09T19:18:59.056+0000] {logging_mixin.py:188} INFO - [2024-04-09T19:18:59.056+0000] {dag.py:3954} INFO - Setting next_dagrun for example_task_group_decorator to 2024-04-08 00:00:00+00:00, run_after=2024-04-09 00:00:00+00:00
[2024-04-09T19:18:59.075+0000] {processor.py:183} INFO - Processing /home/airflow/.local/lib/python3.12/site-packages/airflow/example_dags/example_task_group_decorator.py took 0.081 seconds
[2024-04-09T19:19:29.177+0000] {processor.py:161} INFO - Started process (PID=14563) to work on /home/airflow/.local/lib/python3.12/site-packages/airflow/example_dags/example_task_group_decorator.py
[2024-04-09T19:19:29.178+0000] {processor.py:830} INFO - Processing file /home/airflow/.local/lib/python3.12/site-packages/airflow/example_dags/example_task_group_decorator.py for tasks to queue
[2024-04-09T19:19:29.180+0000] {logging_mixin.py:188} INFO - [2024-04-09T19:19:29.179+0000] {dagbag.py:540} INFO - Filling up the DagBag from /home/airflow/.local/lib/python3.12/site-packages/airflow/example_dags/example_task_group_decorator.py
[2024-04-09T19:19:29.198+0000] {processor.py:840} INFO - DAG(s) 'example_task_group_decorator' retrieved from /home/airflow/.local/lib/python3.12/site-packages/airflow/example_dags/example_task_group_decorator.py
[2024-04-09T19:19:29.219+0000] {logging_mixin.py:188} INFO - [2024-04-09T19:19:29.219+0000] {dag.py:3096} INFO - Sync 1 DAGs
[2024-04-09T19:19:29.240+0000] {logging_mixin.py:188} INFO - [2024-04-09T19:19:29.240+0000] {dag.py:3954} INFO - Setting next_dagrun for example_task_group_decorator to 2024-04-08 00:00:00+00:00, run_after=2024-04-09 00:00:00+00:00
[2024-04-09T19:19:29.263+0000] {processor.py:183} INFO - Processing /home/airflow/.local/lib/python3.12/site-packages/airflow/example_dags/example_task_group_decorator.py took 0.094 seconds
[2024-04-09T19:19:59.829+0000] {processor.py:161} INFO - Started process (PID=14836) to work on /home/airflow/.local/lib/python3.12/site-packages/airflow/example_dags/example_task_group_decorator.py
[2024-04-09T19:19:59.830+0000] {processor.py:830} INFO - Processing file /home/airflow/.local/lib/python3.12/site-packages/airflow/example_dags/example_task_group_decorator.py for tasks to queue
[2024-04-09T19:19:59.832+0000] {logging_mixin.py:188} INFO - [2024-04-09T19:19:59.831+0000] {dagbag.py:540} INFO - Filling up the DagBag from /home/airflow/.local/lib/python3.12/site-packages/airflow/example_dags/example_task_group_decorator.py
[2024-04-09T19:19:59.850+0000] {processor.py:840} INFO - DAG(s) 'example_task_group_decorator' retrieved from /home/airflow/.local/lib/python3.12/site-packages/airflow/example_dags/example_task_group_decorator.py
[2024-04-09T19:19:59.873+0000] {logging_mixin.py:188} INFO - [2024-04-09T19:19:59.872+0000] {dag.py:3096} INFO - Sync 1 DAGs
[2024-04-09T19:19:59.890+0000] {logging_mixin.py:188} INFO - [2024-04-09T19:19:59.890+0000] {dag.py:3954} INFO - Setting next_dagrun for example_task_group_decorator to 2024-04-08 00:00:00+00:00, run_after=2024-04-09 00:00:00+00:00
[2024-04-09T19:19:59.909+0000] {processor.py:183} INFO - Processing /home/airflow/.local/lib/python3.12/site-packages/airflow/example_dags/example_task_group_decorator.py took 0.085 seconds
[2024-04-09T19:20:30.403+0000] {processor.py:161} INFO - Started process (PID=15109) to work on /home/airflow/.local/lib/python3.12/site-packages/airflow/example_dags/example_task_group_decorator.py
[2024-04-09T19:20:30.404+0000] {processor.py:830} INFO - Processing file /home/airflow/.local/lib/python3.12/site-packages/airflow/example_dags/example_task_group_decorator.py for tasks to queue
[2024-04-09T19:20:30.405+0000] {logging_mixin.py:188} INFO - [2024-04-09T19:20:30.405+0000] {dagbag.py:540} INFO - Filling up the DagBag from /home/airflow/.local/lib/python3.12/site-packages/airflow/example_dags/example_task_group_decorator.py
[2024-04-09T19:20:30.424+0000] {processor.py:840} INFO - DAG(s) 'example_task_group_decorator' retrieved from /home/airflow/.local/lib/python3.12/site-packages/airflow/example_dags/example_task_group_decorator.py
[2024-04-09T19:20:30.449+0000] {logging_mixin.py:188} INFO - [2024-04-09T19:20:30.449+0000] {dag.py:3096} INFO - Sync 1 DAGs
[2024-04-09T19:20:30.467+0000] {logging_mixin.py:188} INFO - [2024-04-09T19:20:30.467+0000] {dag.py:3954} INFO - Setting next_dagrun for example_task_group_decorator to 2024-04-08 00:00:00+00:00, run_after=2024-04-09 00:00:00+00:00
[2024-04-09T19:20:30.486+0000] {processor.py:183} INFO - Processing /home/airflow/.local/lib/python3.12/site-packages/airflow/example_dags/example_task_group_decorator.py took 0.089 seconds
[2024-04-09T19:21:01.218+0000] {processor.py:161} INFO - Started process (PID=15381) to work on /home/airflow/.local/lib/python3.12/site-packages/airflow/example_dags/example_task_group_decorator.py
[2024-04-09T19:21:01.219+0000] {processor.py:830} INFO - Processing file /home/airflow/.local/lib/python3.12/site-packages/airflow/example_dags/example_task_group_decorator.py for tasks to queue
[2024-04-09T19:21:01.221+0000] {logging_mixin.py:188} INFO - [2024-04-09T19:21:01.221+0000] {dagbag.py:540} INFO - Filling up the DagBag from /home/airflow/.local/lib/python3.12/site-packages/airflow/example_dags/example_task_group_decorator.py
[2024-04-09T19:21:01.238+0000] {processor.py:840} INFO - DAG(s) 'example_task_group_decorator' retrieved from /home/airflow/.local/lib/python3.12/site-packages/airflow/example_dags/example_task_group_decorator.py
[2024-04-09T19:21:01.261+0000] {logging_mixin.py:188} INFO - [2024-04-09T19:21:01.261+0000] {dag.py:3096} INFO - Sync 1 DAGs
[2024-04-09T19:21:01.286+0000] {logging_mixin.py:188} INFO - [2024-04-09T19:21:01.286+0000] {dag.py:3954} INFO - Setting next_dagrun for example_task_group_decorator to 2024-04-08 00:00:00+00:00, run_after=2024-04-09 00:00:00+00:00
[2024-04-09T19:21:01.305+0000] {processor.py:183} INFO - Processing /home/airflow/.local/lib/python3.12/site-packages/airflow/example_dags/example_task_group_decorator.py took 0.095 seconds
[2024-04-09T19:21:31.651+0000] {processor.py:161} INFO - Started process (PID=15654) to work on /home/airflow/.local/lib/python3.12/site-packages/airflow/example_dags/example_task_group_decorator.py
[2024-04-09T19:21:31.652+0000] {processor.py:830} INFO - Processing file /home/airflow/.local/lib/python3.12/site-packages/airflow/example_dags/example_task_group_decorator.py for tasks to queue
[2024-04-09T19:21:31.654+0000] {logging_mixin.py:188} INFO - [2024-04-09T19:21:31.653+0000] {dagbag.py:540} INFO - Filling up the DagBag from /home/airflow/.local/lib/python3.12/site-packages/airflow/example_dags/example_task_group_decorator.py
[2024-04-09T19:21:31.673+0000] {processor.py:840} INFO - DAG(s) 'example_task_group_decorator' retrieved from /home/airflow/.local/lib/python3.12/site-packages/airflow/example_dags/example_task_group_decorator.py
[2024-04-09T19:21:31.707+0000] {logging_mixin.py:188} INFO - [2024-04-09T19:21:31.707+0000] {dag.py:3096} INFO - Sync 1 DAGs
[2024-04-09T19:21:31.731+0000] {logging_mixin.py:188} INFO - [2024-04-09T19:21:31.730+0000] {dag.py:3954} INFO - Setting next_dagrun for example_task_group_decorator to 2024-04-08 00:00:00+00:00, run_after=2024-04-09 00:00:00+00:00
[2024-04-09T19:21:31.753+0000] {processor.py:183} INFO - Processing /home/airflow/.local/lib/python3.12/site-packages/airflow/example_dags/example_task_group_decorator.py took 0.112 seconds
[2024-04-09T19:22:02.177+0000] {processor.py:161} INFO - Started process (PID=15926) to work on /home/airflow/.local/lib/python3.12/site-packages/airflow/example_dags/example_task_group_decorator.py
[2024-04-09T19:22:02.178+0000] {processor.py:830} INFO - Processing file /home/airflow/.local/lib/python3.12/site-packages/airflow/example_dags/example_task_group_decorator.py for tasks to queue
[2024-04-09T19:22:02.180+0000] {logging_mixin.py:188} INFO - [2024-04-09T19:22:02.179+0000] {dagbag.py:540} INFO - Filling up the DagBag from /home/airflow/.local/lib/python3.12/site-packages/airflow/example_dags/example_task_group_decorator.py
[2024-04-09T19:22:02.197+0000] {processor.py:840} INFO - DAG(s) 'example_task_group_decorator' retrieved from /home/airflow/.local/lib/python3.12/site-packages/airflow/example_dags/example_task_group_decorator.py
[2024-04-09T19:22:02.221+0000] {logging_mixin.py:188} INFO - [2024-04-09T19:22:02.221+0000] {dag.py:3096} INFO - Sync 1 DAGs
[2024-04-09T19:22:02.239+0000] {logging_mixin.py:188} INFO - [2024-04-09T19:22:02.239+0000] {dag.py:3954} INFO - Setting next_dagrun for example_task_group_decorator to 2024-04-08 00:00:00+00:00, run_after=2024-04-09 00:00:00+00:00
[2024-04-09T19:22:02.258+0000] {processor.py:183} INFO - Processing /home/airflow/.local/lib/python3.12/site-packages/airflow/example_dags/example_task_group_decorator.py took 0.088 seconds
[2024-04-09T19:22:32.798+0000] {processor.py:161} INFO - Started process (PID=16198) to work on /home/airflow/.local/lib/python3.12/site-packages/airflow/example_dags/example_task_group_decorator.py
[2024-04-09T19:22:32.799+0000] {processor.py:830} INFO - Processing file /home/airflow/.local/lib/python3.12/site-packages/airflow/example_dags/example_task_group_decorator.py for tasks to queue
[2024-04-09T19:22:32.801+0000] {logging_mixin.py:188} INFO - [2024-04-09T19:22:32.800+0000] {dagbag.py:540} INFO - Filling up the DagBag from /home/airflow/.local/lib/python3.12/site-packages/airflow/example_dags/example_task_group_decorator.py
[2024-04-09T19:22:32.814+0000] {processor.py:840} INFO - DAG(s) 'example_task_group_decorator' retrieved from /home/airflow/.local/lib/python3.12/site-packages/airflow/example_dags/example_task_group_decorator.py
[2024-04-09T19:22:32.834+0000] {logging_mixin.py:188} INFO - [2024-04-09T19:22:32.834+0000] {dag.py:3096} INFO - Sync 1 DAGs
[2024-04-09T19:22:32.852+0000] {logging_mixin.py:188} INFO - [2024-04-09T19:22:32.852+0000] {dag.py:3954} INFO - Setting next_dagrun for example_task_group_decorator to 2024-04-08 00:00:00+00:00, run_after=2024-04-09 00:00:00+00:00
[2024-04-09T19:22:32.871+0000] {processor.py:183} INFO - Processing /home/airflow/.local/lib/python3.12/site-packages/airflow/example_dags/example_task_group_decorator.py took 0.080 seconds
[2024-04-09T19:23:03.573+0000] {processor.py:161} INFO - Started process (PID=16470) to work on /home/airflow/.local/lib/python3.12/site-packages/airflow/example_dags/example_task_group_decorator.py
[2024-04-09T19:23:03.574+0000] {processor.py:830} INFO - Processing file /home/airflow/.local/lib/python3.12/site-packages/airflow/example_dags/example_task_group_decorator.py for tasks to queue
[2024-04-09T19:23:03.577+0000] {logging_mixin.py:188} INFO - [2024-04-09T19:23:03.576+0000] {dagbag.py:540} INFO - Filling up the DagBag from /home/airflow/.local/lib/python3.12/site-packages/airflow/example_dags/example_task_group_decorator.py
[2024-04-09T19:23:03.617+0000] {processor.py:840} INFO - DAG(s) 'example_task_group_decorator' retrieved from /home/airflow/.local/lib/python3.12/site-packages/airflow/example_dags/example_task_group_decorator.py
[2024-04-09T19:23:03.651+0000] {logging_mixin.py:188} INFO - [2024-04-09T19:23:03.650+0000] {dag.py:3096} INFO - Sync 1 DAGs
[2024-04-09T19:23:03.682+0000] {logging_mixin.py:188} INFO - [2024-04-09T19:23:03.682+0000] {dag.py:3954} INFO - Setting next_dagrun for example_task_group_decorator to 2024-04-08 00:00:00+00:00, run_after=2024-04-09 00:00:00+00:00
[2024-04-09T19:23:03.707+0000] {processor.py:183} INFO - Processing /home/airflow/.local/lib/python3.12/site-packages/airflow/example_dags/example_task_group_decorator.py took 0.140 seconds
[2024-04-09T19:23:33.791+0000] {processor.py:161} INFO - Started process (PID=16744) to work on /home/airflow/.local/lib/python3.12/site-packages/airflow/example_dags/example_task_group_decorator.py
[2024-04-09T19:23:33.792+0000] {processor.py:830} INFO - Processing file /home/airflow/.local/lib/python3.12/site-packages/airflow/example_dags/example_task_group_decorator.py for tasks to queue
[2024-04-09T19:23:33.794+0000] {logging_mixin.py:188} INFO - [2024-04-09T19:23:33.793+0000] {dagbag.py:540} INFO - Filling up the DagBag from /home/airflow/.local/lib/python3.12/site-packages/airflow/example_dags/example_task_group_decorator.py
[2024-04-09T19:23:33.810+0000] {processor.py:840} INFO - DAG(s) 'example_task_group_decorator' retrieved from /home/airflow/.local/lib/python3.12/site-packages/airflow/example_dags/example_task_group_decorator.py
[2024-04-09T19:23:33.836+0000] {logging_mixin.py:188} INFO - [2024-04-09T19:23:33.836+0000] {dag.py:3096} INFO - Sync 1 DAGs
[2024-04-09T19:23:33.854+0000] {logging_mixin.py:188} INFO - [2024-04-09T19:23:33.854+0000] {dag.py:3954} INFO - Setting next_dagrun for example_task_group_decorator to 2024-04-08 00:00:00+00:00, run_after=2024-04-09 00:00:00+00:00
[2024-04-09T19:23:33.876+0000] {processor.py:183} INFO - Processing /home/airflow/.local/lib/python3.12/site-packages/airflow/example_dags/example_task_group_decorator.py took 0.090 seconds
