[2024-04-09T18:50:51.367+0000] {processor.py:161} INFO - Started process (PID=217) to work on /home/airflow/.local/lib/python3.12/site-packages/airflow/example_dags/example_xcom.py
[2024-04-09T18:50:51.368+0000] {processor.py:830} INFO - Processing file /home/airflow/.local/lib/python3.12/site-packages/airflow/example_dags/example_xcom.py for tasks to queue
[2024-04-09T18:50:51.372+0000] {logging_mixin.py:188} INFO - [2024-04-09T18:50:51.369+0000] {dagbag.py:540} INFO - Filling up the DagBag from /home/airflow/.local/lib/python3.12/site-packages/airflow/example_dags/example_xcom.py
[2024-04-09T18:50:51.391+0000] {processor.py:840} INFO - DAG(s) 'example_xcom' retrieved from /home/airflow/.local/lib/python3.12/site-packages/airflow/example_dags/example_xcom.py
[2024-04-09T18:50:51.667+0000] {logging_mixin.py:188} INFO - [2024-04-09T18:50:51.666+0000] {override.py:1829} INFO - Created Permission View: can edit on DAG:example_xcom
[2024-04-09T18:50:51.690+0000] {logging_mixin.py:188} INFO - [2024-04-09T18:50:51.690+0000] {override.py:1829} INFO - Created Permission View: can delete on DAG:example_xcom
[2024-04-09T18:50:51.717+0000] {logging_mixin.py:188} INFO - [2024-04-09T18:50:51.717+0000] {override.py:1829} INFO - Created Permission View: can read on DAG:example_xcom
[2024-04-09T18:50:51.718+0000] {logging_mixin.py:188} INFO - [2024-04-09T18:50:51.718+0000] {dag.py:3096} INFO - Sync 1 DAGs
[2024-04-09T18:50:51.768+0000] {logging_mixin.py:188} INFO - [2024-04-09T18:50:51.768+0000] {dag.py:3118} INFO - Creating ORM DAG for example_xcom
[2024-04-09T18:50:51.812+0000] {logging_mixin.py:188} INFO - [2024-04-09T18:50:51.811+0000] {dag.py:3954} INFO - Setting next_dagrun for example_xcom to 2021-01-01 00:00:00+00:00, run_after=2021-01-01 00:00:00+00:00
[2024-04-09T18:50:51.851+0000] {processor.py:183} INFO - Processing /home/airflow/.local/lib/python3.12/site-packages/airflow/example_dags/example_xcom.py took 0.498 seconds
[2024-04-09T18:51:22.484+0000] {processor.py:161} INFO - Started process (PID=479) to work on /home/airflow/.local/lib/python3.12/site-packages/airflow/example_dags/example_xcom.py
[2024-04-09T18:51:22.485+0000] {processor.py:830} INFO - Processing file /home/airflow/.local/lib/python3.12/site-packages/airflow/example_dags/example_xcom.py for tasks to queue
[2024-04-09T18:51:22.487+0000] {logging_mixin.py:188} INFO - [2024-04-09T18:51:22.486+0000] {dagbag.py:540} INFO - Filling up the DagBag from /home/airflow/.local/lib/python3.12/site-packages/airflow/example_dags/example_xcom.py
[2024-04-09T18:51:22.495+0000] {processor.py:840} INFO - DAG(s) 'example_xcom' retrieved from /home/airflow/.local/lib/python3.12/site-packages/airflow/example_dags/example_xcom.py
[2024-04-09T18:51:22.546+0000] {logging_mixin.py:188} INFO - [2024-04-09T18:51:22.546+0000] {dag.py:3096} INFO - Sync 1 DAGs
[2024-04-09T18:51:22.572+0000] {logging_mixin.py:188} INFO - [2024-04-09T18:51:22.572+0000] {dag.py:3954} INFO - Setting next_dagrun for example_xcom to 2021-01-01 00:00:00+00:00, run_after=2021-01-01 00:00:00+00:00
[2024-04-09T18:51:22.595+0000] {processor.py:183} INFO - Processing /home/airflow/.local/lib/python3.12/site-packages/airflow/example_dags/example_xcom.py took 0.118 seconds
[2024-04-09T18:52:30.800+0000] {processor.py:161} INFO - Started process (PID=218) to work on /home/airflow/.local/lib/python3.12/site-packages/airflow/example_dags/example_xcom.py
[2024-04-09T18:52:30.803+0000] {processor.py:830} INFO - Processing file /home/airflow/.local/lib/python3.12/site-packages/airflow/example_dags/example_xcom.py for tasks to queue
[2024-04-09T18:52:30.805+0000] {logging_mixin.py:188} INFO - [2024-04-09T18:52:30.805+0000] {dagbag.py:540} INFO - Filling up the DagBag from /home/airflow/.local/lib/python3.12/site-packages/airflow/example_dags/example_xcom.py
[2024-04-09T18:52:30.861+0000] {processor.py:840} INFO - DAG(s) 'example_xcom' retrieved from /home/airflow/.local/lib/python3.12/site-packages/airflow/example_dags/example_xcom.py
[2024-04-09T18:52:31.353+0000] {logging_mixin.py:188} INFO - [2024-04-09T18:52:31.353+0000] {dag.py:3096} INFO - Sync 1 DAGs
[2024-04-09T18:52:31.416+0000] {logging_mixin.py:188} INFO - [2024-04-09T18:52:31.416+0000] {dag.py:3954} INFO - Setting next_dagrun for example_xcom to 2021-01-01 00:00:00+00:00, run_after=2021-01-01 00:00:00+00:00
[2024-04-09T18:52:31.656+0000] {processor.py:183} INFO - Processing /home/airflow/.local/lib/python3.12/site-packages/airflow/example_dags/example_xcom.py took 0.868 seconds
[2024-04-09T18:53:01.968+0000] {processor.py:161} INFO - Started process (PID=479) to work on /home/airflow/.local/lib/python3.12/site-packages/airflow/example_dags/example_xcom.py
[2024-04-09T18:53:01.969+0000] {processor.py:830} INFO - Processing file /home/airflow/.local/lib/python3.12/site-packages/airflow/example_dags/example_xcom.py for tasks to queue
[2024-04-09T18:53:01.971+0000] {logging_mixin.py:188} INFO - [2024-04-09T18:53:01.971+0000] {dagbag.py:540} INFO - Filling up the DagBag from /home/airflow/.local/lib/python3.12/site-packages/airflow/example_dags/example_xcom.py
[2024-04-09T18:53:01.980+0000] {processor.py:840} INFO - DAG(s) 'example_xcom' retrieved from /home/airflow/.local/lib/python3.12/site-packages/airflow/example_dags/example_xcom.py
[2024-04-09T18:53:02.006+0000] {logging_mixin.py:188} INFO - [2024-04-09T18:53:02.005+0000] {dag.py:3096} INFO - Sync 1 DAGs
[2024-04-09T18:53:02.030+0000] {logging_mixin.py:188} INFO - [2024-04-09T18:53:02.029+0000] {dag.py:3954} INFO - Setting next_dagrun for example_xcom to 2021-01-01 00:00:00+00:00, run_after=2021-01-01 00:00:00+00:00
[2024-04-09T18:53:02.051+0000] {processor.py:183} INFO - Processing /home/airflow/.local/lib/python3.12/site-packages/airflow/example_dags/example_xcom.py took 0.089 seconds
[2024-04-09T18:53:32.392+0000] {processor.py:161} INFO - Started process (PID=741) to work on /home/airflow/.local/lib/python3.12/site-packages/airflow/example_dags/example_xcom.py
[2024-04-09T18:53:32.393+0000] {processor.py:830} INFO - Processing file /home/airflow/.local/lib/python3.12/site-packages/airflow/example_dags/example_xcom.py for tasks to queue
[2024-04-09T18:53:32.394+0000] {logging_mixin.py:188} INFO - [2024-04-09T18:53:32.394+0000] {dagbag.py:540} INFO - Filling up the DagBag from /home/airflow/.local/lib/python3.12/site-packages/airflow/example_dags/example_xcom.py
[2024-04-09T18:53:32.403+0000] {processor.py:840} INFO - DAG(s) 'example_xcom' retrieved from /home/airflow/.local/lib/python3.12/site-packages/airflow/example_dags/example_xcom.py
[2024-04-09T18:53:32.426+0000] {logging_mixin.py:188} INFO - [2024-04-09T18:53:32.426+0000] {dag.py:3096} INFO - Sync 1 DAGs
[2024-04-09T18:53:32.450+0000] {logging_mixin.py:188} INFO - [2024-04-09T18:53:32.450+0000] {dag.py:3954} INFO - Setting next_dagrun for example_xcom to 2021-01-01 00:00:00+00:00, run_after=2021-01-01 00:00:00+00:00
[2024-04-09T18:53:32.472+0000] {processor.py:183} INFO - Processing /home/airflow/.local/lib/python3.12/site-packages/airflow/example_dags/example_xcom.py took 0.087 seconds
[2024-04-09T18:54:02.544+0000] {processor.py:161} INFO - Started process (PID=1003) to work on /home/airflow/.local/lib/python3.12/site-packages/airflow/example_dags/example_xcom.py
[2024-04-09T18:54:02.545+0000] {processor.py:830} INFO - Processing file /home/airflow/.local/lib/python3.12/site-packages/airflow/example_dags/example_xcom.py for tasks to queue
[2024-04-09T18:54:02.546+0000] {logging_mixin.py:188} INFO - [2024-04-09T18:54:02.546+0000] {dagbag.py:540} INFO - Filling up the DagBag from /home/airflow/.local/lib/python3.12/site-packages/airflow/example_dags/example_xcom.py
[2024-04-09T18:54:02.554+0000] {processor.py:840} INFO - DAG(s) 'example_xcom' retrieved from /home/airflow/.local/lib/python3.12/site-packages/airflow/example_dags/example_xcom.py
[2024-04-09T18:54:02.584+0000] {logging_mixin.py:188} INFO - [2024-04-09T18:54:02.583+0000] {dag.py:3096} INFO - Sync 1 DAGs
[2024-04-09T18:54:02.620+0000] {logging_mixin.py:188} INFO - [2024-04-09T18:54:02.620+0000] {dag.py:3954} INFO - Setting next_dagrun for example_xcom to 2021-01-01 00:00:00+00:00, run_after=2021-01-01 00:00:00+00:00
[2024-04-09T18:54:02.644+0000] {processor.py:183} INFO - Processing /home/airflow/.local/lib/python3.12/site-packages/airflow/example_dags/example_xcom.py took 0.106 seconds
[2024-04-09T18:54:32.924+0000] {processor.py:161} INFO - Started process (PID=1265) to work on /home/airflow/.local/lib/python3.12/site-packages/airflow/example_dags/example_xcom.py
[2024-04-09T18:54:32.925+0000] {processor.py:830} INFO - Processing file /home/airflow/.local/lib/python3.12/site-packages/airflow/example_dags/example_xcom.py for tasks to queue
[2024-04-09T18:54:32.927+0000] {logging_mixin.py:188} INFO - [2024-04-09T18:54:32.926+0000] {dagbag.py:540} INFO - Filling up the DagBag from /home/airflow/.local/lib/python3.12/site-packages/airflow/example_dags/example_xcom.py
[2024-04-09T18:54:32.936+0000] {processor.py:840} INFO - DAG(s) 'example_xcom' retrieved from /home/airflow/.local/lib/python3.12/site-packages/airflow/example_dags/example_xcom.py
[2024-04-09T18:54:32.960+0000] {logging_mixin.py:188} INFO - [2024-04-09T18:54:32.960+0000] {dag.py:3096} INFO - Sync 1 DAGs
[2024-04-09T18:54:32.986+0000] {logging_mixin.py:188} INFO - [2024-04-09T18:54:32.986+0000] {dag.py:3954} INFO - Setting next_dagrun for example_xcom to 2021-01-01 00:00:00+00:00, run_after=2021-01-01 00:00:00+00:00
[2024-04-09T18:54:33.011+0000] {processor.py:183} INFO - Processing /home/airflow/.local/lib/python3.12/site-packages/airflow/example_dags/example_xcom.py took 0.094 seconds
[2024-04-09T18:55:03.515+0000] {processor.py:161} INFO - Started process (PID=1527) to work on /home/airflow/.local/lib/python3.12/site-packages/airflow/example_dags/example_xcom.py
[2024-04-09T18:55:03.526+0000] {processor.py:830} INFO - Processing file /home/airflow/.local/lib/python3.12/site-packages/airflow/example_dags/example_xcom.py for tasks to queue
[2024-04-09T18:55:03.528+0000] {logging_mixin.py:188} INFO - [2024-04-09T18:55:03.527+0000] {dagbag.py:540} INFO - Filling up the DagBag from /home/airflow/.local/lib/python3.12/site-packages/airflow/example_dags/example_xcom.py
[2024-04-09T18:55:03.570+0000] {processor.py:840} INFO - DAG(s) 'example_xcom' retrieved from /home/airflow/.local/lib/python3.12/site-packages/airflow/example_dags/example_xcom.py
[2024-04-09T18:55:03.621+0000] {logging_mixin.py:188} INFO - [2024-04-09T18:55:03.621+0000] {dag.py:3096} INFO - Sync 1 DAGs
[2024-04-09T18:55:03.660+0000] {logging_mixin.py:188} INFO - [2024-04-09T18:55:03.660+0000] {dag.py:3954} INFO - Setting next_dagrun for example_xcom to 2021-01-01 00:00:00+00:00, run_after=2021-01-01 00:00:00+00:00
[2024-04-09T18:55:03.716+0000] {processor.py:183} INFO - Processing /home/airflow/.local/lib/python3.12/site-packages/airflow/example_dags/example_xcom.py took 0.225 seconds
[2024-04-09T18:55:34.259+0000] {processor.py:161} INFO - Started process (PID=1794) to work on /home/airflow/.local/lib/python3.12/site-packages/airflow/example_dags/example_xcom.py
[2024-04-09T18:55:34.260+0000] {processor.py:830} INFO - Processing file /home/airflow/.local/lib/python3.12/site-packages/airflow/example_dags/example_xcom.py for tasks to queue
[2024-04-09T18:55:34.263+0000] {logging_mixin.py:188} INFO - [2024-04-09T18:55:34.262+0000] {dagbag.py:540} INFO - Filling up the DagBag from /home/airflow/.local/lib/python3.12/site-packages/airflow/example_dags/example_xcom.py
[2024-04-09T18:55:34.272+0000] {processor.py:840} INFO - DAG(s) 'example_xcom' retrieved from /home/airflow/.local/lib/python3.12/site-packages/airflow/example_dags/example_xcom.py
[2024-04-09T18:55:34.295+0000] {logging_mixin.py:188} INFO - [2024-04-09T18:55:34.295+0000] {dag.py:3096} INFO - Sync 1 DAGs
[2024-04-09T18:55:34.320+0000] {logging_mixin.py:188} INFO - [2024-04-09T18:55:34.320+0000] {dag.py:3954} INFO - Setting next_dagrun for example_xcom to 2021-01-01 00:00:00+00:00, run_after=2021-01-01 00:00:00+00:00
[2024-04-09T18:55:34.344+0000] {processor.py:183} INFO - Processing /home/airflow/.local/lib/python3.12/site-packages/airflow/example_dags/example_xcom.py took 0.092 seconds
[2024-04-09T18:56:04.655+0000] {processor.py:161} INFO - Started process (PID=2054) to work on /home/airflow/.local/lib/python3.12/site-packages/airflow/example_dags/example_xcom.py
[2024-04-09T18:56:04.656+0000] {processor.py:830} INFO - Processing file /home/airflow/.local/lib/python3.12/site-packages/airflow/example_dags/example_xcom.py for tasks to queue
[2024-04-09T18:56:04.657+0000] {logging_mixin.py:188} INFO - [2024-04-09T18:56:04.657+0000] {dagbag.py:540} INFO - Filling up the DagBag from /home/airflow/.local/lib/python3.12/site-packages/airflow/example_dags/example_xcom.py
[2024-04-09T18:56:04.663+0000] {processor.py:840} INFO - DAG(s) 'example_xcom' retrieved from /home/airflow/.local/lib/python3.12/site-packages/airflow/example_dags/example_xcom.py
[2024-04-09T18:56:04.688+0000] {logging_mixin.py:188} INFO - [2024-04-09T18:56:04.688+0000] {dag.py:3096} INFO - Sync 1 DAGs
[2024-04-09T18:56:04.706+0000] {logging_mixin.py:188} INFO - [2024-04-09T18:56:04.706+0000] {dag.py:3954} INFO - Setting next_dagrun for example_xcom to 2021-01-01 00:00:00+00:00, run_after=2021-01-01 00:00:00+00:00
[2024-04-09T18:56:04.727+0000] {processor.py:183} INFO - Processing /home/airflow/.local/lib/python3.12/site-packages/airflow/example_dags/example_xcom.py took 0.076 seconds
[2024-04-09T18:56:35.168+0000] {processor.py:161} INFO - Started process (PID=2314) to work on /home/airflow/.local/lib/python3.12/site-packages/airflow/example_dags/example_xcom.py
[2024-04-09T18:56:35.169+0000] {processor.py:830} INFO - Processing file /home/airflow/.local/lib/python3.12/site-packages/airflow/example_dags/example_xcom.py for tasks to queue
[2024-04-09T18:56:35.172+0000] {logging_mixin.py:188} INFO - [2024-04-09T18:56:35.171+0000] {dagbag.py:540} INFO - Filling up the DagBag from /home/airflow/.local/lib/python3.12/site-packages/airflow/example_dags/example_xcom.py
[2024-04-09T18:56:35.180+0000] {processor.py:840} INFO - DAG(s) 'example_xcom' retrieved from /home/airflow/.local/lib/python3.12/site-packages/airflow/example_dags/example_xcom.py
[2024-04-09T18:56:35.204+0000] {logging_mixin.py:188} INFO - [2024-04-09T18:56:35.204+0000] {dag.py:3096} INFO - Sync 1 DAGs
[2024-04-09T18:56:35.241+0000] {logging_mixin.py:188} INFO - [2024-04-09T18:56:35.240+0000] {dag.py:3954} INFO - Setting next_dagrun for example_xcom to 2021-01-01 00:00:00+00:00, run_after=2021-01-01 00:00:00+00:00
[2024-04-09T18:56:35.265+0000] {processor.py:183} INFO - Processing /home/airflow/.local/lib/python3.12/site-packages/airflow/example_dags/example_xcom.py took 0.104 seconds
[2024-04-09T18:57:05.828+0000] {processor.py:161} INFO - Started process (PID=2578) to work on /home/airflow/.local/lib/python3.12/site-packages/airflow/example_dags/example_xcom.py
[2024-04-09T18:57:05.830+0000] {processor.py:830} INFO - Processing file /home/airflow/.local/lib/python3.12/site-packages/airflow/example_dags/example_xcom.py for tasks to queue
[2024-04-09T18:57:05.832+0000] {logging_mixin.py:188} INFO - [2024-04-09T18:57:05.832+0000] {dagbag.py:540} INFO - Filling up the DagBag from /home/airflow/.local/lib/python3.12/site-packages/airflow/example_dags/example_xcom.py
[2024-04-09T18:57:05.841+0000] {processor.py:840} INFO - DAG(s) 'example_xcom' retrieved from /home/airflow/.local/lib/python3.12/site-packages/airflow/example_dags/example_xcom.py
[2024-04-09T18:57:05.865+0000] {logging_mixin.py:188} INFO - [2024-04-09T18:57:05.864+0000] {dag.py:3096} INFO - Sync 1 DAGs
[2024-04-09T18:57:05.893+0000] {logging_mixin.py:188} INFO - [2024-04-09T18:57:05.893+0000] {dag.py:3954} INFO - Setting next_dagrun for example_xcom to 2021-01-01 00:00:00+00:00, run_after=2021-01-01 00:00:00+00:00
[2024-04-09T18:57:05.938+0000] {processor.py:183} INFO - Processing /home/airflow/.local/lib/python3.12/site-packages/airflow/example_dags/example_xcom.py took 0.117 seconds
[2024-04-09T18:57:36.111+0000] {processor.py:161} INFO - Started process (PID=2848) to work on /home/airflow/.local/lib/python3.12/site-packages/airflow/example_dags/example_xcom.py
[2024-04-09T18:57:36.111+0000] {processor.py:830} INFO - Processing file /home/airflow/.local/lib/python3.12/site-packages/airflow/example_dags/example_xcom.py for tasks to queue
[2024-04-09T18:57:36.113+0000] {logging_mixin.py:188} INFO - [2024-04-09T18:57:36.113+0000] {dagbag.py:540} INFO - Filling up the DagBag from /home/airflow/.local/lib/python3.12/site-packages/airflow/example_dags/example_xcom.py
[2024-04-09T18:57:36.122+0000] {processor.py:840} INFO - DAG(s) 'example_xcom' retrieved from /home/airflow/.local/lib/python3.12/site-packages/airflow/example_dags/example_xcom.py
[2024-04-09T18:57:36.145+0000] {logging_mixin.py:188} INFO - [2024-04-09T18:57:36.144+0000] {dag.py:3096} INFO - Sync 1 DAGs
[2024-04-09T18:57:36.170+0000] {logging_mixin.py:188} INFO - [2024-04-09T18:57:36.169+0000] {dag.py:3954} INFO - Setting next_dagrun for example_xcom to 2021-01-01 00:00:00+00:00, run_after=2021-01-01 00:00:00+00:00
[2024-04-09T18:57:36.211+0000] {processor.py:183} INFO - Processing /home/airflow/.local/lib/python3.12/site-packages/airflow/example_dags/example_xcom.py took 0.107 seconds
[2024-04-09T18:58:06.516+0000] {processor.py:161} INFO - Started process (PID=3120) to work on /home/airflow/.local/lib/python3.12/site-packages/airflow/example_dags/example_xcom.py
[2024-04-09T18:58:06.517+0000] {processor.py:830} INFO - Processing file /home/airflow/.local/lib/python3.12/site-packages/airflow/example_dags/example_xcom.py for tasks to queue
[2024-04-09T18:58:06.519+0000] {logging_mixin.py:188} INFO - [2024-04-09T18:58:06.518+0000] {dagbag.py:540} INFO - Filling up the DagBag from /home/airflow/.local/lib/python3.12/site-packages/airflow/example_dags/example_xcom.py
[2024-04-09T18:58:06.527+0000] {processor.py:840} INFO - DAG(s) 'example_xcom' retrieved from /home/airflow/.local/lib/python3.12/site-packages/airflow/example_dags/example_xcom.py
[2024-04-09T18:58:06.551+0000] {logging_mixin.py:188} INFO - [2024-04-09T18:58:06.550+0000] {dag.py:3096} INFO - Sync 1 DAGs
[2024-04-09T18:58:06.579+0000] {logging_mixin.py:188} INFO - [2024-04-09T18:58:06.579+0000] {dag.py:3954} INFO - Setting next_dagrun for example_xcom to 2021-01-01 00:00:00+00:00, run_after=2021-01-01 00:00:00+00:00
[2024-04-09T18:58:06.605+0000] {processor.py:183} INFO - Processing /home/airflow/.local/lib/python3.12/site-packages/airflow/example_dags/example_xcom.py took 0.096 seconds
[2024-04-09T18:58:36.676+0000] {processor.py:161} INFO - Started process (PID=3390) to work on /home/airflow/.local/lib/python3.12/site-packages/airflow/example_dags/example_xcom.py
[2024-04-09T18:58:36.677+0000] {processor.py:830} INFO - Processing file /home/airflow/.local/lib/python3.12/site-packages/airflow/example_dags/example_xcom.py for tasks to queue
[2024-04-09T18:58:36.679+0000] {logging_mixin.py:188} INFO - [2024-04-09T18:58:36.678+0000] {dagbag.py:540} INFO - Filling up the DagBag from /home/airflow/.local/lib/python3.12/site-packages/airflow/example_dags/example_xcom.py
[2024-04-09T18:58:36.685+0000] {processor.py:840} INFO - DAG(s) 'example_xcom' retrieved from /home/airflow/.local/lib/python3.12/site-packages/airflow/example_dags/example_xcom.py
[2024-04-09T18:58:36.708+0000] {logging_mixin.py:188} INFO - [2024-04-09T18:58:36.708+0000] {dag.py:3096} INFO - Sync 1 DAGs
[2024-04-09T18:58:36.730+0000] {logging_mixin.py:188} INFO - [2024-04-09T18:58:36.730+0000] {dag.py:3954} INFO - Setting next_dagrun for example_xcom to 2021-01-01 00:00:00+00:00, run_after=2021-01-01 00:00:00+00:00
[2024-04-09T18:58:36.760+0000] {processor.py:183} INFO - Processing /home/airflow/.local/lib/python3.12/site-packages/airflow/example_dags/example_xcom.py took 0.089 seconds
[2024-04-09T18:59:06.912+0000] {processor.py:161} INFO - Started process (PID=3659) to work on /home/airflow/.local/lib/python3.12/site-packages/airflow/example_dags/example_xcom.py
[2024-04-09T18:59:06.913+0000] {processor.py:830} INFO - Processing file /home/airflow/.local/lib/python3.12/site-packages/airflow/example_dags/example_xcom.py for tasks to queue
[2024-04-09T18:59:06.915+0000] {logging_mixin.py:188} INFO - [2024-04-09T18:59:06.914+0000] {dagbag.py:540} INFO - Filling up the DagBag from /home/airflow/.local/lib/python3.12/site-packages/airflow/example_dags/example_xcom.py
[2024-04-09T18:59:06.924+0000] {processor.py:840} INFO - DAG(s) 'example_xcom' retrieved from /home/airflow/.local/lib/python3.12/site-packages/airflow/example_dags/example_xcom.py
[2024-04-09T18:59:06.956+0000] {logging_mixin.py:188} INFO - [2024-04-09T18:59:06.956+0000] {dag.py:3096} INFO - Sync 1 DAGs
[2024-04-09T18:59:06.989+0000] {logging_mixin.py:188} INFO - [2024-04-09T18:59:06.989+0000] {dag.py:3954} INFO - Setting next_dagrun for example_xcom to 2021-01-01 00:00:00+00:00, run_after=2021-01-01 00:00:00+00:00
[2024-04-09T18:59:07.012+0000] {processor.py:183} INFO - Processing /home/airflow/.local/lib/python3.12/site-packages/airflow/example_dags/example_xcom.py took 0.106 seconds
[2024-04-09T18:59:37.425+0000] {processor.py:161} INFO - Started process (PID=3937) to work on /home/airflow/.local/lib/python3.12/site-packages/airflow/example_dags/example_xcom.py
[2024-04-09T18:59:37.429+0000] {processor.py:830} INFO - Processing file /home/airflow/.local/lib/python3.12/site-packages/airflow/example_dags/example_xcom.py for tasks to queue
[2024-04-09T18:59:37.430+0000] {logging_mixin.py:188} INFO - [2024-04-09T18:59:37.430+0000] {dagbag.py:540} INFO - Filling up the DagBag from /home/airflow/.local/lib/python3.12/site-packages/airflow/example_dags/example_xcom.py
[2024-04-09T18:59:37.440+0000] {processor.py:840} INFO - DAG(s) 'example_xcom' retrieved from /home/airflow/.local/lib/python3.12/site-packages/airflow/example_dags/example_xcom.py
[2024-04-09T18:59:37.464+0000] {logging_mixin.py:188} INFO - [2024-04-09T18:59:37.463+0000] {dag.py:3096} INFO - Sync 1 DAGs
[2024-04-09T18:59:37.490+0000] {logging_mixin.py:188} INFO - [2024-04-09T18:59:37.490+0000] {dag.py:3954} INFO - Setting next_dagrun for example_xcom to 2021-01-01 00:00:00+00:00, run_after=2021-01-01 00:00:00+00:00
[2024-04-09T18:59:37.528+0000] {processor.py:183} INFO - Processing /home/airflow/.local/lib/python3.12/site-packages/airflow/example_dags/example_xcom.py took 0.120 seconds
[2024-04-09T19:00:07.722+0000] {processor.py:161} INFO - Started process (PID=4209) to work on /home/airflow/.local/lib/python3.12/site-packages/airflow/example_dags/example_xcom.py
[2024-04-09T19:00:07.724+0000] {processor.py:830} INFO - Processing file /home/airflow/.local/lib/python3.12/site-packages/airflow/example_dags/example_xcom.py for tasks to queue
[2024-04-09T19:00:07.726+0000] {logging_mixin.py:188} INFO - [2024-04-09T19:00:07.725+0000] {dagbag.py:540} INFO - Filling up the DagBag from /home/airflow/.local/lib/python3.12/site-packages/airflow/example_dags/example_xcom.py
[2024-04-09T19:00:07.736+0000] {processor.py:840} INFO - DAG(s) 'example_xcom' retrieved from /home/airflow/.local/lib/python3.12/site-packages/airflow/example_dags/example_xcom.py
[2024-04-09T19:00:07.761+0000] {logging_mixin.py:188} INFO - [2024-04-09T19:00:07.760+0000] {dag.py:3096} INFO - Sync 1 DAGs
[2024-04-09T19:00:07.785+0000] {logging_mixin.py:188} INFO - [2024-04-09T19:00:07.785+0000] {dag.py:3954} INFO - Setting next_dagrun for example_xcom to 2021-01-01 00:00:00+00:00, run_after=2021-01-01 00:00:00+00:00
[2024-04-09T19:00:07.809+0000] {processor.py:183} INFO - Processing /home/airflow/.local/lib/python3.12/site-packages/airflow/example_dags/example_xcom.py took 0.093 seconds
[2024-04-09T19:00:38.681+0000] {processor.py:161} INFO - Started process (PID=4482) to work on /home/airflow/.local/lib/python3.12/site-packages/airflow/example_dags/example_xcom.py
[2024-04-09T19:00:38.682+0000] {processor.py:830} INFO - Processing file /home/airflow/.local/lib/python3.12/site-packages/airflow/example_dags/example_xcom.py for tasks to queue
[2024-04-09T19:00:38.684+0000] {logging_mixin.py:188} INFO - [2024-04-09T19:00:38.684+0000] {dagbag.py:540} INFO - Filling up the DagBag from /home/airflow/.local/lib/python3.12/site-packages/airflow/example_dags/example_xcom.py
[2024-04-09T19:00:38.693+0000] {processor.py:840} INFO - DAG(s) 'example_xcom' retrieved from /home/airflow/.local/lib/python3.12/site-packages/airflow/example_dags/example_xcom.py
[2024-04-09T19:00:38.729+0000] {logging_mixin.py:188} INFO - [2024-04-09T19:00:38.729+0000] {dag.py:3096} INFO - Sync 1 DAGs
[2024-04-09T19:00:38.753+0000] {logging_mixin.py:188} INFO - [2024-04-09T19:00:38.753+0000] {dag.py:3954} INFO - Setting next_dagrun for example_xcom to 2021-01-01 00:00:00+00:00, run_after=2021-01-01 00:00:00+00:00
[2024-04-09T19:00:38.778+0000] {processor.py:183} INFO - Processing /home/airflow/.local/lib/python3.12/site-packages/airflow/example_dags/example_xcom.py took 0.104 seconds
[2024-04-09T19:01:08.934+0000] {processor.py:161} INFO - Started process (PID=4754) to work on /home/airflow/.local/lib/python3.12/site-packages/airflow/example_dags/example_xcom.py
[2024-04-09T19:01:08.935+0000] {processor.py:830} INFO - Processing file /home/airflow/.local/lib/python3.12/site-packages/airflow/example_dags/example_xcom.py for tasks to queue
[2024-04-09T19:01:08.937+0000] {logging_mixin.py:188} INFO - [2024-04-09T19:01:08.936+0000] {dagbag.py:540} INFO - Filling up the DagBag from /home/airflow/.local/lib/python3.12/site-packages/airflow/example_dags/example_xcom.py
[2024-04-09T19:01:08.945+0000] {processor.py:840} INFO - DAG(s) 'example_xcom' retrieved from /home/airflow/.local/lib/python3.12/site-packages/airflow/example_dags/example_xcom.py
[2024-04-09T19:01:08.969+0000] {logging_mixin.py:188} INFO - [2024-04-09T19:01:08.968+0000] {dag.py:3096} INFO - Sync 1 DAGs
[2024-04-09T19:01:08.998+0000] {logging_mixin.py:188} INFO - [2024-04-09T19:01:08.998+0000] {dag.py:3954} INFO - Setting next_dagrun for example_xcom to 2021-01-01 00:00:00+00:00, run_after=2021-01-01 00:00:00+00:00
[2024-04-09T19:01:09.022+0000] {processor.py:183} INFO - Processing /home/airflow/.local/lib/python3.12/site-packages/airflow/example_dags/example_xcom.py took 0.095 seconds
[2024-04-09T19:01:39.369+0000] {processor.py:161} INFO - Started process (PID=5028) to work on /home/airflow/.local/lib/python3.12/site-packages/airflow/example_dags/example_xcom.py
[2024-04-09T19:01:39.369+0000] {processor.py:830} INFO - Processing file /home/airflow/.local/lib/python3.12/site-packages/airflow/example_dags/example_xcom.py for tasks to queue
[2024-04-09T19:01:39.371+0000] {logging_mixin.py:188} INFO - [2024-04-09T19:01:39.371+0000] {dagbag.py:540} INFO - Filling up the DagBag from /home/airflow/.local/lib/python3.12/site-packages/airflow/example_dags/example_xcom.py
[2024-04-09T19:01:39.380+0000] {processor.py:840} INFO - DAG(s) 'example_xcom' retrieved from /home/airflow/.local/lib/python3.12/site-packages/airflow/example_dags/example_xcom.py
[2024-04-09T19:01:39.418+0000] {logging_mixin.py:188} INFO - [2024-04-09T19:01:39.418+0000] {dag.py:3096} INFO - Sync 1 DAGs
[2024-04-09T19:01:39.453+0000] {logging_mixin.py:188} INFO - [2024-04-09T19:01:39.453+0000] {dag.py:3954} INFO - Setting next_dagrun for example_xcom to 2021-01-01 00:00:00+00:00, run_after=2021-01-01 00:00:00+00:00
[2024-04-09T19:01:39.480+0000] {processor.py:183} INFO - Processing /home/airflow/.local/lib/python3.12/site-packages/airflow/example_dags/example_xcom.py took 0.118 seconds
[2024-04-09T19:02:09.709+0000] {processor.py:161} INFO - Started process (PID=5300) to work on /home/airflow/.local/lib/python3.12/site-packages/airflow/example_dags/example_xcom.py
[2024-04-09T19:02:09.710+0000] {processor.py:830} INFO - Processing file /home/airflow/.local/lib/python3.12/site-packages/airflow/example_dags/example_xcom.py for tasks to queue
[2024-04-09T19:02:09.712+0000] {logging_mixin.py:188} INFO - [2024-04-09T19:02:09.711+0000] {dagbag.py:540} INFO - Filling up the DagBag from /home/airflow/.local/lib/python3.12/site-packages/airflow/example_dags/example_xcom.py
[2024-04-09T19:02:09.720+0000] {processor.py:840} INFO - DAG(s) 'example_xcom' retrieved from /home/airflow/.local/lib/python3.12/site-packages/airflow/example_dags/example_xcom.py
[2024-04-09T19:02:09.746+0000] {logging_mixin.py:188} INFO - [2024-04-09T19:02:09.746+0000] {dag.py:3096} INFO - Sync 1 DAGs
[2024-04-09T19:02:09.772+0000] {logging_mixin.py:188} INFO - [2024-04-09T19:02:09.771+0000] {dag.py:3954} INFO - Setting next_dagrun for example_xcom to 2021-01-01 00:00:00+00:00, run_after=2021-01-01 00:00:00+00:00
[2024-04-09T19:02:09.795+0000] {processor.py:183} INFO - Processing /home/airflow/.local/lib/python3.12/site-packages/airflow/example_dags/example_xcom.py took 0.092 seconds
[2024-04-09T19:02:39.829+0000] {processor.py:161} INFO - Started process (PID=5572) to work on /home/airflow/.local/lib/python3.12/site-packages/airflow/example_dags/example_xcom.py
[2024-04-09T19:02:39.830+0000] {processor.py:830} INFO - Processing file /home/airflow/.local/lib/python3.12/site-packages/airflow/example_dags/example_xcom.py for tasks to queue
[2024-04-09T19:02:39.831+0000] {logging_mixin.py:188} INFO - [2024-04-09T19:02:39.831+0000] {dagbag.py:540} INFO - Filling up the DagBag from /home/airflow/.local/lib/python3.12/site-packages/airflow/example_dags/example_xcom.py
[2024-04-09T19:02:39.837+0000] {processor.py:840} INFO - DAG(s) 'example_xcom' retrieved from /home/airflow/.local/lib/python3.12/site-packages/airflow/example_dags/example_xcom.py
[2024-04-09T19:02:39.855+0000] {logging_mixin.py:188} INFO - [2024-04-09T19:02:39.854+0000] {dag.py:3096} INFO - Sync 1 DAGs
[2024-04-09T19:02:39.872+0000] {logging_mixin.py:188} INFO - [2024-04-09T19:02:39.872+0000] {dag.py:3954} INFO - Setting next_dagrun for example_xcom to 2021-01-01 00:00:00+00:00, run_after=2021-01-01 00:00:00+00:00
[2024-04-09T19:02:39.892+0000] {processor.py:183} INFO - Processing /home/airflow/.local/lib/python3.12/site-packages/airflow/example_dags/example_xcom.py took 0.068 seconds
[2024-04-09T19:03:10.155+0000] {processor.py:161} INFO - Started process (PID=5844) to work on /home/airflow/.local/lib/python3.12/site-packages/airflow/example_dags/example_xcom.py
[2024-04-09T19:03:10.156+0000] {processor.py:830} INFO - Processing file /home/airflow/.local/lib/python3.12/site-packages/airflow/example_dags/example_xcom.py for tasks to queue
[2024-04-09T19:03:10.159+0000] {logging_mixin.py:188} INFO - [2024-04-09T19:03:10.158+0000] {dagbag.py:540} INFO - Filling up the DagBag from /home/airflow/.local/lib/python3.12/site-packages/airflow/example_dags/example_xcom.py
[2024-04-09T19:03:10.167+0000] {processor.py:840} INFO - DAG(s) 'example_xcom' retrieved from /home/airflow/.local/lib/python3.12/site-packages/airflow/example_dags/example_xcom.py
[2024-04-09T19:03:10.193+0000] {logging_mixin.py:188} INFO - [2024-04-09T19:03:10.193+0000] {dag.py:3096} INFO - Sync 1 DAGs
[2024-04-09T19:03:10.220+0000] {logging_mixin.py:188} INFO - [2024-04-09T19:03:10.219+0000] {dag.py:3954} INFO - Setting next_dagrun for example_xcom to 2021-01-01 00:00:00+00:00, run_after=2021-01-01 00:00:00+00:00
[2024-04-09T19:03:10.245+0000] {processor.py:183} INFO - Processing /home/airflow/.local/lib/python3.12/site-packages/airflow/example_dags/example_xcom.py took 0.095 seconds
[2024-04-09T19:03:40.373+0000] {processor.py:161} INFO - Started process (PID=6117) to work on /home/airflow/.local/lib/python3.12/site-packages/airflow/example_dags/example_xcom.py
[2024-04-09T19:03:40.374+0000] {processor.py:830} INFO - Processing file /home/airflow/.local/lib/python3.12/site-packages/airflow/example_dags/example_xcom.py for tasks to queue
[2024-04-09T19:03:40.376+0000] {logging_mixin.py:188} INFO - [2024-04-09T19:03:40.375+0000] {dagbag.py:540} INFO - Filling up the DagBag from /home/airflow/.local/lib/python3.12/site-packages/airflow/example_dags/example_xcom.py
[2024-04-09T19:03:40.385+0000] {processor.py:840} INFO - DAG(s) 'example_xcom' retrieved from /home/airflow/.local/lib/python3.12/site-packages/airflow/example_dags/example_xcom.py
[2024-04-09T19:03:40.413+0000] {logging_mixin.py:188} INFO - [2024-04-09T19:03:40.413+0000] {dag.py:3096} INFO - Sync 1 DAGs
[2024-04-09T19:03:40.439+0000] {logging_mixin.py:188} INFO - [2024-04-09T19:03:40.439+0000] {dag.py:3954} INFO - Setting next_dagrun for example_xcom to 2021-01-01 00:00:00+00:00, run_after=2021-01-01 00:00:00+00:00
[2024-04-09T19:03:40.462+0000] {processor.py:183} INFO - Processing /home/airflow/.local/lib/python3.12/site-packages/airflow/example_dags/example_xcom.py took 0.096 seconds
[2024-04-09T19:04:11.006+0000] {processor.py:161} INFO - Started process (PID=6388) to work on /home/airflow/.local/lib/python3.12/site-packages/airflow/example_dags/example_xcom.py
[2024-04-09T19:04:11.007+0000] {processor.py:830} INFO - Processing file /home/airflow/.local/lib/python3.12/site-packages/airflow/example_dags/example_xcom.py for tasks to queue
[2024-04-09T19:04:11.009+0000] {logging_mixin.py:188} INFO - [2024-04-09T19:04:11.009+0000] {dagbag.py:540} INFO - Filling up the DagBag from /home/airflow/.local/lib/python3.12/site-packages/airflow/example_dags/example_xcom.py
[2024-04-09T19:04:11.028+0000] {processor.py:840} INFO - DAG(s) 'example_xcom' retrieved from /home/airflow/.local/lib/python3.12/site-packages/airflow/example_dags/example_xcom.py
[2024-04-09T19:04:11.076+0000] {logging_mixin.py:188} INFO - [2024-04-09T19:04:11.075+0000] {dag.py:3096} INFO - Sync 1 DAGs
[2024-04-09T19:04:11.128+0000] {logging_mixin.py:188} INFO - [2024-04-09T19:04:11.124+0000] {dag.py:3954} INFO - Setting next_dagrun for example_xcom to 2021-01-01 00:00:00+00:00, run_after=2021-01-01 00:00:00+00:00
[2024-04-09T19:04:11.169+0000] {processor.py:183} INFO - Processing /home/airflow/.local/lib/python3.12/site-packages/airflow/example_dags/example_xcom.py took 0.176 seconds
[2024-04-09T19:04:41.280+0000] {processor.py:161} INFO - Started process (PID=6663) to work on /home/airflow/.local/lib/python3.12/site-packages/airflow/example_dags/example_xcom.py
[2024-04-09T19:04:41.281+0000] {processor.py:830} INFO - Processing file /home/airflow/.local/lib/python3.12/site-packages/airflow/example_dags/example_xcom.py for tasks to queue
[2024-04-09T19:04:41.283+0000] {logging_mixin.py:188} INFO - [2024-04-09T19:04:41.283+0000] {dagbag.py:540} INFO - Filling up the DagBag from /home/airflow/.local/lib/python3.12/site-packages/airflow/example_dags/example_xcom.py
[2024-04-09T19:04:41.307+0000] {processor.py:840} INFO - DAG(s) 'example_xcom' retrieved from /home/airflow/.local/lib/python3.12/site-packages/airflow/example_dags/example_xcom.py
[2024-04-09T19:04:41.374+0000] {logging_mixin.py:188} INFO - [2024-04-09T19:04:41.374+0000] {dag.py:3096} INFO - Sync 1 DAGs
[2024-04-09T19:04:41.412+0000] {logging_mixin.py:188} INFO - [2024-04-09T19:04:41.412+0000] {dag.py:3954} INFO - Setting next_dagrun for example_xcom to 2021-01-01 00:00:00+00:00, run_after=2021-01-01 00:00:00+00:00
[2024-04-09T19:04:41.435+0000] {processor.py:183} INFO - Processing /home/airflow/.local/lib/python3.12/site-packages/airflow/example_dags/example_xcom.py took 0.161 seconds
[2024-04-09T19:05:11.907+0000] {processor.py:161} INFO - Started process (PID=6934) to work on /home/airflow/.local/lib/python3.12/site-packages/airflow/example_dags/example_xcom.py
[2024-04-09T19:05:11.908+0000] {processor.py:830} INFO - Processing file /home/airflow/.local/lib/python3.12/site-packages/airflow/example_dags/example_xcom.py for tasks to queue
[2024-04-09T19:05:11.910+0000] {logging_mixin.py:188} INFO - [2024-04-09T19:05:11.909+0000] {dagbag.py:540} INFO - Filling up the DagBag from /home/airflow/.local/lib/python3.12/site-packages/airflow/example_dags/example_xcom.py
[2024-04-09T19:05:11.923+0000] {processor.py:840} INFO - DAG(s) 'example_xcom' retrieved from /home/airflow/.local/lib/python3.12/site-packages/airflow/example_dags/example_xcom.py
[2024-04-09T19:05:11.947+0000] {logging_mixin.py:188} INFO - [2024-04-09T19:05:11.947+0000] {dag.py:3096} INFO - Sync 1 DAGs
[2024-04-09T19:05:11.973+0000] {logging_mixin.py:188} INFO - [2024-04-09T19:05:11.973+0000] {dag.py:3954} INFO - Setting next_dagrun for example_xcom to 2021-01-01 00:00:00+00:00, run_after=2021-01-01 00:00:00+00:00
[2024-04-09T19:05:12.158+0000] {processor.py:183} INFO - Processing /home/airflow/.local/lib/python3.12/site-packages/airflow/example_dags/example_xcom.py took 0.258 seconds
[2024-04-09T19:05:42.211+0000] {processor.py:161} INFO - Started process (PID=7206) to work on /home/airflow/.local/lib/python3.12/site-packages/airflow/example_dags/example_xcom.py
[2024-04-09T19:05:42.213+0000] {processor.py:830} INFO - Processing file /home/airflow/.local/lib/python3.12/site-packages/airflow/example_dags/example_xcom.py for tasks to queue
[2024-04-09T19:05:42.215+0000] {logging_mixin.py:188} INFO - [2024-04-09T19:05:42.214+0000] {dagbag.py:540} INFO - Filling up the DagBag from /home/airflow/.local/lib/python3.12/site-packages/airflow/example_dags/example_xcom.py
[2024-04-09T19:05:42.223+0000] {processor.py:840} INFO - DAG(s) 'example_xcom' retrieved from /home/airflow/.local/lib/python3.12/site-packages/airflow/example_dags/example_xcom.py
[2024-04-09T19:05:42.246+0000] {logging_mixin.py:188} INFO - [2024-04-09T19:05:42.246+0000] {dag.py:3096} INFO - Sync 1 DAGs
[2024-04-09T19:05:42.270+0000] {logging_mixin.py:188} INFO - [2024-04-09T19:05:42.270+0000] {dag.py:3954} INFO - Setting next_dagrun for example_xcom to 2021-01-01 00:00:00+00:00, run_after=2021-01-01 00:00:00+00:00
[2024-04-09T19:05:42.294+0000] {processor.py:183} INFO - Processing /home/airflow/.local/lib/python3.12/site-packages/airflow/example_dags/example_xcom.py took 0.090 seconds
[2024-04-09T19:06:12.916+0000] {processor.py:161} INFO - Started process (PID=7478) to work on /home/airflow/.local/lib/python3.12/site-packages/airflow/example_dags/example_xcom.py
[2024-04-09T19:06:12.918+0000] {processor.py:830} INFO - Processing file /home/airflow/.local/lib/python3.12/site-packages/airflow/example_dags/example_xcom.py for tasks to queue
[2024-04-09T19:06:12.920+0000] {logging_mixin.py:188} INFO - [2024-04-09T19:06:12.919+0000] {dagbag.py:540} INFO - Filling up the DagBag from /home/airflow/.local/lib/python3.12/site-packages/airflow/example_dags/example_xcom.py
[2024-04-09T19:06:12.929+0000] {processor.py:840} INFO - DAG(s) 'example_xcom' retrieved from /home/airflow/.local/lib/python3.12/site-packages/airflow/example_dags/example_xcom.py
[2024-04-09T19:06:12.953+0000] {logging_mixin.py:188} INFO - [2024-04-09T19:06:12.953+0000] {dag.py:3096} INFO - Sync 1 DAGs
[2024-04-09T19:06:12.977+0000] {logging_mixin.py:188} INFO - [2024-04-09T19:06:12.977+0000] {dag.py:3954} INFO - Setting next_dagrun for example_xcom to 2021-01-01 00:00:00+00:00, run_after=2021-01-01 00:00:00+00:00
[2024-04-09T19:06:13.001+0000] {processor.py:183} INFO - Processing /home/airflow/.local/lib/python3.12/site-packages/airflow/example_dags/example_xcom.py took 0.091 seconds
[2024-04-09T19:06:43.080+0000] {processor.py:161} INFO - Started process (PID=7751) to work on /home/airflow/.local/lib/python3.12/site-packages/airflow/example_dags/example_xcom.py
[2024-04-09T19:06:43.081+0000] {processor.py:830} INFO - Processing file /home/airflow/.local/lib/python3.12/site-packages/airflow/example_dags/example_xcom.py for tasks to queue
[2024-04-09T19:06:43.084+0000] {logging_mixin.py:188} INFO - [2024-04-09T19:06:43.083+0000] {dagbag.py:540} INFO - Filling up the DagBag from /home/airflow/.local/lib/python3.12/site-packages/airflow/example_dags/example_xcom.py
[2024-04-09T19:06:43.093+0000] {processor.py:840} INFO - DAG(s) 'example_xcom' retrieved from /home/airflow/.local/lib/python3.12/site-packages/airflow/example_dags/example_xcom.py
[2024-04-09T19:06:43.119+0000] {logging_mixin.py:188} INFO - [2024-04-09T19:06:43.119+0000] {dag.py:3096} INFO - Sync 1 DAGs
[2024-04-09T19:06:43.143+0000] {logging_mixin.py:188} INFO - [2024-04-09T19:06:43.142+0000] {dag.py:3954} INFO - Setting next_dagrun for example_xcom to 2021-01-01 00:00:00+00:00, run_after=2021-01-01 00:00:00+00:00
[2024-04-09T19:06:43.167+0000] {processor.py:183} INFO - Processing /home/airflow/.local/lib/python3.12/site-packages/airflow/example_dags/example_xcom.py took 0.094 seconds
[2024-04-09T19:07:13.974+0000] {processor.py:161} INFO - Started process (PID=8021) to work on /home/airflow/.local/lib/python3.12/site-packages/airflow/example_dags/example_xcom.py
[2024-04-09T19:07:13.980+0000] {processor.py:830} INFO - Processing file /home/airflow/.local/lib/python3.12/site-packages/airflow/example_dags/example_xcom.py for tasks to queue
[2024-04-09T19:07:13.982+0000] {logging_mixin.py:188} INFO - [2024-04-09T19:07:13.982+0000] {dagbag.py:540} INFO - Filling up the DagBag from /home/airflow/.local/lib/python3.12/site-packages/airflow/example_dags/example_xcom.py
[2024-04-09T19:07:13.997+0000] {processor.py:840} INFO - DAG(s) 'example_xcom' retrieved from /home/airflow/.local/lib/python3.12/site-packages/airflow/example_dags/example_xcom.py
[2024-04-09T19:07:14.078+0000] {logging_mixin.py:188} INFO - [2024-04-09T19:07:14.078+0000] {dag.py:3096} INFO - Sync 1 DAGs
[2024-04-09T19:07:14.129+0000] {logging_mixin.py:188} INFO - [2024-04-09T19:07:14.129+0000] {dag.py:3954} INFO - Setting next_dagrun for example_xcom to 2021-01-01 00:00:00+00:00, run_after=2021-01-01 00:00:00+00:00
[2024-04-09T19:07:14.163+0000] {processor.py:183} INFO - Processing /home/airflow/.local/lib/python3.12/site-packages/airflow/example_dags/example_xcom.py took 0.198 seconds
[2024-04-09T19:07:44.549+0000] {processor.py:161} INFO - Started process (PID=8294) to work on /home/airflow/.local/lib/python3.12/site-packages/airflow/example_dags/example_xcom.py
[2024-04-09T19:07:44.550+0000] {processor.py:830} INFO - Processing file /home/airflow/.local/lib/python3.12/site-packages/airflow/example_dags/example_xcom.py for tasks to queue
[2024-04-09T19:07:44.551+0000] {logging_mixin.py:188} INFO - [2024-04-09T19:07:44.551+0000] {dagbag.py:540} INFO - Filling up the DagBag from /home/airflow/.local/lib/python3.12/site-packages/airflow/example_dags/example_xcom.py
[2024-04-09T19:07:44.560+0000] {processor.py:840} INFO - DAG(s) 'example_xcom' retrieved from /home/airflow/.local/lib/python3.12/site-packages/airflow/example_dags/example_xcom.py
[2024-04-09T19:07:44.584+0000] {logging_mixin.py:188} INFO - [2024-04-09T19:07:44.584+0000] {dag.py:3096} INFO - Sync 1 DAGs
[2024-04-09T19:07:44.610+0000] {logging_mixin.py:188} INFO - [2024-04-09T19:07:44.609+0000] {dag.py:3954} INFO - Setting next_dagrun for example_xcom to 2021-01-01 00:00:00+00:00, run_after=2021-01-01 00:00:00+00:00
[2024-04-09T19:07:44.634+0000] {processor.py:183} INFO - Processing /home/airflow/.local/lib/python3.12/site-packages/airflow/example_dags/example_xcom.py took 0.092 seconds
[2024-04-09T19:08:15.484+0000] {processor.py:161} INFO - Started process (PID=8566) to work on /home/airflow/.local/lib/python3.12/site-packages/airflow/example_dags/example_xcom.py
[2024-04-09T19:08:15.485+0000] {processor.py:830} INFO - Processing file /home/airflow/.local/lib/python3.12/site-packages/airflow/example_dags/example_xcom.py for tasks to queue
[2024-04-09T19:08:15.487+0000] {logging_mixin.py:188} INFO - [2024-04-09T19:08:15.487+0000] {dagbag.py:540} INFO - Filling up the DagBag from /home/airflow/.local/lib/python3.12/site-packages/airflow/example_dags/example_xcom.py
[2024-04-09T19:08:15.497+0000] {processor.py:840} INFO - DAG(s) 'example_xcom' retrieved from /home/airflow/.local/lib/python3.12/site-packages/airflow/example_dags/example_xcom.py
[2024-04-09T19:08:15.552+0000] {logging_mixin.py:188} INFO - [2024-04-09T19:08:15.551+0000] {dag.py:3096} INFO - Sync 1 DAGs
[2024-04-09T19:08:15.582+0000] {logging_mixin.py:188} INFO - [2024-04-09T19:08:15.582+0000] {dag.py:3954} INFO - Setting next_dagrun for example_xcom to 2021-01-01 00:00:00+00:00, run_after=2021-01-01 00:00:00+00:00
[2024-04-09T19:08:15.613+0000] {processor.py:183} INFO - Processing /home/airflow/.local/lib/python3.12/site-packages/airflow/example_dags/example_xcom.py took 0.136 seconds
[2024-04-09T19:08:45.796+0000] {processor.py:161} INFO - Started process (PID=8838) to work on /home/airflow/.local/lib/python3.12/site-packages/airflow/example_dags/example_xcom.py
[2024-04-09T19:08:45.797+0000] {processor.py:830} INFO - Processing file /home/airflow/.local/lib/python3.12/site-packages/airflow/example_dags/example_xcom.py for tasks to queue
[2024-04-09T19:08:45.799+0000] {logging_mixin.py:188} INFO - [2024-04-09T19:08:45.799+0000] {dagbag.py:540} INFO - Filling up the DagBag from /home/airflow/.local/lib/python3.12/site-packages/airflow/example_dags/example_xcom.py
[2024-04-09T19:08:45.808+0000] {processor.py:840} INFO - DAG(s) 'example_xcom' retrieved from /home/airflow/.local/lib/python3.12/site-packages/airflow/example_dags/example_xcom.py
[2024-04-09T19:08:45.837+0000] {logging_mixin.py:188} INFO - [2024-04-09T19:08:45.836+0000] {dag.py:3096} INFO - Sync 1 DAGs
[2024-04-09T19:08:45.861+0000] {logging_mixin.py:188} INFO - [2024-04-09T19:08:45.861+0000] {dag.py:3954} INFO - Setting next_dagrun for example_xcom to 2021-01-01 00:00:00+00:00, run_after=2021-01-01 00:00:00+00:00
[2024-04-09T19:08:45.893+0000] {processor.py:183} INFO - Processing /home/airflow/.local/lib/python3.12/site-packages/airflow/example_dags/example_xcom.py took 0.105 seconds
[2024-04-09T19:09:16.512+0000] {processor.py:161} INFO - Started process (PID=9111) to work on /home/airflow/.local/lib/python3.12/site-packages/airflow/example_dags/example_xcom.py
[2024-04-09T19:09:16.513+0000] {processor.py:830} INFO - Processing file /home/airflow/.local/lib/python3.12/site-packages/airflow/example_dags/example_xcom.py for tasks to queue
[2024-04-09T19:09:16.514+0000] {logging_mixin.py:188} INFO - [2024-04-09T19:09:16.514+0000] {dagbag.py:540} INFO - Filling up the DagBag from /home/airflow/.local/lib/python3.12/site-packages/airflow/example_dags/example_xcom.py
[2024-04-09T19:09:16.524+0000] {processor.py:840} INFO - DAG(s) 'example_xcom' retrieved from /home/airflow/.local/lib/python3.12/site-packages/airflow/example_dags/example_xcom.py
[2024-04-09T19:09:16.548+0000] {logging_mixin.py:188} INFO - [2024-04-09T19:09:16.548+0000] {dag.py:3096} INFO - Sync 1 DAGs
[2024-04-09T19:09:16.572+0000] {logging_mixin.py:188} INFO - [2024-04-09T19:09:16.571+0000] {dag.py:3954} INFO - Setting next_dagrun for example_xcom to 2021-01-01 00:00:00+00:00, run_after=2021-01-01 00:00:00+00:00
[2024-04-09T19:09:16.595+0000] {processor.py:183} INFO - Processing /home/airflow/.local/lib/python3.12/site-packages/airflow/example_dags/example_xcom.py took 0.091 seconds
[2024-04-09T19:09:47.150+0000] {processor.py:161} INFO - Started process (PID=9383) to work on /home/airflow/.local/lib/python3.12/site-packages/airflow/example_dags/example_xcom.py
[2024-04-09T19:09:47.151+0000] {processor.py:830} INFO - Processing file /home/airflow/.local/lib/python3.12/site-packages/airflow/example_dags/example_xcom.py for tasks to queue
[2024-04-09T19:09:47.154+0000] {logging_mixin.py:188} INFO - [2024-04-09T19:09:47.153+0000] {dagbag.py:540} INFO - Filling up the DagBag from /home/airflow/.local/lib/python3.12/site-packages/airflow/example_dags/example_xcom.py
[2024-04-09T19:09:47.163+0000] {processor.py:840} INFO - DAG(s) 'example_xcom' retrieved from /home/airflow/.local/lib/python3.12/site-packages/airflow/example_dags/example_xcom.py
[2024-04-09T19:09:47.206+0000] {logging_mixin.py:188} INFO - [2024-04-09T19:09:47.205+0000] {dag.py:3096} INFO - Sync 1 DAGs
[2024-04-09T19:09:47.230+0000] {logging_mixin.py:188} INFO - [2024-04-09T19:09:47.230+0000] {dag.py:3954} INFO - Setting next_dagrun for example_xcom to 2021-01-01 00:00:00+00:00, run_after=2021-01-01 00:00:00+00:00
[2024-04-09T19:09:47.252+0000] {processor.py:183} INFO - Processing /home/airflow/.local/lib/python3.12/site-packages/airflow/example_dags/example_xcom.py took 0.109 seconds
[2024-04-09T19:10:17.486+0000] {processor.py:161} INFO - Started process (PID=9658) to work on /home/airflow/.local/lib/python3.12/site-packages/airflow/example_dags/example_xcom.py
[2024-04-09T19:10:17.487+0000] {processor.py:830} INFO - Processing file /home/airflow/.local/lib/python3.12/site-packages/airflow/example_dags/example_xcom.py for tasks to queue
[2024-04-09T19:10:17.488+0000] {logging_mixin.py:188} INFO - [2024-04-09T19:10:17.488+0000] {dagbag.py:540} INFO - Filling up the DagBag from /home/airflow/.local/lib/python3.12/site-packages/airflow/example_dags/example_xcom.py
[2024-04-09T19:10:17.494+0000] {processor.py:840} INFO - DAG(s) 'example_xcom' retrieved from /home/airflow/.local/lib/python3.12/site-packages/airflow/example_dags/example_xcom.py
[2024-04-09T19:10:17.514+0000] {logging_mixin.py:188} INFO - [2024-04-09T19:10:17.514+0000] {dag.py:3096} INFO - Sync 1 DAGs
[2024-04-09T19:10:17.532+0000] {logging_mixin.py:188} INFO - [2024-04-09T19:10:17.532+0000] {dag.py:3954} INFO - Setting next_dagrun for example_xcom to 2021-01-01 00:00:00+00:00, run_after=2021-01-01 00:00:00+00:00
[2024-04-09T19:10:17.550+0000] {processor.py:183} INFO - Processing /home/airflow/.local/lib/python3.12/site-packages/airflow/example_dags/example_xcom.py took 0.070 seconds
[2024-04-09T19:10:48.283+0000] {processor.py:161} INFO - Started process (PID=9923) to work on /home/airflow/.local/lib/python3.12/site-packages/airflow/example_dags/example_xcom.py
[2024-04-09T19:10:48.291+0000] {processor.py:830} INFO - Processing file /home/airflow/.local/lib/python3.12/site-packages/airflow/example_dags/example_xcom.py for tasks to queue
[2024-04-09T19:10:48.296+0000] {logging_mixin.py:188} INFO - [2024-04-09T19:10:48.295+0000] {dagbag.py:540} INFO - Filling up the DagBag from /home/airflow/.local/lib/python3.12/site-packages/airflow/example_dags/example_xcom.py
[2024-04-09T19:10:48.305+0000] {processor.py:840} INFO - DAG(s) 'example_xcom' retrieved from /home/airflow/.local/lib/python3.12/site-packages/airflow/example_dags/example_xcom.py
[2024-04-09T19:10:48.330+0000] {logging_mixin.py:188} INFO - [2024-04-09T19:10:48.330+0000] {dag.py:3096} INFO - Sync 1 DAGs
[2024-04-09T19:10:48.354+0000] {logging_mixin.py:188} INFO - [2024-04-09T19:10:48.353+0000] {dag.py:3954} INFO - Setting next_dagrun for example_xcom to 2021-01-01 00:00:00+00:00, run_after=2021-01-01 00:00:00+00:00
[2024-04-09T19:10:48.377+0000] {processor.py:183} INFO - Processing /home/airflow/.local/lib/python3.12/site-packages/airflow/example_dags/example_xcom.py took 0.113 seconds
[2024-04-09T19:11:19.040+0000] {processor.py:161} INFO - Started process (PID=10197) to work on /home/airflow/.local/lib/python3.12/site-packages/airflow/example_dags/example_xcom.py
[2024-04-09T19:11:19.041+0000] {processor.py:830} INFO - Processing file /home/airflow/.local/lib/python3.12/site-packages/airflow/example_dags/example_xcom.py for tasks to queue
[2024-04-09T19:11:19.042+0000] {logging_mixin.py:188} INFO - [2024-04-09T19:11:19.042+0000] {dagbag.py:540} INFO - Filling up the DagBag from /home/airflow/.local/lib/python3.12/site-packages/airflow/example_dags/example_xcom.py
[2024-04-09T19:11:19.050+0000] {processor.py:840} INFO - DAG(s) 'example_xcom' retrieved from /home/airflow/.local/lib/python3.12/site-packages/airflow/example_dags/example_xcom.py
[2024-04-09T19:11:19.074+0000] {logging_mixin.py:188} INFO - [2024-04-09T19:11:19.074+0000] {dag.py:3096} INFO - Sync 1 DAGs
[2024-04-09T19:11:19.101+0000] {logging_mixin.py:188} INFO - [2024-04-09T19:11:19.100+0000] {dag.py:3954} INFO - Setting next_dagrun for example_xcom to 2021-01-01 00:00:00+00:00, run_after=2021-01-01 00:00:00+00:00
[2024-04-09T19:11:19.132+0000] {processor.py:183} INFO - Processing /home/airflow/.local/lib/python3.12/site-packages/airflow/example_dags/example_xcom.py took 0.099 seconds
[2024-04-09T19:11:49.755+0000] {processor.py:161} INFO - Started process (PID=10470) to work on /home/airflow/.local/lib/python3.12/site-packages/airflow/example_dags/example_xcom.py
[2024-04-09T19:11:49.756+0000] {processor.py:830} INFO - Processing file /home/airflow/.local/lib/python3.12/site-packages/airflow/example_dags/example_xcom.py for tasks to queue
[2024-04-09T19:11:49.758+0000] {logging_mixin.py:188} INFO - [2024-04-09T19:11:49.758+0000] {dagbag.py:540} INFO - Filling up the DagBag from /home/airflow/.local/lib/python3.12/site-packages/airflow/example_dags/example_xcom.py
[2024-04-09T19:11:49.769+0000] {processor.py:840} INFO - DAG(s) 'example_xcom' retrieved from /home/airflow/.local/lib/python3.12/site-packages/airflow/example_dags/example_xcom.py
[2024-04-09T19:11:49.795+0000] {logging_mixin.py:188} INFO - [2024-04-09T19:11:49.795+0000] {dag.py:3096} INFO - Sync 1 DAGs
[2024-04-09T19:11:49.823+0000] {logging_mixin.py:188} INFO - [2024-04-09T19:11:49.823+0000] {dag.py:3954} INFO - Setting next_dagrun for example_xcom to 2021-01-01 00:00:00+00:00, run_after=2021-01-01 00:00:00+00:00
[2024-04-09T19:11:49.849+0000] {processor.py:183} INFO - Processing /home/airflow/.local/lib/python3.12/site-packages/airflow/example_dags/example_xcom.py took 0.100 seconds
[2024-04-09T19:12:20.400+0000] {processor.py:161} INFO - Started process (PID=10740) to work on /home/airflow/.local/lib/python3.12/site-packages/airflow/example_dags/example_xcom.py
[2024-04-09T19:12:20.401+0000] {processor.py:830} INFO - Processing file /home/airflow/.local/lib/python3.12/site-packages/airflow/example_dags/example_xcom.py for tasks to queue
[2024-04-09T19:12:20.403+0000] {logging_mixin.py:188} INFO - [2024-04-09T19:12:20.403+0000] {dagbag.py:540} INFO - Filling up the DagBag from /home/airflow/.local/lib/python3.12/site-packages/airflow/example_dags/example_xcom.py
[2024-04-09T19:12:20.412+0000] {processor.py:840} INFO - DAG(s) 'example_xcom' retrieved from /home/airflow/.local/lib/python3.12/site-packages/airflow/example_dags/example_xcom.py
[2024-04-09T19:12:20.436+0000] {logging_mixin.py:188} INFO - [2024-04-09T19:12:20.436+0000] {dag.py:3096} INFO - Sync 1 DAGs
[2024-04-09T19:12:20.461+0000] {logging_mixin.py:188} INFO - [2024-04-09T19:12:20.461+0000] {dag.py:3954} INFO - Setting next_dagrun for example_xcom to 2021-01-01 00:00:00+00:00, run_after=2021-01-01 00:00:00+00:00
[2024-04-09T19:12:20.484+0000] {processor.py:183} INFO - Processing /home/airflow/.local/lib/python3.12/site-packages/airflow/example_dags/example_xcom.py took 0.091 seconds
[2024-04-09T19:12:51.158+0000] {processor.py:161} INFO - Started process (PID=11013) to work on /home/airflow/.local/lib/python3.12/site-packages/airflow/example_dags/example_xcom.py
[2024-04-09T19:12:51.159+0000] {processor.py:830} INFO - Processing file /home/airflow/.local/lib/python3.12/site-packages/airflow/example_dags/example_xcom.py for tasks to queue
[2024-04-09T19:12:51.161+0000] {logging_mixin.py:188} INFO - [2024-04-09T19:12:51.160+0000] {dagbag.py:540} INFO - Filling up the DagBag from /home/airflow/.local/lib/python3.12/site-packages/airflow/example_dags/example_xcom.py
[2024-04-09T19:12:51.170+0000] {processor.py:840} INFO - DAG(s) 'example_xcom' retrieved from /home/airflow/.local/lib/python3.12/site-packages/airflow/example_dags/example_xcom.py
[2024-04-09T19:12:51.196+0000] {logging_mixin.py:188} INFO - [2024-04-09T19:12:51.196+0000] {dag.py:3096} INFO - Sync 1 DAGs
[2024-04-09T19:12:51.220+0000] {logging_mixin.py:188} INFO - [2024-04-09T19:12:51.220+0000] {dag.py:3954} INFO - Setting next_dagrun for example_xcom to 2021-01-01 00:00:00+00:00, run_after=2021-01-01 00:00:00+00:00
[2024-04-09T19:12:51.244+0000] {processor.py:183} INFO - Processing /home/airflow/.local/lib/python3.12/site-packages/airflow/example_dags/example_xcom.py took 0.097 seconds
[2024-04-09T19:13:21.973+0000] {processor.py:161} INFO - Started process (PID=11287) to work on /home/airflow/.local/lib/python3.12/site-packages/airflow/example_dags/example_xcom.py
[2024-04-09T19:13:21.974+0000] {processor.py:830} INFO - Processing file /home/airflow/.local/lib/python3.12/site-packages/airflow/example_dags/example_xcom.py for tasks to queue
[2024-04-09T19:13:21.976+0000] {logging_mixin.py:188} INFO - [2024-04-09T19:13:21.975+0000] {dagbag.py:540} INFO - Filling up the DagBag from /home/airflow/.local/lib/python3.12/site-packages/airflow/example_dags/example_xcom.py
[2024-04-09T19:13:21.984+0000] {processor.py:840} INFO - DAG(s) 'example_xcom' retrieved from /home/airflow/.local/lib/python3.12/site-packages/airflow/example_dags/example_xcom.py
[2024-04-09T19:13:22.009+0000] {logging_mixin.py:188} INFO - [2024-04-09T19:13:22.008+0000] {dag.py:3096} INFO - Sync 1 DAGs
[2024-04-09T19:13:22.036+0000] {logging_mixin.py:188} INFO - [2024-04-09T19:13:22.036+0000] {dag.py:3954} INFO - Setting next_dagrun for example_xcom to 2021-01-01 00:00:00+00:00, run_after=2021-01-01 00:00:00+00:00
[2024-04-09T19:13:22.078+0000] {processor.py:183} INFO - Processing /home/airflow/.local/lib/python3.12/site-packages/airflow/example_dags/example_xcom.py took 0.112 seconds
[2024-04-09T19:13:52.453+0000] {processor.py:161} INFO - Started process (PID=11558) to work on /home/airflow/.local/lib/python3.12/site-packages/airflow/example_dags/example_xcom.py
[2024-04-09T19:13:52.454+0000] {processor.py:830} INFO - Processing file /home/airflow/.local/lib/python3.12/site-packages/airflow/example_dags/example_xcom.py for tasks to queue
[2024-04-09T19:13:52.456+0000] {logging_mixin.py:188} INFO - [2024-04-09T19:13:52.455+0000] {dagbag.py:540} INFO - Filling up the DagBag from /home/airflow/.local/lib/python3.12/site-packages/airflow/example_dags/example_xcom.py
[2024-04-09T19:13:52.465+0000] {processor.py:840} INFO - DAG(s) 'example_xcom' retrieved from /home/airflow/.local/lib/python3.12/site-packages/airflow/example_dags/example_xcom.py
[2024-04-09T19:13:52.488+0000] {logging_mixin.py:188} INFO - [2024-04-09T19:13:52.488+0000] {dag.py:3096} INFO - Sync 1 DAGs
[2024-04-09T19:13:52.513+0000] {logging_mixin.py:188} INFO - [2024-04-09T19:13:52.513+0000] {dag.py:3954} INFO - Setting next_dagrun for example_xcom to 2021-01-01 00:00:00+00:00, run_after=2021-01-01 00:00:00+00:00
[2024-04-09T19:13:52.536+0000] {processor.py:183} INFO - Processing /home/airflow/.local/lib/python3.12/site-packages/airflow/example_dags/example_xcom.py took 0.090 seconds
[2024-04-09T19:14:23.416+0000] {processor.py:161} INFO - Started process (PID=11829) to work on /home/airflow/.local/lib/python3.12/site-packages/airflow/example_dags/example_xcom.py
[2024-04-09T19:14:23.417+0000] {processor.py:830} INFO - Processing file /home/airflow/.local/lib/python3.12/site-packages/airflow/example_dags/example_xcom.py for tasks to queue
[2024-04-09T19:14:23.419+0000] {logging_mixin.py:188} INFO - [2024-04-09T19:14:23.419+0000] {dagbag.py:540} INFO - Filling up the DagBag from /home/airflow/.local/lib/python3.12/site-packages/airflow/example_dags/example_xcom.py
[2024-04-09T19:14:23.428+0000] {processor.py:840} INFO - DAG(s) 'example_xcom' retrieved from /home/airflow/.local/lib/python3.12/site-packages/airflow/example_dags/example_xcom.py
[2024-04-09T19:14:23.456+0000] {logging_mixin.py:188} INFO - [2024-04-09T19:14:23.456+0000] {dag.py:3096} INFO - Sync 1 DAGs
[2024-04-09T19:14:23.487+0000] {logging_mixin.py:188} INFO - [2024-04-09T19:14:23.486+0000] {dag.py:3954} INFO - Setting next_dagrun for example_xcom to 2021-01-01 00:00:00+00:00, run_after=2021-01-01 00:00:00+00:00
[2024-04-09T19:14:23.510+0000] {processor.py:183} INFO - Processing /home/airflow/.local/lib/python3.12/site-packages/airflow/example_dags/example_xcom.py took 0.117 seconds
[2024-04-09T19:14:53.626+0000] {processor.py:161} INFO - Started process (PID=12104) to work on /home/airflow/.local/lib/python3.12/site-packages/airflow/example_dags/example_xcom.py
[2024-04-09T19:14:53.627+0000] {processor.py:830} INFO - Processing file /home/airflow/.local/lib/python3.12/site-packages/airflow/example_dags/example_xcom.py for tasks to queue
[2024-04-09T19:14:53.634+0000] {logging_mixin.py:188} INFO - [2024-04-09T19:14:53.633+0000] {dagbag.py:540} INFO - Filling up the DagBag from /home/airflow/.local/lib/python3.12/site-packages/airflow/example_dags/example_xcom.py
[2024-04-09T19:14:53.643+0000] {processor.py:840} INFO - DAG(s) 'example_xcom' retrieved from /home/airflow/.local/lib/python3.12/site-packages/airflow/example_dags/example_xcom.py
[2024-04-09T19:14:53.669+0000] {logging_mixin.py:188} INFO - [2024-04-09T19:14:53.669+0000] {dag.py:3096} INFO - Sync 1 DAGs
[2024-04-09T19:14:53.699+0000] {logging_mixin.py:188} INFO - [2024-04-09T19:14:53.698+0000] {dag.py:3954} INFO - Setting next_dagrun for example_xcom to 2021-01-01 00:00:00+00:00, run_after=2021-01-01 00:00:00+00:00
[2024-04-09T19:14:53.726+0000] {processor.py:183} INFO - Processing /home/airflow/.local/lib/python3.12/site-packages/airflow/example_dags/example_xcom.py took 0.107 seconds
[2024-04-09T19:15:23.865+0000] {processor.py:161} INFO - Started process (PID=12377) to work on /home/airflow/.local/lib/python3.12/site-packages/airflow/example_dags/example_xcom.py
[2024-04-09T19:15:23.865+0000] {processor.py:830} INFO - Processing file /home/airflow/.local/lib/python3.12/site-packages/airflow/example_dags/example_xcom.py for tasks to queue
[2024-04-09T19:15:23.867+0000] {logging_mixin.py:188} INFO - [2024-04-09T19:15:23.867+0000] {dagbag.py:540} INFO - Filling up the DagBag from /home/airflow/.local/lib/python3.12/site-packages/airflow/example_dags/example_xcom.py
[2024-04-09T19:15:23.875+0000] {processor.py:840} INFO - DAG(s) 'example_xcom' retrieved from /home/airflow/.local/lib/python3.12/site-packages/airflow/example_dags/example_xcom.py
[2024-04-09T19:15:23.901+0000] {logging_mixin.py:188} INFO - [2024-04-09T19:15:23.900+0000] {dag.py:3096} INFO - Sync 1 DAGs
[2024-04-09T19:15:23.927+0000] {logging_mixin.py:188} INFO - [2024-04-09T19:15:23.927+0000] {dag.py:3954} INFO - Setting next_dagrun for example_xcom to 2021-01-01 00:00:00+00:00, run_after=2021-01-01 00:00:00+00:00
[2024-04-09T19:15:23.951+0000] {processor.py:183} INFO - Processing /home/airflow/.local/lib/python3.12/site-packages/airflow/example_dags/example_xcom.py took 0.093 seconds
[2024-04-09T19:15:54.602+0000] {processor.py:161} INFO - Started process (PID=12649) to work on /home/airflow/.local/lib/python3.12/site-packages/airflow/example_dags/example_xcom.py
[2024-04-09T19:15:54.604+0000] {processor.py:830} INFO - Processing file /home/airflow/.local/lib/python3.12/site-packages/airflow/example_dags/example_xcom.py for tasks to queue
[2024-04-09T19:15:54.606+0000] {logging_mixin.py:188} INFO - [2024-04-09T19:15:54.605+0000] {dagbag.py:540} INFO - Filling up the DagBag from /home/airflow/.local/lib/python3.12/site-packages/airflow/example_dags/example_xcom.py
[2024-04-09T19:15:54.615+0000] {processor.py:840} INFO - DAG(s) 'example_xcom' retrieved from /home/airflow/.local/lib/python3.12/site-packages/airflow/example_dags/example_xcom.py
[2024-04-09T19:15:54.640+0000] {logging_mixin.py:188} INFO - [2024-04-09T19:15:54.639+0000] {dag.py:3096} INFO - Sync 1 DAGs
[2024-04-09T19:15:54.666+0000] {logging_mixin.py:188} INFO - [2024-04-09T19:15:54.666+0000] {dag.py:3954} INFO - Setting next_dagrun for example_xcom to 2021-01-01 00:00:00+00:00, run_after=2021-01-01 00:00:00+00:00
[2024-04-09T19:15:54.692+0000] {processor.py:183} INFO - Processing /home/airflow/.local/lib/python3.12/site-packages/airflow/example_dags/example_xcom.py took 0.097 seconds
[2024-04-09T19:16:24.829+0000] {processor.py:161} INFO - Started process (PID=12922) to work on /home/airflow/.local/lib/python3.12/site-packages/airflow/example_dags/example_xcom.py
[2024-04-09T19:16:24.830+0000] {processor.py:830} INFO - Processing file /home/airflow/.local/lib/python3.12/site-packages/airflow/example_dags/example_xcom.py for tasks to queue
[2024-04-09T19:16:24.844+0000] {logging_mixin.py:188} INFO - [2024-04-09T19:16:24.843+0000] {dagbag.py:540} INFO - Filling up the DagBag from /home/airflow/.local/lib/python3.12/site-packages/airflow/example_dags/example_xcom.py
[2024-04-09T19:16:24.855+0000] {processor.py:840} INFO - DAG(s) 'example_xcom' retrieved from /home/airflow/.local/lib/python3.12/site-packages/airflow/example_dags/example_xcom.py
[2024-04-09T19:16:24.886+0000] {logging_mixin.py:188} INFO - [2024-04-09T19:16:24.886+0000] {dag.py:3096} INFO - Sync 1 DAGs
[2024-04-09T19:16:24.928+0000] {logging_mixin.py:188} INFO - [2024-04-09T19:16:24.928+0000] {dag.py:3954} INFO - Setting next_dagrun for example_xcom to 2021-01-01 00:00:00+00:00, run_after=2021-01-01 00:00:00+00:00
[2024-04-09T19:16:24.971+0000] {processor.py:183} INFO - Processing /home/airflow/.local/lib/python3.12/site-packages/airflow/example_dags/example_xcom.py took 0.150 seconds
[2024-04-09T19:16:55.817+0000] {processor.py:161} INFO - Started process (PID=13194) to work on /home/airflow/.local/lib/python3.12/site-packages/airflow/example_dags/example_xcom.py
[2024-04-09T19:16:55.818+0000] {processor.py:830} INFO - Processing file /home/airflow/.local/lib/python3.12/site-packages/airflow/example_dags/example_xcom.py for tasks to queue
[2024-04-09T19:16:55.820+0000] {logging_mixin.py:188} INFO - [2024-04-09T19:16:55.819+0000] {dagbag.py:540} INFO - Filling up the DagBag from /home/airflow/.local/lib/python3.12/site-packages/airflow/example_dags/example_xcom.py
[2024-04-09T19:16:55.829+0000] {processor.py:840} INFO - DAG(s) 'example_xcom' retrieved from /home/airflow/.local/lib/python3.12/site-packages/airflow/example_dags/example_xcom.py
[2024-04-09T19:16:55.853+0000] {logging_mixin.py:188} INFO - [2024-04-09T19:16:55.853+0000] {dag.py:3096} INFO - Sync 1 DAGs
[2024-04-09T19:16:55.881+0000] {logging_mixin.py:188} INFO - [2024-04-09T19:16:55.880+0000] {dag.py:3954} INFO - Setting next_dagrun for example_xcom to 2021-01-01 00:00:00+00:00, run_after=2021-01-01 00:00:00+00:00
[2024-04-09T19:16:55.906+0000] {processor.py:183} INFO - Processing /home/airflow/.local/lib/python3.12/site-packages/airflow/example_dags/example_xcom.py took 0.096 seconds
[2024-04-09T19:17:26.394+0000] {processor.py:161} INFO - Started process (PID=13468) to work on /home/airflow/.local/lib/python3.12/site-packages/airflow/example_dags/example_xcom.py
[2024-04-09T19:17:26.395+0000] {processor.py:830} INFO - Processing file /home/airflow/.local/lib/python3.12/site-packages/airflow/example_dags/example_xcom.py for tasks to queue
[2024-04-09T19:17:26.397+0000] {logging_mixin.py:188} INFO - [2024-04-09T19:17:26.397+0000] {dagbag.py:540} INFO - Filling up the DagBag from /home/airflow/.local/lib/python3.12/site-packages/airflow/example_dags/example_xcom.py
[2024-04-09T19:17:26.407+0000] {processor.py:840} INFO - DAG(s) 'example_xcom' retrieved from /home/airflow/.local/lib/python3.12/site-packages/airflow/example_dags/example_xcom.py
[2024-04-09T19:17:26.441+0000] {logging_mixin.py:188} INFO - [2024-04-09T19:17:26.441+0000] {dag.py:3096} INFO - Sync 1 DAGs
[2024-04-09T19:17:26.469+0000] {logging_mixin.py:188} INFO - [2024-04-09T19:17:26.469+0000] {dag.py:3954} INFO - Setting next_dagrun for example_xcom to 2021-01-01 00:00:00+00:00, run_after=2021-01-01 00:00:00+00:00
[2024-04-09T19:17:26.495+0000] {processor.py:183} INFO - Processing /home/airflow/.local/lib/python3.12/site-packages/airflow/example_dags/example_xcom.py took 0.112 seconds
[2024-04-09T19:17:57.183+0000] {processor.py:161} INFO - Started process (PID=13738) to work on /home/airflow/.local/lib/python3.12/site-packages/airflow/example_dags/example_xcom.py
[2024-04-09T19:17:57.185+0000] {processor.py:830} INFO - Processing file /home/airflow/.local/lib/python3.12/site-packages/airflow/example_dags/example_xcom.py for tasks to queue
[2024-04-09T19:17:57.187+0000] {logging_mixin.py:188} INFO - [2024-04-09T19:17:57.187+0000] {dagbag.py:540} INFO - Filling up the DagBag from /home/airflow/.local/lib/python3.12/site-packages/airflow/example_dags/example_xcom.py
[2024-04-09T19:17:57.196+0000] {processor.py:840} INFO - DAG(s) 'example_xcom' retrieved from /home/airflow/.local/lib/python3.12/site-packages/airflow/example_dags/example_xcom.py
[2024-04-09T19:17:57.221+0000] {logging_mixin.py:188} INFO - [2024-04-09T19:17:57.221+0000] {dag.py:3096} INFO - Sync 1 DAGs
[2024-04-09T19:17:57.246+0000] {logging_mixin.py:188} INFO - [2024-04-09T19:17:57.246+0000] {dag.py:3954} INFO - Setting next_dagrun for example_xcom to 2021-01-01 00:00:00+00:00, run_after=2021-01-01 00:00:00+00:00
[2024-04-09T19:17:57.278+0000] {processor.py:183} INFO - Processing /home/airflow/.local/lib/python3.12/site-packages/airflow/example_dags/example_xcom.py took 0.103 seconds
[2024-04-09T19:18:27.986+0000] {processor.py:161} INFO - Started process (PID=14010) to work on /home/airflow/.local/lib/python3.12/site-packages/airflow/example_dags/example_xcom.py
[2024-04-09T19:18:27.987+0000] {processor.py:830} INFO - Processing file /home/airflow/.local/lib/python3.12/site-packages/airflow/example_dags/example_xcom.py for tasks to queue
[2024-04-09T19:18:27.989+0000] {logging_mixin.py:188} INFO - [2024-04-09T19:18:27.989+0000] {dagbag.py:540} INFO - Filling up the DagBag from /home/airflow/.local/lib/python3.12/site-packages/airflow/example_dags/example_xcom.py
[2024-04-09T19:18:27.998+0000] {processor.py:840} INFO - DAG(s) 'example_xcom' retrieved from /home/airflow/.local/lib/python3.12/site-packages/airflow/example_dags/example_xcom.py
[2024-04-09T19:18:28.024+0000] {logging_mixin.py:188} INFO - [2024-04-09T19:18:28.024+0000] {dag.py:3096} INFO - Sync 1 DAGs
[2024-04-09T19:18:28.056+0000] {logging_mixin.py:188} INFO - [2024-04-09T19:18:28.055+0000] {dag.py:3954} INFO - Setting next_dagrun for example_xcom to 2021-01-01 00:00:00+00:00, run_after=2021-01-01 00:00:00+00:00
[2024-04-09T19:18:28.085+0000] {processor.py:183} INFO - Processing /home/airflow/.local/lib/python3.12/site-packages/airflow/example_dags/example_xcom.py took 0.106 seconds
[2024-04-09T19:18:58.878+0000] {processor.py:161} INFO - Started process (PID=14284) to work on /home/airflow/.local/lib/python3.12/site-packages/airflow/example_dags/example_xcom.py
[2024-04-09T19:18:58.878+0000] {processor.py:830} INFO - Processing file /home/airflow/.local/lib/python3.12/site-packages/airflow/example_dags/example_xcom.py for tasks to queue
[2024-04-09T19:18:58.880+0000] {logging_mixin.py:188} INFO - [2024-04-09T19:18:58.880+0000] {dagbag.py:540} INFO - Filling up the DagBag from /home/airflow/.local/lib/python3.12/site-packages/airflow/example_dags/example_xcom.py
[2024-04-09T19:18:58.888+0000] {processor.py:840} INFO - DAG(s) 'example_xcom' retrieved from /home/airflow/.local/lib/python3.12/site-packages/airflow/example_dags/example_xcom.py
[2024-04-09T19:18:58.912+0000] {logging_mixin.py:188} INFO - [2024-04-09T19:18:58.912+0000] {dag.py:3096} INFO - Sync 1 DAGs
[2024-04-09T19:18:58.939+0000] {logging_mixin.py:188} INFO - [2024-04-09T19:18:58.939+0000] {dag.py:3954} INFO - Setting next_dagrun for example_xcom to 2021-01-01 00:00:00+00:00, run_after=2021-01-01 00:00:00+00:00
[2024-04-09T19:18:58.964+0000] {processor.py:183} INFO - Processing /home/airflow/.local/lib/python3.12/site-packages/airflow/example_dags/example_xcom.py took 0.093 seconds
[2024-04-09T19:19:29.038+0000] {processor.py:161} INFO - Started process (PID=14553) to work on /home/airflow/.local/lib/python3.12/site-packages/airflow/example_dags/example_xcom.py
[2024-04-09T19:19:29.039+0000] {processor.py:830} INFO - Processing file /home/airflow/.local/lib/python3.12/site-packages/airflow/example_dags/example_xcom.py for tasks to queue
[2024-04-09T19:19:29.041+0000] {logging_mixin.py:188} INFO - [2024-04-09T19:19:29.041+0000] {dagbag.py:540} INFO - Filling up the DagBag from /home/airflow/.local/lib/python3.12/site-packages/airflow/example_dags/example_xcom.py
[2024-04-09T19:19:29.051+0000] {processor.py:840} INFO - DAG(s) 'example_xcom' retrieved from /home/airflow/.local/lib/python3.12/site-packages/airflow/example_dags/example_xcom.py
[2024-04-09T19:19:29.075+0000] {logging_mixin.py:188} INFO - [2024-04-09T19:19:29.075+0000] {dag.py:3096} INFO - Sync 1 DAGs
[2024-04-09T19:19:29.102+0000] {logging_mixin.py:188} INFO - [2024-04-09T19:19:29.102+0000] {dag.py:3954} INFO - Setting next_dagrun for example_xcom to 2021-01-01 00:00:00+00:00, run_after=2021-01-01 00:00:00+00:00
[2024-04-09T19:19:29.134+0000] {processor.py:183} INFO - Processing /home/airflow/.local/lib/python3.12/site-packages/airflow/example_dags/example_xcom.py took 0.102 seconds
[2024-04-09T19:19:59.696+0000] {processor.py:161} INFO - Started process (PID=14826) to work on /home/airflow/.local/lib/python3.12/site-packages/airflow/example_dags/example_xcom.py
[2024-04-09T19:19:59.696+0000] {processor.py:830} INFO - Processing file /home/airflow/.local/lib/python3.12/site-packages/airflow/example_dags/example_xcom.py for tasks to queue
[2024-04-09T19:19:59.698+0000] {logging_mixin.py:188} INFO - [2024-04-09T19:19:59.698+0000] {dagbag.py:540} INFO - Filling up the DagBag from /home/airflow/.local/lib/python3.12/site-packages/airflow/example_dags/example_xcom.py
[2024-04-09T19:19:59.707+0000] {processor.py:840} INFO - DAG(s) 'example_xcom' retrieved from /home/airflow/.local/lib/python3.12/site-packages/airflow/example_dags/example_xcom.py
[2024-04-09T19:19:59.734+0000] {logging_mixin.py:188} INFO - [2024-04-09T19:19:59.734+0000] {dag.py:3096} INFO - Sync 1 DAGs
[2024-04-09T19:19:59.762+0000] {logging_mixin.py:188} INFO - [2024-04-09T19:19:59.762+0000] {dag.py:3954} INFO - Setting next_dagrun for example_xcom to 2021-01-01 00:00:00+00:00, run_after=2021-01-01 00:00:00+00:00
[2024-04-09T19:19:59.789+0000] {processor.py:183} INFO - Processing /home/airflow/.local/lib/python3.12/site-packages/airflow/example_dags/example_xcom.py took 0.100 seconds
[2024-04-09T19:20:30.231+0000] {processor.py:161} INFO - Started process (PID=15099) to work on /home/airflow/.local/lib/python3.12/site-packages/airflow/example_dags/example_xcom.py
[2024-04-09T19:20:30.233+0000] {processor.py:830} INFO - Processing file /home/airflow/.local/lib/python3.12/site-packages/airflow/example_dags/example_xcom.py for tasks to queue
[2024-04-09T19:20:30.235+0000] {logging_mixin.py:188} INFO - [2024-04-09T19:20:30.234+0000] {dagbag.py:540} INFO - Filling up the DagBag from /home/airflow/.local/lib/python3.12/site-packages/airflow/example_dags/example_xcom.py
[2024-04-09T19:20:30.243+0000] {processor.py:840} INFO - DAG(s) 'example_xcom' retrieved from /home/airflow/.local/lib/python3.12/site-packages/airflow/example_dags/example_xcom.py
[2024-04-09T19:20:30.266+0000] {logging_mixin.py:188} INFO - [2024-04-09T19:20:30.266+0000] {dag.py:3096} INFO - Sync 1 DAGs
[2024-04-09T19:20:30.302+0000] {logging_mixin.py:188} INFO - [2024-04-09T19:20:30.302+0000] {dag.py:3954} INFO - Setting next_dagrun for example_xcom to 2021-01-01 00:00:00+00:00, run_after=2021-01-01 00:00:00+00:00
[2024-04-09T19:20:30.330+0000] {processor.py:183} INFO - Processing /home/airflow/.local/lib/python3.12/site-packages/airflow/example_dags/example_xcom.py took 0.106 seconds
[2024-04-09T19:21:01.077+0000] {processor.py:161} INFO - Started process (PID=15371) to work on /home/airflow/.local/lib/python3.12/site-packages/airflow/example_dags/example_xcom.py
[2024-04-09T19:21:01.083+0000] {processor.py:830} INFO - Processing file /home/airflow/.local/lib/python3.12/site-packages/airflow/example_dags/example_xcom.py for tasks to queue
[2024-04-09T19:21:01.085+0000] {logging_mixin.py:188} INFO - [2024-04-09T19:21:01.085+0000] {dagbag.py:540} INFO - Filling up the DagBag from /home/airflow/.local/lib/python3.12/site-packages/airflow/example_dags/example_xcom.py
[2024-04-09T19:21:01.094+0000] {processor.py:840} INFO - DAG(s) 'example_xcom' retrieved from /home/airflow/.local/lib/python3.12/site-packages/airflow/example_dags/example_xcom.py
[2024-04-09T19:21:01.121+0000] {logging_mixin.py:188} INFO - [2024-04-09T19:21:01.121+0000] {dag.py:3096} INFO - Sync 1 DAGs
[2024-04-09T19:21:01.150+0000] {logging_mixin.py:188} INFO - [2024-04-09T19:21:01.150+0000] {dag.py:3954} INFO - Setting next_dagrun for example_xcom to 2021-01-01 00:00:00+00:00, run_after=2021-01-01 00:00:00+00:00
[2024-04-09T19:21:01.180+0000] {processor.py:183} INFO - Processing /home/airflow/.local/lib/python3.12/site-packages/airflow/example_dags/example_xcom.py took 0.110 seconds
[2024-04-09T19:21:31.550+0000] {processor.py:161} INFO - Started process (PID=15646) to work on /home/airflow/.local/lib/python3.12/site-packages/airflow/example_dags/example_xcom.py
[2024-04-09T19:21:31.550+0000] {processor.py:830} INFO - Processing file /home/airflow/.local/lib/python3.12/site-packages/airflow/example_dags/example_xcom.py for tasks to queue
[2024-04-09T19:21:31.552+0000] {logging_mixin.py:188} INFO - [2024-04-09T19:21:31.552+0000] {dagbag.py:540} INFO - Filling up the DagBag from /home/airflow/.local/lib/python3.12/site-packages/airflow/example_dags/example_xcom.py
[2024-04-09T19:21:31.558+0000] {processor.py:840} INFO - DAG(s) 'example_xcom' retrieved from /home/airflow/.local/lib/python3.12/site-packages/airflow/example_dags/example_xcom.py
[2024-04-09T19:21:31.575+0000] {logging_mixin.py:188} INFO - [2024-04-09T19:21:31.575+0000] {dag.py:3096} INFO - Sync 1 DAGs
[2024-04-09T19:21:31.593+0000] {logging_mixin.py:188} INFO - [2024-04-09T19:21:31.592+0000] {dag.py:3954} INFO - Setting next_dagrun for example_xcom to 2021-01-01 00:00:00+00:00, run_after=2021-01-01 00:00:00+00:00
[2024-04-09T19:21:31.611+0000] {processor.py:183} INFO - Processing /home/airflow/.local/lib/python3.12/site-packages/airflow/example_dags/example_xcom.py took 0.066 seconds
[2024-04-09T19:22:02.045+0000] {processor.py:161} INFO - Started process (PID=15916) to work on /home/airflow/.local/lib/python3.12/site-packages/airflow/example_dags/example_xcom.py
[2024-04-09T19:22:02.046+0000] {processor.py:830} INFO - Processing file /home/airflow/.local/lib/python3.12/site-packages/airflow/example_dags/example_xcom.py for tasks to queue
[2024-04-09T19:22:02.049+0000] {logging_mixin.py:188} INFO - [2024-04-09T19:22:02.049+0000] {dagbag.py:540} INFO - Filling up the DagBag from /home/airflow/.local/lib/python3.12/site-packages/airflow/example_dags/example_xcom.py
[2024-04-09T19:22:02.057+0000] {processor.py:840} INFO - DAG(s) 'example_xcom' retrieved from /home/airflow/.local/lib/python3.12/site-packages/airflow/example_dags/example_xcom.py
[2024-04-09T19:22:02.088+0000] {logging_mixin.py:188} INFO - [2024-04-09T19:22:02.088+0000] {dag.py:3096} INFO - Sync 1 DAGs
[2024-04-09T19:22:02.115+0000] {logging_mixin.py:188} INFO - [2024-04-09T19:22:02.114+0000] {dag.py:3954} INFO - Setting next_dagrun for example_xcom to 2021-01-01 00:00:00+00:00, run_after=2021-01-01 00:00:00+00:00
[2024-04-09T19:22:02.139+0000] {processor.py:183} INFO - Processing /home/airflow/.local/lib/python3.12/site-packages/airflow/example_dags/example_xcom.py took 0.100 seconds
[2024-04-09T19:22:32.673+0000] {processor.py:161} INFO - Started process (PID=16190) to work on /home/airflow/.local/lib/python3.12/site-packages/airflow/example_dags/example_xcom.py
[2024-04-09T19:22:32.675+0000] {processor.py:830} INFO - Processing file /home/airflow/.local/lib/python3.12/site-packages/airflow/example_dags/example_xcom.py for tasks to queue
[2024-04-09T19:22:32.677+0000] {logging_mixin.py:188} INFO - [2024-04-09T19:22:32.676+0000] {dagbag.py:540} INFO - Filling up the DagBag from /home/airflow/.local/lib/python3.12/site-packages/airflow/example_dags/example_xcom.py
[2024-04-09T19:22:32.685+0000] {processor.py:840} INFO - DAG(s) 'example_xcom' retrieved from /home/airflow/.local/lib/python3.12/site-packages/airflow/example_dags/example_xcom.py
[2024-04-09T19:22:32.709+0000] {logging_mixin.py:188} INFO - [2024-04-09T19:22:32.708+0000] {dag.py:3096} INFO - Sync 1 DAGs
[2024-04-09T19:22:32.736+0000] {logging_mixin.py:188} INFO - [2024-04-09T19:22:32.736+0000] {dag.py:3954} INFO - Setting next_dagrun for example_xcom to 2021-01-01 00:00:00+00:00, run_after=2021-01-01 00:00:00+00:00
[2024-04-09T19:22:32.760+0000] {processor.py:183} INFO - Processing /home/airflow/.local/lib/python3.12/site-packages/airflow/example_dags/example_xcom.py took 0.093 seconds
[2024-04-09T19:23:03.451+0000] {processor.py:161} INFO - Started process (PID=16462) to work on /home/airflow/.local/lib/python3.12/site-packages/airflow/example_dags/example_xcom.py
[2024-04-09T19:23:03.452+0000] {processor.py:830} INFO - Processing file /home/airflow/.local/lib/python3.12/site-packages/airflow/example_dags/example_xcom.py for tasks to queue
[2024-04-09T19:23:03.453+0000] {logging_mixin.py:188} INFO - [2024-04-09T19:23:03.453+0000] {dagbag.py:540} INFO - Filling up the DagBag from /home/airflow/.local/lib/python3.12/site-packages/airflow/example_dags/example_xcom.py
[2024-04-09T19:23:03.461+0000] {processor.py:840} INFO - DAG(s) 'example_xcom' retrieved from /home/airflow/.local/lib/python3.12/site-packages/airflow/example_dags/example_xcom.py
[2024-04-09T19:23:03.487+0000] {logging_mixin.py:188} INFO - [2024-04-09T19:23:03.487+0000] {dag.py:3096} INFO - Sync 1 DAGs
[2024-04-09T19:23:03.513+0000] {logging_mixin.py:188} INFO - [2024-04-09T19:23:03.513+0000] {dag.py:3954} INFO - Setting next_dagrun for example_xcom to 2021-01-01 00:00:00+00:00, run_after=2021-01-01 00:00:00+00:00
[2024-04-09T19:23:03.537+0000] {processor.py:183} INFO - Processing /home/airflow/.local/lib/python3.12/site-packages/airflow/example_dags/example_xcom.py took 0.093 seconds
[2024-04-09T19:23:33.600+0000] {processor.py:161} INFO - Started process (PID=16734) to work on /home/airflow/.local/lib/python3.12/site-packages/airflow/example_dags/example_xcom.py
[2024-04-09T19:23:33.601+0000] {processor.py:830} INFO - Processing file /home/airflow/.local/lib/python3.12/site-packages/airflow/example_dags/example_xcom.py for tasks to queue
[2024-04-09T19:23:33.602+0000] {logging_mixin.py:188} INFO - [2024-04-09T19:23:33.602+0000] {dagbag.py:540} INFO - Filling up the DagBag from /home/airflow/.local/lib/python3.12/site-packages/airflow/example_dags/example_xcom.py
[2024-04-09T19:23:33.608+0000] {processor.py:840} INFO - DAG(s) 'example_xcom' retrieved from /home/airflow/.local/lib/python3.12/site-packages/airflow/example_dags/example_xcom.py
[2024-04-09T19:23:33.626+0000] {logging_mixin.py:188} INFO - [2024-04-09T19:23:33.626+0000] {dag.py:3096} INFO - Sync 1 DAGs
[2024-04-09T19:23:33.644+0000] {logging_mixin.py:188} INFO - [2024-04-09T19:23:33.643+0000] {dag.py:3954} INFO - Setting next_dagrun for example_xcom to 2021-01-01 00:00:00+00:00, run_after=2021-01-01 00:00:00+00:00
[2024-04-09T19:23:33.666+0000] {processor.py:183} INFO - Processing /home/airflow/.local/lib/python3.12/site-packages/airflow/example_dags/example_xcom.py took 0.071 seconds
