[2024-04-09T18:51:02.398+0000] {processor.py:161} INFO - Started process (PID=388) to work on /home/airflow/.local/lib/python3.12/site-packages/airflow/example_dags/example_skip_dag.py
[2024-04-09T18:51:02.401+0000] {processor.py:830} INFO - Processing file /home/airflow/.local/lib/python3.12/site-packages/airflow/example_dags/example_skip_dag.py for tasks to queue
[2024-04-09T18:51:02.404+0000] {logging_mixin.py:188} INFO - [2024-04-09T18:51:02.403+0000] {dagbag.py:540} INFO - Filling up the DagBag from /home/airflow/.local/lib/python3.12/site-packages/airflow/example_dags/example_skip_dag.py
[2024-04-09T18:51:02.423+0000] {processor.py:840} INFO - DAG(s) 'example_skip_dag' retrieved from /home/airflow/.local/lib/python3.12/site-packages/airflow/example_dags/example_skip_dag.py
[2024-04-09T18:51:02.596+0000] {logging_mixin.py:188} INFO - [2024-04-09T18:51:02.596+0000] {override.py:1829} INFO - Created Permission View: can edit on DAG:example_skip_dag
[2024-04-09T18:51:02.618+0000] {logging_mixin.py:188} INFO - [2024-04-09T18:51:02.618+0000] {override.py:1829} INFO - Created Permission View: can delete on DAG:example_skip_dag
[2024-04-09T18:51:02.630+0000] {logging_mixin.py:188} INFO - [2024-04-09T18:51:02.629+0000] {override.py:1829} INFO - Created Permission View: can read on DAG:example_skip_dag
[2024-04-09T18:51:02.631+0000] {logging_mixin.py:188} INFO - [2024-04-09T18:51:02.630+0000] {dag.py:3096} INFO - Sync 1 DAGs
[2024-04-09T18:51:02.661+0000] {logging_mixin.py:188} INFO - [2024-04-09T18:51:02.661+0000] {dag.py:3118} INFO - Creating ORM DAG for example_skip_dag
[2024-04-09T18:51:02.684+0000] {logging_mixin.py:188} INFO - [2024-04-09T18:51:02.684+0000] {dag.py:3954} INFO - Setting next_dagrun for example_skip_dag to 2024-04-08 00:00:00+00:00, run_after=2024-04-09 00:00:00+00:00
[2024-04-09T18:51:02.927+0000] {processor.py:183} INFO - Processing /home/airflow/.local/lib/python3.12/site-packages/airflow/example_dags/example_skip_dag.py took 0.542 seconds
[2024-04-09T18:51:33.054+0000] {processor.py:161} INFO - Started process (PID=651) to work on /home/airflow/.local/lib/python3.12/site-packages/airflow/example_dags/example_skip_dag.py
[2024-04-09T18:51:33.055+0000] {processor.py:830} INFO - Processing file /home/airflow/.local/lib/python3.12/site-packages/airflow/example_dags/example_skip_dag.py for tasks to queue
[2024-04-09T18:51:33.057+0000] {logging_mixin.py:188} INFO - [2024-04-09T18:51:33.057+0000] {dagbag.py:540} INFO - Filling up the DagBag from /home/airflow/.local/lib/python3.12/site-packages/airflow/example_dags/example_skip_dag.py
[2024-04-09T18:51:33.067+0000] {processor.py:840} INFO - DAG(s) 'example_skip_dag' retrieved from /home/airflow/.local/lib/python3.12/site-packages/airflow/example_dags/example_skip_dag.py
[2024-04-09T18:51:33.086+0000] {logging_mixin.py:188} INFO - [2024-04-09T18:51:33.085+0000] {dag.py:3096} INFO - Sync 1 DAGs
[2024-04-09T18:51:33.103+0000] {logging_mixin.py:188} INFO - [2024-04-09T18:51:33.103+0000] {dag.py:3954} INFO - Setting next_dagrun for example_skip_dag to 2024-04-08 00:00:00+00:00, run_after=2024-04-09 00:00:00+00:00
[2024-04-09T18:51:33.122+0000] {processor.py:183} INFO - Processing /home/airflow/.local/lib/python3.12/site-packages/airflow/example_dags/example_skip_dag.py took 0.075 seconds
[2024-04-09T18:52:40.597+0000] {processor.py:161} INFO - Started process (PID=388) to work on /home/airflow/.local/lib/python3.12/site-packages/airflow/example_dags/example_skip_dag.py
[2024-04-09T18:52:40.616+0000] {processor.py:830} INFO - Processing file /home/airflow/.local/lib/python3.12/site-packages/airflow/example_dags/example_skip_dag.py for tasks to queue
[2024-04-09T18:52:40.617+0000] {logging_mixin.py:188} INFO - [2024-04-09T18:52:40.617+0000] {dagbag.py:540} INFO - Filling up the DagBag from /home/airflow/.local/lib/python3.12/site-packages/airflow/example_dags/example_skip_dag.py
[2024-04-09T18:52:40.636+0000] {processor.py:840} INFO - DAG(s) 'example_skip_dag' retrieved from /home/airflow/.local/lib/python3.12/site-packages/airflow/example_dags/example_skip_dag.py
[2024-04-09T18:52:41.039+0000] {logging_mixin.py:188} INFO - [2024-04-09T18:52:41.038+0000] {dag.py:3096} INFO - Sync 1 DAGs
[2024-04-09T18:52:41.075+0000] {logging_mixin.py:188} INFO - [2024-04-09T18:52:41.075+0000] {dag.py:3954} INFO - Setting next_dagrun for example_skip_dag to 2024-04-08 00:00:00+00:00, run_after=2024-04-09 00:00:00+00:00
[2024-04-09T18:52:41.104+0000] {processor.py:183} INFO - Processing /home/airflow/.local/lib/python3.12/site-packages/airflow/example_dags/example_skip_dag.py took 0.542 seconds
[2024-04-09T18:53:11.482+0000] {processor.py:161} INFO - Started process (PID=650) to work on /home/airflow/.local/lib/python3.12/site-packages/airflow/example_dags/example_skip_dag.py
[2024-04-09T18:53:11.483+0000] {processor.py:830} INFO - Processing file /home/airflow/.local/lib/python3.12/site-packages/airflow/example_dags/example_skip_dag.py for tasks to queue
[2024-04-09T18:53:11.485+0000] {logging_mixin.py:188} INFO - [2024-04-09T18:53:11.485+0000] {dagbag.py:540} INFO - Filling up the DagBag from /home/airflow/.local/lib/python3.12/site-packages/airflow/example_dags/example_skip_dag.py
[2024-04-09T18:53:11.492+0000] {processor.py:840} INFO - DAG(s) 'example_skip_dag' retrieved from /home/airflow/.local/lib/python3.12/site-packages/airflow/example_dags/example_skip_dag.py
[2024-04-09T18:53:11.524+0000] {logging_mixin.py:188} INFO - [2024-04-09T18:53:11.524+0000] {dag.py:3096} INFO - Sync 1 DAGs
[2024-04-09T18:53:11.552+0000] {logging_mixin.py:188} INFO - [2024-04-09T18:53:11.551+0000] {dag.py:3954} INFO - Setting next_dagrun for example_skip_dag to 2024-04-08 00:00:00+00:00, run_after=2024-04-09 00:00:00+00:00
[2024-04-09T18:53:11.577+0000] {processor.py:183} INFO - Processing /home/airflow/.local/lib/python3.12/site-packages/airflow/example_dags/example_skip_dag.py took 0.112 seconds
[2024-04-09T18:53:41.788+0000] {processor.py:161} INFO - Started process (PID=912) to work on /home/airflow/.local/lib/python3.12/site-packages/airflow/example_dags/example_skip_dag.py
[2024-04-09T18:53:41.789+0000] {processor.py:830} INFO - Processing file /home/airflow/.local/lib/python3.12/site-packages/airflow/example_dags/example_skip_dag.py for tasks to queue
[2024-04-09T18:53:41.791+0000] {logging_mixin.py:188} INFO - [2024-04-09T18:53:41.791+0000] {dagbag.py:540} INFO - Filling up the DagBag from /home/airflow/.local/lib/python3.12/site-packages/airflow/example_dags/example_skip_dag.py
[2024-04-09T18:53:41.798+0000] {processor.py:840} INFO - DAG(s) 'example_skip_dag' retrieved from /home/airflow/.local/lib/python3.12/site-packages/airflow/example_dags/example_skip_dag.py
[2024-04-09T18:53:41.823+0000] {logging_mixin.py:188} INFO - [2024-04-09T18:53:41.823+0000] {dag.py:3096} INFO - Sync 1 DAGs
[2024-04-09T18:53:41.848+0000] {logging_mixin.py:188} INFO - [2024-04-09T18:53:41.848+0000] {dag.py:3954} INFO - Setting next_dagrun for example_skip_dag to 2024-04-08 00:00:00+00:00, run_after=2024-04-09 00:00:00+00:00
[2024-04-09T18:53:41.871+0000] {processor.py:183} INFO - Processing /home/airflow/.local/lib/python3.12/site-packages/airflow/example_dags/example_skip_dag.py took 0.090 seconds
[2024-04-09T18:54:12.334+0000] {processor.py:161} INFO - Started process (PID=1176) to work on /home/airflow/.local/lib/python3.12/site-packages/airflow/example_dags/example_skip_dag.py
[2024-04-09T18:54:12.335+0000] {processor.py:830} INFO - Processing file /home/airflow/.local/lib/python3.12/site-packages/airflow/example_dags/example_skip_dag.py for tasks to queue
[2024-04-09T18:54:12.336+0000] {logging_mixin.py:188} INFO - [2024-04-09T18:54:12.336+0000] {dagbag.py:540} INFO - Filling up the DagBag from /home/airflow/.local/lib/python3.12/site-packages/airflow/example_dags/example_skip_dag.py
[2024-04-09T18:54:12.341+0000] {processor.py:840} INFO - DAG(s) 'example_skip_dag' retrieved from /home/airflow/.local/lib/python3.12/site-packages/airflow/example_dags/example_skip_dag.py
[2024-04-09T18:54:12.359+0000] {logging_mixin.py:188} INFO - [2024-04-09T18:54:12.359+0000] {dag.py:3096} INFO - Sync 1 DAGs
[2024-04-09T18:54:12.377+0000] {logging_mixin.py:188} INFO - [2024-04-09T18:54:12.377+0000] {dag.py:3954} INFO - Setting next_dagrun for example_skip_dag to 2024-04-08 00:00:00+00:00, run_after=2024-04-09 00:00:00+00:00
[2024-04-09T18:54:12.396+0000] {processor.py:183} INFO - Processing /home/airflow/.local/lib/python3.12/site-packages/airflow/example_dags/example_skip_dag.py took 0.066 seconds
[2024-04-09T18:54:43.305+0000] {processor.py:161} INFO - Started process (PID=1436) to work on /home/airflow/.local/lib/python3.12/site-packages/airflow/example_dags/example_skip_dag.py
[2024-04-09T18:54:43.307+0000] {processor.py:830} INFO - Processing file /home/airflow/.local/lib/python3.12/site-packages/airflow/example_dags/example_skip_dag.py for tasks to queue
[2024-04-09T18:54:43.309+0000] {logging_mixin.py:188} INFO - [2024-04-09T18:54:43.308+0000] {dagbag.py:540} INFO - Filling up the DagBag from /home/airflow/.local/lib/python3.12/site-packages/airflow/example_dags/example_skip_dag.py
[2024-04-09T18:54:43.316+0000] {processor.py:840} INFO - DAG(s) 'example_skip_dag' retrieved from /home/airflow/.local/lib/python3.12/site-packages/airflow/example_dags/example_skip_dag.py
[2024-04-09T18:54:43.339+0000] {logging_mixin.py:188} INFO - [2024-04-09T18:54:43.339+0000] {dag.py:3096} INFO - Sync 1 DAGs
[2024-04-09T18:54:43.371+0000] {logging_mixin.py:188} INFO - [2024-04-09T18:54:43.370+0000] {dag.py:3954} INFO - Setting next_dagrun for example_skip_dag to 2024-04-08 00:00:00+00:00, run_after=2024-04-09 00:00:00+00:00
[2024-04-09T18:54:43.396+0000] {processor.py:183} INFO - Processing /home/airflow/.local/lib/python3.12/site-packages/airflow/example_dags/example_skip_dag.py took 0.101 seconds
[2024-04-09T18:55:13.992+0000] {processor.py:161} INFO - Started process (PID=1698) to work on /home/airflow/.local/lib/python3.12/site-packages/airflow/example_dags/example_skip_dag.py
[2024-04-09T18:55:13.993+0000] {processor.py:830} INFO - Processing file /home/airflow/.local/lib/python3.12/site-packages/airflow/example_dags/example_skip_dag.py for tasks to queue
[2024-04-09T18:55:13.994+0000] {logging_mixin.py:188} INFO - [2024-04-09T18:55:13.994+0000] {dagbag.py:540} INFO - Filling up the DagBag from /home/airflow/.local/lib/python3.12/site-packages/airflow/example_dags/example_skip_dag.py
[2024-04-09T18:55:14.002+0000] {processor.py:840} INFO - DAG(s) 'example_skip_dag' retrieved from /home/airflow/.local/lib/python3.12/site-packages/airflow/example_dags/example_skip_dag.py
[2024-04-09T18:55:14.029+0000] {logging_mixin.py:188} INFO - [2024-04-09T18:55:14.029+0000] {dag.py:3096} INFO - Sync 1 DAGs
[2024-04-09T18:55:14.055+0000] {logging_mixin.py:188} INFO - [2024-04-09T18:55:14.055+0000] {dag.py:3954} INFO - Setting next_dagrun for example_skip_dag to 2024-04-08 00:00:00+00:00, run_after=2024-04-09 00:00:00+00:00
[2024-04-09T18:55:14.081+0000] {processor.py:183} INFO - Processing /home/airflow/.local/lib/python3.12/site-packages/airflow/example_dags/example_skip_dag.py took 0.096 seconds
[2024-04-09T18:55:44.458+0000] {processor.py:161} INFO - Started process (PID=1961) to work on /home/airflow/.local/lib/python3.12/site-packages/airflow/example_dags/example_skip_dag.py
[2024-04-09T18:55:44.459+0000] {processor.py:830} INFO - Processing file /home/airflow/.local/lib/python3.12/site-packages/airflow/example_dags/example_skip_dag.py for tasks to queue
[2024-04-09T18:55:44.461+0000] {logging_mixin.py:188} INFO - [2024-04-09T18:55:44.461+0000] {dagbag.py:540} INFO - Filling up the DagBag from /home/airflow/.local/lib/python3.12/site-packages/airflow/example_dags/example_skip_dag.py
[2024-04-09T18:55:44.468+0000] {processor.py:840} INFO - DAG(s) 'example_skip_dag' retrieved from /home/airflow/.local/lib/python3.12/site-packages/airflow/example_dags/example_skip_dag.py
[2024-04-09T18:55:44.493+0000] {logging_mixin.py:188} INFO - [2024-04-09T18:55:44.493+0000] {dag.py:3096} INFO - Sync 1 DAGs
[2024-04-09T18:55:44.520+0000] {logging_mixin.py:188} INFO - [2024-04-09T18:55:44.520+0000] {dag.py:3954} INFO - Setting next_dagrun for example_skip_dag to 2024-04-08 00:00:00+00:00, run_after=2024-04-09 00:00:00+00:00
[2024-04-09T18:55:44.543+0000] {processor.py:183} INFO - Processing /home/airflow/.local/lib/python3.12/site-packages/airflow/example_dags/example_skip_dag.py took 0.091 seconds
[2024-04-09T18:56:14.946+0000] {processor.py:161} INFO - Started process (PID=2223) to work on /home/airflow/.local/lib/python3.12/site-packages/airflow/example_dags/example_skip_dag.py
[2024-04-09T18:56:14.947+0000] {processor.py:830} INFO - Processing file /home/airflow/.local/lib/python3.12/site-packages/airflow/example_dags/example_skip_dag.py for tasks to queue
[2024-04-09T18:56:14.949+0000] {logging_mixin.py:188} INFO - [2024-04-09T18:56:14.949+0000] {dagbag.py:540} INFO - Filling up the DagBag from /home/airflow/.local/lib/python3.12/site-packages/airflow/example_dags/example_skip_dag.py
[2024-04-09T18:56:14.957+0000] {processor.py:840} INFO - DAG(s) 'example_skip_dag' retrieved from /home/airflow/.local/lib/python3.12/site-packages/airflow/example_dags/example_skip_dag.py
[2024-04-09T18:56:14.980+0000] {logging_mixin.py:188} INFO - [2024-04-09T18:56:14.980+0000] {dag.py:3096} INFO - Sync 1 DAGs
[2024-04-09T18:56:15.005+0000] {logging_mixin.py:188} INFO - [2024-04-09T18:56:15.004+0000] {dag.py:3954} INFO - Setting next_dagrun for example_skip_dag to 2024-04-08 00:00:00+00:00, run_after=2024-04-09 00:00:00+00:00
[2024-04-09T18:56:15.031+0000] {processor.py:183} INFO - Processing /home/airflow/.local/lib/python3.12/site-packages/airflow/example_dags/example_skip_dag.py took 0.091 seconds
[2024-04-09T18:56:45.620+0000] {processor.py:161} INFO - Started process (PID=2485) to work on /home/airflow/.local/lib/python3.12/site-packages/airflow/example_dags/example_skip_dag.py
[2024-04-09T18:56:45.621+0000] {processor.py:830} INFO - Processing file /home/airflow/.local/lib/python3.12/site-packages/airflow/example_dags/example_skip_dag.py for tasks to queue
[2024-04-09T18:56:45.623+0000] {logging_mixin.py:188} INFO - [2024-04-09T18:56:45.622+0000] {dagbag.py:540} INFO - Filling up the DagBag from /home/airflow/.local/lib/python3.12/site-packages/airflow/example_dags/example_skip_dag.py
[2024-04-09T18:56:45.630+0000] {processor.py:840} INFO - DAG(s) 'example_skip_dag' retrieved from /home/airflow/.local/lib/python3.12/site-packages/airflow/example_dags/example_skip_dag.py
[2024-04-09T18:56:45.655+0000] {logging_mixin.py:188} INFO - [2024-04-09T18:56:45.654+0000] {dag.py:3096} INFO - Sync 1 DAGs
[2024-04-09T18:56:45.679+0000] {logging_mixin.py:188} INFO - [2024-04-09T18:56:45.679+0000] {dag.py:3954} INFO - Setting next_dagrun for example_skip_dag to 2024-04-08 00:00:00+00:00, run_after=2024-04-09 00:00:00+00:00
[2024-04-09T18:56:45.705+0000] {processor.py:183} INFO - Processing /home/airflow/.local/lib/python3.12/site-packages/airflow/example_dags/example_skip_dag.py took 0.093 seconds
[2024-04-09T18:57:16.137+0000] {processor.py:161} INFO - Started process (PID=2749) to work on /home/airflow/.local/lib/python3.12/site-packages/airflow/example_dags/example_skip_dag.py
[2024-04-09T18:57:16.138+0000] {processor.py:830} INFO - Processing file /home/airflow/.local/lib/python3.12/site-packages/airflow/example_dags/example_skip_dag.py for tasks to queue
[2024-04-09T18:57:16.140+0000] {logging_mixin.py:188} INFO - [2024-04-09T18:57:16.139+0000] {dagbag.py:540} INFO - Filling up the DagBag from /home/airflow/.local/lib/python3.12/site-packages/airflow/example_dags/example_skip_dag.py
[2024-04-09T18:57:16.145+0000] {processor.py:840} INFO - DAG(s) 'example_skip_dag' retrieved from /home/airflow/.local/lib/python3.12/site-packages/airflow/example_dags/example_skip_dag.py
[2024-04-09T18:57:16.163+0000] {logging_mixin.py:188} INFO - [2024-04-09T18:57:16.163+0000] {dag.py:3096} INFO - Sync 1 DAGs
[2024-04-09T18:57:16.180+0000] {logging_mixin.py:188} INFO - [2024-04-09T18:57:16.180+0000] {dag.py:3954} INFO - Setting next_dagrun for example_skip_dag to 2024-04-08 00:00:00+00:00, run_after=2024-04-09 00:00:00+00:00
[2024-04-09T18:57:16.199+0000] {processor.py:183} INFO - Processing /home/airflow/.local/lib/python3.12/site-packages/airflow/example_dags/example_skip_dag.py took 0.066 seconds
[2024-04-09T18:57:46.743+0000] {processor.py:161} INFO - Started process (PID=3019) to work on /home/airflow/.local/lib/python3.12/site-packages/airflow/example_dags/example_skip_dag.py
[2024-04-09T18:57:46.744+0000] {processor.py:830} INFO - Processing file /home/airflow/.local/lib/python3.12/site-packages/airflow/example_dags/example_skip_dag.py for tasks to queue
[2024-04-09T18:57:46.747+0000] {logging_mixin.py:188} INFO - [2024-04-09T18:57:46.747+0000] {dagbag.py:540} INFO - Filling up the DagBag from /home/airflow/.local/lib/python3.12/site-packages/airflow/example_dags/example_skip_dag.py
[2024-04-09T18:57:46.754+0000] {processor.py:840} INFO - DAG(s) 'example_skip_dag' retrieved from /home/airflow/.local/lib/python3.12/site-packages/airflow/example_dags/example_skip_dag.py
[2024-04-09T18:57:46.791+0000] {logging_mixin.py:188} INFO - [2024-04-09T18:57:46.791+0000] {dag.py:3096} INFO - Sync 1 DAGs
[2024-04-09T18:57:46.830+0000] {logging_mixin.py:188} INFO - [2024-04-09T18:57:46.830+0000] {dag.py:3954} INFO - Setting next_dagrun for example_skip_dag to 2024-04-08 00:00:00+00:00, run_after=2024-04-09 00:00:00+00:00
[2024-04-09T18:57:46.876+0000] {processor.py:183} INFO - Processing /home/airflow/.local/lib/python3.12/site-packages/airflow/example_dags/example_skip_dag.py took 0.139 seconds
[2024-04-09T18:58:17.122+0000] {processor.py:161} INFO - Started process (PID=3292) to work on /home/airflow/.local/lib/python3.12/site-packages/airflow/example_dags/example_skip_dag.py
[2024-04-09T18:58:17.123+0000] {processor.py:830} INFO - Processing file /home/airflow/.local/lib/python3.12/site-packages/airflow/example_dags/example_skip_dag.py for tasks to queue
[2024-04-09T18:58:17.125+0000] {logging_mixin.py:188} INFO - [2024-04-09T18:58:17.124+0000] {dagbag.py:540} INFO - Filling up the DagBag from /home/airflow/.local/lib/python3.12/site-packages/airflow/example_dags/example_skip_dag.py
[2024-04-09T18:58:17.132+0000] {processor.py:840} INFO - DAG(s) 'example_skip_dag' retrieved from /home/airflow/.local/lib/python3.12/site-packages/airflow/example_dags/example_skip_dag.py
[2024-04-09T18:58:17.156+0000] {logging_mixin.py:188} INFO - [2024-04-09T18:58:17.156+0000] {dag.py:3096} INFO - Sync 1 DAGs
[2024-04-09T18:58:17.202+0000] {logging_mixin.py:188} INFO - [2024-04-09T18:58:17.199+0000] {dag.py:3954} INFO - Setting next_dagrun for example_skip_dag to 2024-04-08 00:00:00+00:00, run_after=2024-04-09 00:00:00+00:00
[2024-04-09T18:58:17.241+0000] {processor.py:183} INFO - Processing /home/airflow/.local/lib/python3.12/site-packages/airflow/example_dags/example_skip_dag.py took 0.126 seconds
[2024-04-09T18:58:47.392+0000] {processor.py:161} INFO - Started process (PID=3563) to work on /home/airflow/.local/lib/python3.12/site-packages/airflow/example_dags/example_skip_dag.py
[2024-04-09T18:58:47.393+0000] {processor.py:830} INFO - Processing file /home/airflow/.local/lib/python3.12/site-packages/airflow/example_dags/example_skip_dag.py for tasks to queue
[2024-04-09T18:58:47.395+0000] {logging_mixin.py:188} INFO - [2024-04-09T18:58:47.394+0000] {dagbag.py:540} INFO - Filling up the DagBag from /home/airflow/.local/lib/python3.12/site-packages/airflow/example_dags/example_skip_dag.py
[2024-04-09T18:58:47.401+0000] {processor.py:840} INFO - DAG(s) 'example_skip_dag' retrieved from /home/airflow/.local/lib/python3.12/site-packages/airflow/example_dags/example_skip_dag.py
[2024-04-09T18:58:47.425+0000] {logging_mixin.py:188} INFO - [2024-04-09T18:58:47.424+0000] {dag.py:3096} INFO - Sync 1 DAGs
[2024-04-09T18:58:47.453+0000] {logging_mixin.py:188} INFO - [2024-04-09T18:58:47.453+0000] {dag.py:3954} INFO - Setting next_dagrun for example_skip_dag to 2024-04-08 00:00:00+00:00, run_after=2024-04-09 00:00:00+00:00
[2024-04-09T18:58:47.476+0000] {processor.py:183} INFO - Processing /home/airflow/.local/lib/python3.12/site-packages/airflow/example_dags/example_skip_dag.py took 0.091 seconds
[2024-04-09T18:59:17.862+0000] {processor.py:161} INFO - Started process (PID=3840) to work on /home/airflow/.local/lib/python3.12/site-packages/airflow/example_dags/example_skip_dag.py
[2024-04-09T18:59:17.863+0000] {processor.py:830} INFO - Processing file /home/airflow/.local/lib/python3.12/site-packages/airflow/example_dags/example_skip_dag.py for tasks to queue
[2024-04-09T18:59:17.865+0000] {logging_mixin.py:188} INFO - [2024-04-09T18:59:17.865+0000] {dagbag.py:540} INFO - Filling up the DagBag from /home/airflow/.local/lib/python3.12/site-packages/airflow/example_dags/example_skip_dag.py
[2024-04-09T18:59:17.874+0000] {processor.py:840} INFO - DAG(s) 'example_skip_dag' retrieved from /home/airflow/.local/lib/python3.12/site-packages/airflow/example_dags/example_skip_dag.py
[2024-04-09T18:59:17.912+0000] {logging_mixin.py:188} INFO - [2024-04-09T18:59:17.911+0000] {dag.py:3096} INFO - Sync 1 DAGs
[2024-04-09T18:59:17.940+0000] {logging_mixin.py:188} INFO - [2024-04-09T18:59:17.940+0000] {dag.py:3954} INFO - Setting next_dagrun for example_skip_dag to 2024-04-08 00:00:00+00:00, run_after=2024-04-09 00:00:00+00:00
[2024-04-09T18:59:17.989+0000] {processor.py:183} INFO - Processing /home/airflow/.local/lib/python3.12/site-packages/airflow/example_dags/example_skip_dag.py took 0.135 seconds
[2024-04-09T18:59:48.125+0000] {processor.py:161} INFO - Started process (PID=4114) to work on /home/airflow/.local/lib/python3.12/site-packages/airflow/example_dags/example_skip_dag.py
[2024-04-09T18:59:48.126+0000] {processor.py:830} INFO - Processing file /home/airflow/.local/lib/python3.12/site-packages/airflow/example_dags/example_skip_dag.py for tasks to queue
[2024-04-09T18:59:48.128+0000] {logging_mixin.py:188} INFO - [2024-04-09T18:59:48.127+0000] {dagbag.py:540} INFO - Filling up the DagBag from /home/airflow/.local/lib/python3.12/site-packages/airflow/example_dags/example_skip_dag.py
[2024-04-09T18:59:48.133+0000] {processor.py:840} INFO - DAG(s) 'example_skip_dag' retrieved from /home/airflow/.local/lib/python3.12/site-packages/airflow/example_dags/example_skip_dag.py
[2024-04-09T18:59:48.156+0000] {logging_mixin.py:188} INFO - [2024-04-09T18:59:48.156+0000] {dag.py:3096} INFO - Sync 1 DAGs
[2024-04-09T18:59:48.182+0000] {logging_mixin.py:188} INFO - [2024-04-09T18:59:48.182+0000] {dag.py:3954} INFO - Setting next_dagrun for example_skip_dag to 2024-04-08 00:00:00+00:00, run_after=2024-04-09 00:00:00+00:00
[2024-04-09T18:59:48.211+0000] {processor.py:183} INFO - Processing /home/airflow/.local/lib/python3.12/site-packages/airflow/example_dags/example_skip_dag.py took 0.091 seconds
[2024-04-09T19:00:18.679+0000] {processor.py:161} INFO - Started process (PID=4381) to work on /home/airflow/.local/lib/python3.12/site-packages/airflow/example_dags/example_skip_dag.py
[2024-04-09T19:00:18.680+0000] {processor.py:830} INFO - Processing file /home/airflow/.local/lib/python3.12/site-packages/airflow/example_dags/example_skip_dag.py for tasks to queue
[2024-04-09T19:00:18.682+0000] {logging_mixin.py:188} INFO - [2024-04-09T19:00:18.682+0000] {dagbag.py:540} INFO - Filling up the DagBag from /home/airflow/.local/lib/python3.12/site-packages/airflow/example_dags/example_skip_dag.py
[2024-04-09T19:00:18.690+0000] {processor.py:840} INFO - DAG(s) 'example_skip_dag' retrieved from /home/airflow/.local/lib/python3.12/site-packages/airflow/example_dags/example_skip_dag.py
[2024-04-09T19:00:18.714+0000] {logging_mixin.py:188} INFO - [2024-04-09T19:00:18.714+0000] {dag.py:3096} INFO - Sync 1 DAGs
[2024-04-09T19:00:18.739+0000] {logging_mixin.py:188} INFO - [2024-04-09T19:00:18.739+0000] {dag.py:3954} INFO - Setting next_dagrun for example_skip_dag to 2024-04-08 00:00:00+00:00, run_after=2024-04-09 00:00:00+00:00
[2024-04-09T19:00:18.761+0000] {processor.py:183} INFO - Processing /home/airflow/.local/lib/python3.12/site-packages/airflow/example_dags/example_skip_dag.py took 0.090 seconds
[2024-04-09T19:00:49.250+0000] {processor.py:161} INFO - Started process (PID=4652) to work on /home/airflow/.local/lib/python3.12/site-packages/airflow/example_dags/example_skip_dag.py
[2024-04-09T19:00:49.252+0000] {processor.py:830} INFO - Processing file /home/airflow/.local/lib/python3.12/site-packages/airflow/example_dags/example_skip_dag.py for tasks to queue
[2024-04-09T19:00:49.256+0000] {logging_mixin.py:188} INFO - [2024-04-09T19:00:49.255+0000] {dagbag.py:540} INFO - Filling up the DagBag from /home/airflow/.local/lib/python3.12/site-packages/airflow/example_dags/example_skip_dag.py
[2024-04-09T19:00:49.265+0000] {processor.py:840} INFO - DAG(s) 'example_skip_dag' retrieved from /home/airflow/.local/lib/python3.12/site-packages/airflow/example_dags/example_skip_dag.py
[2024-04-09T19:00:49.291+0000] {logging_mixin.py:188} INFO - [2024-04-09T19:00:49.290+0000] {dag.py:3096} INFO - Sync 1 DAGs
[2024-04-09T19:00:49.321+0000] {logging_mixin.py:188} INFO - [2024-04-09T19:00:49.320+0000] {dag.py:3954} INFO - Setting next_dagrun for example_skip_dag to 2024-04-08 00:00:00+00:00, run_after=2024-04-09 00:00:00+00:00
[2024-04-09T19:00:49.349+0000] {processor.py:183} INFO - Processing /home/airflow/.local/lib/python3.12/site-packages/airflow/example_dags/example_skip_dag.py took 0.109 seconds
[2024-04-09T19:01:19.714+0000] {processor.py:161} INFO - Started process (PID=4924) to work on /home/airflow/.local/lib/python3.12/site-packages/airflow/example_dags/example_skip_dag.py
[2024-04-09T19:01:19.715+0000] {processor.py:830} INFO - Processing file /home/airflow/.local/lib/python3.12/site-packages/airflow/example_dags/example_skip_dag.py for tasks to queue
[2024-04-09T19:01:19.718+0000] {logging_mixin.py:188} INFO - [2024-04-09T19:01:19.717+0000] {dagbag.py:540} INFO - Filling up the DagBag from /home/airflow/.local/lib/python3.12/site-packages/airflow/example_dags/example_skip_dag.py
[2024-04-09T19:01:19.723+0000] {processor.py:840} INFO - DAG(s) 'example_skip_dag' retrieved from /home/airflow/.local/lib/python3.12/site-packages/airflow/example_dags/example_skip_dag.py
[2024-04-09T19:01:19.746+0000] {logging_mixin.py:188} INFO - [2024-04-09T19:01:19.745+0000] {dag.py:3096} INFO - Sync 1 DAGs
[2024-04-09T19:01:19.771+0000] {logging_mixin.py:188} INFO - [2024-04-09T19:01:19.771+0000] {dag.py:3954} INFO - Setting next_dagrun for example_skip_dag to 2024-04-08 00:00:00+00:00, run_after=2024-04-09 00:00:00+00:00
[2024-04-09T19:01:19.797+0000] {processor.py:183} INFO - Processing /home/airflow/.local/lib/python3.12/site-packages/airflow/example_dags/example_skip_dag.py took 0.090 seconds
[2024-04-09T19:01:50.045+0000] {processor.py:161} INFO - Started process (PID=5196) to work on /home/airflow/.local/lib/python3.12/site-packages/airflow/example_dags/example_skip_dag.py
[2024-04-09T19:01:50.047+0000] {processor.py:830} INFO - Processing file /home/airflow/.local/lib/python3.12/site-packages/airflow/example_dags/example_skip_dag.py for tasks to queue
[2024-04-09T19:01:50.048+0000] {logging_mixin.py:188} INFO - [2024-04-09T19:01:50.048+0000] {dagbag.py:540} INFO - Filling up the DagBag from /home/airflow/.local/lib/python3.12/site-packages/airflow/example_dags/example_skip_dag.py
[2024-04-09T19:01:50.056+0000] {processor.py:840} INFO - DAG(s) 'example_skip_dag' retrieved from /home/airflow/.local/lib/python3.12/site-packages/airflow/example_dags/example_skip_dag.py
[2024-04-09T19:01:50.079+0000] {logging_mixin.py:188} INFO - [2024-04-09T19:01:50.078+0000] {dag.py:3096} INFO - Sync 1 DAGs
[2024-04-09T19:01:50.107+0000] {logging_mixin.py:188} INFO - [2024-04-09T19:01:50.107+0000] {dag.py:3954} INFO - Setting next_dagrun for example_skip_dag to 2024-04-08 00:00:00+00:00, run_after=2024-04-09 00:00:00+00:00
[2024-04-09T19:01:50.135+0000] {processor.py:183} INFO - Processing /home/airflow/.local/lib/python3.12/site-packages/airflow/example_dags/example_skip_dag.py took 0.096 seconds
[2024-04-09T19:02:20.198+0000] {processor.py:161} INFO - Started process (PID=5468) to work on /home/airflow/.local/lib/python3.12/site-packages/airflow/example_dags/example_skip_dag.py
[2024-04-09T19:02:20.199+0000] {processor.py:830} INFO - Processing file /home/airflow/.local/lib/python3.12/site-packages/airflow/example_dags/example_skip_dag.py for tasks to queue
[2024-04-09T19:02:20.201+0000] {logging_mixin.py:188} INFO - [2024-04-09T19:02:20.200+0000] {dagbag.py:540} INFO - Filling up the DagBag from /home/airflow/.local/lib/python3.12/site-packages/airflow/example_dags/example_skip_dag.py
[2024-04-09T19:02:20.207+0000] {processor.py:840} INFO - DAG(s) 'example_skip_dag' retrieved from /home/airflow/.local/lib/python3.12/site-packages/airflow/example_dags/example_skip_dag.py
[2024-04-09T19:02:20.233+0000] {logging_mixin.py:188} INFO - [2024-04-09T19:02:20.232+0000] {dag.py:3096} INFO - Sync 1 DAGs
[2024-04-09T19:02:20.260+0000] {logging_mixin.py:188} INFO - [2024-04-09T19:02:20.259+0000] {dag.py:3954} INFO - Setting next_dagrun for example_skip_dag to 2024-04-08 00:00:00+00:00, run_after=2024-04-09 00:00:00+00:00
[2024-04-09T19:02:20.284+0000] {processor.py:183} INFO - Processing /home/airflow/.local/lib/python3.12/site-packages/airflow/example_dags/example_skip_dag.py took 0.093 seconds
[2024-04-09T19:02:50.343+0000] {processor.py:161} INFO - Started process (PID=5737) to work on /home/airflow/.local/lib/python3.12/site-packages/airflow/example_dags/example_skip_dag.py
[2024-04-09T19:02:50.344+0000] {processor.py:830} INFO - Processing file /home/airflow/.local/lib/python3.12/site-packages/airflow/example_dags/example_skip_dag.py for tasks to queue
[2024-04-09T19:02:50.345+0000] {logging_mixin.py:188} INFO - [2024-04-09T19:02:50.345+0000] {dagbag.py:540} INFO - Filling up the DagBag from /home/airflow/.local/lib/python3.12/site-packages/airflow/example_dags/example_skip_dag.py
[2024-04-09T19:02:50.350+0000] {processor.py:840} INFO - DAG(s) 'example_skip_dag' retrieved from /home/airflow/.local/lib/python3.12/site-packages/airflow/example_dags/example_skip_dag.py
[2024-04-09T19:02:50.369+0000] {logging_mixin.py:188} INFO - [2024-04-09T19:02:50.369+0000] {dag.py:3096} INFO - Sync 1 DAGs
[2024-04-09T19:02:50.387+0000] {logging_mixin.py:188} INFO - [2024-04-09T19:02:50.387+0000] {dag.py:3954} INFO - Setting next_dagrun for example_skip_dag to 2024-04-08 00:00:00+00:00, run_after=2024-04-09 00:00:00+00:00
[2024-04-09T19:02:50.407+0000] {processor.py:183} INFO - Processing /home/airflow/.local/lib/python3.12/site-packages/airflow/example_dags/example_skip_dag.py took 0.069 seconds
[2024-04-09T19:03:20.862+0000] {processor.py:161} INFO - Started process (PID=6012) to work on /home/airflow/.local/lib/python3.12/site-packages/airflow/example_dags/example_skip_dag.py
[2024-04-09T19:03:20.863+0000] {processor.py:830} INFO - Processing file /home/airflow/.local/lib/python3.12/site-packages/airflow/example_dags/example_skip_dag.py for tasks to queue
[2024-04-09T19:03:20.864+0000] {logging_mixin.py:188} INFO - [2024-04-09T19:03:20.864+0000] {dagbag.py:540} INFO - Filling up the DagBag from /home/airflow/.local/lib/python3.12/site-packages/airflow/example_dags/example_skip_dag.py
[2024-04-09T19:03:20.871+0000] {processor.py:840} INFO - DAG(s) 'example_skip_dag' retrieved from /home/airflow/.local/lib/python3.12/site-packages/airflow/example_dags/example_skip_dag.py
[2024-04-09T19:03:20.896+0000] {logging_mixin.py:188} INFO - [2024-04-09T19:03:20.896+0000] {dag.py:3096} INFO - Sync 1 DAGs
[2024-04-09T19:03:20.923+0000] {logging_mixin.py:188} INFO - [2024-04-09T19:03:20.923+0000] {dag.py:3954} INFO - Setting next_dagrun for example_skip_dag to 2024-04-08 00:00:00+00:00, run_after=2024-04-09 00:00:00+00:00
[2024-04-09T19:03:20.949+0000] {processor.py:183} INFO - Processing /home/airflow/.local/lib/python3.12/site-packages/airflow/example_dags/example_skip_dag.py took 0.092 seconds
[2024-04-09T19:03:51.676+0000] {processor.py:161} INFO - Started process (PID=6285) to work on /home/airflow/.local/lib/python3.12/site-packages/airflow/example_dags/example_skip_dag.py
[2024-04-09T19:03:51.677+0000] {processor.py:830} INFO - Processing file /home/airflow/.local/lib/python3.12/site-packages/airflow/example_dags/example_skip_dag.py for tasks to queue
[2024-04-09T19:03:51.679+0000] {logging_mixin.py:188} INFO - [2024-04-09T19:03:51.679+0000] {dagbag.py:540} INFO - Filling up the DagBag from /home/airflow/.local/lib/python3.12/site-packages/airflow/example_dags/example_skip_dag.py
[2024-04-09T19:03:51.687+0000] {processor.py:840} INFO - DAG(s) 'example_skip_dag' retrieved from /home/airflow/.local/lib/python3.12/site-packages/airflow/example_dags/example_skip_dag.py
[2024-04-09T19:03:51.711+0000] {logging_mixin.py:188} INFO - [2024-04-09T19:03:51.711+0000] {dag.py:3096} INFO - Sync 1 DAGs
[2024-04-09T19:03:51.740+0000] {logging_mixin.py:188} INFO - [2024-04-09T19:03:51.739+0000] {dag.py:3954} INFO - Setting next_dagrun for example_skip_dag to 2024-04-08 00:00:00+00:00, run_after=2024-04-09 00:00:00+00:00
[2024-04-09T19:03:51.790+0000] {processor.py:183} INFO - Processing /home/airflow/.local/lib/python3.12/site-packages/airflow/example_dags/example_skip_dag.py took 0.121 seconds
[2024-04-09T19:04:22.899+0000] {processor.py:161} INFO - Started process (PID=6558) to work on /home/airflow/.local/lib/python3.12/site-packages/airflow/example_dags/example_skip_dag.py
[2024-04-09T19:04:22.900+0000] {processor.py:830} INFO - Processing file /home/airflow/.local/lib/python3.12/site-packages/airflow/example_dags/example_skip_dag.py for tasks to queue
[2024-04-09T19:04:22.901+0000] {logging_mixin.py:188} INFO - [2024-04-09T19:04:22.901+0000] {dagbag.py:540} INFO - Filling up the DagBag from /home/airflow/.local/lib/python3.12/site-packages/airflow/example_dags/example_skip_dag.py
[2024-04-09T19:04:22.908+0000] {processor.py:840} INFO - DAG(s) 'example_skip_dag' retrieved from /home/airflow/.local/lib/python3.12/site-packages/airflow/example_dags/example_skip_dag.py
[2024-04-09T19:04:22.932+0000] {logging_mixin.py:188} INFO - [2024-04-09T19:04:22.932+0000] {dag.py:3096} INFO - Sync 1 DAGs
[2024-04-09T19:04:22.960+0000] {logging_mixin.py:188} INFO - [2024-04-09T19:04:22.960+0000] {dag.py:3954} INFO - Setting next_dagrun for example_skip_dag to 2024-04-08 00:00:00+00:00, run_after=2024-04-09 00:00:00+00:00
[2024-04-09T19:04:23.163+0000] {processor.py:183} INFO - Processing /home/airflow/.local/lib/python3.12/site-packages/airflow/example_dags/example_skip_dag.py took 0.271 seconds
[2024-04-09T19:04:53.228+0000] {processor.py:161} INFO - Started process (PID=6836) to work on /home/airflow/.local/lib/python3.12/site-packages/airflow/example_dags/example_skip_dag.py
[2024-04-09T19:04:53.229+0000] {processor.py:830} INFO - Processing file /home/airflow/.local/lib/python3.12/site-packages/airflow/example_dags/example_skip_dag.py for tasks to queue
[2024-04-09T19:04:53.231+0000] {logging_mixin.py:188} INFO - [2024-04-09T19:04:53.230+0000] {dagbag.py:540} INFO - Filling up the DagBag from /home/airflow/.local/lib/python3.12/site-packages/airflow/example_dags/example_skip_dag.py
[2024-04-09T19:04:53.237+0000] {processor.py:840} INFO - DAG(s) 'example_skip_dag' retrieved from /home/airflow/.local/lib/python3.12/site-packages/airflow/example_dags/example_skip_dag.py
[2024-04-09T19:04:53.260+0000] {logging_mixin.py:188} INFO - [2024-04-09T19:04:53.259+0000] {dag.py:3096} INFO - Sync 1 DAGs
[2024-04-09T19:04:53.284+0000] {logging_mixin.py:188} INFO - [2024-04-09T19:04:53.283+0000] {dag.py:3954} INFO - Setting next_dagrun for example_skip_dag to 2024-04-08 00:00:00+00:00, run_after=2024-04-09 00:00:00+00:00
[2024-04-09T19:04:53.308+0000] {processor.py:183} INFO - Processing /home/airflow/.local/lib/python3.12/site-packages/airflow/example_dags/example_skip_dag.py took 0.087 seconds
[2024-04-09T19:05:24.012+0000] {processor.py:161} INFO - Started process (PID=7104) to work on /home/airflow/.local/lib/python3.12/site-packages/airflow/example_dags/example_skip_dag.py
[2024-04-09T19:05:24.013+0000] {processor.py:830} INFO - Processing file /home/airflow/.local/lib/python3.12/site-packages/airflow/example_dags/example_skip_dag.py for tasks to queue
[2024-04-09T19:05:24.016+0000] {logging_mixin.py:188} INFO - [2024-04-09T19:05:24.015+0000] {dagbag.py:540} INFO - Filling up the DagBag from /home/airflow/.local/lib/python3.12/site-packages/airflow/example_dags/example_skip_dag.py
[2024-04-09T19:05:24.022+0000] {processor.py:840} INFO - DAG(s) 'example_skip_dag' retrieved from /home/airflow/.local/lib/python3.12/site-packages/airflow/example_dags/example_skip_dag.py
[2024-04-09T19:05:24.047+0000] {logging_mixin.py:188} INFO - [2024-04-09T19:05:24.046+0000] {dag.py:3096} INFO - Sync 1 DAGs
[2024-04-09T19:05:24.081+0000] {logging_mixin.py:188} INFO - [2024-04-09T19:05:24.081+0000] {dag.py:3954} INFO - Setting next_dagrun for example_skip_dag to 2024-04-08 00:00:00+00:00, run_after=2024-04-09 00:00:00+00:00
[2024-04-09T19:05:24.111+0000] {processor.py:183} INFO - Processing /home/airflow/.local/lib/python3.12/site-packages/airflow/example_dags/example_skip_dag.py took 0.105 seconds
[2024-04-09T19:05:54.346+0000] {processor.py:161} INFO - Started process (PID=7383) to work on /home/airflow/.local/lib/python3.12/site-packages/airflow/example_dags/example_skip_dag.py
[2024-04-09T19:05:54.347+0000] {processor.py:830} INFO - Processing file /home/airflow/.local/lib/python3.12/site-packages/airflow/example_dags/example_skip_dag.py for tasks to queue
[2024-04-09T19:05:54.348+0000] {logging_mixin.py:188} INFO - [2024-04-09T19:05:54.348+0000] {dagbag.py:540} INFO - Filling up the DagBag from /home/airflow/.local/lib/python3.12/site-packages/airflow/example_dags/example_skip_dag.py
[2024-04-09T19:05:54.354+0000] {processor.py:840} INFO - DAG(s) 'example_skip_dag' retrieved from /home/airflow/.local/lib/python3.12/site-packages/airflow/example_dags/example_skip_dag.py
[2024-04-09T19:05:54.372+0000] {logging_mixin.py:188} INFO - [2024-04-09T19:05:54.372+0000] {dag.py:3096} INFO - Sync 1 DAGs
[2024-04-09T19:05:54.390+0000] {logging_mixin.py:188} INFO - [2024-04-09T19:05:54.390+0000] {dag.py:3954} INFO - Setting next_dagrun for example_skip_dag to 2024-04-08 00:00:00+00:00, run_after=2024-04-09 00:00:00+00:00
[2024-04-09T19:05:54.409+0000] {processor.py:183} INFO - Processing /home/airflow/.local/lib/python3.12/site-packages/airflow/example_dags/example_skip_dag.py took 0.068 seconds
[2024-04-09T19:06:25.145+0000] {processor.py:161} INFO - Started process (PID=7648) to work on /home/airflow/.local/lib/python3.12/site-packages/airflow/example_dags/example_skip_dag.py
[2024-04-09T19:06:25.145+0000] {processor.py:830} INFO - Processing file /home/airflow/.local/lib/python3.12/site-packages/airflow/example_dags/example_skip_dag.py for tasks to queue
[2024-04-09T19:06:25.147+0000] {logging_mixin.py:188} INFO - [2024-04-09T19:06:25.147+0000] {dagbag.py:540} INFO - Filling up the DagBag from /home/airflow/.local/lib/python3.12/site-packages/airflow/example_dags/example_skip_dag.py
[2024-04-09T19:06:25.154+0000] {processor.py:840} INFO - DAG(s) 'example_skip_dag' retrieved from /home/airflow/.local/lib/python3.12/site-packages/airflow/example_dags/example_skip_dag.py
[2024-04-09T19:06:25.337+0000] {logging_mixin.py:188} INFO - [2024-04-09T19:06:25.337+0000] {dag.py:3096} INFO - Sync 1 DAGs
[2024-04-09T19:06:25.361+0000] {logging_mixin.py:188} INFO - [2024-04-09T19:06:25.361+0000] {dag.py:3954} INFO - Setting next_dagrun for example_skip_dag to 2024-04-08 00:00:00+00:00, run_after=2024-04-09 00:00:00+00:00
[2024-04-09T19:06:25.386+0000] {processor.py:183} INFO - Processing /home/airflow/.local/lib/python3.12/site-packages/airflow/example_dags/example_skip_dag.py took 0.248 seconds
[2024-04-09T19:06:56.049+0000] {processor.py:161} INFO - Started process (PID=7921) to work on /home/airflow/.local/lib/python3.12/site-packages/airflow/example_dags/example_skip_dag.py
[2024-04-09T19:06:56.050+0000] {processor.py:830} INFO - Processing file /home/airflow/.local/lib/python3.12/site-packages/airflow/example_dags/example_skip_dag.py for tasks to queue
[2024-04-09T19:06:56.052+0000] {logging_mixin.py:188} INFO - [2024-04-09T19:06:56.052+0000] {dagbag.py:540} INFO - Filling up the DagBag from /home/airflow/.local/lib/python3.12/site-packages/airflow/example_dags/example_skip_dag.py
[2024-04-09T19:06:56.060+0000] {processor.py:840} INFO - DAG(s) 'example_skip_dag' retrieved from /home/airflow/.local/lib/python3.12/site-packages/airflow/example_dags/example_skip_dag.py
[2024-04-09T19:06:56.084+0000] {logging_mixin.py:188} INFO - [2024-04-09T19:06:56.083+0000] {dag.py:3096} INFO - Sync 1 DAGs
[2024-04-09T19:06:56.356+0000] {logging_mixin.py:188} INFO - [2024-04-09T19:06:56.356+0000] {dag.py:3954} INFO - Setting next_dagrun for example_skip_dag to 2024-04-08 00:00:00+00:00, run_after=2024-04-09 00:00:00+00:00
[2024-04-09T19:06:56.391+0000] {processor.py:183} INFO - Processing /home/airflow/.local/lib/python3.12/site-packages/airflow/example_dags/example_skip_dag.py took 0.350 seconds
[2024-04-09T19:07:26.494+0000] {processor.py:161} INFO - Started process (PID=8197) to work on /home/airflow/.local/lib/python3.12/site-packages/airflow/example_dags/example_skip_dag.py
[2024-04-09T19:07:26.495+0000] {processor.py:830} INFO - Processing file /home/airflow/.local/lib/python3.12/site-packages/airflow/example_dags/example_skip_dag.py for tasks to queue
[2024-04-09T19:07:26.497+0000] {logging_mixin.py:188} INFO - [2024-04-09T19:07:26.497+0000] {dagbag.py:540} INFO - Filling up the DagBag from /home/airflow/.local/lib/python3.12/site-packages/airflow/example_dags/example_skip_dag.py
[2024-04-09T19:07:26.504+0000] {processor.py:840} INFO - DAG(s) 'example_skip_dag' retrieved from /home/airflow/.local/lib/python3.12/site-packages/airflow/example_dags/example_skip_dag.py
[2024-04-09T19:07:26.532+0000] {logging_mixin.py:188} INFO - [2024-04-09T19:07:26.532+0000] {dag.py:3096} INFO - Sync 1 DAGs
[2024-04-09T19:07:26.561+0000] {logging_mixin.py:188} INFO - [2024-04-09T19:07:26.561+0000] {dag.py:3954} INFO - Setting next_dagrun for example_skip_dag to 2024-04-08 00:00:00+00:00, run_after=2024-04-09 00:00:00+00:00
[2024-04-09T19:07:26.585+0000] {processor.py:183} INFO - Processing /home/airflow/.local/lib/python3.12/site-packages/airflow/example_dags/example_skip_dag.py took 0.098 seconds
[2024-04-09T19:07:57.212+0000] {processor.py:161} INFO - Started process (PID=8464) to work on /home/airflow/.local/lib/python3.12/site-packages/airflow/example_dags/example_skip_dag.py
[2024-04-09T19:07:57.215+0000] {processor.py:830} INFO - Processing file /home/airflow/.local/lib/python3.12/site-packages/airflow/example_dags/example_skip_dag.py for tasks to queue
[2024-04-09T19:07:57.217+0000] {logging_mixin.py:188} INFO - [2024-04-09T19:07:57.216+0000] {dagbag.py:540} INFO - Filling up the DagBag from /home/airflow/.local/lib/python3.12/site-packages/airflow/example_dags/example_skip_dag.py
[2024-04-09T19:07:57.224+0000] {processor.py:840} INFO - DAG(s) 'example_skip_dag' retrieved from /home/airflow/.local/lib/python3.12/site-packages/airflow/example_dags/example_skip_dag.py
[2024-04-09T19:07:57.249+0000] {logging_mixin.py:188} INFO - [2024-04-09T19:07:57.248+0000] {dag.py:3096} INFO - Sync 1 DAGs
[2024-04-09T19:07:57.284+0000] {logging_mixin.py:188} INFO - [2024-04-09T19:07:57.284+0000] {dag.py:3954} INFO - Setting next_dagrun for example_skip_dag to 2024-04-08 00:00:00+00:00, run_after=2024-04-09 00:00:00+00:00
[2024-04-09T19:07:57.328+0000] {processor.py:183} INFO - Processing /home/airflow/.local/lib/python3.12/site-packages/airflow/example_dags/example_skip_dag.py took 0.136 seconds
[2024-04-09T19:08:28.235+0000] {processor.py:161} INFO - Started process (PID=8738) to work on /home/airflow/.local/lib/python3.12/site-packages/airflow/example_dags/example_skip_dag.py
[2024-04-09T19:08:28.236+0000] {processor.py:830} INFO - Processing file /home/airflow/.local/lib/python3.12/site-packages/airflow/example_dags/example_skip_dag.py for tasks to queue
[2024-04-09T19:08:28.237+0000] {logging_mixin.py:188} INFO - [2024-04-09T19:08:28.237+0000] {dagbag.py:540} INFO - Filling up the DagBag from /home/airflow/.local/lib/python3.12/site-packages/airflow/example_dags/example_skip_dag.py
[2024-04-09T19:08:28.245+0000] {processor.py:840} INFO - DAG(s) 'example_skip_dag' retrieved from /home/airflow/.local/lib/python3.12/site-packages/airflow/example_dags/example_skip_dag.py
[2024-04-09T19:08:28.271+0000] {logging_mixin.py:188} INFO - [2024-04-09T19:08:28.271+0000] {dag.py:3096} INFO - Sync 1 DAGs
[2024-04-09T19:08:28.297+0000] {logging_mixin.py:188} INFO - [2024-04-09T19:08:28.297+0000] {dag.py:3954} INFO - Setting next_dagrun for example_skip_dag to 2024-04-08 00:00:00+00:00, run_after=2024-04-09 00:00:00+00:00
[2024-04-09T19:08:28.322+0000] {processor.py:183} INFO - Processing /home/airflow/.local/lib/python3.12/site-packages/airflow/example_dags/example_skip_dag.py took 0.094 seconds
[2024-04-09T19:08:59.301+0000] {processor.py:161} INFO - Started process (PID=9010) to work on /home/airflow/.local/lib/python3.12/site-packages/airflow/example_dags/example_skip_dag.py
[2024-04-09T19:08:59.302+0000] {processor.py:830} INFO - Processing file /home/airflow/.local/lib/python3.12/site-packages/airflow/example_dags/example_skip_dag.py for tasks to queue
[2024-04-09T19:08:59.304+0000] {logging_mixin.py:188} INFO - [2024-04-09T19:08:59.304+0000] {dagbag.py:540} INFO - Filling up the DagBag from /home/airflow/.local/lib/python3.12/site-packages/airflow/example_dags/example_skip_dag.py
[2024-04-09T19:08:59.312+0000] {processor.py:840} INFO - DAG(s) 'example_skip_dag' retrieved from /home/airflow/.local/lib/python3.12/site-packages/airflow/example_dags/example_skip_dag.py
[2024-04-09T19:08:59.343+0000] {logging_mixin.py:188} INFO - [2024-04-09T19:08:59.342+0000] {dag.py:3096} INFO - Sync 1 DAGs
[2024-04-09T19:08:59.370+0000] {logging_mixin.py:188} INFO - [2024-04-09T19:08:59.369+0000] {dag.py:3954} INFO - Setting next_dagrun for example_skip_dag to 2024-04-08 00:00:00+00:00, run_after=2024-04-09 00:00:00+00:00
[2024-04-09T19:08:59.393+0000] {processor.py:183} INFO - Processing /home/airflow/.local/lib/python3.12/site-packages/airflow/example_dags/example_skip_dag.py took 0.099 seconds
[2024-04-09T19:09:29.936+0000] {processor.py:161} INFO - Started process (PID=9281) to work on /home/airflow/.local/lib/python3.12/site-packages/airflow/example_dags/example_skip_dag.py
[2024-04-09T19:09:29.937+0000] {processor.py:830} INFO - Processing file /home/airflow/.local/lib/python3.12/site-packages/airflow/example_dags/example_skip_dag.py for tasks to queue
[2024-04-09T19:09:29.938+0000] {logging_mixin.py:188} INFO - [2024-04-09T19:09:29.938+0000] {dagbag.py:540} INFO - Filling up the DagBag from /home/airflow/.local/lib/python3.12/site-packages/airflow/example_dags/example_skip_dag.py
[2024-04-09T19:09:29.945+0000] {processor.py:840} INFO - DAG(s) 'example_skip_dag' retrieved from /home/airflow/.local/lib/python3.12/site-packages/airflow/example_dags/example_skip_dag.py
[2024-04-09T19:09:29.970+0000] {logging_mixin.py:188} INFO - [2024-04-09T19:09:29.970+0000] {dag.py:3096} INFO - Sync 1 DAGs
[2024-04-09T19:09:29.998+0000] {logging_mixin.py:188} INFO - [2024-04-09T19:09:29.998+0000] {dag.py:3954} INFO - Setting next_dagrun for example_skip_dag to 2024-04-08 00:00:00+00:00, run_after=2024-04-09 00:00:00+00:00
[2024-04-09T19:09:30.024+0000] {processor.py:183} INFO - Processing /home/airflow/.local/lib/python3.12/site-packages/airflow/example_dags/example_skip_dag.py took 0.095 seconds
[2024-04-09T19:10:00.183+0000] {processor.py:161} INFO - Started process (PID=9553) to work on /home/airflow/.local/lib/python3.12/site-packages/airflow/example_dags/example_skip_dag.py
[2024-04-09T19:10:00.186+0000] {processor.py:830} INFO - Processing file /home/airflow/.local/lib/python3.12/site-packages/airflow/example_dags/example_skip_dag.py for tasks to queue
[2024-04-09T19:10:00.196+0000] {logging_mixin.py:188} INFO - [2024-04-09T19:10:00.196+0000] {dagbag.py:540} INFO - Filling up the DagBag from /home/airflow/.local/lib/python3.12/site-packages/airflow/example_dags/example_skip_dag.py
[2024-04-09T19:10:00.204+0000] {processor.py:840} INFO - DAG(s) 'example_skip_dag' retrieved from /home/airflow/.local/lib/python3.12/site-packages/airflow/example_dags/example_skip_dag.py
[2024-04-09T19:10:00.283+0000] {logging_mixin.py:188} INFO - [2024-04-09T19:10:00.282+0000] {dag.py:3096} INFO - Sync 1 DAGs
[2024-04-09T19:10:00.311+0000] {logging_mixin.py:188} INFO - [2024-04-09T19:10:00.311+0000] {dag.py:3954} INFO - Setting next_dagrun for example_skip_dag to 2024-04-08 00:00:00+00:00, run_after=2024-04-09 00:00:00+00:00
[2024-04-09T19:10:00.338+0000] {processor.py:183} INFO - Processing /home/airflow/.local/lib/python3.12/site-packages/airflow/example_dags/example_skip_dag.py took 0.161 seconds
[2024-04-09T19:10:31.193+0000] {processor.py:161} INFO - Started process (PID=9826) to work on /home/airflow/.local/lib/python3.12/site-packages/airflow/example_dags/example_skip_dag.py
[2024-04-09T19:10:31.194+0000] {processor.py:830} INFO - Processing file /home/airflow/.local/lib/python3.12/site-packages/airflow/example_dags/example_skip_dag.py for tasks to queue
[2024-04-09T19:10:31.196+0000] {logging_mixin.py:188} INFO - [2024-04-09T19:10:31.195+0000] {dagbag.py:540} INFO - Filling up the DagBag from /home/airflow/.local/lib/python3.12/site-packages/airflow/example_dags/example_skip_dag.py
[2024-04-09T19:10:31.204+0000] {processor.py:840} INFO - DAG(s) 'example_skip_dag' retrieved from /home/airflow/.local/lib/python3.12/site-packages/airflow/example_dags/example_skip_dag.py
[2024-04-09T19:10:31.228+0000] {logging_mixin.py:188} INFO - [2024-04-09T19:10:31.228+0000] {dag.py:3096} INFO - Sync 1 DAGs
[2024-04-09T19:10:31.255+0000] {logging_mixin.py:188} INFO - [2024-04-09T19:10:31.254+0000] {dag.py:3954} INFO - Setting next_dagrun for example_skip_dag to 2024-04-08 00:00:00+00:00, run_after=2024-04-09 00:00:00+00:00
[2024-04-09T19:10:31.279+0000] {processor.py:183} INFO - Processing /home/airflow/.local/lib/python3.12/site-packages/airflow/example_dags/example_skip_dag.py took 0.094 seconds
[2024-04-09T19:11:02.051+0000] {processor.py:161} INFO - Started process (PID=10099) to work on /home/airflow/.local/lib/python3.12/site-packages/airflow/example_dags/example_skip_dag.py
[2024-04-09T19:11:02.052+0000] {processor.py:830} INFO - Processing file /home/airflow/.local/lib/python3.12/site-packages/airflow/example_dags/example_skip_dag.py for tasks to queue
[2024-04-09T19:11:02.054+0000] {logging_mixin.py:188} INFO - [2024-04-09T19:11:02.054+0000] {dagbag.py:540} INFO - Filling up the DagBag from /home/airflow/.local/lib/python3.12/site-packages/airflow/example_dags/example_skip_dag.py
[2024-04-09T19:11:02.062+0000] {processor.py:840} INFO - DAG(s) 'example_skip_dag' retrieved from /home/airflow/.local/lib/python3.12/site-packages/airflow/example_dags/example_skip_dag.py
[2024-04-09T19:11:02.087+0000] {logging_mixin.py:188} INFO - [2024-04-09T19:11:02.087+0000] {dag.py:3096} INFO - Sync 1 DAGs
[2024-04-09T19:11:02.115+0000] {logging_mixin.py:188} INFO - [2024-04-09T19:11:02.114+0000] {dag.py:3954} INFO - Setting next_dagrun for example_skip_dag to 2024-04-08 00:00:00+00:00, run_after=2024-04-09 00:00:00+00:00
[2024-04-09T19:11:02.141+0000] {processor.py:183} INFO - Processing /home/airflow/.local/lib/python3.12/site-packages/airflow/example_dags/example_skip_dag.py took 0.097 seconds
[2024-04-09T19:11:32.527+0000] {processor.py:161} INFO - Started process (PID=10371) to work on /home/airflow/.local/lib/python3.12/site-packages/airflow/example_dags/example_skip_dag.py
[2024-04-09T19:11:32.528+0000] {processor.py:830} INFO - Processing file /home/airflow/.local/lib/python3.12/site-packages/airflow/example_dags/example_skip_dag.py for tasks to queue
[2024-04-09T19:11:32.530+0000] {logging_mixin.py:188} INFO - [2024-04-09T19:11:32.530+0000] {dagbag.py:540} INFO - Filling up the DagBag from /home/airflow/.local/lib/python3.12/site-packages/airflow/example_dags/example_skip_dag.py
[2024-04-09T19:11:32.538+0000] {processor.py:840} INFO - DAG(s) 'example_skip_dag' retrieved from /home/airflow/.local/lib/python3.12/site-packages/airflow/example_dags/example_skip_dag.py
[2024-04-09T19:11:32.566+0000] {logging_mixin.py:188} INFO - [2024-04-09T19:11:32.565+0000] {dag.py:3096} INFO - Sync 1 DAGs
[2024-04-09T19:11:32.592+0000] {logging_mixin.py:188} INFO - [2024-04-09T19:11:32.592+0000] {dag.py:3954} INFO - Setting next_dagrun for example_skip_dag to 2024-04-08 00:00:00+00:00, run_after=2024-04-09 00:00:00+00:00
[2024-04-09T19:11:32.613+0000] {processor.py:183} INFO - Processing /home/airflow/.local/lib/python3.12/site-packages/airflow/example_dags/example_skip_dag.py took 0.093 seconds
[2024-04-09T19:12:03.321+0000] {processor.py:161} INFO - Started process (PID=10644) to work on /home/airflow/.local/lib/python3.12/site-packages/airflow/example_dags/example_skip_dag.py
[2024-04-09T19:12:03.322+0000] {processor.py:830} INFO - Processing file /home/airflow/.local/lib/python3.12/site-packages/airflow/example_dags/example_skip_dag.py for tasks to queue
[2024-04-09T19:12:03.324+0000] {logging_mixin.py:188} INFO - [2024-04-09T19:12:03.324+0000] {dagbag.py:540} INFO - Filling up the DagBag from /home/airflow/.local/lib/python3.12/site-packages/airflow/example_dags/example_skip_dag.py
[2024-04-09T19:12:03.331+0000] {processor.py:840} INFO - DAG(s) 'example_skip_dag' retrieved from /home/airflow/.local/lib/python3.12/site-packages/airflow/example_dags/example_skip_dag.py
[2024-04-09T19:12:03.356+0000] {logging_mixin.py:188} INFO - [2024-04-09T19:12:03.356+0000] {dag.py:3096} INFO - Sync 1 DAGs
[2024-04-09T19:12:03.385+0000] {logging_mixin.py:188} INFO - [2024-04-09T19:12:03.384+0000] {dag.py:3954} INFO - Setting next_dagrun for example_skip_dag to 2024-04-08 00:00:00+00:00, run_after=2024-04-09 00:00:00+00:00
[2024-04-09T19:12:03.413+0000] {processor.py:183} INFO - Processing /home/airflow/.local/lib/python3.12/site-packages/airflow/example_dags/example_skip_dag.py took 0.099 seconds
[2024-04-09T19:12:33.874+0000] {processor.py:161} INFO - Started process (PID=10916) to work on /home/airflow/.local/lib/python3.12/site-packages/airflow/example_dags/example_skip_dag.py
[2024-04-09T19:12:33.875+0000] {processor.py:830} INFO - Processing file /home/airflow/.local/lib/python3.12/site-packages/airflow/example_dags/example_skip_dag.py for tasks to queue
[2024-04-09T19:12:33.879+0000] {logging_mixin.py:188} INFO - [2024-04-09T19:12:33.878+0000] {dagbag.py:540} INFO - Filling up the DagBag from /home/airflow/.local/lib/python3.12/site-packages/airflow/example_dags/example_skip_dag.py
[2024-04-09T19:12:33.892+0000] {processor.py:840} INFO - DAG(s) 'example_skip_dag' retrieved from /home/airflow/.local/lib/python3.12/site-packages/airflow/example_dags/example_skip_dag.py
[2024-04-09T19:12:33.925+0000] {logging_mixin.py:188} INFO - [2024-04-09T19:12:33.925+0000] {dag.py:3096} INFO - Sync 1 DAGs
[2024-04-09T19:12:33.952+0000] {logging_mixin.py:188} INFO - [2024-04-09T19:12:33.952+0000] {dag.py:3954} INFO - Setting next_dagrun for example_skip_dag to 2024-04-08 00:00:00+00:00, run_after=2024-04-09 00:00:00+00:00
[2024-04-09T19:12:33.976+0000] {processor.py:183} INFO - Processing /home/airflow/.local/lib/python3.12/site-packages/airflow/example_dags/example_skip_dag.py took 0.119 seconds
[2024-04-09T19:13:04.812+0000] {processor.py:161} INFO - Started process (PID=11189) to work on /home/airflow/.local/lib/python3.12/site-packages/airflow/example_dags/example_skip_dag.py
[2024-04-09T19:13:04.813+0000] {processor.py:830} INFO - Processing file /home/airflow/.local/lib/python3.12/site-packages/airflow/example_dags/example_skip_dag.py for tasks to queue
[2024-04-09T19:13:04.816+0000] {logging_mixin.py:188} INFO - [2024-04-09T19:13:04.815+0000] {dagbag.py:540} INFO - Filling up the DagBag from /home/airflow/.local/lib/python3.12/site-packages/airflow/example_dags/example_skip_dag.py
[2024-04-09T19:13:04.837+0000] {processor.py:840} INFO - DAG(s) 'example_skip_dag' retrieved from /home/airflow/.local/lib/python3.12/site-packages/airflow/example_dags/example_skip_dag.py
[2024-04-09T19:13:04.874+0000] {logging_mixin.py:188} INFO - [2024-04-09T19:13:04.874+0000] {dag.py:3096} INFO - Sync 1 DAGs
[2024-04-09T19:13:04.899+0000] {logging_mixin.py:188} INFO - [2024-04-09T19:13:04.899+0000] {dag.py:3954} INFO - Setting next_dagrun for example_skip_dag to 2024-04-08 00:00:00+00:00, run_after=2024-04-09 00:00:00+00:00
[2024-04-09T19:13:04.924+0000] {processor.py:183} INFO - Processing /home/airflow/.local/lib/python3.12/site-packages/airflow/example_dags/example_skip_dag.py took 0.120 seconds
[2024-04-09T19:13:35.352+0000] {processor.py:161} INFO - Started process (PID=11461) to work on /home/airflow/.local/lib/python3.12/site-packages/airflow/example_dags/example_skip_dag.py
[2024-04-09T19:13:35.361+0000] {processor.py:830} INFO - Processing file /home/airflow/.local/lib/python3.12/site-packages/airflow/example_dags/example_skip_dag.py for tasks to queue
[2024-04-09T19:13:35.364+0000] {logging_mixin.py:188} INFO - [2024-04-09T19:13:35.363+0000] {dagbag.py:540} INFO - Filling up the DagBag from /home/airflow/.local/lib/python3.12/site-packages/airflow/example_dags/example_skip_dag.py
[2024-04-09T19:13:35.376+0000] {processor.py:840} INFO - DAG(s) 'example_skip_dag' retrieved from /home/airflow/.local/lib/python3.12/site-packages/airflow/example_dags/example_skip_dag.py
[2024-04-09T19:13:35.445+0000] {logging_mixin.py:188} INFO - [2024-04-09T19:13:35.445+0000] {dag.py:3096} INFO - Sync 1 DAGs
[2024-04-09T19:13:35.492+0000] {logging_mixin.py:188} INFO - [2024-04-09T19:13:35.491+0000] {dag.py:3954} INFO - Setting next_dagrun for example_skip_dag to 2024-04-08 00:00:00+00:00, run_after=2024-04-09 00:00:00+00:00
[2024-04-09T19:13:35.536+0000] {processor.py:183} INFO - Processing /home/airflow/.local/lib/python3.12/site-packages/airflow/example_dags/example_skip_dag.py took 0.200 seconds
[2024-04-09T19:14:06.235+0000] {processor.py:161} INFO - Started process (PID=11734) to work on /home/airflow/.local/lib/python3.12/site-packages/airflow/example_dags/example_skip_dag.py
[2024-04-09T19:14:06.237+0000] {processor.py:830} INFO - Processing file /home/airflow/.local/lib/python3.12/site-packages/airflow/example_dags/example_skip_dag.py for tasks to queue
[2024-04-09T19:14:06.239+0000] {logging_mixin.py:188} INFO - [2024-04-09T19:14:06.238+0000] {dagbag.py:540} INFO - Filling up the DagBag from /home/airflow/.local/lib/python3.12/site-packages/airflow/example_dags/example_skip_dag.py
[2024-04-09T19:14:06.246+0000] {processor.py:840} INFO - DAG(s) 'example_skip_dag' retrieved from /home/airflow/.local/lib/python3.12/site-packages/airflow/example_dags/example_skip_dag.py
[2024-04-09T19:14:06.272+0000] {logging_mixin.py:188} INFO - [2024-04-09T19:14:06.272+0000] {dag.py:3096} INFO - Sync 1 DAGs
[2024-04-09T19:14:06.301+0000] {logging_mixin.py:188} INFO - [2024-04-09T19:14:06.301+0000] {dag.py:3954} INFO - Setting next_dagrun for example_skip_dag to 2024-04-08 00:00:00+00:00, run_after=2024-04-09 00:00:00+00:00
[2024-04-09T19:14:06.324+0000] {processor.py:183} INFO - Processing /home/airflow/.local/lib/python3.12/site-packages/airflow/example_dags/example_skip_dag.py took 0.095 seconds
[2024-04-09T19:14:36.489+0000] {processor.py:161} INFO - Started process (PID=12006) to work on /home/airflow/.local/lib/python3.12/site-packages/airflow/example_dags/example_skip_dag.py
[2024-04-09T19:14:36.490+0000] {processor.py:830} INFO - Processing file /home/airflow/.local/lib/python3.12/site-packages/airflow/example_dags/example_skip_dag.py for tasks to queue
[2024-04-09T19:14:36.492+0000] {logging_mixin.py:188} INFO - [2024-04-09T19:14:36.492+0000] {dagbag.py:540} INFO - Filling up the DagBag from /home/airflow/.local/lib/python3.12/site-packages/airflow/example_dags/example_skip_dag.py
[2024-04-09T19:14:36.499+0000] {processor.py:840} INFO - DAG(s) 'example_skip_dag' retrieved from /home/airflow/.local/lib/python3.12/site-packages/airflow/example_dags/example_skip_dag.py
[2024-04-09T19:14:36.525+0000] {logging_mixin.py:188} INFO - [2024-04-09T19:14:36.525+0000] {dag.py:3096} INFO - Sync 1 DAGs
[2024-04-09T19:14:36.551+0000] {logging_mixin.py:188} INFO - [2024-04-09T19:14:36.551+0000] {dag.py:3954} INFO - Setting next_dagrun for example_skip_dag to 2024-04-08 00:00:00+00:00, run_after=2024-04-09 00:00:00+00:00
[2024-04-09T19:14:36.579+0000] {processor.py:183} INFO - Processing /home/airflow/.local/lib/python3.12/site-packages/airflow/example_dags/example_skip_dag.py took 0.097 seconds
[2024-04-09T19:15:06.733+0000] {processor.py:161} INFO - Started process (PID=12280) to work on /home/airflow/.local/lib/python3.12/site-packages/airflow/example_dags/example_skip_dag.py
[2024-04-09T19:15:06.734+0000] {processor.py:830} INFO - Processing file /home/airflow/.local/lib/python3.12/site-packages/airflow/example_dags/example_skip_dag.py for tasks to queue
[2024-04-09T19:15:06.737+0000] {logging_mixin.py:188} INFO - [2024-04-09T19:15:06.737+0000] {dagbag.py:540} INFO - Filling up the DagBag from /home/airflow/.local/lib/python3.12/site-packages/airflow/example_dags/example_skip_dag.py
[2024-04-09T19:15:06.749+0000] {processor.py:840} INFO - DAG(s) 'example_skip_dag' retrieved from /home/airflow/.local/lib/python3.12/site-packages/airflow/example_dags/example_skip_dag.py
[2024-04-09T19:15:06.773+0000] {logging_mixin.py:188} INFO - [2024-04-09T19:15:06.773+0000] {dag.py:3096} INFO - Sync 1 DAGs
[2024-04-09T19:15:06.799+0000] {logging_mixin.py:188} INFO - [2024-04-09T19:15:06.798+0000] {dag.py:3954} INFO - Setting next_dagrun for example_skip_dag to 2024-04-08 00:00:00+00:00, run_after=2024-04-09 00:00:00+00:00
[2024-04-09T19:15:06.824+0000] {processor.py:183} INFO - Processing /home/airflow/.local/lib/python3.12/site-packages/airflow/example_dags/example_skip_dag.py took 0.098 seconds
[2024-04-09T19:15:37.433+0000] {processor.py:161} INFO - Started process (PID=12553) to work on /home/airflow/.local/lib/python3.12/site-packages/airflow/example_dags/example_skip_dag.py
[2024-04-09T19:15:37.434+0000] {processor.py:830} INFO - Processing file /home/airflow/.local/lib/python3.12/site-packages/airflow/example_dags/example_skip_dag.py for tasks to queue
[2024-04-09T19:15:37.437+0000] {logging_mixin.py:188} INFO - [2024-04-09T19:15:37.436+0000] {dagbag.py:540} INFO - Filling up the DagBag from /home/airflow/.local/lib/python3.12/site-packages/airflow/example_dags/example_skip_dag.py
[2024-04-09T19:15:37.444+0000] {processor.py:840} INFO - DAG(s) 'example_skip_dag' retrieved from /home/airflow/.local/lib/python3.12/site-packages/airflow/example_dags/example_skip_dag.py
[2024-04-09T19:15:37.469+0000] {logging_mixin.py:188} INFO - [2024-04-09T19:15:37.468+0000] {dag.py:3096} INFO - Sync 1 DAGs
[2024-04-09T19:15:37.496+0000] {logging_mixin.py:188} INFO - [2024-04-09T19:15:37.496+0000] {dag.py:3954} INFO - Setting next_dagrun for example_skip_dag to 2024-04-08 00:00:00+00:00, run_after=2024-04-09 00:00:00+00:00
[2024-04-09T19:15:37.519+0000] {processor.py:183} INFO - Processing /home/airflow/.local/lib/python3.12/site-packages/airflow/example_dags/example_skip_dag.py took 0.092 seconds
[2024-04-09T19:16:07.756+0000] {processor.py:161} INFO - Started process (PID=12825) to work on /home/airflow/.local/lib/python3.12/site-packages/airflow/example_dags/example_skip_dag.py
[2024-04-09T19:16:07.757+0000] {processor.py:830} INFO - Processing file /home/airflow/.local/lib/python3.12/site-packages/airflow/example_dags/example_skip_dag.py for tasks to queue
[2024-04-09T19:16:07.759+0000] {logging_mixin.py:188} INFO - [2024-04-09T19:16:07.758+0000] {dagbag.py:540} INFO - Filling up the DagBag from /home/airflow/.local/lib/python3.12/site-packages/airflow/example_dags/example_skip_dag.py
[2024-04-09T19:16:07.766+0000] {processor.py:840} INFO - DAG(s) 'example_skip_dag' retrieved from /home/airflow/.local/lib/python3.12/site-packages/airflow/example_dags/example_skip_dag.py
[2024-04-09T19:16:07.792+0000] {logging_mixin.py:188} INFO - [2024-04-09T19:16:07.791+0000] {dag.py:3096} INFO - Sync 1 DAGs
[2024-04-09T19:16:07.818+0000] {logging_mixin.py:188} INFO - [2024-04-09T19:16:07.818+0000] {dag.py:3954} INFO - Setting next_dagrun for example_skip_dag to 2024-04-08 00:00:00+00:00, run_after=2024-04-09 00:00:00+00:00
[2024-04-09T19:16:07.843+0000] {processor.py:183} INFO - Processing /home/airflow/.local/lib/python3.12/site-packages/airflow/example_dags/example_skip_dag.py took 0.093 seconds
[2024-04-09T19:16:38.705+0000] {processor.py:161} INFO - Started process (PID=13098) to work on /home/airflow/.local/lib/python3.12/site-packages/airflow/example_dags/example_skip_dag.py
[2024-04-09T19:16:38.706+0000] {processor.py:830} INFO - Processing file /home/airflow/.local/lib/python3.12/site-packages/airflow/example_dags/example_skip_dag.py for tasks to queue
[2024-04-09T19:16:38.708+0000] {logging_mixin.py:188} INFO - [2024-04-09T19:16:38.707+0000] {dagbag.py:540} INFO - Filling up the DagBag from /home/airflow/.local/lib/python3.12/site-packages/airflow/example_dags/example_skip_dag.py
[2024-04-09T19:16:38.715+0000] {processor.py:840} INFO - DAG(s) 'example_skip_dag' retrieved from /home/airflow/.local/lib/python3.12/site-packages/airflow/example_dags/example_skip_dag.py
[2024-04-09T19:16:38.741+0000] {logging_mixin.py:188} INFO - [2024-04-09T19:16:38.740+0000] {dag.py:3096} INFO - Sync 1 DAGs
[2024-04-09T19:16:38.765+0000] {logging_mixin.py:188} INFO - [2024-04-09T19:16:38.765+0000] {dag.py:3954} INFO - Setting next_dagrun for example_skip_dag to 2024-04-08 00:00:00+00:00, run_after=2024-04-09 00:00:00+00:00
[2024-04-09T19:16:38.805+0000] {processor.py:183} INFO - Processing /home/airflow/.local/lib/python3.12/site-packages/airflow/example_dags/example_skip_dag.py took 0.107 seconds
[2024-04-09T19:17:09.128+0000] {processor.py:161} INFO - Started process (PID=13370) to work on /home/airflow/.local/lib/python3.12/site-packages/airflow/example_dags/example_skip_dag.py
[2024-04-09T19:17:09.129+0000] {processor.py:830} INFO - Processing file /home/airflow/.local/lib/python3.12/site-packages/airflow/example_dags/example_skip_dag.py for tasks to queue
[2024-04-09T19:17:09.131+0000] {logging_mixin.py:188} INFO - [2024-04-09T19:17:09.131+0000] {dagbag.py:540} INFO - Filling up the DagBag from /home/airflow/.local/lib/python3.12/site-packages/airflow/example_dags/example_skip_dag.py
[2024-04-09T19:17:09.142+0000] {processor.py:840} INFO - DAG(s) 'example_skip_dag' retrieved from /home/airflow/.local/lib/python3.12/site-packages/airflow/example_dags/example_skip_dag.py
[2024-04-09T19:17:09.170+0000] {logging_mixin.py:188} INFO - [2024-04-09T19:17:09.170+0000] {dag.py:3096} INFO - Sync 1 DAGs
[2024-04-09T19:17:09.196+0000] {logging_mixin.py:188} INFO - [2024-04-09T19:17:09.196+0000] {dag.py:3954} INFO - Setting next_dagrun for example_skip_dag to 2024-04-08 00:00:00+00:00, run_after=2024-04-09 00:00:00+00:00
[2024-04-09T19:17:09.220+0000] {processor.py:183} INFO - Processing /home/airflow/.local/lib/python3.12/site-packages/airflow/example_dags/example_skip_dag.py took 0.100 seconds
[2024-04-09T19:17:39.779+0000] {processor.py:161} INFO - Started process (PID=13642) to work on /home/airflow/.local/lib/python3.12/site-packages/airflow/example_dags/example_skip_dag.py
[2024-04-09T19:17:39.781+0000] {processor.py:830} INFO - Processing file /home/airflow/.local/lib/python3.12/site-packages/airflow/example_dags/example_skip_dag.py for tasks to queue
[2024-04-09T19:17:39.783+0000] {logging_mixin.py:188} INFO - [2024-04-09T19:17:39.782+0000] {dagbag.py:540} INFO - Filling up the DagBag from /home/airflow/.local/lib/python3.12/site-packages/airflow/example_dags/example_skip_dag.py
[2024-04-09T19:17:39.792+0000] {processor.py:840} INFO - DAG(s) 'example_skip_dag' retrieved from /home/airflow/.local/lib/python3.12/site-packages/airflow/example_dags/example_skip_dag.py
[2024-04-09T19:17:39.819+0000] {logging_mixin.py:188} INFO - [2024-04-09T19:17:39.818+0000] {dag.py:3096} INFO - Sync 1 DAGs
[2024-04-09T19:17:39.844+0000] {logging_mixin.py:188} INFO - [2024-04-09T19:17:39.844+0000] {dag.py:3954} INFO - Setting next_dagrun for example_skip_dag to 2024-04-08 00:00:00+00:00, run_after=2024-04-09 00:00:00+00:00
[2024-04-09T19:17:39.867+0000] {processor.py:183} INFO - Processing /home/airflow/.local/lib/python3.12/site-packages/airflow/example_dags/example_skip_dag.py took 0.094 seconds
[2024-04-09T19:18:10.737+0000] {processor.py:161} INFO - Started process (PID=13914) to work on /home/airflow/.local/lib/python3.12/site-packages/airflow/example_dags/example_skip_dag.py
[2024-04-09T19:18:10.739+0000] {processor.py:830} INFO - Processing file /home/airflow/.local/lib/python3.12/site-packages/airflow/example_dags/example_skip_dag.py for tasks to queue
[2024-04-09T19:18:10.740+0000] {logging_mixin.py:188} INFO - [2024-04-09T19:18:10.740+0000] {dagbag.py:540} INFO - Filling up the DagBag from /home/airflow/.local/lib/python3.12/site-packages/airflow/example_dags/example_skip_dag.py
[2024-04-09T19:18:10.748+0000] {processor.py:840} INFO - DAG(s) 'example_skip_dag' retrieved from /home/airflow/.local/lib/python3.12/site-packages/airflow/example_dags/example_skip_dag.py
[2024-04-09T19:18:10.774+0000] {logging_mixin.py:188} INFO - [2024-04-09T19:18:10.774+0000] {dag.py:3096} INFO - Sync 1 DAGs
[2024-04-09T19:18:10.799+0000] {logging_mixin.py:188} INFO - [2024-04-09T19:18:10.799+0000] {dag.py:3954} INFO - Setting next_dagrun for example_skip_dag to 2024-04-08 00:00:00+00:00, run_after=2024-04-09 00:00:00+00:00
[2024-04-09T19:18:10.830+0000] {processor.py:183} INFO - Processing /home/airflow/.local/lib/python3.12/site-packages/airflow/example_dags/example_skip_dag.py took 0.100 seconds
[2024-04-09T19:18:41.662+0000] {processor.py:161} INFO - Started process (PID=14192) to work on /home/airflow/.local/lib/python3.12/site-packages/airflow/example_dags/example_skip_dag.py
[2024-04-09T19:18:41.663+0000] {processor.py:830} INFO - Processing file /home/airflow/.local/lib/python3.12/site-packages/airflow/example_dags/example_skip_dag.py for tasks to queue
[2024-04-09T19:18:41.666+0000] {logging_mixin.py:188} INFO - [2024-04-09T19:18:41.666+0000] {dagbag.py:540} INFO - Filling up the DagBag from /home/airflow/.local/lib/python3.12/site-packages/airflow/example_dags/example_skip_dag.py
[2024-04-09T19:18:41.688+0000] {processor.py:840} INFO - DAG(s) 'example_skip_dag' retrieved from /home/airflow/.local/lib/python3.12/site-packages/airflow/example_dags/example_skip_dag.py
[2024-04-09T19:18:41.781+0000] {logging_mixin.py:188} INFO - [2024-04-09T19:18:41.781+0000] {dag.py:3096} INFO - Sync 1 DAGs
[2024-04-09T19:18:41.832+0000] {logging_mixin.py:188} INFO - [2024-04-09T19:18:41.832+0000] {dag.py:3954} INFO - Setting next_dagrun for example_skip_dag to 2024-04-08 00:00:00+00:00, run_after=2024-04-09 00:00:00+00:00
[2024-04-09T19:18:41.866+0000] {processor.py:183} INFO - Processing /home/airflow/.local/lib/python3.12/site-packages/airflow/example_dags/example_skip_dag.py took 0.216 seconds
[2024-04-09T19:19:11.993+0000] {processor.py:161} INFO - Started process (PID=14463) to work on /home/airflow/.local/lib/python3.12/site-packages/airflow/example_dags/example_skip_dag.py
[2024-04-09T19:19:11.994+0000] {processor.py:830} INFO - Processing file /home/airflow/.local/lib/python3.12/site-packages/airflow/example_dags/example_skip_dag.py for tasks to queue
[2024-04-09T19:19:11.996+0000] {logging_mixin.py:188} INFO - [2024-04-09T19:19:11.995+0000] {dagbag.py:540} INFO - Filling up the DagBag from /home/airflow/.local/lib/python3.12/site-packages/airflow/example_dags/example_skip_dag.py
[2024-04-09T19:19:12.003+0000] {processor.py:840} INFO - DAG(s) 'example_skip_dag' retrieved from /home/airflow/.local/lib/python3.12/site-packages/airflow/example_dags/example_skip_dag.py
[2024-04-09T19:19:12.028+0000] {logging_mixin.py:188} INFO - [2024-04-09T19:19:12.028+0000] {dag.py:3096} INFO - Sync 1 DAGs
[2024-04-09T19:19:12.057+0000] {logging_mixin.py:188} INFO - [2024-04-09T19:19:12.057+0000] {dag.py:3954} INFO - Setting next_dagrun for example_skip_dag to 2024-04-08 00:00:00+00:00, run_after=2024-04-09 00:00:00+00:00
[2024-04-09T19:19:12.079+0000] {processor.py:183} INFO - Processing /home/airflow/.local/lib/python3.12/site-packages/airflow/example_dags/example_skip_dag.py took 0.095 seconds
[2024-04-09T19:19:42.690+0000] {processor.py:161} INFO - Started process (PID=14736) to work on /home/airflow/.local/lib/python3.12/site-packages/airflow/example_dags/example_skip_dag.py
[2024-04-09T19:19:42.691+0000] {processor.py:830} INFO - Processing file /home/airflow/.local/lib/python3.12/site-packages/airflow/example_dags/example_skip_dag.py for tasks to queue
[2024-04-09T19:19:42.693+0000] {logging_mixin.py:188} INFO - [2024-04-09T19:19:42.693+0000] {dagbag.py:540} INFO - Filling up the DagBag from /home/airflow/.local/lib/python3.12/site-packages/airflow/example_dags/example_skip_dag.py
[2024-04-09T19:19:42.700+0000] {processor.py:840} INFO - DAG(s) 'example_skip_dag' retrieved from /home/airflow/.local/lib/python3.12/site-packages/airflow/example_dags/example_skip_dag.py
[2024-04-09T19:19:42.726+0000] {logging_mixin.py:188} INFO - [2024-04-09T19:19:42.726+0000] {dag.py:3096} INFO - Sync 1 DAGs
[2024-04-09T19:19:42.754+0000] {logging_mixin.py:188} INFO - [2024-04-09T19:19:42.753+0000] {dag.py:3954} INFO - Setting next_dagrun for example_skip_dag to 2024-04-08 00:00:00+00:00, run_after=2024-04-09 00:00:00+00:00
[2024-04-09T19:19:42.776+0000] {processor.py:183} INFO - Processing /home/airflow/.local/lib/python3.12/site-packages/airflow/example_dags/example_skip_dag.py took 0.093 seconds
[2024-04-09T19:20:13.091+0000] {processor.py:161} INFO - Started process (PID=15009) to work on /home/airflow/.local/lib/python3.12/site-packages/airflow/example_dags/example_skip_dag.py
[2024-04-09T19:20:13.092+0000] {processor.py:830} INFO - Processing file /home/airflow/.local/lib/python3.12/site-packages/airflow/example_dags/example_skip_dag.py for tasks to queue
[2024-04-09T19:20:13.094+0000] {logging_mixin.py:188} INFO - [2024-04-09T19:20:13.093+0000] {dagbag.py:540} INFO - Filling up the DagBag from /home/airflow/.local/lib/python3.12/site-packages/airflow/example_dags/example_skip_dag.py
[2024-04-09T19:20:13.101+0000] {processor.py:840} INFO - DAG(s) 'example_skip_dag' retrieved from /home/airflow/.local/lib/python3.12/site-packages/airflow/example_dags/example_skip_dag.py
[2024-04-09T19:20:13.132+0000] {logging_mixin.py:188} INFO - [2024-04-09T19:20:13.132+0000] {dag.py:3096} INFO - Sync 1 DAGs
[2024-04-09T19:20:13.163+0000] {logging_mixin.py:188} INFO - [2024-04-09T19:20:13.162+0000] {dag.py:3954} INFO - Setting next_dagrun for example_skip_dag to 2024-04-08 00:00:00+00:00, run_after=2024-04-09 00:00:00+00:00
[2024-04-09T19:20:13.186+0000] {processor.py:183} INFO - Processing /home/airflow/.local/lib/python3.12/site-packages/airflow/example_dags/example_skip_dag.py took 0.101 seconds
[2024-04-09T19:20:43.991+0000] {processor.py:161} INFO - Started process (PID=15283) to work on /home/airflow/.local/lib/python3.12/site-packages/airflow/example_dags/example_skip_dag.py
[2024-04-09T19:20:43.993+0000] {processor.py:830} INFO - Processing file /home/airflow/.local/lib/python3.12/site-packages/airflow/example_dags/example_skip_dag.py for tasks to queue
[2024-04-09T19:20:43.995+0000] {logging_mixin.py:188} INFO - [2024-04-09T19:20:43.995+0000] {dagbag.py:540} INFO - Filling up the DagBag from /home/airflow/.local/lib/python3.12/site-packages/airflow/example_dags/example_skip_dag.py
[2024-04-09T19:20:44.004+0000] {processor.py:840} INFO - DAG(s) 'example_skip_dag' retrieved from /home/airflow/.local/lib/python3.12/site-packages/airflow/example_dags/example_skip_dag.py
[2024-04-09T19:20:44.028+0000] {logging_mixin.py:188} INFO - [2024-04-09T19:20:44.028+0000] {dag.py:3096} INFO - Sync 1 DAGs
[2024-04-09T19:20:44.054+0000] {logging_mixin.py:188} INFO - [2024-04-09T19:20:44.054+0000] {dag.py:3954} INFO - Setting next_dagrun for example_skip_dag to 2024-04-08 00:00:00+00:00, run_after=2024-04-09 00:00:00+00:00
[2024-04-09T19:20:44.080+0000] {processor.py:183} INFO - Processing /home/airflow/.local/lib/python3.12/site-packages/airflow/example_dags/example_skip_dag.py took 0.098 seconds
[2024-04-09T19:21:14.571+0000] {processor.py:161} INFO - Started process (PID=15554) to work on /home/airflow/.local/lib/python3.12/site-packages/airflow/example_dags/example_skip_dag.py
[2024-04-09T19:21:14.572+0000] {processor.py:830} INFO - Processing file /home/airflow/.local/lib/python3.12/site-packages/airflow/example_dags/example_skip_dag.py for tasks to queue
[2024-04-09T19:21:14.574+0000] {logging_mixin.py:188} INFO - [2024-04-09T19:21:14.574+0000] {dagbag.py:540} INFO - Filling up the DagBag from /home/airflow/.local/lib/python3.12/site-packages/airflow/example_dags/example_skip_dag.py
[2024-04-09T19:21:14.581+0000] {processor.py:840} INFO - DAG(s) 'example_skip_dag' retrieved from /home/airflow/.local/lib/python3.12/site-packages/airflow/example_dags/example_skip_dag.py
[2024-04-09T19:21:14.610+0000] {logging_mixin.py:188} INFO - [2024-04-09T19:21:14.610+0000] {dag.py:3096} INFO - Sync 1 DAGs
[2024-04-09T19:21:14.642+0000] {logging_mixin.py:188} INFO - [2024-04-09T19:21:14.642+0000] {dag.py:3954} INFO - Setting next_dagrun for example_skip_dag to 2024-04-08 00:00:00+00:00, run_after=2024-04-09 00:00:00+00:00
[2024-04-09T19:21:14.665+0000] {processor.py:183} INFO - Processing /home/airflow/.local/lib/python3.12/site-packages/airflow/example_dags/example_skip_dag.py took 0.101 seconds
[2024-04-09T19:21:44.988+0000] {processor.py:161} INFO - Started process (PID=15826) to work on /home/airflow/.local/lib/python3.12/site-packages/airflow/example_dags/example_skip_dag.py
[2024-04-09T19:21:44.989+0000] {processor.py:830} INFO - Processing file /home/airflow/.local/lib/python3.12/site-packages/airflow/example_dags/example_skip_dag.py for tasks to queue
[2024-04-09T19:21:44.990+0000] {logging_mixin.py:188} INFO - [2024-04-09T19:21:44.990+0000] {dagbag.py:540} INFO - Filling up the DagBag from /home/airflow/.local/lib/python3.12/site-packages/airflow/example_dags/example_skip_dag.py
[2024-04-09T19:21:44.997+0000] {processor.py:840} INFO - DAG(s) 'example_skip_dag' retrieved from /home/airflow/.local/lib/python3.12/site-packages/airflow/example_dags/example_skip_dag.py
[2024-04-09T19:21:45.023+0000] {logging_mixin.py:188} INFO - [2024-04-09T19:21:45.023+0000] {dag.py:3096} INFO - Sync 1 DAGs
[2024-04-09T19:21:45.049+0000] {logging_mixin.py:188} INFO - [2024-04-09T19:21:45.049+0000] {dag.py:3954} INFO - Setting next_dagrun for example_skip_dag to 2024-04-08 00:00:00+00:00, run_after=2024-04-09 00:00:00+00:00
[2024-04-09T19:21:45.072+0000] {processor.py:183} INFO - Processing /home/airflow/.local/lib/python3.12/site-packages/airflow/example_dags/example_skip_dag.py took 0.092 seconds
[2024-04-09T19:22:15.560+0000] {processor.py:161} INFO - Started process (PID=16098) to work on /home/airflow/.local/lib/python3.12/site-packages/airflow/example_dags/example_skip_dag.py
[2024-04-09T19:22:15.561+0000] {processor.py:830} INFO - Processing file /home/airflow/.local/lib/python3.12/site-packages/airflow/example_dags/example_skip_dag.py for tasks to queue
[2024-04-09T19:22:15.562+0000] {logging_mixin.py:188} INFO - [2024-04-09T19:22:15.562+0000] {dagbag.py:540} INFO - Filling up the DagBag from /home/airflow/.local/lib/python3.12/site-packages/airflow/example_dags/example_skip_dag.py
[2024-04-09T19:22:15.569+0000] {processor.py:840} INFO - DAG(s) 'example_skip_dag' retrieved from /home/airflow/.local/lib/python3.12/site-packages/airflow/example_dags/example_skip_dag.py
[2024-04-09T19:22:15.594+0000] {logging_mixin.py:188} INFO - [2024-04-09T19:22:15.594+0000] {dag.py:3096} INFO - Sync 1 DAGs
[2024-04-09T19:22:15.620+0000] {logging_mixin.py:188} INFO - [2024-04-09T19:22:15.619+0000] {dag.py:3954} INFO - Setting next_dagrun for example_skip_dag to 2024-04-08 00:00:00+00:00, run_after=2024-04-09 00:00:00+00:00
[2024-04-09T19:22:15.650+0000] {processor.py:183} INFO - Processing /home/airflow/.local/lib/python3.12/site-packages/airflow/example_dags/example_skip_dag.py took 0.097 seconds
[2024-04-09T19:22:46.073+0000] {processor.py:161} INFO - Started process (PID=16370) to work on /home/airflow/.local/lib/python3.12/site-packages/airflow/example_dags/example_skip_dag.py
[2024-04-09T19:22:46.078+0000] {processor.py:830} INFO - Processing file /home/airflow/.local/lib/python3.12/site-packages/airflow/example_dags/example_skip_dag.py for tasks to queue
[2024-04-09T19:22:46.083+0000] {logging_mixin.py:188} INFO - [2024-04-09T19:22:46.083+0000] {dagbag.py:540} INFO - Filling up the DagBag from /home/airflow/.local/lib/python3.12/site-packages/airflow/example_dags/example_skip_dag.py
[2024-04-09T19:22:46.106+0000] {processor.py:840} INFO - DAG(s) 'example_skip_dag' retrieved from /home/airflow/.local/lib/python3.12/site-packages/airflow/example_dags/example_skip_dag.py
[2024-04-09T19:22:46.170+0000] {logging_mixin.py:188} INFO - [2024-04-09T19:22:46.169+0000] {dag.py:3096} INFO - Sync 1 DAGs
[2024-04-09T19:22:46.219+0000] {logging_mixin.py:188} INFO - [2024-04-09T19:22:46.219+0000] {dag.py:3954} INFO - Setting next_dagrun for example_skip_dag to 2024-04-08 00:00:00+00:00, run_after=2024-04-09 00:00:00+00:00
[2024-04-09T19:22:46.258+0000] {processor.py:183} INFO - Processing /home/airflow/.local/lib/python3.12/site-packages/airflow/example_dags/example_skip_dag.py took 0.219 seconds
[2024-04-09T19:23:16.705+0000] {processor.py:161} INFO - Started process (PID=16642) to work on /home/airflow/.local/lib/python3.12/site-packages/airflow/example_dags/example_skip_dag.py
[2024-04-09T19:23:16.706+0000] {processor.py:830} INFO - Processing file /home/airflow/.local/lib/python3.12/site-packages/airflow/example_dags/example_skip_dag.py for tasks to queue
[2024-04-09T19:23:16.708+0000] {logging_mixin.py:188} INFO - [2024-04-09T19:23:16.708+0000] {dagbag.py:540} INFO - Filling up the DagBag from /home/airflow/.local/lib/python3.12/site-packages/airflow/example_dags/example_skip_dag.py
[2024-04-09T19:23:16.716+0000] {processor.py:840} INFO - DAG(s) 'example_skip_dag' retrieved from /home/airflow/.local/lib/python3.12/site-packages/airflow/example_dags/example_skip_dag.py
[2024-04-09T19:23:16.743+0000] {logging_mixin.py:188} INFO - [2024-04-09T19:23:16.743+0000] {dag.py:3096} INFO - Sync 1 DAGs
[2024-04-09T19:23:16.768+0000] {logging_mixin.py:188} INFO - [2024-04-09T19:23:16.767+0000] {dag.py:3954} INFO - Setting next_dagrun for example_skip_dag to 2024-04-08 00:00:00+00:00, run_after=2024-04-09 00:00:00+00:00
[2024-04-09T19:23:16.791+0000] {processor.py:183} INFO - Processing /home/airflow/.local/lib/python3.12/site-packages/airflow/example_dags/example_skip_dag.py took 0.094 seconds
[2024-04-09T19:23:47.085+0000] {processor.py:161} INFO - Started process (PID=16914) to work on /home/airflow/.local/lib/python3.12/site-packages/airflow/example_dags/example_skip_dag.py
[2024-04-09T19:23:47.086+0000] {processor.py:830} INFO - Processing file /home/airflow/.local/lib/python3.12/site-packages/airflow/example_dags/example_skip_dag.py for tasks to queue
[2024-04-09T19:23:47.088+0000] {logging_mixin.py:188} INFO - [2024-04-09T19:23:47.088+0000] {dagbag.py:540} INFO - Filling up the DagBag from /home/airflow/.local/lib/python3.12/site-packages/airflow/example_dags/example_skip_dag.py
[2024-04-09T19:23:47.121+0000] {processor.py:840} INFO - DAG(s) 'example_skip_dag' retrieved from /home/airflow/.local/lib/python3.12/site-packages/airflow/example_dags/example_skip_dag.py
[2024-04-09T19:23:47.151+0000] {logging_mixin.py:188} INFO - [2024-04-09T19:23:47.151+0000] {dag.py:3096} INFO - Sync 1 DAGs
[2024-04-09T19:23:47.176+0000] {logging_mixin.py:188} INFO - [2024-04-09T19:23:47.176+0000] {dag.py:3954} INFO - Setting next_dagrun for example_skip_dag to 2024-04-08 00:00:00+00:00, run_after=2024-04-09 00:00:00+00:00
[2024-04-09T19:23:47.200+0000] {processor.py:183} INFO - Processing /home/airflow/.local/lib/python3.12/site-packages/airflow/example_dags/example_skip_dag.py took 0.122 seconds
