[2024-04-09T18:50:48.436+0000] {processor.py:161} INFO - Started process (PID=169) to work on /home/airflow/.local/lib/python3.12/site-packages/airflow/example_dags/example_branch_python_dop_operator_3.py
[2024-04-09T18:50:48.437+0000] {processor.py:830} INFO - Processing file /home/airflow/.local/lib/python3.12/site-packages/airflow/example_dags/example_branch_python_dop_operator_3.py for tasks to queue
[2024-04-09T18:50:48.444+0000] {logging_mixin.py:188} INFO - [2024-04-09T18:50:48.444+0000] {dagbag.py:540} INFO - Filling up the DagBag from /home/airflow/.local/lib/python3.12/site-packages/airflow/example_dags/example_branch_python_dop_operator_3.py
[2024-04-09T18:50:48.475+0000] {processor.py:840} INFO - DAG(s) 'example_branch_dop_operator_v3' retrieved from /home/airflow/.local/lib/python3.12/site-packages/airflow/example_dags/example_branch_python_dop_operator_3.py
[2024-04-09T18:50:48.709+0000] {logging_mixin.py:188} INFO - [2024-04-09T18:50:48.709+0000] {override.py:1829} INFO - Created Permission View: can edit on DAG:example_branch_dop_operator_v3
[2024-04-09T18:50:48.724+0000] {logging_mixin.py:188} INFO - [2024-04-09T18:50:48.724+0000] {override.py:1829} INFO - Created Permission View: can delete on DAG:example_branch_dop_operator_v3
[2024-04-09T18:50:48.740+0000] {logging_mixin.py:188} INFO - [2024-04-09T18:50:48.739+0000] {override.py:1829} INFO - Created Permission View: can read on DAG:example_branch_dop_operator_v3
[2024-04-09T18:50:48.743+0000] {logging_mixin.py:188} INFO - [2024-04-09T18:50:48.742+0000] {dag.py:3096} INFO - Sync 1 DAGs
[2024-04-09T18:50:48.766+0000] {logging_mixin.py:188} INFO - [2024-04-09T18:50:48.766+0000] {dag.py:3118} INFO - Creating ORM DAG for example_branch_dop_operator_v3
[2024-04-09T18:50:48.788+0000] {logging_mixin.py:188} INFO - [2024-04-09T18:50:48.788+0000] {dag.py:3954} INFO - Setting next_dagrun for example_branch_dop_operator_v3 to 2024-04-09 18:49:00+00:00, run_after=2024-04-09 18:50:00+00:00
[2024-04-09T18:50:48.815+0000] {processor.py:183} INFO - Processing /home/airflow/.local/lib/python3.12/site-packages/airflow/example_dags/example_branch_python_dop_operator_3.py took 0.398 seconds
[2024-04-09T18:51:18.899+0000] {processor.py:161} INFO - Started process (PID=429) to work on /home/airflow/.local/lib/python3.12/site-packages/airflow/example_dags/example_branch_python_dop_operator_3.py
[2024-04-09T18:51:18.900+0000] {processor.py:830} INFO - Processing file /home/airflow/.local/lib/python3.12/site-packages/airflow/example_dags/example_branch_python_dop_operator_3.py for tasks to queue
[2024-04-09T18:51:18.902+0000] {logging_mixin.py:188} INFO - [2024-04-09T18:51:18.901+0000] {dagbag.py:540} INFO - Filling up the DagBag from /home/airflow/.local/lib/python3.12/site-packages/airflow/example_dags/example_branch_python_dop_operator_3.py
[2024-04-09T18:51:18.911+0000] {processor.py:840} INFO - DAG(s) 'example_branch_dop_operator_v3' retrieved from /home/airflow/.local/lib/python3.12/site-packages/airflow/example_dags/example_branch_python_dop_operator_3.py
[2024-04-09T18:51:18.928+0000] {logging_mixin.py:188} INFO - [2024-04-09T18:51:18.927+0000] {dag.py:3096} INFO - Sync 1 DAGs
[2024-04-09T18:51:18.948+0000] {logging_mixin.py:188} INFO - [2024-04-09T18:51:18.948+0000] {dag.py:3954} INFO - Setting next_dagrun for example_branch_dop_operator_v3 to 2024-04-09 18:50:00+00:00, run_after=2024-04-09 18:51:00+00:00
[2024-04-09T18:51:18.968+0000] {processor.py:183} INFO - Processing /home/airflow/.local/lib/python3.12/site-packages/airflow/example_dags/example_branch_python_dop_operator_3.py took 0.075 seconds
[2024-04-09T18:52:27.935+0000] {processor.py:161} INFO - Started process (PID=168) to work on /home/airflow/.local/lib/python3.12/site-packages/airflow/example_dags/example_branch_python_dop_operator_3.py
[2024-04-09T18:52:27.936+0000] {processor.py:830} INFO - Processing file /home/airflow/.local/lib/python3.12/site-packages/airflow/example_dags/example_branch_python_dop_operator_3.py for tasks to queue
[2024-04-09T18:52:27.940+0000] {logging_mixin.py:188} INFO - [2024-04-09T18:52:27.940+0000] {dagbag.py:540} INFO - Filling up the DagBag from /home/airflow/.local/lib/python3.12/site-packages/airflow/example_dags/example_branch_python_dop_operator_3.py
[2024-04-09T18:52:27.954+0000] {processor.py:840} INFO - DAG(s) 'example_branch_dop_operator_v3' retrieved from /home/airflow/.local/lib/python3.12/site-packages/airflow/example_dags/example_branch_python_dop_operator_3.py
[2024-04-09T18:52:27.968+0000] {logging_mixin.py:188} INFO - [2024-04-09T18:52:27.967+0000] {dag.py:3096} INFO - Sync 1 DAGs
[2024-04-09T18:52:28.000+0000] {logging_mixin.py:188} INFO - [2024-04-09T18:52:27.999+0000] {dag.py:3954} INFO - Setting next_dagrun for example_branch_dop_operator_v3 to 2024-04-09 18:51:00+00:00, run_after=2024-04-09 18:52:00+00:00
[2024-04-09T18:52:28.038+0000] {processor.py:183} INFO - Processing /home/airflow/.local/lib/python3.12/site-packages/airflow/example_dags/example_branch_python_dop_operator_3.py took 0.110 seconds
[2024-04-09T18:52:59.048+0000] {processor.py:161} INFO - Started process (PID=429) to work on /home/airflow/.local/lib/python3.12/site-packages/airflow/example_dags/example_branch_python_dop_operator_3.py
[2024-04-09T18:52:59.049+0000] {processor.py:830} INFO - Processing file /home/airflow/.local/lib/python3.12/site-packages/airflow/example_dags/example_branch_python_dop_operator_3.py for tasks to queue
[2024-04-09T18:52:59.051+0000] {logging_mixin.py:188} INFO - [2024-04-09T18:52:59.050+0000] {dagbag.py:540} INFO - Filling up the DagBag from /home/airflow/.local/lib/python3.12/site-packages/airflow/example_dags/example_branch_python_dop_operator_3.py
[2024-04-09T18:52:59.061+0000] {processor.py:840} INFO - DAG(s) 'example_branch_dop_operator_v3' retrieved from /home/airflow/.local/lib/python3.12/site-packages/airflow/example_dags/example_branch_python_dop_operator_3.py
[2024-04-09T18:52:59.320+0000] {logging_mixin.py:188} INFO - [2024-04-09T18:52:59.320+0000] {dag.py:3096} INFO - Sync 1 DAGs
[2024-04-09T18:52:59.350+0000] {logging_mixin.py:188} INFO - [2024-04-09T18:52:59.349+0000] {dag.py:3954} INFO - Setting next_dagrun for example_branch_dop_operator_v3 to 2024-04-09 18:51:00+00:00, run_after=2024-04-09 18:52:00+00:00
[2024-04-09T18:52:59.374+0000] {processor.py:183} INFO - Processing /home/airflow/.local/lib/python3.12/site-packages/airflow/example_dags/example_branch_python_dop_operator_3.py took 0.333 seconds
[2024-04-09T18:53:29.433+0000] {processor.py:161} INFO - Started process (PID=691) to work on /home/airflow/.local/lib/python3.12/site-packages/airflow/example_dags/example_branch_python_dop_operator_3.py
[2024-04-09T18:53:29.434+0000] {processor.py:830} INFO - Processing file /home/airflow/.local/lib/python3.12/site-packages/airflow/example_dags/example_branch_python_dop_operator_3.py for tasks to queue
[2024-04-09T18:53:29.436+0000] {logging_mixin.py:188} INFO - [2024-04-09T18:53:29.436+0000] {dagbag.py:540} INFO - Filling up the DagBag from /home/airflow/.local/lib/python3.12/site-packages/airflow/example_dags/example_branch_python_dop_operator_3.py
[2024-04-09T18:53:29.447+0000] {processor.py:840} INFO - DAG(s) 'example_branch_dop_operator_v3' retrieved from /home/airflow/.local/lib/python3.12/site-packages/airflow/example_dags/example_branch_python_dop_operator_3.py
[2024-04-09T18:53:29.469+0000] {logging_mixin.py:188} INFO - [2024-04-09T18:53:29.469+0000] {dag.py:3096} INFO - Sync 1 DAGs
[2024-04-09T18:53:29.515+0000] {logging_mixin.py:188} INFO - [2024-04-09T18:53:29.514+0000] {dag.py:3954} INFO - Setting next_dagrun for example_branch_dop_operator_v3 to 2024-04-09 18:52:00+00:00, run_after=2024-04-09 18:53:00+00:00
[2024-04-09T18:53:29.562+0000] {processor.py:183} INFO - Processing /home/airflow/.local/lib/python3.12/site-packages/airflow/example_dags/example_branch_python_dop_operator_3.py took 0.136 seconds
[2024-04-09T18:53:59.719+0000] {processor.py:161} INFO - Started process (PID=955) to work on /home/airflow/.local/lib/python3.12/site-packages/airflow/example_dags/example_branch_python_dop_operator_3.py
[2024-04-09T18:53:59.720+0000] {processor.py:830} INFO - Processing file /home/airflow/.local/lib/python3.12/site-packages/airflow/example_dags/example_branch_python_dop_operator_3.py for tasks to queue
[2024-04-09T18:53:59.723+0000] {logging_mixin.py:188} INFO - [2024-04-09T18:53:59.722+0000] {dagbag.py:540} INFO - Filling up the DagBag from /home/airflow/.local/lib/python3.12/site-packages/airflow/example_dags/example_branch_python_dop_operator_3.py
[2024-04-09T18:53:59.732+0000] {processor.py:840} INFO - DAG(s) 'example_branch_dop_operator_v3' retrieved from /home/airflow/.local/lib/python3.12/site-packages/airflow/example_dags/example_branch_python_dop_operator_3.py
[2024-04-09T18:53:59.761+0000] {logging_mixin.py:188} INFO - [2024-04-09T18:53:59.761+0000] {dag.py:3096} INFO - Sync 1 DAGs
[2024-04-09T18:53:59.797+0000] {logging_mixin.py:188} INFO - [2024-04-09T18:53:59.797+0000] {dag.py:3954} INFO - Setting next_dagrun for example_branch_dop_operator_v3 to 2024-04-09 18:52:00+00:00, run_after=2024-04-09 18:53:00+00:00
[2024-04-09T18:53:59.832+0000] {processor.py:183} INFO - Processing /home/airflow/.local/lib/python3.12/site-packages/airflow/example_dags/example_branch_python_dop_operator_3.py took 0.119 seconds
[2024-04-09T18:54:30.207+0000] {processor.py:161} INFO - Started process (PID=1215) to work on /home/airflow/.local/lib/python3.12/site-packages/airflow/example_dags/example_branch_python_dop_operator_3.py
[2024-04-09T18:54:30.208+0000] {processor.py:830} INFO - Processing file /home/airflow/.local/lib/python3.12/site-packages/airflow/example_dags/example_branch_python_dop_operator_3.py for tasks to queue
[2024-04-09T18:54:30.210+0000] {logging_mixin.py:188} INFO - [2024-04-09T18:54:30.210+0000] {dagbag.py:540} INFO - Filling up the DagBag from /home/airflow/.local/lib/python3.12/site-packages/airflow/example_dags/example_branch_python_dop_operator_3.py
[2024-04-09T18:54:30.222+0000] {processor.py:840} INFO - DAG(s) 'example_branch_dop_operator_v3' retrieved from /home/airflow/.local/lib/python3.12/site-packages/airflow/example_dags/example_branch_python_dop_operator_3.py
[2024-04-09T18:54:30.247+0000] {logging_mixin.py:188} INFO - [2024-04-09T18:54:30.246+0000] {dag.py:3096} INFO - Sync 1 DAGs
[2024-04-09T18:54:30.281+0000] {logging_mixin.py:188} INFO - [2024-04-09T18:54:30.281+0000] {dag.py:3954} INFO - Setting next_dagrun for example_branch_dop_operator_v3 to 2024-04-09 18:53:00+00:00, run_after=2024-04-09 18:54:00+00:00
[2024-04-09T18:54:30.309+0000] {processor.py:183} INFO - Processing /home/airflow/.local/lib/python3.12/site-packages/airflow/example_dags/example_branch_python_dop_operator_3.py took 0.109 seconds
[2024-04-09T18:55:00.708+0000] {processor.py:161} INFO - Started process (PID=1479) to work on /home/airflow/.local/lib/python3.12/site-packages/airflow/example_dags/example_branch_python_dop_operator_3.py
[2024-04-09T18:55:00.713+0000] {processor.py:830} INFO - Processing file /home/airflow/.local/lib/python3.12/site-packages/airflow/example_dags/example_branch_python_dop_operator_3.py for tasks to queue
[2024-04-09T18:55:00.715+0000] {logging_mixin.py:188} INFO - [2024-04-09T18:55:00.714+0000] {dagbag.py:540} INFO - Filling up the DagBag from /home/airflow/.local/lib/python3.12/site-packages/airflow/example_dags/example_branch_python_dop_operator_3.py
[2024-04-09T18:55:00.725+0000] {processor.py:840} INFO - DAG(s) 'example_branch_dop_operator_v3' retrieved from /home/airflow/.local/lib/python3.12/site-packages/airflow/example_dags/example_branch_python_dop_operator_3.py
[2024-04-09T18:55:00.749+0000] {logging_mixin.py:188} INFO - [2024-04-09T18:55:00.748+0000] {dag.py:3096} INFO - Sync 1 DAGs
[2024-04-09T18:55:00.780+0000] {logging_mixin.py:188} INFO - [2024-04-09T18:55:00.780+0000] {dag.py:3954} INFO - Setting next_dagrun for example_branch_dop_operator_v3 to 2024-04-09 18:54:00+00:00, run_after=2024-04-09 18:55:00+00:00
[2024-04-09T18:55:00.807+0000] {processor.py:183} INFO - Processing /home/airflow/.local/lib/python3.12/site-packages/airflow/example_dags/example_branch_python_dop_operator_3.py took 0.105 seconds
[2024-04-09T18:55:31.375+0000] {processor.py:161} INFO - Started process (PID=1739) to work on /home/airflow/.local/lib/python3.12/site-packages/airflow/example_dags/example_branch_python_dop_operator_3.py
[2024-04-09T18:55:31.376+0000] {processor.py:830} INFO - Processing file /home/airflow/.local/lib/python3.12/site-packages/airflow/example_dags/example_branch_python_dop_operator_3.py for tasks to queue
[2024-04-09T18:55:31.378+0000] {logging_mixin.py:188} INFO - [2024-04-09T18:55:31.378+0000] {dagbag.py:540} INFO - Filling up the DagBag from /home/airflow/.local/lib/python3.12/site-packages/airflow/example_dags/example_branch_python_dop_operator_3.py
[2024-04-09T18:55:31.388+0000] {processor.py:840} INFO - DAG(s) 'example_branch_dop_operator_v3' retrieved from /home/airflow/.local/lib/python3.12/site-packages/airflow/example_dags/example_branch_python_dop_operator_3.py
[2024-04-09T18:55:31.410+0000] {logging_mixin.py:188} INFO - [2024-04-09T18:55:31.409+0000] {dag.py:3096} INFO - Sync 1 DAGs
[2024-04-09T18:55:31.444+0000] {logging_mixin.py:188} INFO - [2024-04-09T18:55:31.444+0000] {dag.py:3954} INFO - Setting next_dagrun for example_branch_dop_operator_v3 to 2024-04-09 18:54:00+00:00, run_after=2024-04-09 18:55:00+00:00
[2024-04-09T18:55:31.467+0000] {processor.py:183} INFO - Processing /home/airflow/.local/lib/python3.12/site-packages/airflow/example_dags/example_branch_python_dop_operator_3.py took 0.098 seconds
[2024-04-09T18:56:01.832+0000] {processor.py:161} INFO - Started process (PID=2002) to work on /home/airflow/.local/lib/python3.12/site-packages/airflow/example_dags/example_branch_python_dop_operator_3.py
[2024-04-09T18:56:01.833+0000] {processor.py:830} INFO - Processing file /home/airflow/.local/lib/python3.12/site-packages/airflow/example_dags/example_branch_python_dop_operator_3.py for tasks to queue
[2024-04-09T18:56:01.835+0000] {logging_mixin.py:188} INFO - [2024-04-09T18:56:01.835+0000] {dagbag.py:540} INFO - Filling up the DagBag from /home/airflow/.local/lib/python3.12/site-packages/airflow/example_dags/example_branch_python_dop_operator_3.py
[2024-04-09T18:56:01.846+0000] {processor.py:840} INFO - DAG(s) 'example_branch_dop_operator_v3' retrieved from /home/airflow/.local/lib/python3.12/site-packages/airflow/example_dags/example_branch_python_dop_operator_3.py
[2024-04-09T18:56:01.869+0000] {logging_mixin.py:188} INFO - [2024-04-09T18:56:01.869+0000] {dag.py:3096} INFO - Sync 1 DAGs
[2024-04-09T18:56:01.902+0000] {logging_mixin.py:188} INFO - [2024-04-09T18:56:01.902+0000] {dag.py:3954} INFO - Setting next_dagrun for example_branch_dop_operator_v3 to 2024-04-09 18:55:00+00:00, run_after=2024-04-09 18:56:00+00:00
[2024-04-09T18:56:01.943+0000] {processor.py:183} INFO - Processing /home/airflow/.local/lib/python3.12/site-packages/airflow/example_dags/example_branch_python_dop_operator_3.py took 0.117 seconds
[2024-04-09T18:56:32.371+0000] {processor.py:161} INFO - Started process (PID=2264) to work on /home/airflow/.local/lib/python3.12/site-packages/airflow/example_dags/example_branch_python_dop_operator_3.py
[2024-04-09T18:56:32.372+0000] {processor.py:830} INFO - Processing file /home/airflow/.local/lib/python3.12/site-packages/airflow/example_dags/example_branch_python_dop_operator_3.py for tasks to queue
[2024-04-09T18:56:32.374+0000] {logging_mixin.py:188} INFO - [2024-04-09T18:56:32.374+0000] {dagbag.py:540} INFO - Filling up the DagBag from /home/airflow/.local/lib/python3.12/site-packages/airflow/example_dags/example_branch_python_dop_operator_3.py
[2024-04-09T18:56:32.386+0000] {processor.py:840} INFO - DAG(s) 'example_branch_dop_operator_v3' retrieved from /home/airflow/.local/lib/python3.12/site-packages/airflow/example_dags/example_branch_python_dop_operator_3.py
[2024-04-09T18:56:32.409+0000] {logging_mixin.py:188} INFO - [2024-04-09T18:56:32.408+0000] {dag.py:3096} INFO - Sync 1 DAGs
[2024-04-09T18:56:32.442+0000] {logging_mixin.py:188} INFO - [2024-04-09T18:56:32.442+0000] {dag.py:3954} INFO - Setting next_dagrun for example_branch_dop_operator_v3 to 2024-04-09 18:55:00+00:00, run_after=2024-04-09 18:56:00+00:00
[2024-04-09T18:56:32.468+0000] {processor.py:183} INFO - Processing /home/airflow/.local/lib/python3.12/site-packages/airflow/example_dags/example_branch_python_dop_operator_3.py took 0.103 seconds
[2024-04-09T18:57:03.034+0000] {processor.py:161} INFO - Started process (PID=2526) to work on /home/airflow/.local/lib/python3.12/site-packages/airflow/example_dags/example_branch_python_dop_operator_3.py
[2024-04-09T18:57:03.036+0000] {processor.py:830} INFO - Processing file /home/airflow/.local/lib/python3.12/site-packages/airflow/example_dags/example_branch_python_dop_operator_3.py for tasks to queue
[2024-04-09T18:57:03.038+0000] {logging_mixin.py:188} INFO - [2024-04-09T18:57:03.038+0000] {dagbag.py:540} INFO - Filling up the DagBag from /home/airflow/.local/lib/python3.12/site-packages/airflow/example_dags/example_branch_python_dop_operator_3.py
[2024-04-09T18:57:03.048+0000] {processor.py:840} INFO - DAG(s) 'example_branch_dop_operator_v3' retrieved from /home/airflow/.local/lib/python3.12/site-packages/airflow/example_dags/example_branch_python_dop_operator_3.py
[2024-04-09T18:57:03.070+0000] {logging_mixin.py:188} INFO - [2024-04-09T18:57:03.070+0000] {dag.py:3096} INFO - Sync 1 DAGs
[2024-04-09T18:57:03.106+0000] {logging_mixin.py:188} INFO - [2024-04-09T18:57:03.106+0000] {dag.py:3954} INFO - Setting next_dagrun for example_branch_dop_operator_v3 to 2024-04-09 18:56:00+00:00, run_after=2024-04-09 18:57:00+00:00
[2024-04-09T18:57:03.129+0000] {processor.py:183} INFO - Processing /home/airflow/.local/lib/python3.12/site-packages/airflow/example_dags/example_branch_python_dop_operator_3.py took 0.101 seconds
[2024-04-09T18:57:33.315+0000] {processor.py:161} INFO - Started process (PID=2798) to work on /home/airflow/.local/lib/python3.12/site-packages/airflow/example_dags/example_branch_python_dop_operator_3.py
[2024-04-09T18:57:33.316+0000] {processor.py:830} INFO - Processing file /home/airflow/.local/lib/python3.12/site-packages/airflow/example_dags/example_branch_python_dop_operator_3.py for tasks to queue
[2024-04-09T18:57:33.319+0000] {logging_mixin.py:188} INFO - [2024-04-09T18:57:33.318+0000] {dagbag.py:540} INFO - Filling up the DagBag from /home/airflow/.local/lib/python3.12/site-packages/airflow/example_dags/example_branch_python_dop_operator_3.py
[2024-04-09T18:57:33.329+0000] {processor.py:840} INFO - DAG(s) 'example_branch_dop_operator_v3' retrieved from /home/airflow/.local/lib/python3.12/site-packages/airflow/example_dags/example_branch_python_dop_operator_3.py
[2024-04-09T18:57:33.350+0000] {logging_mixin.py:188} INFO - [2024-04-09T18:57:33.350+0000] {dag.py:3096} INFO - Sync 1 DAGs
[2024-04-09T18:57:33.385+0000] {logging_mixin.py:188} INFO - [2024-04-09T18:57:33.384+0000] {dag.py:3954} INFO - Setting next_dagrun for example_branch_dop_operator_v3 to 2024-04-09 18:56:00+00:00, run_after=2024-04-09 18:57:00+00:00
[2024-04-09T18:57:33.416+0000] {processor.py:183} INFO - Processing /home/airflow/.local/lib/python3.12/site-packages/airflow/example_dags/example_branch_python_dop_operator_3.py took 0.107 seconds
[2024-04-09T18:58:03.676+0000] {processor.py:161} INFO - Started process (PID=3070) to work on /home/airflow/.local/lib/python3.12/site-packages/airflow/example_dags/example_branch_python_dop_operator_3.py
[2024-04-09T18:58:03.677+0000] {processor.py:830} INFO - Processing file /home/airflow/.local/lib/python3.12/site-packages/airflow/example_dags/example_branch_python_dop_operator_3.py for tasks to queue
[2024-04-09T18:58:03.679+0000] {logging_mixin.py:188} INFO - [2024-04-09T18:58:03.679+0000] {dagbag.py:540} INFO - Filling up the DagBag from /home/airflow/.local/lib/python3.12/site-packages/airflow/example_dags/example_branch_python_dop_operator_3.py
[2024-04-09T18:58:03.689+0000] {processor.py:840} INFO - DAG(s) 'example_branch_dop_operator_v3' retrieved from /home/airflow/.local/lib/python3.12/site-packages/airflow/example_dags/example_branch_python_dop_operator_3.py
[2024-04-09T18:58:03.712+0000] {logging_mixin.py:188} INFO - [2024-04-09T18:58:03.712+0000] {dag.py:3096} INFO - Sync 1 DAGs
[2024-04-09T18:58:03.745+0000] {logging_mixin.py:188} INFO - [2024-04-09T18:58:03.744+0000] {dag.py:3954} INFO - Setting next_dagrun for example_branch_dop_operator_v3 to 2024-04-09 18:57:00+00:00, run_after=2024-04-09 18:58:00+00:00
[2024-04-09T18:58:03.768+0000] {processor.py:183} INFO - Processing /home/airflow/.local/lib/python3.12/site-packages/airflow/example_dags/example_branch_python_dop_operator_3.py took 0.099 seconds
[2024-04-09T18:58:34.029+0000] {processor.py:161} INFO - Started process (PID=3343) to work on /home/airflow/.local/lib/python3.12/site-packages/airflow/example_dags/example_branch_python_dop_operator_3.py
[2024-04-09T18:58:34.030+0000] {processor.py:830} INFO - Processing file /home/airflow/.local/lib/python3.12/site-packages/airflow/example_dags/example_branch_python_dop_operator_3.py for tasks to queue
[2024-04-09T18:58:34.032+0000] {logging_mixin.py:188} INFO - [2024-04-09T18:58:34.032+0000] {dagbag.py:540} INFO - Filling up the DagBag from /home/airflow/.local/lib/python3.12/site-packages/airflow/example_dags/example_branch_python_dop_operator_3.py
[2024-04-09T18:58:34.043+0000] {processor.py:840} INFO - DAG(s) 'example_branch_dop_operator_v3' retrieved from /home/airflow/.local/lib/python3.12/site-packages/airflow/example_dags/example_branch_python_dop_operator_3.py
[2024-04-09T18:58:34.065+0000] {logging_mixin.py:188} INFO - [2024-04-09T18:58:34.065+0000] {dag.py:3096} INFO - Sync 1 DAGs
[2024-04-09T18:58:34.133+0000] {logging_mixin.py:188} INFO - [2024-04-09T18:58:34.133+0000] {dag.py:3954} INFO - Setting next_dagrun for example_branch_dop_operator_v3 to 2024-04-09 18:57:00+00:00, run_after=2024-04-09 18:58:00+00:00
[2024-04-09T18:58:34.179+0000] {processor.py:183} INFO - Processing /home/airflow/.local/lib/python3.12/site-packages/airflow/example_dags/example_branch_python_dop_operator_3.py took 0.156 seconds
[2024-04-09T18:59:04.260+0000] {processor.py:161} INFO - Started process (PID=3616) to work on /home/airflow/.local/lib/python3.12/site-packages/airflow/example_dags/example_branch_python_dop_operator_3.py
[2024-04-09T18:59:04.261+0000] {processor.py:830} INFO - Processing file /home/airflow/.local/lib/python3.12/site-packages/airflow/example_dags/example_branch_python_dop_operator_3.py for tasks to queue
[2024-04-09T18:59:04.262+0000] {logging_mixin.py:188} INFO - [2024-04-09T18:59:04.262+0000] {dagbag.py:540} INFO - Filling up the DagBag from /home/airflow/.local/lib/python3.12/site-packages/airflow/example_dags/example_branch_python_dop_operator_3.py
[2024-04-09T18:59:04.269+0000] {processor.py:840} INFO - DAG(s) 'example_branch_dop_operator_v3' retrieved from /home/airflow/.local/lib/python3.12/site-packages/airflow/example_dags/example_branch_python_dop_operator_3.py
[2024-04-09T18:59:04.289+0000] {logging_mixin.py:188} INFO - [2024-04-09T18:59:04.289+0000] {dag.py:3096} INFO - Sync 1 DAGs
[2024-04-09T18:59:04.321+0000] {logging_mixin.py:188} INFO - [2024-04-09T18:59:04.321+0000] {dag.py:3954} INFO - Setting next_dagrun for example_branch_dop_operator_v3 to 2024-04-09 18:58:00+00:00, run_after=2024-04-09 18:59:00+00:00
[2024-04-09T18:59:04.346+0000] {processor.py:183} INFO - Processing /home/airflow/.local/lib/python3.12/site-packages/airflow/example_dags/example_branch_python_dop_operator_3.py took 0.091 seconds
[2024-04-09T18:59:34.838+0000] {processor.py:161} INFO - Started process (PID=3886) to work on /home/airflow/.local/lib/python3.12/site-packages/airflow/example_dags/example_branch_python_dop_operator_3.py
[2024-04-09T18:59:34.839+0000] {processor.py:830} INFO - Processing file /home/airflow/.local/lib/python3.12/site-packages/airflow/example_dags/example_branch_python_dop_operator_3.py for tasks to queue
[2024-04-09T18:59:34.841+0000] {logging_mixin.py:188} INFO - [2024-04-09T18:59:34.841+0000] {dagbag.py:540} INFO - Filling up the DagBag from /home/airflow/.local/lib/python3.12/site-packages/airflow/example_dags/example_branch_python_dop_operator_3.py
[2024-04-09T18:59:34.851+0000] {processor.py:840} INFO - DAG(s) 'example_branch_dop_operator_v3' retrieved from /home/airflow/.local/lib/python3.12/site-packages/airflow/example_dags/example_branch_python_dop_operator_3.py
[2024-04-09T18:59:34.873+0000] {logging_mixin.py:188} INFO - [2024-04-09T18:59:34.872+0000] {dag.py:3096} INFO - Sync 1 DAGs
[2024-04-09T18:59:34.905+0000] {logging_mixin.py:188} INFO - [2024-04-09T18:59:34.905+0000] {dag.py:3954} INFO - Setting next_dagrun for example_branch_dop_operator_v3 to 2024-04-09 18:58:00+00:00, run_after=2024-04-09 18:59:00+00:00
[2024-04-09T18:59:34.928+0000] {processor.py:183} INFO - Processing /home/airflow/.local/lib/python3.12/site-packages/airflow/example_dags/example_branch_python_dop_operator_3.py took 0.097 seconds
[2024-04-09T19:00:05.009+0000] {processor.py:161} INFO - Started process (PID=4158) to work on /home/airflow/.local/lib/python3.12/site-packages/airflow/example_dags/example_branch_python_dop_operator_3.py
[2024-04-09T19:00:05.010+0000] {processor.py:830} INFO - Processing file /home/airflow/.local/lib/python3.12/site-packages/airflow/example_dags/example_branch_python_dop_operator_3.py for tasks to queue
[2024-04-09T19:00:05.013+0000] {logging_mixin.py:188} INFO - [2024-04-09T19:00:05.012+0000] {dagbag.py:540} INFO - Filling up the DagBag from /home/airflow/.local/lib/python3.12/site-packages/airflow/example_dags/example_branch_python_dop_operator_3.py
[2024-04-09T19:00:05.022+0000] {processor.py:840} INFO - DAG(s) 'example_branch_dop_operator_v3' retrieved from /home/airflow/.local/lib/python3.12/site-packages/airflow/example_dags/example_branch_python_dop_operator_3.py
[2024-04-09T19:00:05.043+0000] {logging_mixin.py:188} INFO - [2024-04-09T19:00:05.043+0000] {dag.py:3096} INFO - Sync 1 DAGs
[2024-04-09T19:00:05.075+0000] {logging_mixin.py:188} INFO - [2024-04-09T19:00:05.075+0000] {dag.py:3954} INFO - Setting next_dagrun for example_branch_dop_operator_v3 to 2024-04-09 18:59:00+00:00, run_after=2024-04-09 19:00:00+00:00
[2024-04-09T19:00:05.098+0000] {processor.py:183} INFO - Processing /home/airflow/.local/lib/python3.12/site-packages/airflow/example_dags/example_branch_python_dop_operator_3.py took 0.096 seconds
[2024-04-09T19:00:35.201+0000] {processor.py:161} INFO - Started process (PID=4430) to work on /home/airflow/.local/lib/python3.12/site-packages/airflow/example_dags/example_branch_python_dop_operator_3.py
[2024-04-09T19:00:35.203+0000] {processor.py:830} INFO - Processing file /home/airflow/.local/lib/python3.12/site-packages/airflow/example_dags/example_branch_python_dop_operator_3.py for tasks to queue
[2024-04-09T19:00:35.205+0000] {logging_mixin.py:188} INFO - [2024-04-09T19:00:35.205+0000] {dagbag.py:540} INFO - Filling up the DagBag from /home/airflow/.local/lib/python3.12/site-packages/airflow/example_dags/example_branch_python_dop_operator_3.py
[2024-04-09T19:00:35.214+0000] {processor.py:840} INFO - DAG(s) 'example_branch_dop_operator_v3' retrieved from /home/airflow/.local/lib/python3.12/site-packages/airflow/example_dags/example_branch_python_dop_operator_3.py
[2024-04-09T19:00:35.241+0000] {logging_mixin.py:188} INFO - [2024-04-09T19:00:35.240+0000] {dag.py:3096} INFO - Sync 1 DAGs
[2024-04-09T19:00:35.273+0000] {logging_mixin.py:188} INFO - [2024-04-09T19:00:35.273+0000] {dag.py:3954} INFO - Setting next_dagrun for example_branch_dop_operator_v3 to 2024-04-09 18:59:00+00:00, run_after=2024-04-09 19:00:00+00:00
[2024-04-09T19:00:35.295+0000] {processor.py:183} INFO - Processing /home/airflow/.local/lib/python3.12/site-packages/airflow/example_dags/example_branch_python_dop_operator_3.py took 0.100 seconds
[2024-04-09T19:01:05.424+0000] {processor.py:161} INFO - Started process (PID=4705) to work on /home/airflow/.local/lib/python3.12/site-packages/airflow/example_dags/example_branch_python_dop_operator_3.py
[2024-04-09T19:01:05.425+0000] {processor.py:830} INFO - Processing file /home/airflow/.local/lib/python3.12/site-packages/airflow/example_dags/example_branch_python_dop_operator_3.py for tasks to queue
[2024-04-09T19:01:05.428+0000] {logging_mixin.py:188} INFO - [2024-04-09T19:01:05.427+0000] {dagbag.py:540} INFO - Filling up the DagBag from /home/airflow/.local/lib/python3.12/site-packages/airflow/example_dags/example_branch_python_dop_operator_3.py
[2024-04-09T19:01:05.438+0000] {processor.py:840} INFO - DAG(s) 'example_branch_dop_operator_v3' retrieved from /home/airflow/.local/lib/python3.12/site-packages/airflow/example_dags/example_branch_python_dop_operator_3.py
[2024-04-09T19:01:05.462+0000] {logging_mixin.py:188} INFO - [2024-04-09T19:01:05.461+0000] {dag.py:3096} INFO - Sync 1 DAGs
[2024-04-09T19:01:05.493+0000] {logging_mixin.py:188} INFO - [2024-04-09T19:01:05.492+0000] {dag.py:3954} INFO - Setting next_dagrun for example_branch_dop_operator_v3 to 2024-04-09 19:00:00+00:00, run_after=2024-04-09 19:01:00+00:00
[2024-04-09T19:01:05.516+0000] {processor.py:183} INFO - Processing /home/airflow/.local/lib/python3.12/site-packages/airflow/example_dags/example_branch_python_dop_operator_3.py took 0.099 seconds
[2024-04-09T19:01:35.727+0000] {processor.py:161} INFO - Started process (PID=4975) to work on /home/airflow/.local/lib/python3.12/site-packages/airflow/example_dags/example_branch_python_dop_operator_3.py
[2024-04-09T19:01:35.728+0000] {processor.py:830} INFO - Processing file /home/airflow/.local/lib/python3.12/site-packages/airflow/example_dags/example_branch_python_dop_operator_3.py for tasks to queue
[2024-04-09T19:01:35.731+0000] {logging_mixin.py:188} INFO - [2024-04-09T19:01:35.731+0000] {dagbag.py:540} INFO - Filling up the DagBag from /home/airflow/.local/lib/python3.12/site-packages/airflow/example_dags/example_branch_python_dop_operator_3.py
[2024-04-09T19:01:35.741+0000] {processor.py:840} INFO - DAG(s) 'example_branch_dop_operator_v3' retrieved from /home/airflow/.local/lib/python3.12/site-packages/airflow/example_dags/example_branch_python_dop_operator_3.py
[2024-04-09T19:01:35.763+0000] {logging_mixin.py:188} INFO - [2024-04-09T19:01:35.762+0000] {dag.py:3096} INFO - Sync 1 DAGs
[2024-04-09T19:01:35.802+0000] {logging_mixin.py:188} INFO - [2024-04-09T19:01:35.801+0000] {dag.py:3954} INFO - Setting next_dagrun for example_branch_dop_operator_v3 to 2024-04-09 19:00:00+00:00, run_after=2024-04-09 19:01:00+00:00
[2024-04-09T19:01:35.831+0000] {processor.py:183} INFO - Processing /home/airflow/.local/lib/python3.12/site-packages/airflow/example_dags/example_branch_python_dop_operator_3.py took 0.110 seconds
[2024-04-09T19:02:06.061+0000] {processor.py:161} INFO - Started process (PID=5247) to work on /home/airflow/.local/lib/python3.12/site-packages/airflow/example_dags/example_branch_python_dop_operator_3.py
[2024-04-09T19:02:06.062+0000] {processor.py:830} INFO - Processing file /home/airflow/.local/lib/python3.12/site-packages/airflow/example_dags/example_branch_python_dop_operator_3.py for tasks to queue
[2024-04-09T19:02:06.064+0000] {logging_mixin.py:188} INFO - [2024-04-09T19:02:06.064+0000] {dagbag.py:540} INFO - Filling up the DagBag from /home/airflow/.local/lib/python3.12/site-packages/airflow/example_dags/example_branch_python_dop_operator_3.py
[2024-04-09T19:02:06.074+0000] {processor.py:840} INFO - DAG(s) 'example_branch_dop_operator_v3' retrieved from /home/airflow/.local/lib/python3.12/site-packages/airflow/example_dags/example_branch_python_dop_operator_3.py
[2024-04-09T19:02:06.095+0000] {logging_mixin.py:188} INFO - [2024-04-09T19:02:06.094+0000] {dag.py:3096} INFO - Sync 1 DAGs
[2024-04-09T19:02:06.132+0000] {logging_mixin.py:188} INFO - [2024-04-09T19:02:06.132+0000] {dag.py:3954} INFO - Setting next_dagrun for example_branch_dop_operator_v3 to 2024-04-09 19:01:00+00:00, run_after=2024-04-09 19:02:00+00:00
[2024-04-09T19:02:06.156+0000] {processor.py:183} INFO - Processing /home/airflow/.local/lib/python3.12/site-packages/airflow/example_dags/example_branch_python_dop_operator_3.py took 0.102 seconds
[2024-04-09T19:02:36.265+0000] {processor.py:161} INFO - Started process (PID=5519) to work on /home/airflow/.local/lib/python3.12/site-packages/airflow/example_dags/example_branch_python_dop_operator_3.py
[2024-04-09T19:02:36.266+0000] {processor.py:830} INFO - Processing file /home/airflow/.local/lib/python3.12/site-packages/airflow/example_dags/example_branch_python_dop_operator_3.py for tasks to queue
[2024-04-09T19:02:36.269+0000] {logging_mixin.py:188} INFO - [2024-04-09T19:02:36.268+0000] {dagbag.py:540} INFO - Filling up the DagBag from /home/airflow/.local/lib/python3.12/site-packages/airflow/example_dags/example_branch_python_dop_operator_3.py
[2024-04-09T19:02:36.278+0000] {processor.py:840} INFO - DAG(s) 'example_branch_dop_operator_v3' retrieved from /home/airflow/.local/lib/python3.12/site-packages/airflow/example_dags/example_branch_python_dop_operator_3.py
[2024-04-09T19:02:36.301+0000] {logging_mixin.py:188} INFO - [2024-04-09T19:02:36.301+0000] {dag.py:3096} INFO - Sync 1 DAGs
[2024-04-09T19:02:36.335+0000] {logging_mixin.py:188} INFO - [2024-04-09T19:02:36.334+0000] {dag.py:3954} INFO - Setting next_dagrun for example_branch_dop_operator_v3 to 2024-04-09 19:01:00+00:00, run_after=2024-04-09 19:02:00+00:00
[2024-04-09T19:02:36.369+0000] {processor.py:183} INFO - Processing /home/airflow/.local/lib/python3.12/site-packages/airflow/example_dags/example_branch_python_dop_operator_3.py took 0.110 seconds
[2024-04-09T19:03:06.531+0000] {processor.py:161} INFO - Started process (PID=5791) to work on /home/airflow/.local/lib/python3.12/site-packages/airflow/example_dags/example_branch_python_dop_operator_3.py
[2024-04-09T19:03:06.531+0000] {processor.py:830} INFO - Processing file /home/airflow/.local/lib/python3.12/site-packages/airflow/example_dags/example_branch_python_dop_operator_3.py for tasks to queue
[2024-04-09T19:03:06.534+0000] {logging_mixin.py:188} INFO - [2024-04-09T19:03:06.534+0000] {dagbag.py:540} INFO - Filling up the DagBag from /home/airflow/.local/lib/python3.12/site-packages/airflow/example_dags/example_branch_python_dop_operator_3.py
[2024-04-09T19:03:06.544+0000] {processor.py:840} INFO - DAG(s) 'example_branch_dop_operator_v3' retrieved from /home/airflow/.local/lib/python3.12/site-packages/airflow/example_dags/example_branch_python_dop_operator_3.py
[2024-04-09T19:03:06.568+0000] {logging_mixin.py:188} INFO - [2024-04-09T19:03:06.568+0000] {dag.py:3096} INFO - Sync 1 DAGs
[2024-04-09T19:03:06.613+0000] {logging_mixin.py:188} INFO - [2024-04-09T19:03:06.613+0000] {dag.py:3954} INFO - Setting next_dagrun for example_branch_dop_operator_v3 to 2024-04-09 19:02:00+00:00, run_after=2024-04-09 19:03:00+00:00
[2024-04-09T19:03:06.646+0000] {processor.py:183} INFO - Processing /home/airflow/.local/lib/python3.12/site-packages/airflow/example_dags/example_branch_python_dop_operator_3.py took 0.121 seconds
[2024-04-09T19:03:36.716+0000] {processor.py:161} INFO - Started process (PID=6063) to work on /home/airflow/.local/lib/python3.12/site-packages/airflow/example_dags/example_branch_python_dop_operator_3.py
[2024-04-09T19:03:36.718+0000] {processor.py:830} INFO - Processing file /home/airflow/.local/lib/python3.12/site-packages/airflow/example_dags/example_branch_python_dop_operator_3.py for tasks to queue
[2024-04-09T19:03:36.720+0000] {logging_mixin.py:188} INFO - [2024-04-09T19:03:36.720+0000] {dagbag.py:540} INFO - Filling up the DagBag from /home/airflow/.local/lib/python3.12/site-packages/airflow/example_dags/example_branch_python_dop_operator_3.py
[2024-04-09T19:03:36.730+0000] {processor.py:840} INFO - DAG(s) 'example_branch_dop_operator_v3' retrieved from /home/airflow/.local/lib/python3.12/site-packages/airflow/example_dags/example_branch_python_dop_operator_3.py
[2024-04-09T19:03:36.752+0000] {logging_mixin.py:188} INFO - [2024-04-09T19:03:36.751+0000] {dag.py:3096} INFO - Sync 1 DAGs
[2024-04-09T19:03:36.785+0000] {logging_mixin.py:188} INFO - [2024-04-09T19:03:36.785+0000] {dag.py:3954} INFO - Setting next_dagrun for example_branch_dop_operator_v3 to 2024-04-09 19:02:00+00:00, run_after=2024-04-09 19:03:00+00:00
[2024-04-09T19:03:36.808+0000] {processor.py:183} INFO - Processing /home/airflow/.local/lib/python3.12/site-packages/airflow/example_dags/example_branch_python_dop_operator_3.py took 0.098 seconds
[2024-04-09T19:04:07.401+0000] {processor.py:161} INFO - Started process (PID=6338) to work on /home/airflow/.local/lib/python3.12/site-packages/airflow/example_dags/example_branch_python_dop_operator_3.py
[2024-04-09T19:04:07.402+0000] {processor.py:830} INFO - Processing file /home/airflow/.local/lib/python3.12/site-packages/airflow/example_dags/example_branch_python_dop_operator_3.py for tasks to queue
[2024-04-09T19:04:07.404+0000] {logging_mixin.py:188} INFO - [2024-04-09T19:04:07.403+0000] {dagbag.py:540} INFO - Filling up the DagBag from /home/airflow/.local/lib/python3.12/site-packages/airflow/example_dags/example_branch_python_dop_operator_3.py
[2024-04-09T19:04:07.418+0000] {processor.py:840} INFO - DAG(s) 'example_branch_dop_operator_v3' retrieved from /home/airflow/.local/lib/python3.12/site-packages/airflow/example_dags/example_branch_python_dop_operator_3.py
[2024-04-09T19:04:07.442+0000] {logging_mixin.py:188} INFO - [2024-04-09T19:04:07.442+0000] {dag.py:3096} INFO - Sync 1 DAGs
[2024-04-09T19:04:07.475+0000] {logging_mixin.py:188} INFO - [2024-04-09T19:04:07.475+0000] {dag.py:3954} INFO - Setting next_dagrun for example_branch_dop_operator_v3 to 2024-04-09 19:03:00+00:00, run_after=2024-04-09 19:04:00+00:00
[2024-04-09T19:04:07.496+0000] {processor.py:183} INFO - Processing /home/airflow/.local/lib/python3.12/site-packages/airflow/example_dags/example_branch_python_dop_operator_3.py took 0.102 seconds
[2024-04-09T19:04:37.585+0000] {processor.py:161} INFO - Started process (PID=6611) to work on /home/airflow/.local/lib/python3.12/site-packages/airflow/example_dags/example_branch_python_dop_operator_3.py
[2024-04-09T19:04:37.586+0000] {processor.py:830} INFO - Processing file /home/airflow/.local/lib/python3.12/site-packages/airflow/example_dags/example_branch_python_dop_operator_3.py for tasks to queue
[2024-04-09T19:04:37.588+0000] {logging_mixin.py:188} INFO - [2024-04-09T19:04:37.588+0000] {dagbag.py:540} INFO - Filling up the DagBag from /home/airflow/.local/lib/python3.12/site-packages/airflow/example_dags/example_branch_python_dop_operator_3.py
[2024-04-09T19:04:37.599+0000] {processor.py:840} INFO - DAG(s) 'example_branch_dop_operator_v3' retrieved from /home/airflow/.local/lib/python3.12/site-packages/airflow/example_dags/example_branch_python_dop_operator_3.py
[2024-04-09T19:04:37.623+0000] {logging_mixin.py:188} INFO - [2024-04-09T19:04:37.623+0000] {dag.py:3096} INFO - Sync 1 DAGs
[2024-04-09T19:04:37.653+0000] {logging_mixin.py:188} INFO - [2024-04-09T19:04:37.653+0000] {dag.py:3954} INFO - Setting next_dagrun for example_branch_dop_operator_v3 to 2024-04-09 19:03:00+00:00, run_after=2024-04-09 19:04:00+00:00
[2024-04-09T19:04:37.677+0000] {processor.py:183} INFO - Processing /home/airflow/.local/lib/python3.12/site-packages/airflow/example_dags/example_branch_python_dop_operator_3.py took 0.099 seconds
[2024-04-09T19:05:07.883+0000] {processor.py:161} INFO - Started process (PID=6883) to work on /home/airflow/.local/lib/python3.12/site-packages/airflow/example_dags/example_branch_python_dop_operator_3.py
[2024-04-09T19:05:07.884+0000] {processor.py:830} INFO - Processing file /home/airflow/.local/lib/python3.12/site-packages/airflow/example_dags/example_branch_python_dop_operator_3.py for tasks to queue
[2024-04-09T19:05:07.886+0000] {logging_mixin.py:188} INFO - [2024-04-09T19:05:07.886+0000] {dagbag.py:540} INFO - Filling up the DagBag from /home/airflow/.local/lib/python3.12/site-packages/airflow/example_dags/example_branch_python_dop_operator_3.py
[2024-04-09T19:05:07.896+0000] {processor.py:840} INFO - DAG(s) 'example_branch_dop_operator_v3' retrieved from /home/airflow/.local/lib/python3.12/site-packages/airflow/example_dags/example_branch_python_dop_operator_3.py
[2024-04-09T19:05:07.918+0000] {logging_mixin.py:188} INFO - [2024-04-09T19:05:07.918+0000] {dag.py:3096} INFO - Sync 1 DAGs
[2024-04-09T19:05:07.950+0000] {logging_mixin.py:188} INFO - [2024-04-09T19:05:07.949+0000] {dag.py:3954} INFO - Setting next_dagrun for example_branch_dop_operator_v3 to 2024-04-09 19:04:00+00:00, run_after=2024-04-09 19:05:00+00:00
[2024-04-09T19:05:07.974+0000] {processor.py:183} INFO - Processing /home/airflow/.local/lib/python3.12/site-packages/airflow/example_dags/example_branch_python_dop_operator_3.py took 0.097 seconds
[2024-04-09T19:05:38.583+0000] {processor.py:161} INFO - Started process (PID=7161) to work on /home/airflow/.local/lib/python3.12/site-packages/airflow/example_dags/example_branch_python_dop_operator_3.py
[2024-04-09T19:05:38.584+0000] {processor.py:830} INFO - Processing file /home/airflow/.local/lib/python3.12/site-packages/airflow/example_dags/example_branch_python_dop_operator_3.py for tasks to queue
[2024-04-09T19:05:38.587+0000] {logging_mixin.py:188} INFO - [2024-04-09T19:05:38.586+0000] {dagbag.py:540} INFO - Filling up the DagBag from /home/airflow/.local/lib/python3.12/site-packages/airflow/example_dags/example_branch_python_dop_operator_3.py
[2024-04-09T19:05:38.597+0000] {processor.py:840} INFO - DAG(s) 'example_branch_dop_operator_v3' retrieved from /home/airflow/.local/lib/python3.12/site-packages/airflow/example_dags/example_branch_python_dop_operator_3.py
[2024-04-09T19:05:38.619+0000] {logging_mixin.py:188} INFO - [2024-04-09T19:05:38.619+0000] {dag.py:3096} INFO - Sync 1 DAGs
[2024-04-09T19:05:38.652+0000] {logging_mixin.py:188} INFO - [2024-04-09T19:05:38.652+0000] {dag.py:3954} INFO - Setting next_dagrun for example_branch_dop_operator_v3 to 2024-04-09 19:04:00+00:00, run_after=2024-04-09 19:05:00+00:00
[2024-04-09T19:05:38.686+0000] {processor.py:183} INFO - Processing /home/airflow/.local/lib/python3.12/site-packages/airflow/example_dags/example_branch_python_dop_operator_3.py took 0.109 seconds
[2024-04-09T19:06:09.135+0000] {processor.py:161} INFO - Started process (PID=7433) to work on /home/airflow/.local/lib/python3.12/site-packages/airflow/example_dags/example_branch_python_dop_operator_3.py
[2024-04-09T19:06:09.136+0000] {processor.py:830} INFO - Processing file /home/airflow/.local/lib/python3.12/site-packages/airflow/example_dags/example_branch_python_dop_operator_3.py for tasks to queue
[2024-04-09T19:06:09.138+0000] {logging_mixin.py:188} INFO - [2024-04-09T19:06:09.138+0000] {dagbag.py:540} INFO - Filling up the DagBag from /home/airflow/.local/lib/python3.12/site-packages/airflow/example_dags/example_branch_python_dop_operator_3.py
[2024-04-09T19:06:09.149+0000] {processor.py:840} INFO - DAG(s) 'example_branch_dop_operator_v3' retrieved from /home/airflow/.local/lib/python3.12/site-packages/airflow/example_dags/example_branch_python_dop_operator_3.py
[2024-04-09T19:06:09.171+0000] {logging_mixin.py:188} INFO - [2024-04-09T19:06:09.171+0000] {dag.py:3096} INFO - Sync 1 DAGs
[2024-04-09T19:06:09.204+0000] {logging_mixin.py:188} INFO - [2024-04-09T19:06:09.204+0000] {dag.py:3954} INFO - Setting next_dagrun for example_branch_dop_operator_v3 to 2024-04-09 19:05:00+00:00, run_after=2024-04-09 19:06:00+00:00
[2024-04-09T19:06:09.234+0000] {processor.py:183} INFO - Processing /home/airflow/.local/lib/python3.12/site-packages/airflow/example_dags/example_branch_python_dop_operator_3.py took 0.111 seconds
[2024-04-09T19:06:39.830+0000] {processor.py:161} INFO - Started process (PID=7700) to work on /home/airflow/.local/lib/python3.12/site-packages/airflow/example_dags/example_branch_python_dop_operator_3.py
[2024-04-09T19:06:39.831+0000] {processor.py:830} INFO - Processing file /home/airflow/.local/lib/python3.12/site-packages/airflow/example_dags/example_branch_python_dop_operator_3.py for tasks to queue
[2024-04-09T19:06:39.833+0000] {logging_mixin.py:188} INFO - [2024-04-09T19:06:39.832+0000] {dagbag.py:540} INFO - Filling up the DagBag from /home/airflow/.local/lib/python3.12/site-packages/airflow/example_dags/example_branch_python_dop_operator_3.py
[2024-04-09T19:06:39.861+0000] {processor.py:840} INFO - DAG(s) 'example_branch_dop_operator_v3' retrieved from /home/airflow/.local/lib/python3.12/site-packages/airflow/example_dags/example_branch_python_dop_operator_3.py
[2024-04-09T19:06:39.908+0000] {logging_mixin.py:188} INFO - [2024-04-09T19:06:39.908+0000] {dag.py:3096} INFO - Sync 1 DAGs
[2024-04-09T19:06:39.984+0000] {logging_mixin.py:188} INFO - [2024-04-09T19:06:39.983+0000] {dag.py:3954} INFO - Setting next_dagrun for example_branch_dop_operator_v3 to 2024-04-09 19:05:00+00:00, run_after=2024-04-09 19:06:00+00:00
[2024-04-09T19:06:40.018+0000] {processor.py:183} INFO - Processing /home/airflow/.local/lib/python3.12/site-packages/airflow/example_dags/example_branch_python_dop_operator_3.py took 0.207 seconds
[2024-04-09T19:07:10.244+0000] {processor.py:161} INFO - Started process (PID=7971) to work on /home/airflow/.local/lib/python3.12/site-packages/airflow/example_dags/example_branch_python_dop_operator_3.py
[2024-04-09T19:07:10.245+0000] {processor.py:830} INFO - Processing file /home/airflow/.local/lib/python3.12/site-packages/airflow/example_dags/example_branch_python_dop_operator_3.py for tasks to queue
[2024-04-09T19:07:10.246+0000] {logging_mixin.py:188} INFO - [2024-04-09T19:07:10.246+0000] {dagbag.py:540} INFO - Filling up the DagBag from /home/airflow/.local/lib/python3.12/site-packages/airflow/example_dags/example_branch_python_dop_operator_3.py
[2024-04-09T19:07:10.256+0000] {processor.py:840} INFO - DAG(s) 'example_branch_dop_operator_v3' retrieved from /home/airflow/.local/lib/python3.12/site-packages/airflow/example_dags/example_branch_python_dop_operator_3.py
[2024-04-09T19:07:10.449+0000] {logging_mixin.py:188} INFO - [2024-04-09T19:07:10.449+0000] {dag.py:3096} INFO - Sync 1 DAGs
[2024-04-09T19:07:10.476+0000] {logging_mixin.py:188} INFO - [2024-04-09T19:07:10.476+0000] {dag.py:3954} INFO - Setting next_dagrun for example_branch_dop_operator_v3 to 2024-04-09 19:06:00+00:00, run_after=2024-04-09 19:07:00+00:00
[2024-04-09T19:07:10.499+0000] {processor.py:183} INFO - Processing /home/airflow/.local/lib/python3.12/site-packages/airflow/example_dags/example_branch_python_dop_operator_3.py took 0.261 seconds
[2024-04-09T19:07:40.922+0000] {processor.py:161} INFO - Started process (PID=8245) to work on /home/airflow/.local/lib/python3.12/site-packages/airflow/example_dags/example_branch_python_dop_operator_3.py
[2024-04-09T19:07:40.924+0000] {processor.py:830} INFO - Processing file /home/airflow/.local/lib/python3.12/site-packages/airflow/example_dags/example_branch_python_dop_operator_3.py for tasks to queue
[2024-04-09T19:07:40.926+0000] {logging_mixin.py:188} INFO - [2024-04-09T19:07:40.926+0000] {dagbag.py:540} INFO - Filling up the DagBag from /home/airflow/.local/lib/python3.12/site-packages/airflow/example_dags/example_branch_python_dop_operator_3.py
[2024-04-09T19:07:40.950+0000] {processor.py:840} INFO - DAG(s) 'example_branch_dop_operator_v3' retrieved from /home/airflow/.local/lib/python3.12/site-packages/airflow/example_dags/example_branch_python_dop_operator_3.py
[2024-04-09T19:07:40.976+0000] {logging_mixin.py:188} INFO - [2024-04-09T19:07:40.976+0000] {dag.py:3096} INFO - Sync 1 DAGs
[2024-04-09T19:07:41.008+0000] {logging_mixin.py:188} INFO - [2024-04-09T19:07:41.008+0000] {dag.py:3954} INFO - Setting next_dagrun for example_branch_dop_operator_v3 to 2024-04-09 19:06:00+00:00, run_after=2024-04-09 19:07:00+00:00
[2024-04-09T19:07:41.034+0000] {processor.py:183} INFO - Processing /home/airflow/.local/lib/python3.12/site-packages/airflow/example_dags/example_branch_python_dop_operator_3.py took 0.119 seconds
[2024-04-09T19:08:11.805+0000] {processor.py:161} INFO - Started process (PID=8515) to work on /home/airflow/.local/lib/python3.12/site-packages/airflow/example_dags/example_branch_python_dop_operator_3.py
[2024-04-09T19:08:11.806+0000] {processor.py:830} INFO - Processing file /home/airflow/.local/lib/python3.12/site-packages/airflow/example_dags/example_branch_python_dop_operator_3.py for tasks to queue
[2024-04-09T19:08:11.808+0000] {logging_mixin.py:188} INFO - [2024-04-09T19:08:11.808+0000] {dagbag.py:540} INFO - Filling up the DagBag from /home/airflow/.local/lib/python3.12/site-packages/airflow/example_dags/example_branch_python_dop_operator_3.py
[2024-04-09T19:08:11.819+0000] {processor.py:840} INFO - DAG(s) 'example_branch_dop_operator_v3' retrieved from /home/airflow/.local/lib/python3.12/site-packages/airflow/example_dags/example_branch_python_dop_operator_3.py
[2024-04-09T19:08:11.849+0000] {logging_mixin.py:188} INFO - [2024-04-09T19:08:11.848+0000] {dag.py:3096} INFO - Sync 1 DAGs
[2024-04-09T19:08:11.882+0000] {logging_mixin.py:188} INFO - [2024-04-09T19:08:11.881+0000] {dag.py:3954} INFO - Setting next_dagrun for example_branch_dop_operator_v3 to 2024-04-09 19:07:00+00:00, run_after=2024-04-09 19:08:00+00:00
[2024-04-09T19:08:11.904+0000] {processor.py:183} INFO - Processing /home/airflow/.local/lib/python3.12/site-packages/airflow/example_dags/example_branch_python_dop_operator_3.py took 0.106 seconds
[2024-04-09T19:08:42.608+0000] {processor.py:161} INFO - Started process (PID=8788) to work on /home/airflow/.local/lib/python3.12/site-packages/airflow/example_dags/example_branch_python_dop_operator_3.py
[2024-04-09T19:08:42.609+0000] {processor.py:830} INFO - Processing file /home/airflow/.local/lib/python3.12/site-packages/airflow/example_dags/example_branch_python_dop_operator_3.py for tasks to queue
[2024-04-09T19:08:42.611+0000] {logging_mixin.py:188} INFO - [2024-04-09T19:08:42.611+0000] {dagbag.py:540} INFO - Filling up the DagBag from /home/airflow/.local/lib/python3.12/site-packages/airflow/example_dags/example_branch_python_dop_operator_3.py
[2024-04-09T19:08:42.621+0000] {processor.py:840} INFO - DAG(s) 'example_branch_dop_operator_v3' retrieved from /home/airflow/.local/lib/python3.12/site-packages/airflow/example_dags/example_branch_python_dop_operator_3.py
[2024-04-09T19:08:42.643+0000] {logging_mixin.py:188} INFO - [2024-04-09T19:08:42.643+0000] {dag.py:3096} INFO - Sync 1 DAGs
[2024-04-09T19:08:42.678+0000] {logging_mixin.py:188} INFO - [2024-04-09T19:08:42.677+0000] {dag.py:3954} INFO - Setting next_dagrun for example_branch_dop_operator_v3 to 2024-04-09 19:07:00+00:00, run_after=2024-04-09 19:08:00+00:00
[2024-04-09T19:08:42.702+0000] {processor.py:183} INFO - Processing /home/airflow/.local/lib/python3.12/site-packages/airflow/example_dags/example_branch_python_dop_operator_3.py took 0.101 seconds
[2024-04-09T19:09:12.819+0000] {processor.py:161} INFO - Started process (PID=9062) to work on /home/airflow/.local/lib/python3.12/site-packages/airflow/example_dags/example_branch_python_dop_operator_3.py
[2024-04-09T19:09:12.820+0000] {processor.py:830} INFO - Processing file /home/airflow/.local/lib/python3.12/site-packages/airflow/example_dags/example_branch_python_dop_operator_3.py for tasks to queue
[2024-04-09T19:09:12.822+0000] {logging_mixin.py:188} INFO - [2024-04-09T19:09:12.821+0000] {dagbag.py:540} INFO - Filling up the DagBag from /home/airflow/.local/lib/python3.12/site-packages/airflow/example_dags/example_branch_python_dop_operator_3.py
[2024-04-09T19:09:12.832+0000] {processor.py:840} INFO - DAG(s) 'example_branch_dop_operator_v3' retrieved from /home/airflow/.local/lib/python3.12/site-packages/airflow/example_dags/example_branch_python_dop_operator_3.py
[2024-04-09T19:09:12.857+0000] {logging_mixin.py:188} INFO - [2024-04-09T19:09:12.856+0000] {dag.py:3096} INFO - Sync 1 DAGs
[2024-04-09T19:09:12.891+0000] {logging_mixin.py:188} INFO - [2024-04-09T19:09:12.890+0000] {dag.py:3954} INFO - Setting next_dagrun for example_branch_dop_operator_v3 to 2024-04-09 19:08:00+00:00, run_after=2024-04-09 19:09:00+00:00
[2024-04-09T19:09:12.920+0000] {processor.py:183} INFO - Processing /home/airflow/.local/lib/python3.12/site-packages/airflow/example_dags/example_branch_python_dop_operator_3.py took 0.108 seconds
[2024-04-09T19:09:43.444+0000] {processor.py:161} INFO - Started process (PID=9332) to work on /home/airflow/.local/lib/python3.12/site-packages/airflow/example_dags/example_branch_python_dop_operator_3.py
[2024-04-09T19:09:43.445+0000] {processor.py:830} INFO - Processing file /home/airflow/.local/lib/python3.12/site-packages/airflow/example_dags/example_branch_python_dop_operator_3.py for tasks to queue
[2024-04-09T19:09:43.447+0000] {logging_mixin.py:188} INFO - [2024-04-09T19:09:43.447+0000] {dagbag.py:540} INFO - Filling up the DagBag from /home/airflow/.local/lib/python3.12/site-packages/airflow/example_dags/example_branch_python_dop_operator_3.py
[2024-04-09T19:09:43.456+0000] {processor.py:840} INFO - DAG(s) 'example_branch_dop_operator_v3' retrieved from /home/airflow/.local/lib/python3.12/site-packages/airflow/example_dags/example_branch_python_dop_operator_3.py
[2024-04-09T19:09:43.479+0000] {logging_mixin.py:188} INFO - [2024-04-09T19:09:43.479+0000] {dag.py:3096} INFO - Sync 1 DAGs
[2024-04-09T19:09:43.515+0000] {logging_mixin.py:188} INFO - [2024-04-09T19:09:43.515+0000] {dag.py:3954} INFO - Setting next_dagrun for example_branch_dop_operator_v3 to 2024-04-09 19:08:00+00:00, run_after=2024-04-09 19:09:00+00:00
[2024-04-09T19:09:43.548+0000] {processor.py:183} INFO - Processing /home/airflow/.local/lib/python3.12/site-packages/airflow/example_dags/example_branch_python_dop_operator_3.py took 0.117 seconds
[2024-04-09T19:10:13.715+0000] {processor.py:161} INFO - Started process (PID=9607) to work on /home/airflow/.local/lib/python3.12/site-packages/airflow/example_dags/example_branch_python_dop_operator_3.py
[2024-04-09T19:10:13.716+0000] {processor.py:830} INFO - Processing file /home/airflow/.local/lib/python3.12/site-packages/airflow/example_dags/example_branch_python_dop_operator_3.py for tasks to queue
[2024-04-09T19:10:13.717+0000] {logging_mixin.py:188} INFO - [2024-04-09T19:10:13.717+0000] {dagbag.py:540} INFO - Filling up the DagBag from /home/airflow/.local/lib/python3.12/site-packages/airflow/example_dags/example_branch_python_dop_operator_3.py
[2024-04-09T19:10:13.725+0000] {processor.py:840} INFO - DAG(s) 'example_branch_dop_operator_v3' retrieved from /home/airflow/.local/lib/python3.12/site-packages/airflow/example_dags/example_branch_python_dop_operator_3.py
[2024-04-09T19:10:13.741+0000] {logging_mixin.py:188} INFO - [2024-04-09T19:10:13.741+0000] {dag.py:3096} INFO - Sync 1 DAGs
[2024-04-09T19:10:13.762+0000] {logging_mixin.py:188} INFO - [2024-04-09T19:10:13.762+0000] {dag.py:3954} INFO - Setting next_dagrun for example_branch_dop_operator_v3 to 2024-04-09 19:09:00+00:00, run_after=2024-04-09 19:10:00+00:00
[2024-04-09T19:10:13.783+0000] {processor.py:183} INFO - Processing /home/airflow/.local/lib/python3.12/site-packages/airflow/example_dags/example_branch_python_dop_operator_3.py took 0.074 seconds
[2024-04-09T19:10:44.650+0000] {processor.py:161} INFO - Started process (PID=9878) to work on /home/airflow/.local/lib/python3.12/site-packages/airflow/example_dags/example_branch_python_dop_operator_3.py
[2024-04-09T19:10:44.651+0000] {processor.py:830} INFO - Processing file /home/airflow/.local/lib/python3.12/site-packages/airflow/example_dags/example_branch_python_dop_operator_3.py for tasks to queue
[2024-04-09T19:10:44.653+0000] {logging_mixin.py:188} INFO - [2024-04-09T19:10:44.652+0000] {dagbag.py:540} INFO - Filling up the DagBag from /home/airflow/.local/lib/python3.12/site-packages/airflow/example_dags/example_branch_python_dop_operator_3.py
[2024-04-09T19:10:44.662+0000] {processor.py:840} INFO - DAG(s) 'example_branch_dop_operator_v3' retrieved from /home/airflow/.local/lib/python3.12/site-packages/airflow/example_dags/example_branch_python_dop_operator_3.py
[2024-04-09T19:10:44.684+0000] {logging_mixin.py:188} INFO - [2024-04-09T19:10:44.683+0000] {dag.py:3096} INFO - Sync 1 DAGs
[2024-04-09T19:10:44.719+0000] {logging_mixin.py:188} INFO - [2024-04-09T19:10:44.719+0000] {dag.py:3954} INFO - Setting next_dagrun for example_branch_dop_operator_v3 to 2024-04-09 19:09:00+00:00, run_after=2024-04-09 19:10:00+00:00
[2024-04-09T19:10:44.742+0000] {processor.py:183} INFO - Processing /home/airflow/.local/lib/python3.12/site-packages/airflow/example_dags/example_branch_python_dop_operator_3.py took 0.098 seconds
[2024-04-09T19:11:15.568+0000] {processor.py:161} INFO - Started process (PID=10150) to work on /home/airflow/.local/lib/python3.12/site-packages/airflow/example_dags/example_branch_python_dop_operator_3.py
[2024-04-09T19:11:15.568+0000] {processor.py:830} INFO - Processing file /home/airflow/.local/lib/python3.12/site-packages/airflow/example_dags/example_branch_python_dop_operator_3.py for tasks to queue
[2024-04-09T19:11:15.570+0000] {logging_mixin.py:188} INFO - [2024-04-09T19:11:15.570+0000] {dagbag.py:540} INFO - Filling up the DagBag from /home/airflow/.local/lib/python3.12/site-packages/airflow/example_dags/example_branch_python_dop_operator_3.py
[2024-04-09T19:11:15.580+0000] {processor.py:840} INFO - DAG(s) 'example_branch_dop_operator_v3' retrieved from /home/airflow/.local/lib/python3.12/site-packages/airflow/example_dags/example_branch_python_dop_operator_3.py
[2024-04-09T19:11:15.609+0000] {logging_mixin.py:188} INFO - [2024-04-09T19:11:15.609+0000] {dag.py:3096} INFO - Sync 1 DAGs
[2024-04-09T19:11:15.651+0000] {logging_mixin.py:188} INFO - [2024-04-09T19:11:15.650+0000] {dag.py:3954} INFO - Setting next_dagrun for example_branch_dop_operator_v3 to 2024-04-09 19:10:00+00:00, run_after=2024-04-09 19:11:00+00:00
[2024-04-09T19:11:15.677+0000] {processor.py:183} INFO - Processing /home/airflow/.local/lib/python3.12/site-packages/airflow/example_dags/example_branch_python_dop_operator_3.py took 0.116 seconds
[2024-04-09T19:11:45.947+0000] {processor.py:161} INFO - Started process (PID=10423) to work on /home/airflow/.local/lib/python3.12/site-packages/airflow/example_dags/example_branch_python_dop_operator_3.py
[2024-04-09T19:11:45.948+0000] {processor.py:830} INFO - Processing file /home/airflow/.local/lib/python3.12/site-packages/airflow/example_dags/example_branch_python_dop_operator_3.py for tasks to queue
[2024-04-09T19:11:45.949+0000] {logging_mixin.py:188} INFO - [2024-04-09T19:11:45.949+0000] {dagbag.py:540} INFO - Filling up the DagBag from /home/airflow/.local/lib/python3.12/site-packages/airflow/example_dags/example_branch_python_dop_operator_3.py
[2024-04-09T19:11:45.960+0000] {processor.py:840} INFO - DAG(s) 'example_branch_dop_operator_v3' retrieved from /home/airflow/.local/lib/python3.12/site-packages/airflow/example_dags/example_branch_python_dop_operator_3.py
[2024-04-09T19:11:45.983+0000] {logging_mixin.py:188} INFO - [2024-04-09T19:11:45.982+0000] {dag.py:3096} INFO - Sync 1 DAGs
[2024-04-09T19:11:46.016+0000] {logging_mixin.py:188} INFO - [2024-04-09T19:11:46.015+0000] {dag.py:3954} INFO - Setting next_dagrun for example_branch_dop_operator_v3 to 2024-04-09 19:10:00+00:00, run_after=2024-04-09 19:11:00+00:00
[2024-04-09T19:11:46.039+0000] {processor.py:183} INFO - Processing /home/airflow/.local/lib/python3.12/site-packages/airflow/example_dags/example_branch_python_dop_operator_3.py took 0.099 seconds
[2024-04-09T19:12:16.869+0000] {processor.py:161} INFO - Started process (PID=10695) to work on /home/airflow/.local/lib/python3.12/site-packages/airflow/example_dags/example_branch_python_dop_operator_3.py
[2024-04-09T19:12:16.872+0000] {processor.py:830} INFO - Processing file /home/airflow/.local/lib/python3.12/site-packages/airflow/example_dags/example_branch_python_dop_operator_3.py for tasks to queue
[2024-04-09T19:12:16.876+0000] {logging_mixin.py:188} INFO - [2024-04-09T19:12:16.876+0000] {dagbag.py:540} INFO - Filling up the DagBag from /home/airflow/.local/lib/python3.12/site-packages/airflow/example_dags/example_branch_python_dop_operator_3.py
[2024-04-09T19:12:16.892+0000] {processor.py:840} INFO - DAG(s) 'example_branch_dop_operator_v3' retrieved from /home/airflow/.local/lib/python3.12/site-packages/airflow/example_dags/example_branch_python_dop_operator_3.py
[2024-04-09T19:12:16.934+0000] {logging_mixin.py:188} INFO - [2024-04-09T19:12:16.933+0000] {dag.py:3096} INFO - Sync 1 DAGs
[2024-04-09T19:12:16.981+0000] {logging_mixin.py:188} INFO - [2024-04-09T19:12:16.981+0000] {dag.py:3954} INFO - Setting next_dagrun for example_branch_dop_operator_v3 to 2024-04-09 19:11:00+00:00, run_after=2024-04-09 19:12:00+00:00
[2024-04-09T19:12:17.003+0000] {processor.py:183} INFO - Processing /home/airflow/.local/lib/python3.12/site-packages/airflow/example_dags/example_branch_python_dop_operator_3.py took 0.148 seconds
[2024-04-09T19:12:47.579+0000] {processor.py:161} INFO - Started process (PID=10968) to work on /home/airflow/.local/lib/python3.12/site-packages/airflow/example_dags/example_branch_python_dop_operator_3.py
[2024-04-09T19:12:47.580+0000] {processor.py:830} INFO - Processing file /home/airflow/.local/lib/python3.12/site-packages/airflow/example_dags/example_branch_python_dop_operator_3.py for tasks to queue
[2024-04-09T19:12:47.582+0000] {logging_mixin.py:188} INFO - [2024-04-09T19:12:47.581+0000] {dagbag.py:540} INFO - Filling up the DagBag from /home/airflow/.local/lib/python3.12/site-packages/airflow/example_dags/example_branch_python_dop_operator_3.py
[2024-04-09T19:12:47.592+0000] {processor.py:840} INFO - DAG(s) 'example_branch_dop_operator_v3' retrieved from /home/airflow/.local/lib/python3.12/site-packages/airflow/example_dags/example_branch_python_dop_operator_3.py
[2024-04-09T19:12:47.623+0000] {logging_mixin.py:188} INFO - [2024-04-09T19:12:47.623+0000] {dag.py:3096} INFO - Sync 1 DAGs
[2024-04-09T19:12:47.700+0000] {logging_mixin.py:188} INFO - [2024-04-09T19:12:47.700+0000] {dag.py:3954} INFO - Setting next_dagrun for example_branch_dop_operator_v3 to 2024-04-09 19:11:00+00:00, run_after=2024-04-09 19:12:00+00:00
[2024-04-09T19:12:47.733+0000] {processor.py:183} INFO - Processing /home/airflow/.local/lib/python3.12/site-packages/airflow/example_dags/example_branch_python_dop_operator_3.py took 0.161 seconds
[2024-04-09T19:13:18.386+0000] {processor.py:161} INFO - Started process (PID=11240) to work on /home/airflow/.local/lib/python3.12/site-packages/airflow/example_dags/example_branch_python_dop_operator_3.py
[2024-04-09T19:13:18.387+0000] {processor.py:830} INFO - Processing file /home/airflow/.local/lib/python3.12/site-packages/airflow/example_dags/example_branch_python_dop_operator_3.py for tasks to queue
[2024-04-09T19:13:18.389+0000] {logging_mixin.py:188} INFO - [2024-04-09T19:13:18.389+0000] {dagbag.py:540} INFO - Filling up the DagBag from /home/airflow/.local/lib/python3.12/site-packages/airflow/example_dags/example_branch_python_dop_operator_3.py
[2024-04-09T19:13:18.399+0000] {processor.py:840} INFO - DAG(s) 'example_branch_dop_operator_v3' retrieved from /home/airflow/.local/lib/python3.12/site-packages/airflow/example_dags/example_branch_python_dop_operator_3.py
[2024-04-09T19:13:18.421+0000] {logging_mixin.py:188} INFO - [2024-04-09T19:13:18.421+0000] {dag.py:3096} INFO - Sync 1 DAGs
[2024-04-09T19:13:18.454+0000] {logging_mixin.py:188} INFO - [2024-04-09T19:13:18.454+0000] {dag.py:3954} INFO - Setting next_dagrun for example_branch_dop_operator_v3 to 2024-04-09 19:12:00+00:00, run_after=2024-04-09 19:13:00+00:00
[2024-04-09T19:13:18.477+0000] {processor.py:183} INFO - Processing /home/airflow/.local/lib/python3.12/site-packages/airflow/example_dags/example_branch_python_dop_operator_3.py took 0.097 seconds
[2024-04-09T19:13:48.881+0000] {processor.py:161} INFO - Started process (PID=11515) to work on /home/airflow/.local/lib/python3.12/site-packages/airflow/example_dags/example_branch_python_dop_operator_3.py
[2024-04-09T19:13:48.882+0000] {processor.py:830} INFO - Processing file /home/airflow/.local/lib/python3.12/site-packages/airflow/example_dags/example_branch_python_dop_operator_3.py for tasks to queue
[2024-04-09T19:13:48.884+0000] {logging_mixin.py:188} INFO - [2024-04-09T19:13:48.884+0000] {dagbag.py:540} INFO - Filling up the DagBag from /home/airflow/.local/lib/python3.12/site-packages/airflow/example_dags/example_branch_python_dop_operator_3.py
[2024-04-09T19:13:48.894+0000] {processor.py:840} INFO - DAG(s) 'example_branch_dop_operator_v3' retrieved from /home/airflow/.local/lib/python3.12/site-packages/airflow/example_dags/example_branch_python_dop_operator_3.py
[2024-04-09T19:13:48.918+0000] {logging_mixin.py:188} INFO - [2024-04-09T19:13:48.917+0000] {dag.py:3096} INFO - Sync 1 DAGs
[2024-04-09T19:13:48.954+0000] {logging_mixin.py:188} INFO - [2024-04-09T19:13:48.954+0000] {dag.py:3954} INFO - Setting next_dagrun for example_branch_dop_operator_v3 to 2024-04-09 19:12:00+00:00, run_after=2024-04-09 19:13:00+00:00
[2024-04-09T19:13:48.981+0000] {processor.py:183} INFO - Processing /home/airflow/.local/lib/python3.12/site-packages/airflow/example_dags/example_branch_python_dop_operator_3.py took 0.108 seconds
[2024-04-09T19:14:19.878+0000] {processor.py:161} INFO - Started process (PID=11785) to work on /home/airflow/.local/lib/python3.12/site-packages/airflow/example_dags/example_branch_python_dop_operator_3.py
[2024-04-09T19:14:19.879+0000] {processor.py:830} INFO - Processing file /home/airflow/.local/lib/python3.12/site-packages/airflow/example_dags/example_branch_python_dop_operator_3.py for tasks to queue
[2024-04-09T19:14:19.881+0000] {logging_mixin.py:188} INFO - [2024-04-09T19:14:19.881+0000] {dagbag.py:540} INFO - Filling up the DagBag from /home/airflow/.local/lib/python3.12/site-packages/airflow/example_dags/example_branch_python_dop_operator_3.py
[2024-04-09T19:14:19.891+0000] {processor.py:840} INFO - DAG(s) 'example_branch_dop_operator_v3' retrieved from /home/airflow/.local/lib/python3.12/site-packages/airflow/example_dags/example_branch_python_dop_operator_3.py
[2024-04-09T19:14:19.915+0000] {logging_mixin.py:188} INFO - [2024-04-09T19:14:19.914+0000] {dag.py:3096} INFO - Sync 1 DAGs
[2024-04-09T19:14:19.948+0000] {logging_mixin.py:188} INFO - [2024-04-09T19:14:19.948+0000] {dag.py:3954} INFO - Setting next_dagrun for example_branch_dop_operator_v3 to 2024-04-09 19:13:00+00:00, run_after=2024-04-09 19:14:00+00:00
[2024-04-09T19:14:19.971+0000] {processor.py:183} INFO - Processing /home/airflow/.local/lib/python3.12/site-packages/airflow/example_dags/example_branch_python_dop_operator_3.py took 0.100 seconds
[2024-04-09T19:14:50.108+0000] {processor.py:161} INFO - Started process (PID=12059) to work on /home/airflow/.local/lib/python3.12/site-packages/airflow/example_dags/example_branch_python_dop_operator_3.py
[2024-04-09T19:14:50.110+0000] {processor.py:830} INFO - Processing file /home/airflow/.local/lib/python3.12/site-packages/airflow/example_dags/example_branch_python_dop_operator_3.py for tasks to queue
[2024-04-09T19:14:50.112+0000] {logging_mixin.py:188} INFO - [2024-04-09T19:14:50.112+0000] {dagbag.py:540} INFO - Filling up the DagBag from /home/airflow/.local/lib/python3.12/site-packages/airflow/example_dags/example_branch_python_dop_operator_3.py
[2024-04-09T19:14:50.125+0000] {processor.py:840} INFO - DAG(s) 'example_branch_dop_operator_v3' retrieved from /home/airflow/.local/lib/python3.12/site-packages/airflow/example_dags/example_branch_python_dop_operator_3.py
[2024-04-09T19:14:50.148+0000] {logging_mixin.py:188} INFO - [2024-04-09T19:14:50.148+0000] {dag.py:3096} INFO - Sync 1 DAGs
[2024-04-09T19:14:50.183+0000] {logging_mixin.py:188} INFO - [2024-04-09T19:14:50.183+0000] {dag.py:3954} INFO - Setting next_dagrun for example_branch_dop_operator_v3 to 2024-04-09 19:13:00+00:00, run_after=2024-04-09 19:14:00+00:00
[2024-04-09T19:14:50.208+0000] {processor.py:183} INFO - Processing /home/airflow/.local/lib/python3.12/site-packages/airflow/example_dags/example_branch_python_dop_operator_3.py took 0.107 seconds
[2024-04-09T19:15:20.347+0000] {processor.py:161} INFO - Started process (PID=12334) to work on /home/airflow/.local/lib/python3.12/site-packages/airflow/example_dags/example_branch_python_dop_operator_3.py
[2024-04-09T19:15:20.347+0000] {processor.py:830} INFO - Processing file /home/airflow/.local/lib/python3.12/site-packages/airflow/example_dags/example_branch_python_dop_operator_3.py for tasks to queue
[2024-04-09T19:15:20.349+0000] {logging_mixin.py:188} INFO - [2024-04-09T19:15:20.348+0000] {dagbag.py:540} INFO - Filling up the DagBag from /home/airflow/.local/lib/python3.12/site-packages/airflow/example_dags/example_branch_python_dop_operator_3.py
[2024-04-09T19:15:20.356+0000] {processor.py:840} INFO - DAG(s) 'example_branch_dop_operator_v3' retrieved from /home/airflow/.local/lib/python3.12/site-packages/airflow/example_dags/example_branch_python_dop_operator_3.py
[2024-04-09T19:15:20.373+0000] {logging_mixin.py:188} INFO - [2024-04-09T19:15:20.373+0000] {dag.py:3096} INFO - Sync 1 DAGs
[2024-04-09T19:15:20.401+0000] {logging_mixin.py:188} INFO - [2024-04-09T19:15:20.401+0000] {dag.py:3954} INFO - Setting next_dagrun for example_branch_dop_operator_v3 to 2024-04-09 19:14:00+00:00, run_after=2024-04-09 19:15:00+00:00
[2024-04-09T19:15:20.420+0000] {processor.py:183} INFO - Processing /home/airflow/.local/lib/python3.12/site-packages/airflow/example_dags/example_branch_python_dop_operator_3.py took 0.079 seconds
[2024-04-09T19:15:51.017+0000] {processor.py:161} INFO - Started process (PID=12606) to work on /home/airflow/.local/lib/python3.12/site-packages/airflow/example_dags/example_branch_python_dop_operator_3.py
[2024-04-09T19:15:51.018+0000] {processor.py:830} INFO - Processing file /home/airflow/.local/lib/python3.12/site-packages/airflow/example_dags/example_branch_python_dop_operator_3.py for tasks to queue
[2024-04-09T19:15:51.024+0000] {logging_mixin.py:188} INFO - [2024-04-09T19:15:51.024+0000] {dagbag.py:540} INFO - Filling up the DagBag from /home/airflow/.local/lib/python3.12/site-packages/airflow/example_dags/example_branch_python_dop_operator_3.py
[2024-04-09T19:15:51.049+0000] {processor.py:840} INFO - DAG(s) 'example_branch_dop_operator_v3' retrieved from /home/airflow/.local/lib/python3.12/site-packages/airflow/example_dags/example_branch_python_dop_operator_3.py
[2024-04-09T19:15:51.076+0000] {logging_mixin.py:188} INFO - [2024-04-09T19:15:51.076+0000] {dag.py:3096} INFO - Sync 1 DAGs
[2024-04-09T19:15:51.107+0000] {logging_mixin.py:188} INFO - [2024-04-09T19:15:51.107+0000] {dag.py:3954} INFO - Setting next_dagrun for example_branch_dop_operator_v3 to 2024-04-09 19:14:00+00:00, run_after=2024-04-09 19:15:00+00:00
[2024-04-09T19:15:51.129+0000] {processor.py:183} INFO - Processing /home/airflow/.local/lib/python3.12/site-packages/airflow/example_dags/example_branch_python_dop_operator_3.py took 0.118 seconds
[2024-04-09T19:16:21.218+0000] {processor.py:161} INFO - Started process (PID=12882) to work on /home/airflow/.local/lib/python3.12/site-packages/airflow/example_dags/example_branch_python_dop_operator_3.py
[2024-04-09T19:16:21.219+0000] {processor.py:830} INFO - Processing file /home/airflow/.local/lib/python3.12/site-packages/airflow/example_dags/example_branch_python_dop_operator_3.py for tasks to queue
[2024-04-09T19:16:21.221+0000] {logging_mixin.py:188} INFO - [2024-04-09T19:16:21.221+0000] {dagbag.py:540} INFO - Filling up the DagBag from /home/airflow/.local/lib/python3.12/site-packages/airflow/example_dags/example_branch_python_dop_operator_3.py
[2024-04-09T19:16:21.233+0000] {processor.py:840} INFO - DAG(s) 'example_branch_dop_operator_v3' retrieved from /home/airflow/.local/lib/python3.12/site-packages/airflow/example_dags/example_branch_python_dop_operator_3.py
[2024-04-09T19:16:21.254+0000] {logging_mixin.py:188} INFO - [2024-04-09T19:16:21.254+0000] {dag.py:3096} INFO - Sync 1 DAGs
[2024-04-09T19:16:21.280+0000] {logging_mixin.py:188} INFO - [2024-04-09T19:16:21.280+0000] {dag.py:3954} INFO - Setting next_dagrun for example_branch_dop_operator_v3 to 2024-04-09 19:15:00+00:00, run_after=2024-04-09 19:16:00+00:00
[2024-04-09T19:16:21.298+0000] {processor.py:183} INFO - Processing /home/airflow/.local/lib/python3.12/site-packages/airflow/example_dags/example_branch_python_dop_operator_3.py took 0.088 seconds
[2024-04-09T19:16:51.381+0000] {processor.py:161} INFO - Started process (PID=13154) to work on /home/airflow/.local/lib/python3.12/site-packages/airflow/example_dags/example_branch_python_dop_operator_3.py
[2024-04-09T19:16:51.383+0000] {processor.py:830} INFO - Processing file /home/airflow/.local/lib/python3.12/site-packages/airflow/example_dags/example_branch_python_dop_operator_3.py for tasks to queue
[2024-04-09T19:16:51.385+0000] {logging_mixin.py:188} INFO - [2024-04-09T19:16:51.384+0000] {dagbag.py:540} INFO - Filling up the DagBag from /home/airflow/.local/lib/python3.12/site-packages/airflow/example_dags/example_branch_python_dop_operator_3.py
[2024-04-09T19:16:51.394+0000] {processor.py:840} INFO - DAG(s) 'example_branch_dop_operator_v3' retrieved from /home/airflow/.local/lib/python3.12/site-packages/airflow/example_dags/example_branch_python_dop_operator_3.py
[2024-04-09T19:16:51.414+0000] {logging_mixin.py:188} INFO - [2024-04-09T19:16:51.414+0000] {dag.py:3096} INFO - Sync 1 DAGs
[2024-04-09T19:16:51.435+0000] {logging_mixin.py:188} INFO - [2024-04-09T19:16:51.435+0000] {dag.py:3954} INFO - Setting next_dagrun for example_branch_dop_operator_v3 to 2024-04-09 19:15:00+00:00, run_after=2024-04-09 19:16:00+00:00
[2024-04-09T19:16:51.456+0000] {processor.py:183} INFO - Processing /home/airflow/.local/lib/python3.12/site-packages/airflow/example_dags/example_branch_python_dop_operator_3.py took 0.081 seconds
[2024-04-09T19:17:21.733+0000] {processor.py:161} INFO - Started process (PID=13421) to work on /home/airflow/.local/lib/python3.12/site-packages/airflow/example_dags/example_branch_python_dop_operator_3.py
[2024-04-09T19:17:21.733+0000] {processor.py:830} INFO - Processing file /home/airflow/.local/lib/python3.12/site-packages/airflow/example_dags/example_branch_python_dop_operator_3.py for tasks to queue
[2024-04-09T19:17:21.735+0000] {logging_mixin.py:188} INFO - [2024-04-09T19:17:21.735+0000] {dagbag.py:540} INFO - Filling up the DagBag from /home/airflow/.local/lib/python3.12/site-packages/airflow/example_dags/example_branch_python_dop_operator_3.py
[2024-04-09T19:17:21.745+0000] {processor.py:840} INFO - DAG(s) 'example_branch_dop_operator_v3' retrieved from /home/airflow/.local/lib/python3.12/site-packages/airflow/example_dags/example_branch_python_dop_operator_3.py
[2024-04-09T19:17:21.770+0000] {logging_mixin.py:188} INFO - [2024-04-09T19:17:21.770+0000] {dag.py:3096} INFO - Sync 1 DAGs
[2024-04-09T19:17:21.803+0000] {logging_mixin.py:188} INFO - [2024-04-09T19:17:21.803+0000] {dag.py:3954} INFO - Setting next_dagrun for example_branch_dop_operator_v3 to 2024-04-09 19:16:00+00:00, run_after=2024-04-09 19:17:00+00:00
[2024-04-09T19:17:21.827+0000] {processor.py:183} INFO - Processing /home/airflow/.local/lib/python3.12/site-packages/airflow/example_dags/example_branch_python_dop_operator_3.py took 0.101 seconds
[2024-04-09T19:17:52.241+0000] {processor.py:161} INFO - Started process (PID=13693) to work on /home/airflow/.local/lib/python3.12/site-packages/airflow/example_dags/example_branch_python_dop_operator_3.py
[2024-04-09T19:17:52.242+0000] {processor.py:830} INFO - Processing file /home/airflow/.local/lib/python3.12/site-packages/airflow/example_dags/example_branch_python_dop_operator_3.py for tasks to queue
[2024-04-09T19:17:52.244+0000] {logging_mixin.py:188} INFO - [2024-04-09T19:17:52.243+0000] {dagbag.py:540} INFO - Filling up the DagBag from /home/airflow/.local/lib/python3.12/site-packages/airflow/example_dags/example_branch_python_dop_operator_3.py
[2024-04-09T19:17:52.255+0000] {processor.py:840} INFO - DAG(s) 'example_branch_dop_operator_v3' retrieved from /home/airflow/.local/lib/python3.12/site-packages/airflow/example_dags/example_branch_python_dop_operator_3.py
[2024-04-09T19:17:52.300+0000] {logging_mixin.py:188} INFO - [2024-04-09T19:17:52.300+0000] {dag.py:3096} INFO - Sync 1 DAGs
[2024-04-09T19:17:52.334+0000] {logging_mixin.py:188} INFO - [2024-04-09T19:17:52.333+0000] {dag.py:3954} INFO - Setting next_dagrun for example_branch_dop_operator_v3 to 2024-04-09 19:16:00+00:00, run_after=2024-04-09 19:17:00+00:00
[2024-04-09T19:17:52.356+0000] {processor.py:183} INFO - Processing /home/airflow/.local/lib/python3.12/site-packages/airflow/example_dags/example_branch_python_dop_operator_3.py took 0.123 seconds
[2024-04-09T19:18:22.431+0000] {processor.py:161} INFO - Started process (PID=13965) to work on /home/airflow/.local/lib/python3.12/site-packages/airflow/example_dags/example_branch_python_dop_operator_3.py
[2024-04-09T19:18:22.432+0000] {processor.py:830} INFO - Processing file /home/airflow/.local/lib/python3.12/site-packages/airflow/example_dags/example_branch_python_dop_operator_3.py for tasks to queue
[2024-04-09T19:18:22.434+0000] {logging_mixin.py:188} INFO - [2024-04-09T19:18:22.434+0000] {dagbag.py:540} INFO - Filling up the DagBag from /home/airflow/.local/lib/python3.12/site-packages/airflow/example_dags/example_branch_python_dop_operator_3.py
[2024-04-09T19:18:22.445+0000] {processor.py:840} INFO - DAG(s) 'example_branch_dop_operator_v3' retrieved from /home/airflow/.local/lib/python3.12/site-packages/airflow/example_dags/example_branch_python_dop_operator_3.py
[2024-04-09T19:18:22.469+0000] {logging_mixin.py:188} INFO - [2024-04-09T19:18:22.469+0000] {dag.py:3096} INFO - Sync 1 DAGs
[2024-04-09T19:18:22.501+0000] {logging_mixin.py:188} INFO - [2024-04-09T19:18:22.501+0000] {dag.py:3954} INFO - Setting next_dagrun for example_branch_dop_operator_v3 to 2024-04-09 19:17:00+00:00, run_after=2024-04-09 19:18:00+00:00
[2024-04-09T19:18:22.526+0000] {processor.py:183} INFO - Processing /home/airflow/.local/lib/python3.12/site-packages/airflow/example_dags/example_branch_python_dop_operator_3.py took 0.103 seconds
[2024-04-09T19:18:53.296+0000] {processor.py:161} INFO - Started process (PID=14237) to work on /home/airflow/.local/lib/python3.12/site-packages/airflow/example_dags/example_branch_python_dop_operator_3.py
[2024-04-09T19:18:53.297+0000] {processor.py:830} INFO - Processing file /home/airflow/.local/lib/python3.12/site-packages/airflow/example_dags/example_branch_python_dop_operator_3.py for tasks to queue
[2024-04-09T19:18:53.298+0000] {logging_mixin.py:188} INFO - [2024-04-09T19:18:53.298+0000] {dagbag.py:540} INFO - Filling up the DagBag from /home/airflow/.local/lib/python3.12/site-packages/airflow/example_dags/example_branch_python_dop_operator_3.py
[2024-04-09T19:18:53.328+0000] {processor.py:840} INFO - DAG(s) 'example_branch_dop_operator_v3' retrieved from /home/airflow/.local/lib/python3.12/site-packages/airflow/example_dags/example_branch_python_dop_operator_3.py
[2024-04-09T19:18:53.349+0000] {logging_mixin.py:188} INFO - [2024-04-09T19:18:53.349+0000] {dag.py:3096} INFO - Sync 1 DAGs
[2024-04-09T19:18:53.381+0000] {logging_mixin.py:188} INFO - [2024-04-09T19:18:53.381+0000] {dag.py:3954} INFO - Setting next_dagrun for example_branch_dop_operator_v3 to 2024-04-09 19:17:00+00:00, run_after=2024-04-09 19:18:00+00:00
[2024-04-09T19:18:53.404+0000] {processor.py:183} INFO - Processing /home/airflow/.local/lib/python3.12/site-packages/airflow/example_dags/example_branch_python_dop_operator_3.py took 0.116 seconds
[2024-04-09T19:19:23.564+0000] {processor.py:161} INFO - Started process (PID=14510) to work on /home/airflow/.local/lib/python3.12/site-packages/airflow/example_dags/example_branch_python_dop_operator_3.py
[2024-04-09T19:19:23.565+0000] {processor.py:830} INFO - Processing file /home/airflow/.local/lib/python3.12/site-packages/airflow/example_dags/example_branch_python_dop_operator_3.py for tasks to queue
[2024-04-09T19:19:23.568+0000] {logging_mixin.py:188} INFO - [2024-04-09T19:19:23.567+0000] {dagbag.py:540} INFO - Filling up the DagBag from /home/airflow/.local/lib/python3.12/site-packages/airflow/example_dags/example_branch_python_dop_operator_3.py
[2024-04-09T19:19:23.580+0000] {processor.py:840} INFO - DAG(s) 'example_branch_dop_operator_v3' retrieved from /home/airflow/.local/lib/python3.12/site-packages/airflow/example_dags/example_branch_python_dop_operator_3.py
[2024-04-09T19:19:23.602+0000] {logging_mixin.py:188} INFO - [2024-04-09T19:19:23.602+0000] {dag.py:3096} INFO - Sync 1 DAGs
[2024-04-09T19:19:23.638+0000] {logging_mixin.py:188} INFO - [2024-04-09T19:19:23.638+0000] {dag.py:3954} INFO - Setting next_dagrun for example_branch_dop_operator_v3 to 2024-04-09 19:18:00+00:00, run_after=2024-04-09 19:19:00+00:00
[2024-04-09T19:19:23.660+0000] {processor.py:183} INFO - Processing /home/airflow/.local/lib/python3.12/site-packages/airflow/example_dags/example_branch_python_dop_operator_3.py took 0.103 seconds
[2024-04-09T19:19:54.174+0000] {processor.py:161} INFO - Started process (PID=14781) to work on /home/airflow/.local/lib/python3.12/site-packages/airflow/example_dags/example_branch_python_dop_operator_3.py
[2024-04-09T19:19:54.175+0000] {processor.py:830} INFO - Processing file /home/airflow/.local/lib/python3.12/site-packages/airflow/example_dags/example_branch_python_dop_operator_3.py for tasks to queue
[2024-04-09T19:19:54.178+0000] {logging_mixin.py:188} INFO - [2024-04-09T19:19:54.177+0000] {dagbag.py:540} INFO - Filling up the DagBag from /home/airflow/.local/lib/python3.12/site-packages/airflow/example_dags/example_branch_python_dop_operator_3.py
[2024-04-09T19:19:54.189+0000] {processor.py:840} INFO - DAG(s) 'example_branch_dop_operator_v3' retrieved from /home/airflow/.local/lib/python3.12/site-packages/airflow/example_dags/example_branch_python_dop_operator_3.py
[2024-04-09T19:19:54.212+0000] {logging_mixin.py:188} INFO - [2024-04-09T19:19:54.212+0000] {dag.py:3096} INFO - Sync 1 DAGs
[2024-04-09T19:19:54.244+0000] {logging_mixin.py:188} INFO - [2024-04-09T19:19:54.244+0000] {dag.py:3954} INFO - Setting next_dagrun for example_branch_dop_operator_v3 to 2024-04-09 19:18:00+00:00, run_after=2024-04-09 19:19:00+00:00
[2024-04-09T19:19:54.279+0000] {processor.py:183} INFO - Processing /home/airflow/.local/lib/python3.12/site-packages/airflow/example_dags/example_branch_python_dop_operator_3.py took 0.112 seconds
[2024-04-09T19:20:24.679+0000] {processor.py:161} INFO - Started process (PID=15054) to work on /home/airflow/.local/lib/python3.12/site-packages/airflow/example_dags/example_branch_python_dop_operator_3.py
[2024-04-09T19:20:24.680+0000] {processor.py:830} INFO - Processing file /home/airflow/.local/lib/python3.12/site-packages/airflow/example_dags/example_branch_python_dop_operator_3.py for tasks to queue
[2024-04-09T19:20:24.682+0000] {logging_mixin.py:188} INFO - [2024-04-09T19:20:24.681+0000] {dagbag.py:540} INFO - Filling up the DagBag from /home/airflow/.local/lib/python3.12/site-packages/airflow/example_dags/example_branch_python_dop_operator_3.py
[2024-04-09T19:20:24.691+0000] {processor.py:840} INFO - DAG(s) 'example_branch_dop_operator_v3' retrieved from /home/airflow/.local/lib/python3.12/site-packages/airflow/example_dags/example_branch_python_dop_operator_3.py
[2024-04-09T19:20:24.714+0000] {logging_mixin.py:188} INFO - [2024-04-09T19:20:24.714+0000] {dag.py:3096} INFO - Sync 1 DAGs
[2024-04-09T19:20:24.746+0000] {logging_mixin.py:188} INFO - [2024-04-09T19:20:24.746+0000] {dag.py:3954} INFO - Setting next_dagrun for example_branch_dop_operator_v3 to 2024-04-09 19:19:00+00:00, run_after=2024-04-09 19:20:00+00:00
[2024-04-09T19:20:24.770+0000] {processor.py:183} INFO - Processing /home/airflow/.local/lib/python3.12/site-packages/airflow/example_dags/example_branch_python_dop_operator_3.py took 0.098 seconds
[2024-04-09T19:20:55.466+0000] {processor.py:161} INFO - Started process (PID=15326) to work on /home/airflow/.local/lib/python3.12/site-packages/airflow/example_dags/example_branch_python_dop_operator_3.py
[2024-04-09T19:20:55.467+0000] {processor.py:830} INFO - Processing file /home/airflow/.local/lib/python3.12/site-packages/airflow/example_dags/example_branch_python_dop_operator_3.py for tasks to queue
[2024-04-09T19:20:55.469+0000] {logging_mixin.py:188} INFO - [2024-04-09T19:20:55.469+0000] {dagbag.py:540} INFO - Filling up the DagBag from /home/airflow/.local/lib/python3.12/site-packages/airflow/example_dags/example_branch_python_dop_operator_3.py
[2024-04-09T19:20:55.480+0000] {processor.py:840} INFO - DAG(s) 'example_branch_dop_operator_v3' retrieved from /home/airflow/.local/lib/python3.12/site-packages/airflow/example_dags/example_branch_python_dop_operator_3.py
[2024-04-09T19:20:55.502+0000] {logging_mixin.py:188} INFO - [2024-04-09T19:20:55.501+0000] {dag.py:3096} INFO - Sync 1 DAGs
[2024-04-09T19:20:55.540+0000] {logging_mixin.py:188} INFO - [2024-04-09T19:20:55.540+0000] {dag.py:3954} INFO - Setting next_dagrun for example_branch_dop_operator_v3 to 2024-04-09 19:19:00+00:00, run_after=2024-04-09 19:20:00+00:00
[2024-04-09T19:20:55.563+0000] {processor.py:183} INFO - Processing /home/airflow/.local/lib/python3.12/site-packages/airflow/example_dags/example_branch_python_dop_operator_3.py took 0.104 seconds
[2024-04-09T19:21:26.052+0000] {processor.py:161} INFO - Started process (PID=15599) to work on /home/airflow/.local/lib/python3.12/site-packages/airflow/example_dags/example_branch_python_dop_operator_3.py
[2024-04-09T19:21:26.053+0000] {processor.py:830} INFO - Processing file /home/airflow/.local/lib/python3.12/site-packages/airflow/example_dags/example_branch_python_dop_operator_3.py for tasks to queue
[2024-04-09T19:21:26.055+0000] {logging_mixin.py:188} INFO - [2024-04-09T19:21:26.054+0000] {dagbag.py:540} INFO - Filling up the DagBag from /home/airflow/.local/lib/python3.12/site-packages/airflow/example_dags/example_branch_python_dop_operator_3.py
[2024-04-09T19:21:26.065+0000] {processor.py:840} INFO - DAG(s) 'example_branch_dop_operator_v3' retrieved from /home/airflow/.local/lib/python3.12/site-packages/airflow/example_dags/example_branch_python_dop_operator_3.py
[2024-04-09T19:21:26.087+0000] {logging_mixin.py:188} INFO - [2024-04-09T19:21:26.087+0000] {dag.py:3096} INFO - Sync 1 DAGs
[2024-04-09T19:21:26.118+0000] {logging_mixin.py:188} INFO - [2024-04-09T19:21:26.118+0000] {dag.py:3954} INFO - Setting next_dagrun for example_branch_dop_operator_v3 to 2024-04-09 19:20:00+00:00, run_after=2024-04-09 19:21:00+00:00
[2024-04-09T19:21:26.145+0000] {processor.py:183} INFO - Processing /home/airflow/.local/lib/python3.12/site-packages/airflow/example_dags/example_branch_python_dop_operator_3.py took 0.100 seconds
[2024-04-09T19:21:56.470+0000] {processor.py:161} INFO - Started process (PID=15871) to work on /home/airflow/.local/lib/python3.12/site-packages/airflow/example_dags/example_branch_python_dop_operator_3.py
[2024-04-09T19:21:56.472+0000] {processor.py:830} INFO - Processing file /home/airflow/.local/lib/python3.12/site-packages/airflow/example_dags/example_branch_python_dop_operator_3.py for tasks to queue
[2024-04-09T19:21:56.474+0000] {logging_mixin.py:188} INFO - [2024-04-09T19:21:56.474+0000] {dagbag.py:540} INFO - Filling up the DagBag from /home/airflow/.local/lib/python3.12/site-packages/airflow/example_dags/example_branch_python_dop_operator_3.py
[2024-04-09T19:21:56.486+0000] {processor.py:840} INFO - DAG(s) 'example_branch_dop_operator_v3' retrieved from /home/airflow/.local/lib/python3.12/site-packages/airflow/example_dags/example_branch_python_dop_operator_3.py
[2024-04-09T19:21:56.510+0000] {logging_mixin.py:188} INFO - [2024-04-09T19:21:56.509+0000] {dag.py:3096} INFO - Sync 1 DAGs
[2024-04-09T19:21:56.543+0000] {logging_mixin.py:188} INFO - [2024-04-09T19:21:56.543+0000] {dag.py:3954} INFO - Setting next_dagrun for example_branch_dop_operator_v3 to 2024-04-09 19:20:00+00:00, run_after=2024-04-09 19:21:00+00:00
[2024-04-09T19:21:56.567+0000] {processor.py:183} INFO - Processing /home/airflow/.local/lib/python3.12/site-packages/airflow/example_dags/example_branch_python_dop_operator_3.py took 0.103 seconds
[2024-04-09T19:22:27.072+0000] {processor.py:161} INFO - Started process (PID=16143) to work on /home/airflow/.local/lib/python3.12/site-packages/airflow/example_dags/example_branch_python_dop_operator_3.py
[2024-04-09T19:22:27.074+0000] {processor.py:830} INFO - Processing file /home/airflow/.local/lib/python3.12/site-packages/airflow/example_dags/example_branch_python_dop_operator_3.py for tasks to queue
[2024-04-09T19:22:27.076+0000] {logging_mixin.py:188} INFO - [2024-04-09T19:22:27.075+0000] {dagbag.py:540} INFO - Filling up the DagBag from /home/airflow/.local/lib/python3.12/site-packages/airflow/example_dags/example_branch_python_dop_operator_3.py
[2024-04-09T19:22:27.086+0000] {processor.py:840} INFO - DAG(s) 'example_branch_dop_operator_v3' retrieved from /home/airflow/.local/lib/python3.12/site-packages/airflow/example_dags/example_branch_python_dop_operator_3.py
[2024-04-09T19:22:27.109+0000] {logging_mixin.py:188} INFO - [2024-04-09T19:22:27.109+0000] {dag.py:3096} INFO - Sync 1 DAGs
[2024-04-09T19:22:27.142+0000] {logging_mixin.py:188} INFO - [2024-04-09T19:22:27.142+0000] {dag.py:3954} INFO - Setting next_dagrun for example_branch_dop_operator_v3 to 2024-04-09 19:21:00+00:00, run_after=2024-04-09 19:22:00+00:00
[2024-04-09T19:22:27.166+0000] {processor.py:183} INFO - Processing /home/airflow/.local/lib/python3.12/site-packages/airflow/example_dags/example_branch_python_dop_operator_3.py took 0.101 seconds
[2024-04-09T19:22:57.798+0000] {processor.py:161} INFO - Started process (PID=16415) to work on /home/airflow/.local/lib/python3.12/site-packages/airflow/example_dags/example_branch_python_dop_operator_3.py
[2024-04-09T19:22:57.799+0000] {processor.py:830} INFO - Processing file /home/airflow/.local/lib/python3.12/site-packages/airflow/example_dags/example_branch_python_dop_operator_3.py for tasks to queue
[2024-04-09T19:22:57.801+0000] {logging_mixin.py:188} INFO - [2024-04-09T19:22:57.801+0000] {dagbag.py:540} INFO - Filling up the DagBag from /home/airflow/.local/lib/python3.12/site-packages/airflow/example_dags/example_branch_python_dop_operator_3.py
[2024-04-09T19:22:57.811+0000] {processor.py:840} INFO - DAG(s) 'example_branch_dop_operator_v3' retrieved from /home/airflow/.local/lib/python3.12/site-packages/airflow/example_dags/example_branch_python_dop_operator_3.py
[2024-04-09T19:22:57.837+0000] {logging_mixin.py:188} INFO - [2024-04-09T19:22:57.836+0000] {dag.py:3096} INFO - Sync 1 DAGs
[2024-04-09T19:22:57.894+0000] {logging_mixin.py:188} INFO - [2024-04-09T19:22:57.893+0000] {dag.py:3954} INFO - Setting next_dagrun for example_branch_dop_operator_v3 to 2024-04-09 19:21:00+00:00, run_after=2024-04-09 19:22:00+00:00
[2024-04-09T19:22:57.922+0000] {processor.py:183} INFO - Processing /home/airflow/.local/lib/python3.12/site-packages/airflow/example_dags/example_branch_python_dop_operator_3.py took 0.130 seconds
[2024-04-09T19:23:28.240+0000] {processor.py:161} INFO - Started process (PID=16692) to work on /home/airflow/.local/lib/python3.12/site-packages/airflow/example_dags/example_branch_python_dop_operator_3.py
[2024-04-09T19:23:28.241+0000] {processor.py:830} INFO - Processing file /home/airflow/.local/lib/python3.12/site-packages/airflow/example_dags/example_branch_python_dop_operator_3.py for tasks to queue
[2024-04-09T19:23:28.243+0000] {logging_mixin.py:188} INFO - [2024-04-09T19:23:28.242+0000] {dagbag.py:540} INFO - Filling up the DagBag from /home/airflow/.local/lib/python3.12/site-packages/airflow/example_dags/example_branch_python_dop_operator_3.py
[2024-04-09T19:23:28.253+0000] {processor.py:840} INFO - DAG(s) 'example_branch_dop_operator_v3' retrieved from /home/airflow/.local/lib/python3.12/site-packages/airflow/example_dags/example_branch_python_dop_operator_3.py
[2024-04-09T19:23:28.274+0000] {logging_mixin.py:188} INFO - [2024-04-09T19:23:28.274+0000] {dag.py:3096} INFO - Sync 1 DAGs
[2024-04-09T19:23:28.307+0000] {logging_mixin.py:188} INFO - [2024-04-09T19:23:28.307+0000] {dag.py:3954} INFO - Setting next_dagrun for example_branch_dop_operator_v3 to 2024-04-09 19:22:00+00:00, run_after=2024-04-09 19:23:00+00:00
[2024-04-09T19:23:28.327+0000] {processor.py:183} INFO - Processing /home/airflow/.local/lib/python3.12/site-packages/airflow/example_dags/example_branch_python_dop_operator_3.py took 0.094 seconds
