[2024-04-09T18:50:50.465+0000] {processor.py:161} INFO - Started process (PID=202) to work on /home/airflow/.local/lib/python3.12/site-packages/airflow/example_dags/example_task_group.py
[2024-04-09T18:50:50.467+0000] {processor.py:830} INFO - Processing file /home/airflow/.local/lib/python3.12/site-packages/airflow/example_dags/example_task_group.py for tasks to queue
[2024-04-09T18:50:50.469+0000] {logging_mixin.py:188} INFO - [2024-04-09T18:50:50.469+0000] {dagbag.py:540} INFO - Filling up the DagBag from /home/airflow/.local/lib/python3.12/site-packages/airflow/example_dags/example_task_group.py
[2024-04-09T18:50:50.514+0000] {processor.py:840} INFO - DAG(s) 'example_task_group' retrieved from /home/airflow/.local/lib/python3.12/site-packages/airflow/example_dags/example_task_group.py
[2024-04-09T18:50:50.822+0000] {logging_mixin.py:188} INFO - [2024-04-09T18:50:50.822+0000] {override.py:1829} INFO - Created Permission View: can edit on DAG:example_task_group
[2024-04-09T18:50:50.854+0000] {logging_mixin.py:188} INFO - [2024-04-09T18:50:50.854+0000] {override.py:1829} INFO - Created Permission View: can delete on DAG:example_task_group
[2024-04-09T18:50:50.878+0000] {logging_mixin.py:188} INFO - [2024-04-09T18:50:50.878+0000] {override.py:1829} INFO - Created Permission View: can read on DAG:example_task_group
[2024-04-09T18:50:50.879+0000] {logging_mixin.py:188} INFO - [2024-04-09T18:50:50.878+0000] {dag.py:3096} INFO - Sync 1 DAGs
[2024-04-09T18:50:50.913+0000] {logging_mixin.py:188} INFO - [2024-04-09T18:50:50.913+0000] {dag.py:3118} INFO - Creating ORM DAG for example_task_group
[2024-04-09T18:50:50.929+0000] {logging_mixin.py:188} INFO - [2024-04-09T18:50:50.929+0000] {dag.py:3954} INFO - Setting next_dagrun for example_task_group to 2024-04-08 00:00:00+00:00, run_after=2024-04-09 00:00:00+00:00
[2024-04-09T18:50:50.966+0000] {processor.py:183} INFO - Processing /home/airflow/.local/lib/python3.12/site-packages/airflow/example_dags/example_task_group.py took 0.508 seconds
[2024-04-09T18:51:21.340+0000] {processor.py:161} INFO - Started process (PID=464) to work on /home/airflow/.local/lib/python3.12/site-packages/airflow/example_dags/example_task_group.py
[2024-04-09T18:51:21.341+0000] {processor.py:830} INFO - Processing file /home/airflow/.local/lib/python3.12/site-packages/airflow/example_dags/example_task_group.py for tasks to queue
[2024-04-09T18:51:21.344+0000] {logging_mixin.py:188} INFO - [2024-04-09T18:51:21.344+0000] {dagbag.py:540} INFO - Filling up the DagBag from /home/airflow/.local/lib/python3.12/site-packages/airflow/example_dags/example_task_group.py
[2024-04-09T18:51:21.354+0000] {processor.py:840} INFO - DAG(s) 'example_task_group' retrieved from /home/airflow/.local/lib/python3.12/site-packages/airflow/example_dags/example_task_group.py
[2024-04-09T18:51:21.379+0000] {logging_mixin.py:188} INFO - [2024-04-09T18:51:21.378+0000] {dag.py:3096} INFO - Sync 1 DAGs
[2024-04-09T18:51:21.405+0000] {logging_mixin.py:188} INFO - [2024-04-09T18:51:21.405+0000] {dag.py:3954} INFO - Setting next_dagrun for example_task_group to 2024-04-08 00:00:00+00:00, run_after=2024-04-09 00:00:00+00:00
[2024-04-09T18:51:21.432+0000] {processor.py:183} INFO - Processing /home/airflow/.local/lib/python3.12/site-packages/airflow/example_dags/example_task_group.py took 0.100 seconds
[2024-04-09T18:52:29.831+0000] {processor.py:161} INFO - Started process (PID=203) to work on /home/airflow/.local/lib/python3.12/site-packages/airflow/example_dags/example_task_group.py
[2024-04-09T18:52:29.845+0000] {processor.py:830} INFO - Processing file /home/airflow/.local/lib/python3.12/site-packages/airflow/example_dags/example_task_group.py for tasks to queue
[2024-04-09T18:52:29.848+0000] {logging_mixin.py:188} INFO - [2024-04-09T18:52:29.848+0000] {dagbag.py:540} INFO - Filling up the DagBag from /home/airflow/.local/lib/python3.12/site-packages/airflow/example_dags/example_task_group.py
[2024-04-09T18:52:29.891+0000] {processor.py:840} INFO - DAG(s) 'example_task_group' retrieved from /home/airflow/.local/lib/python3.12/site-packages/airflow/example_dags/example_task_group.py
[2024-04-09T18:52:30.236+0000] {logging_mixin.py:188} INFO - [2024-04-09T18:52:30.236+0000] {dag.py:3096} INFO - Sync 1 DAGs
[2024-04-09T18:52:30.270+0000] {logging_mixin.py:188} INFO - [2024-04-09T18:52:30.270+0000] {dag.py:3954} INFO - Setting next_dagrun for example_task_group to 2024-04-08 00:00:00+00:00, run_after=2024-04-09 00:00:00+00:00
[2024-04-09T18:52:30.308+0000] {processor.py:183} INFO - Processing /home/airflow/.local/lib/python3.12/site-packages/airflow/example_dags/example_task_group.py took 0.490 seconds
[2024-04-09T18:53:00.828+0000] {processor.py:161} INFO - Started process (PID=464) to work on /home/airflow/.local/lib/python3.12/site-packages/airflow/example_dags/example_task_group.py
[2024-04-09T18:53:00.829+0000] {processor.py:830} INFO - Processing file /home/airflow/.local/lib/python3.12/site-packages/airflow/example_dags/example_task_group.py for tasks to queue
[2024-04-09T18:53:00.831+0000] {logging_mixin.py:188} INFO - [2024-04-09T18:53:00.831+0000] {dagbag.py:540} INFO - Filling up the DagBag from /home/airflow/.local/lib/python3.12/site-packages/airflow/example_dags/example_task_group.py
[2024-04-09T18:53:00.840+0000] {processor.py:840} INFO - DAG(s) 'example_task_group' retrieved from /home/airflow/.local/lib/python3.12/site-packages/airflow/example_dags/example_task_group.py
[2024-04-09T18:53:00.864+0000] {logging_mixin.py:188} INFO - [2024-04-09T18:53:00.863+0000] {dag.py:3096} INFO - Sync 1 DAGs
[2024-04-09T18:53:00.888+0000] {logging_mixin.py:188} INFO - [2024-04-09T18:53:00.888+0000] {dag.py:3954} INFO - Setting next_dagrun for example_task_group to 2024-04-08 00:00:00+00:00, run_after=2024-04-09 00:00:00+00:00
[2024-04-09T18:53:00.918+0000] {processor.py:183} INFO - Processing /home/airflow/.local/lib/python3.12/site-packages/airflow/example_dags/example_task_group.py took 0.097 seconds
[2024-04-09T18:53:31.198+0000] {processor.py:161} INFO - Started process (PID=725) to work on /home/airflow/.local/lib/python3.12/site-packages/airflow/example_dags/example_task_group.py
[2024-04-09T18:53:31.202+0000] {processor.py:830} INFO - Processing file /home/airflow/.local/lib/python3.12/site-packages/airflow/example_dags/example_task_group.py for tasks to queue
[2024-04-09T18:53:31.205+0000] {logging_mixin.py:188} INFO - [2024-04-09T18:53:31.205+0000] {dagbag.py:540} INFO - Filling up the DagBag from /home/airflow/.local/lib/python3.12/site-packages/airflow/example_dags/example_task_group.py
[2024-04-09T18:53:31.215+0000] {processor.py:840} INFO - DAG(s) 'example_task_group' retrieved from /home/airflow/.local/lib/python3.12/site-packages/airflow/example_dags/example_task_group.py
[2024-04-09T18:53:31.294+0000] {logging_mixin.py:188} INFO - [2024-04-09T18:53:31.294+0000] {dag.py:3096} INFO - Sync 1 DAGs
[2024-04-09T18:53:31.320+0000] {logging_mixin.py:188} INFO - [2024-04-09T18:53:31.320+0000] {dag.py:3954} INFO - Setting next_dagrun for example_task_group to 2024-04-08 00:00:00+00:00, run_after=2024-04-09 00:00:00+00:00
[2024-04-09T18:53:31.345+0000] {processor.py:183} INFO - Processing /home/airflow/.local/lib/python3.12/site-packages/airflow/example_dags/example_task_group.py took 0.153 seconds
[2024-04-09T18:54:02.233+0000] {processor.py:161} INFO - Started process (PID=988) to work on /home/airflow/.local/lib/python3.12/site-packages/airflow/example_dags/example_task_group.py
[2024-04-09T18:54:02.234+0000] {processor.py:830} INFO - Processing file /home/airflow/.local/lib/python3.12/site-packages/airflow/example_dags/example_task_group.py for tasks to queue
[2024-04-09T18:54:02.237+0000] {logging_mixin.py:188} INFO - [2024-04-09T18:54:02.236+0000] {dagbag.py:540} INFO - Filling up the DagBag from /home/airflow/.local/lib/python3.12/site-packages/airflow/example_dags/example_task_group.py
[2024-04-09T18:54:02.246+0000] {processor.py:840} INFO - DAG(s) 'example_task_group' retrieved from /home/airflow/.local/lib/python3.12/site-packages/airflow/example_dags/example_task_group.py
[2024-04-09T18:54:02.271+0000] {logging_mixin.py:188} INFO - [2024-04-09T18:54:02.271+0000] {dag.py:3096} INFO - Sync 1 DAGs
[2024-04-09T18:54:02.302+0000] {logging_mixin.py:188} INFO - [2024-04-09T18:54:02.301+0000] {dag.py:3954} INFO - Setting next_dagrun for example_task_group to 2024-04-08 00:00:00+00:00, run_after=2024-04-09 00:00:00+00:00
[2024-04-09T18:54:02.325+0000] {processor.py:183} INFO - Processing /home/airflow/.local/lib/python3.12/site-packages/airflow/example_dags/example_task_group.py took 0.099 seconds
[2024-04-09T18:54:32.643+0000] {processor.py:161} INFO - Started process (PID=1250) to work on /home/airflow/.local/lib/python3.12/site-packages/airflow/example_dags/example_task_group.py
[2024-04-09T18:54:32.644+0000] {processor.py:830} INFO - Processing file /home/airflow/.local/lib/python3.12/site-packages/airflow/example_dags/example_task_group.py for tasks to queue
[2024-04-09T18:54:32.646+0000] {logging_mixin.py:188} INFO - [2024-04-09T18:54:32.646+0000] {dagbag.py:540} INFO - Filling up the DagBag from /home/airflow/.local/lib/python3.12/site-packages/airflow/example_dags/example_task_group.py
[2024-04-09T18:54:32.654+0000] {processor.py:840} INFO - DAG(s) 'example_task_group' retrieved from /home/airflow/.local/lib/python3.12/site-packages/airflow/example_dags/example_task_group.py
[2024-04-09T18:54:32.684+0000] {logging_mixin.py:188} INFO - [2024-04-09T18:54:32.684+0000] {dag.py:3096} INFO - Sync 1 DAGs
[2024-04-09T18:54:32.711+0000] {logging_mixin.py:188} INFO - [2024-04-09T18:54:32.710+0000] {dag.py:3954} INFO - Setting next_dagrun for example_task_group to 2024-04-08 00:00:00+00:00, run_after=2024-04-09 00:00:00+00:00
[2024-04-09T18:54:32.734+0000] {processor.py:183} INFO - Processing /home/airflow/.local/lib/python3.12/site-packages/airflow/example_dags/example_task_group.py took 0.098 seconds
[2024-04-09T18:55:03.167+0000] {processor.py:161} INFO - Started process (PID=1512) to work on /home/airflow/.local/lib/python3.12/site-packages/airflow/example_dags/example_task_group.py
[2024-04-09T18:55:03.168+0000] {processor.py:830} INFO - Processing file /home/airflow/.local/lib/python3.12/site-packages/airflow/example_dags/example_task_group.py for tasks to queue
[2024-04-09T18:55:03.170+0000] {logging_mixin.py:188} INFO - [2024-04-09T18:55:03.170+0000] {dagbag.py:540} INFO - Filling up the DagBag from /home/airflow/.local/lib/python3.12/site-packages/airflow/example_dags/example_task_group.py
[2024-04-09T18:55:03.179+0000] {processor.py:840} INFO - DAG(s) 'example_task_group' retrieved from /home/airflow/.local/lib/python3.12/site-packages/airflow/example_dags/example_task_group.py
[2024-04-09T18:55:03.204+0000] {logging_mixin.py:188} INFO - [2024-04-09T18:55:03.204+0000] {dag.py:3096} INFO - Sync 1 DAGs
[2024-04-09T18:55:03.231+0000] {logging_mixin.py:188} INFO - [2024-04-09T18:55:03.231+0000] {dag.py:3954} INFO - Setting next_dagrun for example_task_group to 2024-04-08 00:00:00+00:00, run_after=2024-04-09 00:00:00+00:00
[2024-04-09T18:55:03.255+0000] {processor.py:183} INFO - Processing /home/airflow/.local/lib/python3.12/site-packages/airflow/example_dags/example_task_group.py took 0.094 seconds
[2024-04-09T18:55:33.825+0000] {processor.py:161} INFO - Started process (PID=1774) to work on /home/airflow/.local/lib/python3.12/site-packages/airflow/example_dags/example_task_group.py
[2024-04-09T18:55:33.826+0000] {processor.py:830} INFO - Processing file /home/airflow/.local/lib/python3.12/site-packages/airflow/example_dags/example_task_group.py for tasks to queue
[2024-04-09T18:55:33.829+0000] {logging_mixin.py:188} INFO - [2024-04-09T18:55:33.828+0000] {dagbag.py:540} INFO - Filling up the DagBag from /home/airflow/.local/lib/python3.12/site-packages/airflow/example_dags/example_task_group.py
[2024-04-09T18:55:33.837+0000] {processor.py:840} INFO - DAG(s) 'example_task_group' retrieved from /home/airflow/.local/lib/python3.12/site-packages/airflow/example_dags/example_task_group.py
[2024-04-09T18:55:33.864+0000] {logging_mixin.py:188} INFO - [2024-04-09T18:55:33.864+0000] {dag.py:3096} INFO - Sync 1 DAGs
[2024-04-09T18:55:33.888+0000] {logging_mixin.py:188} INFO - [2024-04-09T18:55:33.888+0000] {dag.py:3954} INFO - Setting next_dagrun for example_task_group to 2024-04-08 00:00:00+00:00, run_after=2024-04-09 00:00:00+00:00
[2024-04-09T18:55:33.925+0000] {processor.py:183} INFO - Processing /home/airflow/.local/lib/python3.12/site-packages/airflow/example_dags/example_task_group.py took 0.108 seconds
[2024-04-09T18:56:04.418+0000] {processor.py:161} INFO - Started process (PID=2037) to work on /home/airflow/.local/lib/python3.12/site-packages/airflow/example_dags/example_task_group.py
[2024-04-09T18:56:04.420+0000] {processor.py:830} INFO - Processing file /home/airflow/.local/lib/python3.12/site-packages/airflow/example_dags/example_task_group.py for tasks to queue
[2024-04-09T18:56:04.422+0000] {logging_mixin.py:188} INFO - [2024-04-09T18:56:04.422+0000] {dagbag.py:540} INFO - Filling up the DagBag from /home/airflow/.local/lib/python3.12/site-packages/airflow/example_dags/example_task_group.py
[2024-04-09T18:56:04.430+0000] {processor.py:840} INFO - DAG(s) 'example_task_group' retrieved from /home/airflow/.local/lib/python3.12/site-packages/airflow/example_dags/example_task_group.py
[2024-04-09T18:56:04.458+0000] {logging_mixin.py:188} INFO - [2024-04-09T18:56:04.458+0000] {dag.py:3096} INFO - Sync 1 DAGs
[2024-04-09T18:56:04.482+0000] {logging_mixin.py:188} INFO - [2024-04-09T18:56:04.482+0000] {dag.py:3954} INFO - Setting next_dagrun for example_task_group to 2024-04-08 00:00:00+00:00, run_after=2024-04-09 00:00:00+00:00
[2024-04-09T18:56:04.506+0000] {processor.py:183} INFO - Processing /home/airflow/.local/lib/python3.12/site-packages/airflow/example_dags/example_task_group.py took 0.102 seconds
[2024-04-09T18:56:34.785+0000] {processor.py:161} INFO - Started process (PID=2299) to work on /home/airflow/.local/lib/python3.12/site-packages/airflow/example_dags/example_task_group.py
[2024-04-09T18:56:34.786+0000] {processor.py:830} INFO - Processing file /home/airflow/.local/lib/python3.12/site-packages/airflow/example_dags/example_task_group.py for tasks to queue
[2024-04-09T18:56:34.790+0000] {logging_mixin.py:188} INFO - [2024-04-09T18:56:34.789+0000] {dagbag.py:540} INFO - Filling up the DagBag from /home/airflow/.local/lib/python3.12/site-packages/airflow/example_dags/example_task_group.py
[2024-04-09T18:56:34.798+0000] {processor.py:840} INFO - DAG(s) 'example_task_group' retrieved from /home/airflow/.local/lib/python3.12/site-packages/airflow/example_dags/example_task_group.py
[2024-04-09T18:56:34.824+0000] {logging_mixin.py:188} INFO - [2024-04-09T18:56:34.824+0000] {dag.py:3096} INFO - Sync 1 DAGs
[2024-04-09T18:56:34.851+0000] {logging_mixin.py:188} INFO - [2024-04-09T18:56:34.851+0000] {dag.py:3954} INFO - Setting next_dagrun for example_task_group to 2024-04-08 00:00:00+00:00, run_after=2024-04-09 00:00:00+00:00
[2024-04-09T18:56:34.893+0000] {processor.py:183} INFO - Processing /home/airflow/.local/lib/python3.12/site-packages/airflow/example_dags/example_task_group.py took 0.115 seconds
[2024-04-09T18:57:05.478+0000] {processor.py:161} INFO - Started process (PID=2561) to work on /home/airflow/.local/lib/python3.12/site-packages/airflow/example_dags/example_task_group.py
[2024-04-09T18:57:05.479+0000] {processor.py:830} INFO - Processing file /home/airflow/.local/lib/python3.12/site-packages/airflow/example_dags/example_task_group.py for tasks to queue
[2024-04-09T18:57:05.481+0000] {logging_mixin.py:188} INFO - [2024-04-09T18:57:05.481+0000] {dagbag.py:540} INFO - Filling up the DagBag from /home/airflow/.local/lib/python3.12/site-packages/airflow/example_dags/example_task_group.py
[2024-04-09T18:57:05.493+0000] {processor.py:840} INFO - DAG(s) 'example_task_group' retrieved from /home/airflow/.local/lib/python3.12/site-packages/airflow/example_dags/example_task_group.py
[2024-04-09T18:57:05.520+0000] {logging_mixin.py:188} INFO - [2024-04-09T18:57:05.520+0000] {dag.py:3096} INFO - Sync 1 DAGs
[2024-04-09T18:57:05.548+0000] {logging_mixin.py:188} INFO - [2024-04-09T18:57:05.547+0000] {dag.py:3954} INFO - Setting next_dagrun for example_task_group to 2024-04-08 00:00:00+00:00, run_after=2024-04-09 00:00:00+00:00
[2024-04-09T18:57:05.572+0000] {processor.py:183} INFO - Processing /home/airflow/.local/lib/python3.12/site-packages/airflow/example_dags/example_task_group.py took 0.101 seconds
[2024-04-09T18:57:35.699+0000] {processor.py:161} INFO - Started process (PID=2827) to work on /home/airflow/.local/lib/python3.12/site-packages/airflow/example_dags/example_task_group.py
[2024-04-09T18:57:35.700+0000] {processor.py:830} INFO - Processing file /home/airflow/.local/lib/python3.12/site-packages/airflow/example_dags/example_task_group.py for tasks to queue
[2024-04-09T18:57:35.703+0000] {logging_mixin.py:188} INFO - [2024-04-09T18:57:35.703+0000] {dagbag.py:540} INFO - Filling up the DagBag from /home/airflow/.local/lib/python3.12/site-packages/airflow/example_dags/example_task_group.py
[2024-04-09T18:57:35.713+0000] {processor.py:840} INFO - DAG(s) 'example_task_group' retrieved from /home/airflow/.local/lib/python3.12/site-packages/airflow/example_dags/example_task_group.py
[2024-04-09T18:57:35.737+0000] {logging_mixin.py:188} INFO - [2024-04-09T18:57:35.737+0000] {dag.py:3096} INFO - Sync 1 DAGs
[2024-04-09T18:57:35.764+0000] {logging_mixin.py:188} INFO - [2024-04-09T18:57:35.764+0000] {dag.py:3954} INFO - Setting next_dagrun for example_task_group to 2024-04-08 00:00:00+00:00, run_after=2024-04-09 00:00:00+00:00
[2024-04-09T18:57:35.789+0000] {processor.py:183} INFO - Processing /home/airflow/.local/lib/python3.12/site-packages/airflow/example_dags/example_task_group.py took 0.097 seconds
[2024-04-09T18:58:05.914+0000] {processor.py:161} INFO - Started process (PID=3100) to work on /home/airflow/.local/lib/python3.12/site-packages/airflow/example_dags/example_task_group.py
[2024-04-09T18:58:05.916+0000] {processor.py:830} INFO - Processing file /home/airflow/.local/lib/python3.12/site-packages/airflow/example_dags/example_task_group.py for tasks to queue
[2024-04-09T18:58:05.918+0000] {logging_mixin.py:188} INFO - [2024-04-09T18:58:05.917+0000] {dagbag.py:540} INFO - Filling up the DagBag from /home/airflow/.local/lib/python3.12/site-packages/airflow/example_dags/example_task_group.py
[2024-04-09T18:58:05.926+0000] {processor.py:840} INFO - DAG(s) 'example_task_group' retrieved from /home/airflow/.local/lib/python3.12/site-packages/airflow/example_dags/example_task_group.py
[2024-04-09T18:58:05.952+0000] {logging_mixin.py:188} INFO - [2024-04-09T18:58:05.951+0000] {dag.py:3096} INFO - Sync 1 DAGs
[2024-04-09T18:58:06.015+0000] {logging_mixin.py:188} INFO - [2024-04-09T18:58:06.014+0000] {dag.py:3954} INFO - Setting next_dagrun for example_task_group to 2024-04-08 00:00:00+00:00, run_after=2024-04-09 00:00:00+00:00
[2024-04-09T18:58:06.045+0000] {processor.py:183} INFO - Processing /home/airflow/.local/lib/python3.12/site-packages/airflow/example_dags/example_task_group.py took 0.138 seconds
[2024-04-09T18:58:36.359+0000] {processor.py:161} INFO - Started process (PID=3373) to work on /home/airflow/.local/lib/python3.12/site-packages/airflow/example_dags/example_task_group.py
[2024-04-09T18:58:36.361+0000] {processor.py:830} INFO - Processing file /home/airflow/.local/lib/python3.12/site-packages/airflow/example_dags/example_task_group.py for tasks to queue
[2024-04-09T18:58:36.363+0000] {logging_mixin.py:188} INFO - [2024-04-09T18:58:36.362+0000] {dagbag.py:540} INFO - Filling up the DagBag from /home/airflow/.local/lib/python3.12/site-packages/airflow/example_dags/example_task_group.py
[2024-04-09T18:58:36.372+0000] {processor.py:840} INFO - DAG(s) 'example_task_group' retrieved from /home/airflow/.local/lib/python3.12/site-packages/airflow/example_dags/example_task_group.py
[2024-04-09T18:58:36.396+0000] {logging_mixin.py:188} INFO - [2024-04-09T18:58:36.396+0000] {dag.py:3096} INFO - Sync 1 DAGs
[2024-04-09T18:58:36.423+0000] {logging_mixin.py:188} INFO - [2024-04-09T18:58:36.423+0000] {dag.py:3954} INFO - Setting next_dagrun for example_task_group to 2024-04-08 00:00:00+00:00, run_after=2024-04-09 00:00:00+00:00
[2024-04-09T18:58:36.449+0000] {processor.py:183} INFO - Processing /home/airflow/.local/lib/python3.12/site-packages/airflow/example_dags/example_task_group.py took 0.096 seconds
[2024-04-09T18:59:06.652+0000] {processor.py:161} INFO - Started process (PID=3644) to work on /home/airflow/.local/lib/python3.12/site-packages/airflow/example_dags/example_task_group.py
[2024-04-09T18:59:06.654+0000] {processor.py:830} INFO - Processing file /home/airflow/.local/lib/python3.12/site-packages/airflow/example_dags/example_task_group.py for tasks to queue
[2024-04-09T18:59:06.656+0000] {logging_mixin.py:188} INFO - [2024-04-09T18:59:06.655+0000] {dagbag.py:540} INFO - Filling up the DagBag from /home/airflow/.local/lib/python3.12/site-packages/airflow/example_dags/example_task_group.py
[2024-04-09T18:59:06.664+0000] {processor.py:840} INFO - DAG(s) 'example_task_group' retrieved from /home/airflow/.local/lib/python3.12/site-packages/airflow/example_dags/example_task_group.py
[2024-04-09T18:59:06.689+0000] {logging_mixin.py:188} INFO - [2024-04-09T18:59:06.689+0000] {dag.py:3096} INFO - Sync 1 DAGs
[2024-04-09T18:59:06.716+0000] {logging_mixin.py:188} INFO - [2024-04-09T18:59:06.716+0000] {dag.py:3954} INFO - Setting next_dagrun for example_task_group to 2024-04-08 00:00:00+00:00, run_after=2024-04-09 00:00:00+00:00
[2024-04-09T18:59:06.745+0000] {processor.py:183} INFO - Processing /home/airflow/.local/lib/python3.12/site-packages/airflow/example_dags/example_task_group.py took 0.110 seconds
[2024-04-09T18:59:37.094+0000] {processor.py:161} INFO - Started process (PID=3916) to work on /home/airflow/.local/lib/python3.12/site-packages/airflow/example_dags/example_task_group.py
[2024-04-09T18:59:37.096+0000] {processor.py:830} INFO - Processing file /home/airflow/.local/lib/python3.12/site-packages/airflow/example_dags/example_task_group.py for tasks to queue
[2024-04-09T18:59:37.099+0000] {logging_mixin.py:188} INFO - [2024-04-09T18:59:37.098+0000] {dagbag.py:540} INFO - Filling up the DagBag from /home/airflow/.local/lib/python3.12/site-packages/airflow/example_dags/example_task_group.py
[2024-04-09T18:59:37.107+0000] {processor.py:840} INFO - DAG(s) 'example_task_group' retrieved from /home/airflow/.local/lib/python3.12/site-packages/airflow/example_dags/example_task_group.py
[2024-04-09T18:59:37.133+0000] {logging_mixin.py:188} INFO - [2024-04-09T18:59:37.133+0000] {dag.py:3096} INFO - Sync 1 DAGs
[2024-04-09T18:59:37.162+0000] {logging_mixin.py:188} INFO - [2024-04-09T18:59:37.161+0000] {dag.py:3954} INFO - Setting next_dagrun for example_task_group to 2024-04-08 00:00:00+00:00, run_after=2024-04-09 00:00:00+00:00
[2024-04-09T18:59:37.192+0000] {processor.py:183} INFO - Processing /home/airflow/.local/lib/python3.12/site-packages/airflow/example_dags/example_task_group.py took 0.104 seconds
[2024-04-09T19:00:07.379+0000] {processor.py:161} INFO - Started process (PID=4189) to work on /home/airflow/.local/lib/python3.12/site-packages/airflow/example_dags/example_task_group.py
[2024-04-09T19:00:07.381+0000] {processor.py:830} INFO - Processing file /home/airflow/.local/lib/python3.12/site-packages/airflow/example_dags/example_task_group.py for tasks to queue
[2024-04-09T19:00:07.386+0000] {logging_mixin.py:188} INFO - [2024-04-09T19:00:07.385+0000] {dagbag.py:540} INFO - Filling up the DagBag from /home/airflow/.local/lib/python3.12/site-packages/airflow/example_dags/example_task_group.py
[2024-04-09T19:00:07.398+0000] {processor.py:840} INFO - DAG(s) 'example_task_group' retrieved from /home/airflow/.local/lib/python3.12/site-packages/airflow/example_dags/example_task_group.py
[2024-04-09T19:00:07.469+0000] {logging_mixin.py:188} INFO - [2024-04-09T19:00:07.469+0000] {dag.py:3096} INFO - Sync 1 DAGs
[2024-04-09T19:00:07.524+0000] {logging_mixin.py:188} INFO - [2024-04-09T19:00:07.524+0000] {dag.py:3954} INFO - Setting next_dagrun for example_task_group to 2024-04-08 00:00:00+00:00, run_after=2024-04-09 00:00:00+00:00
[2024-04-09T19:00:07.566+0000] {processor.py:183} INFO - Processing /home/airflow/.local/lib/python3.12/site-packages/airflow/example_dags/example_task_group.py took 0.198 seconds
[2024-04-09T19:00:38.402+0000] {processor.py:161} INFO - Started process (PID=4467) to work on /home/airflow/.local/lib/python3.12/site-packages/airflow/example_dags/example_task_group.py
[2024-04-09T19:00:38.406+0000] {processor.py:830} INFO - Processing file /home/airflow/.local/lib/python3.12/site-packages/airflow/example_dags/example_task_group.py for tasks to queue
[2024-04-09T19:00:38.409+0000] {logging_mixin.py:188} INFO - [2024-04-09T19:00:38.409+0000] {dagbag.py:540} INFO - Filling up the DagBag from /home/airflow/.local/lib/python3.12/site-packages/airflow/example_dags/example_task_group.py
[2024-04-09T19:00:38.418+0000] {processor.py:840} INFO - DAG(s) 'example_task_group' retrieved from /home/airflow/.local/lib/python3.12/site-packages/airflow/example_dags/example_task_group.py
[2024-04-09T19:00:38.452+0000] {logging_mixin.py:188} INFO - [2024-04-09T19:00:38.452+0000] {dag.py:3096} INFO - Sync 1 DAGs
[2024-04-09T19:00:38.479+0000] {logging_mixin.py:188} INFO - [2024-04-09T19:00:38.479+0000] {dag.py:3954} INFO - Setting next_dagrun for example_task_group to 2024-04-08 00:00:00+00:00, run_after=2024-04-09 00:00:00+00:00
[2024-04-09T19:00:38.501+0000] {processor.py:183} INFO - Processing /home/airflow/.local/lib/python3.12/site-packages/airflow/example_dags/example_task_group.py took 0.112 seconds
[2024-04-09T19:01:08.699+0000] {processor.py:161} INFO - Started process (PID=4739) to work on /home/airflow/.local/lib/python3.12/site-packages/airflow/example_dags/example_task_group.py
[2024-04-09T19:01:08.700+0000] {processor.py:830} INFO - Processing file /home/airflow/.local/lib/python3.12/site-packages/airflow/example_dags/example_task_group.py for tasks to queue
[2024-04-09T19:01:08.703+0000] {logging_mixin.py:188} INFO - [2024-04-09T19:01:08.702+0000] {dagbag.py:540} INFO - Filling up the DagBag from /home/airflow/.local/lib/python3.12/site-packages/airflow/example_dags/example_task_group.py
[2024-04-09T19:01:08.711+0000] {processor.py:840} INFO - DAG(s) 'example_task_group' retrieved from /home/airflow/.local/lib/python3.12/site-packages/airflow/example_dags/example_task_group.py
[2024-04-09T19:01:08.735+0000] {logging_mixin.py:188} INFO - [2024-04-09T19:01:08.735+0000] {dag.py:3096} INFO - Sync 1 DAGs
[2024-04-09T19:01:08.765+0000] {logging_mixin.py:188} INFO - [2024-04-09T19:01:08.764+0000] {dag.py:3954} INFO - Setting next_dagrun for example_task_group to 2024-04-08 00:00:00+00:00, run_after=2024-04-09 00:00:00+00:00
[2024-04-09T19:01:08.791+0000] {processor.py:183} INFO - Processing /home/airflow/.local/lib/python3.12/site-packages/airflow/example_dags/example_task_group.py took 0.099 seconds
[2024-04-09T19:01:39.060+0000] {processor.py:161} INFO - Started process (PID=5011) to work on /home/airflow/.local/lib/python3.12/site-packages/airflow/example_dags/example_task_group.py
[2024-04-09T19:01:39.061+0000] {processor.py:830} INFO - Processing file /home/airflow/.local/lib/python3.12/site-packages/airflow/example_dags/example_task_group.py for tasks to queue
[2024-04-09T19:01:39.063+0000] {logging_mixin.py:188} INFO - [2024-04-09T19:01:39.063+0000] {dagbag.py:540} INFO - Filling up the DagBag from /home/airflow/.local/lib/python3.12/site-packages/airflow/example_dags/example_task_group.py
[2024-04-09T19:01:39.072+0000] {processor.py:840} INFO - DAG(s) 'example_task_group' retrieved from /home/airflow/.local/lib/python3.12/site-packages/airflow/example_dags/example_task_group.py
[2024-04-09T19:01:39.096+0000] {logging_mixin.py:188} INFO - [2024-04-09T19:01:39.095+0000] {dag.py:3096} INFO - Sync 1 DAGs
[2024-04-09T19:01:39.123+0000] {logging_mixin.py:188} INFO - [2024-04-09T19:01:39.123+0000] {dag.py:3954} INFO - Setting next_dagrun for example_task_group to 2024-04-08 00:00:00+00:00, run_after=2024-04-09 00:00:00+00:00
[2024-04-09T19:01:39.146+0000] {processor.py:183} INFO - Processing /home/airflow/.local/lib/python3.12/site-packages/airflow/example_dags/example_task_group.py took 0.093 seconds
[2024-04-09T19:02:09.393+0000] {processor.py:161} INFO - Started process (PID=5283) to work on /home/airflow/.local/lib/python3.12/site-packages/airflow/example_dags/example_task_group.py
[2024-04-09T19:02:09.394+0000] {processor.py:830} INFO - Processing file /home/airflow/.local/lib/python3.12/site-packages/airflow/example_dags/example_task_group.py for tasks to queue
[2024-04-09T19:02:09.396+0000] {logging_mixin.py:188} INFO - [2024-04-09T19:02:09.395+0000] {dagbag.py:540} INFO - Filling up the DagBag from /home/airflow/.local/lib/python3.12/site-packages/airflow/example_dags/example_task_group.py
[2024-04-09T19:02:09.404+0000] {processor.py:840} INFO - DAG(s) 'example_task_group' retrieved from /home/airflow/.local/lib/python3.12/site-packages/airflow/example_dags/example_task_group.py
[2024-04-09T19:02:09.428+0000] {logging_mixin.py:188} INFO - [2024-04-09T19:02:09.427+0000] {dag.py:3096} INFO - Sync 1 DAGs
[2024-04-09T19:02:09.454+0000] {logging_mixin.py:188} INFO - [2024-04-09T19:02:09.454+0000] {dag.py:3954} INFO - Setting next_dagrun for example_task_group to 2024-04-08 00:00:00+00:00, run_after=2024-04-09 00:00:00+00:00
[2024-04-09T19:02:09.479+0000] {processor.py:183} INFO - Processing /home/airflow/.local/lib/python3.12/site-packages/airflow/example_dags/example_task_group.py took 0.093 seconds
[2024-04-09T19:02:39.552+0000] {processor.py:161} INFO - Started process (PID=5553) to work on /home/airflow/.local/lib/python3.12/site-packages/airflow/example_dags/example_task_group.py
[2024-04-09T19:02:39.553+0000] {processor.py:830} INFO - Processing file /home/airflow/.local/lib/python3.12/site-packages/airflow/example_dags/example_task_group.py for tasks to queue
[2024-04-09T19:02:39.555+0000] {logging_mixin.py:188} INFO - [2024-04-09T19:02:39.555+0000] {dagbag.py:540} INFO - Filling up the DagBag from /home/airflow/.local/lib/python3.12/site-packages/airflow/example_dags/example_task_group.py
[2024-04-09T19:02:39.565+0000] {processor.py:840} INFO - DAG(s) 'example_task_group' retrieved from /home/airflow/.local/lib/python3.12/site-packages/airflow/example_dags/example_task_group.py
[2024-04-09T19:02:39.597+0000] {logging_mixin.py:188} INFO - [2024-04-09T19:02:39.596+0000] {dag.py:3096} INFO - Sync 1 DAGs
[2024-04-09T19:02:39.623+0000] {logging_mixin.py:188} INFO - [2024-04-09T19:02:39.623+0000] {dag.py:3954} INFO - Setting next_dagrun for example_task_group to 2024-04-08 00:00:00+00:00, run_after=2024-04-09 00:00:00+00:00
[2024-04-09T19:02:39.650+0000] {processor.py:183} INFO - Processing /home/airflow/.local/lib/python3.12/site-packages/airflow/example_dags/example_task_group.py took 0.108 seconds
[2024-04-09T19:03:09.886+0000] {processor.py:161} INFO - Started process (PID=5825) to work on /home/airflow/.local/lib/python3.12/site-packages/airflow/example_dags/example_task_group.py
[2024-04-09T19:03:09.888+0000] {processor.py:830} INFO - Processing file /home/airflow/.local/lib/python3.12/site-packages/airflow/example_dags/example_task_group.py for tasks to queue
[2024-04-09T19:03:09.891+0000] {logging_mixin.py:188} INFO - [2024-04-09T19:03:09.891+0000] {dagbag.py:540} INFO - Filling up the DagBag from /home/airflow/.local/lib/python3.12/site-packages/airflow/example_dags/example_task_group.py
[2024-04-09T19:03:09.899+0000] {processor.py:840} INFO - DAG(s) 'example_task_group' retrieved from /home/airflow/.local/lib/python3.12/site-packages/airflow/example_dags/example_task_group.py
[2024-04-09T19:03:09.927+0000] {logging_mixin.py:188} INFO - [2024-04-09T19:03:09.927+0000] {dag.py:3096} INFO - Sync 1 DAGs
[2024-04-09T19:03:09.954+0000] {logging_mixin.py:188} INFO - [2024-04-09T19:03:09.953+0000] {dag.py:3954} INFO - Setting next_dagrun for example_task_group to 2024-04-08 00:00:00+00:00, run_after=2024-04-09 00:00:00+00:00
[2024-04-09T19:03:09.978+0000] {processor.py:183} INFO - Processing /home/airflow/.local/lib/python3.12/site-packages/airflow/example_dags/example_task_group.py took 0.099 seconds
[2024-04-09T19:03:40.044+0000] {processor.py:161} INFO - Started process (PID=6100) to work on /home/airflow/.local/lib/python3.12/site-packages/airflow/example_dags/example_task_group.py
[2024-04-09T19:03:40.046+0000] {processor.py:830} INFO - Processing file /home/airflow/.local/lib/python3.12/site-packages/airflow/example_dags/example_task_group.py for tasks to queue
[2024-04-09T19:03:40.048+0000] {logging_mixin.py:188} INFO - [2024-04-09T19:03:40.048+0000] {dagbag.py:540} INFO - Filling up the DagBag from /home/airflow/.local/lib/python3.12/site-packages/airflow/example_dags/example_task_group.py
[2024-04-09T19:03:40.058+0000] {processor.py:840} INFO - DAG(s) 'example_task_group' retrieved from /home/airflow/.local/lib/python3.12/site-packages/airflow/example_dags/example_task_group.py
[2024-04-09T19:03:40.083+0000] {logging_mixin.py:188} INFO - [2024-04-09T19:03:40.083+0000] {dag.py:3096} INFO - Sync 1 DAGs
[2024-04-09T19:03:40.113+0000] {logging_mixin.py:188} INFO - [2024-04-09T19:03:40.113+0000] {dag.py:3954} INFO - Setting next_dagrun for example_task_group to 2024-04-08 00:00:00+00:00, run_after=2024-04-09 00:00:00+00:00
[2024-04-09T19:03:40.144+0000] {processor.py:183} INFO - Processing /home/airflow/.local/lib/python3.12/site-packages/airflow/example_dags/example_task_group.py took 0.106 seconds
[2024-04-09T19:04:10.735+0000] {processor.py:161} INFO - Started process (PID=6373) to work on /home/airflow/.local/lib/python3.12/site-packages/airflow/example_dags/example_task_group.py
[2024-04-09T19:04:10.736+0000] {processor.py:830} INFO - Processing file /home/airflow/.local/lib/python3.12/site-packages/airflow/example_dags/example_task_group.py for tasks to queue
[2024-04-09T19:04:10.738+0000] {logging_mixin.py:188} INFO - [2024-04-09T19:04:10.737+0000] {dagbag.py:540} INFO - Filling up the DagBag from /home/airflow/.local/lib/python3.12/site-packages/airflow/example_dags/example_task_group.py
[2024-04-09T19:04:10.746+0000] {processor.py:840} INFO - DAG(s) 'example_task_group' retrieved from /home/airflow/.local/lib/python3.12/site-packages/airflow/example_dags/example_task_group.py
[2024-04-09T19:04:10.770+0000] {logging_mixin.py:188} INFO - [2024-04-09T19:04:10.769+0000] {dag.py:3096} INFO - Sync 1 DAGs
[2024-04-09T19:04:10.800+0000] {logging_mixin.py:188} INFO - [2024-04-09T19:04:10.800+0000] {dag.py:3954} INFO - Setting next_dagrun for example_task_group to 2024-04-08 00:00:00+00:00, run_after=2024-04-09 00:00:00+00:00
[2024-04-09T19:04:10.832+0000] {processor.py:183} INFO - Processing /home/airflow/.local/lib/python3.12/site-packages/airflow/example_dags/example_task_group.py took 0.104 seconds
[2024-04-09T19:04:40.931+0000] {processor.py:161} INFO - Started process (PID=6646) to work on /home/airflow/.local/lib/python3.12/site-packages/airflow/example_dags/example_task_group.py
[2024-04-09T19:04:40.932+0000] {processor.py:830} INFO - Processing file /home/airflow/.local/lib/python3.12/site-packages/airflow/example_dags/example_task_group.py for tasks to queue
[2024-04-09T19:04:40.934+0000] {logging_mixin.py:188} INFO - [2024-04-09T19:04:40.934+0000] {dagbag.py:540} INFO - Filling up the DagBag from /home/airflow/.local/lib/python3.12/site-packages/airflow/example_dags/example_task_group.py
[2024-04-09T19:04:40.943+0000] {processor.py:840} INFO - DAG(s) 'example_task_group' retrieved from /home/airflow/.local/lib/python3.12/site-packages/airflow/example_dags/example_task_group.py
[2024-04-09T19:04:40.967+0000] {logging_mixin.py:188} INFO - [2024-04-09T19:04:40.967+0000] {dag.py:3096} INFO - Sync 1 DAGs
[2024-04-09T19:04:40.996+0000] {logging_mixin.py:188} INFO - [2024-04-09T19:04:40.995+0000] {dag.py:3954} INFO - Setting next_dagrun for example_task_group to 2024-04-08 00:00:00+00:00, run_after=2024-04-09 00:00:00+00:00
[2024-04-09T19:04:41.020+0000] {processor.py:183} INFO - Processing /home/airflow/.local/lib/python3.12/site-packages/airflow/example_dags/example_task_group.py took 0.096 seconds
[2024-04-09T19:05:11.327+0000] {processor.py:161} INFO - Started process (PID=6919) to work on /home/airflow/.local/lib/python3.12/site-packages/airflow/example_dags/example_task_group.py
[2024-04-09T19:05:11.328+0000] {processor.py:830} INFO - Processing file /home/airflow/.local/lib/python3.12/site-packages/airflow/example_dags/example_task_group.py for tasks to queue
[2024-04-09T19:05:11.331+0000] {logging_mixin.py:188} INFO - [2024-04-09T19:05:11.330+0000] {dagbag.py:540} INFO - Filling up the DagBag from /home/airflow/.local/lib/python3.12/site-packages/airflow/example_dags/example_task_group.py
[2024-04-09T19:05:11.339+0000] {processor.py:840} INFO - DAG(s) 'example_task_group' retrieved from /home/airflow/.local/lib/python3.12/site-packages/airflow/example_dags/example_task_group.py
[2024-04-09T19:05:11.363+0000] {logging_mixin.py:188} INFO - [2024-04-09T19:05:11.362+0000] {dag.py:3096} INFO - Sync 1 DAGs
[2024-04-09T19:05:11.391+0000] {logging_mixin.py:188} INFO - [2024-04-09T19:05:11.391+0000] {dag.py:3954} INFO - Setting next_dagrun for example_task_group to 2024-04-08 00:00:00+00:00, run_after=2024-04-09 00:00:00+00:00
[2024-04-09T19:05:11.593+0000] {processor.py:183} INFO - Processing /home/airflow/.local/lib/python3.12/site-packages/airflow/example_dags/example_task_group.py took 0.273 seconds
[2024-04-09T19:05:41.892+0000] {processor.py:161} INFO - Started process (PID=7191) to work on /home/airflow/.local/lib/python3.12/site-packages/airflow/example_dags/example_task_group.py
[2024-04-09T19:05:41.894+0000] {processor.py:830} INFO - Processing file /home/airflow/.local/lib/python3.12/site-packages/airflow/example_dags/example_task_group.py for tasks to queue
[2024-04-09T19:05:41.897+0000] {logging_mixin.py:188} INFO - [2024-04-09T19:05:41.896+0000] {dagbag.py:540} INFO - Filling up the DagBag from /home/airflow/.local/lib/python3.12/site-packages/airflow/example_dags/example_task_group.py
[2024-04-09T19:05:41.905+0000] {processor.py:840} INFO - DAG(s) 'example_task_group' retrieved from /home/airflow/.local/lib/python3.12/site-packages/airflow/example_dags/example_task_group.py
[2024-04-09T19:05:41.930+0000] {logging_mixin.py:188} INFO - [2024-04-09T19:05:41.930+0000] {dag.py:3096} INFO - Sync 1 DAGs
[2024-04-09T19:05:41.961+0000] {logging_mixin.py:188} INFO - [2024-04-09T19:05:41.961+0000] {dag.py:3954} INFO - Setting next_dagrun for example_task_group to 2024-04-08 00:00:00+00:00, run_after=2024-04-09 00:00:00+00:00
[2024-04-09T19:05:42.031+0000] {processor.py:183} INFO - Processing /home/airflow/.local/lib/python3.12/site-packages/airflow/example_dags/example_task_group.py took 0.146 seconds
[2024-04-09T19:06:12.677+0000] {processor.py:161} INFO - Started process (PID=7463) to work on /home/airflow/.local/lib/python3.12/site-packages/airflow/example_dags/example_task_group.py
[2024-04-09T19:06:12.679+0000] {processor.py:830} INFO - Processing file /home/airflow/.local/lib/python3.12/site-packages/airflow/example_dags/example_task_group.py for tasks to queue
[2024-04-09T19:06:12.681+0000] {logging_mixin.py:188} INFO - [2024-04-09T19:06:12.681+0000] {dagbag.py:540} INFO - Filling up the DagBag from /home/airflow/.local/lib/python3.12/site-packages/airflow/example_dags/example_task_group.py
[2024-04-09T19:06:12.691+0000] {processor.py:840} INFO - DAG(s) 'example_task_group' retrieved from /home/airflow/.local/lib/python3.12/site-packages/airflow/example_dags/example_task_group.py
[2024-04-09T19:06:12.716+0000] {logging_mixin.py:188} INFO - [2024-04-09T19:06:12.716+0000] {dag.py:3096} INFO - Sync 1 DAGs
[2024-04-09T19:06:12.748+0000] {logging_mixin.py:188} INFO - [2024-04-09T19:06:12.748+0000] {dag.py:3954} INFO - Setting next_dagrun for example_task_group to 2024-04-08 00:00:00+00:00, run_after=2024-04-09 00:00:00+00:00
[2024-04-09T19:06:12.773+0000] {processor.py:183} INFO - Processing /home/airflow/.local/lib/python3.12/site-packages/airflow/example_dags/example_task_group.py took 0.102 seconds
[2024-04-09T19:06:42.828+0000] {processor.py:161} INFO - Started process (PID=7736) to work on /home/airflow/.local/lib/python3.12/site-packages/airflow/example_dags/example_task_group.py
[2024-04-09T19:06:42.829+0000] {processor.py:830} INFO - Processing file /home/airflow/.local/lib/python3.12/site-packages/airflow/example_dags/example_task_group.py for tasks to queue
[2024-04-09T19:06:42.831+0000] {logging_mixin.py:188} INFO - [2024-04-09T19:06:42.830+0000] {dagbag.py:540} INFO - Filling up the DagBag from /home/airflow/.local/lib/python3.12/site-packages/airflow/example_dags/example_task_group.py
[2024-04-09T19:06:42.839+0000] {processor.py:840} INFO - DAG(s) 'example_task_group' retrieved from /home/airflow/.local/lib/python3.12/site-packages/airflow/example_dags/example_task_group.py
[2024-04-09T19:06:42.863+0000] {logging_mixin.py:188} INFO - [2024-04-09T19:06:42.863+0000] {dag.py:3096} INFO - Sync 1 DAGs
[2024-04-09T19:06:42.889+0000] {logging_mixin.py:188} INFO - [2024-04-09T19:06:42.889+0000] {dag.py:3954} INFO - Setting next_dagrun for example_task_group to 2024-04-08 00:00:00+00:00, run_after=2024-04-09 00:00:00+00:00
[2024-04-09T19:06:42.914+0000] {processor.py:183} INFO - Processing /home/airflow/.local/lib/python3.12/site-packages/airflow/example_dags/example_task_group.py took 0.093 seconds
[2024-04-09T19:07:13.426+0000] {processor.py:161} INFO - Started process (PID=8007) to work on /home/airflow/.local/lib/python3.12/site-packages/airflow/example_dags/example_task_group.py
[2024-04-09T19:07:13.427+0000] {processor.py:830} INFO - Processing file /home/airflow/.local/lib/python3.12/site-packages/airflow/example_dags/example_task_group.py for tasks to queue
[2024-04-09T19:07:13.429+0000] {logging_mixin.py:188} INFO - [2024-04-09T19:07:13.429+0000] {dagbag.py:540} INFO - Filling up the DagBag from /home/airflow/.local/lib/python3.12/site-packages/airflow/example_dags/example_task_group.py
[2024-04-09T19:07:13.593+0000] {processor.py:840} INFO - DAG(s) 'example_task_group' retrieved from /home/airflow/.local/lib/python3.12/site-packages/airflow/example_dags/example_task_group.py
[2024-04-09T19:07:13.615+0000] {logging_mixin.py:188} INFO - [2024-04-09T19:07:13.615+0000] {dag.py:3096} INFO - Sync 1 DAGs
[2024-04-09T19:07:13.640+0000] {logging_mixin.py:188} INFO - [2024-04-09T19:07:13.640+0000] {dag.py:3954} INFO - Setting next_dagrun for example_task_group to 2024-04-08 00:00:00+00:00, run_after=2024-04-09 00:00:00+00:00
[2024-04-09T19:07:13.667+0000] {processor.py:183} INFO - Processing /home/airflow/.local/lib/python3.12/site-packages/airflow/example_dags/example_task_group.py took 0.251 seconds
[2024-04-09T19:07:44.306+0000] {processor.py:161} INFO - Started process (PID=8279) to work on /home/airflow/.local/lib/python3.12/site-packages/airflow/example_dags/example_task_group.py
[2024-04-09T19:07:44.307+0000] {processor.py:830} INFO - Processing file /home/airflow/.local/lib/python3.12/site-packages/airflow/example_dags/example_task_group.py for tasks to queue
[2024-04-09T19:07:44.309+0000] {logging_mixin.py:188} INFO - [2024-04-09T19:07:44.309+0000] {dagbag.py:540} INFO - Filling up the DagBag from /home/airflow/.local/lib/python3.12/site-packages/airflow/example_dags/example_task_group.py
[2024-04-09T19:07:44.318+0000] {processor.py:840} INFO - DAG(s) 'example_task_group' retrieved from /home/airflow/.local/lib/python3.12/site-packages/airflow/example_dags/example_task_group.py
[2024-04-09T19:07:44.343+0000] {logging_mixin.py:188} INFO - [2024-04-09T19:07:44.342+0000] {dag.py:3096} INFO - Sync 1 DAGs
[2024-04-09T19:07:44.369+0000] {logging_mixin.py:188} INFO - [2024-04-09T19:07:44.369+0000] {dag.py:3954} INFO - Setting next_dagrun for example_task_group to 2024-04-08 00:00:00+00:00, run_after=2024-04-09 00:00:00+00:00
[2024-04-09T19:07:44.393+0000] {processor.py:183} INFO - Processing /home/airflow/.local/lib/python3.12/site-packages/airflow/example_dags/example_task_group.py took 0.094 seconds
[2024-04-09T19:08:15.202+0000] {processor.py:161} INFO - Started process (PID=8551) to work on /home/airflow/.local/lib/python3.12/site-packages/airflow/example_dags/example_task_group.py
[2024-04-09T19:08:15.203+0000] {processor.py:830} INFO - Processing file /home/airflow/.local/lib/python3.12/site-packages/airflow/example_dags/example_task_group.py for tasks to queue
[2024-04-09T19:08:15.205+0000] {logging_mixin.py:188} INFO - [2024-04-09T19:08:15.204+0000] {dagbag.py:540} INFO - Filling up the DagBag from /home/airflow/.local/lib/python3.12/site-packages/airflow/example_dags/example_task_group.py
[2024-04-09T19:08:15.213+0000] {processor.py:840} INFO - DAG(s) 'example_task_group' retrieved from /home/airflow/.local/lib/python3.12/site-packages/airflow/example_dags/example_task_group.py
[2024-04-09T19:08:15.238+0000] {logging_mixin.py:188} INFO - [2024-04-09T19:08:15.238+0000] {dag.py:3096} INFO - Sync 1 DAGs
[2024-04-09T19:08:15.265+0000] {logging_mixin.py:188} INFO - [2024-04-09T19:08:15.265+0000] {dag.py:3954} INFO - Setting next_dagrun for example_task_group to 2024-04-08 00:00:00+00:00, run_after=2024-04-09 00:00:00+00:00
[2024-04-09T19:08:15.289+0000] {processor.py:183} INFO - Processing /home/airflow/.local/lib/python3.12/site-packages/airflow/example_dags/example_task_group.py took 0.095 seconds
[2024-04-09T19:08:45.422+0000] {processor.py:161} INFO - Started process (PID=8823) to work on /home/airflow/.local/lib/python3.12/site-packages/airflow/example_dags/example_task_group.py
[2024-04-09T19:08:45.423+0000] {processor.py:830} INFO - Processing file /home/airflow/.local/lib/python3.12/site-packages/airflow/example_dags/example_task_group.py for tasks to queue
[2024-04-09T19:08:45.425+0000] {logging_mixin.py:188} INFO - [2024-04-09T19:08:45.424+0000] {dagbag.py:540} INFO - Filling up the DagBag from /home/airflow/.local/lib/python3.12/site-packages/airflow/example_dags/example_task_group.py
[2024-04-09T19:08:45.434+0000] {processor.py:840} INFO - DAG(s) 'example_task_group' retrieved from /home/airflow/.local/lib/python3.12/site-packages/airflow/example_dags/example_task_group.py
[2024-04-09T19:08:45.460+0000] {logging_mixin.py:188} INFO - [2024-04-09T19:08:45.460+0000] {dag.py:3096} INFO - Sync 1 DAGs
[2024-04-09T19:08:45.499+0000] {logging_mixin.py:188} INFO - [2024-04-09T19:08:45.499+0000] {dag.py:3954} INFO - Setting next_dagrun for example_task_group to 2024-04-08 00:00:00+00:00, run_after=2024-04-09 00:00:00+00:00
[2024-04-09T19:08:45.535+0000] {processor.py:183} INFO - Processing /home/airflow/.local/lib/python3.12/site-packages/airflow/example_dags/example_task_group.py took 0.120 seconds
[2024-04-09T19:09:16.214+0000] {processor.py:161} INFO - Started process (PID=9096) to work on /home/airflow/.local/lib/python3.12/site-packages/airflow/example_dags/example_task_group.py
[2024-04-09T19:09:16.217+0000] {processor.py:830} INFO - Processing file /home/airflow/.local/lib/python3.12/site-packages/airflow/example_dags/example_task_group.py for tasks to queue
[2024-04-09T19:09:16.221+0000] {logging_mixin.py:188} INFO - [2024-04-09T19:09:16.221+0000] {dagbag.py:540} INFO - Filling up the DagBag from /home/airflow/.local/lib/python3.12/site-packages/airflow/example_dags/example_task_group.py
[2024-04-09T19:09:16.230+0000] {processor.py:840} INFO - DAG(s) 'example_task_group' retrieved from /home/airflow/.local/lib/python3.12/site-packages/airflow/example_dags/example_task_group.py
[2024-04-09T19:09:16.300+0000] {logging_mixin.py:188} INFO - [2024-04-09T19:09:16.300+0000] {dag.py:3096} INFO - Sync 1 DAGs
[2024-04-09T19:09:16.342+0000] {logging_mixin.py:188} INFO - [2024-04-09T19:09:16.342+0000] {dag.py:3954} INFO - Setting next_dagrun for example_task_group to 2024-04-08 00:00:00+00:00, run_after=2024-04-09 00:00:00+00:00
[2024-04-09T19:09:16.364+0000] {processor.py:183} INFO - Processing /home/airflow/.local/lib/python3.12/site-packages/airflow/example_dags/example_task_group.py took 0.162 seconds
[2024-04-09T19:09:46.917+0000] {processor.py:161} INFO - Started process (PID=9368) to work on /home/airflow/.local/lib/python3.12/site-packages/airflow/example_dags/example_task_group.py
[2024-04-09T19:09:46.918+0000] {processor.py:830} INFO - Processing file /home/airflow/.local/lib/python3.12/site-packages/airflow/example_dags/example_task_group.py for tasks to queue
[2024-04-09T19:09:46.920+0000] {logging_mixin.py:188} INFO - [2024-04-09T19:09:46.920+0000] {dagbag.py:540} INFO - Filling up the DagBag from /home/airflow/.local/lib/python3.12/site-packages/airflow/example_dags/example_task_group.py
[2024-04-09T19:09:46.929+0000] {processor.py:840} INFO - DAG(s) 'example_task_group' retrieved from /home/airflow/.local/lib/python3.12/site-packages/airflow/example_dags/example_task_group.py
[2024-04-09T19:09:46.954+0000] {logging_mixin.py:188} INFO - [2024-04-09T19:09:46.954+0000] {dag.py:3096} INFO - Sync 1 DAGs
[2024-04-09T19:09:46.983+0000] {logging_mixin.py:188} INFO - [2024-04-09T19:09:46.982+0000] {dag.py:3954} INFO - Setting next_dagrun for example_task_group to 2024-04-08 00:00:00+00:00, run_after=2024-04-09 00:00:00+00:00
[2024-04-09T19:09:47.006+0000] {processor.py:183} INFO - Processing /home/airflow/.local/lib/python3.12/site-packages/airflow/example_dags/example_task_group.py took 0.096 seconds
[2024-04-09T19:10:17.207+0000] {processor.py:161} INFO - Started process (PID=9641) to work on /home/airflow/.local/lib/python3.12/site-packages/airflow/example_dags/example_task_group.py
[2024-04-09T19:10:17.208+0000] {processor.py:830} INFO - Processing file /home/airflow/.local/lib/python3.12/site-packages/airflow/example_dags/example_task_group.py for tasks to queue
[2024-04-09T19:10:17.210+0000] {logging_mixin.py:188} INFO - [2024-04-09T19:10:17.210+0000] {dagbag.py:540} INFO - Filling up the DagBag from /home/airflow/.local/lib/python3.12/site-packages/airflow/example_dags/example_task_group.py
[2024-04-09T19:10:17.219+0000] {processor.py:840} INFO - DAG(s) 'example_task_group' retrieved from /home/airflow/.local/lib/python3.12/site-packages/airflow/example_dags/example_task_group.py
[2024-04-09T19:10:17.246+0000] {logging_mixin.py:188} INFO - [2024-04-09T19:10:17.246+0000] {dag.py:3096} INFO - Sync 1 DAGs
[2024-04-09T19:10:17.273+0000] {logging_mixin.py:188} INFO - [2024-04-09T19:10:17.272+0000] {dag.py:3954} INFO - Setting next_dagrun for example_task_group to 2024-04-08 00:00:00+00:00, run_after=2024-04-09 00:00:00+00:00
[2024-04-09T19:10:17.297+0000] {processor.py:183} INFO - Processing /home/airflow/.local/lib/python3.12/site-packages/airflow/example_dags/example_task_group.py took 0.097 seconds
[2024-04-09T19:10:47.944+0000] {processor.py:161} INFO - Started process (PID=9907) to work on /home/airflow/.local/lib/python3.12/site-packages/airflow/example_dags/example_task_group.py
[2024-04-09T19:10:47.945+0000] {processor.py:830} INFO - Processing file /home/airflow/.local/lib/python3.12/site-packages/airflow/example_dags/example_task_group.py for tasks to queue
[2024-04-09T19:10:47.948+0000] {logging_mixin.py:188} INFO - [2024-04-09T19:10:47.948+0000] {dagbag.py:540} INFO - Filling up the DagBag from /home/airflow/.local/lib/python3.12/site-packages/airflow/example_dags/example_task_group.py
[2024-04-09T19:10:47.969+0000] {processor.py:840} INFO - DAG(s) 'example_task_group' retrieved from /home/airflow/.local/lib/python3.12/site-packages/airflow/example_dags/example_task_group.py
[2024-04-09T19:10:48.035+0000] {logging_mixin.py:188} INFO - [2024-04-09T19:10:48.034+0000] {dag.py:3096} INFO - Sync 1 DAGs
[2024-04-09T19:10:48.088+0000] {logging_mixin.py:188} INFO - [2024-04-09T19:10:48.087+0000] {dag.py:3954} INFO - Setting next_dagrun for example_task_group to 2024-04-08 00:00:00+00:00, run_after=2024-04-09 00:00:00+00:00
[2024-04-09T19:10:48.122+0000] {processor.py:183} INFO - Processing /home/airflow/.local/lib/python3.12/site-packages/airflow/example_dags/example_task_group.py took 0.194 seconds
[2024-04-09T19:11:18.778+0000] {processor.py:161} INFO - Started process (PID=10180) to work on /home/airflow/.local/lib/python3.12/site-packages/airflow/example_dags/example_task_group.py
[2024-04-09T19:11:18.779+0000] {processor.py:830} INFO - Processing file /home/airflow/.local/lib/python3.12/site-packages/airflow/example_dags/example_task_group.py for tasks to queue
[2024-04-09T19:11:18.782+0000] {logging_mixin.py:188} INFO - [2024-04-09T19:11:18.781+0000] {dagbag.py:540} INFO - Filling up the DagBag from /home/airflow/.local/lib/python3.12/site-packages/airflow/example_dags/example_task_group.py
[2024-04-09T19:11:18.791+0000] {processor.py:840} INFO - DAG(s) 'example_task_group' retrieved from /home/airflow/.local/lib/python3.12/site-packages/airflow/example_dags/example_task_group.py
[2024-04-09T19:11:18.817+0000] {logging_mixin.py:188} INFO - [2024-04-09T19:11:18.816+0000] {dag.py:3096} INFO - Sync 1 DAGs
[2024-04-09T19:11:18.855+0000] {logging_mixin.py:188} INFO - [2024-04-09T19:11:18.854+0000] {dag.py:3954} INFO - Setting next_dagrun for example_task_group to 2024-04-08 00:00:00+00:00, run_after=2024-04-09 00:00:00+00:00
[2024-04-09T19:11:18.883+0000] {processor.py:183} INFO - Processing /home/airflow/.local/lib/python3.12/site-packages/airflow/example_dags/example_task_group.py took 0.112 seconds
[2024-04-09T19:11:49.267+0000] {processor.py:161} INFO - Started process (PID=10453) to work on /home/airflow/.local/lib/python3.12/site-packages/airflow/example_dags/example_task_group.py
[2024-04-09T19:11:49.268+0000] {processor.py:830} INFO - Processing file /home/airflow/.local/lib/python3.12/site-packages/airflow/example_dags/example_task_group.py for tasks to queue
[2024-04-09T19:11:49.271+0000] {logging_mixin.py:188} INFO - [2024-04-09T19:11:49.270+0000] {dagbag.py:540} INFO - Filling up the DagBag from /home/airflow/.local/lib/python3.12/site-packages/airflow/example_dags/example_task_group.py
[2024-04-09T19:11:49.280+0000] {processor.py:840} INFO - DAG(s) 'example_task_group' retrieved from /home/airflow/.local/lib/python3.12/site-packages/airflow/example_dags/example_task_group.py
[2024-04-09T19:11:49.311+0000] {logging_mixin.py:188} INFO - [2024-04-09T19:11:49.311+0000] {dag.py:3096} INFO - Sync 1 DAGs
[2024-04-09T19:11:49.338+0000] {logging_mixin.py:188} INFO - [2024-04-09T19:11:49.338+0000] {dag.py:3954} INFO - Setting next_dagrun for example_task_group to 2024-04-08 00:00:00+00:00, run_after=2024-04-09 00:00:00+00:00
[2024-04-09T19:11:49.404+0000] {processor.py:183} INFO - Processing /home/airflow/.local/lib/python3.12/site-packages/airflow/example_dags/example_task_group.py took 0.144 seconds
[2024-04-09T19:12:20.169+0000] {processor.py:161} INFO - Started process (PID=10725) to work on /home/airflow/.local/lib/python3.12/site-packages/airflow/example_dags/example_task_group.py
[2024-04-09T19:12:20.170+0000] {processor.py:830} INFO - Processing file /home/airflow/.local/lib/python3.12/site-packages/airflow/example_dags/example_task_group.py for tasks to queue
[2024-04-09T19:12:20.173+0000] {logging_mixin.py:188} INFO - [2024-04-09T19:12:20.172+0000] {dagbag.py:540} INFO - Filling up the DagBag from /home/airflow/.local/lib/python3.12/site-packages/airflow/example_dags/example_task_group.py
[2024-04-09T19:12:20.181+0000] {processor.py:840} INFO - DAG(s) 'example_task_group' retrieved from /home/airflow/.local/lib/python3.12/site-packages/airflow/example_dags/example_task_group.py
[2024-04-09T19:12:20.207+0000] {logging_mixin.py:188} INFO - [2024-04-09T19:12:20.206+0000] {dag.py:3096} INFO - Sync 1 DAGs
[2024-04-09T19:12:20.234+0000] {logging_mixin.py:188} INFO - [2024-04-09T19:12:20.234+0000] {dag.py:3954} INFO - Setting next_dagrun for example_task_group to 2024-04-08 00:00:00+00:00, run_after=2024-04-09 00:00:00+00:00
[2024-04-09T19:12:20.257+0000] {processor.py:183} INFO - Processing /home/airflow/.local/lib/python3.12/site-packages/airflow/example_dags/example_task_group.py took 0.095 seconds
[2024-04-09T19:12:50.902+0000] {processor.py:161} INFO - Started process (PID=10998) to work on /home/airflow/.local/lib/python3.12/site-packages/airflow/example_dags/example_task_group.py
[2024-04-09T19:12:50.903+0000] {processor.py:830} INFO - Processing file /home/airflow/.local/lib/python3.12/site-packages/airflow/example_dags/example_task_group.py for tasks to queue
[2024-04-09T19:12:50.905+0000] {logging_mixin.py:188} INFO - [2024-04-09T19:12:50.905+0000] {dagbag.py:540} INFO - Filling up the DagBag from /home/airflow/.local/lib/python3.12/site-packages/airflow/example_dags/example_task_group.py
[2024-04-09T19:12:50.914+0000] {processor.py:840} INFO - DAG(s) 'example_task_group' retrieved from /home/airflow/.local/lib/python3.12/site-packages/airflow/example_dags/example_task_group.py
[2024-04-09T19:12:50.939+0000] {logging_mixin.py:188} INFO - [2024-04-09T19:12:50.939+0000] {dag.py:3096} INFO - Sync 1 DAGs
[2024-04-09T19:12:50.966+0000] {logging_mixin.py:188} INFO - [2024-04-09T19:12:50.966+0000] {dag.py:3954} INFO - Setting next_dagrun for example_task_group to 2024-04-08 00:00:00+00:00, run_after=2024-04-09 00:00:00+00:00
[2024-04-09T19:12:51.004+0000] {processor.py:183} INFO - Processing /home/airflow/.local/lib/python3.12/site-packages/airflow/example_dags/example_task_group.py took 0.109 seconds
[2024-04-09T19:13:21.668+0000] {processor.py:161} INFO - Started process (PID=11270) to work on /home/airflow/.local/lib/python3.12/site-packages/airflow/example_dags/example_task_group.py
[2024-04-09T19:13:21.669+0000] {processor.py:830} INFO - Processing file /home/airflow/.local/lib/python3.12/site-packages/airflow/example_dags/example_task_group.py for tasks to queue
[2024-04-09T19:13:21.671+0000] {logging_mixin.py:188} INFO - [2024-04-09T19:13:21.671+0000] {dagbag.py:540} INFO - Filling up the DagBag from /home/airflow/.local/lib/python3.12/site-packages/airflow/example_dags/example_task_group.py
[2024-04-09T19:13:21.680+0000] {processor.py:840} INFO - DAG(s) 'example_task_group' retrieved from /home/airflow/.local/lib/python3.12/site-packages/airflow/example_dags/example_task_group.py
[2024-04-09T19:13:21.704+0000] {logging_mixin.py:188} INFO - [2024-04-09T19:13:21.704+0000] {dag.py:3096} INFO - Sync 1 DAGs
[2024-04-09T19:13:21.739+0000] {logging_mixin.py:188} INFO - [2024-04-09T19:13:21.739+0000] {dag.py:3954} INFO - Setting next_dagrun for example_task_group to 2024-04-08 00:00:00+00:00, run_after=2024-04-09 00:00:00+00:00
[2024-04-09T19:13:21.766+0000] {processor.py:183} INFO - Processing /home/airflow/.local/lib/python3.12/site-packages/airflow/example_dags/example_task_group.py took 0.104 seconds
[2024-04-09T19:13:52.218+0000] {processor.py:161} INFO - Started process (PID=11543) to work on /home/airflow/.local/lib/python3.12/site-packages/airflow/example_dags/example_task_group.py
[2024-04-09T19:13:52.219+0000] {processor.py:830} INFO - Processing file /home/airflow/.local/lib/python3.12/site-packages/airflow/example_dags/example_task_group.py for tasks to queue
[2024-04-09T19:13:52.221+0000] {logging_mixin.py:188} INFO - [2024-04-09T19:13:52.220+0000] {dagbag.py:540} INFO - Filling up the DagBag from /home/airflow/.local/lib/python3.12/site-packages/airflow/example_dags/example_task_group.py
[2024-04-09T19:13:52.229+0000] {processor.py:840} INFO - DAG(s) 'example_task_group' retrieved from /home/airflow/.local/lib/python3.12/site-packages/airflow/example_dags/example_task_group.py
[2024-04-09T19:13:52.253+0000] {logging_mixin.py:188} INFO - [2024-04-09T19:13:52.253+0000] {dag.py:3096} INFO - Sync 1 DAGs
[2024-04-09T19:13:52.282+0000] {logging_mixin.py:188} INFO - [2024-04-09T19:13:52.282+0000] {dag.py:3954} INFO - Setting next_dagrun for example_task_group to 2024-04-08 00:00:00+00:00, run_after=2024-04-09 00:00:00+00:00
[2024-04-09T19:13:52.308+0000] {processor.py:183} INFO - Processing /home/airflow/.local/lib/python3.12/site-packages/airflow/example_dags/example_task_group.py took 0.098 seconds
[2024-04-09T19:14:23.085+0000] {processor.py:161} INFO - Started process (PID=11813) to work on /home/airflow/.local/lib/python3.12/site-packages/airflow/example_dags/example_task_group.py
[2024-04-09T19:14:23.086+0000] {processor.py:830} INFO - Processing file /home/airflow/.local/lib/python3.12/site-packages/airflow/example_dags/example_task_group.py for tasks to queue
[2024-04-09T19:14:23.088+0000] {logging_mixin.py:188} INFO - [2024-04-09T19:14:23.087+0000] {dagbag.py:540} INFO - Filling up the DagBag from /home/airflow/.local/lib/python3.12/site-packages/airflow/example_dags/example_task_group.py
[2024-04-09T19:14:23.097+0000] {processor.py:840} INFO - DAG(s) 'example_task_group' retrieved from /home/airflow/.local/lib/python3.12/site-packages/airflow/example_dags/example_task_group.py
[2024-04-09T19:14:23.121+0000] {logging_mixin.py:188} INFO - [2024-04-09T19:14:23.121+0000] {dag.py:3096} INFO - Sync 1 DAGs
[2024-04-09T19:14:23.148+0000] {logging_mixin.py:188} INFO - [2024-04-09T19:14:23.147+0000] {dag.py:3954} INFO - Setting next_dagrun for example_task_group to 2024-04-08 00:00:00+00:00, run_after=2024-04-09 00:00:00+00:00
[2024-04-09T19:14:23.181+0000] {processor.py:183} INFO - Processing /home/airflow/.local/lib/python3.12/site-packages/airflow/example_dags/example_task_group.py took 0.109 seconds
[2024-04-09T19:14:53.392+0000] {processor.py:161} INFO - Started process (PID=12089) to work on /home/airflow/.local/lib/python3.12/site-packages/airflow/example_dags/example_task_group.py
[2024-04-09T19:14:53.393+0000] {processor.py:830} INFO - Processing file /home/airflow/.local/lib/python3.12/site-packages/airflow/example_dags/example_task_group.py for tasks to queue
[2024-04-09T19:14:53.395+0000] {logging_mixin.py:188} INFO - [2024-04-09T19:14:53.395+0000] {dagbag.py:540} INFO - Filling up the DagBag from /home/airflow/.local/lib/python3.12/site-packages/airflow/example_dags/example_task_group.py
[2024-04-09T19:14:53.404+0000] {processor.py:840} INFO - DAG(s) 'example_task_group' retrieved from /home/airflow/.local/lib/python3.12/site-packages/airflow/example_dags/example_task_group.py
[2024-04-09T19:14:53.431+0000] {logging_mixin.py:188} INFO - [2024-04-09T19:14:53.431+0000] {dag.py:3096} INFO - Sync 1 DAGs
[2024-04-09T19:14:53.460+0000] {logging_mixin.py:188} INFO - [2024-04-09T19:14:53.459+0000] {dag.py:3954} INFO - Setting next_dagrun for example_task_group to 2024-04-08 00:00:00+00:00, run_after=2024-04-09 00:00:00+00:00
[2024-04-09T19:14:53.482+0000] {processor.py:183} INFO - Processing /home/airflow/.local/lib/python3.12/site-packages/airflow/example_dags/example_task_group.py took 0.097 seconds
[2024-04-09T19:15:23.619+0000] {processor.py:161} INFO - Started process (PID=12362) to work on /home/airflow/.local/lib/python3.12/site-packages/airflow/example_dags/example_task_group.py
[2024-04-09T19:15:23.620+0000] {processor.py:830} INFO - Processing file /home/airflow/.local/lib/python3.12/site-packages/airflow/example_dags/example_task_group.py for tasks to queue
[2024-04-09T19:15:23.621+0000] {logging_mixin.py:188} INFO - [2024-04-09T19:15:23.621+0000] {dagbag.py:540} INFO - Filling up the DagBag from /home/airflow/.local/lib/python3.12/site-packages/airflow/example_dags/example_task_group.py
[2024-04-09T19:15:23.634+0000] {processor.py:840} INFO - DAG(s) 'example_task_group' retrieved from /home/airflow/.local/lib/python3.12/site-packages/airflow/example_dags/example_task_group.py
[2024-04-09T19:15:23.660+0000] {logging_mixin.py:188} INFO - [2024-04-09T19:15:23.660+0000] {dag.py:3096} INFO - Sync 1 DAGs
[2024-04-09T19:15:23.688+0000] {logging_mixin.py:188} INFO - [2024-04-09T19:15:23.688+0000] {dag.py:3954} INFO - Setting next_dagrun for example_task_group to 2024-04-08 00:00:00+00:00, run_after=2024-04-09 00:00:00+00:00
[2024-04-09T19:15:23.715+0000] {processor.py:183} INFO - Processing /home/airflow/.local/lib/python3.12/site-packages/airflow/example_dags/example_task_group.py took 0.102 seconds
[2024-04-09T19:15:54.302+0000] {processor.py:161} INFO - Started process (PID=12634) to work on /home/airflow/.local/lib/python3.12/site-packages/airflow/example_dags/example_task_group.py
[2024-04-09T19:15:54.304+0000] {processor.py:830} INFO - Processing file /home/airflow/.local/lib/python3.12/site-packages/airflow/example_dags/example_task_group.py for tasks to queue
[2024-04-09T19:15:54.306+0000] {logging_mixin.py:188} INFO - [2024-04-09T19:15:54.306+0000] {dagbag.py:540} INFO - Filling up the DagBag from /home/airflow/.local/lib/python3.12/site-packages/airflow/example_dags/example_task_group.py
[2024-04-09T19:15:54.314+0000] {processor.py:840} INFO - DAG(s) 'example_task_group' retrieved from /home/airflow/.local/lib/python3.12/site-packages/airflow/example_dags/example_task_group.py
[2024-04-09T19:15:54.338+0000] {logging_mixin.py:188} INFO - [2024-04-09T19:15:54.337+0000] {dag.py:3096} INFO - Sync 1 DAGs
[2024-04-09T19:15:54.368+0000] {logging_mixin.py:188} INFO - [2024-04-09T19:15:54.368+0000] {dag.py:3954} INFO - Setting next_dagrun for example_task_group to 2024-04-08 00:00:00+00:00, run_after=2024-04-09 00:00:00+00:00
[2024-04-09T19:15:54.402+0000] {processor.py:183} INFO - Processing /home/airflow/.local/lib/python3.12/site-packages/airflow/example_dags/example_task_group.py took 0.107 seconds
[2024-04-09T19:16:24.539+0000] {processor.py:161} INFO - Started process (PID=12907) to work on /home/airflow/.local/lib/python3.12/site-packages/airflow/example_dags/example_task_group.py
[2024-04-09T19:16:24.539+0000] {processor.py:830} INFO - Processing file /home/airflow/.local/lib/python3.12/site-packages/airflow/example_dags/example_task_group.py for tasks to queue
[2024-04-09T19:16:24.541+0000] {logging_mixin.py:188} INFO - [2024-04-09T19:16:24.541+0000] {dagbag.py:540} INFO - Filling up the DagBag from /home/airflow/.local/lib/python3.12/site-packages/airflow/example_dags/example_task_group.py
[2024-04-09T19:16:24.550+0000] {processor.py:840} INFO - DAG(s) 'example_task_group' retrieved from /home/airflow/.local/lib/python3.12/site-packages/airflow/example_dags/example_task_group.py
[2024-04-09T19:16:24.574+0000] {logging_mixin.py:188} INFO - [2024-04-09T19:16:24.573+0000] {dag.py:3096} INFO - Sync 1 DAGs
[2024-04-09T19:16:24.603+0000] {logging_mixin.py:188} INFO - [2024-04-09T19:16:24.603+0000] {dag.py:3954} INFO - Setting next_dagrun for example_task_group to 2024-04-08 00:00:00+00:00, run_after=2024-04-09 00:00:00+00:00
[2024-04-09T19:16:24.651+0000] {processor.py:183} INFO - Processing /home/airflow/.local/lib/python3.12/site-packages/airflow/example_dags/example_task_group.py took 0.119 seconds
[2024-04-09T19:16:55.583+0000] {processor.py:161} INFO - Started process (PID=13179) to work on /home/airflow/.local/lib/python3.12/site-packages/airflow/example_dags/example_task_group.py
[2024-04-09T19:16:55.585+0000] {processor.py:830} INFO - Processing file /home/airflow/.local/lib/python3.12/site-packages/airflow/example_dags/example_task_group.py for tasks to queue
[2024-04-09T19:16:55.587+0000] {logging_mixin.py:188} INFO - [2024-04-09T19:16:55.587+0000] {dagbag.py:540} INFO - Filling up the DagBag from /home/airflow/.local/lib/python3.12/site-packages/airflow/example_dags/example_task_group.py
[2024-04-09T19:16:55.597+0000] {processor.py:840} INFO - DAG(s) 'example_task_group' retrieved from /home/airflow/.local/lib/python3.12/site-packages/airflow/example_dags/example_task_group.py
[2024-04-09T19:16:55.622+0000] {logging_mixin.py:188} INFO - [2024-04-09T19:16:55.621+0000] {dag.py:3096} INFO - Sync 1 DAGs
[2024-04-09T19:16:55.651+0000] {logging_mixin.py:188} INFO - [2024-04-09T19:16:55.651+0000] {dag.py:3954} INFO - Setting next_dagrun for example_task_group to 2024-04-08 00:00:00+00:00, run_after=2024-04-09 00:00:00+00:00
[2024-04-09T19:16:55.673+0000] {processor.py:183} INFO - Processing /home/airflow/.local/lib/python3.12/site-packages/airflow/example_dags/example_task_group.py took 0.097 seconds
[2024-04-09T19:17:26.107+0000] {processor.py:161} INFO - Started process (PID=13450) to work on /home/airflow/.local/lib/python3.12/site-packages/airflow/example_dags/example_task_group.py
[2024-04-09T19:17:26.111+0000] {processor.py:830} INFO - Processing file /home/airflow/.local/lib/python3.12/site-packages/airflow/example_dags/example_task_group.py for tasks to queue
[2024-04-09T19:17:26.122+0000] {logging_mixin.py:188} INFO - [2024-04-09T19:17:26.122+0000] {dagbag.py:540} INFO - Filling up the DagBag from /home/airflow/.local/lib/python3.12/site-packages/airflow/example_dags/example_task_group.py
[2024-04-09T19:17:26.132+0000] {processor.py:840} INFO - DAG(s) 'example_task_group' retrieved from /home/airflow/.local/lib/python3.12/site-packages/airflow/example_dags/example_task_group.py
[2024-04-09T19:17:26.168+0000] {logging_mixin.py:188} INFO - [2024-04-09T19:17:26.168+0000] {dag.py:3096} INFO - Sync 1 DAGs
[2024-04-09T19:17:26.195+0000] {logging_mixin.py:188} INFO - [2024-04-09T19:17:26.195+0000] {dag.py:3954} INFO - Setting next_dagrun for example_task_group to 2024-04-08 00:00:00+00:00, run_after=2024-04-09 00:00:00+00:00
[2024-04-09T19:17:26.220+0000] {processor.py:183} INFO - Processing /home/airflow/.local/lib/python3.12/site-packages/airflow/example_dags/example_task_group.py took 0.121 seconds
[2024-04-09T19:17:56.554+0000] {processor.py:161} INFO - Started process (PID=13723) to work on /home/airflow/.local/lib/python3.12/site-packages/airflow/example_dags/example_task_group.py
[2024-04-09T19:17:56.556+0000] {processor.py:830} INFO - Processing file /home/airflow/.local/lib/python3.12/site-packages/airflow/example_dags/example_task_group.py for tasks to queue
[2024-04-09T19:17:56.558+0000] {logging_mixin.py:188} INFO - [2024-04-09T19:17:56.558+0000] {dagbag.py:540} INFO - Filling up the DagBag from /home/airflow/.local/lib/python3.12/site-packages/airflow/example_dags/example_task_group.py
[2024-04-09T19:17:56.568+0000] {processor.py:840} INFO - DAG(s) 'example_task_group' retrieved from /home/airflow/.local/lib/python3.12/site-packages/airflow/example_dags/example_task_group.py
[2024-04-09T19:17:56.618+0000] {logging_mixin.py:188} INFO - [2024-04-09T19:17:56.618+0000] {dag.py:3096} INFO - Sync 1 DAGs
[2024-04-09T19:17:56.659+0000] {logging_mixin.py:188} INFO - [2024-04-09T19:17:56.659+0000] {dag.py:3954} INFO - Setting next_dagrun for example_task_group to 2024-04-08 00:00:00+00:00, run_after=2024-04-09 00:00:00+00:00
[2024-04-09T19:17:56.730+0000] {processor.py:183} INFO - Processing /home/airflow/.local/lib/python3.12/site-packages/airflow/example_dags/example_task_group.py took 0.182 seconds
[2024-04-09T19:18:26.829+0000] {processor.py:161} INFO - Started process (PID=13997) to work on /home/airflow/.local/lib/python3.12/site-packages/airflow/example_dags/example_task_group.py
[2024-04-09T19:18:26.830+0000] {processor.py:830} INFO - Processing file /home/airflow/.local/lib/python3.12/site-packages/airflow/example_dags/example_task_group.py for tasks to queue
[2024-04-09T19:18:26.832+0000] {logging_mixin.py:188} INFO - [2024-04-09T19:18:26.831+0000] {dagbag.py:540} INFO - Filling up the DagBag from /home/airflow/.local/lib/python3.12/site-packages/airflow/example_dags/example_task_group.py
[2024-04-09T19:18:26.837+0000] {processor.py:840} INFO - DAG(s) 'example_task_group' retrieved from /home/airflow/.local/lib/python3.12/site-packages/airflow/example_dags/example_task_group.py
[2024-04-09T19:18:26.856+0000] {logging_mixin.py:188} INFO - [2024-04-09T19:18:26.855+0000] {dag.py:3096} INFO - Sync 1 DAGs
[2024-04-09T19:18:26.874+0000] {logging_mixin.py:188} INFO - [2024-04-09T19:18:26.874+0000] {dag.py:3954} INFO - Setting next_dagrun for example_task_group to 2024-04-08 00:00:00+00:00, run_after=2024-04-09 00:00:00+00:00
[2024-04-09T19:18:26.898+0000] {processor.py:183} INFO - Processing /home/airflow/.local/lib/python3.12/site-packages/airflow/example_dags/example_task_group.py took 0.075 seconds
[2024-04-09T19:18:57.613+0000] {processor.py:161} INFO - Started process (PID=14267) to work on /home/airflow/.local/lib/python3.12/site-packages/airflow/example_dags/example_task_group.py
[2024-04-09T19:18:57.615+0000] {processor.py:830} INFO - Processing file /home/airflow/.local/lib/python3.12/site-packages/airflow/example_dags/example_task_group.py for tasks to queue
[2024-04-09T19:18:57.617+0000] {logging_mixin.py:188} INFO - [2024-04-09T19:18:57.617+0000] {dagbag.py:540} INFO - Filling up the DagBag from /home/airflow/.local/lib/python3.12/site-packages/airflow/example_dags/example_task_group.py
[2024-04-09T19:18:57.626+0000] {processor.py:840} INFO - DAG(s) 'example_task_group' retrieved from /home/airflow/.local/lib/python3.12/site-packages/airflow/example_dags/example_task_group.py
[2024-04-09T19:18:57.650+0000] {logging_mixin.py:188} INFO - [2024-04-09T19:18:57.650+0000] {dag.py:3096} INFO - Sync 1 DAGs
[2024-04-09T19:18:57.683+0000] {logging_mixin.py:188} INFO - [2024-04-09T19:18:57.683+0000] {dag.py:3954} INFO - Setting next_dagrun for example_task_group to 2024-04-08 00:00:00+00:00, run_after=2024-04-09 00:00:00+00:00
[2024-04-09T19:18:57.706+0000] {processor.py:183} INFO - Processing /home/airflow/.local/lib/python3.12/site-packages/airflow/example_dags/example_task_group.py took 0.099 seconds
[2024-04-09T19:19:27.841+0000] {processor.py:161} INFO - Started process (PID=14538) to work on /home/airflow/.local/lib/python3.12/site-packages/airflow/example_dags/example_task_group.py
[2024-04-09T19:19:27.842+0000] {processor.py:830} INFO - Processing file /home/airflow/.local/lib/python3.12/site-packages/airflow/example_dags/example_task_group.py for tasks to queue
[2024-04-09T19:19:27.844+0000] {logging_mixin.py:188} INFO - [2024-04-09T19:19:27.844+0000] {dagbag.py:540} INFO - Filling up the DagBag from /home/airflow/.local/lib/python3.12/site-packages/airflow/example_dags/example_task_group.py
[2024-04-09T19:19:27.853+0000] {processor.py:840} INFO - DAG(s) 'example_task_group' retrieved from /home/airflow/.local/lib/python3.12/site-packages/airflow/example_dags/example_task_group.py
[2024-04-09T19:19:27.878+0000] {logging_mixin.py:188} INFO - [2024-04-09T19:19:27.878+0000] {dag.py:3096} INFO - Sync 1 DAGs
[2024-04-09T19:19:27.909+0000] {logging_mixin.py:188} INFO - [2024-04-09T19:19:27.909+0000] {dag.py:3954} INFO - Setting next_dagrun for example_task_group to 2024-04-08 00:00:00+00:00, run_after=2024-04-09 00:00:00+00:00
[2024-04-09T19:19:27.932+0000] {processor.py:183} INFO - Processing /home/airflow/.local/lib/python3.12/site-packages/airflow/example_dags/example_task_group.py took 0.098 seconds
[2024-04-09T19:19:58.514+0000] {processor.py:161} INFO - Started process (PID=14811) to work on /home/airflow/.local/lib/python3.12/site-packages/airflow/example_dags/example_task_group.py
[2024-04-09T19:19:58.515+0000] {processor.py:830} INFO - Processing file /home/airflow/.local/lib/python3.12/site-packages/airflow/example_dags/example_task_group.py for tasks to queue
[2024-04-09T19:19:58.517+0000] {logging_mixin.py:188} INFO - [2024-04-09T19:19:58.516+0000] {dagbag.py:540} INFO - Filling up the DagBag from /home/airflow/.local/lib/python3.12/site-packages/airflow/example_dags/example_task_group.py
[2024-04-09T19:19:58.526+0000] {processor.py:840} INFO - DAG(s) 'example_task_group' retrieved from /home/airflow/.local/lib/python3.12/site-packages/airflow/example_dags/example_task_group.py
[2024-04-09T19:19:58.552+0000] {logging_mixin.py:188} INFO - [2024-04-09T19:19:58.551+0000] {dag.py:3096} INFO - Sync 1 DAGs
[2024-04-09T19:19:58.579+0000] {logging_mixin.py:188} INFO - [2024-04-09T19:19:58.579+0000] {dag.py:3954} INFO - Setting next_dagrun for example_task_group to 2024-04-08 00:00:00+00:00, run_after=2024-04-09 00:00:00+00:00
[2024-04-09T19:19:58.605+0000] {processor.py:183} INFO - Processing /home/airflow/.local/lib/python3.12/site-packages/airflow/example_dags/example_task_group.py took 0.098 seconds
[2024-04-09T19:20:28.965+0000] {processor.py:161} INFO - Started process (PID=15084) to work on /home/airflow/.local/lib/python3.12/site-packages/airflow/example_dags/example_task_group.py
[2024-04-09T19:20:28.966+0000] {processor.py:830} INFO - Processing file /home/airflow/.local/lib/python3.12/site-packages/airflow/example_dags/example_task_group.py for tasks to queue
[2024-04-09T19:20:28.968+0000] {logging_mixin.py:188} INFO - [2024-04-09T19:20:28.967+0000] {dagbag.py:540} INFO - Filling up the DagBag from /home/airflow/.local/lib/python3.12/site-packages/airflow/example_dags/example_task_group.py
[2024-04-09T19:20:28.976+0000] {processor.py:840} INFO - DAG(s) 'example_task_group' retrieved from /home/airflow/.local/lib/python3.12/site-packages/airflow/example_dags/example_task_group.py
[2024-04-09T19:20:29.002+0000] {logging_mixin.py:188} INFO - [2024-04-09T19:20:29.002+0000] {dag.py:3096} INFO - Sync 1 DAGs
[2024-04-09T19:20:29.029+0000] {logging_mixin.py:188} INFO - [2024-04-09T19:20:29.029+0000] {dag.py:3954} INFO - Setting next_dagrun for example_task_group to 2024-04-08 00:00:00+00:00, run_after=2024-04-09 00:00:00+00:00
[2024-04-09T19:20:29.060+0000] {processor.py:183} INFO - Processing /home/airflow/.local/lib/python3.12/site-packages/airflow/example_dags/example_task_group.py took 0.101 seconds
[2024-04-09T19:20:59.792+0000] {processor.py:161} INFO - Started process (PID=15356) to work on /home/airflow/.local/lib/python3.12/site-packages/airflow/example_dags/example_task_group.py
[2024-04-09T19:20:59.793+0000] {processor.py:830} INFO - Processing file /home/airflow/.local/lib/python3.12/site-packages/airflow/example_dags/example_task_group.py for tasks to queue
[2024-04-09T19:20:59.796+0000] {logging_mixin.py:188} INFO - [2024-04-09T19:20:59.796+0000] {dagbag.py:540} INFO - Filling up the DagBag from /home/airflow/.local/lib/python3.12/site-packages/airflow/example_dags/example_task_group.py
[2024-04-09T19:20:59.805+0000] {processor.py:840} INFO - DAG(s) 'example_task_group' retrieved from /home/airflow/.local/lib/python3.12/site-packages/airflow/example_dags/example_task_group.py
[2024-04-09T19:20:59.829+0000] {logging_mixin.py:188} INFO - [2024-04-09T19:20:59.829+0000] {dag.py:3096} INFO - Sync 1 DAGs
[2024-04-09T19:20:59.855+0000] {logging_mixin.py:188} INFO - [2024-04-09T19:20:59.855+0000] {dag.py:3954} INFO - Setting next_dagrun for example_task_group to 2024-04-08 00:00:00+00:00, run_after=2024-04-09 00:00:00+00:00
[2024-04-09T19:20:59.879+0000] {processor.py:183} INFO - Processing /home/airflow/.local/lib/python3.12/site-packages/airflow/example_dags/example_task_group.py took 0.094 seconds
[2024-04-09T19:21:30.337+0000] {processor.py:161} INFO - Started process (PID=15629) to work on /home/airflow/.local/lib/python3.12/site-packages/airflow/example_dags/example_task_group.py
[2024-04-09T19:21:30.339+0000] {processor.py:830} INFO - Processing file /home/airflow/.local/lib/python3.12/site-packages/airflow/example_dags/example_task_group.py for tasks to queue
[2024-04-09T19:21:30.341+0000] {logging_mixin.py:188} INFO - [2024-04-09T19:21:30.341+0000] {dagbag.py:540} INFO - Filling up the DagBag from /home/airflow/.local/lib/python3.12/site-packages/airflow/example_dags/example_task_group.py
[2024-04-09T19:21:30.349+0000] {processor.py:840} INFO - DAG(s) 'example_task_group' retrieved from /home/airflow/.local/lib/python3.12/site-packages/airflow/example_dags/example_task_group.py
[2024-04-09T19:21:30.374+0000] {logging_mixin.py:188} INFO - [2024-04-09T19:21:30.374+0000] {dag.py:3096} INFO - Sync 1 DAGs
[2024-04-09T19:21:30.430+0000] {logging_mixin.py:188} INFO - [2024-04-09T19:21:30.429+0000] {dag.py:3954} INFO - Setting next_dagrun for example_task_group to 2024-04-08 00:00:00+00:00, run_after=2024-04-09 00:00:00+00:00
[2024-04-09T19:21:30.463+0000] {processor.py:183} INFO - Processing /home/airflow/.local/lib/python3.12/site-packages/airflow/example_dags/example_task_group.py took 0.133 seconds
[2024-04-09T19:22:00.795+0000] {processor.py:161} INFO - Started process (PID=15901) to work on /home/airflow/.local/lib/python3.12/site-packages/airflow/example_dags/example_task_group.py
[2024-04-09T19:22:00.796+0000] {processor.py:830} INFO - Processing file /home/airflow/.local/lib/python3.12/site-packages/airflow/example_dags/example_task_group.py for tasks to queue
[2024-04-09T19:22:00.798+0000] {logging_mixin.py:188} INFO - [2024-04-09T19:22:00.798+0000] {dagbag.py:540} INFO - Filling up the DagBag from /home/airflow/.local/lib/python3.12/site-packages/airflow/example_dags/example_task_group.py
[2024-04-09T19:22:00.807+0000] {processor.py:840} INFO - DAG(s) 'example_task_group' retrieved from /home/airflow/.local/lib/python3.12/site-packages/airflow/example_dags/example_task_group.py
[2024-04-09T19:22:00.831+0000] {logging_mixin.py:188} INFO - [2024-04-09T19:22:00.831+0000] {dag.py:3096} INFO - Sync 1 DAGs
[2024-04-09T19:22:00.859+0000] {logging_mixin.py:188} INFO - [2024-04-09T19:22:00.859+0000] {dag.py:3954} INFO - Setting next_dagrun for example_task_group to 2024-04-08 00:00:00+00:00, run_after=2024-04-09 00:00:00+00:00
[2024-04-09T19:22:00.885+0000] {processor.py:183} INFO - Processing /home/airflow/.local/lib/python3.12/site-packages/airflow/example_dags/example_task_group.py took 0.097 seconds
[2024-04-09T19:22:31.393+0000] {processor.py:161} INFO - Started process (PID=16173) to work on /home/airflow/.local/lib/python3.12/site-packages/airflow/example_dags/example_task_group.py
[2024-04-09T19:22:31.394+0000] {processor.py:830} INFO - Processing file /home/airflow/.local/lib/python3.12/site-packages/airflow/example_dags/example_task_group.py for tasks to queue
[2024-04-09T19:22:31.397+0000] {logging_mixin.py:188} INFO - [2024-04-09T19:22:31.396+0000] {dagbag.py:540} INFO - Filling up the DagBag from /home/airflow/.local/lib/python3.12/site-packages/airflow/example_dags/example_task_group.py
[2024-04-09T19:22:31.406+0000] {processor.py:840} INFO - DAG(s) 'example_task_group' retrieved from /home/airflow/.local/lib/python3.12/site-packages/airflow/example_dags/example_task_group.py
[2024-04-09T19:22:31.431+0000] {logging_mixin.py:188} INFO - [2024-04-09T19:22:31.431+0000] {dag.py:3096} INFO - Sync 1 DAGs
[2024-04-09T19:22:31.464+0000] {logging_mixin.py:188} INFO - [2024-04-09T19:22:31.464+0000] {dag.py:3954} INFO - Setting next_dagrun for example_task_group to 2024-04-08 00:00:00+00:00, run_after=2024-04-09 00:00:00+00:00
[2024-04-09T19:22:31.487+0000] {processor.py:183} INFO - Processing /home/airflow/.local/lib/python3.12/site-packages/airflow/example_dags/example_task_group.py took 0.101 seconds
[2024-04-09T19:23:02.113+0000] {processor.py:161} INFO - Started process (PID=16445) to work on /home/airflow/.local/lib/python3.12/site-packages/airflow/example_dags/example_task_group.py
[2024-04-09T19:23:02.114+0000] {processor.py:830} INFO - Processing file /home/airflow/.local/lib/python3.12/site-packages/airflow/example_dags/example_task_group.py for tasks to queue
[2024-04-09T19:23:02.117+0000] {logging_mixin.py:188} INFO - [2024-04-09T19:23:02.116+0000] {dagbag.py:540} INFO - Filling up the DagBag from /home/airflow/.local/lib/python3.12/site-packages/airflow/example_dags/example_task_group.py
[2024-04-09T19:23:02.126+0000] {processor.py:840} INFO - DAG(s) 'example_task_group' retrieved from /home/airflow/.local/lib/python3.12/site-packages/airflow/example_dags/example_task_group.py
[2024-04-09T19:23:02.151+0000] {logging_mixin.py:188} INFO - [2024-04-09T19:23:02.150+0000] {dag.py:3096} INFO - Sync 1 DAGs
[2024-04-09T19:23:02.178+0000] {logging_mixin.py:188} INFO - [2024-04-09T19:23:02.177+0000] {dag.py:3954} INFO - Setting next_dagrun for example_task_group to 2024-04-08 00:00:00+00:00, run_after=2024-04-09 00:00:00+00:00
[2024-04-09T19:23:02.214+0000] {processor.py:183} INFO - Processing /home/airflow/.local/lib/python3.12/site-packages/airflow/example_dags/example_task_group.py took 0.109 seconds
[2024-04-09T19:23:32.390+0000] {processor.py:161} INFO - Started process (PID=16717) to work on /home/airflow/.local/lib/python3.12/site-packages/airflow/example_dags/example_task_group.py
[2024-04-09T19:23:32.392+0000] {processor.py:830} INFO - Processing file /home/airflow/.local/lib/python3.12/site-packages/airflow/example_dags/example_task_group.py for tasks to queue
[2024-04-09T19:23:32.394+0000] {logging_mixin.py:188} INFO - [2024-04-09T19:23:32.393+0000] {dagbag.py:540} INFO - Filling up the DagBag from /home/airflow/.local/lib/python3.12/site-packages/airflow/example_dags/example_task_group.py
[2024-04-09T19:23:32.403+0000] {processor.py:840} INFO - DAG(s) 'example_task_group' retrieved from /home/airflow/.local/lib/python3.12/site-packages/airflow/example_dags/example_task_group.py
[2024-04-09T19:23:32.427+0000] {logging_mixin.py:188} INFO - [2024-04-09T19:23:32.427+0000] {dag.py:3096} INFO - Sync 1 DAGs
[2024-04-09T19:23:32.459+0000] {logging_mixin.py:188} INFO - [2024-04-09T19:23:32.459+0000] {dag.py:3954} INFO - Setting next_dagrun for example_task_group to 2024-04-08 00:00:00+00:00, run_after=2024-04-09 00:00:00+00:00
[2024-04-09T19:23:32.481+0000] {processor.py:183} INFO - Processing /home/airflow/.local/lib/python3.12/site-packages/airflow/example_dags/example_task_group.py took 0.097 seconds
