[2024-04-09T18:50:59.964+0000] {processor.py:161} INFO - Started process (PID=353) to work on /home/airflow/.local/lib/python3.12/site-packages/airflow/example_dags/example_sla_dag.py
[2024-04-09T18:50:59.969+0000] {processor.py:830} INFO - Processing file /home/airflow/.local/lib/python3.12/site-packages/airflow/example_dags/example_sla_dag.py for tasks to queue
[2024-04-09T18:50:59.973+0000] {logging_mixin.py:188} INFO - [2024-04-09T18:50:59.972+0000] {dagbag.py:540} INFO - Filling up the DagBag from /home/airflow/.local/lib/python3.12/site-packages/airflow/example_dags/example_sla_dag.py
[2024-04-09T18:50:59.995+0000] {processor.py:840} INFO - DAG(s) 'example_sla_dag' retrieved from /home/airflow/.local/lib/python3.12/site-packages/airflow/example_dags/example_sla_dag.py
[2024-04-09T18:51:00.305+0000] {logging_mixin.py:188} INFO - [2024-04-09T18:51:00.304+0000] {override.py:1829} INFO - Created Permission View: can edit on DAG:example_sla_dag
[2024-04-09T18:51:00.331+0000] {logging_mixin.py:188} INFO - [2024-04-09T18:51:00.330+0000] {override.py:1829} INFO - Created Permission View: can delete on DAG:example_sla_dag
[2024-04-09T18:51:00.343+0000] {logging_mixin.py:188} INFO - [2024-04-09T18:51:00.342+0000] {override.py:1829} INFO - Created Permission View: can read on DAG:example_sla_dag
[2024-04-09T18:51:00.343+0000] {logging_mixin.py:188} INFO - [2024-04-09T18:51:00.343+0000] {dag.py:3096} INFO - Sync 1 DAGs
[2024-04-09T18:51:00.363+0000] {logging_mixin.py:188} INFO - [2024-04-09T18:51:00.363+0000] {dag.py:3118} INFO - Creating ORM DAG for example_sla_dag
[2024-04-09T18:51:00.410+0000] {logging_mixin.py:188} INFO - [2024-04-09T18:51:00.410+0000] {dag.py:3954} INFO - Setting next_dagrun for example_sla_dag to 2024-04-09 18:48:00+00:00, run_after=2024-04-09 18:50:00+00:00
[2024-04-09T18:51:00.442+0000] {processor.py:183} INFO - Processing /home/airflow/.local/lib/python3.12/site-packages/airflow/example_dags/example_sla_dag.py took 0.485 seconds
[2024-04-09T18:51:30.582+0000] {processor.py:161} INFO - Started process (PID=618) to work on /home/airflow/.local/lib/python3.12/site-packages/airflow/example_dags/example_sla_dag.py
[2024-04-09T18:51:30.584+0000] {processor.py:830} INFO - Processing file /home/airflow/.local/lib/python3.12/site-packages/airflow/example_dags/example_sla_dag.py for tasks to queue
[2024-04-09T18:51:30.587+0000] {logging_mixin.py:188} INFO - [2024-04-09T18:51:30.587+0000] {dagbag.py:540} INFO - Filling up the DagBag from /home/airflow/.local/lib/python3.12/site-packages/airflow/example_dags/example_sla_dag.py
[2024-04-09T18:51:30.597+0000] {processor.py:840} INFO - DAG(s) 'example_sla_dag' retrieved from /home/airflow/.local/lib/python3.12/site-packages/airflow/example_dags/example_sla_dag.py
[2024-04-09T18:51:30.622+0000] {logging_mixin.py:188} INFO - [2024-04-09T18:51:30.622+0000] {dag.py:3096} INFO - Sync 1 DAGs
[2024-04-09T18:51:30.651+0000] {logging_mixin.py:188} INFO - [2024-04-09T18:51:30.651+0000] {dag.py:3954} INFO - Setting next_dagrun for example_sla_dag to 2024-04-09 18:48:00+00:00, run_after=2024-04-09 18:50:00+00:00
[2024-04-09T18:51:30.688+0000] {processor.py:183} INFO - Processing /home/airflow/.local/lib/python3.12/site-packages/airflow/example_dags/example_sla_dag.py took 0.112 seconds
[2024-04-09T18:52:38.490+0000] {processor.py:161} INFO - Started process (PID=353) to work on /home/airflow/.local/lib/python3.12/site-packages/airflow/example_dags/example_sla_dag.py
[2024-04-09T18:52:38.508+0000] {processor.py:830} INFO - Processing file /home/airflow/.local/lib/python3.12/site-packages/airflow/example_dags/example_sla_dag.py for tasks to queue
[2024-04-09T18:52:38.511+0000] {logging_mixin.py:188} INFO - [2024-04-09T18:52:38.510+0000] {dagbag.py:540} INFO - Filling up the DagBag from /home/airflow/.local/lib/python3.12/site-packages/airflow/example_dags/example_sla_dag.py
[2024-04-09T18:52:38.570+0000] {processor.py:840} INFO - DAG(s) 'example_sla_dag' retrieved from /home/airflow/.local/lib/python3.12/site-packages/airflow/example_dags/example_sla_dag.py
[2024-04-09T18:52:38.864+0000] {logging_mixin.py:188} INFO - [2024-04-09T18:52:38.864+0000] {dag.py:3096} INFO - Sync 1 DAGs
[2024-04-09T18:52:38.892+0000] {logging_mixin.py:188} INFO - [2024-04-09T18:52:38.892+0000] {dag.py:3954} INFO - Setting next_dagrun for example_sla_dag to 2024-04-09 18:50:00+00:00, run_after=2024-04-09 18:52:00+00:00
[2024-04-09T18:52:38.923+0000] {processor.py:183} INFO - Processing /home/airflow/.local/lib/python3.12/site-packages/airflow/example_dags/example_sla_dag.py took 0.485 seconds
[2024-04-09T18:53:09.831+0000] {processor.py:161} INFO - Started process (PID=615) to work on /home/airflow/.local/lib/python3.12/site-packages/airflow/example_dags/example_sla_dag.py
[2024-04-09T18:53:09.832+0000] {processor.py:830} INFO - Processing file /home/airflow/.local/lib/python3.12/site-packages/airflow/example_dags/example_sla_dag.py for tasks to queue
[2024-04-09T18:53:09.834+0000] {logging_mixin.py:188} INFO - [2024-04-09T18:53:09.833+0000] {dagbag.py:540} INFO - Filling up the DagBag from /home/airflow/.local/lib/python3.12/site-packages/airflow/example_dags/example_sla_dag.py
[2024-04-09T18:53:09.844+0000] {processor.py:840} INFO - DAG(s) 'example_sla_dag' retrieved from /home/airflow/.local/lib/python3.12/site-packages/airflow/example_dags/example_sla_dag.py
[2024-04-09T18:53:09.881+0000] {logging_mixin.py:188} INFO - [2024-04-09T18:53:09.881+0000] {dag.py:3096} INFO - Sync 1 DAGs
[2024-04-09T18:53:09.916+0000] {logging_mixin.py:188} INFO - [2024-04-09T18:53:09.916+0000] {dag.py:3954} INFO - Setting next_dagrun for example_sla_dag to 2024-04-09 18:50:00+00:00, run_after=2024-04-09 18:52:00+00:00
[2024-04-09T18:53:09.938+0000] {processor.py:183} INFO - Processing /home/airflow/.local/lib/python3.12/site-packages/airflow/example_dags/example_sla_dag.py took 0.114 seconds
[2024-04-09T18:53:40.224+0000] {processor.py:161} INFO - Started process (PID=877) to work on /home/airflow/.local/lib/python3.12/site-packages/airflow/example_dags/example_sla_dag.py
[2024-04-09T18:53:40.225+0000] {processor.py:830} INFO - Processing file /home/airflow/.local/lib/python3.12/site-packages/airflow/example_dags/example_sla_dag.py for tasks to queue
[2024-04-09T18:53:40.227+0000] {logging_mixin.py:188} INFO - [2024-04-09T18:53:40.227+0000] {dagbag.py:540} INFO - Filling up the DagBag from /home/airflow/.local/lib/python3.12/site-packages/airflow/example_dags/example_sla_dag.py
[2024-04-09T18:53:40.237+0000] {processor.py:840} INFO - DAG(s) 'example_sla_dag' retrieved from /home/airflow/.local/lib/python3.12/site-packages/airflow/example_dags/example_sla_dag.py
[2024-04-09T18:53:40.258+0000] {logging_mixin.py:188} INFO - [2024-04-09T18:53:40.258+0000] {dag.py:3096} INFO - Sync 1 DAGs
[2024-04-09T18:53:40.292+0000] {logging_mixin.py:188} INFO - [2024-04-09T18:53:40.292+0000] {dag.py:3954} INFO - Setting next_dagrun for example_sla_dag to 2024-04-09 18:50:00+00:00, run_after=2024-04-09 18:52:00+00:00
[2024-04-09T18:53:40.316+0000] {processor.py:183} INFO - Processing /home/airflow/.local/lib/python3.12/site-packages/airflow/example_dags/example_sla_dag.py took 0.098 seconds
[2024-04-09T18:54:10.371+0000] {processor.py:161} INFO - Started process (PID=1139) to work on /home/airflow/.local/lib/python3.12/site-packages/airflow/example_dags/example_sla_dag.py
[2024-04-09T18:54:10.372+0000] {processor.py:830} INFO - Processing file /home/airflow/.local/lib/python3.12/site-packages/airflow/example_dags/example_sla_dag.py for tasks to queue
[2024-04-09T18:54:10.374+0000] {logging_mixin.py:188} INFO - [2024-04-09T18:54:10.374+0000] {dagbag.py:540} INFO - Filling up the DagBag from /home/airflow/.local/lib/python3.12/site-packages/airflow/example_dags/example_sla_dag.py
[2024-04-09T18:54:10.412+0000] {processor.py:840} INFO - DAG(s) 'example_sla_dag' retrieved from /home/airflow/.local/lib/python3.12/site-packages/airflow/example_dags/example_sla_dag.py
[2024-04-09T18:54:10.441+0000] {logging_mixin.py:188} INFO - [2024-04-09T18:54:10.440+0000] {dag.py:3096} INFO - Sync 1 DAGs
[2024-04-09T18:54:10.475+0000] {logging_mixin.py:188} INFO - [2024-04-09T18:54:10.474+0000] {dag.py:3954} INFO - Setting next_dagrun for example_sla_dag to 2024-04-09 18:52:00+00:00, run_after=2024-04-09 18:54:00+00:00
[2024-04-09T18:54:10.500+0000] {processor.py:183} INFO - Processing /home/airflow/.local/lib/python3.12/site-packages/airflow/example_dags/example_sla_dag.py took 0.135 seconds
[2024-04-09T18:54:40.724+0000] {processor.py:161} INFO - Started process (PID=1401) to work on /home/airflow/.local/lib/python3.12/site-packages/airflow/example_dags/example_sla_dag.py
[2024-04-09T18:54:40.725+0000] {processor.py:830} INFO - Processing file /home/airflow/.local/lib/python3.12/site-packages/airflow/example_dags/example_sla_dag.py for tasks to queue
[2024-04-09T18:54:40.726+0000] {logging_mixin.py:188} INFO - [2024-04-09T18:54:40.726+0000] {dagbag.py:540} INFO - Filling up the DagBag from /home/airflow/.local/lib/python3.12/site-packages/airflow/example_dags/example_sla_dag.py
[2024-04-09T18:54:40.736+0000] {processor.py:840} INFO - DAG(s) 'example_sla_dag' retrieved from /home/airflow/.local/lib/python3.12/site-packages/airflow/example_dags/example_sla_dag.py
[2024-04-09T18:54:40.756+0000] {logging_mixin.py:188} INFO - [2024-04-09T18:54:40.755+0000] {dag.py:3096} INFO - Sync 1 DAGs
[2024-04-09T18:54:40.786+0000] {logging_mixin.py:188} INFO - [2024-04-09T18:54:40.786+0000] {dag.py:3954} INFO - Setting next_dagrun for example_sla_dag to 2024-04-09 18:52:00+00:00, run_after=2024-04-09 18:54:00+00:00
[2024-04-09T18:54:40.811+0000] {processor.py:183} INFO - Processing /home/airflow/.local/lib/python3.12/site-packages/airflow/example_dags/example_sla_dag.py took 0.098 seconds
[2024-04-09T18:55:11.460+0000] {processor.py:161} INFO - Started process (PID=1663) to work on /home/airflow/.local/lib/python3.12/site-packages/airflow/example_dags/example_sla_dag.py
[2024-04-09T18:55:11.461+0000] {processor.py:830} INFO - Processing file /home/airflow/.local/lib/python3.12/site-packages/airflow/example_dags/example_sla_dag.py for tasks to queue
[2024-04-09T18:55:11.463+0000] {logging_mixin.py:188} INFO - [2024-04-09T18:55:11.463+0000] {dagbag.py:540} INFO - Filling up the DagBag from /home/airflow/.local/lib/python3.12/site-packages/airflow/example_dags/example_sla_dag.py
[2024-04-09T18:55:11.473+0000] {processor.py:840} INFO - DAG(s) 'example_sla_dag' retrieved from /home/airflow/.local/lib/python3.12/site-packages/airflow/example_dags/example_sla_dag.py
[2024-04-09T18:55:11.494+0000] {logging_mixin.py:188} INFO - [2024-04-09T18:55:11.493+0000] {dag.py:3096} INFO - Sync 1 DAGs
[2024-04-09T18:55:11.524+0000] {logging_mixin.py:188} INFO - [2024-04-09T18:55:11.524+0000] {dag.py:3954} INFO - Setting next_dagrun for example_sla_dag to 2024-04-09 18:52:00+00:00, run_after=2024-04-09 18:54:00+00:00
[2024-04-09T18:55:11.548+0000] {processor.py:183} INFO - Processing /home/airflow/.local/lib/python3.12/site-packages/airflow/example_dags/example_sla_dag.py took 0.094 seconds
[2024-04-09T18:55:41.934+0000] {processor.py:161} INFO - Started process (PID=1926) to work on /home/airflow/.local/lib/python3.12/site-packages/airflow/example_dags/example_sla_dag.py
[2024-04-09T18:55:41.935+0000] {processor.py:830} INFO - Processing file /home/airflow/.local/lib/python3.12/site-packages/airflow/example_dags/example_sla_dag.py for tasks to queue
[2024-04-09T18:55:41.937+0000] {logging_mixin.py:188} INFO - [2024-04-09T18:55:41.936+0000] {dagbag.py:540} INFO - Filling up the DagBag from /home/airflow/.local/lib/python3.12/site-packages/airflow/example_dags/example_sla_dag.py
[2024-04-09T18:55:41.946+0000] {processor.py:840} INFO - DAG(s) 'example_sla_dag' retrieved from /home/airflow/.local/lib/python3.12/site-packages/airflow/example_dags/example_sla_dag.py
[2024-04-09T18:55:41.967+0000] {logging_mixin.py:188} INFO - [2024-04-09T18:55:41.967+0000] {dag.py:3096} INFO - Sync 1 DAGs
[2024-04-09T18:55:41.997+0000] {logging_mixin.py:188} INFO - [2024-04-09T18:55:41.997+0000] {dag.py:3954} INFO - Setting next_dagrun for example_sla_dag to 2024-04-09 18:52:00+00:00, run_after=2024-04-09 18:54:00+00:00
[2024-04-09T18:55:42.019+0000] {processor.py:183} INFO - Processing /home/airflow/.local/lib/python3.12/site-packages/airflow/example_dags/example_sla_dag.py took 0.092 seconds
[2024-04-09T18:56:12.412+0000] {processor.py:161} INFO - Started process (PID=2188) to work on /home/airflow/.local/lib/python3.12/site-packages/airflow/example_dags/example_sla_dag.py
[2024-04-09T18:56:12.413+0000] {processor.py:830} INFO - Processing file /home/airflow/.local/lib/python3.12/site-packages/airflow/example_dags/example_sla_dag.py for tasks to queue
[2024-04-09T18:56:12.415+0000] {logging_mixin.py:188} INFO - [2024-04-09T18:56:12.415+0000] {dagbag.py:540} INFO - Filling up the DagBag from /home/airflow/.local/lib/python3.12/site-packages/airflow/example_dags/example_sla_dag.py
[2024-04-09T18:56:12.425+0000] {processor.py:840} INFO - DAG(s) 'example_sla_dag' retrieved from /home/airflow/.local/lib/python3.12/site-packages/airflow/example_dags/example_sla_dag.py
[2024-04-09T18:56:12.445+0000] {logging_mixin.py:188} INFO - [2024-04-09T18:56:12.445+0000] {dag.py:3096} INFO - Sync 1 DAGs
[2024-04-09T18:56:12.475+0000] {logging_mixin.py:188} INFO - [2024-04-09T18:56:12.475+0000] {dag.py:3954} INFO - Setting next_dagrun for example_sla_dag to 2024-04-09 18:54:00+00:00, run_after=2024-04-09 18:56:00+00:00
[2024-04-09T18:56:12.496+0000] {processor.py:183} INFO - Processing /home/airflow/.local/lib/python3.12/site-packages/airflow/example_dags/example_sla_dag.py took 0.090 seconds
[2024-04-09T18:56:43.114+0000] {processor.py:161} INFO - Started process (PID=2450) to work on /home/airflow/.local/lib/python3.12/site-packages/airflow/example_dags/example_sla_dag.py
[2024-04-09T18:56:43.115+0000] {processor.py:830} INFO - Processing file /home/airflow/.local/lib/python3.12/site-packages/airflow/example_dags/example_sla_dag.py for tasks to queue
[2024-04-09T18:56:43.117+0000] {logging_mixin.py:188} INFO - [2024-04-09T18:56:43.117+0000] {dagbag.py:540} INFO - Filling up the DagBag from /home/airflow/.local/lib/python3.12/site-packages/airflow/example_dags/example_sla_dag.py
[2024-04-09T18:56:43.127+0000] {processor.py:840} INFO - DAG(s) 'example_sla_dag' retrieved from /home/airflow/.local/lib/python3.12/site-packages/airflow/example_dags/example_sla_dag.py
[2024-04-09T18:56:43.152+0000] {logging_mixin.py:188} INFO - [2024-04-09T18:56:43.152+0000] {dag.py:3096} INFO - Sync 1 DAGs
[2024-04-09T18:56:43.181+0000] {logging_mixin.py:188} INFO - [2024-04-09T18:56:43.181+0000] {dag.py:3954} INFO - Setting next_dagrun for example_sla_dag to 2024-04-09 18:54:00+00:00, run_after=2024-04-09 18:56:00+00:00
[2024-04-09T18:56:43.205+0000] {processor.py:183} INFO - Processing /home/airflow/.local/lib/python3.12/site-packages/airflow/example_dags/example_sla_dag.py took 0.099 seconds
[2024-04-09T18:57:13.604+0000] {processor.py:161} INFO - Started process (PID=2712) to work on /home/airflow/.local/lib/python3.12/site-packages/airflow/example_dags/example_sla_dag.py
[2024-04-09T18:57:13.605+0000] {processor.py:830} INFO - Processing file /home/airflow/.local/lib/python3.12/site-packages/airflow/example_dags/example_sla_dag.py for tasks to queue
[2024-04-09T18:57:13.607+0000] {logging_mixin.py:188} INFO - [2024-04-09T18:57:13.606+0000] {dagbag.py:540} INFO - Filling up the DagBag from /home/airflow/.local/lib/python3.12/site-packages/airflow/example_dags/example_sla_dag.py
[2024-04-09T18:57:13.617+0000] {processor.py:840} INFO - DAG(s) 'example_sla_dag' retrieved from /home/airflow/.local/lib/python3.12/site-packages/airflow/example_dags/example_sla_dag.py
[2024-04-09T18:57:13.638+0000] {logging_mixin.py:188} INFO - [2024-04-09T18:57:13.637+0000] {dag.py:3096} INFO - Sync 1 DAGs
[2024-04-09T18:57:13.666+0000] {logging_mixin.py:188} INFO - [2024-04-09T18:57:13.666+0000] {dag.py:3954} INFO - Setting next_dagrun for example_sla_dag to 2024-04-09 18:54:00+00:00, run_after=2024-04-09 18:56:00+00:00
[2024-04-09T18:57:13.689+0000] {processor.py:183} INFO - Processing /home/airflow/.local/lib/python3.12/site-packages/airflow/example_dags/example_sla_dag.py took 0.093 seconds
[2024-04-09T18:57:44.152+0000] {processor.py:161} INFO - Started process (PID=2984) to work on /home/airflow/.local/lib/python3.12/site-packages/airflow/example_dags/example_sla_dag.py
[2024-04-09T18:57:44.153+0000] {processor.py:830} INFO - Processing file /home/airflow/.local/lib/python3.12/site-packages/airflow/example_dags/example_sla_dag.py for tasks to queue
[2024-04-09T18:57:44.155+0000] {logging_mixin.py:188} INFO - [2024-04-09T18:57:44.155+0000] {dagbag.py:540} INFO - Filling up the DagBag from /home/airflow/.local/lib/python3.12/site-packages/airflow/example_dags/example_sla_dag.py
[2024-04-09T18:57:44.165+0000] {processor.py:840} INFO - DAG(s) 'example_sla_dag' retrieved from /home/airflow/.local/lib/python3.12/site-packages/airflow/example_dags/example_sla_dag.py
[2024-04-09T18:57:44.186+0000] {logging_mixin.py:188} INFO - [2024-04-09T18:57:44.185+0000] {dag.py:3096} INFO - Sync 1 DAGs
[2024-04-09T18:57:44.216+0000] {logging_mixin.py:188} INFO - [2024-04-09T18:57:44.216+0000] {dag.py:3954} INFO - Setting next_dagrun for example_sla_dag to 2024-04-09 18:54:00+00:00, run_after=2024-04-09 18:56:00+00:00
[2024-04-09T18:57:44.238+0000] {processor.py:183} INFO - Processing /home/airflow/.local/lib/python3.12/site-packages/airflow/example_dags/example_sla_dag.py took 0.093 seconds
[2024-04-09T18:58:14.625+0000] {processor.py:161} INFO - Started process (PID=3257) to work on /home/airflow/.local/lib/python3.12/site-packages/airflow/example_dags/example_sla_dag.py
[2024-04-09T18:58:14.626+0000] {processor.py:830} INFO - Processing file /home/airflow/.local/lib/python3.12/site-packages/airflow/example_dags/example_sla_dag.py for tasks to queue
[2024-04-09T18:58:14.628+0000] {logging_mixin.py:188} INFO - [2024-04-09T18:58:14.627+0000] {dagbag.py:540} INFO - Filling up the DagBag from /home/airflow/.local/lib/python3.12/site-packages/airflow/example_dags/example_sla_dag.py
[2024-04-09T18:58:14.638+0000] {processor.py:840} INFO - DAG(s) 'example_sla_dag' retrieved from /home/airflow/.local/lib/python3.12/site-packages/airflow/example_dags/example_sla_dag.py
[2024-04-09T18:58:14.659+0000] {logging_mixin.py:188} INFO - [2024-04-09T18:58:14.659+0000] {dag.py:3096} INFO - Sync 1 DAGs
[2024-04-09T18:58:14.690+0000] {logging_mixin.py:188} INFO - [2024-04-09T18:58:14.690+0000] {dag.py:3954} INFO - Setting next_dagrun for example_sla_dag to 2024-04-09 18:56:00+00:00, run_after=2024-04-09 18:58:00+00:00
[2024-04-09T18:58:14.713+0000] {processor.py:183} INFO - Processing /home/airflow/.local/lib/python3.12/site-packages/airflow/example_dags/example_sla_dag.py took 0.095 seconds
[2024-04-09T18:58:44.823+0000] {processor.py:161} INFO - Started process (PID=3528) to work on /home/airflow/.local/lib/python3.12/site-packages/airflow/example_dags/example_sla_dag.py
[2024-04-09T18:58:44.824+0000] {processor.py:830} INFO - Processing file /home/airflow/.local/lib/python3.12/site-packages/airflow/example_dags/example_sla_dag.py for tasks to queue
[2024-04-09T18:58:44.826+0000] {logging_mixin.py:188} INFO - [2024-04-09T18:58:44.826+0000] {dagbag.py:540} INFO - Filling up the DagBag from /home/airflow/.local/lib/python3.12/site-packages/airflow/example_dags/example_sla_dag.py
[2024-04-09T18:58:44.836+0000] {processor.py:840} INFO - DAG(s) 'example_sla_dag' retrieved from /home/airflow/.local/lib/python3.12/site-packages/airflow/example_dags/example_sla_dag.py
[2024-04-09T18:58:44.865+0000] {logging_mixin.py:188} INFO - [2024-04-09T18:58:44.863+0000] {dag.py:3096} INFO - Sync 1 DAGs
[2024-04-09T18:58:44.898+0000] {logging_mixin.py:188} INFO - [2024-04-09T18:58:44.898+0000] {dag.py:3954} INFO - Setting next_dagrun for example_sla_dag to 2024-04-09 18:56:00+00:00, run_after=2024-04-09 18:58:00+00:00
[2024-04-09T18:58:44.934+0000] {processor.py:183} INFO - Processing /home/airflow/.local/lib/python3.12/site-packages/airflow/example_dags/example_sla_dag.py took 0.118 seconds
[2024-04-09T18:59:15.158+0000] {processor.py:161} INFO - Started process (PID=3800) to work on /home/airflow/.local/lib/python3.12/site-packages/airflow/example_dags/example_sla_dag.py
[2024-04-09T18:59:15.159+0000] {processor.py:830} INFO - Processing file /home/airflow/.local/lib/python3.12/site-packages/airflow/example_dags/example_sla_dag.py for tasks to queue
[2024-04-09T18:59:15.161+0000] {logging_mixin.py:188} INFO - [2024-04-09T18:59:15.161+0000] {dagbag.py:540} INFO - Filling up the DagBag from /home/airflow/.local/lib/python3.12/site-packages/airflow/example_dags/example_sla_dag.py
[2024-04-09T18:59:15.171+0000] {processor.py:840} INFO - DAG(s) 'example_sla_dag' retrieved from /home/airflow/.local/lib/python3.12/site-packages/airflow/example_dags/example_sla_dag.py
[2024-04-09T18:59:15.194+0000] {logging_mixin.py:188} INFO - [2024-04-09T18:59:15.194+0000] {dag.py:3096} INFO - Sync 1 DAGs
[2024-04-09T18:59:15.227+0000] {logging_mixin.py:188} INFO - [2024-04-09T18:59:15.227+0000] {dag.py:3954} INFO - Setting next_dagrun for example_sla_dag to 2024-04-09 18:56:00+00:00, run_after=2024-04-09 18:58:00+00:00
[2024-04-09T18:59:15.249+0000] {processor.py:183} INFO - Processing /home/airflow/.local/lib/python3.12/site-packages/airflow/example_dags/example_sla_dag.py took 0.097 seconds
[2024-04-09T18:59:45.554+0000] {processor.py:161} INFO - Started process (PID=4072) to work on /home/airflow/.local/lib/python3.12/site-packages/airflow/example_dags/example_sla_dag.py
[2024-04-09T18:59:45.554+0000] {processor.py:830} INFO - Processing file /home/airflow/.local/lib/python3.12/site-packages/airflow/example_dags/example_sla_dag.py for tasks to queue
[2024-04-09T18:59:45.556+0000] {logging_mixin.py:188} INFO - [2024-04-09T18:59:45.556+0000] {dagbag.py:540} INFO - Filling up the DagBag from /home/airflow/.local/lib/python3.12/site-packages/airflow/example_dags/example_sla_dag.py
[2024-04-09T18:59:45.566+0000] {processor.py:840} INFO - DAG(s) 'example_sla_dag' retrieved from /home/airflow/.local/lib/python3.12/site-packages/airflow/example_dags/example_sla_dag.py
[2024-04-09T18:59:45.587+0000] {logging_mixin.py:188} INFO - [2024-04-09T18:59:45.587+0000] {dag.py:3096} INFO - Sync 1 DAGs
[2024-04-09T18:59:45.617+0000] {logging_mixin.py:188} INFO - [2024-04-09T18:59:45.616+0000] {dag.py:3954} INFO - Setting next_dagrun for example_sla_dag to 2024-04-09 18:56:00+00:00, run_after=2024-04-09 18:58:00+00:00
[2024-04-09T18:59:45.641+0000] {processor.py:183} INFO - Processing /home/airflow/.local/lib/python3.12/site-packages/airflow/example_dags/example_sla_dag.py took 0.095 seconds
[2024-04-09T19:00:15.814+0000] {processor.py:161} INFO - Started process (PID=4344) to work on /home/airflow/.local/lib/python3.12/site-packages/airflow/example_dags/example_sla_dag.py
[2024-04-09T19:00:15.815+0000] {processor.py:830} INFO - Processing file /home/airflow/.local/lib/python3.12/site-packages/airflow/example_dags/example_sla_dag.py for tasks to queue
[2024-04-09T19:00:15.817+0000] {logging_mixin.py:188} INFO - [2024-04-09T19:00:15.816+0000] {dagbag.py:540} INFO - Filling up the DagBag from /home/airflow/.local/lib/python3.12/site-packages/airflow/example_dags/example_sla_dag.py
[2024-04-09T19:00:15.827+0000] {processor.py:840} INFO - DAG(s) 'example_sla_dag' retrieved from /home/airflow/.local/lib/python3.12/site-packages/airflow/example_dags/example_sla_dag.py
[2024-04-09T19:00:15.847+0000] {logging_mixin.py:188} INFO - [2024-04-09T19:00:15.846+0000] {dag.py:3096} INFO - Sync 1 DAGs
[2024-04-09T19:00:15.877+0000] {logging_mixin.py:188} INFO - [2024-04-09T19:00:15.877+0000] {dag.py:3954} INFO - Setting next_dagrun for example_sla_dag to 2024-04-09 18:58:00+00:00, run_after=2024-04-09 19:00:00+00:00
[2024-04-09T19:00:15.950+0000] {processor.py:183} INFO - Processing /home/airflow/.local/lib/python3.12/site-packages/airflow/example_dags/example_sla_dag.py took 0.144 seconds
[2024-04-09T19:00:46.741+0000] {processor.py:161} INFO - Started process (PID=4616) to work on /home/airflow/.local/lib/python3.12/site-packages/airflow/example_dags/example_sla_dag.py
[2024-04-09T19:00:46.742+0000] {processor.py:830} INFO - Processing file /home/airflow/.local/lib/python3.12/site-packages/airflow/example_dags/example_sla_dag.py for tasks to queue
[2024-04-09T19:00:46.744+0000] {logging_mixin.py:188} INFO - [2024-04-09T19:00:46.744+0000] {dagbag.py:540} INFO - Filling up the DagBag from /home/airflow/.local/lib/python3.12/site-packages/airflow/example_dags/example_sla_dag.py
[2024-04-09T19:00:46.758+0000] {processor.py:840} INFO - DAG(s) 'example_sla_dag' retrieved from /home/airflow/.local/lib/python3.12/site-packages/airflow/example_dags/example_sla_dag.py
[2024-04-09T19:00:46.782+0000] {logging_mixin.py:188} INFO - [2024-04-09T19:00:46.781+0000] {dag.py:3096} INFO - Sync 1 DAGs
[2024-04-09T19:00:46.809+0000] {logging_mixin.py:188} INFO - [2024-04-09T19:00:46.809+0000] {dag.py:3954} INFO - Setting next_dagrun for example_sla_dag to 2024-04-09 18:58:00+00:00, run_after=2024-04-09 19:00:00+00:00
[2024-04-09T19:00:46.833+0000] {processor.py:183} INFO - Processing /home/airflow/.local/lib/python3.12/site-packages/airflow/example_dags/example_sla_dag.py took 0.100 seconds
[2024-04-09T19:01:17.136+0000] {processor.py:161} INFO - Started process (PID=4889) to work on /home/airflow/.local/lib/python3.12/site-packages/airflow/example_dags/example_sla_dag.py
[2024-04-09T19:01:17.137+0000] {processor.py:830} INFO - Processing file /home/airflow/.local/lib/python3.12/site-packages/airflow/example_dags/example_sla_dag.py for tasks to queue
[2024-04-09T19:01:17.138+0000] {logging_mixin.py:188} INFO - [2024-04-09T19:01:17.138+0000] {dagbag.py:540} INFO - Filling up the DagBag from /home/airflow/.local/lib/python3.12/site-packages/airflow/example_dags/example_sla_dag.py
[2024-04-09T19:01:17.149+0000] {processor.py:840} INFO - DAG(s) 'example_sla_dag' retrieved from /home/airflow/.local/lib/python3.12/site-packages/airflow/example_dags/example_sla_dag.py
[2024-04-09T19:01:17.170+0000] {logging_mixin.py:188} INFO - [2024-04-09T19:01:17.169+0000] {dag.py:3096} INFO - Sync 1 DAGs
[2024-04-09T19:01:17.198+0000] {logging_mixin.py:188} INFO - [2024-04-09T19:01:17.198+0000] {dag.py:3954} INFO - Setting next_dagrun for example_sla_dag to 2024-04-09 18:58:00+00:00, run_after=2024-04-09 19:00:00+00:00
[2024-04-09T19:01:17.220+0000] {processor.py:183} INFO - Processing /home/airflow/.local/lib/python3.12/site-packages/airflow/example_dags/example_sla_dag.py took 0.091 seconds
[2024-04-09T19:01:47.498+0000] {processor.py:161} INFO - Started process (PID=5161) to work on /home/airflow/.local/lib/python3.12/site-packages/airflow/example_dags/example_sla_dag.py
[2024-04-09T19:01:47.499+0000] {processor.py:830} INFO - Processing file /home/airflow/.local/lib/python3.12/site-packages/airflow/example_dags/example_sla_dag.py for tasks to queue
[2024-04-09T19:01:47.501+0000] {logging_mixin.py:188} INFO - [2024-04-09T19:01:47.501+0000] {dagbag.py:540} INFO - Filling up the DagBag from /home/airflow/.local/lib/python3.12/site-packages/airflow/example_dags/example_sla_dag.py
[2024-04-09T19:01:47.512+0000] {processor.py:840} INFO - DAG(s) 'example_sla_dag' retrieved from /home/airflow/.local/lib/python3.12/site-packages/airflow/example_dags/example_sla_dag.py
[2024-04-09T19:01:47.533+0000] {logging_mixin.py:188} INFO - [2024-04-09T19:01:47.533+0000] {dag.py:3096} INFO - Sync 1 DAGs
[2024-04-09T19:01:47.561+0000] {logging_mixin.py:188} INFO - [2024-04-09T19:01:47.561+0000] {dag.py:3954} INFO - Setting next_dagrun for example_sla_dag to 2024-04-09 18:58:00+00:00, run_after=2024-04-09 19:00:00+00:00
[2024-04-09T19:01:47.583+0000] {processor.py:183} INFO - Processing /home/airflow/.local/lib/python3.12/site-packages/airflow/example_dags/example_sla_dag.py took 0.091 seconds
[2024-04-09T19:02:18.455+0000] {processor.py:161} INFO - Started process (PID=5433) to work on /home/airflow/.local/lib/python3.12/site-packages/airflow/example_dags/example_sla_dag.py
[2024-04-09T19:02:18.456+0000] {processor.py:830} INFO - Processing file /home/airflow/.local/lib/python3.12/site-packages/airflow/example_dags/example_sla_dag.py for tasks to queue
[2024-04-09T19:02:18.458+0000] {logging_mixin.py:188} INFO - [2024-04-09T19:02:18.457+0000] {dagbag.py:540} INFO - Filling up the DagBag from /home/airflow/.local/lib/python3.12/site-packages/airflow/example_dags/example_sla_dag.py
[2024-04-09T19:02:18.469+0000] {processor.py:840} INFO - DAG(s) 'example_sla_dag' retrieved from /home/airflow/.local/lib/python3.12/site-packages/airflow/example_dags/example_sla_dag.py
[2024-04-09T19:02:18.492+0000] {logging_mixin.py:188} INFO - [2024-04-09T19:02:18.492+0000] {dag.py:3096} INFO - Sync 1 DAGs
[2024-04-09T19:02:18.548+0000] {logging_mixin.py:188} INFO - [2024-04-09T19:02:18.548+0000] {dag.py:3954} INFO - Setting next_dagrun for example_sla_dag to 2024-04-09 19:00:00+00:00, run_after=2024-04-09 19:02:00+00:00
[2024-04-09T19:02:18.581+0000] {processor.py:183} INFO - Processing /home/airflow/.local/lib/python3.12/site-packages/airflow/example_dags/example_sla_dag.py took 0.132 seconds
[2024-04-09T19:02:48.872+0000] {processor.py:161} INFO - Started process (PID=5705) to work on /home/airflow/.local/lib/python3.12/site-packages/airflow/example_dags/example_sla_dag.py
[2024-04-09T19:02:48.873+0000] {processor.py:830} INFO - Processing file /home/airflow/.local/lib/python3.12/site-packages/airflow/example_dags/example_sla_dag.py for tasks to queue
[2024-04-09T19:02:48.875+0000] {logging_mixin.py:188} INFO - [2024-04-09T19:02:48.875+0000] {dagbag.py:540} INFO - Filling up the DagBag from /home/airflow/.local/lib/python3.12/site-packages/airflow/example_dags/example_sla_dag.py
[2024-04-09T19:02:48.889+0000] {processor.py:840} INFO - DAG(s) 'example_sla_dag' retrieved from /home/airflow/.local/lib/python3.12/site-packages/airflow/example_dags/example_sla_dag.py
[2024-04-09T19:02:48.909+0000] {logging_mixin.py:188} INFO - [2024-04-09T19:02:48.909+0000] {dag.py:3096} INFO - Sync 1 DAGs
[2024-04-09T19:02:48.937+0000] {logging_mixin.py:188} INFO - [2024-04-09T19:02:48.937+0000] {dag.py:3954} INFO - Setting next_dagrun for example_sla_dag to 2024-04-09 19:00:00+00:00, run_after=2024-04-09 19:02:00+00:00
[2024-04-09T19:02:48.961+0000] {processor.py:183} INFO - Processing /home/airflow/.local/lib/python3.12/site-packages/airflow/example_dags/example_sla_dag.py took 0.096 seconds
[2024-04-09T19:03:19.185+0000] {processor.py:161} INFO - Started process (PID=5977) to work on /home/airflow/.local/lib/python3.12/site-packages/airflow/example_dags/example_sla_dag.py
[2024-04-09T19:03:19.186+0000] {processor.py:830} INFO - Processing file /home/airflow/.local/lib/python3.12/site-packages/airflow/example_dags/example_sla_dag.py for tasks to queue
[2024-04-09T19:03:19.188+0000] {logging_mixin.py:188} INFO - [2024-04-09T19:03:19.188+0000] {dagbag.py:540} INFO - Filling up the DagBag from /home/airflow/.local/lib/python3.12/site-packages/airflow/example_dags/example_sla_dag.py
[2024-04-09T19:03:19.203+0000] {processor.py:840} INFO - DAG(s) 'example_sla_dag' retrieved from /home/airflow/.local/lib/python3.12/site-packages/airflow/example_dags/example_sla_dag.py
[2024-04-09T19:03:19.260+0000] {logging_mixin.py:188} INFO - [2024-04-09T19:03:19.260+0000] {dag.py:3096} INFO - Sync 1 DAGs
[2024-04-09T19:03:19.313+0000] {logging_mixin.py:188} INFO - [2024-04-09T19:03:19.313+0000] {dag.py:3954} INFO - Setting next_dagrun for example_sla_dag to 2024-04-09 19:00:00+00:00, run_after=2024-04-09 19:02:00+00:00
[2024-04-09T19:03:19.342+0000] {processor.py:183} INFO - Processing /home/airflow/.local/lib/python3.12/site-packages/airflow/example_dags/example_sla_dag.py took 0.164 seconds
[2024-04-09T19:03:50.142+0000] {processor.py:161} INFO - Started process (PID=6250) to work on /home/airflow/.local/lib/python3.12/site-packages/airflow/example_dags/example_sla_dag.py
[2024-04-09T19:03:50.144+0000] {processor.py:830} INFO - Processing file /home/airflow/.local/lib/python3.12/site-packages/airflow/example_dags/example_sla_dag.py for tasks to queue
[2024-04-09T19:03:50.146+0000] {logging_mixin.py:188} INFO - [2024-04-09T19:03:50.145+0000] {dagbag.py:540} INFO - Filling up the DagBag from /home/airflow/.local/lib/python3.12/site-packages/airflow/example_dags/example_sla_dag.py
[2024-04-09T19:03:50.158+0000] {processor.py:840} INFO - DAG(s) 'example_sla_dag' retrieved from /home/airflow/.local/lib/python3.12/site-packages/airflow/example_dags/example_sla_dag.py
[2024-04-09T19:03:50.179+0000] {logging_mixin.py:188} INFO - [2024-04-09T19:03:50.179+0000] {dag.py:3096} INFO - Sync 1 DAGs
[2024-04-09T19:03:50.207+0000] {logging_mixin.py:188} INFO - [2024-04-09T19:03:50.207+0000] {dag.py:3954} INFO - Setting next_dagrun for example_sla_dag to 2024-04-09 19:00:00+00:00, run_after=2024-04-09 19:02:00+00:00
[2024-04-09T19:03:50.232+0000] {processor.py:183} INFO - Processing /home/airflow/.local/lib/python3.12/site-packages/airflow/example_dags/example_sla_dag.py took 0.096 seconds
[2024-04-09T19:04:21.154+0000] {processor.py:161} INFO - Started process (PID=6523) to work on /home/airflow/.local/lib/python3.12/site-packages/airflow/example_dags/example_sla_dag.py
[2024-04-09T19:04:21.155+0000] {processor.py:830} INFO - Processing file /home/airflow/.local/lib/python3.12/site-packages/airflow/example_dags/example_sla_dag.py for tasks to queue
[2024-04-09T19:04:21.158+0000] {logging_mixin.py:188} INFO - [2024-04-09T19:04:21.157+0000] {dagbag.py:540} INFO - Filling up the DagBag from /home/airflow/.local/lib/python3.12/site-packages/airflow/example_dags/example_sla_dag.py
[2024-04-09T19:04:21.167+0000] {processor.py:840} INFO - DAG(s) 'example_sla_dag' retrieved from /home/airflow/.local/lib/python3.12/site-packages/airflow/example_dags/example_sla_dag.py
[2024-04-09T19:04:21.189+0000] {logging_mixin.py:188} INFO - [2024-04-09T19:04:21.188+0000] {dag.py:3096} INFO - Sync 1 DAGs
[2024-04-09T19:04:21.219+0000] {logging_mixin.py:188} INFO - [2024-04-09T19:04:21.219+0000] {dag.py:3954} INFO - Setting next_dagrun for example_sla_dag to 2024-04-09 19:02:00+00:00, run_after=2024-04-09 19:04:00+00:00
[2024-04-09T19:04:21.245+0000] {processor.py:183} INFO - Processing /home/airflow/.local/lib/python3.12/site-packages/airflow/example_dags/example_sla_dag.py took 0.097 seconds
[2024-04-09T19:04:51.607+0000] {processor.py:161} INFO - Started process (PID=6796) to work on /home/airflow/.local/lib/python3.12/site-packages/airflow/example_dags/example_sla_dag.py
[2024-04-09T19:04:51.608+0000] {processor.py:830} INFO - Processing file /home/airflow/.local/lib/python3.12/site-packages/airflow/example_dags/example_sla_dag.py for tasks to queue
[2024-04-09T19:04:51.610+0000] {logging_mixin.py:188} INFO - [2024-04-09T19:04:51.609+0000] {dagbag.py:540} INFO - Filling up the DagBag from /home/airflow/.local/lib/python3.12/site-packages/airflow/example_dags/example_sla_dag.py
[2024-04-09T19:04:51.620+0000] {processor.py:840} INFO - DAG(s) 'example_sla_dag' retrieved from /home/airflow/.local/lib/python3.12/site-packages/airflow/example_dags/example_sla_dag.py
[2024-04-09T19:04:51.641+0000] {logging_mixin.py:188} INFO - [2024-04-09T19:04:51.641+0000] {dag.py:3096} INFO - Sync 1 DAGs
[2024-04-09T19:04:51.669+0000] {logging_mixin.py:188} INFO - [2024-04-09T19:04:51.669+0000] {dag.py:3954} INFO - Setting next_dagrun for example_sla_dag to 2024-04-09 19:02:00+00:00, run_after=2024-04-09 19:04:00+00:00
[2024-04-09T19:04:51.692+0000] {processor.py:183} INFO - Processing /home/airflow/.local/lib/python3.12/site-packages/airflow/example_dags/example_sla_dag.py took 0.092 seconds
[2024-04-09T19:05:22.311+0000] {processor.py:161} INFO - Started process (PID=7069) to work on /home/airflow/.local/lib/python3.12/site-packages/airflow/example_dags/example_sla_dag.py
[2024-04-09T19:05:22.312+0000] {processor.py:830} INFO - Processing file /home/airflow/.local/lib/python3.12/site-packages/airflow/example_dags/example_sla_dag.py for tasks to queue
[2024-04-09T19:05:22.313+0000] {logging_mixin.py:188} INFO - [2024-04-09T19:05:22.313+0000] {dagbag.py:540} INFO - Filling up the DagBag from /home/airflow/.local/lib/python3.12/site-packages/airflow/example_dags/example_sla_dag.py
[2024-04-09T19:05:22.322+0000] {processor.py:840} INFO - DAG(s) 'example_sla_dag' retrieved from /home/airflow/.local/lib/python3.12/site-packages/airflow/example_dags/example_sla_dag.py
[2024-04-09T19:05:22.343+0000] {logging_mixin.py:188} INFO - [2024-04-09T19:05:22.343+0000] {dag.py:3096} INFO - Sync 1 DAGs
[2024-04-09T19:05:22.374+0000] {logging_mixin.py:188} INFO - [2024-04-09T19:05:22.374+0000] {dag.py:3954} INFO - Setting next_dagrun for example_sla_dag to 2024-04-09 19:02:00+00:00, run_after=2024-04-09 19:04:00+00:00
[2024-04-09T19:05:22.403+0000] {processor.py:183} INFO - Processing /home/airflow/.local/lib/python3.12/site-packages/airflow/example_dags/example_sla_dag.py took 0.100 seconds
[2024-04-09T19:05:52.622+0000] {processor.py:161} INFO - Started process (PID=7341) to work on /home/airflow/.local/lib/python3.12/site-packages/airflow/example_dags/example_sla_dag.py
[2024-04-09T19:05:52.623+0000] {processor.py:830} INFO - Processing file /home/airflow/.local/lib/python3.12/site-packages/airflow/example_dags/example_sla_dag.py for tasks to queue
[2024-04-09T19:05:52.625+0000] {logging_mixin.py:188} INFO - [2024-04-09T19:05:52.624+0000] {dagbag.py:540} INFO - Filling up the DagBag from /home/airflow/.local/lib/python3.12/site-packages/airflow/example_dags/example_sla_dag.py
[2024-04-09T19:05:52.635+0000] {processor.py:840} INFO - DAG(s) 'example_sla_dag' retrieved from /home/airflow/.local/lib/python3.12/site-packages/airflow/example_dags/example_sla_dag.py
[2024-04-09T19:05:52.655+0000] {logging_mixin.py:188} INFO - [2024-04-09T19:05:52.654+0000] {dag.py:3096} INFO - Sync 1 DAGs
[2024-04-09T19:05:52.684+0000] {logging_mixin.py:188} INFO - [2024-04-09T19:05:52.684+0000] {dag.py:3954} INFO - Setting next_dagrun for example_sla_dag to 2024-04-09 19:02:00+00:00, run_after=2024-04-09 19:04:00+00:00
[2024-04-09T19:05:52.706+0000] {processor.py:183} INFO - Processing /home/airflow/.local/lib/python3.12/site-packages/airflow/example_dags/example_sla_dag.py took 0.091 seconds
[2024-04-09T19:06:22.868+0000] {processor.py:161} INFO - Started process (PID=7613) to work on /home/airflow/.local/lib/python3.12/site-packages/airflow/example_dags/example_sla_dag.py
[2024-04-09T19:06:22.869+0000] {processor.py:830} INFO - Processing file /home/airflow/.local/lib/python3.12/site-packages/airflow/example_dags/example_sla_dag.py for tasks to queue
[2024-04-09T19:06:22.870+0000] {logging_mixin.py:188} INFO - [2024-04-09T19:06:22.870+0000] {dagbag.py:540} INFO - Filling up the DagBag from /home/airflow/.local/lib/python3.12/site-packages/airflow/example_dags/example_sla_dag.py
[2024-04-09T19:06:22.880+0000] {processor.py:840} INFO - DAG(s) 'example_sla_dag' retrieved from /home/airflow/.local/lib/python3.12/site-packages/airflow/example_dags/example_sla_dag.py
[2024-04-09T19:06:22.902+0000] {logging_mixin.py:188} INFO - [2024-04-09T19:06:22.902+0000] {dag.py:3096} INFO - Sync 1 DAGs
[2024-04-09T19:06:23.080+0000] {logging_mixin.py:188} INFO - [2024-04-09T19:06:23.080+0000] {dag.py:3954} INFO - Setting next_dagrun for example_sla_dag to 2024-04-09 19:04:00+00:00, run_after=2024-04-09 19:06:00+00:00
[2024-04-09T19:06:23.103+0000] {processor.py:183} INFO - Processing /home/airflow/.local/lib/python3.12/site-packages/airflow/example_dags/example_sla_dag.py took 0.244 seconds
[2024-04-09T19:06:53.731+0000] {processor.py:161} INFO - Started process (PID=7885) to work on /home/airflow/.local/lib/python3.12/site-packages/airflow/example_dags/example_sla_dag.py
[2024-04-09T19:06:53.731+0000] {processor.py:830} INFO - Processing file /home/airflow/.local/lib/python3.12/site-packages/airflow/example_dags/example_sla_dag.py for tasks to queue
[2024-04-09T19:06:53.733+0000] {logging_mixin.py:188} INFO - [2024-04-09T19:06:53.733+0000] {dagbag.py:540} INFO - Filling up the DagBag from /home/airflow/.local/lib/python3.12/site-packages/airflow/example_dags/example_sla_dag.py
[2024-04-09T19:06:53.743+0000] {processor.py:840} INFO - DAG(s) 'example_sla_dag' retrieved from /home/airflow/.local/lib/python3.12/site-packages/airflow/example_dags/example_sla_dag.py
[2024-04-09T19:06:53.765+0000] {logging_mixin.py:188} INFO - [2024-04-09T19:06:53.764+0000] {dag.py:3096} INFO - Sync 1 DAGs
[2024-04-09T19:06:53.797+0000] {logging_mixin.py:188} INFO - [2024-04-09T19:06:53.796+0000] {dag.py:3954} INFO - Setting next_dagrun for example_sla_dag to 2024-04-09 19:04:00+00:00, run_after=2024-04-09 19:06:00+00:00
[2024-04-09T19:06:53.975+0000] {processor.py:183} INFO - Processing /home/airflow/.local/lib/python3.12/site-packages/airflow/example_dags/example_sla_dag.py took 0.251 seconds
[2024-04-09T19:07:24.801+0000] {processor.py:161} INFO - Started process (PID=8159) to work on /home/airflow/.local/lib/python3.12/site-packages/airflow/example_dags/example_sla_dag.py
[2024-04-09T19:07:24.802+0000] {processor.py:830} INFO - Processing file /home/airflow/.local/lib/python3.12/site-packages/airflow/example_dags/example_sla_dag.py for tasks to queue
[2024-04-09T19:07:24.803+0000] {logging_mixin.py:188} INFO - [2024-04-09T19:07:24.803+0000] {dagbag.py:540} INFO - Filling up the DagBag from /home/airflow/.local/lib/python3.12/site-packages/airflow/example_dags/example_sla_dag.py
[2024-04-09T19:07:24.810+0000] {processor.py:840} INFO - DAG(s) 'example_sla_dag' retrieved from /home/airflow/.local/lib/python3.12/site-packages/airflow/example_dags/example_sla_dag.py
[2024-04-09T19:07:24.826+0000] {logging_mixin.py:188} INFO - [2024-04-09T19:07:24.826+0000] {dag.py:3096} INFO - Sync 1 DAGs
[2024-04-09T19:07:24.846+0000] {logging_mixin.py:188} INFO - [2024-04-09T19:07:24.846+0000] {dag.py:3954} INFO - Setting next_dagrun for example_sla_dag to 2024-04-09 19:04:00+00:00, run_after=2024-04-09 19:06:00+00:00
[2024-04-09T19:07:24.870+0000] {processor.py:183} INFO - Processing /home/airflow/.local/lib/python3.12/site-packages/airflow/example_dags/example_sla_dag.py took 0.073 seconds
[2024-04-09T19:07:55.518+0000] {processor.py:161} INFO - Started process (PID=8431) to work on /home/airflow/.local/lib/python3.12/site-packages/airflow/example_dags/example_sla_dag.py
[2024-04-09T19:07:55.519+0000] {processor.py:830} INFO - Processing file /home/airflow/.local/lib/python3.12/site-packages/airflow/example_dags/example_sla_dag.py for tasks to queue
[2024-04-09T19:07:55.520+0000] {logging_mixin.py:188} INFO - [2024-04-09T19:07:55.520+0000] {dagbag.py:540} INFO - Filling up the DagBag from /home/airflow/.local/lib/python3.12/site-packages/airflow/example_dags/example_sla_dag.py
[2024-04-09T19:07:55.527+0000] {processor.py:840} INFO - DAG(s) 'example_sla_dag' retrieved from /home/airflow/.local/lib/python3.12/site-packages/airflow/example_dags/example_sla_dag.py
[2024-04-09T19:07:55.543+0000] {logging_mixin.py:188} INFO - [2024-04-09T19:07:55.543+0000] {dag.py:3096} INFO - Sync 1 DAGs
[2024-04-09T19:07:55.563+0000] {logging_mixin.py:188} INFO - [2024-04-09T19:07:55.563+0000] {dag.py:3954} INFO - Setting next_dagrun for example_sla_dag to 2024-04-09 19:04:00+00:00, run_after=2024-04-09 19:06:00+00:00
[2024-04-09T19:07:55.583+0000] {processor.py:183} INFO - Processing /home/airflow/.local/lib/python3.12/site-packages/airflow/example_dags/example_sla_dag.py took 0.070 seconds
[2024-04-09T19:08:26.655+0000] {processor.py:161} INFO - Started process (PID=8703) to work on /home/airflow/.local/lib/python3.12/site-packages/airflow/example_dags/example_sla_dag.py
[2024-04-09T19:08:26.656+0000] {processor.py:830} INFO - Processing file /home/airflow/.local/lib/python3.12/site-packages/airflow/example_dags/example_sla_dag.py for tasks to queue
[2024-04-09T19:08:26.658+0000] {logging_mixin.py:188} INFO - [2024-04-09T19:08:26.658+0000] {dagbag.py:540} INFO - Filling up the DagBag from /home/airflow/.local/lib/python3.12/site-packages/airflow/example_dags/example_sla_dag.py
[2024-04-09T19:08:26.668+0000] {processor.py:840} INFO - DAG(s) 'example_sla_dag' retrieved from /home/airflow/.local/lib/python3.12/site-packages/airflow/example_dags/example_sla_dag.py
[2024-04-09T19:08:26.690+0000] {logging_mixin.py:188} INFO - [2024-04-09T19:08:26.689+0000] {dag.py:3096} INFO - Sync 1 DAGs
[2024-04-09T19:08:26.722+0000] {logging_mixin.py:188} INFO - [2024-04-09T19:08:26.722+0000] {dag.py:3954} INFO - Setting next_dagrun for example_sla_dag to 2024-04-09 19:06:00+00:00, run_after=2024-04-09 19:08:00+00:00
[2024-04-09T19:08:26.749+0000] {processor.py:183} INFO - Processing /home/airflow/.local/lib/python3.12/site-packages/airflow/example_dags/example_sla_dag.py took 0.101 seconds
[2024-04-09T19:08:56.831+0000] {processor.py:161} INFO - Started process (PID=8975) to work on /home/airflow/.local/lib/python3.12/site-packages/airflow/example_dags/example_sla_dag.py
[2024-04-09T19:08:56.832+0000] {processor.py:830} INFO - Processing file /home/airflow/.local/lib/python3.12/site-packages/airflow/example_dags/example_sla_dag.py for tasks to queue
[2024-04-09T19:08:56.834+0000] {logging_mixin.py:188} INFO - [2024-04-09T19:08:56.834+0000] {dagbag.py:540} INFO - Filling up the DagBag from /home/airflow/.local/lib/python3.12/site-packages/airflow/example_dags/example_sla_dag.py
[2024-04-09T19:08:56.849+0000] {processor.py:840} INFO - DAG(s) 'example_sla_dag' retrieved from /home/airflow/.local/lib/python3.12/site-packages/airflow/example_dags/example_sla_dag.py
[2024-04-09T19:08:56.871+0000] {logging_mixin.py:188} INFO - [2024-04-09T19:08:56.871+0000] {dag.py:3096} INFO - Sync 1 DAGs
[2024-04-09T19:08:56.900+0000] {logging_mixin.py:188} INFO - [2024-04-09T19:08:56.900+0000] {dag.py:3954} INFO - Setting next_dagrun for example_sla_dag to 2024-04-09 19:06:00+00:00, run_after=2024-04-09 19:08:00+00:00
[2024-04-09T19:08:56.924+0000] {processor.py:183} INFO - Processing /home/airflow/.local/lib/python3.12/site-packages/airflow/example_dags/example_sla_dag.py took 0.100 seconds
[2024-04-09T19:09:27.500+0000] {processor.py:161} INFO - Started process (PID=9248) to work on /home/airflow/.local/lib/python3.12/site-packages/airflow/example_dags/example_sla_dag.py
[2024-04-09T19:09:27.501+0000] {processor.py:830} INFO - Processing file /home/airflow/.local/lib/python3.12/site-packages/airflow/example_dags/example_sla_dag.py for tasks to queue
[2024-04-09T19:09:27.502+0000] {logging_mixin.py:188} INFO - [2024-04-09T19:09:27.502+0000] {dagbag.py:540} INFO - Filling up the DagBag from /home/airflow/.local/lib/python3.12/site-packages/airflow/example_dags/example_sla_dag.py
[2024-04-09T19:09:27.509+0000] {processor.py:840} INFO - DAG(s) 'example_sla_dag' retrieved from /home/airflow/.local/lib/python3.12/site-packages/airflow/example_dags/example_sla_dag.py
[2024-04-09T19:09:27.525+0000] {logging_mixin.py:188} INFO - [2024-04-09T19:09:27.525+0000] {dag.py:3096} INFO - Sync 1 DAGs
[2024-04-09T19:09:27.545+0000] {logging_mixin.py:188} INFO - [2024-04-09T19:09:27.545+0000] {dag.py:3954} INFO - Setting next_dagrun for example_sla_dag to 2024-04-09 19:06:00+00:00, run_after=2024-04-09 19:08:00+00:00
[2024-04-09T19:09:27.570+0000] {processor.py:183} INFO - Processing /home/airflow/.local/lib/python3.12/site-packages/airflow/example_dags/example_sla_dag.py took 0.075 seconds
[2024-04-09T19:09:58.341+0000] {processor.py:161} INFO - Started process (PID=9520) to work on /home/airflow/.local/lib/python3.12/site-packages/airflow/example_dags/example_sla_dag.py
[2024-04-09T19:09:58.342+0000] {processor.py:830} INFO - Processing file /home/airflow/.local/lib/python3.12/site-packages/airflow/example_dags/example_sla_dag.py for tasks to queue
[2024-04-09T19:09:58.344+0000] {logging_mixin.py:188} INFO - [2024-04-09T19:09:58.343+0000] {dagbag.py:540} INFO - Filling up the DagBag from /home/airflow/.local/lib/python3.12/site-packages/airflow/example_dags/example_sla_dag.py
[2024-04-09T19:09:58.350+0000] {processor.py:840} INFO - DAG(s) 'example_sla_dag' retrieved from /home/airflow/.local/lib/python3.12/site-packages/airflow/example_dags/example_sla_dag.py
[2024-04-09T19:09:58.366+0000] {logging_mixin.py:188} INFO - [2024-04-09T19:09:58.365+0000] {dag.py:3096} INFO - Sync 1 DAGs
[2024-04-09T19:09:58.396+0000] {logging_mixin.py:188} INFO - [2024-04-09T19:09:58.396+0000] {dag.py:3954} INFO - Setting next_dagrun for example_sla_dag to 2024-04-09 19:06:00+00:00, run_after=2024-04-09 19:08:00+00:00
[2024-04-09T19:09:58.415+0000] {processor.py:183} INFO - Processing /home/airflow/.local/lib/python3.12/site-packages/airflow/example_dags/example_sla_dag.py took 0.078 seconds
[2024-04-09T19:10:28.681+0000] {processor.py:161} INFO - Started process (PID=9793) to work on /home/airflow/.local/lib/python3.12/site-packages/airflow/example_dags/example_sla_dag.py
[2024-04-09T19:10:28.682+0000] {processor.py:830} INFO - Processing file /home/airflow/.local/lib/python3.12/site-packages/airflow/example_dags/example_sla_dag.py for tasks to queue
[2024-04-09T19:10:28.683+0000] {logging_mixin.py:188} INFO - [2024-04-09T19:10:28.683+0000] {dagbag.py:540} INFO - Filling up the DagBag from /home/airflow/.local/lib/python3.12/site-packages/airflow/example_dags/example_sla_dag.py
[2024-04-09T19:10:28.691+0000] {processor.py:840} INFO - DAG(s) 'example_sla_dag' retrieved from /home/airflow/.local/lib/python3.12/site-packages/airflow/example_dags/example_sla_dag.py
[2024-04-09T19:10:28.709+0000] {logging_mixin.py:188} INFO - [2024-04-09T19:10:28.709+0000] {dag.py:3096} INFO - Sync 1 DAGs
[2024-04-09T19:10:28.730+0000] {logging_mixin.py:188} INFO - [2024-04-09T19:10:28.729+0000] {dag.py:3954} INFO - Setting next_dagrun for example_sla_dag to 2024-04-09 19:08:00+00:00, run_after=2024-04-09 19:10:00+00:00
[2024-04-09T19:10:28.748+0000] {processor.py:183} INFO - Processing /home/airflow/.local/lib/python3.12/site-packages/airflow/example_dags/example_sla_dag.py took 0.072 seconds
[2024-04-09T19:10:59.605+0000] {processor.py:161} INFO - Started process (PID=10066) to work on /home/airflow/.local/lib/python3.12/site-packages/airflow/example_dags/example_sla_dag.py
[2024-04-09T19:10:59.606+0000] {processor.py:830} INFO - Processing file /home/airflow/.local/lib/python3.12/site-packages/airflow/example_dags/example_sla_dag.py for tasks to queue
[2024-04-09T19:10:59.607+0000] {logging_mixin.py:188} INFO - [2024-04-09T19:10:59.607+0000] {dagbag.py:540} INFO - Filling up the DagBag from /home/airflow/.local/lib/python3.12/site-packages/airflow/example_dags/example_sla_dag.py
[2024-04-09T19:10:59.614+0000] {processor.py:840} INFO - DAG(s) 'example_sla_dag' retrieved from /home/airflow/.local/lib/python3.12/site-packages/airflow/example_dags/example_sla_dag.py
[2024-04-09T19:10:59.630+0000] {logging_mixin.py:188} INFO - [2024-04-09T19:10:59.630+0000] {dag.py:3096} INFO - Sync 1 DAGs
[2024-04-09T19:10:59.652+0000] {logging_mixin.py:188} INFO - [2024-04-09T19:10:59.652+0000] {dag.py:3954} INFO - Setting next_dagrun for example_sla_dag to 2024-04-09 19:08:00+00:00, run_after=2024-04-09 19:10:00+00:00
[2024-04-09T19:10:59.670+0000] {processor.py:183} INFO - Processing /home/airflow/.local/lib/python3.12/site-packages/airflow/example_dags/example_sla_dag.py took 0.070 seconds
[2024-04-09T19:11:30.061+0000] {processor.py:161} INFO - Started process (PID=10338) to work on /home/airflow/.local/lib/python3.12/site-packages/airflow/example_dags/example_sla_dag.py
[2024-04-09T19:11:30.062+0000] {processor.py:830} INFO - Processing file /home/airflow/.local/lib/python3.12/site-packages/airflow/example_dags/example_sla_dag.py for tasks to queue
[2024-04-09T19:11:30.064+0000] {logging_mixin.py:188} INFO - [2024-04-09T19:11:30.063+0000] {dagbag.py:540} INFO - Filling up the DagBag from /home/airflow/.local/lib/python3.12/site-packages/airflow/example_dags/example_sla_dag.py
[2024-04-09T19:11:30.072+0000] {processor.py:840} INFO - DAG(s) 'example_sla_dag' retrieved from /home/airflow/.local/lib/python3.12/site-packages/airflow/example_dags/example_sla_dag.py
[2024-04-09T19:11:30.087+0000] {logging_mixin.py:188} INFO - [2024-04-09T19:11:30.087+0000] {dag.py:3096} INFO - Sync 1 DAGs
[2024-04-09T19:11:30.117+0000] {logging_mixin.py:188} INFO - [2024-04-09T19:11:30.117+0000] {dag.py:3954} INFO - Setting next_dagrun for example_sla_dag to 2024-04-09 19:08:00+00:00, run_after=2024-04-09 19:10:00+00:00
[2024-04-09T19:11:30.138+0000] {processor.py:183} INFO - Processing /home/airflow/.local/lib/python3.12/site-packages/airflow/example_dags/example_sla_dag.py took 0.082 seconds
[2024-04-09T19:12:00.720+0000] {processor.py:161} INFO - Started process (PID=10611) to work on /home/airflow/.local/lib/python3.12/site-packages/airflow/example_dags/example_sla_dag.py
[2024-04-09T19:12:00.721+0000] {processor.py:830} INFO - Processing file /home/airflow/.local/lib/python3.12/site-packages/airflow/example_dags/example_sla_dag.py for tasks to queue
[2024-04-09T19:12:00.723+0000] {logging_mixin.py:188} INFO - [2024-04-09T19:12:00.722+0000] {dagbag.py:540} INFO - Filling up the DagBag from /home/airflow/.local/lib/python3.12/site-packages/airflow/example_dags/example_sla_dag.py
[2024-04-09T19:12:00.731+0000] {processor.py:840} INFO - DAG(s) 'example_sla_dag' retrieved from /home/airflow/.local/lib/python3.12/site-packages/airflow/example_dags/example_sla_dag.py
[2024-04-09T19:12:00.756+0000] {logging_mixin.py:188} INFO - [2024-04-09T19:12:00.755+0000] {dag.py:3096} INFO - Sync 1 DAGs
[2024-04-09T19:12:00.789+0000] {logging_mixin.py:188} INFO - [2024-04-09T19:12:00.789+0000] {dag.py:3954} INFO - Setting next_dagrun for example_sla_dag to 2024-04-09 19:10:00+00:00, run_after=2024-04-09 19:12:00+00:00
[2024-04-09T19:12:00.815+0000] {processor.py:183} INFO - Processing /home/airflow/.local/lib/python3.12/site-packages/airflow/example_dags/example_sla_dag.py took 0.102 seconds
[2024-04-09T19:12:31.336+0000] {processor.py:161} INFO - Started process (PID=10883) to work on /home/airflow/.local/lib/python3.12/site-packages/airflow/example_dags/example_sla_dag.py
[2024-04-09T19:12:31.337+0000] {processor.py:830} INFO - Processing file /home/airflow/.local/lib/python3.12/site-packages/airflow/example_dags/example_sla_dag.py for tasks to queue
[2024-04-09T19:12:31.339+0000] {logging_mixin.py:188} INFO - [2024-04-09T19:12:31.339+0000] {dagbag.py:540} INFO - Filling up the DagBag from /home/airflow/.local/lib/python3.12/site-packages/airflow/example_dags/example_sla_dag.py
[2024-04-09T19:12:31.349+0000] {processor.py:840} INFO - DAG(s) 'example_sla_dag' retrieved from /home/airflow/.local/lib/python3.12/site-packages/airflow/example_dags/example_sla_dag.py
[2024-04-09T19:12:31.372+0000] {logging_mixin.py:188} INFO - [2024-04-09T19:12:31.372+0000] {dag.py:3096} INFO - Sync 1 DAGs
[2024-04-09T19:12:31.403+0000] {logging_mixin.py:188} INFO - [2024-04-09T19:12:31.402+0000] {dag.py:3954} INFO - Setting next_dagrun for example_sla_dag to 2024-04-09 19:10:00+00:00, run_after=2024-04-09 19:12:00+00:00
[2024-04-09T19:12:31.425+0000] {processor.py:183} INFO - Processing /home/airflow/.local/lib/python3.12/site-packages/airflow/example_dags/example_sla_dag.py took 0.095 seconds
[2024-04-09T19:13:02.355+0000] {processor.py:161} INFO - Started process (PID=11156) to work on /home/airflow/.local/lib/python3.12/site-packages/airflow/example_dags/example_sla_dag.py
[2024-04-09T19:13:02.356+0000] {processor.py:830} INFO - Processing file /home/airflow/.local/lib/python3.12/site-packages/airflow/example_dags/example_sla_dag.py for tasks to queue
[2024-04-09T19:13:02.357+0000] {logging_mixin.py:188} INFO - [2024-04-09T19:13:02.357+0000] {dagbag.py:540} INFO - Filling up the DagBag from /home/airflow/.local/lib/python3.12/site-packages/airflow/example_dags/example_sla_dag.py
[2024-04-09T19:13:02.367+0000] {processor.py:840} INFO - DAG(s) 'example_sla_dag' retrieved from /home/airflow/.local/lib/python3.12/site-packages/airflow/example_dags/example_sla_dag.py
[2024-04-09T19:13:02.390+0000] {logging_mixin.py:188} INFO - [2024-04-09T19:13:02.390+0000] {dag.py:3096} INFO - Sync 1 DAGs
[2024-04-09T19:13:02.420+0000] {logging_mixin.py:188} INFO - [2024-04-09T19:13:02.420+0000] {dag.py:3954} INFO - Setting next_dagrun for example_sla_dag to 2024-04-09 19:10:00+00:00, run_after=2024-04-09 19:12:00+00:00
[2024-04-09T19:13:02.442+0000] {processor.py:183} INFO - Processing /home/airflow/.local/lib/python3.12/site-packages/airflow/example_dags/example_sla_dag.py took 0.094 seconds
[2024-04-09T19:13:32.716+0000] {processor.py:161} INFO - Started process (PID=11428) to work on /home/airflow/.local/lib/python3.12/site-packages/airflow/example_dags/example_sla_dag.py
[2024-04-09T19:13:32.717+0000] {processor.py:830} INFO - Processing file /home/airflow/.local/lib/python3.12/site-packages/airflow/example_dags/example_sla_dag.py for tasks to queue
[2024-04-09T19:13:32.718+0000] {logging_mixin.py:188} INFO - [2024-04-09T19:13:32.718+0000] {dagbag.py:540} INFO - Filling up the DagBag from /home/airflow/.local/lib/python3.12/site-packages/airflow/example_dags/example_sla_dag.py
[2024-04-09T19:13:32.725+0000] {processor.py:840} INFO - DAG(s) 'example_sla_dag' retrieved from /home/airflow/.local/lib/python3.12/site-packages/airflow/example_dags/example_sla_dag.py
[2024-04-09T19:13:32.741+0000] {logging_mixin.py:188} INFO - [2024-04-09T19:13:32.741+0000] {dag.py:3096} INFO - Sync 1 DAGs
[2024-04-09T19:13:32.762+0000] {logging_mixin.py:188} INFO - [2024-04-09T19:13:32.761+0000] {dag.py:3954} INFO - Setting next_dagrun for example_sla_dag to 2024-04-09 19:10:00+00:00, run_after=2024-04-09 19:12:00+00:00
[2024-04-09T19:13:32.781+0000] {processor.py:183} INFO - Processing /home/airflow/.local/lib/python3.12/site-packages/airflow/example_dags/example_sla_dag.py took 0.070 seconds
[2024-04-09T19:14:03.745+0000] {processor.py:161} INFO - Started process (PID=11699) to work on /home/airflow/.local/lib/python3.12/site-packages/airflow/example_dags/example_sla_dag.py
[2024-04-09T19:14:03.746+0000] {processor.py:830} INFO - Processing file /home/airflow/.local/lib/python3.12/site-packages/airflow/example_dags/example_sla_dag.py for tasks to queue
[2024-04-09T19:14:03.748+0000] {logging_mixin.py:188} INFO - [2024-04-09T19:14:03.748+0000] {dagbag.py:540} INFO - Filling up the DagBag from /home/airflow/.local/lib/python3.12/site-packages/airflow/example_dags/example_sla_dag.py
[2024-04-09T19:14:03.759+0000] {processor.py:840} INFO - DAG(s) 'example_sla_dag' retrieved from /home/airflow/.local/lib/python3.12/site-packages/airflow/example_dags/example_sla_dag.py
[2024-04-09T19:14:03.779+0000] {logging_mixin.py:188} INFO - [2024-04-09T19:14:03.779+0000] {dag.py:3096} INFO - Sync 1 DAGs
[2024-04-09T19:14:03.808+0000] {logging_mixin.py:188} INFO - [2024-04-09T19:14:03.808+0000] {dag.py:3954} INFO - Setting next_dagrun for example_sla_dag to 2024-04-09 19:12:00+00:00, run_after=2024-04-09 19:14:00+00:00
[2024-04-09T19:14:03.838+0000] {processor.py:183} INFO - Processing /home/airflow/.local/lib/python3.12/site-packages/airflow/example_dags/example_sla_dag.py took 0.100 seconds
[2024-04-09T19:14:34.770+0000] {processor.py:161} INFO - Started process (PID=11971) to work on /home/airflow/.local/lib/python3.12/site-packages/airflow/example_dags/example_sla_dag.py
[2024-04-09T19:14:34.771+0000] {processor.py:830} INFO - Processing file /home/airflow/.local/lib/python3.12/site-packages/airflow/example_dags/example_sla_dag.py for tasks to queue
[2024-04-09T19:14:34.773+0000] {logging_mixin.py:188} INFO - [2024-04-09T19:14:34.773+0000] {dagbag.py:540} INFO - Filling up the DagBag from /home/airflow/.local/lib/python3.12/site-packages/airflow/example_dags/example_sla_dag.py
[2024-04-09T19:14:34.784+0000] {processor.py:840} INFO - DAG(s) 'example_sla_dag' retrieved from /home/airflow/.local/lib/python3.12/site-packages/airflow/example_dags/example_sla_dag.py
[2024-04-09T19:14:34.806+0000] {logging_mixin.py:188} INFO - [2024-04-09T19:14:34.805+0000] {dag.py:3096} INFO - Sync 1 DAGs
[2024-04-09T19:14:34.839+0000] {logging_mixin.py:188} INFO - [2024-04-09T19:14:34.839+0000] {dag.py:3954} INFO - Setting next_dagrun for example_sla_dag to 2024-04-09 19:12:00+00:00, run_after=2024-04-09 19:14:00+00:00
[2024-04-09T19:14:34.879+0000] {processor.py:183} INFO - Processing /home/airflow/.local/lib/python3.12/site-packages/airflow/example_dags/example_sla_dag.py took 0.116 seconds
[2024-04-09T19:15:05.105+0000] {processor.py:161} INFO - Started process (PID=12245) to work on /home/airflow/.local/lib/python3.12/site-packages/airflow/example_dags/example_sla_dag.py
[2024-04-09T19:15:05.106+0000] {processor.py:830} INFO - Processing file /home/airflow/.local/lib/python3.12/site-packages/airflow/example_dags/example_sla_dag.py for tasks to queue
[2024-04-09T19:15:05.108+0000] {logging_mixin.py:188} INFO - [2024-04-09T19:15:05.107+0000] {dagbag.py:540} INFO - Filling up the DagBag from /home/airflow/.local/lib/python3.12/site-packages/airflow/example_dags/example_sla_dag.py
[2024-04-09T19:15:05.117+0000] {processor.py:840} INFO - DAG(s) 'example_sla_dag' retrieved from /home/airflow/.local/lib/python3.12/site-packages/airflow/example_dags/example_sla_dag.py
[2024-04-09T19:15:05.137+0000] {logging_mixin.py:188} INFO - [2024-04-09T19:15:05.137+0000] {dag.py:3096} INFO - Sync 1 DAGs
[2024-04-09T19:15:05.166+0000] {logging_mixin.py:188} INFO - [2024-04-09T19:15:05.165+0000] {dag.py:3954} INFO - Setting next_dagrun for example_sla_dag to 2024-04-09 19:12:00+00:00, run_after=2024-04-09 19:14:00+00:00
[2024-04-09T19:15:05.198+0000] {processor.py:183} INFO - Processing /home/airflow/.local/lib/python3.12/site-packages/airflow/example_dags/example_sla_dag.py took 0.100 seconds
[2024-04-09T19:15:35.969+0000] {processor.py:161} INFO - Started process (PID=12518) to work on /home/airflow/.local/lib/python3.12/site-packages/airflow/example_dags/example_sla_dag.py
[2024-04-09T19:15:35.970+0000] {processor.py:830} INFO - Processing file /home/airflow/.local/lib/python3.12/site-packages/airflow/example_dags/example_sla_dag.py for tasks to queue
[2024-04-09T19:15:35.972+0000] {logging_mixin.py:188} INFO - [2024-04-09T19:15:35.971+0000] {dagbag.py:540} INFO - Filling up the DagBag from /home/airflow/.local/lib/python3.12/site-packages/airflow/example_dags/example_sla_dag.py
[2024-04-09T19:15:35.981+0000] {processor.py:840} INFO - DAG(s) 'example_sla_dag' retrieved from /home/airflow/.local/lib/python3.12/site-packages/airflow/example_dags/example_sla_dag.py
[2024-04-09T19:15:36.003+0000] {logging_mixin.py:188} INFO - [2024-04-09T19:15:36.002+0000] {dag.py:3096} INFO - Sync 1 DAGs
[2024-04-09T19:15:36.040+0000] {logging_mixin.py:188} INFO - [2024-04-09T19:15:36.040+0000] {dag.py:3954} INFO - Setting next_dagrun for example_sla_dag to 2024-04-09 19:12:00+00:00, run_after=2024-04-09 19:14:00+00:00
[2024-04-09T19:15:36.069+0000] {processor.py:183} INFO - Processing /home/airflow/.local/lib/python3.12/site-packages/airflow/example_dags/example_sla_dag.py took 0.108 seconds
[2024-04-09T19:16:07.203+0000] {processor.py:161} INFO - Started process (PID=12790) to work on /home/airflow/.local/lib/python3.12/site-packages/airflow/example_dags/example_sla_dag.py
[2024-04-09T19:16:07.204+0000] {processor.py:830} INFO - Processing file /home/airflow/.local/lib/python3.12/site-packages/airflow/example_dags/example_sla_dag.py for tasks to queue
[2024-04-09T19:16:07.206+0000] {logging_mixin.py:188} INFO - [2024-04-09T19:16:07.206+0000] {dagbag.py:540} INFO - Filling up the DagBag from /home/airflow/.local/lib/python3.12/site-packages/airflow/example_dags/example_sla_dag.py
[2024-04-09T19:16:07.215+0000] {processor.py:840} INFO - DAG(s) 'example_sla_dag' retrieved from /home/airflow/.local/lib/python3.12/site-packages/airflow/example_dags/example_sla_dag.py
[2024-04-09T19:16:07.236+0000] {logging_mixin.py:188} INFO - [2024-04-09T19:16:07.236+0000] {dag.py:3096} INFO - Sync 1 DAGs
[2024-04-09T19:16:07.265+0000] {logging_mixin.py:188} INFO - [2024-04-09T19:16:07.265+0000] {dag.py:3954} INFO - Setting next_dagrun for example_sla_dag to 2024-04-09 19:14:00+00:00, run_after=2024-04-09 19:16:00+00:00
[2024-04-09T19:16:07.306+0000] {processor.py:183} INFO - Processing /home/airflow/.local/lib/python3.12/site-packages/airflow/example_dags/example_sla_dag.py took 0.110 seconds
[2024-04-09T19:16:38.195+0000] {processor.py:161} INFO - Started process (PID=13063) to work on /home/airflow/.local/lib/python3.12/site-packages/airflow/example_dags/example_sla_dag.py
[2024-04-09T19:16:38.196+0000] {processor.py:830} INFO - Processing file /home/airflow/.local/lib/python3.12/site-packages/airflow/example_dags/example_sla_dag.py for tasks to queue
[2024-04-09T19:16:38.198+0000] {logging_mixin.py:188} INFO - [2024-04-09T19:16:38.198+0000] {dagbag.py:540} INFO - Filling up the DagBag from /home/airflow/.local/lib/python3.12/site-packages/airflow/example_dags/example_sla_dag.py
[2024-04-09T19:16:38.209+0000] {processor.py:840} INFO - DAG(s) 'example_sla_dag' retrieved from /home/airflow/.local/lib/python3.12/site-packages/airflow/example_dags/example_sla_dag.py
[2024-04-09T19:16:38.229+0000] {logging_mixin.py:188} INFO - [2024-04-09T19:16:38.229+0000] {dag.py:3096} INFO - Sync 1 DAGs
[2024-04-09T19:16:38.259+0000] {logging_mixin.py:188} INFO - [2024-04-09T19:16:38.259+0000] {dag.py:3954} INFO - Setting next_dagrun for example_sla_dag to 2024-04-09 19:14:00+00:00, run_after=2024-04-09 19:16:00+00:00
[2024-04-09T19:16:38.283+0000] {processor.py:183} INFO - Processing /home/airflow/.local/lib/python3.12/site-packages/airflow/example_dags/example_sla_dag.py took 0.095 seconds
[2024-04-09T19:17:08.637+0000] {processor.py:161} INFO - Started process (PID=13335) to work on /home/airflow/.local/lib/python3.12/site-packages/airflow/example_dags/example_sla_dag.py
[2024-04-09T19:17:08.638+0000] {processor.py:830} INFO - Processing file /home/airflow/.local/lib/python3.12/site-packages/airflow/example_dags/example_sla_dag.py for tasks to queue
[2024-04-09T19:17:08.640+0000] {logging_mixin.py:188} INFO - [2024-04-09T19:17:08.640+0000] {dagbag.py:540} INFO - Filling up the DagBag from /home/airflow/.local/lib/python3.12/site-packages/airflow/example_dags/example_sla_dag.py
[2024-04-09T19:17:08.648+0000] {processor.py:840} INFO - DAG(s) 'example_sla_dag' retrieved from /home/airflow/.local/lib/python3.12/site-packages/airflow/example_dags/example_sla_dag.py
[2024-04-09T19:17:08.669+0000] {logging_mixin.py:188} INFO - [2024-04-09T19:17:08.669+0000] {dag.py:3096} INFO - Sync 1 DAGs
[2024-04-09T19:17:08.698+0000] {logging_mixin.py:188} INFO - [2024-04-09T19:17:08.698+0000] {dag.py:3954} INFO - Setting next_dagrun for example_sla_dag to 2024-04-09 19:14:00+00:00, run_after=2024-04-09 19:16:00+00:00
[2024-04-09T19:17:08.726+0000] {processor.py:183} INFO - Processing /home/airflow/.local/lib/python3.12/site-packages/airflow/example_dags/example_sla_dag.py took 0.096 seconds
[2024-04-09T19:17:39.276+0000] {processor.py:161} INFO - Started process (PID=13607) to work on /home/airflow/.local/lib/python3.12/site-packages/airflow/example_dags/example_sla_dag.py
[2024-04-09T19:17:39.278+0000] {processor.py:830} INFO - Processing file /home/airflow/.local/lib/python3.12/site-packages/airflow/example_dags/example_sla_dag.py for tasks to queue
[2024-04-09T19:17:39.280+0000] {logging_mixin.py:188} INFO - [2024-04-09T19:17:39.279+0000] {dagbag.py:540} INFO - Filling up the DagBag from /home/airflow/.local/lib/python3.12/site-packages/airflow/example_dags/example_sla_dag.py
[2024-04-09T19:17:39.291+0000] {processor.py:840} INFO - DAG(s) 'example_sla_dag' retrieved from /home/airflow/.local/lib/python3.12/site-packages/airflow/example_dags/example_sla_dag.py
[2024-04-09T19:17:39.314+0000] {logging_mixin.py:188} INFO - [2024-04-09T19:17:39.314+0000] {dag.py:3096} INFO - Sync 1 DAGs
[2024-04-09T19:17:39.343+0000] {logging_mixin.py:188} INFO - [2024-04-09T19:17:39.343+0000] {dag.py:3954} INFO - Setting next_dagrun for example_sla_dag to 2024-04-09 19:14:00+00:00, run_after=2024-04-09 19:16:00+00:00
[2024-04-09T19:17:39.368+0000] {processor.py:183} INFO - Processing /home/airflow/.local/lib/python3.12/site-packages/airflow/example_dags/example_sla_dag.py took 0.099 seconds
[2024-04-09T19:18:10.240+0000] {processor.py:161} INFO - Started process (PID=13881) to work on /home/airflow/.local/lib/python3.12/site-packages/airflow/example_dags/example_sla_dag.py
[2024-04-09T19:18:10.241+0000] {processor.py:830} INFO - Processing file /home/airflow/.local/lib/python3.12/site-packages/airflow/example_dags/example_sla_dag.py for tasks to queue
[2024-04-09T19:18:10.243+0000] {logging_mixin.py:188} INFO - [2024-04-09T19:18:10.243+0000] {dagbag.py:540} INFO - Filling up the DagBag from /home/airflow/.local/lib/python3.12/site-packages/airflow/example_dags/example_sla_dag.py
[2024-04-09T19:18:10.253+0000] {processor.py:840} INFO - DAG(s) 'example_sla_dag' retrieved from /home/airflow/.local/lib/python3.12/site-packages/airflow/example_dags/example_sla_dag.py
[2024-04-09T19:18:10.276+0000] {logging_mixin.py:188} INFO - [2024-04-09T19:18:10.276+0000] {dag.py:3096} INFO - Sync 1 DAGs
[2024-04-09T19:18:10.308+0000] {logging_mixin.py:188} INFO - [2024-04-09T19:18:10.307+0000] {dag.py:3954} INFO - Setting next_dagrun for example_sla_dag to 2024-04-09 19:16:00+00:00, run_after=2024-04-09 19:18:00+00:00
[2024-04-09T19:18:10.330+0000] {processor.py:183} INFO - Processing /home/airflow/.local/lib/python3.12/site-packages/airflow/example_dags/example_sla_dag.py took 0.097 seconds
[2024-04-09T19:18:40.913+0000] {processor.py:161} INFO - Started process (PID=14153) to work on /home/airflow/.local/lib/python3.12/site-packages/airflow/example_dags/example_sla_dag.py
[2024-04-09T19:18:40.914+0000] {processor.py:830} INFO - Processing file /home/airflow/.local/lib/python3.12/site-packages/airflow/example_dags/example_sla_dag.py for tasks to queue
[2024-04-09T19:18:40.915+0000] {logging_mixin.py:188} INFO - [2024-04-09T19:18:40.915+0000] {dagbag.py:540} INFO - Filling up the DagBag from /home/airflow/.local/lib/python3.12/site-packages/airflow/example_dags/example_sla_dag.py
[2024-04-09T19:18:40.922+0000] {processor.py:840} INFO - DAG(s) 'example_sla_dag' retrieved from /home/airflow/.local/lib/python3.12/site-packages/airflow/example_dags/example_sla_dag.py
[2024-04-09T19:18:40.938+0000] {logging_mixin.py:188} INFO - [2024-04-09T19:18:40.938+0000] {dag.py:3096} INFO - Sync 1 DAGs
[2024-04-09T19:18:40.958+0000] {logging_mixin.py:188} INFO - [2024-04-09T19:18:40.958+0000] {dag.py:3954} INFO - Setting next_dagrun for example_sla_dag to 2024-04-09 19:16:00+00:00, run_after=2024-04-09 19:18:00+00:00
[2024-04-09T19:18:40.976+0000] {processor.py:183} INFO - Processing /home/airflow/.local/lib/python3.12/site-packages/airflow/example_dags/example_sla_dag.py took 0.068 seconds
[2024-04-09T19:19:11.392+0000] {processor.py:161} INFO - Started process (PID=14428) to work on /home/airflow/.local/lib/python3.12/site-packages/airflow/example_dags/example_sla_dag.py
[2024-04-09T19:19:11.393+0000] {processor.py:830} INFO - Processing file /home/airflow/.local/lib/python3.12/site-packages/airflow/example_dags/example_sla_dag.py for tasks to queue
[2024-04-09T19:19:11.395+0000] {logging_mixin.py:188} INFO - [2024-04-09T19:19:11.394+0000] {dagbag.py:540} INFO - Filling up the DagBag from /home/airflow/.local/lib/python3.12/site-packages/airflow/example_dags/example_sla_dag.py
[2024-04-09T19:19:11.404+0000] {processor.py:840} INFO - DAG(s) 'example_sla_dag' retrieved from /home/airflow/.local/lib/python3.12/site-packages/airflow/example_dags/example_sla_dag.py
[2024-04-09T19:19:11.425+0000] {logging_mixin.py:188} INFO - [2024-04-09T19:19:11.424+0000] {dag.py:3096} INFO - Sync 1 DAGs
[2024-04-09T19:19:11.456+0000] {logging_mixin.py:188} INFO - [2024-04-09T19:19:11.456+0000] {dag.py:3954} INFO - Setting next_dagrun for example_sla_dag to 2024-04-09 19:16:00+00:00, run_after=2024-04-09 19:18:00+00:00
[2024-04-09T19:19:11.481+0000] {processor.py:183} INFO - Processing /home/airflow/.local/lib/python3.12/site-packages/airflow/example_dags/example_sla_dag.py took 0.095 seconds
[2024-04-09T19:19:42.142+0000] {processor.py:161} INFO - Started process (PID=14701) to work on /home/airflow/.local/lib/python3.12/site-packages/airflow/example_dags/example_sla_dag.py
[2024-04-09T19:19:42.144+0000] {processor.py:830} INFO - Processing file /home/airflow/.local/lib/python3.12/site-packages/airflow/example_dags/example_sla_dag.py for tasks to queue
[2024-04-09T19:19:42.146+0000] {logging_mixin.py:188} INFO - [2024-04-09T19:19:42.146+0000] {dagbag.py:540} INFO - Filling up the DagBag from /home/airflow/.local/lib/python3.12/site-packages/airflow/example_dags/example_sla_dag.py
[2024-04-09T19:19:42.157+0000] {processor.py:840} INFO - DAG(s) 'example_sla_dag' retrieved from /home/airflow/.local/lib/python3.12/site-packages/airflow/example_dags/example_sla_dag.py
[2024-04-09T19:19:42.177+0000] {logging_mixin.py:188} INFO - [2024-04-09T19:19:42.177+0000] {dag.py:3096} INFO - Sync 1 DAGs
[2024-04-09T19:19:42.207+0000] {logging_mixin.py:188} INFO - [2024-04-09T19:19:42.206+0000] {dag.py:3954} INFO - Setting next_dagrun for example_sla_dag to 2024-04-09 19:16:00+00:00, run_after=2024-04-09 19:18:00+00:00
[2024-04-09T19:19:42.241+0000] {processor.py:183} INFO - Processing /home/airflow/.local/lib/python3.12/site-packages/airflow/example_dags/example_sla_dag.py took 0.106 seconds
[2024-04-09T19:20:12.426+0000] {processor.py:161} INFO - Started process (PID=14974) to work on /home/airflow/.local/lib/python3.12/site-packages/airflow/example_dags/example_sla_dag.py
[2024-04-09T19:20:12.429+0000] {processor.py:830} INFO - Processing file /home/airflow/.local/lib/python3.12/site-packages/airflow/example_dags/example_sla_dag.py for tasks to queue
[2024-04-09T19:20:12.432+0000] {logging_mixin.py:188} INFO - [2024-04-09T19:20:12.432+0000] {dagbag.py:540} INFO - Filling up the DagBag from /home/airflow/.local/lib/python3.12/site-packages/airflow/example_dags/example_sla_dag.py
[2024-04-09T19:20:12.443+0000] {processor.py:840} INFO - DAG(s) 'example_sla_dag' retrieved from /home/airflow/.local/lib/python3.12/site-packages/airflow/example_dags/example_sla_dag.py
[2024-04-09T19:20:12.468+0000] {logging_mixin.py:188} INFO - [2024-04-09T19:20:12.467+0000] {dag.py:3096} INFO - Sync 1 DAGs
[2024-04-09T19:20:12.509+0000] {logging_mixin.py:188} INFO - [2024-04-09T19:20:12.509+0000] {dag.py:3954} INFO - Setting next_dagrun for example_sla_dag to 2024-04-09 19:18:00+00:00, run_after=2024-04-09 19:20:00+00:00
[2024-04-09T19:20:12.542+0000] {processor.py:183} INFO - Processing /home/airflow/.local/lib/python3.12/site-packages/airflow/example_dags/example_sla_dag.py took 0.124 seconds
[2024-04-09T19:20:43.292+0000] {processor.py:161} INFO - Started process (PID=15246) to work on /home/airflow/.local/lib/python3.12/site-packages/airflow/example_dags/example_sla_dag.py
[2024-04-09T19:20:43.293+0000] {processor.py:830} INFO - Processing file /home/airflow/.local/lib/python3.12/site-packages/airflow/example_dags/example_sla_dag.py for tasks to queue
[2024-04-09T19:20:43.294+0000] {logging_mixin.py:188} INFO - [2024-04-09T19:20:43.294+0000] {dagbag.py:540} INFO - Filling up the DagBag from /home/airflow/.local/lib/python3.12/site-packages/airflow/example_dags/example_sla_dag.py
[2024-04-09T19:20:43.304+0000] {processor.py:840} INFO - DAG(s) 'example_sla_dag' retrieved from /home/airflow/.local/lib/python3.12/site-packages/airflow/example_dags/example_sla_dag.py
[2024-04-09T19:20:43.328+0000] {logging_mixin.py:188} INFO - [2024-04-09T19:20:43.328+0000] {dag.py:3096} INFO - Sync 1 DAGs
[2024-04-09T19:20:43.360+0000] {logging_mixin.py:188} INFO - [2024-04-09T19:20:43.360+0000] {dag.py:3954} INFO - Setting next_dagrun for example_sla_dag to 2024-04-09 19:18:00+00:00, run_after=2024-04-09 19:20:00+00:00
[2024-04-09T19:20:43.384+0000] {processor.py:183} INFO - Processing /home/airflow/.local/lib/python3.12/site-packages/airflow/example_dags/example_sla_dag.py took 0.098 seconds
[2024-04-09T19:21:13.933+0000] {processor.py:161} INFO - Started process (PID=15519) to work on /home/airflow/.local/lib/python3.12/site-packages/airflow/example_dags/example_sla_dag.py
[2024-04-09T19:21:13.934+0000] {processor.py:830} INFO - Processing file /home/airflow/.local/lib/python3.12/site-packages/airflow/example_dags/example_sla_dag.py for tasks to queue
[2024-04-09T19:21:13.939+0000] {logging_mixin.py:188} INFO - [2024-04-09T19:21:13.936+0000] {dagbag.py:540} INFO - Filling up the DagBag from /home/airflow/.local/lib/python3.12/site-packages/airflow/example_dags/example_sla_dag.py
[2024-04-09T19:21:13.949+0000] {processor.py:840} INFO - DAG(s) 'example_sla_dag' retrieved from /home/airflow/.local/lib/python3.12/site-packages/airflow/example_dags/example_sla_dag.py
[2024-04-09T19:21:13.976+0000] {logging_mixin.py:188} INFO - [2024-04-09T19:21:13.976+0000] {dag.py:3096} INFO - Sync 1 DAGs
[2024-04-09T19:21:14.012+0000] {logging_mixin.py:188} INFO - [2024-04-09T19:21:14.012+0000] {dag.py:3954} INFO - Setting next_dagrun for example_sla_dag to 2024-04-09 19:18:00+00:00, run_after=2024-04-09 19:20:00+00:00
[2024-04-09T19:21:14.064+0000] {processor.py:183} INFO - Processing /home/airflow/.local/lib/python3.12/site-packages/airflow/example_dags/example_sla_dag.py took 0.145 seconds
[2024-04-09T19:21:44.501+0000] {processor.py:161} INFO - Started process (PID=15791) to work on /home/airflow/.local/lib/python3.12/site-packages/airflow/example_dags/example_sla_dag.py
[2024-04-09T19:21:44.502+0000] {processor.py:830} INFO - Processing file /home/airflow/.local/lib/python3.12/site-packages/airflow/example_dags/example_sla_dag.py for tasks to queue
[2024-04-09T19:21:44.504+0000] {logging_mixin.py:188} INFO - [2024-04-09T19:21:44.504+0000] {dagbag.py:540} INFO - Filling up the DagBag from /home/airflow/.local/lib/python3.12/site-packages/airflow/example_dags/example_sla_dag.py
[2024-04-09T19:21:44.513+0000] {processor.py:840} INFO - DAG(s) 'example_sla_dag' retrieved from /home/airflow/.local/lib/python3.12/site-packages/airflow/example_dags/example_sla_dag.py
[2024-04-09T19:21:44.536+0000] {logging_mixin.py:188} INFO - [2024-04-09T19:21:44.536+0000] {dag.py:3096} INFO - Sync 1 DAGs
[2024-04-09T19:21:44.568+0000] {logging_mixin.py:188} INFO - [2024-04-09T19:21:44.567+0000] {dag.py:3954} INFO - Setting next_dagrun for example_sla_dag to 2024-04-09 19:18:00+00:00, run_after=2024-04-09 19:20:00+00:00
[2024-04-09T19:21:44.591+0000] {processor.py:183} INFO - Processing /home/airflow/.local/lib/python3.12/site-packages/airflow/example_dags/example_sla_dag.py took 0.098 seconds
[2024-04-09T19:22:14.981+0000] {processor.py:161} INFO - Started process (PID=16063) to work on /home/airflow/.local/lib/python3.12/site-packages/airflow/example_dags/example_sla_dag.py
[2024-04-09T19:22:14.985+0000] {processor.py:830} INFO - Processing file /home/airflow/.local/lib/python3.12/site-packages/airflow/example_dags/example_sla_dag.py for tasks to queue
[2024-04-09T19:22:14.987+0000] {logging_mixin.py:188} INFO - [2024-04-09T19:22:14.986+0000] {dagbag.py:540} INFO - Filling up the DagBag from /home/airflow/.local/lib/python3.12/site-packages/airflow/example_dags/example_sla_dag.py
[2024-04-09T19:22:15.010+0000] {processor.py:840} INFO - DAG(s) 'example_sla_dag' retrieved from /home/airflow/.local/lib/python3.12/site-packages/airflow/example_dags/example_sla_dag.py
[2024-04-09T19:22:15.046+0000] {logging_mixin.py:188} INFO - [2024-04-09T19:22:15.046+0000] {dag.py:3096} INFO - Sync 1 DAGs
[2024-04-09T19:22:15.077+0000] {logging_mixin.py:188} INFO - [2024-04-09T19:22:15.077+0000] {dag.py:3954} INFO - Setting next_dagrun for example_sla_dag to 2024-04-09 19:20:00+00:00, run_after=2024-04-09 19:22:00+00:00
[2024-04-09T19:22:15.100+0000] {processor.py:183} INFO - Processing /home/airflow/.local/lib/python3.12/site-packages/airflow/example_dags/example_sla_dag.py took 0.152 seconds
[2024-04-09T19:22:45.534+0000] {processor.py:161} INFO - Started process (PID=16335) to work on /home/airflow/.local/lib/python3.12/site-packages/airflow/example_dags/example_sla_dag.py
[2024-04-09T19:22:45.536+0000] {processor.py:830} INFO - Processing file /home/airflow/.local/lib/python3.12/site-packages/airflow/example_dags/example_sla_dag.py for tasks to queue
[2024-04-09T19:22:45.538+0000] {logging_mixin.py:188} INFO - [2024-04-09T19:22:45.537+0000] {dagbag.py:540} INFO - Filling up the DagBag from /home/airflow/.local/lib/python3.12/site-packages/airflow/example_dags/example_sla_dag.py
[2024-04-09T19:22:45.547+0000] {processor.py:840} INFO - DAG(s) 'example_sla_dag' retrieved from /home/airflow/.local/lib/python3.12/site-packages/airflow/example_dags/example_sla_dag.py
[2024-04-09T19:22:45.570+0000] {logging_mixin.py:188} INFO - [2024-04-09T19:22:45.570+0000] {dag.py:3096} INFO - Sync 1 DAGs
[2024-04-09T19:22:45.603+0000] {logging_mixin.py:188} INFO - [2024-04-09T19:22:45.602+0000] {dag.py:3954} INFO - Setting next_dagrun for example_sla_dag to 2024-04-09 19:20:00+00:00, run_after=2024-04-09 19:22:00+00:00
[2024-04-09T19:22:45.628+0000] {processor.py:183} INFO - Processing /home/airflow/.local/lib/python3.12/site-packages/airflow/example_dags/example_sla_dag.py took 0.100 seconds
[2024-04-09T19:23:16.183+0000] {processor.py:161} INFO - Started process (PID=16607) to work on /home/airflow/.local/lib/python3.12/site-packages/airflow/example_dags/example_sla_dag.py
[2024-04-09T19:23:16.184+0000] {processor.py:830} INFO - Processing file /home/airflow/.local/lib/python3.12/site-packages/airflow/example_dags/example_sla_dag.py for tasks to queue
[2024-04-09T19:23:16.186+0000] {logging_mixin.py:188} INFO - [2024-04-09T19:23:16.186+0000] {dagbag.py:540} INFO - Filling up the DagBag from /home/airflow/.local/lib/python3.12/site-packages/airflow/example_dags/example_sla_dag.py
[2024-04-09T19:23:16.196+0000] {processor.py:840} INFO - DAG(s) 'example_sla_dag' retrieved from /home/airflow/.local/lib/python3.12/site-packages/airflow/example_dags/example_sla_dag.py
[2024-04-09T19:23:16.217+0000] {logging_mixin.py:188} INFO - [2024-04-09T19:23:16.217+0000] {dag.py:3096} INFO - Sync 1 DAGs
[2024-04-09T19:23:16.249+0000] {logging_mixin.py:188} INFO - [2024-04-09T19:23:16.249+0000] {dag.py:3954} INFO - Setting next_dagrun for example_sla_dag to 2024-04-09 19:20:00+00:00, run_after=2024-04-09 19:22:00+00:00
[2024-04-09T19:23:16.272+0000] {processor.py:183} INFO - Processing /home/airflow/.local/lib/python3.12/site-packages/airflow/example_dags/example_sla_dag.py took 0.095 seconds
[2024-04-09T19:23:46.572+0000] {processor.py:161} INFO - Started process (PID=16879) to work on /home/airflow/.local/lib/python3.12/site-packages/airflow/example_dags/example_sla_dag.py
[2024-04-09T19:23:46.573+0000] {processor.py:830} INFO - Processing file /home/airflow/.local/lib/python3.12/site-packages/airflow/example_dags/example_sla_dag.py for tasks to queue
[2024-04-09T19:23:46.574+0000] {logging_mixin.py:188} INFO - [2024-04-09T19:23:46.574+0000] {dagbag.py:540} INFO - Filling up the DagBag from /home/airflow/.local/lib/python3.12/site-packages/airflow/example_dags/example_sla_dag.py
[2024-04-09T19:23:46.584+0000] {processor.py:840} INFO - DAG(s) 'example_sla_dag' retrieved from /home/airflow/.local/lib/python3.12/site-packages/airflow/example_dags/example_sla_dag.py
[2024-04-09T19:23:46.604+0000] {logging_mixin.py:188} INFO - [2024-04-09T19:23:46.604+0000] {dag.py:3096} INFO - Sync 1 DAGs
[2024-04-09T19:23:46.640+0000] {logging_mixin.py:188} INFO - [2024-04-09T19:23:46.639+0000] {dag.py:3954} INFO - Setting next_dagrun for example_sla_dag to 2024-04-09 19:20:00+00:00, run_after=2024-04-09 19:22:00+00:00
[2024-04-09T19:23:46.685+0000] {processor.py:183} INFO - Processing /home/airflow/.local/lib/python3.12/site-packages/airflow/example_dags/example_sla_dag.py took 0.118 seconds
