[2024-04-09T18:50:56.110+0000] {processor.py:161} INFO - Started process (PID=300) to work on /home/airflow/.local/lib/python3.12/site-packages/airflow/example_dags/example_python_operator.py
[2024-04-09T18:50:56.115+0000] {processor.py:830} INFO - Processing file /home/airflow/.local/lib/python3.12/site-packages/airflow/example_dags/example_python_operator.py for tasks to queue
[2024-04-09T18:50:56.117+0000] {logging_mixin.py:188} INFO - [2024-04-09T18:50:56.117+0000] {dagbag.py:540} INFO - Filling up the DagBag from /home/airflow/.local/lib/python3.12/site-packages/airflow/example_dags/example_python_operator.py
[2024-04-09T18:50:56.153+0000] {processor.py:840} INFO - DAG(s) 'example_python_operator' retrieved from /home/airflow/.local/lib/python3.12/site-packages/airflow/example_dags/example_python_operator.py
[2024-04-09T18:50:56.715+0000] {logging_mixin.py:188} INFO - [2024-04-09T18:50:56.714+0000] {override.py:1829} INFO - Created Permission View: can edit on DAG:example_python_operator
[2024-04-09T18:50:56.745+0000] {logging_mixin.py:188} INFO - [2024-04-09T18:50:56.744+0000] {override.py:1829} INFO - Created Permission View: can delete on DAG:example_python_operator
[2024-04-09T18:50:56.765+0000] {logging_mixin.py:188} INFO - [2024-04-09T18:50:56.765+0000] {override.py:1829} INFO - Created Permission View: can read on DAG:example_python_operator
[2024-04-09T18:50:56.766+0000] {logging_mixin.py:188} INFO - [2024-04-09T18:50:56.766+0000] {dag.py:3096} INFO - Sync 1 DAGs
[2024-04-09T18:50:56.877+0000] {logging_mixin.py:188} INFO - [2024-04-09T18:50:56.877+0000] {dag.py:3118} INFO - Creating ORM DAG for example_python_operator
[2024-04-09T18:50:56.883+0000] {logging_mixin.py:188} INFO - [2024-04-09T18:50:56.883+0000] {dag.py:3954} INFO - Setting next_dagrun for example_python_operator to None, run_after=None
[2024-04-09T18:50:57.073+0000] {processor.py:183} INFO - Processing /home/airflow/.local/lib/python3.12/site-packages/airflow/example_dags/example_python_operator.py took 0.986 seconds
[2024-04-09T18:51:27.634+0000] {processor.py:161} INFO - Started process (PID=563) to work on /home/airflow/.local/lib/python3.12/site-packages/airflow/example_dags/example_python_operator.py
[2024-04-09T18:51:27.635+0000] {processor.py:830} INFO - Processing file /home/airflow/.local/lib/python3.12/site-packages/airflow/example_dags/example_python_operator.py for tasks to queue
[2024-04-09T18:51:27.637+0000] {logging_mixin.py:188} INFO - [2024-04-09T18:51:27.637+0000] {dagbag.py:540} INFO - Filling up the DagBag from /home/airflow/.local/lib/python3.12/site-packages/airflow/example_dags/example_python_operator.py
[2024-04-09T18:51:27.649+0000] {processor.py:840} INFO - DAG(s) 'example_python_operator' retrieved from /home/airflow/.local/lib/python3.12/site-packages/airflow/example_dags/example_python_operator.py
[2024-04-09T18:51:27.678+0000] {logging_mixin.py:188} INFO - [2024-04-09T18:51:27.678+0000] {dag.py:3096} INFO - Sync 1 DAGs
[2024-04-09T18:51:27.693+0000] {logging_mixin.py:188} INFO - [2024-04-09T18:51:27.693+0000] {dag.py:3954} INFO - Setting next_dagrun for example_python_operator to None, run_after=None
[2024-04-09T18:51:27.719+0000] {processor.py:183} INFO - Processing /home/airflow/.local/lib/python3.12/site-packages/airflow/example_dags/example_python_operator.py took 0.091 seconds
[2024-04-09T18:52:35.113+0000] {processor.py:161} INFO - Started process (PID=293) to work on /home/airflow/.local/lib/python3.12/site-packages/airflow/example_dags/example_python_operator.py
[2024-04-09T18:52:35.114+0000] {processor.py:830} INFO - Processing file /home/airflow/.local/lib/python3.12/site-packages/airflow/example_dags/example_python_operator.py for tasks to queue
[2024-04-09T18:52:35.121+0000] {logging_mixin.py:188} INFO - [2024-04-09T18:52:35.117+0000] {dagbag.py:540} INFO - Filling up the DagBag from /home/airflow/.local/lib/python3.12/site-packages/airflow/example_dags/example_python_operator.py
[2024-04-09T18:52:35.147+0000] {processor.py:840} INFO - DAG(s) 'example_python_operator' retrieved from /home/airflow/.local/lib/python3.12/site-packages/airflow/example_dags/example_python_operator.py
[2024-04-09T18:52:35.528+0000] {logging_mixin.py:188} INFO - [2024-04-09T18:52:35.527+0000] {dag.py:3096} INFO - Sync 1 DAGs
[2024-04-09T18:52:35.567+0000] {logging_mixin.py:188} INFO - [2024-04-09T18:52:35.567+0000] {dag.py:3954} INFO - Setting next_dagrun for example_python_operator to None, run_after=None
[2024-04-09T18:52:35.685+0000] {processor.py:183} INFO - Processing /home/airflow/.local/lib/python3.12/site-packages/airflow/example_dags/example_python_operator.py took 0.581 seconds
[2024-04-09T18:53:06.165+0000] {processor.py:161} INFO - Started process (PID=562) to work on /home/airflow/.local/lib/python3.12/site-packages/airflow/example_dags/example_python_operator.py
[2024-04-09T18:53:06.165+0000] {processor.py:830} INFO - Processing file /home/airflow/.local/lib/python3.12/site-packages/airflow/example_dags/example_python_operator.py for tasks to queue
[2024-04-09T18:53:06.167+0000] {logging_mixin.py:188} INFO - [2024-04-09T18:53:06.167+0000] {dagbag.py:540} INFO - Filling up the DagBag from /home/airflow/.local/lib/python3.12/site-packages/airflow/example_dags/example_python_operator.py
[2024-04-09T18:53:06.175+0000] {processor.py:840} INFO - DAG(s) 'example_python_operator' retrieved from /home/airflow/.local/lib/python3.12/site-packages/airflow/example_dags/example_python_operator.py
[2024-04-09T18:53:06.194+0000] {logging_mixin.py:188} INFO - [2024-04-09T18:53:06.194+0000] {dag.py:3096} INFO - Sync 1 DAGs
[2024-04-09T18:53:06.204+0000] {logging_mixin.py:188} INFO - [2024-04-09T18:53:06.204+0000] {dag.py:3954} INFO - Setting next_dagrun for example_python_operator to None, run_after=None
[2024-04-09T18:53:06.223+0000] {processor.py:183} INFO - Processing /home/airflow/.local/lib/python3.12/site-packages/airflow/example_dags/example_python_operator.py took 0.063 seconds
[2024-04-09T18:53:36.573+0000] {processor.py:161} INFO - Started process (PID=824) to work on /home/airflow/.local/lib/python3.12/site-packages/airflow/example_dags/example_python_operator.py
[2024-04-09T18:53:36.574+0000] {processor.py:830} INFO - Processing file /home/airflow/.local/lib/python3.12/site-packages/airflow/example_dags/example_python_operator.py for tasks to queue
[2024-04-09T18:53:36.575+0000] {logging_mixin.py:188} INFO - [2024-04-09T18:53:36.575+0000] {dagbag.py:540} INFO - Filling up the DagBag from /home/airflow/.local/lib/python3.12/site-packages/airflow/example_dags/example_python_operator.py
[2024-04-09T18:53:36.583+0000] {processor.py:840} INFO - DAG(s) 'example_python_operator' retrieved from /home/airflow/.local/lib/python3.12/site-packages/airflow/example_dags/example_python_operator.py
[2024-04-09T18:53:36.602+0000] {logging_mixin.py:188} INFO - [2024-04-09T18:53:36.602+0000] {dag.py:3096} INFO - Sync 1 DAGs
[2024-04-09T18:53:36.613+0000] {logging_mixin.py:188} INFO - [2024-04-09T18:53:36.612+0000] {dag.py:3954} INFO - Setting next_dagrun for example_python_operator to None, run_after=None
[2024-04-09T18:53:36.632+0000] {processor.py:183} INFO - Processing /home/airflow/.local/lib/python3.12/site-packages/airflow/example_dags/example_python_operator.py took 0.064 seconds
[2024-04-09T18:54:07.708+0000] {processor.py:161} INFO - Started process (PID=1084) to work on /home/airflow/.local/lib/python3.12/site-packages/airflow/example_dags/example_python_operator.py
[2024-04-09T18:54:07.709+0000] {processor.py:830} INFO - Processing file /home/airflow/.local/lib/python3.12/site-packages/airflow/example_dags/example_python_operator.py for tasks to queue
[2024-04-09T18:54:07.711+0000] {logging_mixin.py:188} INFO - [2024-04-09T18:54:07.711+0000] {dagbag.py:540} INFO - Filling up the DagBag from /home/airflow/.local/lib/python3.12/site-packages/airflow/example_dags/example_python_operator.py
[2024-04-09T18:54:07.724+0000] {processor.py:840} INFO - DAG(s) 'example_python_operator' retrieved from /home/airflow/.local/lib/python3.12/site-packages/airflow/example_dags/example_python_operator.py
[2024-04-09T18:54:07.749+0000] {logging_mixin.py:188} INFO - [2024-04-09T18:54:07.749+0000] {dag.py:3096} INFO - Sync 1 DAGs
[2024-04-09T18:54:07.764+0000] {logging_mixin.py:188} INFO - [2024-04-09T18:54:07.764+0000] {dag.py:3954} INFO - Setting next_dagrun for example_python_operator to None, run_after=None
[2024-04-09T18:54:07.792+0000] {processor.py:183} INFO - Processing /home/airflow/.local/lib/python3.12/site-packages/airflow/example_dags/example_python_operator.py took 0.092 seconds
[2024-04-09T18:54:38.130+0000] {processor.py:161} INFO - Started process (PID=1348) to work on /home/airflow/.local/lib/python3.12/site-packages/airflow/example_dags/example_python_operator.py
[2024-04-09T18:54:38.131+0000] {processor.py:830} INFO - Processing file /home/airflow/.local/lib/python3.12/site-packages/airflow/example_dags/example_python_operator.py for tasks to queue
[2024-04-09T18:54:38.133+0000] {logging_mixin.py:188} INFO - [2024-04-09T18:54:38.132+0000] {dagbag.py:540} INFO - Filling up the DagBag from /home/airflow/.local/lib/python3.12/site-packages/airflow/example_dags/example_python_operator.py
[2024-04-09T18:54:38.141+0000] {processor.py:840} INFO - DAG(s) 'example_python_operator' retrieved from /home/airflow/.local/lib/python3.12/site-packages/airflow/example_dags/example_python_operator.py
[2024-04-09T18:54:38.159+0000] {logging_mixin.py:188} INFO - [2024-04-09T18:54:38.159+0000] {dag.py:3096} INFO - Sync 1 DAGs
[2024-04-09T18:54:38.170+0000] {logging_mixin.py:188} INFO - [2024-04-09T18:54:38.169+0000] {dag.py:3954} INFO - Setting next_dagrun for example_python_operator to None, run_after=None
[2024-04-09T18:54:38.200+0000] {processor.py:183} INFO - Processing /home/airflow/.local/lib/python3.12/site-packages/airflow/example_dags/example_python_operator.py took 0.074 seconds
[2024-04-09T18:55:08.612+0000] {processor.py:161} INFO - Started process (PID=1608) to work on /home/airflow/.local/lib/python3.12/site-packages/airflow/example_dags/example_python_operator.py
[2024-04-09T18:55:08.613+0000] {processor.py:830} INFO - Processing file /home/airflow/.local/lib/python3.12/site-packages/airflow/example_dags/example_python_operator.py for tasks to queue
[2024-04-09T18:55:08.615+0000] {logging_mixin.py:188} INFO - [2024-04-09T18:55:08.614+0000] {dagbag.py:540} INFO - Filling up the DagBag from /home/airflow/.local/lib/python3.12/site-packages/airflow/example_dags/example_python_operator.py
[2024-04-09T18:55:08.651+0000] {processor.py:840} INFO - DAG(s) 'example_python_operator' retrieved from /home/airflow/.local/lib/python3.12/site-packages/airflow/example_dags/example_python_operator.py
[2024-04-09T18:55:08.678+0000] {logging_mixin.py:188} INFO - [2024-04-09T18:55:08.677+0000] {dag.py:3096} INFO - Sync 1 DAGs
[2024-04-09T18:55:08.692+0000] {logging_mixin.py:188} INFO - [2024-04-09T18:55:08.692+0000] {dag.py:3954} INFO - Setting next_dagrun for example_python_operator to None, run_after=None
[2024-04-09T18:55:08.717+0000] {processor.py:183} INFO - Processing /home/airflow/.local/lib/python3.12/site-packages/airflow/example_dags/example_python_operator.py took 0.113 seconds
[2024-04-09T18:55:39.197+0000] {processor.py:161} INFO - Started process (PID=1871) to work on /home/airflow/.local/lib/python3.12/site-packages/airflow/example_dags/example_python_operator.py
[2024-04-09T18:55:39.198+0000] {processor.py:830} INFO - Processing file /home/airflow/.local/lib/python3.12/site-packages/airflow/example_dags/example_python_operator.py for tasks to queue
[2024-04-09T18:55:39.200+0000] {logging_mixin.py:188} INFO - [2024-04-09T18:55:39.200+0000] {dagbag.py:540} INFO - Filling up the DagBag from /home/airflow/.local/lib/python3.12/site-packages/airflow/example_dags/example_python_operator.py
[2024-04-09T18:55:39.212+0000] {processor.py:840} INFO - DAG(s) 'example_python_operator' retrieved from /home/airflow/.local/lib/python3.12/site-packages/airflow/example_dags/example_python_operator.py
[2024-04-09T18:55:39.261+0000] {logging_mixin.py:188} INFO - [2024-04-09T18:55:39.261+0000] {dag.py:3096} INFO - Sync 1 DAGs
[2024-04-09T18:55:39.277+0000] {logging_mixin.py:188} INFO - [2024-04-09T18:55:39.276+0000] {dag.py:3954} INFO - Setting next_dagrun for example_python_operator to None, run_after=None
[2024-04-09T18:55:39.300+0000] {processor.py:183} INFO - Processing /home/airflow/.local/lib/python3.12/site-packages/airflow/example_dags/example_python_operator.py took 0.110 seconds
[2024-04-09T18:56:09.697+0000] {processor.py:161} INFO - Started process (PID=2135) to work on /home/airflow/.local/lib/python3.12/site-packages/airflow/example_dags/example_python_operator.py
[2024-04-09T18:56:09.698+0000] {processor.py:830} INFO - Processing file /home/airflow/.local/lib/python3.12/site-packages/airflow/example_dags/example_python_operator.py for tasks to queue
[2024-04-09T18:56:09.701+0000] {logging_mixin.py:188} INFO - [2024-04-09T18:56:09.701+0000] {dagbag.py:540} INFO - Filling up the DagBag from /home/airflow/.local/lib/python3.12/site-packages/airflow/example_dags/example_python_operator.py
[2024-04-09T18:56:09.714+0000] {processor.py:840} INFO - DAG(s) 'example_python_operator' retrieved from /home/airflow/.local/lib/python3.12/site-packages/airflow/example_dags/example_python_operator.py
[2024-04-09T18:56:09.742+0000] {logging_mixin.py:188} INFO - [2024-04-09T18:56:09.742+0000] {dag.py:3096} INFO - Sync 1 DAGs
[2024-04-09T18:56:09.757+0000] {logging_mixin.py:188} INFO - [2024-04-09T18:56:09.757+0000] {dag.py:3954} INFO - Setting next_dagrun for example_python_operator to None, run_after=None
[2024-04-09T18:56:09.786+0000] {processor.py:183} INFO - Processing /home/airflow/.local/lib/python3.12/site-packages/airflow/example_dags/example_python_operator.py took 0.094 seconds
[2024-04-09T18:56:40.427+0000] {processor.py:161} INFO - Started process (PID=2395) to work on /home/airflow/.local/lib/python3.12/site-packages/airflow/example_dags/example_python_operator.py
[2024-04-09T18:56:40.428+0000] {processor.py:830} INFO - Processing file /home/airflow/.local/lib/python3.12/site-packages/airflow/example_dags/example_python_operator.py for tasks to queue
[2024-04-09T18:56:40.430+0000] {logging_mixin.py:188} INFO - [2024-04-09T18:56:40.430+0000] {dagbag.py:540} INFO - Filling up the DagBag from /home/airflow/.local/lib/python3.12/site-packages/airflow/example_dags/example_python_operator.py
[2024-04-09T18:56:40.442+0000] {processor.py:840} INFO - DAG(s) 'example_python_operator' retrieved from /home/airflow/.local/lib/python3.12/site-packages/airflow/example_dags/example_python_operator.py
[2024-04-09T18:56:40.467+0000] {logging_mixin.py:188} INFO - [2024-04-09T18:56:40.467+0000] {dag.py:3096} INFO - Sync 1 DAGs
[2024-04-09T18:56:40.483+0000] {logging_mixin.py:188} INFO - [2024-04-09T18:56:40.482+0000] {dag.py:3954} INFO - Setting next_dagrun for example_python_operator to None, run_after=None
[2024-04-09T18:56:40.505+0000] {processor.py:183} INFO - Processing /home/airflow/.local/lib/python3.12/site-packages/airflow/example_dags/example_python_operator.py took 0.086 seconds
[2024-04-09T18:57:10.849+0000] {processor.py:161} INFO - Started process (PID=2657) to work on /home/airflow/.local/lib/python3.12/site-packages/airflow/example_dags/example_python_operator.py
[2024-04-09T18:57:10.850+0000] {processor.py:830} INFO - Processing file /home/airflow/.local/lib/python3.12/site-packages/airflow/example_dags/example_python_operator.py for tasks to queue
[2024-04-09T18:57:10.852+0000] {logging_mixin.py:188} INFO - [2024-04-09T18:57:10.852+0000] {dagbag.py:540} INFO - Filling up the DagBag from /home/airflow/.local/lib/python3.12/site-packages/airflow/example_dags/example_python_operator.py
[2024-04-09T18:57:10.865+0000] {processor.py:840} INFO - DAG(s) 'example_python_operator' retrieved from /home/airflow/.local/lib/python3.12/site-packages/airflow/example_dags/example_python_operator.py
[2024-04-09T18:57:10.892+0000] {logging_mixin.py:188} INFO - [2024-04-09T18:57:10.891+0000] {dag.py:3096} INFO - Sync 1 DAGs
[2024-04-09T18:57:10.914+0000] {logging_mixin.py:188} INFO - [2024-04-09T18:57:10.914+0000] {dag.py:3954} INFO - Setting next_dagrun for example_python_operator to None, run_after=None
[2024-04-09T18:57:10.937+0000] {processor.py:183} INFO - Processing /home/airflow/.local/lib/python3.12/site-packages/airflow/example_dags/example_python_operator.py took 0.094 seconds
[2024-04-09T18:57:41.500+0000] {processor.py:161} INFO - Started process (PID=2931) to work on /home/airflow/.local/lib/python3.12/site-packages/airflow/example_dags/example_python_operator.py
[2024-04-09T18:57:41.501+0000] {processor.py:830} INFO - Processing file /home/airflow/.local/lib/python3.12/site-packages/airflow/example_dags/example_python_operator.py for tasks to queue
[2024-04-09T18:57:41.502+0000] {logging_mixin.py:188} INFO - [2024-04-09T18:57:41.502+0000] {dagbag.py:540} INFO - Filling up the DagBag from /home/airflow/.local/lib/python3.12/site-packages/airflow/example_dags/example_python_operator.py
[2024-04-09T18:57:41.514+0000] {processor.py:840} INFO - DAG(s) 'example_python_operator' retrieved from /home/airflow/.local/lib/python3.12/site-packages/airflow/example_dags/example_python_operator.py
[2024-04-09T18:57:41.542+0000] {logging_mixin.py:188} INFO - [2024-04-09T18:57:41.542+0000] {dag.py:3096} INFO - Sync 1 DAGs
[2024-04-09T18:57:41.559+0000] {logging_mixin.py:188} INFO - [2024-04-09T18:57:41.558+0000] {dag.py:3954} INFO - Setting next_dagrun for example_python_operator to None, run_after=None
[2024-04-09T18:57:41.596+0000] {processor.py:183} INFO - Processing /home/airflow/.local/lib/python3.12/site-packages/airflow/example_dags/example_python_operator.py took 0.102 seconds
[2024-04-09T18:58:11.682+0000] {processor.py:161} INFO - Started process (PID=3202) to work on /home/airflow/.local/lib/python3.12/site-packages/airflow/example_dags/example_python_operator.py
[2024-04-09T18:58:11.684+0000] {processor.py:830} INFO - Processing file /home/airflow/.local/lib/python3.12/site-packages/airflow/example_dags/example_python_operator.py for tasks to queue
[2024-04-09T18:58:11.686+0000] {logging_mixin.py:188} INFO - [2024-04-09T18:58:11.685+0000] {dagbag.py:540} INFO - Filling up the DagBag from /home/airflow/.local/lib/python3.12/site-packages/airflow/example_dags/example_python_operator.py
[2024-04-09T18:58:11.697+0000] {processor.py:840} INFO - DAG(s) 'example_python_operator' retrieved from /home/airflow/.local/lib/python3.12/site-packages/airflow/example_dags/example_python_operator.py
[2024-04-09T18:58:11.726+0000] {logging_mixin.py:188} INFO - [2024-04-09T18:58:11.725+0000] {dag.py:3096} INFO - Sync 1 DAGs
[2024-04-09T18:58:11.743+0000] {logging_mixin.py:188} INFO - [2024-04-09T18:58:11.742+0000] {dag.py:3954} INFO - Setting next_dagrun for example_python_operator to None, run_after=None
[2024-04-09T18:58:11.784+0000] {processor.py:183} INFO - Processing /home/airflow/.local/lib/python3.12/site-packages/airflow/example_dags/example_python_operator.py took 0.110 seconds
[2024-04-09T18:58:42.154+0000] {processor.py:161} INFO - Started process (PID=3475) to work on /home/airflow/.local/lib/python3.12/site-packages/airflow/example_dags/example_python_operator.py
[2024-04-09T18:58:42.155+0000] {processor.py:830} INFO - Processing file /home/airflow/.local/lib/python3.12/site-packages/airflow/example_dags/example_python_operator.py for tasks to queue
[2024-04-09T18:58:42.156+0000] {logging_mixin.py:188} INFO - [2024-04-09T18:58:42.156+0000] {dagbag.py:540} INFO - Filling up the DagBag from /home/airflow/.local/lib/python3.12/site-packages/airflow/example_dags/example_python_operator.py
[2024-04-09T18:58:42.169+0000] {processor.py:840} INFO - DAG(s) 'example_python_operator' retrieved from /home/airflow/.local/lib/python3.12/site-packages/airflow/example_dags/example_python_operator.py
[2024-04-09T18:58:42.193+0000] {logging_mixin.py:188} INFO - [2024-04-09T18:58:42.193+0000] {dag.py:3096} INFO - Sync 1 DAGs
[2024-04-09T18:58:42.204+0000] {logging_mixin.py:188} INFO - [2024-04-09T18:58:42.204+0000] {dag.py:3954} INFO - Setting next_dagrun for example_python_operator to None, run_after=None
[2024-04-09T18:58:42.223+0000] {processor.py:183} INFO - Processing /home/airflow/.local/lib/python3.12/site-packages/airflow/example_dags/example_python_operator.py took 0.076 seconds
[2024-04-09T18:59:12.527+0000] {processor.py:161} INFO - Started process (PID=3747) to work on /home/airflow/.local/lib/python3.12/site-packages/airflow/example_dags/example_python_operator.py
[2024-04-09T18:59:12.529+0000] {processor.py:830} INFO - Processing file /home/airflow/.local/lib/python3.12/site-packages/airflow/example_dags/example_python_operator.py for tasks to queue
[2024-04-09T18:59:12.531+0000] {logging_mixin.py:188} INFO - [2024-04-09T18:59:12.531+0000] {dagbag.py:540} INFO - Filling up the DagBag from /home/airflow/.local/lib/python3.12/site-packages/airflow/example_dags/example_python_operator.py
[2024-04-09T18:59:12.543+0000] {processor.py:840} INFO - DAG(s) 'example_python_operator' retrieved from /home/airflow/.local/lib/python3.12/site-packages/airflow/example_dags/example_python_operator.py
[2024-04-09T18:59:12.572+0000] {logging_mixin.py:188} INFO - [2024-04-09T18:59:12.572+0000] {dag.py:3096} INFO - Sync 1 DAGs
[2024-04-09T18:59:12.589+0000] {logging_mixin.py:188} INFO - [2024-04-09T18:59:12.589+0000] {dag.py:3954} INFO - Setting next_dagrun for example_python_operator to None, run_after=None
[2024-04-09T18:59:12.617+0000] {processor.py:183} INFO - Processing /home/airflow/.local/lib/python3.12/site-packages/airflow/example_dags/example_python_operator.py took 0.095 seconds
[2024-04-09T18:59:42.910+0000] {processor.py:161} INFO - Started process (PID=4017) to work on /home/airflow/.local/lib/python3.12/site-packages/airflow/example_dags/example_python_operator.py
[2024-04-09T18:59:42.911+0000] {processor.py:830} INFO - Processing file /home/airflow/.local/lib/python3.12/site-packages/airflow/example_dags/example_python_operator.py for tasks to queue
[2024-04-09T18:59:42.913+0000] {logging_mixin.py:188} INFO - [2024-04-09T18:59:42.913+0000] {dagbag.py:540} INFO - Filling up the DagBag from /home/airflow/.local/lib/python3.12/site-packages/airflow/example_dags/example_python_operator.py
[2024-04-09T18:59:42.925+0000] {processor.py:840} INFO - DAG(s) 'example_python_operator' retrieved from /home/airflow/.local/lib/python3.12/site-packages/airflow/example_dags/example_python_operator.py
[2024-04-09T18:59:42.951+0000] {logging_mixin.py:188} INFO - [2024-04-09T18:59:42.951+0000] {dag.py:3096} INFO - Sync 1 DAGs
[2024-04-09T18:59:42.967+0000] {logging_mixin.py:188} INFO - [2024-04-09T18:59:42.967+0000] {dag.py:3954} INFO - Setting next_dagrun for example_python_operator to None, run_after=None
[2024-04-09T18:59:42.993+0000] {processor.py:183} INFO - Processing /home/airflow/.local/lib/python3.12/site-packages/airflow/example_dags/example_python_operator.py took 0.089 seconds
[2024-04-09T19:00:13.110+0000] {processor.py:161} INFO - Started process (PID=4291) to work on /home/airflow/.local/lib/python3.12/site-packages/airflow/example_dags/example_python_operator.py
[2024-04-09T19:00:13.111+0000] {processor.py:830} INFO - Processing file /home/airflow/.local/lib/python3.12/site-packages/airflow/example_dags/example_python_operator.py for tasks to queue
[2024-04-09T19:00:13.113+0000] {logging_mixin.py:188} INFO - [2024-04-09T19:00:13.113+0000] {dagbag.py:540} INFO - Filling up the DagBag from /home/airflow/.local/lib/python3.12/site-packages/airflow/example_dags/example_python_operator.py
[2024-04-09T19:00:13.125+0000] {processor.py:840} INFO - DAG(s) 'example_python_operator' retrieved from /home/airflow/.local/lib/python3.12/site-packages/airflow/example_dags/example_python_operator.py
[2024-04-09T19:00:13.153+0000] {logging_mixin.py:188} INFO - [2024-04-09T19:00:13.153+0000] {dag.py:3096} INFO - Sync 1 DAGs
[2024-04-09T19:00:13.169+0000] {logging_mixin.py:188} INFO - [2024-04-09T19:00:13.169+0000] {dag.py:3954} INFO - Setting next_dagrun for example_python_operator to None, run_after=None
[2024-04-09T19:00:13.193+0000] {processor.py:183} INFO - Processing /home/airflow/.local/lib/python3.12/site-packages/airflow/example_dags/example_python_operator.py took 0.089 seconds
[2024-04-09T19:00:44.045+0000] {processor.py:161} INFO - Started process (PID=4564) to work on /home/airflow/.local/lib/python3.12/site-packages/airflow/example_dags/example_python_operator.py
[2024-04-09T19:00:44.046+0000] {processor.py:830} INFO - Processing file /home/airflow/.local/lib/python3.12/site-packages/airflow/example_dags/example_python_operator.py for tasks to queue
[2024-04-09T19:00:44.048+0000] {logging_mixin.py:188} INFO - [2024-04-09T19:00:44.048+0000] {dagbag.py:540} INFO - Filling up the DagBag from /home/airflow/.local/lib/python3.12/site-packages/airflow/example_dags/example_python_operator.py
[2024-04-09T19:00:44.061+0000] {processor.py:840} INFO - DAG(s) 'example_python_operator' retrieved from /home/airflow/.local/lib/python3.12/site-packages/airflow/example_dags/example_python_operator.py
[2024-04-09T19:00:44.090+0000] {logging_mixin.py:188} INFO - [2024-04-09T19:00:44.090+0000] {dag.py:3096} INFO - Sync 1 DAGs
[2024-04-09T19:00:44.107+0000] {logging_mixin.py:188} INFO - [2024-04-09T19:00:44.106+0000] {dag.py:3954} INFO - Setting next_dagrun for example_python_operator to None, run_after=None
[2024-04-09T19:00:44.132+0000] {processor.py:183} INFO - Processing /home/airflow/.local/lib/python3.12/site-packages/airflow/example_dags/example_python_operator.py took 0.093 seconds
[2024-04-09T19:01:14.423+0000] {processor.py:161} INFO - Started process (PID=4834) to work on /home/airflow/.local/lib/python3.12/site-packages/airflow/example_dags/example_python_operator.py
[2024-04-09T19:01:14.424+0000] {processor.py:830} INFO - Processing file /home/airflow/.local/lib/python3.12/site-packages/airflow/example_dags/example_python_operator.py for tasks to queue
[2024-04-09T19:01:14.426+0000] {logging_mixin.py:188} INFO - [2024-04-09T19:01:14.425+0000] {dagbag.py:540} INFO - Filling up the DagBag from /home/airflow/.local/lib/python3.12/site-packages/airflow/example_dags/example_python_operator.py
[2024-04-09T19:01:14.438+0000] {processor.py:840} INFO - DAG(s) 'example_python_operator' retrieved from /home/airflow/.local/lib/python3.12/site-packages/airflow/example_dags/example_python_operator.py
[2024-04-09T19:01:14.464+0000] {logging_mixin.py:188} INFO - [2024-04-09T19:01:14.464+0000] {dag.py:3096} INFO - Sync 1 DAGs
[2024-04-09T19:01:14.480+0000] {logging_mixin.py:188} INFO - [2024-04-09T19:01:14.480+0000] {dag.py:3954} INFO - Setting next_dagrun for example_python_operator to None, run_after=None
[2024-04-09T19:01:14.508+0000] {processor.py:183} INFO - Processing /home/airflow/.local/lib/python3.12/site-packages/airflow/example_dags/example_python_operator.py took 0.093 seconds
[2024-04-09T19:01:44.764+0000] {processor.py:161} INFO - Started process (PID=5106) to work on /home/airflow/.local/lib/python3.12/site-packages/airflow/example_dags/example_python_operator.py
[2024-04-09T19:01:44.765+0000] {processor.py:830} INFO - Processing file /home/airflow/.local/lib/python3.12/site-packages/airflow/example_dags/example_python_operator.py for tasks to queue
[2024-04-09T19:01:44.767+0000] {logging_mixin.py:188} INFO - [2024-04-09T19:01:44.766+0000] {dagbag.py:540} INFO - Filling up the DagBag from /home/airflow/.local/lib/python3.12/site-packages/airflow/example_dags/example_python_operator.py
[2024-04-09T19:01:44.779+0000] {processor.py:840} INFO - DAG(s) 'example_python_operator' retrieved from /home/airflow/.local/lib/python3.12/site-packages/airflow/example_dags/example_python_operator.py
[2024-04-09T19:01:44.825+0000] {logging_mixin.py:188} INFO - [2024-04-09T19:01:44.825+0000] {dag.py:3096} INFO - Sync 1 DAGs
[2024-04-09T19:01:44.839+0000] {logging_mixin.py:188} INFO - [2024-04-09T19:01:44.839+0000] {dag.py:3954} INFO - Setting next_dagrun for example_python_operator to None, run_after=None
[2024-04-09T19:01:44.862+0000] {processor.py:183} INFO - Processing /home/airflow/.local/lib/python3.12/site-packages/airflow/example_dags/example_python_operator.py took 0.104 seconds
[2024-04-09T19:02:15.873+0000] {processor.py:161} INFO - Started process (PID=5378) to work on /home/airflow/.local/lib/python3.12/site-packages/airflow/example_dags/example_python_operator.py
[2024-04-09T19:02:15.874+0000] {processor.py:830} INFO - Processing file /home/airflow/.local/lib/python3.12/site-packages/airflow/example_dags/example_python_operator.py for tasks to queue
[2024-04-09T19:02:15.876+0000] {logging_mixin.py:188} INFO - [2024-04-09T19:02:15.876+0000] {dagbag.py:540} INFO - Filling up the DagBag from /home/airflow/.local/lib/python3.12/site-packages/airflow/example_dags/example_python_operator.py
[2024-04-09T19:02:15.888+0000] {processor.py:840} INFO - DAG(s) 'example_python_operator' retrieved from /home/airflow/.local/lib/python3.12/site-packages/airflow/example_dags/example_python_operator.py
[2024-04-09T19:02:15.916+0000] {logging_mixin.py:188} INFO - [2024-04-09T19:02:15.915+0000] {dag.py:3096} INFO - Sync 1 DAGs
[2024-04-09T19:02:15.929+0000] {logging_mixin.py:188} INFO - [2024-04-09T19:02:15.929+0000] {dag.py:3954} INFO - Setting next_dagrun for example_python_operator to None, run_after=None
[2024-04-09T19:02:15.951+0000] {processor.py:183} INFO - Processing /home/airflow/.local/lib/python3.12/site-packages/airflow/example_dags/example_python_operator.py took 0.085 seconds
[2024-04-09T19:02:46.141+0000] {processor.py:161} INFO - Started process (PID=5650) to work on /home/airflow/.local/lib/python3.12/site-packages/airflow/example_dags/example_python_operator.py
[2024-04-09T19:02:46.141+0000] {processor.py:830} INFO - Processing file /home/airflow/.local/lib/python3.12/site-packages/airflow/example_dags/example_python_operator.py for tasks to queue
[2024-04-09T19:02:46.143+0000] {logging_mixin.py:188} INFO - [2024-04-09T19:02:46.143+0000] {dagbag.py:540} INFO - Filling up the DagBag from /home/airflow/.local/lib/python3.12/site-packages/airflow/example_dags/example_python_operator.py
[2024-04-09T19:02:46.156+0000] {processor.py:840} INFO - DAG(s) 'example_python_operator' retrieved from /home/airflow/.local/lib/python3.12/site-packages/airflow/example_dags/example_python_operator.py
[2024-04-09T19:02:46.216+0000] {logging_mixin.py:188} INFO - [2024-04-09T19:02:46.216+0000] {dag.py:3096} INFO - Sync 1 DAGs
[2024-04-09T19:02:46.241+0000] {logging_mixin.py:188} INFO - [2024-04-09T19:02:46.240+0000] {dag.py:3954} INFO - Setting next_dagrun for example_python_operator to None, run_after=None
[2024-04-09T19:02:46.275+0000] {processor.py:183} INFO - Processing /home/airflow/.local/lib/python3.12/site-packages/airflow/example_dags/example_python_operator.py took 0.141 seconds
[2024-04-09T19:03:16.567+0000] {processor.py:161} INFO - Started process (PID=5922) to work on /home/airflow/.local/lib/python3.12/site-packages/airflow/example_dags/example_python_operator.py
[2024-04-09T19:03:16.569+0000] {processor.py:830} INFO - Processing file /home/airflow/.local/lib/python3.12/site-packages/airflow/example_dags/example_python_operator.py for tasks to queue
[2024-04-09T19:03:16.571+0000] {logging_mixin.py:188} INFO - [2024-04-09T19:03:16.571+0000] {dagbag.py:540} INFO - Filling up the DagBag from /home/airflow/.local/lib/python3.12/site-packages/airflow/example_dags/example_python_operator.py
[2024-04-09T19:03:16.583+0000] {processor.py:840} INFO - DAG(s) 'example_python_operator' retrieved from /home/airflow/.local/lib/python3.12/site-packages/airflow/example_dags/example_python_operator.py
[2024-04-09T19:03:16.610+0000] {logging_mixin.py:188} INFO - [2024-04-09T19:03:16.610+0000] {dag.py:3096} INFO - Sync 1 DAGs
[2024-04-09T19:03:16.626+0000] {logging_mixin.py:188} INFO - [2024-04-09T19:03:16.626+0000] {dag.py:3954} INFO - Setting next_dagrun for example_python_operator to None, run_after=None
[2024-04-09T19:03:16.652+0000] {processor.py:183} INFO - Processing /home/airflow/.local/lib/python3.12/site-packages/airflow/example_dags/example_python_operator.py took 0.091 seconds
[2024-04-09T19:03:47.429+0000] {processor.py:161} INFO - Started process (PID=6195) to work on /home/airflow/.local/lib/python3.12/site-packages/airflow/example_dags/example_python_operator.py
[2024-04-09T19:03:47.429+0000] {processor.py:830} INFO - Processing file /home/airflow/.local/lib/python3.12/site-packages/airflow/example_dags/example_python_operator.py for tasks to queue
[2024-04-09T19:03:47.431+0000] {logging_mixin.py:188} INFO - [2024-04-09T19:03:47.431+0000] {dagbag.py:540} INFO - Filling up the DagBag from /home/airflow/.local/lib/python3.12/site-packages/airflow/example_dags/example_python_operator.py
[2024-04-09T19:03:47.443+0000] {processor.py:840} INFO - DAG(s) 'example_python_operator' retrieved from /home/airflow/.local/lib/python3.12/site-packages/airflow/example_dags/example_python_operator.py
[2024-04-09T19:03:47.470+0000] {logging_mixin.py:188} INFO - [2024-04-09T19:03:47.470+0000] {dag.py:3096} INFO - Sync 1 DAGs
[2024-04-09T19:03:47.484+0000] {logging_mixin.py:188} INFO - [2024-04-09T19:03:47.484+0000] {dag.py:3954} INFO - Setting next_dagrun for example_python_operator to None, run_after=None
[2024-04-09T19:03:47.508+0000] {processor.py:183} INFO - Processing /home/airflow/.local/lib/python3.12/site-packages/airflow/example_dags/example_python_operator.py took 0.086 seconds
[2024-04-09T19:04:18.439+0000] {processor.py:161} INFO - Started process (PID=6468) to work on /home/airflow/.local/lib/python3.12/site-packages/airflow/example_dags/example_python_operator.py
[2024-04-09T19:04:18.440+0000] {processor.py:830} INFO - Processing file /home/airflow/.local/lib/python3.12/site-packages/airflow/example_dags/example_python_operator.py for tasks to queue
[2024-04-09T19:04:18.443+0000] {logging_mixin.py:188} INFO - [2024-04-09T19:04:18.442+0000] {dagbag.py:540} INFO - Filling up the DagBag from /home/airflow/.local/lib/python3.12/site-packages/airflow/example_dags/example_python_operator.py
[2024-04-09T19:04:18.455+0000] {processor.py:840} INFO - DAG(s) 'example_python_operator' retrieved from /home/airflow/.local/lib/python3.12/site-packages/airflow/example_dags/example_python_operator.py
[2024-04-09T19:04:18.483+0000] {logging_mixin.py:188} INFO - [2024-04-09T19:04:18.483+0000] {dag.py:3096} INFO - Sync 1 DAGs
[2024-04-09T19:04:18.499+0000] {logging_mixin.py:188} INFO - [2024-04-09T19:04:18.499+0000] {dag.py:3954} INFO - Setting next_dagrun for example_python_operator to None, run_after=None
[2024-04-09T19:04:18.527+0000] {processor.py:183} INFO - Processing /home/airflow/.local/lib/python3.12/site-packages/airflow/example_dags/example_python_operator.py took 0.095 seconds
[2024-04-09T19:04:48.558+0000] {processor.py:161} INFO - Started process (PID=6738) to work on /home/airflow/.local/lib/python3.12/site-packages/airflow/example_dags/example_python_operator.py
[2024-04-09T19:04:48.559+0000] {processor.py:830} INFO - Processing file /home/airflow/.local/lib/python3.12/site-packages/airflow/example_dags/example_python_operator.py for tasks to queue
[2024-04-09T19:04:48.560+0000] {logging_mixin.py:188} INFO - [2024-04-09T19:04:48.560+0000] {dagbag.py:540} INFO - Filling up the DagBag from /home/airflow/.local/lib/python3.12/site-packages/airflow/example_dags/example_python_operator.py
[2024-04-09T19:04:48.568+0000] {processor.py:840} INFO - DAG(s) 'example_python_operator' retrieved from /home/airflow/.local/lib/python3.12/site-packages/airflow/example_dags/example_python_operator.py
[2024-04-09T19:04:48.586+0000] {logging_mixin.py:188} INFO - [2024-04-09T19:04:48.586+0000] {dag.py:3096} INFO - Sync 1 DAGs
[2024-04-09T19:04:48.597+0000] {logging_mixin.py:188} INFO - [2024-04-09T19:04:48.597+0000] {dag.py:3954} INFO - Setting next_dagrun for example_python_operator to None, run_after=None
[2024-04-09T19:04:48.618+0000] {processor.py:183} INFO - Processing /home/airflow/.local/lib/python3.12/site-packages/airflow/example_dags/example_python_operator.py took 0.065 seconds
[2024-04-09T19:05:19.535+0000] {processor.py:161} INFO - Started process (PID=7014) to work on /home/airflow/.local/lib/python3.12/site-packages/airflow/example_dags/example_python_operator.py
[2024-04-09T19:05:19.543+0000] {processor.py:830} INFO - Processing file /home/airflow/.local/lib/python3.12/site-packages/airflow/example_dags/example_python_operator.py for tasks to queue
[2024-04-09T19:05:19.546+0000] {logging_mixin.py:188} INFO - [2024-04-09T19:05:19.545+0000] {dagbag.py:540} INFO - Filling up the DagBag from /home/airflow/.local/lib/python3.12/site-packages/airflow/example_dags/example_python_operator.py
[2024-04-09T19:05:19.563+0000] {processor.py:840} INFO - DAG(s) 'example_python_operator' retrieved from /home/airflow/.local/lib/python3.12/site-packages/airflow/example_dags/example_python_operator.py
[2024-04-09T19:05:19.595+0000] {logging_mixin.py:188} INFO - [2024-04-09T19:05:19.595+0000] {dag.py:3096} INFO - Sync 1 DAGs
[2024-04-09T19:05:19.611+0000] {logging_mixin.py:188} INFO - [2024-04-09T19:05:19.611+0000] {dag.py:3954} INFO - Setting next_dagrun for example_python_operator to None, run_after=None
[2024-04-09T19:05:19.634+0000] {processor.py:183} INFO - Processing /home/airflow/.local/lib/python3.12/site-packages/airflow/example_dags/example_python_operator.py took 0.106 seconds
[2024-04-09T19:05:50.250+0000] {processor.py:161} INFO - Started process (PID=7286) to work on /home/airflow/.local/lib/python3.12/site-packages/airflow/example_dags/example_python_operator.py
[2024-04-09T19:05:50.251+0000] {processor.py:830} INFO - Processing file /home/airflow/.local/lib/python3.12/site-packages/airflow/example_dags/example_python_operator.py for tasks to queue
[2024-04-09T19:05:50.253+0000] {logging_mixin.py:188} INFO - [2024-04-09T19:05:50.253+0000] {dagbag.py:540} INFO - Filling up the DagBag from /home/airflow/.local/lib/python3.12/site-packages/airflow/example_dags/example_python_operator.py
[2024-04-09T19:05:50.266+0000] {processor.py:840} INFO - DAG(s) 'example_python_operator' retrieved from /home/airflow/.local/lib/python3.12/site-packages/airflow/example_dags/example_python_operator.py
[2024-04-09T19:05:50.294+0000] {logging_mixin.py:188} INFO - [2024-04-09T19:05:50.294+0000] {dag.py:3096} INFO - Sync 1 DAGs
[2024-04-09T19:05:50.490+0000] {logging_mixin.py:188} INFO - [2024-04-09T19:05:50.489+0000] {dag.py:3954} INFO - Setting next_dagrun for example_python_operator to None, run_after=None
[2024-04-09T19:05:50.516+0000] {processor.py:183} INFO - Processing /home/airflow/.local/lib/python3.12/site-packages/airflow/example_dags/example_python_operator.py took 0.273 seconds
[2024-04-09T19:06:21.277+0000] {processor.py:161} INFO - Started process (PID=7558) to work on /home/airflow/.local/lib/python3.12/site-packages/airflow/example_dags/example_python_operator.py
[2024-04-09T19:06:21.278+0000] {processor.py:830} INFO - Processing file /home/airflow/.local/lib/python3.12/site-packages/airflow/example_dags/example_python_operator.py for tasks to queue
[2024-04-09T19:06:21.280+0000] {logging_mixin.py:188} INFO - [2024-04-09T19:06:21.279+0000] {dagbag.py:540} INFO - Filling up the DagBag from /home/airflow/.local/lib/python3.12/site-packages/airflow/example_dags/example_python_operator.py
[2024-04-09T19:06:21.292+0000] {processor.py:840} INFO - DAG(s) 'example_python_operator' retrieved from /home/airflow/.local/lib/python3.12/site-packages/airflow/example_dags/example_python_operator.py
[2024-04-09T19:06:21.317+0000] {logging_mixin.py:188} INFO - [2024-04-09T19:06:21.317+0000] {dag.py:3096} INFO - Sync 1 DAGs
[2024-04-09T19:06:21.332+0000] {logging_mixin.py:188} INFO - [2024-04-09T19:06:21.332+0000] {dag.py:3954} INFO - Setting next_dagrun for example_python_operator to None, run_after=None
[2024-04-09T19:06:21.371+0000] {processor.py:183} INFO - Processing /home/airflow/.local/lib/python3.12/site-packages/airflow/example_dags/example_python_operator.py took 0.102 seconds
[2024-04-09T19:06:52.271+0000] {processor.py:161} INFO - Started process (PID=7831) to work on /home/airflow/.local/lib/python3.12/site-packages/airflow/example_dags/example_python_operator.py
[2024-04-09T19:06:52.272+0000] {processor.py:830} INFO - Processing file /home/airflow/.local/lib/python3.12/site-packages/airflow/example_dags/example_python_operator.py for tasks to queue
[2024-04-09T19:06:52.274+0000] {logging_mixin.py:188} INFO - [2024-04-09T19:06:52.274+0000] {dagbag.py:540} INFO - Filling up the DagBag from /home/airflow/.local/lib/python3.12/site-packages/airflow/example_dags/example_python_operator.py
[2024-04-09T19:06:52.286+0000] {processor.py:840} INFO - DAG(s) 'example_python_operator' retrieved from /home/airflow/.local/lib/python3.12/site-packages/airflow/example_dags/example_python_operator.py
[2024-04-09T19:06:52.313+0000] {logging_mixin.py:188} INFO - [2024-04-09T19:06:52.313+0000] {dag.py:3096} INFO - Sync 1 DAGs
[2024-04-09T19:06:52.328+0000] {logging_mixin.py:188} INFO - [2024-04-09T19:06:52.328+0000] {dag.py:3954} INFO - Setting next_dagrun for example_python_operator to None, run_after=None
[2024-04-09T19:06:52.351+0000] {processor.py:183} INFO - Processing /home/airflow/.local/lib/python3.12/site-packages/airflow/example_dags/example_python_operator.py took 0.087 seconds
[2024-04-09T19:07:22.991+0000] {processor.py:161} INFO - Started process (PID=8102) to work on /home/airflow/.local/lib/python3.12/site-packages/airflow/example_dags/example_python_operator.py
[2024-04-09T19:07:22.993+0000] {processor.py:830} INFO - Processing file /home/airflow/.local/lib/python3.12/site-packages/airflow/example_dags/example_python_operator.py for tasks to queue
[2024-04-09T19:07:22.995+0000] {logging_mixin.py:188} INFO - [2024-04-09T19:07:22.995+0000] {dagbag.py:540} INFO - Filling up the DagBag from /home/airflow/.local/lib/python3.12/site-packages/airflow/example_dags/example_python_operator.py
[2024-04-09T19:07:23.007+0000] {processor.py:840} INFO - DAG(s) 'example_python_operator' retrieved from /home/airflow/.local/lib/python3.12/site-packages/airflow/example_dags/example_python_operator.py
[2024-04-09T19:07:23.035+0000] {logging_mixin.py:188} INFO - [2024-04-09T19:07:23.035+0000] {dag.py:3096} INFO - Sync 1 DAGs
[2024-04-09T19:07:23.052+0000] {logging_mixin.py:188} INFO - [2024-04-09T19:07:23.052+0000] {dag.py:3954} INFO - Setting next_dagrun for example_python_operator to None, run_after=None
[2024-04-09T19:07:23.076+0000] {processor.py:183} INFO - Processing /home/airflow/.local/lib/python3.12/site-packages/airflow/example_dags/example_python_operator.py took 0.091 seconds
[2024-04-09T19:07:53.527+0000] {processor.py:161} INFO - Started process (PID=8374) to work on /home/airflow/.local/lib/python3.12/site-packages/airflow/example_dags/example_python_operator.py
[2024-04-09T19:07:53.527+0000] {processor.py:830} INFO - Processing file /home/airflow/.local/lib/python3.12/site-packages/airflow/example_dags/example_python_operator.py for tasks to queue
[2024-04-09T19:07:53.529+0000] {logging_mixin.py:188} INFO - [2024-04-09T19:07:53.529+0000] {dagbag.py:540} INFO - Filling up the DagBag from /home/airflow/.local/lib/python3.12/site-packages/airflow/example_dags/example_python_operator.py
[2024-04-09T19:07:53.541+0000] {processor.py:840} INFO - DAG(s) 'example_python_operator' retrieved from /home/airflow/.local/lib/python3.12/site-packages/airflow/example_dags/example_python_operator.py
[2024-04-09T19:07:53.569+0000] {logging_mixin.py:188} INFO - [2024-04-09T19:07:53.569+0000] {dag.py:3096} INFO - Sync 1 DAGs
[2024-04-09T19:07:53.591+0000] {logging_mixin.py:188} INFO - [2024-04-09T19:07:53.591+0000] {dag.py:3954} INFO - Setting next_dagrun for example_python_operator to None, run_after=None
[2024-04-09T19:07:53.616+0000] {processor.py:183} INFO - Processing /home/airflow/.local/lib/python3.12/site-packages/airflow/example_dags/example_python_operator.py took 0.097 seconds
[2024-04-09T19:08:24.672+0000] {processor.py:161} INFO - Started process (PID=8646) to work on /home/airflow/.local/lib/python3.12/site-packages/airflow/example_dags/example_python_operator.py
[2024-04-09T19:08:24.673+0000] {processor.py:830} INFO - Processing file /home/airflow/.local/lib/python3.12/site-packages/airflow/example_dags/example_python_operator.py for tasks to queue
[2024-04-09T19:08:24.675+0000] {logging_mixin.py:188} INFO - [2024-04-09T19:08:24.675+0000] {dagbag.py:540} INFO - Filling up the DagBag from /home/airflow/.local/lib/python3.12/site-packages/airflow/example_dags/example_python_operator.py
[2024-04-09T19:08:24.689+0000] {processor.py:840} INFO - DAG(s) 'example_python_operator' retrieved from /home/airflow/.local/lib/python3.12/site-packages/airflow/example_dags/example_python_operator.py
[2024-04-09T19:08:24.729+0000] {logging_mixin.py:188} INFO - [2024-04-09T19:08:24.729+0000] {dag.py:3096} INFO - Sync 1 DAGs
[2024-04-09T19:08:24.756+0000] {logging_mixin.py:188} INFO - [2024-04-09T19:08:24.756+0000] {dag.py:3954} INFO - Setting next_dagrun for example_python_operator to None, run_after=None
[2024-04-09T19:08:24.812+0000] {processor.py:183} INFO - Processing /home/airflow/.local/lib/python3.12/site-packages/airflow/example_dags/example_python_operator.py took 0.148 seconds
[2024-04-09T19:08:54.890+0000] {processor.py:161} INFO - Started process (PID=8915) to work on /home/airflow/.local/lib/python3.12/site-packages/airflow/example_dags/example_python_operator.py
[2024-04-09T19:08:54.891+0000] {processor.py:830} INFO - Processing file /home/airflow/.local/lib/python3.12/site-packages/airflow/example_dags/example_python_operator.py for tasks to queue
[2024-04-09T19:08:54.892+0000] {logging_mixin.py:188} INFO - [2024-04-09T19:08:54.892+0000] {dagbag.py:540} INFO - Filling up the DagBag from /home/airflow/.local/lib/python3.12/site-packages/airflow/example_dags/example_python_operator.py
[2024-04-09T19:08:54.901+0000] {processor.py:840} INFO - DAG(s) 'example_python_operator' retrieved from /home/airflow/.local/lib/python3.12/site-packages/airflow/example_dags/example_python_operator.py
[2024-04-09T19:08:54.920+0000] {logging_mixin.py:188} INFO - [2024-04-09T19:08:54.919+0000] {dag.py:3096} INFO - Sync 1 DAGs
[2024-04-09T19:08:54.930+0000] {logging_mixin.py:188} INFO - [2024-04-09T19:08:54.930+0000] {dag.py:3954} INFO - Setting next_dagrun for example_python_operator to None, run_after=None
[2024-04-09T19:08:54.950+0000] {processor.py:183} INFO - Processing /home/airflow/.local/lib/python3.12/site-packages/airflow/example_dags/example_python_operator.py took 0.064 seconds
[2024-04-09T19:09:25.663+0000] {processor.py:161} INFO - Started process (PID=9191) to work on /home/airflow/.local/lib/python3.12/site-packages/airflow/example_dags/example_python_operator.py
[2024-04-09T19:09:25.664+0000] {processor.py:830} INFO - Processing file /home/airflow/.local/lib/python3.12/site-packages/airflow/example_dags/example_python_operator.py for tasks to queue
[2024-04-09T19:09:25.666+0000] {logging_mixin.py:188} INFO - [2024-04-09T19:09:25.666+0000] {dagbag.py:540} INFO - Filling up the DagBag from /home/airflow/.local/lib/python3.12/site-packages/airflow/example_dags/example_python_operator.py
[2024-04-09T19:09:25.679+0000] {processor.py:840} INFO - DAG(s) 'example_python_operator' retrieved from /home/airflow/.local/lib/python3.12/site-packages/airflow/example_dags/example_python_operator.py
[2024-04-09T19:09:25.705+0000] {logging_mixin.py:188} INFO - [2024-04-09T19:09:25.705+0000] {dag.py:3096} INFO - Sync 1 DAGs
[2024-04-09T19:09:25.722+0000] {logging_mixin.py:188} INFO - [2024-04-09T19:09:25.721+0000] {dag.py:3954} INFO - Setting next_dagrun for example_python_operator to None, run_after=None
[2024-04-09T19:09:25.746+0000] {processor.py:183} INFO - Processing /home/airflow/.local/lib/python3.12/site-packages/airflow/example_dags/example_python_operator.py took 0.091 seconds
[2024-04-09T19:09:56.284+0000] {processor.py:161} INFO - Started process (PID=9463) to work on /home/airflow/.local/lib/python3.12/site-packages/airflow/example_dags/example_python_operator.py
[2024-04-09T19:09:56.285+0000] {processor.py:830} INFO - Processing file /home/airflow/.local/lib/python3.12/site-packages/airflow/example_dags/example_python_operator.py for tasks to queue
[2024-04-09T19:09:56.287+0000] {logging_mixin.py:188} INFO - [2024-04-09T19:09:56.286+0000] {dagbag.py:540} INFO - Filling up the DagBag from /home/airflow/.local/lib/python3.12/site-packages/airflow/example_dags/example_python_operator.py
[2024-04-09T19:09:56.307+0000] {processor.py:840} INFO - DAG(s) 'example_python_operator' retrieved from /home/airflow/.local/lib/python3.12/site-packages/airflow/example_dags/example_python_operator.py
[2024-04-09T19:09:56.374+0000] {logging_mixin.py:188} INFO - [2024-04-09T19:09:56.374+0000] {dag.py:3096} INFO - Sync 1 DAGs
[2024-04-09T19:09:56.392+0000] {logging_mixin.py:188} INFO - [2024-04-09T19:09:56.392+0000] {dag.py:3954} INFO - Setting next_dagrun for example_python_operator to None, run_after=None
[2024-04-09T19:09:56.434+0000] {processor.py:183} INFO - Processing /home/airflow/.local/lib/python3.12/site-packages/airflow/example_dags/example_python_operator.py took 0.157 seconds
[2024-04-09T19:10:26.539+0000] {processor.py:161} INFO - Started process (PID=9731) to work on /home/airflow/.local/lib/python3.12/site-packages/airflow/example_dags/example_python_operator.py
[2024-04-09T19:10:26.540+0000] {processor.py:830} INFO - Processing file /home/airflow/.local/lib/python3.12/site-packages/airflow/example_dags/example_python_operator.py for tasks to queue
[2024-04-09T19:10:26.557+0000] {logging_mixin.py:188} INFO - [2024-04-09T19:10:26.557+0000] {dagbag.py:540} INFO - Filling up the DagBag from /home/airflow/.local/lib/python3.12/site-packages/airflow/example_dags/example_python_operator.py
[2024-04-09T19:10:26.579+0000] {processor.py:840} INFO - DAG(s) 'example_python_operator' retrieved from /home/airflow/.local/lib/python3.12/site-packages/airflow/example_dags/example_python_operator.py
[2024-04-09T19:10:26.625+0000] {logging_mixin.py:188} INFO - [2024-04-09T19:10:26.625+0000] {dag.py:3096} INFO - Sync 1 DAGs
[2024-04-09T19:10:26.642+0000] {logging_mixin.py:188} INFO - [2024-04-09T19:10:26.642+0000] {dag.py:3954} INFO - Setting next_dagrun for example_python_operator to None, run_after=None
[2024-04-09T19:10:26.688+0000] {processor.py:183} INFO - Processing /home/airflow/.local/lib/python3.12/site-packages/airflow/example_dags/example_python_operator.py took 0.156 seconds
[2024-04-09T19:10:56.740+0000] {processor.py:161} INFO - Started process (PID=10001) to work on /home/airflow/.local/lib/python3.12/site-packages/airflow/example_dags/example_python_operator.py
[2024-04-09T19:10:56.741+0000] {processor.py:830} INFO - Processing file /home/airflow/.local/lib/python3.12/site-packages/airflow/example_dags/example_python_operator.py for tasks to queue
[2024-04-09T19:10:56.743+0000] {logging_mixin.py:188} INFO - [2024-04-09T19:10:56.743+0000] {dagbag.py:540} INFO - Filling up the DagBag from /home/airflow/.local/lib/python3.12/site-packages/airflow/example_dags/example_python_operator.py
[2024-04-09T19:10:56.751+0000] {processor.py:840} INFO - DAG(s) 'example_python_operator' retrieved from /home/airflow/.local/lib/python3.12/site-packages/airflow/example_dags/example_python_operator.py
[2024-04-09T19:10:56.770+0000] {logging_mixin.py:188} INFO - [2024-04-09T19:10:56.770+0000] {dag.py:3096} INFO - Sync 1 DAGs
[2024-04-09T19:10:56.781+0000] {logging_mixin.py:188} INFO - [2024-04-09T19:10:56.780+0000] {dag.py:3954} INFO - Setting next_dagrun for example_python_operator to None, run_after=None
[2024-04-09T19:10:56.801+0000] {processor.py:183} INFO - Processing /home/airflow/.local/lib/python3.12/site-packages/airflow/example_dags/example_python_operator.py took 0.065 seconds
[2024-04-09T19:11:27.075+0000] {processor.py:161} INFO - Started process (PID=10276) to work on /home/airflow/.local/lib/python3.12/site-packages/airflow/example_dags/example_python_operator.py
[2024-04-09T19:11:27.076+0000] {processor.py:830} INFO - Processing file /home/airflow/.local/lib/python3.12/site-packages/airflow/example_dags/example_python_operator.py for tasks to queue
[2024-04-09T19:11:27.079+0000] {logging_mixin.py:188} INFO - [2024-04-09T19:11:27.078+0000] {dagbag.py:540} INFO - Filling up the DagBag from /home/airflow/.local/lib/python3.12/site-packages/airflow/example_dags/example_python_operator.py
[2024-04-09T19:11:27.092+0000] {processor.py:840} INFO - DAG(s) 'example_python_operator' retrieved from /home/airflow/.local/lib/python3.12/site-packages/airflow/example_dags/example_python_operator.py
[2024-04-09T19:11:27.118+0000] {logging_mixin.py:188} INFO - [2024-04-09T19:11:27.117+0000] {dag.py:3096} INFO - Sync 1 DAGs
[2024-04-09T19:11:27.134+0000] {logging_mixin.py:188} INFO - [2024-04-09T19:11:27.133+0000] {dag.py:3954} INFO - Setting next_dagrun for example_python_operator to None, run_after=None
[2024-04-09T19:11:27.158+0000] {processor.py:183} INFO - Processing /home/airflow/.local/lib/python3.12/site-packages/airflow/example_dags/example_python_operator.py took 0.089 seconds
[2024-04-09T19:11:57.754+0000] {processor.py:161} INFO - Started process (PID=10548) to work on /home/airflow/.local/lib/python3.12/site-packages/airflow/example_dags/example_python_operator.py
[2024-04-09T19:11:57.757+0000] {processor.py:830} INFO - Processing file /home/airflow/.local/lib/python3.12/site-packages/airflow/example_dags/example_python_operator.py for tasks to queue
[2024-04-09T19:11:57.760+0000] {logging_mixin.py:188} INFO - [2024-04-09T19:11:57.759+0000] {dagbag.py:540} INFO - Filling up the DagBag from /home/airflow/.local/lib/python3.12/site-packages/airflow/example_dags/example_python_operator.py
[2024-04-09T19:11:57.775+0000] {processor.py:840} INFO - DAG(s) 'example_python_operator' retrieved from /home/airflow/.local/lib/python3.12/site-packages/airflow/example_dags/example_python_operator.py
[2024-04-09T19:11:57.804+0000] {logging_mixin.py:188} INFO - [2024-04-09T19:11:57.804+0000] {dag.py:3096} INFO - Sync 1 DAGs
[2024-04-09T19:11:57.821+0000] {logging_mixin.py:188} INFO - [2024-04-09T19:11:57.820+0000] {dag.py:3954} INFO - Setting next_dagrun for example_python_operator to None, run_after=None
[2024-04-09T19:11:57.844+0000] {processor.py:183} INFO - Processing /home/airflow/.local/lib/python3.12/site-packages/airflow/example_dags/example_python_operator.py took 0.096 seconds
[2024-04-09T19:12:28.353+0000] {processor.py:161} INFO - Started process (PID=10821) to work on /home/airflow/.local/lib/python3.12/site-packages/airflow/example_dags/example_python_operator.py
[2024-04-09T19:12:28.354+0000] {processor.py:830} INFO - Processing file /home/airflow/.local/lib/python3.12/site-packages/airflow/example_dags/example_python_operator.py for tasks to queue
[2024-04-09T19:12:28.357+0000] {logging_mixin.py:188} INFO - [2024-04-09T19:12:28.357+0000] {dagbag.py:540} INFO - Filling up the DagBag from /home/airflow/.local/lib/python3.12/site-packages/airflow/example_dags/example_python_operator.py
[2024-04-09T19:12:28.370+0000] {processor.py:840} INFO - DAG(s) 'example_python_operator' retrieved from /home/airflow/.local/lib/python3.12/site-packages/airflow/example_dags/example_python_operator.py
[2024-04-09T19:12:28.396+0000] {logging_mixin.py:188} INFO - [2024-04-09T19:12:28.396+0000] {dag.py:3096} INFO - Sync 1 DAGs
[2024-04-09T19:12:28.412+0000] {logging_mixin.py:188} INFO - [2024-04-09T19:12:28.412+0000] {dag.py:3954} INFO - Setting next_dagrun for example_python_operator to None, run_after=None
[2024-04-09T19:12:28.443+0000] {processor.py:183} INFO - Processing /home/airflow/.local/lib/python3.12/site-packages/airflow/example_dags/example_python_operator.py took 0.096 seconds
[2024-04-09T19:12:59.268+0000] {processor.py:161} INFO - Started process (PID=11094) to work on /home/airflow/.local/lib/python3.12/site-packages/airflow/example_dags/example_python_operator.py
[2024-04-09T19:12:59.269+0000] {processor.py:830} INFO - Processing file /home/airflow/.local/lib/python3.12/site-packages/airflow/example_dags/example_python_operator.py for tasks to queue
[2024-04-09T19:12:59.271+0000] {logging_mixin.py:188} INFO - [2024-04-09T19:12:59.271+0000] {dagbag.py:540} INFO - Filling up the DagBag from /home/airflow/.local/lib/python3.12/site-packages/airflow/example_dags/example_python_operator.py
[2024-04-09T19:12:59.284+0000] {processor.py:840} INFO - DAG(s) 'example_python_operator' retrieved from /home/airflow/.local/lib/python3.12/site-packages/airflow/example_dags/example_python_operator.py
[2024-04-09T19:12:59.311+0000] {logging_mixin.py:188} INFO - [2024-04-09T19:12:59.311+0000] {dag.py:3096} INFO - Sync 1 DAGs
[2024-04-09T19:12:59.327+0000] {logging_mixin.py:188} INFO - [2024-04-09T19:12:59.327+0000] {dag.py:3954} INFO - Setting next_dagrun for example_python_operator to None, run_after=None
[2024-04-09T19:12:59.350+0000] {processor.py:183} INFO - Processing /home/airflow/.local/lib/python3.12/site-packages/airflow/example_dags/example_python_operator.py took 0.089 seconds
[2024-04-09T19:13:29.449+0000] {processor.py:161} INFO - Started process (PID=11366) to work on /home/airflow/.local/lib/python3.12/site-packages/airflow/example_dags/example_python_operator.py
[2024-04-09T19:13:29.450+0000] {processor.py:830} INFO - Processing file /home/airflow/.local/lib/python3.12/site-packages/airflow/example_dags/example_python_operator.py for tasks to queue
[2024-04-09T19:13:29.452+0000] {logging_mixin.py:188} INFO - [2024-04-09T19:13:29.452+0000] {dagbag.py:540} INFO - Filling up the DagBag from /home/airflow/.local/lib/python3.12/site-packages/airflow/example_dags/example_python_operator.py
[2024-04-09T19:13:29.465+0000] {processor.py:840} INFO - DAG(s) 'example_python_operator' retrieved from /home/airflow/.local/lib/python3.12/site-packages/airflow/example_dags/example_python_operator.py
[2024-04-09T19:13:29.491+0000] {logging_mixin.py:188} INFO - [2024-04-09T19:13:29.491+0000] {dag.py:3096} INFO - Sync 1 DAGs
[2024-04-09T19:13:29.507+0000] {logging_mixin.py:188} INFO - [2024-04-09T19:13:29.506+0000] {dag.py:3954} INFO - Setting next_dagrun for example_python_operator to None, run_after=None
[2024-04-09T19:13:29.531+0000] {processor.py:183} INFO - Processing /home/airflow/.local/lib/python3.12/site-packages/airflow/example_dags/example_python_operator.py took 0.088 seconds
[2024-04-09T19:13:59.616+0000] {processor.py:161} INFO - Started process (PID=11639) to work on /home/airflow/.local/lib/python3.12/site-packages/airflow/example_dags/example_python_operator.py
[2024-04-09T19:13:59.616+0000] {processor.py:830} INFO - Processing file /home/airflow/.local/lib/python3.12/site-packages/airflow/example_dags/example_python_operator.py for tasks to queue
[2024-04-09T19:13:59.618+0000] {logging_mixin.py:188} INFO - [2024-04-09T19:13:59.618+0000] {dagbag.py:540} INFO - Filling up the DagBag from /home/airflow/.local/lib/python3.12/site-packages/airflow/example_dags/example_python_operator.py
[2024-04-09T19:13:59.647+0000] {processor.py:840} INFO - DAG(s) 'example_python_operator' retrieved from /home/airflow/.local/lib/python3.12/site-packages/airflow/example_dags/example_python_operator.py
[2024-04-09T19:13:59.676+0000] {logging_mixin.py:188} INFO - [2024-04-09T19:13:59.676+0000] {dag.py:3096} INFO - Sync 1 DAGs
[2024-04-09T19:13:59.690+0000] {logging_mixin.py:188} INFO - [2024-04-09T19:13:59.690+0000] {dag.py:3954} INFO - Setting next_dagrun for example_python_operator to None, run_after=None
[2024-04-09T19:13:59.713+0000] {processor.py:183} INFO - Processing /home/airflow/.local/lib/python3.12/site-packages/airflow/example_dags/example_python_operator.py took 0.105 seconds
[2024-04-09T19:14:29.813+0000] {processor.py:161} INFO - Started process (PID=11911) to work on /home/airflow/.local/lib/python3.12/site-packages/airflow/example_dags/example_python_operator.py
[2024-04-09T19:14:29.814+0000] {processor.py:830} INFO - Processing file /home/airflow/.local/lib/python3.12/site-packages/airflow/example_dags/example_python_operator.py for tasks to queue
[2024-04-09T19:14:29.816+0000] {logging_mixin.py:188} INFO - [2024-04-09T19:14:29.815+0000] {dagbag.py:540} INFO - Filling up the DagBag from /home/airflow/.local/lib/python3.12/site-packages/airflow/example_dags/example_python_operator.py
[2024-04-09T19:14:29.829+0000] {processor.py:840} INFO - DAG(s) 'example_python_operator' retrieved from /home/airflow/.local/lib/python3.12/site-packages/airflow/example_dags/example_python_operator.py
[2024-04-09T19:14:29.858+0000] {logging_mixin.py:188} INFO - [2024-04-09T19:14:29.858+0000] {dag.py:3096} INFO - Sync 1 DAGs
[2024-04-09T19:14:29.874+0000] {logging_mixin.py:188} INFO - [2024-04-09T19:14:29.874+0000] {dag.py:3954} INFO - Setting next_dagrun for example_python_operator to None, run_after=None
[2024-04-09T19:14:29.897+0000] {processor.py:183} INFO - Processing /home/airflow/.local/lib/python3.12/site-packages/airflow/example_dags/example_python_operator.py took 0.091 seconds
[2024-04-09T19:15:00.130+0000] {processor.py:161} INFO - Started process (PID=12185) to work on /home/airflow/.local/lib/python3.12/site-packages/airflow/example_dags/example_python_operator.py
[2024-04-09T19:15:00.131+0000] {processor.py:830} INFO - Processing file /home/airflow/.local/lib/python3.12/site-packages/airflow/example_dags/example_python_operator.py for tasks to queue
[2024-04-09T19:15:00.133+0000] {logging_mixin.py:188} INFO - [2024-04-09T19:15:00.133+0000] {dagbag.py:540} INFO - Filling up the DagBag from /home/airflow/.local/lib/python3.12/site-packages/airflow/example_dags/example_python_operator.py
[2024-04-09T19:15:00.146+0000] {processor.py:840} INFO - DAG(s) 'example_python_operator' retrieved from /home/airflow/.local/lib/python3.12/site-packages/airflow/example_dags/example_python_operator.py
[2024-04-09T19:15:00.173+0000] {logging_mixin.py:188} INFO - [2024-04-09T19:15:00.173+0000] {dag.py:3096} INFO - Sync 1 DAGs
[2024-04-09T19:15:00.185+0000] {logging_mixin.py:188} INFO - [2024-04-09T19:15:00.185+0000] {dag.py:3954} INFO - Setting next_dagrun for example_python_operator to None, run_after=None
[2024-04-09T19:15:00.219+0000] {processor.py:183} INFO - Processing /home/airflow/.local/lib/python3.12/site-packages/airflow/example_dags/example_python_operator.py took 0.096 seconds
[2024-04-09T19:15:30.952+0000] {processor.py:161} INFO - Started process (PID=12458) to work on /home/airflow/.local/lib/python3.12/site-packages/airflow/example_dags/example_python_operator.py
[2024-04-09T19:15:30.953+0000] {processor.py:830} INFO - Processing file /home/airflow/.local/lib/python3.12/site-packages/airflow/example_dags/example_python_operator.py for tasks to queue
[2024-04-09T19:15:30.955+0000] {logging_mixin.py:188} INFO - [2024-04-09T19:15:30.954+0000] {dagbag.py:540} INFO - Filling up the DagBag from /home/airflow/.local/lib/python3.12/site-packages/airflow/example_dags/example_python_operator.py
[2024-04-09T19:15:30.967+0000] {processor.py:840} INFO - DAG(s) 'example_python_operator' retrieved from /home/airflow/.local/lib/python3.12/site-packages/airflow/example_dags/example_python_operator.py
[2024-04-09T19:15:30.994+0000] {logging_mixin.py:188} INFO - [2024-04-09T19:15:30.994+0000] {dag.py:3096} INFO - Sync 1 DAGs
[2024-04-09T19:15:31.011+0000] {logging_mixin.py:188} INFO - [2024-04-09T19:15:31.011+0000] {dag.py:3954} INFO - Setting next_dagrun for example_python_operator to None, run_after=None
[2024-04-09T19:15:31.037+0000] {processor.py:183} INFO - Processing /home/airflow/.local/lib/python3.12/site-packages/airflow/example_dags/example_python_operator.py took 0.092 seconds
[2024-04-09T19:16:01.160+0000] {processor.py:161} INFO - Started process (PID=12730) to work on /home/airflow/.local/lib/python3.12/site-packages/airflow/example_dags/example_python_operator.py
[2024-04-09T19:16:01.162+0000] {processor.py:830} INFO - Processing file /home/airflow/.local/lib/python3.12/site-packages/airflow/example_dags/example_python_operator.py for tasks to queue
[2024-04-09T19:16:01.168+0000] {logging_mixin.py:188} INFO - [2024-04-09T19:16:01.168+0000] {dagbag.py:540} INFO - Filling up the DagBag from /home/airflow/.local/lib/python3.12/site-packages/airflow/example_dags/example_python_operator.py
[2024-04-09T19:16:01.180+0000] {processor.py:840} INFO - DAG(s) 'example_python_operator' retrieved from /home/airflow/.local/lib/python3.12/site-packages/airflow/example_dags/example_python_operator.py
[2024-04-09T19:16:01.209+0000] {logging_mixin.py:188} INFO - [2024-04-09T19:16:01.209+0000] {dag.py:3096} INFO - Sync 1 DAGs
[2024-04-09T19:16:01.240+0000] {logging_mixin.py:188} INFO - [2024-04-09T19:16:01.240+0000] {dag.py:3954} INFO - Setting next_dagrun for example_python_operator to None, run_after=None
[2024-04-09T19:16:01.261+0000] {processor.py:183} INFO - Processing /home/airflow/.local/lib/python3.12/site-packages/airflow/example_dags/example_python_operator.py took 0.124 seconds
[2024-04-09T19:16:31.360+0000] {processor.py:161} INFO - Started process (PID=13003) to work on /home/airflow/.local/lib/python3.12/site-packages/airflow/example_dags/example_python_operator.py
[2024-04-09T19:16:31.361+0000] {processor.py:830} INFO - Processing file /home/airflow/.local/lib/python3.12/site-packages/airflow/example_dags/example_python_operator.py for tasks to queue
[2024-04-09T19:16:31.363+0000] {logging_mixin.py:188} INFO - [2024-04-09T19:16:31.363+0000] {dagbag.py:540} INFO - Filling up the DagBag from /home/airflow/.local/lib/python3.12/site-packages/airflow/example_dags/example_python_operator.py
[2024-04-09T19:16:31.376+0000] {processor.py:840} INFO - DAG(s) 'example_python_operator' retrieved from /home/airflow/.local/lib/python3.12/site-packages/airflow/example_dags/example_python_operator.py
[2024-04-09T19:16:31.403+0000] {logging_mixin.py:188} INFO - [2024-04-09T19:16:31.403+0000] {dag.py:3096} INFO - Sync 1 DAGs
[2024-04-09T19:16:31.418+0000] {logging_mixin.py:188} INFO - [2024-04-09T19:16:31.418+0000] {dag.py:3954} INFO - Setting next_dagrun for example_python_operator to None, run_after=None
[2024-04-09T19:16:31.444+0000] {processor.py:183} INFO - Processing /home/airflow/.local/lib/python3.12/site-packages/airflow/example_dags/example_python_operator.py took 0.091 seconds
[2024-04-09T19:17:01.924+0000] {processor.py:161} INFO - Started process (PID=13275) to work on /home/airflow/.local/lib/python3.12/site-packages/airflow/example_dags/example_python_operator.py
[2024-04-09T19:17:01.925+0000] {processor.py:830} INFO - Processing file /home/airflow/.local/lib/python3.12/site-packages/airflow/example_dags/example_python_operator.py for tasks to queue
[2024-04-09T19:17:01.927+0000] {logging_mixin.py:188} INFO - [2024-04-09T19:17:01.927+0000] {dagbag.py:540} INFO - Filling up the DagBag from /home/airflow/.local/lib/python3.12/site-packages/airflow/example_dags/example_python_operator.py
[2024-04-09T19:17:01.940+0000] {processor.py:840} INFO - DAG(s) 'example_python_operator' retrieved from /home/airflow/.local/lib/python3.12/site-packages/airflow/example_dags/example_python_operator.py
[2024-04-09T19:17:01.968+0000] {logging_mixin.py:188} INFO - [2024-04-09T19:17:01.968+0000] {dag.py:3096} INFO - Sync 1 DAGs
[2024-04-09T19:17:01.991+0000] {logging_mixin.py:188} INFO - [2024-04-09T19:17:01.990+0000] {dag.py:3954} INFO - Setting next_dagrun for example_python_operator to None, run_after=None
[2024-04-09T19:17:02.041+0000] {processor.py:183} INFO - Processing /home/airflow/.local/lib/python3.12/site-packages/airflow/example_dags/example_python_operator.py took 0.125 seconds
[2024-04-09T19:17:32.541+0000] {processor.py:161} INFO - Started process (PID=13547) to work on /home/airflow/.local/lib/python3.12/site-packages/airflow/example_dags/example_python_operator.py
[2024-04-09T19:17:32.542+0000] {processor.py:830} INFO - Processing file /home/airflow/.local/lib/python3.12/site-packages/airflow/example_dags/example_python_operator.py for tasks to queue
[2024-04-09T19:17:32.545+0000] {logging_mixin.py:188} INFO - [2024-04-09T19:17:32.544+0000] {dagbag.py:540} INFO - Filling up the DagBag from /home/airflow/.local/lib/python3.12/site-packages/airflow/example_dags/example_python_operator.py
[2024-04-09T19:17:32.557+0000] {processor.py:840} INFO - DAG(s) 'example_python_operator' retrieved from /home/airflow/.local/lib/python3.12/site-packages/airflow/example_dags/example_python_operator.py
[2024-04-09T19:17:32.584+0000] {logging_mixin.py:188} INFO - [2024-04-09T19:17:32.584+0000] {dag.py:3096} INFO - Sync 1 DAGs
[2024-04-09T19:17:32.601+0000] {logging_mixin.py:188} INFO - [2024-04-09T19:17:32.601+0000] {dag.py:3954} INFO - Setting next_dagrun for example_python_operator to None, run_after=None
[2024-04-09T19:17:32.628+0000] {processor.py:183} INFO - Processing /home/airflow/.local/lib/python3.12/site-packages/airflow/example_dags/example_python_operator.py took 0.094 seconds
[2024-04-09T19:18:03.310+0000] {processor.py:161} INFO - Started process (PID=13819) to work on /home/airflow/.local/lib/python3.12/site-packages/airflow/example_dags/example_python_operator.py
[2024-04-09T19:18:03.312+0000] {processor.py:830} INFO - Processing file /home/airflow/.local/lib/python3.12/site-packages/airflow/example_dags/example_python_operator.py for tasks to queue
[2024-04-09T19:18:03.314+0000] {logging_mixin.py:188} INFO - [2024-04-09T19:18:03.314+0000] {dagbag.py:540} INFO - Filling up the DagBag from /home/airflow/.local/lib/python3.12/site-packages/airflow/example_dags/example_python_operator.py
[2024-04-09T19:18:03.326+0000] {processor.py:840} INFO - DAG(s) 'example_python_operator' retrieved from /home/airflow/.local/lib/python3.12/site-packages/airflow/example_dags/example_python_operator.py
[2024-04-09T19:18:03.356+0000] {logging_mixin.py:188} INFO - [2024-04-09T19:18:03.355+0000] {dag.py:3096} INFO - Sync 1 DAGs
[2024-04-09T19:18:03.374+0000] {logging_mixin.py:188} INFO - [2024-04-09T19:18:03.374+0000] {dag.py:3954} INFO - Setting next_dagrun for example_python_operator to None, run_after=None
[2024-04-09T19:18:03.418+0000] {processor.py:183} INFO - Processing /home/airflow/.local/lib/python3.12/site-packages/airflow/example_dags/example_python_operator.py took 0.116 seconds
[2024-04-09T19:18:34.058+0000] {processor.py:161} INFO - Started process (PID=14091) to work on /home/airflow/.local/lib/python3.12/site-packages/airflow/example_dags/example_python_operator.py
[2024-04-09T19:18:34.066+0000] {processor.py:830} INFO - Processing file /home/airflow/.local/lib/python3.12/site-packages/airflow/example_dags/example_python_operator.py for tasks to queue
[2024-04-09T19:18:34.072+0000] {logging_mixin.py:188} INFO - [2024-04-09T19:18:34.072+0000] {dagbag.py:540} INFO - Filling up the DagBag from /home/airflow/.local/lib/python3.12/site-packages/airflow/example_dags/example_python_operator.py
[2024-04-09T19:18:34.085+0000] {processor.py:840} INFO - DAG(s) 'example_python_operator' retrieved from /home/airflow/.local/lib/python3.12/site-packages/airflow/example_dags/example_python_operator.py
[2024-04-09T19:18:34.115+0000] {logging_mixin.py:188} INFO - [2024-04-09T19:18:34.114+0000] {dag.py:3096} INFO - Sync 1 DAGs
[2024-04-09T19:18:34.128+0000] {logging_mixin.py:188} INFO - [2024-04-09T19:18:34.128+0000] {dag.py:3954} INFO - Setting next_dagrun for example_python_operator to None, run_after=None
[2024-04-09T19:18:34.154+0000] {processor.py:183} INFO - Processing /home/airflow/.local/lib/python3.12/site-packages/airflow/example_dags/example_python_operator.py took 0.108 seconds
[2024-04-09T19:19:04.352+0000] {processor.py:161} INFO - Started process (PID=14363) to work on /home/airflow/.local/lib/python3.12/site-packages/airflow/example_dags/example_python_operator.py
[2024-04-09T19:19:04.353+0000] {processor.py:830} INFO - Processing file /home/airflow/.local/lib/python3.12/site-packages/airflow/example_dags/example_python_operator.py for tasks to queue
[2024-04-09T19:19:04.360+0000] {logging_mixin.py:188} INFO - [2024-04-09T19:19:04.360+0000] {dagbag.py:540} INFO - Filling up the DagBag from /home/airflow/.local/lib/python3.12/site-packages/airflow/example_dags/example_python_operator.py
[2024-04-09T19:19:04.377+0000] {processor.py:840} INFO - DAG(s) 'example_python_operator' retrieved from /home/airflow/.local/lib/python3.12/site-packages/airflow/example_dags/example_python_operator.py
[2024-04-09T19:19:04.429+0000] {logging_mixin.py:188} INFO - [2024-04-09T19:19:04.428+0000] {dag.py:3096} INFO - Sync 1 DAGs
[2024-04-09T19:19:04.457+0000] {logging_mixin.py:188} INFO - [2024-04-09T19:19:04.457+0000] {dag.py:3954} INFO - Setting next_dagrun for example_python_operator to None, run_after=None
[2024-04-09T19:19:04.501+0000] {processor.py:183} INFO - Processing /home/airflow/.local/lib/python3.12/site-packages/airflow/example_dags/example_python_operator.py took 0.156 seconds
[2024-04-09T19:19:35.247+0000] {processor.py:161} INFO - Started process (PID=14634) to work on /home/airflow/.local/lib/python3.12/site-packages/airflow/example_dags/example_python_operator.py
[2024-04-09T19:19:35.248+0000] {processor.py:830} INFO - Processing file /home/airflow/.local/lib/python3.12/site-packages/airflow/example_dags/example_python_operator.py for tasks to queue
[2024-04-09T19:19:35.251+0000] {logging_mixin.py:188} INFO - [2024-04-09T19:19:35.251+0000] {dagbag.py:540} INFO - Filling up the DagBag from /home/airflow/.local/lib/python3.12/site-packages/airflow/example_dags/example_python_operator.py
[2024-04-09T19:19:35.264+0000] {processor.py:840} INFO - DAG(s) 'example_python_operator' retrieved from /home/airflow/.local/lib/python3.12/site-packages/airflow/example_dags/example_python_operator.py
[2024-04-09T19:19:35.313+0000] {logging_mixin.py:188} INFO - [2024-04-09T19:19:35.313+0000] {dag.py:3096} INFO - Sync 1 DAGs
[2024-04-09T19:19:35.338+0000] {logging_mixin.py:188} INFO - [2024-04-09T19:19:35.338+0000] {dag.py:3954} INFO - Setting next_dagrun for example_python_operator to None, run_after=None
[2024-04-09T19:19:35.367+0000] {processor.py:183} INFO - Processing /home/airflow/.local/lib/python3.12/site-packages/airflow/example_dags/example_python_operator.py took 0.127 seconds
[2024-04-09T19:20:05.712+0000] {processor.py:161} INFO - Started process (PID=14907) to work on /home/airflow/.local/lib/python3.12/site-packages/airflow/example_dags/example_python_operator.py
[2024-04-09T19:20:05.713+0000] {processor.py:830} INFO - Processing file /home/airflow/.local/lib/python3.12/site-packages/airflow/example_dags/example_python_operator.py for tasks to queue
[2024-04-09T19:20:05.716+0000] {logging_mixin.py:188} INFO - [2024-04-09T19:20:05.716+0000] {dagbag.py:540} INFO - Filling up the DagBag from /home/airflow/.local/lib/python3.12/site-packages/airflow/example_dags/example_python_operator.py
[2024-04-09T19:20:05.729+0000] {processor.py:840} INFO - DAG(s) 'example_python_operator' retrieved from /home/airflow/.local/lib/python3.12/site-packages/airflow/example_dags/example_python_operator.py
[2024-04-09T19:20:05.756+0000] {logging_mixin.py:188} INFO - [2024-04-09T19:20:05.756+0000] {dag.py:3096} INFO - Sync 1 DAGs
[2024-04-09T19:20:05.772+0000] {logging_mixin.py:188} INFO - [2024-04-09T19:20:05.772+0000] {dag.py:3954} INFO - Setting next_dagrun for example_python_operator to None, run_after=None
[2024-04-09T19:20:05.799+0000] {processor.py:183} INFO - Processing /home/airflow/.local/lib/python3.12/site-packages/airflow/example_dags/example_python_operator.py took 0.094 seconds
[2024-04-09T19:20:36.324+0000] {processor.py:161} INFO - Started process (PID=15178) to work on /home/airflow/.local/lib/python3.12/site-packages/airflow/example_dags/example_python_operator.py
[2024-04-09T19:20:36.327+0000] {processor.py:830} INFO - Processing file /home/airflow/.local/lib/python3.12/site-packages/airflow/example_dags/example_python_operator.py for tasks to queue
[2024-04-09T19:20:36.331+0000] {logging_mixin.py:188} INFO - [2024-04-09T19:20:36.330+0000] {dagbag.py:540} INFO - Filling up the DagBag from /home/airflow/.local/lib/python3.12/site-packages/airflow/example_dags/example_python_operator.py
[2024-04-09T19:20:36.349+0000] {processor.py:840} INFO - DAG(s) 'example_python_operator' retrieved from /home/airflow/.local/lib/python3.12/site-packages/airflow/example_dags/example_python_operator.py
[2024-04-09T19:20:36.391+0000] {logging_mixin.py:188} INFO - [2024-04-09T19:20:36.391+0000] {dag.py:3096} INFO - Sync 1 DAGs
[2024-04-09T19:20:36.429+0000] {logging_mixin.py:188} INFO - [2024-04-09T19:20:36.428+0000] {dag.py:3954} INFO - Setting next_dagrun for example_python_operator to None, run_after=None
[2024-04-09T19:20:36.459+0000] {processor.py:183} INFO - Processing /home/airflow/.local/lib/python3.12/site-packages/airflow/example_dags/example_python_operator.py took 0.146 seconds
[2024-04-09T19:21:07.020+0000] {processor.py:161} INFO - Started process (PID=15452) to work on /home/airflow/.local/lib/python3.12/site-packages/airflow/example_dags/example_python_operator.py
[2024-04-09T19:21:07.021+0000] {processor.py:830} INFO - Processing file /home/airflow/.local/lib/python3.12/site-packages/airflow/example_dags/example_python_operator.py for tasks to queue
[2024-04-09T19:21:07.023+0000] {logging_mixin.py:188} INFO - [2024-04-09T19:21:07.023+0000] {dagbag.py:540} INFO - Filling up the DagBag from /home/airflow/.local/lib/python3.12/site-packages/airflow/example_dags/example_python_operator.py
[2024-04-09T19:21:07.038+0000] {processor.py:840} INFO - DAG(s) 'example_python_operator' retrieved from /home/airflow/.local/lib/python3.12/site-packages/airflow/example_dags/example_python_operator.py
[2024-04-09T19:21:07.079+0000] {logging_mixin.py:188} INFO - [2024-04-09T19:21:07.078+0000] {dag.py:3096} INFO - Sync 1 DAGs
[2024-04-09T19:21:07.095+0000] {logging_mixin.py:188} INFO - [2024-04-09T19:21:07.095+0000] {dag.py:3954} INFO - Setting next_dagrun for example_python_operator to None, run_after=None
[2024-04-09T19:21:07.125+0000] {processor.py:183} INFO - Processing /home/airflow/.local/lib/python3.12/site-packages/airflow/example_dags/example_python_operator.py took 0.111 seconds
[2024-04-09T19:21:37.654+0000] {processor.py:161} INFO - Started process (PID=15725) to work on /home/airflow/.local/lib/python3.12/site-packages/airflow/example_dags/example_python_operator.py
[2024-04-09T19:21:37.656+0000] {processor.py:830} INFO - Processing file /home/airflow/.local/lib/python3.12/site-packages/airflow/example_dags/example_python_operator.py for tasks to queue
[2024-04-09T19:21:37.658+0000] {logging_mixin.py:188} INFO - [2024-04-09T19:21:37.657+0000] {dagbag.py:540} INFO - Filling up the DagBag from /home/airflow/.local/lib/python3.12/site-packages/airflow/example_dags/example_python_operator.py
[2024-04-09T19:21:37.673+0000] {processor.py:840} INFO - DAG(s) 'example_python_operator' retrieved from /home/airflow/.local/lib/python3.12/site-packages/airflow/example_dags/example_python_operator.py
[2024-04-09T19:21:37.700+0000] {logging_mixin.py:188} INFO - [2024-04-09T19:21:37.700+0000] {dag.py:3096} INFO - Sync 1 DAGs
[2024-04-09T19:21:37.717+0000] {logging_mixin.py:188} INFO - [2024-04-09T19:21:37.717+0000] {dag.py:3954} INFO - Setting next_dagrun for example_python_operator to None, run_after=None
[2024-04-09T19:21:37.742+0000] {processor.py:183} INFO - Processing /home/airflow/.local/lib/python3.12/site-packages/airflow/example_dags/example_python_operator.py took 0.095 seconds
[2024-04-09T19:22:07.939+0000] {processor.py:161} INFO - Started process (PID=15997) to work on /home/airflow/.local/lib/python3.12/site-packages/airflow/example_dags/example_python_operator.py
[2024-04-09T19:22:07.941+0000] {processor.py:830} INFO - Processing file /home/airflow/.local/lib/python3.12/site-packages/airflow/example_dags/example_python_operator.py for tasks to queue
[2024-04-09T19:22:07.943+0000] {logging_mixin.py:188} INFO - [2024-04-09T19:22:07.943+0000] {dagbag.py:540} INFO - Filling up the DagBag from /home/airflow/.local/lib/python3.12/site-packages/airflow/example_dags/example_python_operator.py
[2024-04-09T19:22:07.957+0000] {processor.py:840} INFO - DAG(s) 'example_python_operator' retrieved from /home/airflow/.local/lib/python3.12/site-packages/airflow/example_dags/example_python_operator.py
[2024-04-09T19:22:07.986+0000] {logging_mixin.py:188} INFO - [2024-04-09T19:22:07.984+0000] {dag.py:3096} INFO - Sync 1 DAGs
[2024-04-09T19:22:08.003+0000] {logging_mixin.py:188} INFO - [2024-04-09T19:22:08.002+0000] {dag.py:3954} INFO - Setting next_dagrun for example_python_operator to None, run_after=None
[2024-04-09T19:22:08.026+0000] {processor.py:183} INFO - Processing /home/airflow/.local/lib/python3.12/site-packages/airflow/example_dags/example_python_operator.py took 0.093 seconds
[2024-04-09T19:22:38.721+0000] {processor.py:161} INFO - Started process (PID=16269) to work on /home/airflow/.local/lib/python3.12/site-packages/airflow/example_dags/example_python_operator.py
[2024-04-09T19:22:38.722+0000] {processor.py:830} INFO - Processing file /home/airflow/.local/lib/python3.12/site-packages/airflow/example_dags/example_python_operator.py for tasks to queue
[2024-04-09T19:22:38.726+0000] {logging_mixin.py:188} INFO - [2024-04-09T19:22:38.725+0000] {dagbag.py:540} INFO - Filling up the DagBag from /home/airflow/.local/lib/python3.12/site-packages/airflow/example_dags/example_python_operator.py
[2024-04-09T19:22:38.739+0000] {processor.py:840} INFO - DAG(s) 'example_python_operator' retrieved from /home/airflow/.local/lib/python3.12/site-packages/airflow/example_dags/example_python_operator.py
[2024-04-09T19:22:38.782+0000] {logging_mixin.py:188} INFO - [2024-04-09T19:22:38.782+0000] {dag.py:3096} INFO - Sync 1 DAGs
[2024-04-09T19:22:38.799+0000] {logging_mixin.py:188} INFO - [2024-04-09T19:22:38.799+0000] {dag.py:3954} INFO - Setting next_dagrun for example_python_operator to None, run_after=None
[2024-04-09T19:22:38.825+0000] {processor.py:183} INFO - Processing /home/airflow/.local/lib/python3.12/site-packages/airflow/example_dags/example_python_operator.py took 0.111 seconds
[2024-04-09T19:23:09.217+0000] {processor.py:161} INFO - Started process (PID=16541) to work on /home/airflow/.local/lib/python3.12/site-packages/airflow/example_dags/example_python_operator.py
[2024-04-09T19:23:09.218+0000] {processor.py:830} INFO - Processing file /home/airflow/.local/lib/python3.12/site-packages/airflow/example_dags/example_python_operator.py for tasks to queue
[2024-04-09T19:23:09.220+0000] {logging_mixin.py:188} INFO - [2024-04-09T19:23:09.220+0000] {dagbag.py:540} INFO - Filling up the DagBag from /home/airflow/.local/lib/python3.12/site-packages/airflow/example_dags/example_python_operator.py
[2024-04-09T19:23:09.233+0000] {processor.py:840} INFO - DAG(s) 'example_python_operator' retrieved from /home/airflow/.local/lib/python3.12/site-packages/airflow/example_dags/example_python_operator.py
[2024-04-09T19:23:09.260+0000] {logging_mixin.py:188} INFO - [2024-04-09T19:23:09.260+0000] {dag.py:3096} INFO - Sync 1 DAGs
[2024-04-09T19:23:09.276+0000] {logging_mixin.py:188} INFO - [2024-04-09T19:23:09.276+0000] {dag.py:3954} INFO - Setting next_dagrun for example_python_operator to None, run_after=None
[2024-04-09T19:23:09.305+0000] {processor.py:183} INFO - Processing /home/airflow/.local/lib/python3.12/site-packages/airflow/example_dags/example_python_operator.py took 0.095 seconds
[2024-04-09T19:23:39.750+0000] {processor.py:161} INFO - Started process (PID=16813) to work on /home/airflow/.local/lib/python3.12/site-packages/airflow/example_dags/example_python_operator.py
[2024-04-09T19:23:39.751+0000] {processor.py:830} INFO - Processing file /home/airflow/.local/lib/python3.12/site-packages/airflow/example_dags/example_python_operator.py for tasks to queue
[2024-04-09T19:23:39.753+0000] {logging_mixin.py:188} INFO - [2024-04-09T19:23:39.753+0000] {dagbag.py:540} INFO - Filling up the DagBag from /home/airflow/.local/lib/python3.12/site-packages/airflow/example_dags/example_python_operator.py
[2024-04-09T19:23:39.766+0000] {processor.py:840} INFO - DAG(s) 'example_python_operator' retrieved from /home/airflow/.local/lib/python3.12/site-packages/airflow/example_dags/example_python_operator.py
[2024-04-09T19:23:39.800+0000] {logging_mixin.py:188} INFO - [2024-04-09T19:23:39.800+0000] {dag.py:3096} INFO - Sync 1 DAGs
[2024-04-09T19:23:39.826+0000] {logging_mixin.py:188} INFO - [2024-04-09T19:23:39.826+0000] {dag.py:3954} INFO - Setting next_dagrun for example_python_operator to None, run_after=None
[2024-04-09T19:23:39.868+0000] {processor.py:183} INFO - Processing /home/airflow/.local/lib/python3.12/site-packages/airflow/example_dags/example_python_operator.py took 0.124 seconds
