[2024-04-09T18:50:55.482+0000] {processor.py:161} INFO - Started process (PID=293) to work on /home/airflow/.local/lib/python3.12/site-packages/airflow/example_dags/example_nested_branch_dag.py
[2024-04-09T18:50:55.483+0000] {processor.py:830} INFO - Processing file /home/airflow/.local/lib/python3.12/site-packages/airflow/example_dags/example_nested_branch_dag.py for tasks to queue
[2024-04-09T18:50:55.491+0000] {logging_mixin.py:188} INFO - [2024-04-09T18:50:55.490+0000] {dagbag.py:540} INFO - Filling up the DagBag from /home/airflow/.local/lib/python3.12/site-packages/airflow/example_dags/example_nested_branch_dag.py
[2024-04-09T18:50:55.509+0000] {processor.py:840} INFO - DAG(s) 'example_nested_branch_dag' retrieved from /home/airflow/.local/lib/python3.12/site-packages/airflow/example_dags/example_nested_branch_dag.py
[2024-04-09T18:50:55.803+0000] {logging_mixin.py:188} INFO - [2024-04-09T18:50:55.802+0000] {override.py:1829} INFO - Created Permission View: can edit on DAG:example_nested_branch_dag
[2024-04-09T18:50:55.825+0000] {logging_mixin.py:188} INFO - [2024-04-09T18:50:55.825+0000] {override.py:1829} INFO - Created Permission View: can delete on DAG:example_nested_branch_dag
[2024-04-09T18:50:55.839+0000] {logging_mixin.py:188} INFO - [2024-04-09T18:50:55.839+0000] {override.py:1829} INFO - Created Permission View: can read on DAG:example_nested_branch_dag
[2024-04-09T18:50:55.840+0000] {logging_mixin.py:188} INFO - [2024-04-09T18:50:55.839+0000] {dag.py:3096} INFO - Sync 1 DAGs
[2024-04-09T18:50:55.865+0000] {logging_mixin.py:188} INFO - [2024-04-09T18:50:55.865+0000] {dag.py:3118} INFO - Creating ORM DAG for example_nested_branch_dag
[2024-04-09T18:50:55.900+0000] {logging_mixin.py:188} INFO - [2024-04-09T18:50:55.900+0000] {dag.py:3954} INFO - Setting next_dagrun for example_nested_branch_dag to 2024-04-08 00:00:00+00:00, run_after=2024-04-09 00:00:00+00:00
[2024-04-09T18:50:55.967+0000] {processor.py:183} INFO - Processing /home/airflow/.local/lib/python3.12/site-packages/airflow/example_dags/example_nested_branch_dag.py took 0.492 seconds
[2024-04-09T18:51:26.483+0000] {processor.py:161} INFO - Started process (PID=555) to work on /home/airflow/.local/lib/python3.12/site-packages/airflow/example_dags/example_nested_branch_dag.py
[2024-04-09T18:51:26.484+0000] {processor.py:830} INFO - Processing file /home/airflow/.local/lib/python3.12/site-packages/airflow/example_dags/example_nested_branch_dag.py for tasks to queue
[2024-04-09T18:51:26.486+0000] {logging_mixin.py:188} INFO - [2024-04-09T18:51:26.486+0000] {dagbag.py:540} INFO - Filling up the DagBag from /home/airflow/.local/lib/python3.12/site-packages/airflow/example_dags/example_nested_branch_dag.py
[2024-04-09T18:51:26.499+0000] {processor.py:840} INFO - DAG(s) 'example_nested_branch_dag' retrieved from /home/airflow/.local/lib/python3.12/site-packages/airflow/example_dags/example_nested_branch_dag.py
[2024-04-09T18:51:26.524+0000] {logging_mixin.py:188} INFO - [2024-04-09T18:51:26.524+0000] {dag.py:3096} INFO - Sync 1 DAGs
[2024-04-09T18:51:26.553+0000] {logging_mixin.py:188} INFO - [2024-04-09T18:51:26.553+0000] {dag.py:3954} INFO - Setting next_dagrun for example_nested_branch_dag to 2024-04-08 00:00:00+00:00, run_after=2024-04-09 00:00:00+00:00
[2024-04-09T18:51:26.580+0000] {processor.py:183} INFO - Processing /home/airflow/.local/lib/python3.12/site-packages/airflow/example_dags/example_nested_branch_dag.py took 0.104 seconds
[2024-04-09T18:52:35.020+0000] {processor.py:161} INFO - Started process (PID=288) to work on /home/airflow/.local/lib/python3.12/site-packages/airflow/example_dags/example_nested_branch_dag.py
[2024-04-09T18:52:35.021+0000] {processor.py:830} INFO - Processing file /home/airflow/.local/lib/python3.12/site-packages/airflow/example_dags/example_nested_branch_dag.py for tasks to queue
[2024-04-09T18:52:35.025+0000] {logging_mixin.py:188} INFO - [2024-04-09T18:52:35.023+0000] {dagbag.py:540} INFO - Filling up the DagBag from /home/airflow/.local/lib/python3.12/site-packages/airflow/example_dags/example_nested_branch_dag.py
[2024-04-09T18:52:35.069+0000] {processor.py:840} INFO - DAG(s) 'example_nested_branch_dag' retrieved from /home/airflow/.local/lib/python3.12/site-packages/airflow/example_dags/example_nested_branch_dag.py
[2024-04-09T18:52:35.372+0000] {logging_mixin.py:188} INFO - [2024-04-09T18:52:35.372+0000] {dag.py:3096} INFO - Sync 1 DAGs
[2024-04-09T18:52:35.455+0000] {logging_mixin.py:188} INFO - [2024-04-09T18:52:35.455+0000] {dag.py:3954} INFO - Setting next_dagrun for example_nested_branch_dag to 2024-04-08 00:00:00+00:00, run_after=2024-04-09 00:00:00+00:00
[2024-04-09T18:52:35.531+0000] {processor.py:183} INFO - Processing /home/airflow/.local/lib/python3.12/site-packages/airflow/example_dags/example_nested_branch_dag.py took 0.518 seconds
[2024-04-09T18:53:06.070+0000] {processor.py:161} INFO - Started process (PID=557) to work on /home/airflow/.local/lib/python3.12/site-packages/airflow/example_dags/example_nested_branch_dag.py
[2024-04-09T18:53:06.071+0000] {processor.py:830} INFO - Processing file /home/airflow/.local/lib/python3.12/site-packages/airflow/example_dags/example_nested_branch_dag.py for tasks to queue
[2024-04-09T18:53:06.073+0000] {logging_mixin.py:188} INFO - [2024-04-09T18:53:06.072+0000] {dagbag.py:540} INFO - Filling up the DagBag from /home/airflow/.local/lib/python3.12/site-packages/airflow/example_dags/example_nested_branch_dag.py
[2024-04-09T18:53:06.081+0000] {processor.py:840} INFO - DAG(s) 'example_nested_branch_dag' retrieved from /home/airflow/.local/lib/python3.12/site-packages/airflow/example_dags/example_nested_branch_dag.py
[2024-04-09T18:53:06.101+0000] {logging_mixin.py:188} INFO - [2024-04-09T18:53:06.100+0000] {dag.py:3096} INFO - Sync 1 DAGs
[2024-04-09T18:53:06.120+0000] {logging_mixin.py:188} INFO - [2024-04-09T18:53:06.120+0000] {dag.py:3954} INFO - Setting next_dagrun for example_nested_branch_dag to 2024-04-08 00:00:00+00:00, run_after=2024-04-09 00:00:00+00:00
[2024-04-09T18:53:06.139+0000] {processor.py:183} INFO - Processing /home/airflow/.local/lib/python3.12/site-packages/airflow/example_dags/example_nested_branch_dag.py took 0.073 seconds
[2024-04-09T18:53:36.464+0000] {processor.py:161} INFO - Started process (PID=819) to work on /home/airflow/.local/lib/python3.12/site-packages/airflow/example_dags/example_nested_branch_dag.py
[2024-04-09T18:53:36.465+0000] {processor.py:830} INFO - Processing file /home/airflow/.local/lib/python3.12/site-packages/airflow/example_dags/example_nested_branch_dag.py for tasks to queue
[2024-04-09T18:53:36.467+0000] {logging_mixin.py:188} INFO - [2024-04-09T18:53:36.467+0000] {dagbag.py:540} INFO - Filling up the DagBag from /home/airflow/.local/lib/python3.12/site-packages/airflow/example_dags/example_nested_branch_dag.py
[2024-04-09T18:53:36.479+0000] {processor.py:840} INFO - DAG(s) 'example_nested_branch_dag' retrieved from /home/airflow/.local/lib/python3.12/site-packages/airflow/example_dags/example_nested_branch_dag.py
[2024-04-09T18:53:36.510+0000] {logging_mixin.py:188} INFO - [2024-04-09T18:53:36.509+0000] {dag.py:3096} INFO - Sync 1 DAGs
[2024-04-09T18:53:36.528+0000] {logging_mixin.py:188} INFO - [2024-04-09T18:53:36.528+0000] {dag.py:3954} INFO - Setting next_dagrun for example_nested_branch_dag to 2024-04-08 00:00:00+00:00, run_after=2024-04-09 00:00:00+00:00
[2024-04-09T18:53:36.547+0000] {processor.py:183} INFO - Processing /home/airflow/.local/lib/python3.12/site-packages/airflow/example_dags/example_nested_branch_dag.py took 0.090 seconds
[2024-04-09T18:54:07.636+0000] {processor.py:161} INFO - Started process (PID=1079) to work on /home/airflow/.local/lib/python3.12/site-packages/airflow/example_dags/example_nested_branch_dag.py
[2024-04-09T18:54:07.639+0000] {processor.py:830} INFO - Processing file /home/airflow/.local/lib/python3.12/site-packages/airflow/example_dags/example_nested_branch_dag.py for tasks to queue
[2024-04-09T18:54:07.644+0000] {logging_mixin.py:188} INFO - [2024-04-09T18:54:07.644+0000] {dagbag.py:540} INFO - Filling up the DagBag from /home/airflow/.local/lib/python3.12/site-packages/airflow/example_dags/example_nested_branch_dag.py
[2024-04-09T18:54:07.654+0000] {processor.py:840} INFO - DAG(s) 'example_nested_branch_dag' retrieved from /home/airflow/.local/lib/python3.12/site-packages/airflow/example_dags/example_nested_branch_dag.py
[2024-04-09T18:54:07.678+0000] {logging_mixin.py:188} INFO - [2024-04-09T18:54:07.678+0000] {dag.py:3096} INFO - Sync 1 DAGs
[2024-04-09T18:54:07.707+0000] {logging_mixin.py:188} INFO - [2024-04-09T18:54:07.707+0000] {dag.py:3954} INFO - Setting next_dagrun for example_nested_branch_dag to 2024-04-08 00:00:00+00:00, run_after=2024-04-09 00:00:00+00:00
[2024-04-09T18:54:07.734+0000] {processor.py:183} INFO - Processing /home/airflow/.local/lib/python3.12/site-packages/airflow/example_dags/example_nested_branch_dag.py took 0.114 seconds
[2024-04-09T18:54:38.033+0000] {processor.py:161} INFO - Started process (PID=1343) to work on /home/airflow/.local/lib/python3.12/site-packages/airflow/example_dags/example_nested_branch_dag.py
[2024-04-09T18:54:38.034+0000] {processor.py:830} INFO - Processing file /home/airflow/.local/lib/python3.12/site-packages/airflow/example_dags/example_nested_branch_dag.py for tasks to queue
[2024-04-09T18:54:38.036+0000] {logging_mixin.py:188} INFO - [2024-04-09T18:54:38.036+0000] {dagbag.py:540} INFO - Filling up the DagBag from /home/airflow/.local/lib/python3.12/site-packages/airflow/example_dags/example_nested_branch_dag.py
[2024-04-09T18:54:38.049+0000] {processor.py:840} INFO - DAG(s) 'example_nested_branch_dag' retrieved from /home/airflow/.local/lib/python3.12/site-packages/airflow/example_dags/example_nested_branch_dag.py
[2024-04-09T18:54:38.068+0000] {logging_mixin.py:188} INFO - [2024-04-09T18:54:38.068+0000] {dag.py:3096} INFO - Sync 1 DAGs
[2024-04-09T18:54:38.086+0000] {logging_mixin.py:188} INFO - [2024-04-09T18:54:38.086+0000] {dag.py:3954} INFO - Setting next_dagrun for example_nested_branch_dag to 2024-04-08 00:00:00+00:00, run_after=2024-04-09 00:00:00+00:00
[2024-04-09T18:54:38.104+0000] {processor.py:183} INFO - Processing /home/airflow/.local/lib/python3.12/site-packages/airflow/example_dags/example_nested_branch_dag.py took 0.078 seconds
[2024-04-09T18:55:08.591+0000] {processor.py:161} INFO - Started process (PID=1605) to work on /home/airflow/.local/lib/python3.12/site-packages/airflow/example_dags/example_nested_branch_dag.py
[2024-04-09T18:55:08.592+0000] {processor.py:830} INFO - Processing file /home/airflow/.local/lib/python3.12/site-packages/airflow/example_dags/example_nested_branch_dag.py for tasks to queue
[2024-04-09T18:55:08.594+0000] {logging_mixin.py:188} INFO - [2024-04-09T18:55:08.593+0000] {dagbag.py:540} INFO - Filling up the DagBag from /home/airflow/.local/lib/python3.12/site-packages/airflow/example_dags/example_nested_branch_dag.py
[2024-04-09T18:55:08.605+0000] {processor.py:840} INFO - DAG(s) 'example_nested_branch_dag' retrieved from /home/airflow/.local/lib/python3.12/site-packages/airflow/example_dags/example_nested_branch_dag.py
[2024-04-09T18:55:08.631+0000] {logging_mixin.py:188} INFO - [2024-04-09T18:55:08.631+0000] {dag.py:3096} INFO - Sync 1 DAGs
[2024-04-09T18:55:08.661+0000] {logging_mixin.py:188} INFO - [2024-04-09T18:55:08.661+0000] {dag.py:3954} INFO - Setting next_dagrun for example_nested_branch_dag to 2024-04-08 00:00:00+00:00, run_after=2024-04-09 00:00:00+00:00
[2024-04-09T18:55:08.691+0000] {processor.py:183} INFO - Processing /home/airflow/.local/lib/python3.12/site-packages/airflow/example_dags/example_nested_branch_dag.py took 0.108 seconds
[2024-04-09T18:55:39.168+0000] {processor.py:161} INFO - Started process (PID=1866) to work on /home/airflow/.local/lib/python3.12/site-packages/airflow/example_dags/example_nested_branch_dag.py
[2024-04-09T18:55:39.169+0000] {processor.py:830} INFO - Processing file /home/airflow/.local/lib/python3.12/site-packages/airflow/example_dags/example_nested_branch_dag.py for tasks to queue
[2024-04-09T18:55:39.171+0000] {logging_mixin.py:188} INFO - [2024-04-09T18:55:39.171+0000] {dagbag.py:540} INFO - Filling up the DagBag from /home/airflow/.local/lib/python3.12/site-packages/airflow/example_dags/example_nested_branch_dag.py
[2024-04-09T18:55:39.182+0000] {processor.py:840} INFO - DAG(s) 'example_nested_branch_dag' retrieved from /home/airflow/.local/lib/python3.12/site-packages/airflow/example_dags/example_nested_branch_dag.py
[2024-04-09T18:55:39.209+0000] {logging_mixin.py:188} INFO - [2024-04-09T18:55:39.209+0000] {dag.py:3096} INFO - Sync 1 DAGs
[2024-04-09T18:55:39.243+0000] {logging_mixin.py:188} INFO - [2024-04-09T18:55:39.242+0000] {dag.py:3954} INFO - Setting next_dagrun for example_nested_branch_dag to 2024-04-08 00:00:00+00:00, run_after=2024-04-09 00:00:00+00:00
[2024-04-09T18:55:39.268+0000] {processor.py:183} INFO - Processing /home/airflow/.local/lib/python3.12/site-packages/airflow/example_dags/example_nested_branch_dag.py took 0.107 seconds
[2024-04-09T18:56:09.603+0000] {processor.py:161} INFO - Started process (PID=2130) to work on /home/airflow/.local/lib/python3.12/site-packages/airflow/example_dags/example_nested_branch_dag.py
[2024-04-09T18:56:09.604+0000] {processor.py:830} INFO - Processing file /home/airflow/.local/lib/python3.12/site-packages/airflow/example_dags/example_nested_branch_dag.py for tasks to queue
[2024-04-09T18:56:09.606+0000] {logging_mixin.py:188} INFO - [2024-04-09T18:56:09.605+0000] {dagbag.py:540} INFO - Filling up the DagBag from /home/airflow/.local/lib/python3.12/site-packages/airflow/example_dags/example_nested_branch_dag.py
[2024-04-09T18:56:09.614+0000] {processor.py:840} INFO - DAG(s) 'example_nested_branch_dag' retrieved from /home/airflow/.local/lib/python3.12/site-packages/airflow/example_dags/example_nested_branch_dag.py
[2024-04-09T18:56:09.632+0000] {logging_mixin.py:188} INFO - [2024-04-09T18:56:09.632+0000] {dag.py:3096} INFO - Sync 1 DAGs
[2024-04-09T18:56:09.650+0000] {logging_mixin.py:188} INFO - [2024-04-09T18:56:09.650+0000] {dag.py:3954} INFO - Setting next_dagrun for example_nested_branch_dag to 2024-04-08 00:00:00+00:00, run_after=2024-04-09 00:00:00+00:00
[2024-04-09T18:56:09.670+0000] {processor.py:183} INFO - Processing /home/airflow/.local/lib/python3.12/site-packages/airflow/example_dags/example_nested_branch_dag.py took 0.071 seconds
[2024-04-09T18:56:40.378+0000] {processor.py:161} INFO - Started process (PID=2390) to work on /home/airflow/.local/lib/python3.12/site-packages/airflow/example_dags/example_nested_branch_dag.py
[2024-04-09T18:56:40.379+0000] {processor.py:830} INFO - Processing file /home/airflow/.local/lib/python3.12/site-packages/airflow/example_dags/example_nested_branch_dag.py for tasks to queue
[2024-04-09T18:56:40.381+0000] {logging_mixin.py:188} INFO - [2024-04-09T18:56:40.381+0000] {dagbag.py:540} INFO - Filling up the DagBag from /home/airflow/.local/lib/python3.12/site-packages/airflow/example_dags/example_nested_branch_dag.py
[2024-04-09T18:56:40.395+0000] {processor.py:840} INFO - DAG(s) 'example_nested_branch_dag' retrieved from /home/airflow/.local/lib/python3.12/site-packages/airflow/example_dags/example_nested_branch_dag.py
[2024-04-09T18:56:40.420+0000] {logging_mixin.py:188} INFO - [2024-04-09T18:56:40.419+0000] {dag.py:3096} INFO - Sync 1 DAGs
[2024-04-09T18:56:40.450+0000] {logging_mixin.py:188} INFO - [2024-04-09T18:56:40.449+0000] {dag.py:3954} INFO - Setting next_dagrun for example_nested_branch_dag to 2024-04-08 00:00:00+00:00, run_after=2024-04-09 00:00:00+00:00
[2024-04-09T18:56:40.474+0000] {processor.py:183} INFO - Processing /home/airflow/.local/lib/python3.12/site-packages/airflow/example_dags/example_nested_branch_dag.py took 0.103 seconds
[2024-04-09T18:57:10.826+0000] {processor.py:161} INFO - Started process (PID=2654) to work on /home/airflow/.local/lib/python3.12/site-packages/airflow/example_dags/example_nested_branch_dag.py
[2024-04-09T18:57:10.828+0000] {processor.py:830} INFO - Processing file /home/airflow/.local/lib/python3.12/site-packages/airflow/example_dags/example_nested_branch_dag.py for tasks to queue
[2024-04-09T18:57:10.829+0000] {logging_mixin.py:188} INFO - [2024-04-09T18:57:10.829+0000] {dagbag.py:540} INFO - Filling up the DagBag from /home/airflow/.local/lib/python3.12/site-packages/airflow/example_dags/example_nested_branch_dag.py
[2024-04-09T18:57:10.841+0000] {processor.py:840} INFO - DAG(s) 'example_nested_branch_dag' retrieved from /home/airflow/.local/lib/python3.12/site-packages/airflow/example_dags/example_nested_branch_dag.py
[2024-04-09T18:57:10.868+0000] {logging_mixin.py:188} INFO - [2024-04-09T18:57:10.867+0000] {dag.py:3096} INFO - Sync 1 DAGs
[2024-04-09T18:57:10.896+0000] {logging_mixin.py:188} INFO - [2024-04-09T18:57:10.896+0000] {dag.py:3954} INFO - Setting next_dagrun for example_nested_branch_dag to 2024-04-08 00:00:00+00:00, run_after=2024-04-09 00:00:00+00:00
[2024-04-09T18:57:10.920+0000] {processor.py:183} INFO - Processing /home/airflow/.local/lib/python3.12/site-packages/airflow/example_dags/example_nested_branch_dag.py took 0.100 seconds
[2024-04-09T18:57:41.404+0000] {processor.py:161} INFO - Started process (PID=2926) to work on /home/airflow/.local/lib/python3.12/site-packages/airflow/example_dags/example_nested_branch_dag.py
[2024-04-09T18:57:41.404+0000] {processor.py:830} INFO - Processing file /home/airflow/.local/lib/python3.12/site-packages/airflow/example_dags/example_nested_branch_dag.py for tasks to queue
[2024-04-09T18:57:41.406+0000] {logging_mixin.py:188} INFO - [2024-04-09T18:57:41.405+0000] {dagbag.py:540} INFO - Filling up the DagBag from /home/airflow/.local/lib/python3.12/site-packages/airflow/example_dags/example_nested_branch_dag.py
[2024-04-09T18:57:41.414+0000] {processor.py:840} INFO - DAG(s) 'example_nested_branch_dag' retrieved from /home/airflow/.local/lib/python3.12/site-packages/airflow/example_dags/example_nested_branch_dag.py
[2024-04-09T18:57:41.431+0000] {logging_mixin.py:188} INFO - [2024-04-09T18:57:41.431+0000] {dag.py:3096} INFO - Sync 1 DAGs
[2024-04-09T18:57:41.451+0000] {logging_mixin.py:188} INFO - [2024-04-09T18:57:41.450+0000] {dag.py:3954} INFO - Setting next_dagrun for example_nested_branch_dag to 2024-04-08 00:00:00+00:00, run_after=2024-04-09 00:00:00+00:00
[2024-04-09T18:57:41.472+0000] {processor.py:183} INFO - Processing /home/airflow/.local/lib/python3.12/site-packages/airflow/example_dags/example_nested_branch_dag.py took 0.073 seconds
[2024-04-09T18:58:11.665+0000] {processor.py:161} INFO - Started process (PID=3199) to work on /home/airflow/.local/lib/python3.12/site-packages/airflow/example_dags/example_nested_branch_dag.py
[2024-04-09T18:58:11.666+0000] {processor.py:830} INFO - Processing file /home/airflow/.local/lib/python3.12/site-packages/airflow/example_dags/example_nested_branch_dag.py for tasks to queue
[2024-04-09T18:58:11.668+0000] {logging_mixin.py:188} INFO - [2024-04-09T18:58:11.668+0000] {dagbag.py:540} INFO - Filling up the DagBag from /home/airflow/.local/lib/python3.12/site-packages/airflow/example_dags/example_nested_branch_dag.py
[2024-04-09T18:58:11.680+0000] {processor.py:840} INFO - DAG(s) 'example_nested_branch_dag' retrieved from /home/airflow/.local/lib/python3.12/site-packages/airflow/example_dags/example_nested_branch_dag.py
[2024-04-09T18:58:11.708+0000] {logging_mixin.py:188} INFO - [2024-04-09T18:58:11.708+0000] {dag.py:3096} INFO - Sync 1 DAGs
[2024-04-09T18:58:11.741+0000] {logging_mixin.py:188} INFO - [2024-04-09T18:58:11.741+0000] {dag.py:3954} INFO - Setting next_dagrun for example_nested_branch_dag to 2024-04-08 00:00:00+00:00, run_after=2024-04-09 00:00:00+00:00
[2024-04-09T18:58:11.778+0000] {processor.py:183} INFO - Processing /home/airflow/.local/lib/python3.12/site-packages/airflow/example_dags/example_nested_branch_dag.py took 0.119 seconds
[2024-04-09T18:58:42.016+0000] {processor.py:161} INFO - Started process (PID=3470) to work on /home/airflow/.local/lib/python3.12/site-packages/airflow/example_dags/example_nested_branch_dag.py
[2024-04-09T18:58:42.017+0000] {processor.py:830} INFO - Processing file /home/airflow/.local/lib/python3.12/site-packages/airflow/example_dags/example_nested_branch_dag.py for tasks to queue
[2024-04-09T18:58:42.019+0000] {logging_mixin.py:188} INFO - [2024-04-09T18:58:42.018+0000] {dagbag.py:540} INFO - Filling up the DagBag from /home/airflow/.local/lib/python3.12/site-packages/airflow/example_dags/example_nested_branch_dag.py
[2024-04-09T18:58:42.031+0000] {processor.py:840} INFO - DAG(s) 'example_nested_branch_dag' retrieved from /home/airflow/.local/lib/python3.12/site-packages/airflow/example_dags/example_nested_branch_dag.py
[2024-04-09T18:58:42.059+0000] {logging_mixin.py:188} INFO - [2024-04-09T18:58:42.059+0000] {dag.py:3096} INFO - Sync 1 DAGs
[2024-04-09T18:58:42.088+0000] {logging_mixin.py:188} INFO - [2024-04-09T18:58:42.088+0000] {dag.py:3954} INFO - Setting next_dagrun for example_nested_branch_dag to 2024-04-08 00:00:00+00:00, run_after=2024-04-09 00:00:00+00:00
[2024-04-09T18:58:42.114+0000] {processor.py:183} INFO - Processing /home/airflow/.local/lib/python3.12/site-packages/airflow/example_dags/example_nested_branch_dag.py took 0.105 seconds
[2024-04-09T18:59:12.409+0000] {processor.py:161} INFO - Started process (PID=3742) to work on /home/airflow/.local/lib/python3.12/site-packages/airflow/example_dags/example_nested_branch_dag.py
[2024-04-09T18:59:12.410+0000] {processor.py:830} INFO - Processing file /home/airflow/.local/lib/python3.12/site-packages/airflow/example_dags/example_nested_branch_dag.py for tasks to queue
[2024-04-09T18:59:12.413+0000] {logging_mixin.py:188} INFO - [2024-04-09T18:59:12.413+0000] {dagbag.py:540} INFO - Filling up the DagBag from /home/airflow/.local/lib/python3.12/site-packages/airflow/example_dags/example_nested_branch_dag.py
[2024-04-09T18:59:12.425+0000] {processor.py:840} INFO - DAG(s) 'example_nested_branch_dag' retrieved from /home/airflow/.local/lib/python3.12/site-packages/airflow/example_dags/example_nested_branch_dag.py
[2024-04-09T18:59:12.451+0000] {logging_mixin.py:188} INFO - [2024-04-09T18:59:12.451+0000] {dag.py:3096} INFO - Sync 1 DAGs
[2024-04-09T18:59:12.478+0000] {logging_mixin.py:188} INFO - [2024-04-09T18:59:12.478+0000] {dag.py:3954} INFO - Setting next_dagrun for example_nested_branch_dag to 2024-04-08 00:00:00+00:00, run_after=2024-04-09 00:00:00+00:00
[2024-04-09T18:59:12.498+0000] {processor.py:183} INFO - Processing /home/airflow/.local/lib/python3.12/site-packages/airflow/example_dags/example_nested_branch_dag.py took 0.101 seconds
[2024-04-09T18:59:42.799+0000] {processor.py:161} INFO - Started process (PID=4012) to work on /home/airflow/.local/lib/python3.12/site-packages/airflow/example_dags/example_nested_branch_dag.py
[2024-04-09T18:59:42.801+0000] {processor.py:830} INFO - Processing file /home/airflow/.local/lib/python3.12/site-packages/airflow/example_dags/example_nested_branch_dag.py for tasks to queue
[2024-04-09T18:59:42.809+0000] {logging_mixin.py:188} INFO - [2024-04-09T18:59:42.808+0000] {dagbag.py:540} INFO - Filling up the DagBag from /home/airflow/.local/lib/python3.12/site-packages/airflow/example_dags/example_nested_branch_dag.py
[2024-04-09T18:59:42.826+0000] {processor.py:840} INFO - DAG(s) 'example_nested_branch_dag' retrieved from /home/airflow/.local/lib/python3.12/site-packages/airflow/example_dags/example_nested_branch_dag.py
[2024-04-09T18:59:42.849+0000] {logging_mixin.py:188} INFO - [2024-04-09T18:59:42.849+0000] {dag.py:3096} INFO - Sync 1 DAGs
[2024-04-09T18:59:42.878+0000] {logging_mixin.py:188} INFO - [2024-04-09T18:59:42.878+0000] {dag.py:3954} INFO - Setting next_dagrun for example_nested_branch_dag to 2024-04-08 00:00:00+00:00, run_after=2024-04-09 00:00:00+00:00
[2024-04-09T18:59:42.901+0000] {processor.py:183} INFO - Processing /home/airflow/.local/lib/python3.12/site-packages/airflow/example_dags/example_nested_branch_dag.py took 0.112 seconds
[2024-04-09T19:00:13.014+0000] {processor.py:161} INFO - Started process (PID=4286) to work on /home/airflow/.local/lib/python3.12/site-packages/airflow/example_dags/example_nested_branch_dag.py
[2024-04-09T19:00:13.015+0000] {processor.py:830} INFO - Processing file /home/airflow/.local/lib/python3.12/site-packages/airflow/example_dags/example_nested_branch_dag.py for tasks to queue
[2024-04-09T19:00:13.016+0000] {logging_mixin.py:188} INFO - [2024-04-09T19:00:13.016+0000] {dagbag.py:540} INFO - Filling up the DagBag from /home/airflow/.local/lib/python3.12/site-packages/airflow/example_dags/example_nested_branch_dag.py
[2024-04-09T19:00:13.025+0000] {processor.py:840} INFO - DAG(s) 'example_nested_branch_dag' retrieved from /home/airflow/.local/lib/python3.12/site-packages/airflow/example_dags/example_nested_branch_dag.py
[2024-04-09T19:00:13.043+0000] {logging_mixin.py:188} INFO - [2024-04-09T19:00:13.043+0000] {dag.py:3096} INFO - Sync 1 DAGs
[2024-04-09T19:00:13.062+0000] {logging_mixin.py:188} INFO - [2024-04-09T19:00:13.062+0000] {dag.py:3954} INFO - Setting next_dagrun for example_nested_branch_dag to 2024-04-08 00:00:00+00:00, run_after=2024-04-09 00:00:00+00:00
[2024-04-09T19:00:13.082+0000] {processor.py:183} INFO - Processing /home/airflow/.local/lib/python3.12/site-packages/airflow/example_dags/example_nested_branch_dag.py took 0.073 seconds
[2024-04-09T19:00:43.952+0000] {processor.py:161} INFO - Started process (PID=4559) to work on /home/airflow/.local/lib/python3.12/site-packages/airflow/example_dags/example_nested_branch_dag.py
[2024-04-09T19:00:43.953+0000] {processor.py:830} INFO - Processing file /home/airflow/.local/lib/python3.12/site-packages/airflow/example_dags/example_nested_branch_dag.py for tasks to queue
[2024-04-09T19:00:43.954+0000] {logging_mixin.py:188} INFO - [2024-04-09T19:00:43.954+0000] {dagbag.py:540} INFO - Filling up the DagBag from /home/airflow/.local/lib/python3.12/site-packages/airflow/example_dags/example_nested_branch_dag.py
[2024-04-09T19:00:43.962+0000] {processor.py:840} INFO - DAG(s) 'example_nested_branch_dag' retrieved from /home/airflow/.local/lib/python3.12/site-packages/airflow/example_dags/example_nested_branch_dag.py
[2024-04-09T19:00:43.980+0000] {logging_mixin.py:188} INFO - [2024-04-09T19:00:43.980+0000] {dag.py:3096} INFO - Sync 1 DAGs
[2024-04-09T19:00:43.999+0000] {logging_mixin.py:188} INFO - [2024-04-09T19:00:43.999+0000] {dag.py:3954} INFO - Setting next_dagrun for example_nested_branch_dag to 2024-04-08 00:00:00+00:00, run_after=2024-04-09 00:00:00+00:00
[2024-04-09T19:00:44.017+0000] {processor.py:183} INFO - Processing /home/airflow/.local/lib/python3.12/site-packages/airflow/example_dags/example_nested_branch_dag.py took 0.070 seconds
[2024-04-09T19:01:14.380+0000] {processor.py:161} INFO - Started process (PID=4829) to work on /home/airflow/.local/lib/python3.12/site-packages/airflow/example_dags/example_nested_branch_dag.py
[2024-04-09T19:01:14.381+0000] {processor.py:830} INFO - Processing file /home/airflow/.local/lib/python3.12/site-packages/airflow/example_dags/example_nested_branch_dag.py for tasks to queue
[2024-04-09T19:01:14.384+0000] {logging_mixin.py:188} INFO - [2024-04-09T19:01:14.383+0000] {dagbag.py:540} INFO - Filling up the DagBag from /home/airflow/.local/lib/python3.12/site-packages/airflow/example_dags/example_nested_branch_dag.py
[2024-04-09T19:01:14.395+0000] {processor.py:840} INFO - DAG(s) 'example_nested_branch_dag' retrieved from /home/airflow/.local/lib/python3.12/site-packages/airflow/example_dags/example_nested_branch_dag.py
[2024-04-09T19:01:14.420+0000] {logging_mixin.py:188} INFO - [2024-04-09T19:01:14.419+0000] {dag.py:3096} INFO - Sync 1 DAGs
[2024-04-09T19:01:14.450+0000] {logging_mixin.py:188} INFO - [2024-04-09T19:01:14.450+0000] {dag.py:3954} INFO - Setting next_dagrun for example_nested_branch_dag to 2024-04-08 00:00:00+00:00, run_after=2024-04-09 00:00:00+00:00
[2024-04-09T19:01:14.474+0000] {processor.py:183} INFO - Processing /home/airflow/.local/lib/python3.12/site-packages/airflow/example_dags/example_nested_branch_dag.py took 0.101 seconds
[2024-04-09T19:01:44.734+0000] {processor.py:161} INFO - Started process (PID=5101) to work on /home/airflow/.local/lib/python3.12/site-packages/airflow/example_dags/example_nested_branch_dag.py
[2024-04-09T19:01:44.735+0000] {processor.py:830} INFO - Processing file /home/airflow/.local/lib/python3.12/site-packages/airflow/example_dags/example_nested_branch_dag.py for tasks to queue
[2024-04-09T19:01:44.737+0000] {logging_mixin.py:188} INFO - [2024-04-09T19:01:44.736+0000] {dagbag.py:540} INFO - Filling up the DagBag from /home/airflow/.local/lib/python3.12/site-packages/airflow/example_dags/example_nested_branch_dag.py
[2024-04-09T19:01:44.748+0000] {processor.py:840} INFO - DAG(s) 'example_nested_branch_dag' retrieved from /home/airflow/.local/lib/python3.12/site-packages/airflow/example_dags/example_nested_branch_dag.py
[2024-04-09T19:01:44.776+0000] {logging_mixin.py:188} INFO - [2024-04-09T19:01:44.775+0000] {dag.py:3096} INFO - Sync 1 DAGs
[2024-04-09T19:01:44.815+0000] {logging_mixin.py:188} INFO - [2024-04-09T19:01:44.815+0000] {dag.py:3954} INFO - Setting next_dagrun for example_nested_branch_dag to 2024-04-08 00:00:00+00:00, run_after=2024-04-09 00:00:00+00:00
[2024-04-09T19:01:44.839+0000] {processor.py:183} INFO - Processing /home/airflow/.local/lib/python3.12/site-packages/airflow/example_dags/example_nested_branch_dag.py took 0.111 seconds
[2024-04-09T19:02:15.842+0000] {processor.py:161} INFO - Started process (PID=5373) to work on /home/airflow/.local/lib/python3.12/site-packages/airflow/example_dags/example_nested_branch_dag.py
[2024-04-09T19:02:15.844+0000] {processor.py:830} INFO - Processing file /home/airflow/.local/lib/python3.12/site-packages/airflow/example_dags/example_nested_branch_dag.py for tasks to queue
[2024-04-09T19:02:15.846+0000] {logging_mixin.py:188} INFO - [2024-04-09T19:02:15.845+0000] {dagbag.py:540} INFO - Filling up the DagBag from /home/airflow/.local/lib/python3.12/site-packages/airflow/example_dags/example_nested_branch_dag.py
[2024-04-09T19:02:15.857+0000] {processor.py:840} INFO - DAG(s) 'example_nested_branch_dag' retrieved from /home/airflow/.local/lib/python3.12/site-packages/airflow/example_dags/example_nested_branch_dag.py
[2024-04-09T19:02:15.884+0000] {logging_mixin.py:188} INFO - [2024-04-09T19:02:15.883+0000] {dag.py:3096} INFO - Sync 1 DAGs
[2024-04-09T19:02:15.914+0000] {logging_mixin.py:188} INFO - [2024-04-09T19:02:15.914+0000] {dag.py:3954} INFO - Setting next_dagrun for example_nested_branch_dag to 2024-04-08 00:00:00+00:00, run_after=2024-04-09 00:00:00+00:00
[2024-04-09T19:02:15.938+0000] {processor.py:183} INFO - Processing /home/airflow/.local/lib/python3.12/site-packages/airflow/example_dags/example_nested_branch_dag.py took 0.102 seconds
[2024-04-09T19:02:46.128+0000] {processor.py:161} INFO - Started process (PID=5647) to work on /home/airflow/.local/lib/python3.12/site-packages/airflow/example_dags/example_nested_branch_dag.py
[2024-04-09T19:02:46.129+0000] {processor.py:830} INFO - Processing file /home/airflow/.local/lib/python3.12/site-packages/airflow/example_dags/example_nested_branch_dag.py for tasks to queue
[2024-04-09T19:02:46.131+0000] {logging_mixin.py:188} INFO - [2024-04-09T19:02:46.130+0000] {dagbag.py:540} INFO - Filling up the DagBag from /home/airflow/.local/lib/python3.12/site-packages/airflow/example_dags/example_nested_branch_dag.py
[2024-04-09T19:02:46.143+0000] {processor.py:840} INFO - DAG(s) 'example_nested_branch_dag' retrieved from /home/airflow/.local/lib/python3.12/site-packages/airflow/example_dags/example_nested_branch_dag.py
[2024-04-09T19:02:46.170+0000] {logging_mixin.py:188} INFO - [2024-04-09T19:02:46.170+0000] {dag.py:3096} INFO - Sync 1 DAGs
[2024-04-09T19:02:46.225+0000] {logging_mixin.py:188} INFO - [2024-04-09T19:02:46.225+0000] {dag.py:3954} INFO - Setting next_dagrun for example_nested_branch_dag to 2024-04-08 00:00:00+00:00, run_after=2024-04-09 00:00:00+00:00
[2024-04-09T19:02:46.255+0000] {processor.py:183} INFO - Processing /home/airflow/.local/lib/python3.12/site-packages/airflow/example_dags/example_nested_branch_dag.py took 0.136 seconds
[2024-04-09T19:03:16.476+0000] {processor.py:161} INFO - Started process (PID=5917) to work on /home/airflow/.local/lib/python3.12/site-packages/airflow/example_dags/example_nested_branch_dag.py
[2024-04-09T19:03:16.478+0000] {processor.py:830} INFO - Processing file /home/airflow/.local/lib/python3.12/site-packages/airflow/example_dags/example_nested_branch_dag.py for tasks to queue
[2024-04-09T19:03:16.480+0000] {logging_mixin.py:188} INFO - [2024-04-09T19:03:16.480+0000] {dagbag.py:540} INFO - Filling up the DagBag from /home/airflow/.local/lib/python3.12/site-packages/airflow/example_dags/example_nested_branch_dag.py
[2024-04-09T19:03:16.492+0000] {processor.py:840} INFO - DAG(s) 'example_nested_branch_dag' retrieved from /home/airflow/.local/lib/python3.12/site-packages/airflow/example_dags/example_nested_branch_dag.py
[2024-04-09T19:03:16.517+0000] {logging_mixin.py:188} INFO - [2024-04-09T19:03:16.517+0000] {dag.py:3096} INFO - Sync 1 DAGs
[2024-04-09T19:03:16.545+0000] {logging_mixin.py:188} INFO - [2024-04-09T19:03:16.545+0000] {dag.py:3954} INFO - Setting next_dagrun for example_nested_branch_dag to 2024-04-08 00:00:00+00:00, run_after=2024-04-09 00:00:00+00:00
[2024-04-09T19:03:16.572+0000] {processor.py:183} INFO - Processing /home/airflow/.local/lib/python3.12/site-packages/airflow/example_dags/example_nested_branch_dag.py took 0.103 seconds
[2024-04-09T19:03:47.278+0000] {processor.py:161} INFO - Started process (PID=6190) to work on /home/airflow/.local/lib/python3.12/site-packages/airflow/example_dags/example_nested_branch_dag.py
[2024-04-09T19:03:47.280+0000] {processor.py:830} INFO - Processing file /home/airflow/.local/lib/python3.12/site-packages/airflow/example_dags/example_nested_branch_dag.py for tasks to queue
[2024-04-09T19:03:47.282+0000] {logging_mixin.py:188} INFO - [2024-04-09T19:03:47.281+0000] {dagbag.py:540} INFO - Filling up the DagBag from /home/airflow/.local/lib/python3.12/site-packages/airflow/example_dags/example_nested_branch_dag.py
[2024-04-09T19:03:47.292+0000] {processor.py:840} INFO - DAG(s) 'example_nested_branch_dag' retrieved from /home/airflow/.local/lib/python3.12/site-packages/airflow/example_dags/example_nested_branch_dag.py
[2024-04-09T19:03:47.321+0000] {logging_mixin.py:188} INFO - [2024-04-09T19:03:47.321+0000] {dag.py:3096} INFO - Sync 1 DAGs
[2024-04-09T19:03:47.350+0000] {logging_mixin.py:188} INFO - [2024-04-09T19:03:47.349+0000] {dag.py:3954} INFO - Setting next_dagrun for example_nested_branch_dag to 2024-04-08 00:00:00+00:00, run_after=2024-04-09 00:00:00+00:00
[2024-04-09T19:03:47.376+0000] {processor.py:183} INFO - Processing /home/airflow/.local/lib/python3.12/site-packages/airflow/example_dags/example_nested_branch_dag.py took 0.104 seconds
[2024-04-09T19:04:18.309+0000] {processor.py:161} INFO - Started process (PID=6463) to work on /home/airflow/.local/lib/python3.12/site-packages/airflow/example_dags/example_nested_branch_dag.py
[2024-04-09T19:04:18.310+0000] {processor.py:830} INFO - Processing file /home/airflow/.local/lib/python3.12/site-packages/airflow/example_dags/example_nested_branch_dag.py for tasks to queue
[2024-04-09T19:04:18.312+0000] {logging_mixin.py:188} INFO - [2024-04-09T19:04:18.312+0000] {dagbag.py:540} INFO - Filling up the DagBag from /home/airflow/.local/lib/python3.12/site-packages/airflow/example_dags/example_nested_branch_dag.py
[2024-04-09T19:04:18.324+0000] {processor.py:840} INFO - DAG(s) 'example_nested_branch_dag' retrieved from /home/airflow/.local/lib/python3.12/site-packages/airflow/example_dags/example_nested_branch_dag.py
[2024-04-09T19:04:18.347+0000] {logging_mixin.py:188} INFO - [2024-04-09T19:04:18.347+0000] {dag.py:3096} INFO - Sync 1 DAGs
[2024-04-09T19:04:18.374+0000] {logging_mixin.py:188} INFO - [2024-04-09T19:04:18.374+0000] {dag.py:3954} INFO - Setting next_dagrun for example_nested_branch_dag to 2024-04-08 00:00:00+00:00, run_after=2024-04-09 00:00:00+00:00
[2024-04-09T19:04:18.399+0000] {processor.py:183} INFO - Processing /home/airflow/.local/lib/python3.12/site-packages/airflow/example_dags/example_nested_branch_dag.py took 0.096 seconds
[2024-04-09T19:04:48.458+0000] {processor.py:161} INFO - Started process (PID=6733) to work on /home/airflow/.local/lib/python3.12/site-packages/airflow/example_dags/example_nested_branch_dag.py
[2024-04-09T19:04:48.459+0000] {processor.py:830} INFO - Processing file /home/airflow/.local/lib/python3.12/site-packages/airflow/example_dags/example_nested_branch_dag.py for tasks to queue
[2024-04-09T19:04:48.460+0000] {logging_mixin.py:188} INFO - [2024-04-09T19:04:48.460+0000] {dagbag.py:540} INFO - Filling up the DagBag from /home/airflow/.local/lib/python3.12/site-packages/airflow/example_dags/example_nested_branch_dag.py
[2024-04-09T19:04:48.469+0000] {processor.py:840} INFO - DAG(s) 'example_nested_branch_dag' retrieved from /home/airflow/.local/lib/python3.12/site-packages/airflow/example_dags/example_nested_branch_dag.py
[2024-04-09T19:04:48.486+0000] {logging_mixin.py:188} INFO - [2024-04-09T19:04:48.486+0000] {dag.py:3096} INFO - Sync 1 DAGs
[2024-04-09T19:04:48.510+0000] {logging_mixin.py:188} INFO - [2024-04-09T19:04:48.510+0000] {dag.py:3954} INFO - Setting next_dagrun for example_nested_branch_dag to 2024-04-08 00:00:00+00:00, run_after=2024-04-09 00:00:00+00:00
[2024-04-09T19:04:48.532+0000] {processor.py:183} INFO - Processing /home/airflow/.local/lib/python3.12/site-packages/airflow/example_dags/example_nested_branch_dag.py took 0.079 seconds
[2024-04-09T19:05:19.378+0000] {processor.py:161} INFO - Started process (PID=7009) to work on /home/airflow/.local/lib/python3.12/site-packages/airflow/example_dags/example_nested_branch_dag.py
[2024-04-09T19:05:19.379+0000] {processor.py:830} INFO - Processing file /home/airflow/.local/lib/python3.12/site-packages/airflow/example_dags/example_nested_branch_dag.py for tasks to queue
[2024-04-09T19:05:19.381+0000] {logging_mixin.py:188} INFO - [2024-04-09T19:05:19.381+0000] {dagbag.py:540} INFO - Filling up the DagBag from /home/airflow/.local/lib/python3.12/site-packages/airflow/example_dags/example_nested_branch_dag.py
[2024-04-09T19:05:19.394+0000] {processor.py:840} INFO - DAG(s) 'example_nested_branch_dag' retrieved from /home/airflow/.local/lib/python3.12/site-packages/airflow/example_dags/example_nested_branch_dag.py
[2024-04-09T19:05:19.418+0000] {logging_mixin.py:188} INFO - [2024-04-09T19:05:19.417+0000] {dag.py:3096} INFO - Sync 1 DAGs
[2024-04-09T19:05:19.443+0000] {logging_mixin.py:188} INFO - [2024-04-09T19:05:19.443+0000] {dag.py:3954} INFO - Setting next_dagrun for example_nested_branch_dag to 2024-04-08 00:00:00+00:00, run_after=2024-04-09 00:00:00+00:00
[2024-04-09T19:05:19.467+0000] {processor.py:183} INFO - Processing /home/airflow/.local/lib/python3.12/site-packages/airflow/example_dags/example_nested_branch_dag.py took 0.096 seconds
[2024-04-09T19:05:49.946+0000] {processor.py:161} INFO - Started process (PID=7278) to work on /home/airflow/.local/lib/python3.12/site-packages/airflow/example_dags/example_nested_branch_dag.py
[2024-04-09T19:05:49.947+0000] {processor.py:830} INFO - Processing file /home/airflow/.local/lib/python3.12/site-packages/airflow/example_dags/example_nested_branch_dag.py for tasks to queue
[2024-04-09T19:05:49.949+0000] {logging_mixin.py:188} INFO - [2024-04-09T19:05:49.948+0000] {dagbag.py:540} INFO - Filling up the DagBag from /home/airflow/.local/lib/python3.12/site-packages/airflow/example_dags/example_nested_branch_dag.py
[2024-04-09T19:05:49.961+0000] {processor.py:840} INFO - DAG(s) 'example_nested_branch_dag' retrieved from /home/airflow/.local/lib/python3.12/site-packages/airflow/example_dags/example_nested_branch_dag.py
[2024-04-09T19:05:49.988+0000] {logging_mixin.py:188} INFO - [2024-04-09T19:05:49.988+0000] {dag.py:3096} INFO - Sync 1 DAGs
[2024-04-09T19:05:50.016+0000] {logging_mixin.py:188} INFO - [2024-04-09T19:05:50.015+0000] {dag.py:3954} INFO - Setting next_dagrun for example_nested_branch_dag to 2024-04-08 00:00:00+00:00, run_after=2024-04-09 00:00:00+00:00
[2024-04-09T19:05:50.204+0000] {processor.py:183} INFO - Processing /home/airflow/.local/lib/python3.12/site-packages/airflow/example_dags/example_nested_branch_dag.py took 0.264 seconds
[2024-04-09T19:06:21.136+0000] {processor.py:161} INFO - Started process (PID=7553) to work on /home/airflow/.local/lib/python3.12/site-packages/airflow/example_dags/example_nested_branch_dag.py
[2024-04-09T19:06:21.138+0000] {processor.py:830} INFO - Processing file /home/airflow/.local/lib/python3.12/site-packages/airflow/example_dags/example_nested_branch_dag.py for tasks to queue
[2024-04-09T19:06:21.140+0000] {logging_mixin.py:188} INFO - [2024-04-09T19:06:21.139+0000] {dagbag.py:540} INFO - Filling up the DagBag from /home/airflow/.local/lib/python3.12/site-packages/airflow/example_dags/example_nested_branch_dag.py
[2024-04-09T19:06:21.152+0000] {processor.py:840} INFO - DAG(s) 'example_nested_branch_dag' retrieved from /home/airflow/.local/lib/python3.12/site-packages/airflow/example_dags/example_nested_branch_dag.py
[2024-04-09T19:06:21.179+0000] {logging_mixin.py:188} INFO - [2024-04-09T19:06:21.179+0000] {dag.py:3096} INFO - Sync 1 DAGs
[2024-04-09T19:06:21.208+0000] {logging_mixin.py:188} INFO - [2024-04-09T19:06:21.208+0000] {dag.py:3954} INFO - Setting next_dagrun for example_nested_branch_dag to 2024-04-08 00:00:00+00:00, run_after=2024-04-09 00:00:00+00:00
[2024-04-09T19:06:21.235+0000] {processor.py:183} INFO - Processing /home/airflow/.local/lib/python3.12/site-packages/airflow/example_dags/example_nested_branch_dag.py took 0.111 seconds
[2024-04-09T19:06:52.144+0000] {processor.py:161} INFO - Started process (PID=7826) to work on /home/airflow/.local/lib/python3.12/site-packages/airflow/example_dags/example_nested_branch_dag.py
[2024-04-09T19:06:52.144+0000] {processor.py:830} INFO - Processing file /home/airflow/.local/lib/python3.12/site-packages/airflow/example_dags/example_nested_branch_dag.py for tasks to queue
[2024-04-09T19:06:52.146+0000] {logging_mixin.py:188} INFO - [2024-04-09T19:06:52.146+0000] {dagbag.py:540} INFO - Filling up the DagBag from /home/airflow/.local/lib/python3.12/site-packages/airflow/example_dags/example_nested_branch_dag.py
[2024-04-09T19:06:52.158+0000] {processor.py:840} INFO - DAG(s) 'example_nested_branch_dag' retrieved from /home/airflow/.local/lib/python3.12/site-packages/airflow/example_dags/example_nested_branch_dag.py
[2024-04-09T19:06:52.182+0000] {logging_mixin.py:188} INFO - [2024-04-09T19:06:52.182+0000] {dag.py:3096} INFO - Sync 1 DAGs
[2024-04-09T19:06:52.209+0000] {logging_mixin.py:188} INFO - [2024-04-09T19:06:52.209+0000] {dag.py:3954} INFO - Setting next_dagrun for example_nested_branch_dag to 2024-04-08 00:00:00+00:00, run_after=2024-04-09 00:00:00+00:00
[2024-04-09T19:06:52.235+0000] {processor.py:183} INFO - Processing /home/airflow/.local/lib/python3.12/site-packages/airflow/example_dags/example_nested_branch_dag.py took 0.097 seconds
[2024-04-09T19:07:22.856+0000] {processor.py:161} INFO - Started process (PID=8097) to work on /home/airflow/.local/lib/python3.12/site-packages/airflow/example_dags/example_nested_branch_dag.py
[2024-04-09T19:07:22.857+0000] {processor.py:830} INFO - Processing file /home/airflow/.local/lib/python3.12/site-packages/airflow/example_dags/example_nested_branch_dag.py for tasks to queue
[2024-04-09T19:07:22.860+0000] {logging_mixin.py:188} INFO - [2024-04-09T19:07:22.859+0000] {dagbag.py:540} INFO - Filling up the DagBag from /home/airflow/.local/lib/python3.12/site-packages/airflow/example_dags/example_nested_branch_dag.py
[2024-04-09T19:07:22.871+0000] {processor.py:840} INFO - DAG(s) 'example_nested_branch_dag' retrieved from /home/airflow/.local/lib/python3.12/site-packages/airflow/example_dags/example_nested_branch_dag.py
[2024-04-09T19:07:22.897+0000] {logging_mixin.py:188} INFO - [2024-04-09T19:07:22.897+0000] {dag.py:3096} INFO - Sync 1 DAGs
[2024-04-09T19:07:22.925+0000] {logging_mixin.py:188} INFO - [2024-04-09T19:07:22.924+0000] {dag.py:3954} INFO - Setting next_dagrun for example_nested_branch_dag to 2024-04-08 00:00:00+00:00, run_after=2024-04-09 00:00:00+00:00
[2024-04-09T19:07:22.950+0000] {processor.py:183} INFO - Processing /home/airflow/.local/lib/python3.12/site-packages/airflow/example_dags/example_nested_branch_dag.py took 0.100 seconds
[2024-04-09T19:07:53.347+0000] {processor.py:161} INFO - Started process (PID=8369) to work on /home/airflow/.local/lib/python3.12/site-packages/airflow/example_dags/example_nested_branch_dag.py
[2024-04-09T19:07:53.348+0000] {processor.py:830} INFO - Processing file /home/airflow/.local/lib/python3.12/site-packages/airflow/example_dags/example_nested_branch_dag.py for tasks to queue
[2024-04-09T19:07:53.350+0000] {logging_mixin.py:188} INFO - [2024-04-09T19:07:53.349+0000] {dagbag.py:540} INFO - Filling up the DagBag from /home/airflow/.local/lib/python3.12/site-packages/airflow/example_dags/example_nested_branch_dag.py
[2024-04-09T19:07:53.362+0000] {processor.py:840} INFO - DAG(s) 'example_nested_branch_dag' retrieved from /home/airflow/.local/lib/python3.12/site-packages/airflow/example_dags/example_nested_branch_dag.py
[2024-04-09T19:07:53.388+0000] {logging_mixin.py:188} INFO - [2024-04-09T19:07:53.387+0000] {dag.py:3096} INFO - Sync 1 DAGs
[2024-04-09T19:07:53.436+0000] {logging_mixin.py:188} INFO - [2024-04-09T19:07:53.435+0000] {dag.py:3954} INFO - Setting next_dagrun for example_nested_branch_dag to 2024-04-08 00:00:00+00:00, run_after=2024-04-09 00:00:00+00:00
[2024-04-09T19:07:53.471+0000] {processor.py:183} INFO - Processing /home/airflow/.local/lib/python3.12/site-packages/airflow/example_dags/example_nested_branch_dag.py took 0.130 seconds
[2024-04-09T19:08:24.528+0000] {processor.py:161} INFO - Started process (PID=8639) to work on /home/airflow/.local/lib/python3.12/site-packages/airflow/example_dags/example_nested_branch_dag.py
[2024-04-09T19:08:24.535+0000] {processor.py:830} INFO - Processing file /home/airflow/.local/lib/python3.12/site-packages/airflow/example_dags/example_nested_branch_dag.py for tasks to queue
[2024-04-09T19:08:24.540+0000] {logging_mixin.py:188} INFO - [2024-04-09T19:08:24.540+0000] {dagbag.py:540} INFO - Filling up the DagBag from /home/airflow/.local/lib/python3.12/site-packages/airflow/example_dags/example_nested_branch_dag.py
[2024-04-09T19:08:24.553+0000] {processor.py:840} INFO - DAG(s) 'example_nested_branch_dag' retrieved from /home/airflow/.local/lib/python3.12/site-packages/airflow/example_dags/example_nested_branch_dag.py
[2024-04-09T19:08:24.579+0000] {logging_mixin.py:188} INFO - [2024-04-09T19:08:24.579+0000] {dag.py:3096} INFO - Sync 1 DAGs
[2024-04-09T19:08:24.608+0000] {logging_mixin.py:188} INFO - [2024-04-09T19:08:24.608+0000] {dag.py:3954} INFO - Setting next_dagrun for example_nested_branch_dag to 2024-04-08 00:00:00+00:00, run_after=2024-04-09 00:00:00+00:00
[2024-04-09T19:08:24.633+0000] {processor.py:183} INFO - Processing /home/airflow/.local/lib/python3.12/site-packages/airflow/example_dags/example_nested_branch_dag.py took 0.111 seconds
[2024-04-09T19:08:54.796+0000] {processor.py:161} INFO - Started process (PID=8910) to work on /home/airflow/.local/lib/python3.12/site-packages/airflow/example_dags/example_nested_branch_dag.py
[2024-04-09T19:08:54.797+0000] {processor.py:830} INFO - Processing file /home/airflow/.local/lib/python3.12/site-packages/airflow/example_dags/example_nested_branch_dag.py for tasks to queue
[2024-04-09T19:08:54.798+0000] {logging_mixin.py:188} INFO - [2024-04-09T19:08:54.798+0000] {dagbag.py:540} INFO - Filling up the DagBag from /home/airflow/.local/lib/python3.12/site-packages/airflow/example_dags/example_nested_branch_dag.py
[2024-04-09T19:08:54.807+0000] {processor.py:840} INFO - DAG(s) 'example_nested_branch_dag' retrieved from /home/airflow/.local/lib/python3.12/site-packages/airflow/example_dags/example_nested_branch_dag.py
[2024-04-09T19:08:54.824+0000] {logging_mixin.py:188} INFO - [2024-04-09T19:08:54.824+0000] {dag.py:3096} INFO - Sync 1 DAGs
[2024-04-09T19:08:54.845+0000] {logging_mixin.py:188} INFO - [2024-04-09T19:08:54.845+0000] {dag.py:3954} INFO - Setting next_dagrun for example_nested_branch_dag to 2024-04-08 00:00:00+00:00, run_after=2024-04-09 00:00:00+00:00
[2024-04-09T19:08:54.863+0000] {processor.py:183} INFO - Processing /home/airflow/.local/lib/python3.12/site-packages/airflow/example_dags/example_nested_branch_dag.py took 0.072 seconds
[2024-04-09T19:09:25.509+0000] {processor.py:161} INFO - Started process (PID=9186) to work on /home/airflow/.local/lib/python3.12/site-packages/airflow/example_dags/example_nested_branch_dag.py
[2024-04-09T19:09:25.512+0000] {processor.py:830} INFO - Processing file /home/airflow/.local/lib/python3.12/site-packages/airflow/example_dags/example_nested_branch_dag.py for tasks to queue
[2024-04-09T19:09:25.514+0000] {logging_mixin.py:188} INFO - [2024-04-09T19:09:25.514+0000] {dagbag.py:540} INFO - Filling up the DagBag from /home/airflow/.local/lib/python3.12/site-packages/airflow/example_dags/example_nested_branch_dag.py
[2024-04-09T19:09:25.540+0000] {processor.py:840} INFO - DAG(s) 'example_nested_branch_dag' retrieved from /home/airflow/.local/lib/python3.12/site-packages/airflow/example_dags/example_nested_branch_dag.py
[2024-04-09T19:09:25.567+0000] {logging_mixin.py:188} INFO - [2024-04-09T19:09:25.567+0000] {dag.py:3096} INFO - Sync 1 DAGs
[2024-04-09T19:09:25.596+0000] {logging_mixin.py:188} INFO - [2024-04-09T19:09:25.596+0000] {dag.py:3954} INFO - Setting next_dagrun for example_nested_branch_dag to 2024-04-08 00:00:00+00:00, run_after=2024-04-09 00:00:00+00:00
[2024-04-09T19:09:25.620+0000] {processor.py:183} INFO - Processing /home/airflow/.local/lib/python3.12/site-packages/airflow/example_dags/example_nested_branch_dag.py took 0.121 seconds
[2024-04-09T19:09:56.133+0000] {processor.py:161} INFO - Started process (PID=9458) to work on /home/airflow/.local/lib/python3.12/site-packages/airflow/example_dags/example_nested_branch_dag.py
[2024-04-09T19:09:56.134+0000] {processor.py:830} INFO - Processing file /home/airflow/.local/lib/python3.12/site-packages/airflow/example_dags/example_nested_branch_dag.py for tasks to queue
[2024-04-09T19:09:56.136+0000] {logging_mixin.py:188} INFO - [2024-04-09T19:09:56.135+0000] {dagbag.py:540} INFO - Filling up the DagBag from /home/airflow/.local/lib/python3.12/site-packages/airflow/example_dags/example_nested_branch_dag.py
[2024-04-09T19:09:56.149+0000] {processor.py:840} INFO - DAG(s) 'example_nested_branch_dag' retrieved from /home/airflow/.local/lib/python3.12/site-packages/airflow/example_dags/example_nested_branch_dag.py
[2024-04-09T19:09:56.174+0000] {logging_mixin.py:188} INFO - [2024-04-09T19:09:56.173+0000] {dag.py:3096} INFO - Sync 1 DAGs
[2024-04-09T19:09:56.202+0000] {logging_mixin.py:188} INFO - [2024-04-09T19:09:56.202+0000] {dag.py:3954} INFO - Setting next_dagrun for example_nested_branch_dag to 2024-04-08 00:00:00+00:00, run_after=2024-04-09 00:00:00+00:00
[2024-04-09T19:09:56.226+0000] {processor.py:183} INFO - Processing /home/airflow/.local/lib/python3.12/site-packages/airflow/example_dags/example_nested_branch_dag.py took 0.100 seconds
[2024-04-09T19:10:26.510+0000] {processor.py:161} INFO - Started process (PID=9728) to work on /home/airflow/.local/lib/python3.12/site-packages/airflow/example_dags/example_nested_branch_dag.py
[2024-04-09T19:10:26.511+0000] {processor.py:830} INFO - Processing file /home/airflow/.local/lib/python3.12/site-packages/airflow/example_dags/example_nested_branch_dag.py for tasks to queue
[2024-04-09T19:10:26.514+0000] {logging_mixin.py:188} INFO - [2024-04-09T19:10:26.513+0000] {dagbag.py:540} INFO - Filling up the DagBag from /home/airflow/.local/lib/python3.12/site-packages/airflow/example_dags/example_nested_branch_dag.py
[2024-04-09T19:10:26.525+0000] {processor.py:840} INFO - DAG(s) 'example_nested_branch_dag' retrieved from /home/airflow/.local/lib/python3.12/site-packages/airflow/example_dags/example_nested_branch_dag.py
[2024-04-09T19:10:26.580+0000] {logging_mixin.py:188} INFO - [2024-04-09T19:10:26.580+0000] {dag.py:3096} INFO - Sync 1 DAGs
[2024-04-09T19:10:26.671+0000] {logging_mixin.py:188} INFO - [2024-04-09T19:10:26.670+0000] {dag.py:3954} INFO - Setting next_dagrun for example_nested_branch_dag to 2024-04-08 00:00:00+00:00, run_after=2024-04-09 00:00:00+00:00
[2024-04-09T19:10:26.734+0000] {processor.py:183} INFO - Processing /home/airflow/.local/lib/python3.12/site-packages/airflow/example_dags/example_nested_branch_dag.py took 0.230 seconds
[2024-04-09T19:10:56.828+0000] {processor.py:161} INFO - Started process (PID=10006) to work on /home/airflow/.local/lib/python3.12/site-packages/airflow/example_dags/example_nested_branch_dag.py
[2024-04-09T19:10:56.829+0000] {processor.py:830} INFO - Processing file /home/airflow/.local/lib/python3.12/site-packages/airflow/example_dags/example_nested_branch_dag.py for tasks to queue
[2024-04-09T19:10:56.830+0000] {logging_mixin.py:188} INFO - [2024-04-09T19:10:56.830+0000] {dagbag.py:540} INFO - Filling up the DagBag from /home/airflow/.local/lib/python3.12/site-packages/airflow/example_dags/example_nested_branch_dag.py
[2024-04-09T19:10:56.838+0000] {processor.py:840} INFO - DAG(s) 'example_nested_branch_dag' retrieved from /home/airflow/.local/lib/python3.12/site-packages/airflow/example_dags/example_nested_branch_dag.py
[2024-04-09T19:10:56.856+0000] {logging_mixin.py:188} INFO - [2024-04-09T19:10:56.856+0000] {dag.py:3096} INFO - Sync 1 DAGs
[2024-04-09T19:10:56.877+0000] {logging_mixin.py:188} INFO - [2024-04-09T19:10:56.876+0000] {dag.py:3954} INFO - Setting next_dagrun for example_nested_branch_dag to 2024-04-08 00:00:00+00:00, run_after=2024-04-09 00:00:00+00:00
[2024-04-09T19:10:56.896+0000] {processor.py:183} INFO - Processing /home/airflow/.local/lib/python3.12/site-packages/airflow/example_dags/example_nested_branch_dag.py took 0.073 seconds
[2024-04-09T19:11:27.061+0000] {processor.py:161} INFO - Started process (PID=10273) to work on /home/airflow/.local/lib/python3.12/site-packages/airflow/example_dags/example_nested_branch_dag.py
[2024-04-09T19:11:27.065+0000] {processor.py:830} INFO - Processing file /home/airflow/.local/lib/python3.12/site-packages/airflow/example_dags/example_nested_branch_dag.py for tasks to queue
[2024-04-09T19:11:27.067+0000] {logging_mixin.py:188} INFO - [2024-04-09T19:11:27.067+0000] {dagbag.py:540} INFO - Filling up the DagBag from /home/airflow/.local/lib/python3.12/site-packages/airflow/example_dags/example_nested_branch_dag.py
[2024-04-09T19:11:27.079+0000] {processor.py:840} INFO - DAG(s) 'example_nested_branch_dag' retrieved from /home/airflow/.local/lib/python3.12/site-packages/airflow/example_dags/example_nested_branch_dag.py
[2024-04-09T19:11:27.106+0000] {logging_mixin.py:188} INFO - [2024-04-09T19:11:27.106+0000] {dag.py:3096} INFO - Sync 1 DAGs
[2024-04-09T19:11:27.136+0000] {logging_mixin.py:188} INFO - [2024-04-09T19:11:27.136+0000] {dag.py:3954} INFO - Setting next_dagrun for example_nested_branch_dag to 2024-04-08 00:00:00+00:00, run_after=2024-04-09 00:00:00+00:00
[2024-04-09T19:11:27.167+0000] {processor.py:183} INFO - Processing /home/airflow/.local/lib/python3.12/site-packages/airflow/example_dags/example_nested_branch_dag.py took 0.112 seconds
[2024-04-09T19:11:57.725+0000] {processor.py:161} INFO - Started process (PID=10546) to work on /home/airflow/.local/lib/python3.12/site-packages/airflow/example_dags/example_nested_branch_dag.py
[2024-04-09T19:11:57.726+0000] {processor.py:830} INFO - Processing file /home/airflow/.local/lib/python3.12/site-packages/airflow/example_dags/example_nested_branch_dag.py for tasks to queue
[2024-04-09T19:11:57.729+0000] {logging_mixin.py:188} INFO - [2024-04-09T19:11:57.728+0000] {dagbag.py:540} INFO - Filling up the DagBag from /home/airflow/.local/lib/python3.12/site-packages/airflow/example_dags/example_nested_branch_dag.py
[2024-04-09T19:11:57.740+0000] {processor.py:840} INFO - DAG(s) 'example_nested_branch_dag' retrieved from /home/airflow/.local/lib/python3.12/site-packages/airflow/example_dags/example_nested_branch_dag.py
[2024-04-09T19:11:57.789+0000] {logging_mixin.py:188} INFO - [2024-04-09T19:11:57.789+0000] {dag.py:3096} INFO - Sync 1 DAGs
[2024-04-09T19:11:57.827+0000] {logging_mixin.py:188} INFO - [2024-04-09T19:11:57.826+0000] {dag.py:3954} INFO - Setting next_dagrun for example_nested_branch_dag to 2024-04-08 00:00:00+00:00, run_after=2024-04-09 00:00:00+00:00
[2024-04-09T19:11:57.856+0000] {processor.py:183} INFO - Processing /home/airflow/.local/lib/python3.12/site-packages/airflow/example_dags/example_nested_branch_dag.py took 0.137 seconds
[2024-04-09T19:12:28.338+0000] {processor.py:161} INFO - Started process (PID=10818) to work on /home/airflow/.local/lib/python3.12/site-packages/airflow/example_dags/example_nested_branch_dag.py
[2024-04-09T19:12:28.339+0000] {processor.py:830} INFO - Processing file /home/airflow/.local/lib/python3.12/site-packages/airflow/example_dags/example_nested_branch_dag.py for tasks to queue
[2024-04-09T19:12:28.341+0000] {logging_mixin.py:188} INFO - [2024-04-09T19:12:28.341+0000] {dagbag.py:540} INFO - Filling up the DagBag from /home/airflow/.local/lib/python3.12/site-packages/airflow/example_dags/example_nested_branch_dag.py
[2024-04-09T19:12:28.356+0000] {processor.py:840} INFO - DAG(s) 'example_nested_branch_dag' retrieved from /home/airflow/.local/lib/python3.12/site-packages/airflow/example_dags/example_nested_branch_dag.py
[2024-04-09T19:12:28.382+0000] {logging_mixin.py:188} INFO - [2024-04-09T19:12:28.382+0000] {dag.py:3096} INFO - Sync 1 DAGs
[2024-04-09T19:12:28.412+0000] {logging_mixin.py:188} INFO - [2024-04-09T19:12:28.412+0000] {dag.py:3954} INFO - Setting next_dagrun for example_nested_branch_dag to 2024-04-08 00:00:00+00:00, run_after=2024-04-09 00:00:00+00:00
[2024-04-09T19:12:28.436+0000] {processor.py:183} INFO - Processing /home/airflow/.local/lib/python3.12/site-packages/airflow/example_dags/example_nested_branch_dag.py took 0.104 seconds
[2024-04-09T19:12:59.249+0000] {processor.py:161} INFO - Started process (PID=11091) to work on /home/airflow/.local/lib/python3.12/site-packages/airflow/example_dags/example_nested_branch_dag.py
[2024-04-09T19:12:59.250+0000] {processor.py:830} INFO - Processing file /home/airflow/.local/lib/python3.12/site-packages/airflow/example_dags/example_nested_branch_dag.py for tasks to queue
[2024-04-09T19:12:59.252+0000] {logging_mixin.py:188} INFO - [2024-04-09T19:12:59.252+0000] {dagbag.py:540} INFO - Filling up the DagBag from /home/airflow/.local/lib/python3.12/site-packages/airflow/example_dags/example_nested_branch_dag.py
[2024-04-09T19:12:59.265+0000] {processor.py:840} INFO - DAG(s) 'example_nested_branch_dag' retrieved from /home/airflow/.local/lib/python3.12/site-packages/airflow/example_dags/example_nested_branch_dag.py
[2024-04-09T19:12:59.291+0000] {logging_mixin.py:188} INFO - [2024-04-09T19:12:59.291+0000] {dag.py:3096} INFO - Sync 1 DAGs
[2024-04-09T19:12:59.319+0000] {logging_mixin.py:188} INFO - [2024-04-09T19:12:59.319+0000] {dag.py:3954} INFO - Setting next_dagrun for example_nested_branch_dag to 2024-04-08 00:00:00+00:00, run_after=2024-04-09 00:00:00+00:00
[2024-04-09T19:12:59.344+0000] {processor.py:183} INFO - Processing /home/airflow/.local/lib/python3.12/site-packages/airflow/example_dags/example_nested_branch_dag.py took 0.101 seconds
[2024-04-09T19:13:29.436+0000] {processor.py:161} INFO - Started process (PID=11363) to work on /home/airflow/.local/lib/python3.12/site-packages/airflow/example_dags/example_nested_branch_dag.py
[2024-04-09T19:13:29.440+0000] {processor.py:830} INFO - Processing file /home/airflow/.local/lib/python3.12/site-packages/airflow/example_dags/example_nested_branch_dag.py for tasks to queue
[2024-04-09T19:13:29.442+0000] {logging_mixin.py:188} INFO - [2024-04-09T19:13:29.441+0000] {dagbag.py:540} INFO - Filling up the DagBag from /home/airflow/.local/lib/python3.12/site-packages/airflow/example_dags/example_nested_branch_dag.py
[2024-04-09T19:13:29.458+0000] {processor.py:840} INFO - DAG(s) 'example_nested_branch_dag' retrieved from /home/airflow/.local/lib/python3.12/site-packages/airflow/example_dags/example_nested_branch_dag.py
[2024-04-09T19:13:29.484+0000] {logging_mixin.py:188} INFO - [2024-04-09T19:13:29.484+0000] {dag.py:3096} INFO - Sync 1 DAGs
[2024-04-09T19:13:29.514+0000] {logging_mixin.py:188} INFO - [2024-04-09T19:13:29.514+0000] {dag.py:3954} INFO - Setting next_dagrun for example_nested_branch_dag to 2024-04-08 00:00:00+00:00, run_after=2024-04-09 00:00:00+00:00
[2024-04-09T19:13:29.537+0000] {processor.py:183} INFO - Processing /home/airflow/.local/lib/python3.12/site-packages/airflow/example_dags/example_nested_branch_dag.py took 0.107 seconds
[2024-04-09T19:13:59.592+0000] {processor.py:161} INFO - Started process (PID=11636) to work on /home/airflow/.local/lib/python3.12/site-packages/airflow/example_dags/example_nested_branch_dag.py
[2024-04-09T19:13:59.593+0000] {processor.py:830} INFO - Processing file /home/airflow/.local/lib/python3.12/site-packages/airflow/example_dags/example_nested_branch_dag.py for tasks to queue
[2024-04-09T19:13:59.595+0000] {logging_mixin.py:188} INFO - [2024-04-09T19:13:59.595+0000] {dagbag.py:540} INFO - Filling up the DagBag from /home/airflow/.local/lib/python3.12/site-packages/airflow/example_dags/example_nested_branch_dag.py
[2024-04-09T19:13:59.607+0000] {processor.py:840} INFO - DAG(s) 'example_nested_branch_dag' retrieved from /home/airflow/.local/lib/python3.12/site-packages/airflow/example_dags/example_nested_branch_dag.py
[2024-04-09T19:13:59.634+0000] {logging_mixin.py:188} INFO - [2024-04-09T19:13:59.634+0000] {dag.py:3096} INFO - Sync 1 DAGs
[2024-04-09T19:13:59.665+0000] {logging_mixin.py:188} INFO - [2024-04-09T19:13:59.665+0000] {dag.py:3954} INFO - Setting next_dagrun for example_nested_branch_dag to 2024-04-08 00:00:00+00:00, run_after=2024-04-09 00:00:00+00:00
[2024-04-09T19:13:59.691+0000] {processor.py:183} INFO - Processing /home/airflow/.local/lib/python3.12/site-packages/airflow/example_dags/example_nested_branch_dag.py took 0.104 seconds
[2024-04-09T19:14:29.800+0000] {processor.py:161} INFO - Started process (PID=11908) to work on /home/airflow/.local/lib/python3.12/site-packages/airflow/example_dags/example_nested_branch_dag.py
[2024-04-09T19:14:29.804+0000] {processor.py:830} INFO - Processing file /home/airflow/.local/lib/python3.12/site-packages/airflow/example_dags/example_nested_branch_dag.py for tasks to queue
[2024-04-09T19:14:29.806+0000] {logging_mixin.py:188} INFO - [2024-04-09T19:14:29.805+0000] {dagbag.py:540} INFO - Filling up the DagBag from /home/airflow/.local/lib/python3.12/site-packages/airflow/example_dags/example_nested_branch_dag.py
[2024-04-09T19:14:29.822+0000] {processor.py:840} INFO - DAG(s) 'example_nested_branch_dag' retrieved from /home/airflow/.local/lib/python3.12/site-packages/airflow/example_dags/example_nested_branch_dag.py
[2024-04-09T19:14:29.848+0000] {logging_mixin.py:188} INFO - [2024-04-09T19:14:29.848+0000] {dag.py:3096} INFO - Sync 1 DAGs
[2024-04-09T19:14:29.879+0000] {logging_mixin.py:188} INFO - [2024-04-09T19:14:29.878+0000] {dag.py:3954} INFO - Setting next_dagrun for example_nested_branch_dag to 2024-04-08 00:00:00+00:00, run_after=2024-04-09 00:00:00+00:00
[2024-04-09T19:14:29.903+0000] {processor.py:183} INFO - Processing /home/airflow/.local/lib/python3.12/site-packages/airflow/example_dags/example_nested_branch_dag.py took 0.109 seconds
[2024-04-09T19:15:00.091+0000] {processor.py:161} INFO - Started process (PID=12182) to work on /home/airflow/.local/lib/python3.12/site-packages/airflow/example_dags/example_nested_branch_dag.py
[2024-04-09T19:15:00.092+0000] {processor.py:830} INFO - Processing file /home/airflow/.local/lib/python3.12/site-packages/airflow/example_dags/example_nested_branch_dag.py for tasks to queue
[2024-04-09T19:15:00.093+0000] {logging_mixin.py:188} INFO - [2024-04-09T19:15:00.093+0000] {dagbag.py:540} INFO - Filling up the DagBag from /home/airflow/.local/lib/python3.12/site-packages/airflow/example_dags/example_nested_branch_dag.py
[2024-04-09T19:15:00.105+0000] {processor.py:840} INFO - DAG(s) 'example_nested_branch_dag' retrieved from /home/airflow/.local/lib/python3.12/site-packages/airflow/example_dags/example_nested_branch_dag.py
[2024-04-09T19:15:00.139+0000] {logging_mixin.py:188} INFO - [2024-04-09T19:15:00.139+0000] {dag.py:3096} INFO - Sync 1 DAGs
[2024-04-09T19:15:00.167+0000] {logging_mixin.py:188} INFO - [2024-04-09T19:15:00.167+0000] {dag.py:3954} INFO - Setting next_dagrun for example_nested_branch_dag to 2024-04-08 00:00:00+00:00, run_after=2024-04-09 00:00:00+00:00
[2024-04-09T19:15:00.195+0000] {processor.py:183} INFO - Processing /home/airflow/.local/lib/python3.12/site-packages/airflow/example_dags/example_nested_branch_dag.py took 0.111 seconds
[2024-04-09T19:15:30.932+0000] {processor.py:161} INFO - Started process (PID=12455) to work on /home/airflow/.local/lib/python3.12/site-packages/airflow/example_dags/example_nested_branch_dag.py
[2024-04-09T19:15:30.934+0000] {processor.py:830} INFO - Processing file /home/airflow/.local/lib/python3.12/site-packages/airflow/example_dags/example_nested_branch_dag.py for tasks to queue
[2024-04-09T19:15:30.935+0000] {logging_mixin.py:188} INFO - [2024-04-09T19:15:30.935+0000] {dagbag.py:540} INFO - Filling up the DagBag from /home/airflow/.local/lib/python3.12/site-packages/airflow/example_dags/example_nested_branch_dag.py
[2024-04-09T19:15:30.947+0000] {processor.py:840} INFO - DAG(s) 'example_nested_branch_dag' retrieved from /home/airflow/.local/lib/python3.12/site-packages/airflow/example_dags/example_nested_branch_dag.py
[2024-04-09T19:15:30.975+0000] {logging_mixin.py:188} INFO - [2024-04-09T19:15:30.975+0000] {dag.py:3096} INFO - Sync 1 DAGs
[2024-04-09T19:15:31.003+0000] {logging_mixin.py:188} INFO - [2024-04-09T19:15:31.003+0000] {dag.py:3954} INFO - Setting next_dagrun for example_nested_branch_dag to 2024-04-08 00:00:00+00:00, run_after=2024-04-09 00:00:00+00:00
[2024-04-09T19:15:31.031+0000] {processor.py:183} INFO - Processing /home/airflow/.local/lib/python3.12/site-packages/airflow/example_dags/example_nested_branch_dag.py took 0.105 seconds
[2024-04-09T19:16:01.117+0000] {processor.py:161} INFO - Started process (PID=12727) to work on /home/airflow/.local/lib/python3.12/site-packages/airflow/example_dags/example_nested_branch_dag.py
[2024-04-09T19:16:01.124+0000] {processor.py:830} INFO - Processing file /home/airflow/.local/lib/python3.12/site-packages/airflow/example_dags/example_nested_branch_dag.py for tasks to queue
[2024-04-09T19:16:01.129+0000] {logging_mixin.py:188} INFO - [2024-04-09T19:16:01.129+0000] {dagbag.py:540} INFO - Filling up the DagBag from /home/airflow/.local/lib/python3.12/site-packages/airflow/example_dags/example_nested_branch_dag.py
[2024-04-09T19:16:01.142+0000] {processor.py:840} INFO - DAG(s) 'example_nested_branch_dag' retrieved from /home/airflow/.local/lib/python3.12/site-packages/airflow/example_dags/example_nested_branch_dag.py
[2024-04-09T19:16:01.175+0000] {logging_mixin.py:188} INFO - [2024-04-09T19:16:01.174+0000] {dag.py:3096} INFO - Sync 1 DAGs
[2024-04-09T19:16:01.204+0000] {logging_mixin.py:188} INFO - [2024-04-09T19:16:01.204+0000] {dag.py:3954} INFO - Setting next_dagrun for example_nested_branch_dag to 2024-04-08 00:00:00+00:00, run_after=2024-04-09 00:00:00+00:00
[2024-04-09T19:16:01.233+0000] {processor.py:183} INFO - Processing /home/airflow/.local/lib/python3.12/site-packages/airflow/example_dags/example_nested_branch_dag.py took 0.123 seconds
[2024-04-09T19:16:31.346+0000] {processor.py:161} INFO - Started process (PID=13000) to work on /home/airflow/.local/lib/python3.12/site-packages/airflow/example_dags/example_nested_branch_dag.py
[2024-04-09T19:16:31.347+0000] {processor.py:830} INFO - Processing file /home/airflow/.local/lib/python3.12/site-packages/airflow/example_dags/example_nested_branch_dag.py for tasks to queue
[2024-04-09T19:16:31.349+0000] {logging_mixin.py:188} INFO - [2024-04-09T19:16:31.349+0000] {dagbag.py:540} INFO - Filling up the DagBag from /home/airflow/.local/lib/python3.12/site-packages/airflow/example_dags/example_nested_branch_dag.py
[2024-04-09T19:16:31.366+0000] {processor.py:840} INFO - DAG(s) 'example_nested_branch_dag' retrieved from /home/airflow/.local/lib/python3.12/site-packages/airflow/example_dags/example_nested_branch_dag.py
[2024-04-09T19:16:31.394+0000] {logging_mixin.py:188} INFO - [2024-04-09T19:16:31.393+0000] {dag.py:3096} INFO - Sync 1 DAGs
[2024-04-09T19:16:31.422+0000] {logging_mixin.py:188} INFO - [2024-04-09T19:16:31.422+0000] {dag.py:3954} INFO - Setting next_dagrun for example_nested_branch_dag to 2024-04-08 00:00:00+00:00, run_after=2024-04-09 00:00:00+00:00
[2024-04-09T19:16:31.450+0000] {processor.py:183} INFO - Processing /home/airflow/.local/lib/python3.12/site-packages/airflow/example_dags/example_nested_branch_dag.py took 0.109 seconds
[2024-04-09T19:17:01.909+0000] {processor.py:161} INFO - Started process (PID=13272) to work on /home/airflow/.local/lib/python3.12/site-packages/airflow/example_dags/example_nested_branch_dag.py
[2024-04-09T19:17:01.910+0000] {processor.py:830} INFO - Processing file /home/airflow/.local/lib/python3.12/site-packages/airflow/example_dags/example_nested_branch_dag.py for tasks to queue
[2024-04-09T19:17:01.911+0000] {logging_mixin.py:188} INFO - [2024-04-09T19:17:01.911+0000] {dagbag.py:540} INFO - Filling up the DagBag from /home/airflow/.local/lib/python3.12/site-packages/airflow/example_dags/example_nested_branch_dag.py
[2024-04-09T19:17:01.923+0000] {processor.py:840} INFO - DAG(s) 'example_nested_branch_dag' retrieved from /home/airflow/.local/lib/python3.12/site-packages/airflow/example_dags/example_nested_branch_dag.py
[2024-04-09T19:17:01.950+0000] {logging_mixin.py:188} INFO - [2024-04-09T19:17:01.950+0000] {dag.py:3096} INFO - Sync 1 DAGs
[2024-04-09T19:17:01.993+0000] {logging_mixin.py:188} INFO - [2024-04-09T19:17:01.993+0000] {dag.py:3954} INFO - Setting next_dagrun for example_nested_branch_dag to 2024-04-08 00:00:00+00:00, run_after=2024-04-09 00:00:00+00:00
[2024-04-09T19:17:02.039+0000] {processor.py:183} INFO - Processing /home/airflow/.local/lib/python3.12/site-packages/airflow/example_dags/example_nested_branch_dag.py took 0.137 seconds
[2024-04-09T19:17:32.527+0000] {processor.py:161} INFO - Started process (PID=13544) to work on /home/airflow/.local/lib/python3.12/site-packages/airflow/example_dags/example_nested_branch_dag.py
[2024-04-09T19:17:32.528+0000] {processor.py:830} INFO - Processing file /home/airflow/.local/lib/python3.12/site-packages/airflow/example_dags/example_nested_branch_dag.py for tasks to queue
[2024-04-09T19:17:32.530+0000] {logging_mixin.py:188} INFO - [2024-04-09T19:17:32.529+0000] {dagbag.py:540} INFO - Filling up the DagBag from /home/airflow/.local/lib/python3.12/site-packages/airflow/example_dags/example_nested_branch_dag.py
[2024-04-09T19:17:32.541+0000] {processor.py:840} INFO - DAG(s) 'example_nested_branch_dag' retrieved from /home/airflow/.local/lib/python3.12/site-packages/airflow/example_dags/example_nested_branch_dag.py
[2024-04-09T19:17:32.567+0000] {logging_mixin.py:188} INFO - [2024-04-09T19:17:32.567+0000] {dag.py:3096} INFO - Sync 1 DAGs
[2024-04-09T19:17:32.596+0000] {logging_mixin.py:188} INFO - [2024-04-09T19:17:32.596+0000] {dag.py:3954} INFO - Setting next_dagrun for example_nested_branch_dag to 2024-04-08 00:00:00+00:00, run_after=2024-04-09 00:00:00+00:00
[2024-04-09T19:17:32.622+0000] {processor.py:183} INFO - Processing /home/airflow/.local/lib/python3.12/site-packages/airflow/example_dags/example_nested_branch_dag.py took 0.101 seconds
[2024-04-09T19:18:03.297+0000] {processor.py:161} INFO - Started process (PID=13816) to work on /home/airflow/.local/lib/python3.12/site-packages/airflow/example_dags/example_nested_branch_dag.py
[2024-04-09T19:18:03.305+0000] {processor.py:830} INFO - Processing file /home/airflow/.local/lib/python3.12/site-packages/airflow/example_dags/example_nested_branch_dag.py for tasks to queue
[2024-04-09T19:18:03.309+0000] {logging_mixin.py:188} INFO - [2024-04-09T19:18:03.308+0000] {dagbag.py:540} INFO - Filling up the DagBag from /home/airflow/.local/lib/python3.12/site-packages/airflow/example_dags/example_nested_branch_dag.py
[2024-04-09T19:18:03.346+0000] {processor.py:840} INFO - DAG(s) 'example_nested_branch_dag' retrieved from /home/airflow/.local/lib/python3.12/site-packages/airflow/example_dags/example_nested_branch_dag.py
[2024-04-09T19:18:03.404+0000] {logging_mixin.py:188} INFO - [2024-04-09T19:18:03.404+0000] {dag.py:3096} INFO - Sync 1 DAGs
[2024-04-09T19:18:03.440+0000] {logging_mixin.py:188} INFO - [2024-04-09T19:18:03.440+0000] {dag.py:3954} INFO - Setting next_dagrun for example_nested_branch_dag to 2024-04-08 00:00:00+00:00, run_after=2024-04-09 00:00:00+00:00
[2024-04-09T19:18:03.473+0000] {processor.py:183} INFO - Processing /home/airflow/.local/lib/python3.12/site-packages/airflow/example_dags/example_nested_branch_dag.py took 0.183 seconds
[2024-04-09T19:18:34.019+0000] {processor.py:161} INFO - Started process (PID=14088) to work on /home/airflow/.local/lib/python3.12/site-packages/airflow/example_dags/example_nested_branch_dag.py
[2024-04-09T19:18:34.020+0000] {processor.py:830} INFO - Processing file /home/airflow/.local/lib/python3.12/site-packages/airflow/example_dags/example_nested_branch_dag.py for tasks to queue
[2024-04-09T19:18:34.022+0000] {logging_mixin.py:188} INFO - [2024-04-09T19:18:34.021+0000] {dagbag.py:540} INFO - Filling up the DagBag from /home/airflow/.local/lib/python3.12/site-packages/airflow/example_dags/example_nested_branch_dag.py
[2024-04-09T19:18:34.034+0000] {processor.py:840} INFO - DAG(s) 'example_nested_branch_dag' retrieved from /home/airflow/.local/lib/python3.12/site-packages/airflow/example_dags/example_nested_branch_dag.py
[2024-04-09T19:18:34.079+0000] {logging_mixin.py:188} INFO - [2024-04-09T19:18:34.079+0000] {dag.py:3096} INFO - Sync 1 DAGs
[2024-04-09T19:18:34.109+0000] {logging_mixin.py:188} INFO - [2024-04-09T19:18:34.108+0000] {dag.py:3954} INFO - Setting next_dagrun for example_nested_branch_dag to 2024-04-08 00:00:00+00:00, run_after=2024-04-09 00:00:00+00:00
[2024-04-09T19:18:34.133+0000] {processor.py:183} INFO - Processing /home/airflow/.local/lib/python3.12/site-packages/airflow/example_dags/example_nested_branch_dag.py took 0.121 seconds
[2024-04-09T19:19:04.338+0000] {processor.py:161} INFO - Started process (PID=14360) to work on /home/airflow/.local/lib/python3.12/site-packages/airflow/example_dags/example_nested_branch_dag.py
[2024-04-09T19:19:04.340+0000] {processor.py:830} INFO - Processing file /home/airflow/.local/lib/python3.12/site-packages/airflow/example_dags/example_nested_branch_dag.py for tasks to queue
[2024-04-09T19:19:04.342+0000] {logging_mixin.py:188} INFO - [2024-04-09T19:19:04.341+0000] {dagbag.py:540} INFO - Filling up the DagBag from /home/airflow/.local/lib/python3.12/site-packages/airflow/example_dags/example_nested_branch_dag.py
[2024-04-09T19:19:04.354+0000] {processor.py:840} INFO - DAG(s) 'example_nested_branch_dag' retrieved from /home/airflow/.local/lib/python3.12/site-packages/airflow/example_dags/example_nested_branch_dag.py
[2024-04-09T19:19:04.416+0000] {logging_mixin.py:188} INFO - [2024-04-09T19:19:04.415+0000] {dag.py:3096} INFO - Sync 1 DAGs
[2024-04-09T19:19:04.467+0000] {logging_mixin.py:188} INFO - [2024-04-09T19:19:04.466+0000] {dag.py:3954} INFO - Setting next_dagrun for example_nested_branch_dag to 2024-04-08 00:00:00+00:00, run_after=2024-04-09 00:00:00+00:00
[2024-04-09T19:19:04.507+0000] {processor.py:183} INFO - Processing /home/airflow/.local/lib/python3.12/site-packages/airflow/example_dags/example_nested_branch_dag.py took 0.174 seconds
[2024-04-09T19:19:35.229+0000] {processor.py:161} INFO - Started process (PID=14631) to work on /home/airflow/.local/lib/python3.12/site-packages/airflow/example_dags/example_nested_branch_dag.py
[2024-04-09T19:19:35.230+0000] {processor.py:830} INFO - Processing file /home/airflow/.local/lib/python3.12/site-packages/airflow/example_dags/example_nested_branch_dag.py for tasks to queue
[2024-04-09T19:19:35.232+0000] {logging_mixin.py:188} INFO - [2024-04-09T19:19:35.232+0000] {dagbag.py:540} INFO - Filling up the DagBag from /home/airflow/.local/lib/python3.12/site-packages/airflow/example_dags/example_nested_branch_dag.py
[2024-04-09T19:19:35.247+0000] {processor.py:840} INFO - DAG(s) 'example_nested_branch_dag' retrieved from /home/airflow/.local/lib/python3.12/site-packages/airflow/example_dags/example_nested_branch_dag.py
[2024-04-09T19:19:35.294+0000] {logging_mixin.py:188} INFO - [2024-04-09T19:19:35.294+0000] {dag.py:3096} INFO - Sync 1 DAGs
[2024-04-09T19:19:35.328+0000] {logging_mixin.py:188} INFO - [2024-04-09T19:19:35.327+0000] {dag.py:3954} INFO - Setting next_dagrun for example_nested_branch_dag to 2024-04-08 00:00:00+00:00, run_after=2024-04-09 00:00:00+00:00
[2024-04-09T19:19:35.382+0000] {processor.py:183} INFO - Processing /home/airflow/.local/lib/python3.12/site-packages/airflow/example_dags/example_nested_branch_dag.py took 0.159 seconds
[2024-04-09T19:20:05.698+0000] {processor.py:161} INFO - Started process (PID=14904) to work on /home/airflow/.local/lib/python3.12/site-packages/airflow/example_dags/example_nested_branch_dag.py
[2024-04-09T19:20:05.700+0000] {processor.py:830} INFO - Processing file /home/airflow/.local/lib/python3.12/site-packages/airflow/example_dags/example_nested_branch_dag.py for tasks to queue
[2024-04-09T19:20:05.702+0000] {logging_mixin.py:188} INFO - [2024-04-09T19:20:05.701+0000] {dagbag.py:540} INFO - Filling up the DagBag from /home/airflow/.local/lib/python3.12/site-packages/airflow/example_dags/example_nested_branch_dag.py
[2024-04-09T19:20:05.715+0000] {processor.py:840} INFO - DAG(s) 'example_nested_branch_dag' retrieved from /home/airflow/.local/lib/python3.12/site-packages/airflow/example_dags/example_nested_branch_dag.py
[2024-04-09T19:20:05.741+0000] {logging_mixin.py:188} INFO - [2024-04-09T19:20:05.741+0000] {dag.py:3096} INFO - Sync 1 DAGs
[2024-04-09T19:20:05.769+0000] {logging_mixin.py:188} INFO - [2024-04-09T19:20:05.769+0000] {dag.py:3954} INFO - Setting next_dagrun for example_nested_branch_dag to 2024-04-08 00:00:00+00:00, run_after=2024-04-09 00:00:00+00:00
[2024-04-09T19:20:05.793+0000] {processor.py:183} INFO - Processing /home/airflow/.local/lib/python3.12/site-packages/airflow/example_dags/example_nested_branch_dag.py took 0.100 seconds
[2024-04-09T19:20:36.322+0000] {processor.py:161} INFO - Started process (PID=15177) to work on /home/airflow/.local/lib/python3.12/site-packages/airflow/example_dags/example_nested_branch_dag.py
[2024-04-09T19:20:36.325+0000] {processor.py:830} INFO - Processing file /home/airflow/.local/lib/python3.12/site-packages/airflow/example_dags/example_nested_branch_dag.py for tasks to queue
[2024-04-09T19:20:36.329+0000] {logging_mixin.py:188} INFO - [2024-04-09T19:20:36.329+0000] {dagbag.py:540} INFO - Filling up the DagBag from /home/airflow/.local/lib/python3.12/site-packages/airflow/example_dags/example_nested_branch_dag.py
[2024-04-09T19:20:36.357+0000] {processor.py:840} INFO - DAG(s) 'example_nested_branch_dag' retrieved from /home/airflow/.local/lib/python3.12/site-packages/airflow/example_dags/example_nested_branch_dag.py
[2024-04-09T19:20:36.414+0000] {logging_mixin.py:188} INFO - [2024-04-09T19:20:36.413+0000] {dag.py:3096} INFO - Sync 1 DAGs
[2024-04-09T19:20:36.463+0000] {logging_mixin.py:188} INFO - [2024-04-09T19:20:36.462+0000] {dag.py:3954} INFO - Setting next_dagrun for example_nested_branch_dag to 2024-04-08 00:00:00+00:00, run_after=2024-04-09 00:00:00+00:00
[2024-04-09T19:20:36.498+0000] {processor.py:183} INFO - Processing /home/airflow/.local/lib/python3.12/site-packages/airflow/example_dags/example_nested_branch_dag.py took 0.192 seconds
[2024-04-09T19:21:07.008+0000] {processor.py:161} INFO - Started process (PID=15449) to work on /home/airflow/.local/lib/python3.12/site-packages/airflow/example_dags/example_nested_branch_dag.py
[2024-04-09T19:21:07.009+0000] {processor.py:830} INFO - Processing file /home/airflow/.local/lib/python3.12/site-packages/airflow/example_dags/example_nested_branch_dag.py for tasks to queue
[2024-04-09T19:21:07.011+0000] {logging_mixin.py:188} INFO - [2024-04-09T19:21:07.011+0000] {dagbag.py:540} INFO - Filling up the DagBag from /home/airflow/.local/lib/python3.12/site-packages/airflow/example_dags/example_nested_branch_dag.py
[2024-04-09T19:21:07.024+0000] {processor.py:840} INFO - DAG(s) 'example_nested_branch_dag' retrieved from /home/airflow/.local/lib/python3.12/site-packages/airflow/example_dags/example_nested_branch_dag.py
[2024-04-09T19:21:07.061+0000] {logging_mixin.py:188} INFO - [2024-04-09T19:21:07.061+0000] {dag.py:3096} INFO - Sync 1 DAGs
[2024-04-09T19:21:07.090+0000] {logging_mixin.py:188} INFO - [2024-04-09T19:21:07.090+0000] {dag.py:3954} INFO - Setting next_dagrun for example_nested_branch_dag to 2024-04-08 00:00:00+00:00, run_after=2024-04-09 00:00:00+00:00
[2024-04-09T19:21:07.118+0000] {processor.py:183} INFO - Processing /home/airflow/.local/lib/python3.12/site-packages/airflow/example_dags/example_nested_branch_dag.py took 0.117 seconds
[2024-04-09T19:21:37.645+0000] {processor.py:161} INFO - Started process (PID=15722) to work on /home/airflow/.local/lib/python3.12/site-packages/airflow/example_dags/example_nested_branch_dag.py
[2024-04-09T19:21:37.646+0000] {processor.py:830} INFO - Processing file /home/airflow/.local/lib/python3.12/site-packages/airflow/example_dags/example_nested_branch_dag.py for tasks to queue
[2024-04-09T19:21:37.648+0000] {logging_mixin.py:188} INFO - [2024-04-09T19:21:37.648+0000] {dagbag.py:540} INFO - Filling up the DagBag from /home/airflow/.local/lib/python3.12/site-packages/airflow/example_dags/example_nested_branch_dag.py
[2024-04-09T19:21:37.662+0000] {processor.py:840} INFO - DAG(s) 'example_nested_branch_dag' retrieved from /home/airflow/.local/lib/python3.12/site-packages/airflow/example_dags/example_nested_branch_dag.py
[2024-04-09T19:21:37.689+0000] {logging_mixin.py:188} INFO - [2024-04-09T19:21:37.689+0000] {dag.py:3096} INFO - Sync 1 DAGs
[2024-04-09T19:21:37.719+0000] {logging_mixin.py:188} INFO - [2024-04-09T19:21:37.718+0000] {dag.py:3954} INFO - Setting next_dagrun for example_nested_branch_dag to 2024-04-08 00:00:00+00:00, run_after=2024-04-09 00:00:00+00:00
[2024-04-09T19:21:37.742+0000] {processor.py:183} INFO - Processing /home/airflow/.local/lib/python3.12/site-packages/airflow/example_dags/example_nested_branch_dag.py took 0.104 seconds
[2024-04-09T19:22:07.926+0000] {processor.py:161} INFO - Started process (PID=15994) to work on /home/airflow/.local/lib/python3.12/site-packages/airflow/example_dags/example_nested_branch_dag.py
[2024-04-09T19:22:07.927+0000] {processor.py:830} INFO - Processing file /home/airflow/.local/lib/python3.12/site-packages/airflow/example_dags/example_nested_branch_dag.py for tasks to queue
[2024-04-09T19:22:07.929+0000] {logging_mixin.py:188} INFO - [2024-04-09T19:22:07.928+0000] {dagbag.py:540} INFO - Filling up the DagBag from /home/airflow/.local/lib/python3.12/site-packages/airflow/example_dags/example_nested_branch_dag.py
[2024-04-09T19:22:07.940+0000] {processor.py:840} INFO - DAG(s) 'example_nested_branch_dag' retrieved from /home/airflow/.local/lib/python3.12/site-packages/airflow/example_dags/example_nested_branch_dag.py
[2024-04-09T19:22:07.966+0000] {logging_mixin.py:188} INFO - [2024-04-09T19:22:07.966+0000] {dag.py:3096} INFO - Sync 1 DAGs
[2024-04-09T19:22:07.995+0000] {logging_mixin.py:188} INFO - [2024-04-09T19:22:07.995+0000] {dag.py:3954} INFO - Setting next_dagrun for example_nested_branch_dag to 2024-04-08 00:00:00+00:00, run_after=2024-04-09 00:00:00+00:00
[2024-04-09T19:22:08.020+0000] {processor.py:183} INFO - Processing /home/airflow/.local/lib/python3.12/site-packages/airflow/example_dags/example_nested_branch_dag.py took 0.100 seconds
[2024-04-09T19:22:38.708+0000] {processor.py:161} INFO - Started process (PID=16266) to work on /home/airflow/.local/lib/python3.12/site-packages/airflow/example_dags/example_nested_branch_dag.py
[2024-04-09T19:22:38.709+0000] {processor.py:830} INFO - Processing file /home/airflow/.local/lib/python3.12/site-packages/airflow/example_dags/example_nested_branch_dag.py for tasks to queue
[2024-04-09T19:22:38.711+0000] {logging_mixin.py:188} INFO - [2024-04-09T19:22:38.710+0000] {dagbag.py:540} INFO - Filling up the DagBag from /home/airflow/.local/lib/python3.12/site-packages/airflow/example_dags/example_nested_branch_dag.py
[2024-04-09T19:22:38.723+0000] {processor.py:840} INFO - DAG(s) 'example_nested_branch_dag' retrieved from /home/airflow/.local/lib/python3.12/site-packages/airflow/example_dags/example_nested_branch_dag.py
[2024-04-09T19:22:38.749+0000] {logging_mixin.py:188} INFO - [2024-04-09T19:22:38.749+0000] {dag.py:3096} INFO - Sync 1 DAGs
[2024-04-09T19:22:38.794+0000] {logging_mixin.py:188} INFO - [2024-04-09T19:22:38.794+0000] {dag.py:3954} INFO - Setting next_dagrun for example_nested_branch_dag to 2024-04-08 00:00:00+00:00, run_after=2024-04-09 00:00:00+00:00
[2024-04-09T19:22:38.819+0000] {processor.py:183} INFO - Processing /home/airflow/.local/lib/python3.12/site-packages/airflow/example_dags/example_nested_branch_dag.py took 0.117 seconds
[2024-04-09T19:23:09.203+0000] {processor.py:161} INFO - Started process (PID=16538) to work on /home/airflow/.local/lib/python3.12/site-packages/airflow/example_dags/example_nested_branch_dag.py
[2024-04-09T19:23:09.204+0000] {processor.py:830} INFO - Processing file /home/airflow/.local/lib/python3.12/site-packages/airflow/example_dags/example_nested_branch_dag.py for tasks to queue
[2024-04-09T19:23:09.205+0000] {logging_mixin.py:188} INFO - [2024-04-09T19:23:09.205+0000] {dagbag.py:540} INFO - Filling up the DagBag from /home/airflow/.local/lib/python3.12/site-packages/airflow/example_dags/example_nested_branch_dag.py
[2024-04-09T19:23:09.217+0000] {processor.py:840} INFO - DAG(s) 'example_nested_branch_dag' retrieved from /home/airflow/.local/lib/python3.12/site-packages/airflow/example_dags/example_nested_branch_dag.py
[2024-04-09T19:23:09.245+0000] {logging_mixin.py:188} INFO - [2024-04-09T19:23:09.244+0000] {dag.py:3096} INFO - Sync 1 DAGs
[2024-04-09T19:23:09.273+0000] {logging_mixin.py:188} INFO - [2024-04-09T19:23:09.273+0000] {dag.py:3954} INFO - Setting next_dagrun for example_nested_branch_dag to 2024-04-08 00:00:00+00:00, run_after=2024-04-09 00:00:00+00:00
[2024-04-09T19:23:09.296+0000] {processor.py:183} INFO - Processing /home/airflow/.local/lib/python3.12/site-packages/airflow/example_dags/example_nested_branch_dag.py took 0.099 seconds
[2024-04-09T19:23:39.738+0000] {processor.py:161} INFO - Started process (PID=16810) to work on /home/airflow/.local/lib/python3.12/site-packages/airflow/example_dags/example_nested_branch_dag.py
[2024-04-09T19:23:39.739+0000] {processor.py:830} INFO - Processing file /home/airflow/.local/lib/python3.12/site-packages/airflow/example_dags/example_nested_branch_dag.py for tasks to queue
[2024-04-09T19:23:39.741+0000] {logging_mixin.py:188} INFO - [2024-04-09T19:23:39.741+0000] {dagbag.py:540} INFO - Filling up the DagBag from /home/airflow/.local/lib/python3.12/site-packages/airflow/example_dags/example_nested_branch_dag.py
[2024-04-09T19:23:39.753+0000] {processor.py:840} INFO - DAG(s) 'example_nested_branch_dag' retrieved from /home/airflow/.local/lib/python3.12/site-packages/airflow/example_dags/example_nested_branch_dag.py
[2024-04-09T19:23:39.780+0000] {logging_mixin.py:188} INFO - [2024-04-09T19:23:39.780+0000] {dag.py:3096} INFO - Sync 1 DAGs
[2024-04-09T19:23:39.822+0000] {logging_mixin.py:188} INFO - [2024-04-09T19:23:39.822+0000] {dag.py:3954} INFO - Setting next_dagrun for example_nested_branch_dag to 2024-04-08 00:00:00+00:00, run_after=2024-04-09 00:00:00+00:00
[2024-04-09T19:23:39.852+0000] {processor.py:183} INFO - Processing /home/airflow/.local/lib/python3.12/site-packages/airflow/example_dags/example_nested_branch_dag.py took 0.120 seconds
