[2024-04-09T18:50:59.258+0000] {processor.py:161} INFO - Started process (PID=338) to work on /home/airflow/.local/lib/python3.12/site-packages/airflow/example_dags/example_display_name.py
[2024-04-09T18:50:59.259+0000] {processor.py:830} INFO - Processing file /home/airflow/.local/lib/python3.12/site-packages/airflow/example_dags/example_display_name.py for tasks to queue
[2024-04-09T18:50:59.261+0000] {logging_mixin.py:188} INFO - [2024-04-09T18:50:59.261+0000] {dagbag.py:540} INFO - Filling up the DagBag from /home/airflow/.local/lib/python3.12/site-packages/airflow/example_dags/example_display_name.py
[2024-04-09T18:50:59.271+0000] {processor.py:840} INFO - DAG(s) 'example_display_name' retrieved from /home/airflow/.local/lib/python3.12/site-packages/airflow/example_dags/example_display_name.py
[2024-04-09T18:50:59.504+0000] {logging_mixin.py:188} INFO - [2024-04-09T18:50:59.503+0000] {override.py:1829} INFO - Created Permission View: can edit on DAG:example_display_name
[2024-04-09T18:50:59.538+0000] {logging_mixin.py:188} INFO - [2024-04-09T18:50:59.538+0000] {override.py:1829} INFO - Created Permission View: can delete on DAG:example_display_name
[2024-04-09T18:50:59.554+0000] {logging_mixin.py:188} INFO - [2024-04-09T18:50:59.554+0000] {override.py:1829} INFO - Created Permission View: can read on DAG:example_display_name
[2024-04-09T18:50:59.555+0000] {logging_mixin.py:188} INFO - [2024-04-09T18:50:59.555+0000] {dag.py:3096} INFO - Sync 1 DAGs
[2024-04-09T18:50:59.602+0000] {logging_mixin.py:188} INFO - [2024-04-09T18:50:59.601+0000] {dag.py:3118} INFO - Creating ORM DAG for example_display_name
[2024-04-09T18:50:59.603+0000] {logging_mixin.py:188} INFO - [2024-04-09T18:50:59.603+0000] {dag.py:3954} INFO - Setting next_dagrun for example_display_name to None, run_after=None
[2024-04-09T18:50:59.640+0000] {processor.py:183} INFO - Processing /home/airflow/.local/lib/python3.12/site-packages/airflow/example_dags/example_display_name.py took 0.389 seconds
[2024-04-09T18:51:30.241+0000] {processor.py:161} INFO - Started process (PID=601) to work on /home/airflow/.local/lib/python3.12/site-packages/airflow/example_dags/example_display_name.py
[2024-04-09T18:51:30.242+0000] {processor.py:830} INFO - Processing file /home/airflow/.local/lib/python3.12/site-packages/airflow/example_dags/example_display_name.py for tasks to queue
[2024-04-09T18:51:30.244+0000] {logging_mixin.py:188} INFO - [2024-04-09T18:51:30.244+0000] {dagbag.py:540} INFO - Filling up the DagBag from /home/airflow/.local/lib/python3.12/site-packages/airflow/example_dags/example_display_name.py
[2024-04-09T18:51:30.251+0000] {processor.py:840} INFO - DAG(s) 'example_display_name' retrieved from /home/airflow/.local/lib/python3.12/site-packages/airflow/example_dags/example_display_name.py
[2024-04-09T18:51:30.272+0000] {logging_mixin.py:188} INFO - [2024-04-09T18:51:30.272+0000] {dag.py:3096} INFO - Sync 1 DAGs
[2024-04-09T18:51:30.287+0000] {logging_mixin.py:188} INFO - [2024-04-09T18:51:30.286+0000] {dag.py:3954} INFO - Setting next_dagrun for example_display_name to None, run_after=None
[2024-04-09T18:51:30.317+0000] {processor.py:183} INFO - Processing /home/airflow/.local/lib/python3.12/site-packages/airflow/example_dags/example_display_name.py took 0.083 seconds
[2024-04-09T18:52:37.813+0000] {processor.py:161} INFO - Started process (PID=338) to work on /home/airflow/.local/lib/python3.12/site-packages/airflow/example_dags/example_display_name.py
[2024-04-09T18:52:37.818+0000] {processor.py:830} INFO - Processing file /home/airflow/.local/lib/python3.12/site-packages/airflow/example_dags/example_display_name.py for tasks to queue
[2024-04-09T18:52:37.820+0000] {logging_mixin.py:188} INFO - [2024-04-09T18:52:37.820+0000] {dagbag.py:540} INFO - Filling up the DagBag from /home/airflow/.local/lib/python3.12/site-packages/airflow/example_dags/example_display_name.py
[2024-04-09T18:52:37.837+0000] {processor.py:840} INFO - DAG(s) 'example_display_name' retrieved from /home/airflow/.local/lib/python3.12/site-packages/airflow/example_dags/example_display_name.py
[2024-04-09T18:52:38.164+0000] {logging_mixin.py:188} INFO - [2024-04-09T18:52:38.163+0000] {dag.py:3096} INFO - Sync 1 DAGs
[2024-04-09T18:52:38.205+0000] {logging_mixin.py:188} INFO - [2024-04-09T18:52:38.198+0000] {dag.py:3954} INFO - Setting next_dagrun for example_display_name to None, run_after=None
[2024-04-09T18:52:38.274+0000] {processor.py:183} INFO - Processing /home/airflow/.local/lib/python3.12/site-packages/airflow/example_dags/example_display_name.py took 0.469 seconds
[2024-04-09T18:53:08.653+0000] {processor.py:161} INFO - Started process (PID=600) to work on /home/airflow/.local/lib/python3.12/site-packages/airflow/example_dags/example_display_name.py
[2024-04-09T18:53:08.655+0000] {processor.py:830} INFO - Processing file /home/airflow/.local/lib/python3.12/site-packages/airflow/example_dags/example_display_name.py for tasks to queue
[2024-04-09T18:53:08.657+0000] {logging_mixin.py:188} INFO - [2024-04-09T18:53:08.657+0000] {dagbag.py:540} INFO - Filling up the DagBag from /home/airflow/.local/lib/python3.12/site-packages/airflow/example_dags/example_display_name.py
[2024-04-09T18:53:08.664+0000] {processor.py:840} INFO - DAG(s) 'example_display_name' retrieved from /home/airflow/.local/lib/python3.12/site-packages/airflow/example_dags/example_display_name.py
[2024-04-09T18:53:08.694+0000] {logging_mixin.py:188} INFO - [2024-04-09T18:53:08.693+0000] {dag.py:3096} INFO - Sync 1 DAGs
[2024-04-09T18:53:08.710+0000] {logging_mixin.py:188} INFO - [2024-04-09T18:53:08.710+0000] {dag.py:3954} INFO - Setting next_dagrun for example_display_name to None, run_after=None
[2024-04-09T18:53:08.759+0000] {processor.py:183} INFO - Processing /home/airflow/.local/lib/python3.12/site-packages/airflow/example_dags/example_display_name.py took 0.116 seconds
[2024-04-09T18:53:39.070+0000] {processor.py:161} INFO - Started process (PID=862) to work on /home/airflow/.local/lib/python3.12/site-packages/airflow/example_dags/example_display_name.py
[2024-04-09T18:53:39.071+0000] {processor.py:830} INFO - Processing file /home/airflow/.local/lib/python3.12/site-packages/airflow/example_dags/example_display_name.py for tasks to queue
[2024-04-09T18:53:39.073+0000] {logging_mixin.py:188} INFO - [2024-04-09T18:53:39.073+0000] {dagbag.py:540} INFO - Filling up the DagBag from /home/airflow/.local/lib/python3.12/site-packages/airflow/example_dags/example_display_name.py
[2024-04-09T18:53:39.079+0000] {processor.py:840} INFO - DAG(s) 'example_display_name' retrieved from /home/airflow/.local/lib/python3.12/site-packages/airflow/example_dags/example_display_name.py
[2024-04-09T18:53:39.099+0000] {logging_mixin.py:188} INFO - [2024-04-09T18:53:39.099+0000] {dag.py:3096} INFO - Sync 1 DAGs
[2024-04-09T18:53:39.129+0000] {logging_mixin.py:188} INFO - [2024-04-09T18:53:39.129+0000] {dag.py:3954} INFO - Setting next_dagrun for example_display_name to None, run_after=None
[2024-04-09T18:53:39.166+0000] {processor.py:183} INFO - Processing /home/airflow/.local/lib/python3.12/site-packages/airflow/example_dags/example_display_name.py took 0.102 seconds
[2024-04-09T18:54:09.258+0000] {processor.py:161} INFO - Started process (PID=1126) to work on /home/airflow/.local/lib/python3.12/site-packages/airflow/example_dags/example_display_name.py
[2024-04-09T18:54:09.259+0000] {processor.py:830} INFO - Processing file /home/airflow/.local/lib/python3.12/site-packages/airflow/example_dags/example_display_name.py for tasks to queue
[2024-04-09T18:54:09.260+0000] {logging_mixin.py:188} INFO - [2024-04-09T18:54:09.260+0000] {dagbag.py:540} INFO - Filling up the DagBag from /home/airflow/.local/lib/python3.12/site-packages/airflow/example_dags/example_display_name.py
[2024-04-09T18:54:09.265+0000] {processor.py:840} INFO - DAG(s) 'example_display_name' retrieved from /home/airflow/.local/lib/python3.12/site-packages/airflow/example_dags/example_display_name.py
[2024-04-09T18:54:09.283+0000] {logging_mixin.py:188} INFO - [2024-04-09T18:54:09.283+0000] {dag.py:3096} INFO - Sync 1 DAGs
[2024-04-09T18:54:09.298+0000] {logging_mixin.py:188} INFO - [2024-04-09T18:54:09.297+0000] {dag.py:3954} INFO - Setting next_dagrun for example_display_name to None, run_after=None
[2024-04-09T18:54:09.321+0000] {processor.py:183} INFO - Processing /home/airflow/.local/lib/python3.12/site-packages/airflow/example_dags/example_display_name.py took 0.069 seconds
[2024-04-09T18:54:39.593+0000] {processor.py:161} INFO - Started process (PID=1386) to work on /home/airflow/.local/lib/python3.12/site-packages/airflow/example_dags/example_display_name.py
[2024-04-09T18:54:39.594+0000] {processor.py:830} INFO - Processing file /home/airflow/.local/lib/python3.12/site-packages/airflow/example_dags/example_display_name.py for tasks to queue
[2024-04-09T18:54:39.596+0000] {logging_mixin.py:188} INFO - [2024-04-09T18:54:39.596+0000] {dagbag.py:540} INFO - Filling up the DagBag from /home/airflow/.local/lib/python3.12/site-packages/airflow/example_dags/example_display_name.py
[2024-04-09T18:54:39.602+0000] {processor.py:840} INFO - DAG(s) 'example_display_name' retrieved from /home/airflow/.local/lib/python3.12/site-packages/airflow/example_dags/example_display_name.py
[2024-04-09T18:54:39.629+0000] {logging_mixin.py:188} INFO - [2024-04-09T18:54:39.629+0000] {dag.py:3096} INFO - Sync 1 DAGs
[2024-04-09T18:54:39.645+0000] {logging_mixin.py:188} INFO - [2024-04-09T18:54:39.645+0000] {dag.py:3954} INFO - Setting next_dagrun for example_display_name to None, run_after=None
[2024-04-09T18:54:39.669+0000] {processor.py:183} INFO - Processing /home/airflow/.local/lib/python3.12/site-packages/airflow/example_dags/example_display_name.py took 0.088 seconds
[2024-04-09T18:55:10.199+0000] {processor.py:161} INFO - Started process (PID=1648) to work on /home/airflow/.local/lib/python3.12/site-packages/airflow/example_dags/example_display_name.py
[2024-04-09T18:55:10.204+0000] {processor.py:830} INFO - Processing file /home/airflow/.local/lib/python3.12/site-packages/airflow/example_dags/example_display_name.py for tasks to queue
[2024-04-09T18:55:10.206+0000] {logging_mixin.py:188} INFO - [2024-04-09T18:55:10.206+0000] {dagbag.py:540} INFO - Filling up the DagBag from /home/airflow/.local/lib/python3.12/site-packages/airflow/example_dags/example_display_name.py
[2024-04-09T18:55:10.214+0000] {processor.py:840} INFO - DAG(s) 'example_display_name' retrieved from /home/airflow/.local/lib/python3.12/site-packages/airflow/example_dags/example_display_name.py
[2024-04-09T18:55:10.305+0000] {logging_mixin.py:188} INFO - [2024-04-09T18:55:10.305+0000] {dag.py:3096} INFO - Sync 1 DAGs
[2024-04-09T18:55:10.362+0000] {logging_mixin.py:188} INFO - [2024-04-09T18:55:10.362+0000] {dag.py:3954} INFO - Setting next_dagrun for example_display_name to None, run_after=None
[2024-04-09T18:55:10.400+0000] {processor.py:183} INFO - Processing /home/airflow/.local/lib/python3.12/site-packages/airflow/example_dags/example_display_name.py took 0.208 seconds
[2024-04-09T18:55:40.788+0000] {processor.py:161} INFO - Started process (PID=1911) to work on /home/airflow/.local/lib/python3.12/site-packages/airflow/example_dags/example_display_name.py
[2024-04-09T18:55:40.789+0000] {processor.py:830} INFO - Processing file /home/airflow/.local/lib/python3.12/site-packages/airflow/example_dags/example_display_name.py for tasks to queue
[2024-04-09T18:55:40.791+0000] {logging_mixin.py:188} INFO - [2024-04-09T18:55:40.791+0000] {dagbag.py:540} INFO - Filling up the DagBag from /home/airflow/.local/lib/python3.12/site-packages/airflow/example_dags/example_display_name.py
[2024-04-09T18:55:40.797+0000] {processor.py:840} INFO - DAG(s) 'example_display_name' retrieved from /home/airflow/.local/lib/python3.12/site-packages/airflow/example_dags/example_display_name.py
[2024-04-09T18:55:40.818+0000] {logging_mixin.py:188} INFO - [2024-04-09T18:55:40.817+0000] {dag.py:3096} INFO - Sync 1 DAGs
[2024-04-09T18:55:40.835+0000] {logging_mixin.py:188} INFO - [2024-04-09T18:55:40.834+0000] {dag.py:3954} INFO - Setting next_dagrun for example_display_name to None, run_after=None
[2024-04-09T18:55:40.871+0000] {processor.py:183} INFO - Processing /home/airflow/.local/lib/python3.12/site-packages/airflow/example_dags/example_display_name.py took 0.091 seconds
[2024-04-09T18:56:11.282+0000] {processor.py:161} INFO - Started process (PID=2173) to work on /home/airflow/.local/lib/python3.12/site-packages/airflow/example_dags/example_display_name.py
[2024-04-09T18:56:11.286+0000] {processor.py:830} INFO - Processing file /home/airflow/.local/lib/python3.12/site-packages/airflow/example_dags/example_display_name.py for tasks to queue
[2024-04-09T18:56:11.290+0000] {logging_mixin.py:188} INFO - [2024-04-09T18:56:11.290+0000] {dagbag.py:540} INFO - Filling up the DagBag from /home/airflow/.local/lib/python3.12/site-packages/airflow/example_dags/example_display_name.py
[2024-04-09T18:56:11.298+0000] {processor.py:840} INFO - DAG(s) 'example_display_name' retrieved from /home/airflow/.local/lib/python3.12/site-packages/airflow/example_dags/example_display_name.py
[2024-04-09T18:56:11.320+0000] {logging_mixin.py:188} INFO - [2024-04-09T18:56:11.320+0000] {dag.py:3096} INFO - Sync 1 DAGs
[2024-04-09T18:56:11.337+0000] {logging_mixin.py:188} INFO - [2024-04-09T18:56:11.336+0000] {dag.py:3954} INFO - Setting next_dagrun for example_display_name to None, run_after=None
[2024-04-09T18:56:11.363+0000] {processor.py:183} INFO - Processing /home/airflow/.local/lib/python3.12/site-packages/airflow/example_dags/example_display_name.py took 0.091 seconds
[2024-04-09T18:56:41.987+0000] {processor.py:161} INFO - Started process (PID=2435) to work on /home/airflow/.local/lib/python3.12/site-packages/airflow/example_dags/example_display_name.py
[2024-04-09T18:56:41.988+0000] {processor.py:830} INFO - Processing file /home/airflow/.local/lib/python3.12/site-packages/airflow/example_dags/example_display_name.py for tasks to queue
[2024-04-09T18:56:41.990+0000] {logging_mixin.py:188} INFO - [2024-04-09T18:56:41.990+0000] {dagbag.py:540} INFO - Filling up the DagBag from /home/airflow/.local/lib/python3.12/site-packages/airflow/example_dags/example_display_name.py
[2024-04-09T18:56:41.997+0000] {processor.py:840} INFO - DAG(s) 'example_display_name' retrieved from /home/airflow/.local/lib/python3.12/site-packages/airflow/example_dags/example_display_name.py
[2024-04-09T18:56:42.017+0000] {logging_mixin.py:188} INFO - [2024-04-09T18:56:42.017+0000] {dag.py:3096} INFO - Sync 1 DAGs
[2024-04-09T18:56:42.034+0000] {logging_mixin.py:188} INFO - [2024-04-09T18:56:42.033+0000] {dag.py:3954} INFO - Setting next_dagrun for example_display_name to None, run_after=None
[2024-04-09T18:56:42.059+0000] {processor.py:183} INFO - Processing /home/airflow/.local/lib/python3.12/site-packages/airflow/example_dags/example_display_name.py took 0.079 seconds
[2024-04-09T18:57:12.481+0000] {processor.py:161} INFO - Started process (PID=2699) to work on /home/airflow/.local/lib/python3.12/site-packages/airflow/example_dags/example_display_name.py
[2024-04-09T18:57:12.483+0000] {processor.py:830} INFO - Processing file /home/airflow/.local/lib/python3.12/site-packages/airflow/example_dags/example_display_name.py for tasks to queue
[2024-04-09T18:57:12.484+0000] {logging_mixin.py:188} INFO - [2024-04-09T18:57:12.484+0000] {dagbag.py:540} INFO - Filling up the DagBag from /home/airflow/.local/lib/python3.12/site-packages/airflow/example_dags/example_display_name.py
[2024-04-09T18:57:12.490+0000] {processor.py:840} INFO - DAG(s) 'example_display_name' retrieved from /home/airflow/.local/lib/python3.12/site-packages/airflow/example_dags/example_display_name.py
[2024-04-09T18:57:12.512+0000] {logging_mixin.py:188} INFO - [2024-04-09T18:57:12.512+0000] {dag.py:3096} INFO - Sync 1 DAGs
[2024-04-09T18:57:12.529+0000] {logging_mixin.py:188} INFO - [2024-04-09T18:57:12.529+0000] {dag.py:3954} INFO - Setting next_dagrun for example_display_name to None, run_after=None
[2024-04-09T18:57:12.553+0000] {processor.py:183} INFO - Processing /home/airflow/.local/lib/python3.12/site-packages/airflow/example_dags/example_display_name.py took 0.078 seconds
[2024-04-09T18:57:43.024+0000] {processor.py:161} INFO - Started process (PID=2969) to work on /home/airflow/.local/lib/python3.12/site-packages/airflow/example_dags/example_display_name.py
[2024-04-09T18:57:43.025+0000] {processor.py:830} INFO - Processing file /home/airflow/.local/lib/python3.12/site-packages/airflow/example_dags/example_display_name.py for tasks to queue
[2024-04-09T18:57:43.027+0000] {logging_mixin.py:188} INFO - [2024-04-09T18:57:43.026+0000] {dagbag.py:540} INFO - Filling up the DagBag from /home/airflow/.local/lib/python3.12/site-packages/airflow/example_dags/example_display_name.py
[2024-04-09T18:57:43.033+0000] {processor.py:840} INFO - DAG(s) 'example_display_name' retrieved from /home/airflow/.local/lib/python3.12/site-packages/airflow/example_dags/example_display_name.py
[2024-04-09T18:57:43.055+0000] {logging_mixin.py:188} INFO - [2024-04-09T18:57:43.055+0000] {dag.py:3096} INFO - Sync 1 DAGs
[2024-04-09T18:57:43.072+0000] {logging_mixin.py:188} INFO - [2024-04-09T18:57:43.071+0000] {dag.py:3954} INFO - Setting next_dagrun for example_display_name to None, run_after=None
[2024-04-09T18:57:43.097+0000] {processor.py:183} INFO - Processing /home/airflow/.local/lib/python3.12/site-packages/airflow/example_dags/example_display_name.py took 0.079 seconds
[2024-04-09T18:58:13.502+0000] {processor.py:161} INFO - Started process (PID=3244) to work on /home/airflow/.local/lib/python3.12/site-packages/airflow/example_dags/example_display_name.py
[2024-04-09T18:58:13.502+0000] {processor.py:830} INFO - Processing file /home/airflow/.local/lib/python3.12/site-packages/airflow/example_dags/example_display_name.py for tasks to queue
[2024-04-09T18:58:13.504+0000] {logging_mixin.py:188} INFO - [2024-04-09T18:58:13.504+0000] {dagbag.py:540} INFO - Filling up the DagBag from /home/airflow/.local/lib/python3.12/site-packages/airflow/example_dags/example_display_name.py
[2024-04-09T18:58:13.510+0000] {processor.py:840} INFO - DAG(s) 'example_display_name' retrieved from /home/airflow/.local/lib/python3.12/site-packages/airflow/example_dags/example_display_name.py
[2024-04-09T18:58:13.532+0000] {logging_mixin.py:188} INFO - [2024-04-09T18:58:13.532+0000] {dag.py:3096} INFO - Sync 1 DAGs
[2024-04-09T18:58:13.549+0000] {logging_mixin.py:188} INFO - [2024-04-09T18:58:13.549+0000] {dag.py:3954} INFO - Setting next_dagrun for example_display_name to None, run_after=None
[2024-04-09T18:58:13.574+0000] {processor.py:183} INFO - Processing /home/airflow/.local/lib/python3.12/site-packages/airflow/example_dags/example_display_name.py took 0.078 seconds
[2024-04-09T18:58:43.695+0000] {processor.py:161} INFO - Started process (PID=3513) to work on /home/airflow/.local/lib/python3.12/site-packages/airflow/example_dags/example_display_name.py
[2024-04-09T18:58:43.697+0000] {processor.py:830} INFO - Processing file /home/airflow/.local/lib/python3.12/site-packages/airflow/example_dags/example_display_name.py for tasks to queue
[2024-04-09T18:58:43.700+0000] {logging_mixin.py:188} INFO - [2024-04-09T18:58:43.699+0000] {dagbag.py:540} INFO - Filling up the DagBag from /home/airflow/.local/lib/python3.12/site-packages/airflow/example_dags/example_display_name.py
[2024-04-09T18:58:43.706+0000] {processor.py:840} INFO - DAG(s) 'example_display_name' retrieved from /home/airflow/.local/lib/python3.12/site-packages/airflow/example_dags/example_display_name.py
[2024-04-09T18:58:43.729+0000] {logging_mixin.py:188} INFO - [2024-04-09T18:58:43.729+0000] {dag.py:3096} INFO - Sync 1 DAGs
[2024-04-09T18:58:43.745+0000] {logging_mixin.py:188} INFO - [2024-04-09T18:58:43.745+0000] {dag.py:3954} INFO - Setting next_dagrun for example_display_name to None, run_after=None
[2024-04-09T18:58:43.772+0000] {processor.py:183} INFO - Processing /home/airflow/.local/lib/python3.12/site-packages/airflow/example_dags/example_display_name.py took 0.082 seconds
[2024-04-09T18:59:14.033+0000] {processor.py:161} INFO - Started process (PID=3785) to work on /home/airflow/.local/lib/python3.12/site-packages/airflow/example_dags/example_display_name.py
[2024-04-09T18:59:14.035+0000] {processor.py:830} INFO - Processing file /home/airflow/.local/lib/python3.12/site-packages/airflow/example_dags/example_display_name.py for tasks to queue
[2024-04-09T18:59:14.037+0000] {logging_mixin.py:188} INFO - [2024-04-09T18:59:14.036+0000] {dagbag.py:540} INFO - Filling up the DagBag from /home/airflow/.local/lib/python3.12/site-packages/airflow/example_dags/example_display_name.py
[2024-04-09T18:59:14.043+0000] {processor.py:840} INFO - DAG(s) 'example_display_name' retrieved from /home/airflow/.local/lib/python3.12/site-packages/airflow/example_dags/example_display_name.py
[2024-04-09T18:59:14.066+0000] {logging_mixin.py:188} INFO - [2024-04-09T18:59:14.066+0000] {dag.py:3096} INFO - Sync 1 DAGs
[2024-04-09T18:59:14.083+0000] {logging_mixin.py:188} INFO - [2024-04-09T18:59:14.082+0000] {dag.py:3954} INFO - Setting next_dagrun for example_display_name to None, run_after=None
[2024-04-09T18:59:14.107+0000] {processor.py:183} INFO - Processing /home/airflow/.local/lib/python3.12/site-packages/airflow/example_dags/example_display_name.py took 0.080 seconds
[2024-04-09T18:59:44.421+0000] {processor.py:161} INFO - Started process (PID=4059) to work on /home/airflow/.local/lib/python3.12/site-packages/airflow/example_dags/example_display_name.py
[2024-04-09T18:59:44.422+0000] {processor.py:830} INFO - Processing file /home/airflow/.local/lib/python3.12/site-packages/airflow/example_dags/example_display_name.py for tasks to queue
[2024-04-09T18:59:44.424+0000] {logging_mixin.py:188} INFO - [2024-04-09T18:59:44.424+0000] {dagbag.py:540} INFO - Filling up the DagBag from /home/airflow/.local/lib/python3.12/site-packages/airflow/example_dags/example_display_name.py
[2024-04-09T18:59:44.429+0000] {processor.py:840} INFO - DAG(s) 'example_display_name' retrieved from /home/airflow/.local/lib/python3.12/site-packages/airflow/example_dags/example_display_name.py
[2024-04-09T18:59:44.452+0000] {logging_mixin.py:188} INFO - [2024-04-09T18:59:44.452+0000] {dag.py:3096} INFO - Sync 1 DAGs
[2024-04-09T18:59:44.469+0000] {logging_mixin.py:188} INFO - [2024-04-09T18:59:44.469+0000] {dag.py:3954} INFO - Setting next_dagrun for example_display_name to None, run_after=None
[2024-04-09T18:59:44.492+0000] {processor.py:183} INFO - Processing /home/airflow/.local/lib/python3.12/site-packages/airflow/example_dags/example_display_name.py took 0.077 seconds
[2024-04-09T19:00:14.688+0000] {processor.py:161} INFO - Started process (PID=4331) to work on /home/airflow/.local/lib/python3.12/site-packages/airflow/example_dags/example_display_name.py
[2024-04-09T19:00:14.689+0000] {processor.py:830} INFO - Processing file /home/airflow/.local/lib/python3.12/site-packages/airflow/example_dags/example_display_name.py for tasks to queue
[2024-04-09T19:00:14.691+0000] {logging_mixin.py:188} INFO - [2024-04-09T19:00:14.691+0000] {dagbag.py:540} INFO - Filling up the DagBag from /home/airflow/.local/lib/python3.12/site-packages/airflow/example_dags/example_display_name.py
[2024-04-09T19:00:14.697+0000] {processor.py:840} INFO - DAG(s) 'example_display_name' retrieved from /home/airflow/.local/lib/python3.12/site-packages/airflow/example_dags/example_display_name.py
[2024-04-09T19:00:14.720+0000] {logging_mixin.py:188} INFO - [2024-04-09T19:00:14.720+0000] {dag.py:3096} INFO - Sync 1 DAGs
[2024-04-09T19:00:14.737+0000] {logging_mixin.py:188} INFO - [2024-04-09T19:00:14.737+0000] {dag.py:3954} INFO - Setting next_dagrun for example_display_name to None, run_after=None
[2024-04-09T19:00:14.765+0000] {processor.py:183} INFO - Processing /home/airflow/.local/lib/python3.12/site-packages/airflow/example_dags/example_display_name.py took 0.083 seconds
[2024-04-09T19:00:45.534+0000] {processor.py:161} INFO - Started process (PID=4602) to work on /home/airflow/.local/lib/python3.12/site-packages/airflow/example_dags/example_display_name.py
[2024-04-09T19:00:45.535+0000] {processor.py:830} INFO - Processing file /home/airflow/.local/lib/python3.12/site-packages/airflow/example_dags/example_display_name.py for tasks to queue
[2024-04-09T19:00:45.537+0000] {logging_mixin.py:188} INFO - [2024-04-09T19:00:45.536+0000] {dagbag.py:540} INFO - Filling up the DagBag from /home/airflow/.local/lib/python3.12/site-packages/airflow/example_dags/example_display_name.py
[2024-04-09T19:00:45.543+0000] {processor.py:840} INFO - DAG(s) 'example_display_name' retrieved from /home/airflow/.local/lib/python3.12/site-packages/airflow/example_dags/example_display_name.py
[2024-04-09T19:00:45.604+0000] {logging_mixin.py:188} INFO - [2024-04-09T19:00:45.604+0000] {dag.py:3096} INFO - Sync 1 DAGs
[2024-04-09T19:00:45.641+0000] {logging_mixin.py:188} INFO - [2024-04-09T19:00:45.641+0000] {dag.py:3954} INFO - Setting next_dagrun for example_display_name to None, run_after=None
[2024-04-09T19:00:45.666+0000] {processor.py:183} INFO - Processing /home/airflow/.local/lib/python3.12/site-packages/airflow/example_dags/example_display_name.py took 0.139 seconds
[2024-04-09T19:01:16.014+0000] {processor.py:161} INFO - Started process (PID=4874) to work on /home/airflow/.local/lib/python3.12/site-packages/airflow/example_dags/example_display_name.py
[2024-04-09T19:01:16.014+0000] {processor.py:830} INFO - Processing file /home/airflow/.local/lib/python3.12/site-packages/airflow/example_dags/example_display_name.py for tasks to queue
[2024-04-09T19:01:16.016+0000] {logging_mixin.py:188} INFO - [2024-04-09T19:01:16.016+0000] {dagbag.py:540} INFO - Filling up the DagBag from /home/airflow/.local/lib/python3.12/site-packages/airflow/example_dags/example_display_name.py
[2024-04-09T19:01:16.022+0000] {processor.py:840} INFO - DAG(s) 'example_display_name' retrieved from /home/airflow/.local/lib/python3.12/site-packages/airflow/example_dags/example_display_name.py
[2024-04-09T19:01:16.042+0000] {logging_mixin.py:188} INFO - [2024-04-09T19:01:16.042+0000] {dag.py:3096} INFO - Sync 1 DAGs
[2024-04-09T19:01:16.061+0000] {logging_mixin.py:188} INFO - [2024-04-09T19:01:16.061+0000] {dag.py:3954} INFO - Setting next_dagrun for example_display_name to None, run_after=None
[2024-04-09T19:01:16.085+0000] {processor.py:183} INFO - Processing /home/airflow/.local/lib/python3.12/site-packages/airflow/example_dags/example_display_name.py took 0.077 seconds
[2024-04-09T19:01:46.376+0000] {processor.py:161} INFO - Started process (PID=5146) to work on /home/airflow/.local/lib/python3.12/site-packages/airflow/example_dags/example_display_name.py
[2024-04-09T19:01:46.377+0000] {processor.py:830} INFO - Processing file /home/airflow/.local/lib/python3.12/site-packages/airflow/example_dags/example_display_name.py for tasks to queue
[2024-04-09T19:01:46.379+0000] {logging_mixin.py:188} INFO - [2024-04-09T19:01:46.379+0000] {dagbag.py:540} INFO - Filling up the DagBag from /home/airflow/.local/lib/python3.12/site-packages/airflow/example_dags/example_display_name.py
[2024-04-09T19:01:46.385+0000] {processor.py:840} INFO - DAG(s) 'example_display_name' retrieved from /home/airflow/.local/lib/python3.12/site-packages/airflow/example_dags/example_display_name.py
[2024-04-09T19:01:46.405+0000] {logging_mixin.py:188} INFO - [2024-04-09T19:01:46.405+0000] {dag.py:3096} INFO - Sync 1 DAGs
[2024-04-09T19:01:46.422+0000] {logging_mixin.py:188} INFO - [2024-04-09T19:01:46.422+0000] {dag.py:3954} INFO - Setting next_dagrun for example_display_name to None, run_after=None
[2024-04-09T19:01:46.448+0000] {processor.py:183} INFO - Processing /home/airflow/.local/lib/python3.12/site-packages/airflow/example_dags/example_display_name.py took 0.079 seconds
[2024-04-09T19:02:17.338+0000] {processor.py:161} INFO - Started process (PID=5418) to work on /home/airflow/.local/lib/python3.12/site-packages/airflow/example_dags/example_display_name.py
[2024-04-09T19:02:17.339+0000] {processor.py:830} INFO - Processing file /home/airflow/.local/lib/python3.12/site-packages/airflow/example_dags/example_display_name.py for tasks to queue
[2024-04-09T19:02:17.341+0000] {logging_mixin.py:188} INFO - [2024-04-09T19:02:17.341+0000] {dagbag.py:540} INFO - Filling up the DagBag from /home/airflow/.local/lib/python3.12/site-packages/airflow/example_dags/example_display_name.py
[2024-04-09T19:02:17.347+0000] {processor.py:840} INFO - DAG(s) 'example_display_name' retrieved from /home/airflow/.local/lib/python3.12/site-packages/airflow/example_dags/example_display_name.py
[2024-04-09T19:02:17.367+0000] {logging_mixin.py:188} INFO - [2024-04-09T19:02:17.367+0000] {dag.py:3096} INFO - Sync 1 DAGs
[2024-04-09T19:02:17.383+0000] {logging_mixin.py:188} INFO - [2024-04-09T19:02:17.382+0000] {dag.py:3954} INFO - Setting next_dagrun for example_display_name to None, run_after=None
[2024-04-09T19:02:17.407+0000] {processor.py:183} INFO - Processing /home/airflow/.local/lib/python3.12/site-packages/airflow/example_dags/example_display_name.py took 0.077 seconds
[2024-04-09T19:02:47.746+0000] {processor.py:161} INFO - Started process (PID=5690) to work on /home/airflow/.local/lib/python3.12/site-packages/airflow/example_dags/example_display_name.py
[2024-04-09T19:02:47.747+0000] {processor.py:830} INFO - Processing file /home/airflow/.local/lib/python3.12/site-packages/airflow/example_dags/example_display_name.py for tasks to queue
[2024-04-09T19:02:47.749+0000] {logging_mixin.py:188} INFO - [2024-04-09T19:02:47.749+0000] {dagbag.py:540} INFO - Filling up the DagBag from /home/airflow/.local/lib/python3.12/site-packages/airflow/example_dags/example_display_name.py
[2024-04-09T19:02:47.755+0000] {processor.py:840} INFO - DAG(s) 'example_display_name' retrieved from /home/airflow/.local/lib/python3.12/site-packages/airflow/example_dags/example_display_name.py
[2024-04-09T19:02:47.776+0000] {logging_mixin.py:188} INFO - [2024-04-09T19:02:47.776+0000] {dag.py:3096} INFO - Sync 1 DAGs
[2024-04-09T19:02:47.792+0000] {logging_mixin.py:188} INFO - [2024-04-09T19:02:47.792+0000] {dag.py:3954} INFO - Setting next_dagrun for example_display_name to None, run_after=None
[2024-04-09T19:02:47.822+0000] {processor.py:183} INFO - Processing /home/airflow/.local/lib/python3.12/site-packages/airflow/example_dags/example_display_name.py took 0.082 seconds
[2024-04-09T19:03:18.073+0000] {processor.py:161} INFO - Started process (PID=5964) to work on /home/airflow/.local/lib/python3.12/site-packages/airflow/example_dags/example_display_name.py
[2024-04-09T19:03:18.073+0000] {processor.py:830} INFO - Processing file /home/airflow/.local/lib/python3.12/site-packages/airflow/example_dags/example_display_name.py for tasks to queue
[2024-04-09T19:03:18.075+0000] {logging_mixin.py:188} INFO - [2024-04-09T19:03:18.074+0000] {dagbag.py:540} INFO - Filling up the DagBag from /home/airflow/.local/lib/python3.12/site-packages/airflow/example_dags/example_display_name.py
[2024-04-09T19:03:18.079+0000] {processor.py:840} INFO - DAG(s) 'example_display_name' retrieved from /home/airflow/.local/lib/python3.12/site-packages/airflow/example_dags/example_display_name.py
[2024-04-09T19:03:18.097+0000] {logging_mixin.py:188} INFO - [2024-04-09T19:03:18.097+0000] {dag.py:3096} INFO - Sync 1 DAGs
[2024-04-09T19:03:18.109+0000] {logging_mixin.py:188} INFO - [2024-04-09T19:03:18.109+0000] {dag.py:3954} INFO - Setting next_dagrun for example_display_name to None, run_after=None
[2024-04-09T19:03:18.130+0000] {processor.py:183} INFO - Processing /home/airflow/.local/lib/python3.12/site-packages/airflow/example_dags/example_display_name.py took 0.062 seconds
[2024-04-09T19:03:49.022+0000] {processor.py:161} INFO - Started process (PID=6235) to work on /home/airflow/.local/lib/python3.12/site-packages/airflow/example_dags/example_display_name.py
[2024-04-09T19:03:49.023+0000] {processor.py:830} INFO - Processing file /home/airflow/.local/lib/python3.12/site-packages/airflow/example_dags/example_display_name.py for tasks to queue
[2024-04-09T19:03:49.025+0000] {logging_mixin.py:188} INFO - [2024-04-09T19:03:49.025+0000] {dagbag.py:540} INFO - Filling up the DagBag from /home/airflow/.local/lib/python3.12/site-packages/airflow/example_dags/example_display_name.py
[2024-04-09T19:03:49.031+0000] {processor.py:840} INFO - DAG(s) 'example_display_name' retrieved from /home/airflow/.local/lib/python3.12/site-packages/airflow/example_dags/example_display_name.py
[2024-04-09T19:03:49.052+0000] {logging_mixin.py:188} INFO - [2024-04-09T19:03:49.051+0000] {dag.py:3096} INFO - Sync 1 DAGs
[2024-04-09T19:03:49.068+0000] {logging_mixin.py:188} INFO - [2024-04-09T19:03:49.068+0000] {dag.py:3954} INFO - Setting next_dagrun for example_display_name to None, run_after=None
[2024-04-09T19:03:49.092+0000] {processor.py:183} INFO - Processing /home/airflow/.local/lib/python3.12/site-packages/airflow/example_dags/example_display_name.py took 0.077 seconds
[2024-04-09T19:04:20.045+0000] {processor.py:161} INFO - Started process (PID=6510) to work on /home/airflow/.local/lib/python3.12/site-packages/airflow/example_dags/example_display_name.py
[2024-04-09T19:04:20.046+0000] {processor.py:830} INFO - Processing file /home/airflow/.local/lib/python3.12/site-packages/airflow/example_dags/example_display_name.py for tasks to queue
[2024-04-09T19:04:20.047+0000] {logging_mixin.py:188} INFO - [2024-04-09T19:04:20.047+0000] {dagbag.py:540} INFO - Filling up the DagBag from /home/airflow/.local/lib/python3.12/site-packages/airflow/example_dags/example_display_name.py
[2024-04-09T19:04:20.052+0000] {processor.py:840} INFO - DAG(s) 'example_display_name' retrieved from /home/airflow/.local/lib/python3.12/site-packages/airflow/example_dags/example_display_name.py
[2024-04-09T19:04:20.067+0000] {logging_mixin.py:188} INFO - [2024-04-09T19:04:20.067+0000] {dag.py:3096} INFO - Sync 1 DAGs
[2024-04-09T19:04:20.078+0000] {logging_mixin.py:188} INFO - [2024-04-09T19:04:20.078+0000] {dag.py:3954} INFO - Setting next_dagrun for example_display_name to None, run_after=None
[2024-04-09T19:04:20.097+0000] {processor.py:183} INFO - Processing /home/airflow/.local/lib/python3.12/site-packages/airflow/example_dags/example_display_name.py took 0.057 seconds
[2024-04-09T19:04:50.478+0000] {processor.py:161} INFO - Started process (PID=6781) to work on /home/airflow/.local/lib/python3.12/site-packages/airflow/example_dags/example_display_name.py
[2024-04-09T19:04:50.479+0000] {processor.py:830} INFO - Processing file /home/airflow/.local/lib/python3.12/site-packages/airflow/example_dags/example_display_name.py for tasks to queue
[2024-04-09T19:04:50.481+0000] {logging_mixin.py:188} INFO - [2024-04-09T19:04:50.481+0000] {dagbag.py:540} INFO - Filling up the DagBag from /home/airflow/.local/lib/python3.12/site-packages/airflow/example_dags/example_display_name.py
[2024-04-09T19:04:50.486+0000] {processor.py:840} INFO - DAG(s) 'example_display_name' retrieved from /home/airflow/.local/lib/python3.12/site-packages/airflow/example_dags/example_display_name.py
[2024-04-09T19:04:50.507+0000] {logging_mixin.py:188} INFO - [2024-04-09T19:04:50.507+0000] {dag.py:3096} INFO - Sync 1 DAGs
[2024-04-09T19:04:50.524+0000] {logging_mixin.py:188} INFO - [2024-04-09T19:04:50.524+0000] {dag.py:3954} INFO - Setting next_dagrun for example_display_name to None, run_after=None
[2024-04-09T19:04:50.555+0000] {processor.py:183} INFO - Processing /home/airflow/.local/lib/python3.12/site-packages/airflow/example_dags/example_display_name.py took 0.083 seconds
[2024-04-09T19:05:21.199+0000] {processor.py:161} INFO - Started process (PID=7056) to work on /home/airflow/.local/lib/python3.12/site-packages/airflow/example_dags/example_display_name.py
[2024-04-09T19:05:21.200+0000] {processor.py:830} INFO - Processing file /home/airflow/.local/lib/python3.12/site-packages/airflow/example_dags/example_display_name.py for tasks to queue
[2024-04-09T19:05:21.201+0000] {logging_mixin.py:188} INFO - [2024-04-09T19:05:21.201+0000] {dagbag.py:540} INFO - Filling up the DagBag from /home/airflow/.local/lib/python3.12/site-packages/airflow/example_dags/example_display_name.py
[2024-04-09T19:05:21.205+0000] {processor.py:840} INFO - DAG(s) 'example_display_name' retrieved from /home/airflow/.local/lib/python3.12/site-packages/airflow/example_dags/example_display_name.py
[2024-04-09T19:05:21.221+0000] {logging_mixin.py:188} INFO - [2024-04-09T19:05:21.221+0000] {dag.py:3096} INFO - Sync 1 DAGs
[2024-04-09T19:05:21.232+0000] {logging_mixin.py:188} INFO - [2024-04-09T19:05:21.232+0000] {dag.py:3954} INFO - Setting next_dagrun for example_display_name to None, run_after=None
[2024-04-09T19:05:21.257+0000] {processor.py:183} INFO - Processing /home/airflow/.local/lib/python3.12/site-packages/airflow/example_dags/example_display_name.py took 0.063 seconds
[2024-04-09T19:05:51.495+0000] {processor.py:161} INFO - Started process (PID=7328) to work on /home/airflow/.local/lib/python3.12/site-packages/airflow/example_dags/example_display_name.py
[2024-04-09T19:05:51.496+0000] {processor.py:830} INFO - Processing file /home/airflow/.local/lib/python3.12/site-packages/airflow/example_dags/example_display_name.py for tasks to queue
[2024-04-09T19:05:51.498+0000] {logging_mixin.py:188} INFO - [2024-04-09T19:05:51.497+0000] {dagbag.py:540} INFO - Filling up the DagBag from /home/airflow/.local/lib/python3.12/site-packages/airflow/example_dags/example_display_name.py
[2024-04-09T19:05:51.504+0000] {processor.py:840} INFO - DAG(s) 'example_display_name' retrieved from /home/airflow/.local/lib/python3.12/site-packages/airflow/example_dags/example_display_name.py
[2024-04-09T19:05:51.526+0000] {logging_mixin.py:188} INFO - [2024-04-09T19:05:51.526+0000] {dag.py:3096} INFO - Sync 1 DAGs
[2024-04-09T19:05:51.543+0000] {logging_mixin.py:188} INFO - [2024-04-09T19:05:51.543+0000] {dag.py:3954} INFO - Setting next_dagrun for example_display_name to None, run_after=None
[2024-04-09T19:05:51.566+0000] {processor.py:183} INFO - Processing /home/airflow/.local/lib/python3.12/site-packages/airflow/example_dags/example_display_name.py took 0.082 seconds
[2024-04-09T19:06:22.389+0000] {processor.py:161} INFO - Started process (PID=7598) to work on /home/airflow/.local/lib/python3.12/site-packages/airflow/example_dags/example_display_name.py
[2024-04-09T19:06:22.390+0000] {processor.py:830} INFO - Processing file /home/airflow/.local/lib/python3.12/site-packages/airflow/example_dags/example_display_name.py for tasks to queue
[2024-04-09T19:06:22.392+0000] {logging_mixin.py:188} INFO - [2024-04-09T19:06:22.391+0000] {dagbag.py:540} INFO - Filling up the DagBag from /home/airflow/.local/lib/python3.12/site-packages/airflow/example_dags/example_display_name.py
[2024-04-09T19:06:22.397+0000] {processor.py:840} INFO - DAG(s) 'example_display_name' retrieved from /home/airflow/.local/lib/python3.12/site-packages/airflow/example_dags/example_display_name.py
[2024-04-09T19:06:22.419+0000] {logging_mixin.py:188} INFO - [2024-04-09T19:06:22.418+0000] {dag.py:3096} INFO - Sync 1 DAGs
[2024-04-09T19:06:22.435+0000] {logging_mixin.py:188} INFO - [2024-04-09T19:06:22.434+0000] {dag.py:3954} INFO - Setting next_dagrun for example_display_name to None, run_after=None
[2024-04-09T19:06:22.627+0000] {processor.py:183} INFO - Processing /home/airflow/.local/lib/python3.12/site-packages/airflow/example_dags/example_display_name.py took 0.245 seconds
[2024-04-09T19:06:53.359+0000] {processor.py:161} INFO - Started process (PID=7871) to work on /home/airflow/.local/lib/python3.12/site-packages/airflow/example_dags/example_display_name.py
[2024-04-09T19:06:53.360+0000] {processor.py:830} INFO - Processing file /home/airflow/.local/lib/python3.12/site-packages/airflow/example_dags/example_display_name.py for tasks to queue
[2024-04-09T19:06:53.362+0000] {logging_mixin.py:188} INFO - [2024-04-09T19:06:53.362+0000] {dagbag.py:540} INFO - Filling up the DagBag from /home/airflow/.local/lib/python3.12/site-packages/airflow/example_dags/example_display_name.py
[2024-04-09T19:06:53.367+0000] {processor.py:840} INFO - DAG(s) 'example_display_name' retrieved from /home/airflow/.local/lib/python3.12/site-packages/airflow/example_dags/example_display_name.py
[2024-04-09T19:06:53.387+0000] {logging_mixin.py:188} INFO - [2024-04-09T19:06:53.386+0000] {dag.py:3096} INFO - Sync 1 DAGs
[2024-04-09T19:06:53.401+0000] {logging_mixin.py:188} INFO - [2024-04-09T19:06:53.401+0000] {dag.py:3954} INFO - Setting next_dagrun for example_display_name to None, run_after=None
[2024-04-09T19:06:53.424+0000] {processor.py:183} INFO - Processing /home/airflow/.local/lib/python3.12/site-packages/airflow/example_dags/example_display_name.py took 0.070 seconds
[2024-04-09T19:07:23.553+0000] {processor.py:161} INFO - Started process (PID=8142) to work on /home/airflow/.local/lib/python3.12/site-packages/airflow/example_dags/example_display_name.py
[2024-04-09T19:07:23.554+0000] {processor.py:830} INFO - Processing file /home/airflow/.local/lib/python3.12/site-packages/airflow/example_dags/example_display_name.py for tasks to queue
[2024-04-09T19:07:23.557+0000] {logging_mixin.py:188} INFO - [2024-04-09T19:07:23.557+0000] {dagbag.py:540} INFO - Filling up the DagBag from /home/airflow/.local/lib/python3.12/site-packages/airflow/example_dags/example_display_name.py
[2024-04-09T19:07:23.563+0000] {processor.py:840} INFO - DAG(s) 'example_display_name' retrieved from /home/airflow/.local/lib/python3.12/site-packages/airflow/example_dags/example_display_name.py
[2024-04-09T19:07:23.585+0000] {logging_mixin.py:188} INFO - [2024-04-09T19:07:23.585+0000] {dag.py:3096} INFO - Sync 1 DAGs
[2024-04-09T19:07:23.601+0000] {logging_mixin.py:188} INFO - [2024-04-09T19:07:23.601+0000] {dag.py:3954} INFO - Setting next_dagrun for example_display_name to None, run_after=None
[2024-04-09T19:07:23.627+0000] {processor.py:183} INFO - Processing /home/airflow/.local/lib/python3.12/site-packages/airflow/example_dags/example_display_name.py took 0.082 seconds
[2024-04-09T19:07:54.263+0000] {processor.py:161} INFO - Started process (PID=8414) to work on /home/airflow/.local/lib/python3.12/site-packages/airflow/example_dags/example_display_name.py
[2024-04-09T19:07:54.264+0000] {processor.py:830} INFO - Processing file /home/airflow/.local/lib/python3.12/site-packages/airflow/example_dags/example_display_name.py for tasks to queue
[2024-04-09T19:07:54.265+0000] {logging_mixin.py:188} INFO - [2024-04-09T19:07:54.265+0000] {dagbag.py:540} INFO - Filling up the DagBag from /home/airflow/.local/lib/python3.12/site-packages/airflow/example_dags/example_display_name.py
[2024-04-09T19:07:54.271+0000] {processor.py:840} INFO - DAG(s) 'example_display_name' retrieved from /home/airflow/.local/lib/python3.12/site-packages/airflow/example_dags/example_display_name.py
[2024-04-09T19:07:54.304+0000] {logging_mixin.py:188} INFO - [2024-04-09T19:07:54.303+0000] {dag.py:3096} INFO - Sync 1 DAGs
[2024-04-09T19:07:54.321+0000] {logging_mixin.py:188} INFO - [2024-04-09T19:07:54.321+0000] {dag.py:3954} INFO - Setting next_dagrun for example_display_name to None, run_after=None
[2024-04-09T19:07:54.356+0000] {processor.py:183} INFO - Processing /home/airflow/.local/lib/python3.12/site-packages/airflow/example_dags/example_display_name.py took 0.100 seconds
[2024-04-09T19:08:25.334+0000] {processor.py:161} INFO - Started process (PID=8686) to work on /home/airflow/.local/lib/python3.12/site-packages/airflow/example_dags/example_display_name.py
[2024-04-09T19:08:25.335+0000] {processor.py:830} INFO - Processing file /home/airflow/.local/lib/python3.12/site-packages/airflow/example_dags/example_display_name.py for tasks to queue
[2024-04-09T19:08:25.337+0000] {logging_mixin.py:188} INFO - [2024-04-09T19:08:25.337+0000] {dagbag.py:540} INFO - Filling up the DagBag from /home/airflow/.local/lib/python3.12/site-packages/airflow/example_dags/example_display_name.py
[2024-04-09T19:08:25.343+0000] {processor.py:840} INFO - DAG(s) 'example_display_name' retrieved from /home/airflow/.local/lib/python3.12/site-packages/airflow/example_dags/example_display_name.py
[2024-04-09T19:08:25.365+0000] {logging_mixin.py:188} INFO - [2024-04-09T19:08:25.365+0000] {dag.py:3096} INFO - Sync 1 DAGs
[2024-04-09T19:08:25.378+0000] {logging_mixin.py:188} INFO - [2024-04-09T19:08:25.378+0000] {dag.py:3954} INFO - Setting next_dagrun for example_display_name to None, run_after=None
[2024-04-09T19:08:25.397+0000] {processor.py:183} INFO - Processing /home/airflow/.local/lib/python3.12/site-packages/airflow/example_dags/example_display_name.py took 0.071 seconds
[2024-04-09T19:08:55.640+0000] {processor.py:161} INFO - Started process (PID=8958) to work on /home/airflow/.local/lib/python3.12/site-packages/airflow/example_dags/example_display_name.py
[2024-04-09T19:08:55.641+0000] {processor.py:830} INFO - Processing file /home/airflow/.local/lib/python3.12/site-packages/airflow/example_dags/example_display_name.py for tasks to queue
[2024-04-09T19:08:55.642+0000] {logging_mixin.py:188} INFO - [2024-04-09T19:08:55.642+0000] {dagbag.py:540} INFO - Filling up the DagBag from /home/airflow/.local/lib/python3.12/site-packages/airflow/example_dags/example_display_name.py
[2024-04-09T19:08:55.649+0000] {processor.py:840} INFO - DAG(s) 'example_display_name' retrieved from /home/airflow/.local/lib/python3.12/site-packages/airflow/example_dags/example_display_name.py
[2024-04-09T19:08:55.668+0000] {logging_mixin.py:188} INFO - [2024-04-09T19:08:55.668+0000] {dag.py:3096} INFO - Sync 1 DAGs
[2024-04-09T19:08:55.683+0000] {logging_mixin.py:188} INFO - [2024-04-09T19:08:55.683+0000] {dag.py:3954} INFO - Setting next_dagrun for example_display_name to None, run_after=None
[2024-04-09T19:08:55.716+0000] {processor.py:183} INFO - Processing /home/airflow/.local/lib/python3.12/site-packages/airflow/example_dags/example_display_name.py took 0.083 seconds
[2024-04-09T19:09:26.362+0000] {processor.py:161} INFO - Started process (PID=9231) to work on /home/airflow/.local/lib/python3.12/site-packages/airflow/example_dags/example_display_name.py
[2024-04-09T19:09:26.363+0000] {processor.py:830} INFO - Processing file /home/airflow/.local/lib/python3.12/site-packages/airflow/example_dags/example_display_name.py for tasks to queue
[2024-04-09T19:09:26.365+0000] {logging_mixin.py:188} INFO - [2024-04-09T19:09:26.364+0000] {dagbag.py:540} INFO - Filling up the DagBag from /home/airflow/.local/lib/python3.12/site-packages/airflow/example_dags/example_display_name.py
[2024-04-09T19:09:26.371+0000] {processor.py:840} INFO - DAG(s) 'example_display_name' retrieved from /home/airflow/.local/lib/python3.12/site-packages/airflow/example_dags/example_display_name.py
[2024-04-09T19:09:26.391+0000] {logging_mixin.py:188} INFO - [2024-04-09T19:09:26.391+0000] {dag.py:3096} INFO - Sync 1 DAGs
[2024-04-09T19:09:26.405+0000] {logging_mixin.py:188} INFO - [2024-04-09T19:09:26.405+0000] {dag.py:3954} INFO - Setting next_dagrun for example_display_name to None, run_after=None
[2024-04-09T19:09:26.430+0000] {processor.py:183} INFO - Processing /home/airflow/.local/lib/python3.12/site-packages/airflow/example_dags/example_display_name.py took 0.075 seconds
[2024-04-09T19:09:57.091+0000] {processor.py:161} INFO - Started process (PID=9503) to work on /home/airflow/.local/lib/python3.12/site-packages/airflow/example_dags/example_display_name.py
[2024-04-09T19:09:57.093+0000] {processor.py:830} INFO - Processing file /home/airflow/.local/lib/python3.12/site-packages/airflow/example_dags/example_display_name.py for tasks to queue
[2024-04-09T19:09:57.097+0000] {logging_mixin.py:188} INFO - [2024-04-09T19:09:57.096+0000] {dagbag.py:540} INFO - Filling up the DagBag from /home/airflow/.local/lib/python3.12/site-packages/airflow/example_dags/example_display_name.py
[2024-04-09T19:09:57.110+0000] {processor.py:840} INFO - DAG(s) 'example_display_name' retrieved from /home/airflow/.local/lib/python3.12/site-packages/airflow/example_dags/example_display_name.py
[2024-04-09T19:09:57.152+0000] {logging_mixin.py:188} INFO - [2024-04-09T19:09:57.152+0000] {dag.py:3096} INFO - Sync 1 DAGs
[2024-04-09T19:09:57.169+0000] {logging_mixin.py:188} INFO - [2024-04-09T19:09:57.169+0000] {dag.py:3954} INFO - Setting next_dagrun for example_display_name to None, run_after=None
[2024-04-09T19:09:57.195+0000] {processor.py:183} INFO - Processing /home/airflow/.local/lib/python3.12/site-packages/airflow/example_dags/example_display_name.py took 0.112 seconds
[2024-04-09T19:10:27.535+0000] {processor.py:161} INFO - Started process (PID=9777) to work on /home/airflow/.local/lib/python3.12/site-packages/airflow/example_dags/example_display_name.py
[2024-04-09T19:10:27.536+0000] {processor.py:830} INFO - Processing file /home/airflow/.local/lib/python3.12/site-packages/airflow/example_dags/example_display_name.py for tasks to queue
[2024-04-09T19:10:27.538+0000] {logging_mixin.py:188} INFO - [2024-04-09T19:10:27.537+0000] {dagbag.py:540} INFO - Filling up the DagBag from /home/airflow/.local/lib/python3.12/site-packages/airflow/example_dags/example_display_name.py
[2024-04-09T19:10:27.542+0000] {processor.py:840} INFO - DAG(s) 'example_display_name' retrieved from /home/airflow/.local/lib/python3.12/site-packages/airflow/example_dags/example_display_name.py
[2024-04-09T19:10:27.558+0000] {logging_mixin.py:188} INFO - [2024-04-09T19:10:27.557+0000] {dag.py:3096} INFO - Sync 1 DAGs
[2024-04-09T19:10:27.568+0000] {logging_mixin.py:188} INFO - [2024-04-09T19:10:27.568+0000] {dag.py:3954} INFO - Setting next_dagrun for example_display_name to None, run_after=None
[2024-04-09T19:10:27.589+0000] {processor.py:183} INFO - Processing /home/airflow/.local/lib/python3.12/site-packages/airflow/example_dags/example_display_name.py took 0.063 seconds
[2024-04-09T19:10:58.434+0000] {processor.py:161} INFO - Started process (PID=10049) to work on /home/airflow/.local/lib/python3.12/site-packages/airflow/example_dags/example_display_name.py
[2024-04-09T19:10:58.435+0000] {processor.py:830} INFO - Processing file /home/airflow/.local/lib/python3.12/site-packages/airflow/example_dags/example_display_name.py for tasks to queue
[2024-04-09T19:10:58.438+0000] {logging_mixin.py:188} INFO - [2024-04-09T19:10:58.437+0000] {dagbag.py:540} INFO - Filling up the DagBag from /home/airflow/.local/lib/python3.12/site-packages/airflow/example_dags/example_display_name.py
[2024-04-09T19:10:58.444+0000] {processor.py:840} INFO - DAG(s) 'example_display_name' retrieved from /home/airflow/.local/lib/python3.12/site-packages/airflow/example_dags/example_display_name.py
[2024-04-09T19:10:58.459+0000] {logging_mixin.py:188} INFO - [2024-04-09T19:10:58.459+0000] {dag.py:3096} INFO - Sync 1 DAGs
[2024-04-09T19:10:58.470+0000] {logging_mixin.py:188} INFO - [2024-04-09T19:10:58.470+0000] {dag.py:3954} INFO - Setting next_dagrun for example_display_name to None, run_after=None
[2024-04-09T19:10:58.494+0000] {processor.py:183} INFO - Processing /home/airflow/.local/lib/python3.12/site-packages/airflow/example_dags/example_display_name.py took 0.066 seconds
[2024-04-09T19:11:28.825+0000] {processor.py:161} INFO - Started process (PID=10321) to work on /home/airflow/.local/lib/python3.12/site-packages/airflow/example_dags/example_display_name.py
[2024-04-09T19:11:28.827+0000] {processor.py:830} INFO - Processing file /home/airflow/.local/lib/python3.12/site-packages/airflow/example_dags/example_display_name.py for tasks to queue
[2024-04-09T19:11:28.829+0000] {logging_mixin.py:188} INFO - [2024-04-09T19:11:28.829+0000] {dagbag.py:540} INFO - Filling up the DagBag from /home/airflow/.local/lib/python3.12/site-packages/airflow/example_dags/example_display_name.py
[2024-04-09T19:11:28.835+0000] {processor.py:840} INFO - DAG(s) 'example_display_name' retrieved from /home/airflow/.local/lib/python3.12/site-packages/airflow/example_dags/example_display_name.py
[2024-04-09T19:11:28.853+0000] {logging_mixin.py:188} INFO - [2024-04-09T19:11:28.853+0000] {dag.py:3096} INFO - Sync 1 DAGs
[2024-04-09T19:11:28.864+0000] {logging_mixin.py:188} INFO - [2024-04-09T19:11:28.864+0000] {dag.py:3954} INFO - Setting next_dagrun for example_display_name to None, run_after=None
[2024-04-09T19:11:28.886+0000] {processor.py:183} INFO - Processing /home/airflow/.local/lib/python3.12/site-packages/airflow/example_dags/example_display_name.py took 0.068 seconds
[2024-04-09T19:11:59.515+0000] {processor.py:161} INFO - Started process (PID=10594) to work on /home/airflow/.local/lib/python3.12/site-packages/airflow/example_dags/example_display_name.py
[2024-04-09T19:11:59.517+0000] {processor.py:830} INFO - Processing file /home/airflow/.local/lib/python3.12/site-packages/airflow/example_dags/example_display_name.py for tasks to queue
[2024-04-09T19:11:59.519+0000] {logging_mixin.py:188} INFO - [2024-04-09T19:11:59.519+0000] {dagbag.py:540} INFO - Filling up the DagBag from /home/airflow/.local/lib/python3.12/site-packages/airflow/example_dags/example_display_name.py
[2024-04-09T19:11:59.525+0000] {processor.py:840} INFO - DAG(s) 'example_display_name' retrieved from /home/airflow/.local/lib/python3.12/site-packages/airflow/example_dags/example_display_name.py
[2024-04-09T19:11:59.543+0000] {logging_mixin.py:188} INFO - [2024-04-09T19:11:59.543+0000] {dag.py:3096} INFO - Sync 1 DAGs
[2024-04-09T19:11:59.553+0000] {logging_mixin.py:188} INFO - [2024-04-09T19:11:59.553+0000] {dag.py:3954} INFO - Setting next_dagrun for example_display_name to None, run_after=None
[2024-04-09T19:11:59.579+0000] {processor.py:183} INFO - Processing /home/airflow/.local/lib/python3.12/site-packages/airflow/example_dags/example_display_name.py took 0.072 seconds
[2024-04-09T19:12:30.171+0000] {processor.py:161} INFO - Started process (PID=10866) to work on /home/airflow/.local/lib/python3.12/site-packages/airflow/example_dags/example_display_name.py
[2024-04-09T19:12:30.174+0000] {processor.py:830} INFO - Processing file /home/airflow/.local/lib/python3.12/site-packages/airflow/example_dags/example_display_name.py for tasks to queue
[2024-04-09T19:12:30.176+0000] {logging_mixin.py:188} INFO - [2024-04-09T19:12:30.176+0000] {dagbag.py:540} INFO - Filling up the DagBag from /home/airflow/.local/lib/python3.12/site-packages/airflow/example_dags/example_display_name.py
[2024-04-09T19:12:30.182+0000] {processor.py:840} INFO - DAG(s) 'example_display_name' retrieved from /home/airflow/.local/lib/python3.12/site-packages/airflow/example_dags/example_display_name.py
[2024-04-09T19:12:30.200+0000] {logging_mixin.py:188} INFO - [2024-04-09T19:12:30.200+0000] {dag.py:3096} INFO - Sync 1 DAGs
[2024-04-09T19:12:30.211+0000] {logging_mixin.py:188} INFO - [2024-04-09T19:12:30.211+0000] {dag.py:3954} INFO - Setting next_dagrun for example_display_name to None, run_after=None
[2024-04-09T19:12:30.230+0000] {processor.py:183} INFO - Processing /home/airflow/.local/lib/python3.12/site-packages/airflow/example_dags/example_display_name.py took 0.072 seconds
[2024-04-09T19:13:01.131+0000] {processor.py:161} INFO - Started process (PID=11139) to work on /home/airflow/.local/lib/python3.12/site-packages/airflow/example_dags/example_display_name.py
[2024-04-09T19:13:01.132+0000] {processor.py:830} INFO - Processing file /home/airflow/.local/lib/python3.12/site-packages/airflow/example_dags/example_display_name.py for tasks to queue
[2024-04-09T19:13:01.138+0000] {logging_mixin.py:188} INFO - [2024-04-09T19:13:01.138+0000] {dagbag.py:540} INFO - Filling up the DagBag from /home/airflow/.local/lib/python3.12/site-packages/airflow/example_dags/example_display_name.py
[2024-04-09T19:13:01.150+0000] {processor.py:840} INFO - DAG(s) 'example_display_name' retrieved from /home/airflow/.local/lib/python3.12/site-packages/airflow/example_dags/example_display_name.py
[2024-04-09T19:13:01.181+0000] {logging_mixin.py:188} INFO - [2024-04-09T19:13:01.180+0000] {dag.py:3096} INFO - Sync 1 DAGs
[2024-04-09T19:13:01.200+0000] {logging_mixin.py:188} INFO - [2024-04-09T19:13:01.200+0000] {dag.py:3954} INFO - Setting next_dagrun for example_display_name to None, run_after=None
[2024-04-09T19:13:01.224+0000] {processor.py:183} INFO - Processing /home/airflow/.local/lib/python3.12/site-packages/airflow/example_dags/example_display_name.py took 0.108 seconds
[2024-04-09T19:13:32.252+0000] {processor.py:161} INFO - Started process (PID=11411) to work on /home/airflow/.local/lib/python3.12/site-packages/airflow/example_dags/example_display_name.py
[2024-04-09T19:13:32.253+0000] {processor.py:830} INFO - Processing file /home/airflow/.local/lib/python3.12/site-packages/airflow/example_dags/example_display_name.py for tasks to queue
[2024-04-09T19:13:32.255+0000] {logging_mixin.py:188} INFO - [2024-04-09T19:13:32.255+0000] {dagbag.py:540} INFO - Filling up the DagBag from /home/airflow/.local/lib/python3.12/site-packages/airflow/example_dags/example_display_name.py
[2024-04-09T19:13:32.262+0000] {processor.py:840} INFO - DAG(s) 'example_display_name' retrieved from /home/airflow/.local/lib/python3.12/site-packages/airflow/example_dags/example_display_name.py
[2024-04-09T19:13:32.282+0000] {logging_mixin.py:188} INFO - [2024-04-09T19:13:32.282+0000] {dag.py:3096} INFO - Sync 1 DAGs
[2024-04-09T19:13:32.301+0000] {logging_mixin.py:188} INFO - [2024-04-09T19:13:32.301+0000] {dag.py:3954} INFO - Setting next_dagrun for example_display_name to None, run_after=None
[2024-04-09T19:13:32.355+0000] {processor.py:183} INFO - Processing /home/airflow/.local/lib/python3.12/site-packages/airflow/example_dags/example_display_name.py took 0.109 seconds
[2024-04-09T19:14:03.511+0000] {processor.py:161} INFO - Started process (PID=11684) to work on /home/airflow/.local/lib/python3.12/site-packages/airflow/example_dags/example_display_name.py
[2024-04-09T19:14:03.512+0000] {processor.py:830} INFO - Processing file /home/airflow/.local/lib/python3.12/site-packages/airflow/example_dags/example_display_name.py for tasks to queue
[2024-04-09T19:14:03.514+0000] {logging_mixin.py:188} INFO - [2024-04-09T19:14:03.514+0000] {dagbag.py:540} INFO - Filling up the DagBag from /home/airflow/.local/lib/python3.12/site-packages/airflow/example_dags/example_display_name.py
[2024-04-09T19:14:03.520+0000] {processor.py:840} INFO - DAG(s) 'example_display_name' retrieved from /home/airflow/.local/lib/python3.12/site-packages/airflow/example_dags/example_display_name.py
[2024-04-09T19:14:03.542+0000] {logging_mixin.py:188} INFO - [2024-04-09T19:14:03.542+0000] {dag.py:3096} INFO - Sync 1 DAGs
[2024-04-09T19:14:03.558+0000] {logging_mixin.py:188} INFO - [2024-04-09T19:14:03.558+0000] {dag.py:3954} INFO - Setting next_dagrun for example_display_name to None, run_after=None
[2024-04-09T19:14:03.585+0000] {processor.py:183} INFO - Processing /home/airflow/.local/lib/python3.12/site-packages/airflow/example_dags/example_display_name.py took 0.080 seconds
[2024-04-09T19:14:34.563+0000] {processor.py:161} INFO - Started process (PID=11956) to work on /home/airflow/.local/lib/python3.12/site-packages/airflow/example_dags/example_display_name.py
[2024-04-09T19:14:34.564+0000] {processor.py:830} INFO - Processing file /home/airflow/.local/lib/python3.12/site-packages/airflow/example_dags/example_display_name.py for tasks to queue
[2024-04-09T19:14:34.566+0000] {logging_mixin.py:188} INFO - [2024-04-09T19:14:34.566+0000] {dagbag.py:540} INFO - Filling up the DagBag from /home/airflow/.local/lib/python3.12/site-packages/airflow/example_dags/example_display_name.py
[2024-04-09T19:14:34.573+0000] {processor.py:840} INFO - DAG(s) 'example_display_name' retrieved from /home/airflow/.local/lib/python3.12/site-packages/airflow/example_dags/example_display_name.py
[2024-04-09T19:14:34.595+0000] {logging_mixin.py:188} INFO - [2024-04-09T19:14:34.595+0000] {dag.py:3096} INFO - Sync 1 DAGs
[2024-04-09T19:14:34.613+0000] {logging_mixin.py:188} INFO - [2024-04-09T19:14:34.613+0000] {dag.py:3954} INFO - Setting next_dagrun for example_display_name to None, run_after=None
[2024-04-09T19:14:34.641+0000] {processor.py:183} INFO - Processing /home/airflow/.local/lib/python3.12/site-packages/airflow/example_dags/example_display_name.py took 0.085 seconds
[2024-04-09T19:15:04.873+0000] {processor.py:161} INFO - Started process (PID=12230) to work on /home/airflow/.local/lib/python3.12/site-packages/airflow/example_dags/example_display_name.py
[2024-04-09T19:15:04.878+0000] {processor.py:830} INFO - Processing file /home/airflow/.local/lib/python3.12/site-packages/airflow/example_dags/example_display_name.py for tasks to queue
[2024-04-09T19:15:04.884+0000] {logging_mixin.py:188} INFO - [2024-04-09T19:15:04.880+0000] {dagbag.py:540} INFO - Filling up the DagBag from /home/airflow/.local/lib/python3.12/site-packages/airflow/example_dags/example_display_name.py
[2024-04-09T19:15:04.898+0000] {processor.py:840} INFO - DAG(s) 'example_display_name' retrieved from /home/airflow/.local/lib/python3.12/site-packages/airflow/example_dags/example_display_name.py
[2024-04-09T19:15:04.956+0000] {logging_mixin.py:188} INFO - [2024-04-09T19:15:04.956+0000] {dag.py:3096} INFO - Sync 1 DAGs
[2024-04-09T19:15:04.973+0000] {logging_mixin.py:188} INFO - [2024-04-09T19:15:04.973+0000] {dag.py:3954} INFO - Setting next_dagrun for example_display_name to None, run_after=None
[2024-04-09T19:15:04.999+0000] {processor.py:183} INFO - Processing /home/airflow/.local/lib/python3.12/site-packages/airflow/example_dags/example_display_name.py took 0.149 seconds
[2024-04-09T19:15:35.763+0000] {processor.py:161} INFO - Started process (PID=12503) to work on /home/airflow/.local/lib/python3.12/site-packages/airflow/example_dags/example_display_name.py
[2024-04-09T19:15:35.772+0000] {processor.py:830} INFO - Processing file /home/airflow/.local/lib/python3.12/site-packages/airflow/example_dags/example_display_name.py for tasks to queue
[2024-04-09T19:15:35.776+0000] {logging_mixin.py:188} INFO - [2024-04-09T19:15:35.776+0000] {dagbag.py:540} INFO - Filling up the DagBag from /home/airflow/.local/lib/python3.12/site-packages/airflow/example_dags/example_display_name.py
[2024-04-09T19:15:35.785+0000] {processor.py:840} INFO - DAG(s) 'example_display_name' retrieved from /home/airflow/.local/lib/python3.12/site-packages/airflow/example_dags/example_display_name.py
[2024-04-09T19:15:35.806+0000] {logging_mixin.py:188} INFO - [2024-04-09T19:15:35.806+0000] {dag.py:3096} INFO - Sync 1 DAGs
[2024-04-09T19:15:35.821+0000] {logging_mixin.py:188} INFO - [2024-04-09T19:15:35.821+0000] {dag.py:3954} INFO - Setting next_dagrun for example_display_name to None, run_after=None
[2024-04-09T19:15:35.844+0000] {processor.py:183} INFO - Processing /home/airflow/.local/lib/python3.12/site-packages/airflow/example_dags/example_display_name.py took 0.100 seconds
[2024-04-09T19:16:06.911+0000] {processor.py:161} INFO - Started process (PID=12775) to work on /home/airflow/.local/lib/python3.12/site-packages/airflow/example_dags/example_display_name.py
[2024-04-09T19:16:06.913+0000] {processor.py:830} INFO - Processing file /home/airflow/.local/lib/python3.12/site-packages/airflow/example_dags/example_display_name.py for tasks to queue
[2024-04-09T19:16:06.915+0000] {logging_mixin.py:188} INFO - [2024-04-09T19:16:06.915+0000] {dagbag.py:540} INFO - Filling up the DagBag from /home/airflow/.local/lib/python3.12/site-packages/airflow/example_dags/example_display_name.py
[2024-04-09T19:16:06.923+0000] {processor.py:840} INFO - DAG(s) 'example_display_name' retrieved from /home/airflow/.local/lib/python3.12/site-packages/airflow/example_dags/example_display_name.py
[2024-04-09T19:16:06.957+0000] {logging_mixin.py:188} INFO - [2024-04-09T19:16:06.957+0000] {dag.py:3096} INFO - Sync 1 DAGs
[2024-04-09T19:16:06.978+0000] {logging_mixin.py:188} INFO - [2024-04-09T19:16:06.978+0000] {dag.py:3954} INFO - Setting next_dagrun for example_display_name to None, run_after=None
[2024-04-09T19:16:07.055+0000] {processor.py:183} INFO - Processing /home/airflow/.local/lib/python3.12/site-packages/airflow/example_dags/example_display_name.py took 0.154 seconds
[2024-04-09T19:16:37.929+0000] {processor.py:161} INFO - Started process (PID=13048) to work on /home/airflow/.local/lib/python3.12/site-packages/airflow/example_dags/example_display_name.py
[2024-04-09T19:16:37.930+0000] {processor.py:830} INFO - Processing file /home/airflow/.local/lib/python3.12/site-packages/airflow/example_dags/example_display_name.py for tasks to queue
[2024-04-09T19:16:37.932+0000] {logging_mixin.py:188} INFO - [2024-04-09T19:16:37.932+0000] {dagbag.py:540} INFO - Filling up the DagBag from /home/airflow/.local/lib/python3.12/site-packages/airflow/example_dags/example_display_name.py
[2024-04-09T19:16:37.939+0000] {processor.py:840} INFO - DAG(s) 'example_display_name' retrieved from /home/airflow/.local/lib/python3.12/site-packages/airflow/example_dags/example_display_name.py
[2024-04-09T19:16:37.962+0000] {logging_mixin.py:188} INFO - [2024-04-09T19:16:37.962+0000] {dag.py:3096} INFO - Sync 1 DAGs
[2024-04-09T19:16:37.978+0000] {logging_mixin.py:188} INFO - [2024-04-09T19:16:37.978+0000] {dag.py:3954} INFO - Setting next_dagrun for example_display_name to None, run_after=None
[2024-04-09T19:16:38.002+0000] {processor.py:183} INFO - Processing /home/airflow/.local/lib/python3.12/site-packages/airflow/example_dags/example_display_name.py took 0.080 seconds
[2024-04-09T19:17:08.132+0000] {processor.py:161} INFO - Started process (PID=13315) to work on /home/airflow/.local/lib/python3.12/site-packages/airflow/example_dags/example_display_name.py
[2024-04-09T19:17:08.133+0000] {processor.py:830} INFO - Processing file /home/airflow/.local/lib/python3.12/site-packages/airflow/example_dags/example_display_name.py for tasks to queue
[2024-04-09T19:17:08.136+0000] {logging_mixin.py:188} INFO - [2024-04-09T19:17:08.135+0000] {dagbag.py:540} INFO - Filling up the DagBag from /home/airflow/.local/lib/python3.12/site-packages/airflow/example_dags/example_display_name.py
[2024-04-09T19:17:08.149+0000] {processor.py:840} INFO - DAG(s) 'example_display_name' retrieved from /home/airflow/.local/lib/python3.12/site-packages/airflow/example_dags/example_display_name.py
[2024-04-09T19:17:08.173+0000] {logging_mixin.py:188} INFO - [2024-04-09T19:17:08.172+0000] {dag.py:3096} INFO - Sync 1 DAGs
[2024-04-09T19:17:08.219+0000] {logging_mixin.py:188} INFO - [2024-04-09T19:17:08.212+0000] {dag.py:3954} INFO - Setting next_dagrun for example_display_name to None, run_after=None
[2024-04-09T19:17:08.249+0000] {processor.py:183} INFO - Processing /home/airflow/.local/lib/python3.12/site-packages/airflow/example_dags/example_display_name.py took 0.127 seconds
[2024-04-09T19:17:38.878+0000] {processor.py:161} INFO - Started process (PID=13592) to work on /home/airflow/.local/lib/python3.12/site-packages/airflow/example_dags/example_display_name.py
[2024-04-09T19:17:38.880+0000] {processor.py:830} INFO - Processing file /home/airflow/.local/lib/python3.12/site-packages/airflow/example_dags/example_display_name.py for tasks to queue
[2024-04-09T19:17:38.891+0000] {logging_mixin.py:188} INFO - [2024-04-09T19:17:38.885+0000] {dagbag.py:540} INFO - Filling up the DagBag from /home/airflow/.local/lib/python3.12/site-packages/airflow/example_dags/example_display_name.py
[2024-04-09T19:17:38.897+0000] {processor.py:840} INFO - DAG(s) 'example_display_name' retrieved from /home/airflow/.local/lib/python3.12/site-packages/airflow/example_dags/example_display_name.py
[2024-04-09T19:17:38.931+0000] {logging_mixin.py:188} INFO - [2024-04-09T19:17:38.930+0000] {dag.py:3096} INFO - Sync 1 DAGs
[2024-04-09T19:17:38.969+0000] {logging_mixin.py:188} INFO - [2024-04-09T19:17:38.969+0000] {dag.py:3954} INFO - Setting next_dagrun for example_display_name to None, run_after=None
[2024-04-09T19:17:39.026+0000] {processor.py:183} INFO - Processing /home/airflow/.local/lib/python3.12/site-packages/airflow/example_dags/example_display_name.py took 0.155 seconds
[2024-04-09T19:18:09.886+0000] {processor.py:161} INFO - Started process (PID=13864) to work on /home/airflow/.local/lib/python3.12/site-packages/airflow/example_dags/example_display_name.py
[2024-04-09T19:18:09.887+0000] {processor.py:830} INFO - Processing file /home/airflow/.local/lib/python3.12/site-packages/airflow/example_dags/example_display_name.py for tasks to queue
[2024-04-09T19:18:09.889+0000] {logging_mixin.py:188} INFO - [2024-04-09T19:18:09.889+0000] {dagbag.py:540} INFO - Filling up the DagBag from /home/airflow/.local/lib/python3.12/site-packages/airflow/example_dags/example_display_name.py
[2024-04-09T19:18:09.896+0000] {processor.py:840} INFO - DAG(s) 'example_display_name' retrieved from /home/airflow/.local/lib/python3.12/site-packages/airflow/example_dags/example_display_name.py
[2024-04-09T19:18:09.919+0000] {logging_mixin.py:188} INFO - [2024-04-09T19:18:09.919+0000] {dag.py:3096} INFO - Sync 1 DAGs
[2024-04-09T19:18:09.935+0000] {logging_mixin.py:188} INFO - [2024-04-09T19:18:09.934+0000] {dag.py:3954} INFO - Setting next_dagrun for example_display_name to None, run_after=None
[2024-04-09T19:18:09.958+0000] {processor.py:183} INFO - Processing /home/airflow/.local/lib/python3.12/site-packages/airflow/example_dags/example_display_name.py took 0.079 seconds
[2024-04-09T19:18:40.483+0000] {processor.py:161} INFO - Started process (PID=14136) to work on /home/airflow/.local/lib/python3.12/site-packages/airflow/example_dags/example_display_name.py
[2024-04-09T19:18:40.484+0000] {processor.py:830} INFO - Processing file /home/airflow/.local/lib/python3.12/site-packages/airflow/example_dags/example_display_name.py for tasks to queue
[2024-04-09T19:18:40.487+0000] {logging_mixin.py:188} INFO - [2024-04-09T19:18:40.487+0000] {dagbag.py:540} INFO - Filling up the DagBag from /home/airflow/.local/lib/python3.12/site-packages/airflow/example_dags/example_display_name.py
[2024-04-09T19:18:40.494+0000] {processor.py:840} INFO - DAG(s) 'example_display_name' retrieved from /home/airflow/.local/lib/python3.12/site-packages/airflow/example_dags/example_display_name.py
[2024-04-09T19:18:40.516+0000] {logging_mixin.py:188} INFO - [2024-04-09T19:18:40.516+0000] {dag.py:3096} INFO - Sync 1 DAGs
[2024-04-09T19:18:40.546+0000] {logging_mixin.py:188} INFO - [2024-04-09T19:18:40.546+0000] {dag.py:3954} INFO - Setting next_dagrun for example_display_name to None, run_after=None
[2024-04-09T19:18:40.591+0000] {processor.py:183} INFO - Processing /home/airflow/.local/lib/python3.12/site-packages/airflow/example_dags/example_display_name.py took 0.115 seconds
[2024-04-09T19:19:11.006+0000] {processor.py:161} INFO - Started process (PID=14408) to work on /home/airflow/.local/lib/python3.12/site-packages/airflow/example_dags/example_display_name.py
[2024-04-09T19:19:11.007+0000] {processor.py:830} INFO - Processing file /home/airflow/.local/lib/python3.12/site-packages/airflow/example_dags/example_display_name.py for tasks to queue
[2024-04-09T19:19:11.009+0000] {logging_mixin.py:188} INFO - [2024-04-09T19:19:11.008+0000] {dagbag.py:540} INFO - Filling up the DagBag from /home/airflow/.local/lib/python3.12/site-packages/airflow/example_dags/example_display_name.py
[2024-04-09T19:19:11.015+0000] {processor.py:840} INFO - DAG(s) 'example_display_name' retrieved from /home/airflow/.local/lib/python3.12/site-packages/airflow/example_dags/example_display_name.py
[2024-04-09T19:19:11.036+0000] {logging_mixin.py:188} INFO - [2024-04-09T19:19:11.036+0000] {dag.py:3096} INFO - Sync 1 DAGs
[2024-04-09T19:19:11.050+0000] {logging_mixin.py:188} INFO - [2024-04-09T19:19:11.050+0000] {dag.py:3954} INFO - Setting next_dagrun for example_display_name to None, run_after=None
[2024-04-09T19:19:11.076+0000] {processor.py:183} INFO - Processing /home/airflow/.local/lib/python3.12/site-packages/airflow/example_dags/example_display_name.py took 0.077 seconds
[2024-04-09T19:19:41.723+0000] {processor.py:161} INFO - Started process (PID=14686) to work on /home/airflow/.local/lib/python3.12/site-packages/airflow/example_dags/example_display_name.py
[2024-04-09T19:19:41.724+0000] {processor.py:830} INFO - Processing file /home/airflow/.local/lib/python3.12/site-packages/airflow/example_dags/example_display_name.py for tasks to queue
[2024-04-09T19:19:41.726+0000] {logging_mixin.py:188} INFO - [2024-04-09T19:19:41.726+0000] {dagbag.py:540} INFO - Filling up the DagBag from /home/airflow/.local/lib/python3.12/site-packages/airflow/example_dags/example_display_name.py
[2024-04-09T19:19:41.733+0000] {processor.py:840} INFO - DAG(s) 'example_display_name' retrieved from /home/airflow/.local/lib/python3.12/site-packages/airflow/example_dags/example_display_name.py
[2024-04-09T19:19:41.755+0000] {logging_mixin.py:188} INFO - [2024-04-09T19:19:41.755+0000] {dag.py:3096} INFO - Sync 1 DAGs
[2024-04-09T19:19:41.777+0000] {logging_mixin.py:188} INFO - [2024-04-09T19:19:41.777+0000] {dag.py:3954} INFO - Setting next_dagrun for example_display_name to None, run_after=None
[2024-04-09T19:19:41.811+0000] {processor.py:183} INFO - Processing /home/airflow/.local/lib/python3.12/site-packages/airflow/example_dags/example_display_name.py took 0.095 seconds
[2024-04-09T19:20:12.125+0000] {processor.py:161} INFO - Started process (PID=14956) to work on /home/airflow/.local/lib/python3.12/site-packages/airflow/example_dags/example_display_name.py
[2024-04-09T19:20:12.128+0000] {processor.py:830} INFO - Processing file /home/airflow/.local/lib/python3.12/site-packages/airflow/example_dags/example_display_name.py for tasks to queue
[2024-04-09T19:20:12.130+0000] {logging_mixin.py:188} INFO - [2024-04-09T19:20:12.130+0000] {dagbag.py:540} INFO - Filling up the DagBag from /home/airflow/.local/lib/python3.12/site-packages/airflow/example_dags/example_display_name.py
[2024-04-09T19:20:12.141+0000] {processor.py:840} INFO - DAG(s) 'example_display_name' retrieved from /home/airflow/.local/lib/python3.12/site-packages/airflow/example_dags/example_display_name.py
[2024-04-09T19:20:12.164+0000] {logging_mixin.py:188} INFO - [2024-04-09T19:20:12.163+0000] {dag.py:3096} INFO - Sync 1 DAGs
[2024-04-09T19:20:12.181+0000] {logging_mixin.py:188} INFO - [2024-04-09T19:20:12.181+0000] {dag.py:3954} INFO - Setting next_dagrun for example_display_name to None, run_after=None
[2024-04-09T19:20:12.207+0000] {processor.py:183} INFO - Processing /home/airflow/.local/lib/python3.12/site-packages/airflow/example_dags/example_display_name.py took 0.089 seconds
[2024-04-09T19:20:42.929+0000] {processor.py:161} INFO - Started process (PID=15231) to work on /home/airflow/.local/lib/python3.12/site-packages/airflow/example_dags/example_display_name.py
[2024-04-09T19:20:42.930+0000] {processor.py:830} INFO - Processing file /home/airflow/.local/lib/python3.12/site-packages/airflow/example_dags/example_display_name.py for tasks to queue
[2024-04-09T19:20:42.932+0000] {logging_mixin.py:188} INFO - [2024-04-09T19:20:42.932+0000] {dagbag.py:540} INFO - Filling up the DagBag from /home/airflow/.local/lib/python3.12/site-packages/airflow/example_dags/example_display_name.py
[2024-04-09T19:20:42.938+0000] {processor.py:840} INFO - DAG(s) 'example_display_name' retrieved from /home/airflow/.local/lib/python3.12/site-packages/airflow/example_dags/example_display_name.py
[2024-04-09T19:20:42.960+0000] {logging_mixin.py:188} INFO - [2024-04-09T19:20:42.959+0000] {dag.py:3096} INFO - Sync 1 DAGs
[2024-04-09T19:20:42.974+0000] {logging_mixin.py:188} INFO - [2024-04-09T19:20:42.974+0000] {dag.py:3954} INFO - Setting next_dagrun for example_display_name to None, run_after=None
[2024-04-09T19:20:42.999+0000] {processor.py:183} INFO - Processing /home/airflow/.local/lib/python3.12/site-packages/airflow/example_dags/example_display_name.py took 0.077 seconds
[2024-04-09T19:21:13.521+0000] {processor.py:161} INFO - Started process (PID=15504) to work on /home/airflow/.local/lib/python3.12/site-packages/airflow/example_dags/example_display_name.py
[2024-04-09T19:21:13.522+0000] {processor.py:830} INFO - Processing file /home/airflow/.local/lib/python3.12/site-packages/airflow/example_dags/example_display_name.py for tasks to queue
[2024-04-09T19:21:13.524+0000] {logging_mixin.py:188} INFO - [2024-04-09T19:21:13.524+0000] {dagbag.py:540} INFO - Filling up the DagBag from /home/airflow/.local/lib/python3.12/site-packages/airflow/example_dags/example_display_name.py
[2024-04-09T19:21:13.531+0000] {processor.py:840} INFO - DAG(s) 'example_display_name' retrieved from /home/airflow/.local/lib/python3.12/site-packages/airflow/example_dags/example_display_name.py
[2024-04-09T19:21:13.553+0000] {logging_mixin.py:188} INFO - [2024-04-09T19:21:13.553+0000] {dag.py:3096} INFO - Sync 1 DAGs
[2024-04-09T19:21:13.568+0000] {logging_mixin.py:188} INFO - [2024-04-09T19:21:13.567+0000] {dag.py:3954} INFO - Setting next_dagrun for example_display_name to None, run_after=None
[2024-04-09T19:21:13.607+0000] {processor.py:183} INFO - Processing /home/airflow/.local/lib/python3.12/site-packages/airflow/example_dags/example_display_name.py took 0.093 seconds
[2024-04-09T19:21:44.096+0000] {processor.py:161} INFO - Started process (PID=15776) to work on /home/airflow/.local/lib/python3.12/site-packages/airflow/example_dags/example_display_name.py
[2024-04-09T19:21:44.100+0000] {processor.py:830} INFO - Processing file /home/airflow/.local/lib/python3.12/site-packages/airflow/example_dags/example_display_name.py for tasks to queue
[2024-04-09T19:21:44.107+0000] {logging_mixin.py:188} INFO - [2024-04-09T19:21:44.101+0000] {dagbag.py:540} INFO - Filling up the DagBag from /home/airflow/.local/lib/python3.12/site-packages/airflow/example_dags/example_display_name.py
[2024-04-09T19:21:44.114+0000] {processor.py:840} INFO - DAG(s) 'example_display_name' retrieved from /home/airflow/.local/lib/python3.12/site-packages/airflow/example_dags/example_display_name.py
[2024-04-09T19:21:44.148+0000] {logging_mixin.py:188} INFO - [2024-04-09T19:21:44.148+0000] {dag.py:3096} INFO - Sync 1 DAGs
[2024-04-09T19:21:44.164+0000] {logging_mixin.py:188} INFO - [2024-04-09T19:21:44.164+0000] {dag.py:3954} INFO - Setting next_dagrun for example_display_name to None, run_after=None
[2024-04-09T19:21:44.195+0000] {processor.py:183} INFO - Processing /home/airflow/.local/lib/python3.12/site-packages/airflow/example_dags/example_display_name.py took 0.111 seconds
[2024-04-09T19:22:14.494+0000] {processor.py:161} INFO - Started process (PID=16045) to work on /home/airflow/.local/lib/python3.12/site-packages/airflow/example_dags/example_display_name.py
[2024-04-09T19:22:14.496+0000] {processor.py:830} INFO - Processing file /home/airflow/.local/lib/python3.12/site-packages/airflow/example_dags/example_display_name.py for tasks to queue
[2024-04-09T19:22:14.498+0000] {logging_mixin.py:188} INFO - [2024-04-09T19:22:14.498+0000] {dagbag.py:540} INFO - Filling up the DagBag from /home/airflow/.local/lib/python3.12/site-packages/airflow/example_dags/example_display_name.py
[2024-04-09T19:22:14.505+0000] {processor.py:840} INFO - DAG(s) 'example_display_name' retrieved from /home/airflow/.local/lib/python3.12/site-packages/airflow/example_dags/example_display_name.py
[2024-04-09T19:22:14.542+0000] {logging_mixin.py:188} INFO - [2024-04-09T19:22:14.541+0000] {dag.py:3096} INFO - Sync 1 DAGs
[2024-04-09T19:22:14.563+0000] {logging_mixin.py:188} INFO - [2024-04-09T19:22:14.563+0000] {dag.py:3954} INFO - Setting next_dagrun for example_display_name to None, run_after=None
[2024-04-09T19:22:14.589+0000] {processor.py:183} INFO - Processing /home/airflow/.local/lib/python3.12/site-packages/airflow/example_dags/example_display_name.py took 0.108 seconds
[2024-04-09T19:22:45.198+0000] {processor.py:161} INFO - Started process (PID=16320) to work on /home/airflow/.local/lib/python3.12/site-packages/airflow/example_dags/example_display_name.py
[2024-04-09T19:22:45.199+0000] {processor.py:830} INFO - Processing file /home/airflow/.local/lib/python3.12/site-packages/airflow/example_dags/example_display_name.py for tasks to queue
[2024-04-09T19:22:45.201+0000] {logging_mixin.py:188} INFO - [2024-04-09T19:22:45.200+0000] {dagbag.py:540} INFO - Filling up the DagBag from /home/airflow/.local/lib/python3.12/site-packages/airflow/example_dags/example_display_name.py
[2024-04-09T19:22:45.207+0000] {processor.py:840} INFO - DAG(s) 'example_display_name' retrieved from /home/airflow/.local/lib/python3.12/site-packages/airflow/example_dags/example_display_name.py
[2024-04-09T19:22:45.229+0000] {logging_mixin.py:188} INFO - [2024-04-09T19:22:45.229+0000] {dag.py:3096} INFO - Sync 1 DAGs
[2024-04-09T19:22:45.244+0000] {logging_mixin.py:188} INFO - [2024-04-09T19:22:45.244+0000] {dag.py:3954} INFO - Setting next_dagrun for example_display_name to None, run_after=None
[2024-04-09T19:22:45.272+0000] {processor.py:183} INFO - Processing /home/airflow/.local/lib/python3.12/site-packages/airflow/example_dags/example_display_name.py took 0.081 seconds
[2024-04-09T19:23:15.840+0000] {processor.py:161} INFO - Started process (PID=16592) to work on /home/airflow/.local/lib/python3.12/site-packages/airflow/example_dags/example_display_name.py
[2024-04-09T19:23:15.841+0000] {processor.py:830} INFO - Processing file /home/airflow/.local/lib/python3.12/site-packages/airflow/example_dags/example_display_name.py for tasks to queue
[2024-04-09T19:23:15.843+0000] {logging_mixin.py:188} INFO - [2024-04-09T19:23:15.842+0000] {dagbag.py:540} INFO - Filling up the DagBag from /home/airflow/.local/lib/python3.12/site-packages/airflow/example_dags/example_display_name.py
[2024-04-09T19:23:15.849+0000] {processor.py:840} INFO - DAG(s) 'example_display_name' retrieved from /home/airflow/.local/lib/python3.12/site-packages/airflow/example_dags/example_display_name.py
[2024-04-09T19:23:15.870+0000] {logging_mixin.py:188} INFO - [2024-04-09T19:23:15.869+0000] {dag.py:3096} INFO - Sync 1 DAGs
[2024-04-09T19:23:15.885+0000] {logging_mixin.py:188} INFO - [2024-04-09T19:23:15.885+0000] {dag.py:3954} INFO - Setting next_dagrun for example_display_name to None, run_after=None
[2024-04-09T19:23:15.909+0000] {processor.py:183} INFO - Processing /home/airflow/.local/lib/python3.12/site-packages/airflow/example_dags/example_display_name.py took 0.076 seconds
[2024-04-09T19:23:46.233+0000] {processor.py:161} INFO - Started process (PID=16864) to work on /home/airflow/.local/lib/python3.12/site-packages/airflow/example_dags/example_display_name.py
[2024-04-09T19:23:46.240+0000] {processor.py:830} INFO - Processing file /home/airflow/.local/lib/python3.12/site-packages/airflow/example_dags/example_display_name.py for tasks to queue
[2024-04-09T19:23:46.244+0000] {logging_mixin.py:188} INFO - [2024-04-09T19:23:46.244+0000] {dagbag.py:540} INFO - Filling up the DagBag from /home/airflow/.local/lib/python3.12/site-packages/airflow/example_dags/example_display_name.py
[2024-04-09T19:23:46.252+0000] {processor.py:840} INFO - DAG(s) 'example_display_name' retrieved from /home/airflow/.local/lib/python3.12/site-packages/airflow/example_dags/example_display_name.py
[2024-04-09T19:23:46.273+0000] {logging_mixin.py:188} INFO - [2024-04-09T19:23:46.273+0000] {dag.py:3096} INFO - Sync 1 DAGs
[2024-04-09T19:23:46.290+0000] {logging_mixin.py:188} INFO - [2024-04-09T19:23:46.289+0000] {dag.py:3954} INFO - Setting next_dagrun for example_display_name to None, run_after=None
[2024-04-09T19:23:46.314+0000] {processor.py:183} INFO - Processing /home/airflow/.local/lib/python3.12/site-packages/airflow/example_dags/example_display_name.py took 0.096 seconds
