[2024-04-09T18:50:51.013+0000] {processor.py:161} INFO - Started process (PID=209) to work on /home/airflow/.local/lib/python3.12/site-packages/airflow/example_dags/example_branch_operator.py
[2024-04-09T18:50:51.014+0000] {processor.py:830} INFO - Processing file /home/airflow/.local/lib/python3.12/site-packages/airflow/example_dags/example_branch_operator.py for tasks to queue
[2024-04-09T18:50:51.016+0000] {logging_mixin.py:188} INFO - [2024-04-09T18:50:51.016+0000] {dagbag.py:540} INFO - Filling up the DagBag from /home/airflow/.local/lib/python3.12/site-packages/airflow/example_dags/example_branch_operator.py
[2024-04-09T18:50:51.039+0000] {processor.py:840} INFO - DAG(s) 'example_branch_operator' retrieved from /home/airflow/.local/lib/python3.12/site-packages/airflow/example_dags/example_branch_operator.py
[2024-04-09T18:50:51.215+0000] {logging_mixin.py:188} INFO - [2024-04-09T18:50:51.214+0000] {override.py:1829} INFO - Created Permission View: can edit on DAG:example_branch_operator
[2024-04-09T18:50:51.231+0000] {logging_mixin.py:188} INFO - [2024-04-09T18:50:51.230+0000] {override.py:1829} INFO - Created Permission View: can delete on DAG:example_branch_operator
[2024-04-09T18:50:51.242+0000] {logging_mixin.py:188} INFO - [2024-04-09T18:50:51.242+0000] {override.py:1829} INFO - Created Permission View: can read on DAG:example_branch_operator
[2024-04-09T18:50:51.243+0000] {logging_mixin.py:188} INFO - [2024-04-09T18:50:51.242+0000] {dag.py:3096} INFO - Sync 1 DAGs
[2024-04-09T18:50:51.257+0000] {logging_mixin.py:188} INFO - [2024-04-09T18:50:51.256+0000] {dag.py:3118} INFO - Creating ORM DAG for example_branch_operator
[2024-04-09T18:50:51.269+0000] {logging_mixin.py:188} INFO - [2024-04-09T18:50:51.269+0000] {dag.py:3954} INFO - Setting next_dagrun for example_branch_operator to 2024-04-08 00:00:00+00:00, run_after=2024-04-09 00:00:00+00:00
[2024-04-09T18:50:51.297+0000] {processor.py:183} INFO - Processing /home/airflow/.local/lib/python3.12/site-packages/airflow/example_dags/example_branch_operator.py took 0.293 seconds
[2024-04-09T18:51:21.449+0000] {processor.py:161} INFO - Started process (PID=469) to work on /home/airflow/.local/lib/python3.12/site-packages/airflow/example_dags/example_branch_operator.py
[2024-04-09T18:51:21.450+0000] {processor.py:830} INFO - Processing file /home/airflow/.local/lib/python3.12/site-packages/airflow/example_dags/example_branch_operator.py for tasks to queue
[2024-04-09T18:51:21.452+0000] {logging_mixin.py:188} INFO - [2024-04-09T18:51:21.452+0000] {dagbag.py:540} INFO - Filling up the DagBag from /home/airflow/.local/lib/python3.12/site-packages/airflow/example_dags/example_branch_operator.py
[2024-04-09T18:51:21.466+0000] {processor.py:840} INFO - DAG(s) 'example_branch_operator' retrieved from /home/airflow/.local/lib/python3.12/site-packages/airflow/example_dags/example_branch_operator.py
[2024-04-09T18:51:21.500+0000] {logging_mixin.py:188} INFO - [2024-04-09T18:51:21.500+0000] {dag.py:3096} INFO - Sync 1 DAGs
[2024-04-09T18:51:21.520+0000] {logging_mixin.py:188} INFO - [2024-04-09T18:51:21.519+0000] {dag.py:3954} INFO - Setting next_dagrun for example_branch_operator to 2024-04-08 00:00:00+00:00, run_after=2024-04-09 00:00:00+00:00
[2024-04-09T18:51:21.538+0000] {processor.py:183} INFO - Processing /home/airflow/.local/lib/python3.12/site-packages/airflow/example_dags/example_branch_operator.py took 0.095 seconds
[2024-04-09T18:52:30.196+0000] {processor.py:161} INFO - Started process (PID=208) to work on /home/airflow/.local/lib/python3.12/site-packages/airflow/example_dags/example_branch_operator.py
[2024-04-09T18:52:30.196+0000] {processor.py:830} INFO - Processing file /home/airflow/.local/lib/python3.12/site-packages/airflow/example_dags/example_branch_operator.py for tasks to queue
[2024-04-09T18:52:30.198+0000] {logging_mixin.py:188} INFO - [2024-04-09T18:52:30.198+0000] {dagbag.py:540} INFO - Filling up the DagBag from /home/airflow/.local/lib/python3.12/site-packages/airflow/example_dags/example_branch_operator.py
[2024-04-09T18:52:30.222+0000] {processor.py:840} INFO - DAG(s) 'example_branch_operator' retrieved from /home/airflow/.local/lib/python3.12/site-packages/airflow/example_dags/example_branch_operator.py
[2024-04-09T18:52:30.515+0000] {logging_mixin.py:188} INFO - [2024-04-09T18:52:30.514+0000] {dag.py:3096} INFO - Sync 1 DAGs
[2024-04-09T18:52:30.569+0000] {logging_mixin.py:188} INFO - [2024-04-09T18:52:30.568+0000] {dag.py:3954} INFO - Setting next_dagrun for example_branch_operator to 2024-04-08 00:00:00+00:00, run_after=2024-04-09 00:00:00+00:00
[2024-04-09T18:52:30.657+0000] {processor.py:183} INFO - Processing /home/airflow/.local/lib/python3.12/site-packages/airflow/example_dags/example_branch_operator.py took 0.481 seconds
[2024-04-09T18:53:00.900+0000] {processor.py:161} INFO - Started process (PID=469) to work on /home/airflow/.local/lib/python3.12/site-packages/airflow/example_dags/example_branch_operator.py
[2024-04-09T18:53:00.901+0000] {processor.py:830} INFO - Processing file /home/airflow/.local/lib/python3.12/site-packages/airflow/example_dags/example_branch_operator.py for tasks to queue
[2024-04-09T18:53:00.903+0000] {logging_mixin.py:188} INFO - [2024-04-09T18:53:00.903+0000] {dagbag.py:540} INFO - Filling up the DagBag from /home/airflow/.local/lib/python3.12/site-packages/airflow/example_dags/example_branch_operator.py
[2024-04-09T18:53:00.924+0000] {processor.py:840} INFO - DAG(s) 'example_branch_operator' retrieved from /home/airflow/.local/lib/python3.12/site-packages/airflow/example_dags/example_branch_operator.py
[2024-04-09T18:53:00.952+0000] {logging_mixin.py:188} INFO - [2024-04-09T18:53:00.952+0000] {dag.py:3096} INFO - Sync 1 DAGs
[2024-04-09T18:53:00.971+0000] {logging_mixin.py:188} INFO - [2024-04-09T18:53:00.971+0000] {dag.py:3954} INFO - Setting next_dagrun for example_branch_operator to 2024-04-08 00:00:00+00:00, run_after=2024-04-09 00:00:00+00:00
[2024-04-09T18:53:00.989+0000] {processor.py:183} INFO - Processing /home/airflow/.local/lib/python3.12/site-packages/airflow/example_dags/example_branch_operator.py took 0.097 seconds
[2024-04-09T18:53:31.365+0000] {processor.py:161} INFO - Started process (PID=733) to work on /home/airflow/.local/lib/python3.12/site-packages/airflow/example_dags/example_branch_operator.py
[2024-04-09T18:53:31.365+0000] {processor.py:830} INFO - Processing file /home/airflow/.local/lib/python3.12/site-packages/airflow/example_dags/example_branch_operator.py for tasks to queue
[2024-04-09T18:53:31.367+0000] {logging_mixin.py:188} INFO - [2024-04-09T18:53:31.367+0000] {dagbag.py:540} INFO - Filling up the DagBag from /home/airflow/.local/lib/python3.12/site-packages/airflow/example_dags/example_branch_operator.py
[2024-04-09T18:53:31.381+0000] {processor.py:840} INFO - DAG(s) 'example_branch_operator' retrieved from /home/airflow/.local/lib/python3.12/site-packages/airflow/example_dags/example_branch_operator.py
[2024-04-09T18:53:31.407+0000] {logging_mixin.py:188} INFO - [2024-04-09T18:53:31.407+0000] {dag.py:3096} INFO - Sync 1 DAGs
[2024-04-09T18:53:31.426+0000] {logging_mixin.py:188} INFO - [2024-04-09T18:53:31.426+0000] {dag.py:3954} INFO - Setting next_dagrun for example_branch_operator to 2024-04-08 00:00:00+00:00, run_after=2024-04-09 00:00:00+00:00
[2024-04-09T18:53:31.445+0000] {processor.py:183} INFO - Processing /home/airflow/.local/lib/python3.12/site-packages/airflow/example_dags/example_branch_operator.py took 0.085 seconds
[2024-04-09T18:54:02.398+0000] {processor.py:161} INFO - Started process (PID=993) to work on /home/airflow/.local/lib/python3.12/site-packages/airflow/example_dags/example_branch_operator.py
[2024-04-09T18:54:02.399+0000] {processor.py:830} INFO - Processing file /home/airflow/.local/lib/python3.12/site-packages/airflow/example_dags/example_branch_operator.py for tasks to queue
[2024-04-09T18:54:02.402+0000] {logging_mixin.py:188} INFO - [2024-04-09T18:54:02.401+0000] {dagbag.py:540} INFO - Filling up the DagBag from /home/airflow/.local/lib/python3.12/site-packages/airflow/example_dags/example_branch_operator.py
[2024-04-09T18:54:02.422+0000] {processor.py:840} INFO - DAG(s) 'example_branch_operator' retrieved from /home/airflow/.local/lib/python3.12/site-packages/airflow/example_dags/example_branch_operator.py
[2024-04-09T18:54:02.460+0000] {logging_mixin.py:188} INFO - [2024-04-09T18:54:02.459+0000] {dag.py:3096} INFO - Sync 1 DAGs
[2024-04-09T18:54:02.480+0000] {logging_mixin.py:188} INFO - [2024-04-09T18:54:02.480+0000] {dag.py:3954} INFO - Setting next_dagrun for example_branch_operator to 2024-04-08 00:00:00+00:00, run_after=2024-04-09 00:00:00+00:00
[2024-04-09T18:54:02.507+0000] {processor.py:183} INFO - Processing /home/airflow/.local/lib/python3.12/site-packages/airflow/example_dags/example_branch_operator.py took 0.115 seconds
[2024-04-09T18:54:32.773+0000] {processor.py:161} INFO - Started process (PID=1255) to work on /home/airflow/.local/lib/python3.12/site-packages/airflow/example_dags/example_branch_operator.py
[2024-04-09T18:54:32.774+0000] {processor.py:830} INFO - Processing file /home/airflow/.local/lib/python3.12/site-packages/airflow/example_dags/example_branch_operator.py for tasks to queue
[2024-04-09T18:54:32.776+0000] {logging_mixin.py:188} INFO - [2024-04-09T18:54:32.776+0000] {dagbag.py:540} INFO - Filling up the DagBag from /home/airflow/.local/lib/python3.12/site-packages/airflow/example_dags/example_branch_operator.py
[2024-04-09T18:54:32.799+0000] {processor.py:840} INFO - DAG(s) 'example_branch_operator' retrieved from /home/airflow/.local/lib/python3.12/site-packages/airflow/example_dags/example_branch_operator.py
[2024-04-09T18:54:32.834+0000] {logging_mixin.py:188} INFO - [2024-04-09T18:54:32.834+0000] {dag.py:3096} INFO - Sync 1 DAGs
[2024-04-09T18:54:32.861+0000] {logging_mixin.py:188} INFO - [2024-04-09T18:54:32.860+0000] {dag.py:3954} INFO - Setting next_dagrun for example_branch_operator to 2024-04-08 00:00:00+00:00, run_after=2024-04-09 00:00:00+00:00
[2024-04-09T18:54:32.886+0000] {processor.py:183} INFO - Processing /home/airflow/.local/lib/python3.12/site-packages/airflow/example_dags/example_branch_operator.py took 0.119 seconds
[2024-04-09T18:55:03.294+0000] {processor.py:161} INFO - Started process (PID=1517) to work on /home/airflow/.local/lib/python3.12/site-packages/airflow/example_dags/example_branch_operator.py
[2024-04-09T18:55:03.295+0000] {processor.py:830} INFO - Processing file /home/airflow/.local/lib/python3.12/site-packages/airflow/example_dags/example_branch_operator.py for tasks to queue
[2024-04-09T18:55:03.297+0000] {logging_mixin.py:188} INFO - [2024-04-09T18:55:03.297+0000] {dagbag.py:540} INFO - Filling up the DagBag from /home/airflow/.local/lib/python3.12/site-packages/airflow/example_dags/example_branch_operator.py
[2024-04-09T18:55:03.322+0000] {processor.py:840} INFO - DAG(s) 'example_branch_operator' retrieved from /home/airflow/.local/lib/python3.12/site-packages/airflow/example_dags/example_branch_operator.py
[2024-04-09T18:55:03.359+0000] {logging_mixin.py:188} INFO - [2024-04-09T18:55:03.359+0000] {dag.py:3096} INFO - Sync 1 DAGs
[2024-04-09T18:55:03.389+0000] {logging_mixin.py:188} INFO - [2024-04-09T18:55:03.389+0000] {dag.py:3954} INFO - Setting next_dagrun for example_branch_operator to 2024-04-08 00:00:00+00:00, run_after=2024-04-09 00:00:00+00:00
[2024-04-09T18:55:03.415+0000] {processor.py:183} INFO - Processing /home/airflow/.local/lib/python3.12/site-packages/airflow/example_dags/example_branch_operator.py took 0.128 seconds
[2024-04-09T18:55:33.940+0000] {processor.py:161} INFO - Started process (PID=1779) to work on /home/airflow/.local/lib/python3.12/site-packages/airflow/example_dags/example_branch_operator.py
[2024-04-09T18:55:33.948+0000] {processor.py:830} INFO - Processing file /home/airflow/.local/lib/python3.12/site-packages/airflow/example_dags/example_branch_operator.py for tasks to queue
[2024-04-09T18:55:33.952+0000] {logging_mixin.py:188} INFO - [2024-04-09T18:55:33.952+0000] {dagbag.py:540} INFO - Filling up the DagBag from /home/airflow/.local/lib/python3.12/site-packages/airflow/example_dags/example_branch_operator.py
[2024-04-09T18:55:33.976+0000] {processor.py:840} INFO - DAG(s) 'example_branch_operator' retrieved from /home/airflow/.local/lib/python3.12/site-packages/airflow/example_dags/example_branch_operator.py
[2024-04-09T18:55:34.020+0000] {logging_mixin.py:188} INFO - [2024-04-09T18:55:34.020+0000] {dag.py:3096} INFO - Sync 1 DAGs
[2024-04-09T18:55:34.074+0000] {logging_mixin.py:188} INFO - [2024-04-09T18:55:34.074+0000] {dag.py:3954} INFO - Setting next_dagrun for example_branch_operator to 2024-04-08 00:00:00+00:00, run_after=2024-04-09 00:00:00+00:00
[2024-04-09T18:55:34.114+0000] {processor.py:183} INFO - Processing /home/airflow/.local/lib/python3.12/site-packages/airflow/example_dags/example_branch_operator.py took 0.181 seconds
[2024-04-09T18:56:04.519+0000] {processor.py:161} INFO - Started process (PID=2042) to work on /home/airflow/.local/lib/python3.12/site-packages/airflow/example_dags/example_branch_operator.py
[2024-04-09T18:56:04.520+0000] {processor.py:830} INFO - Processing file /home/airflow/.local/lib/python3.12/site-packages/airflow/example_dags/example_branch_operator.py for tasks to queue
[2024-04-09T18:56:04.523+0000] {logging_mixin.py:188} INFO - [2024-04-09T18:56:04.522+0000] {dagbag.py:540} INFO - Filling up the DagBag from /home/airflow/.local/lib/python3.12/site-packages/airflow/example_dags/example_branch_operator.py
[2024-04-09T18:56:04.543+0000] {processor.py:840} INFO - DAG(s) 'example_branch_operator' retrieved from /home/airflow/.local/lib/python3.12/site-packages/airflow/example_dags/example_branch_operator.py
[2024-04-09T18:56:04.581+0000] {logging_mixin.py:188} INFO - [2024-04-09T18:56:04.581+0000] {dag.py:3096} INFO - Sync 1 DAGs
[2024-04-09T18:56:04.610+0000] {logging_mixin.py:188} INFO - [2024-04-09T18:56:04.610+0000] {dag.py:3954} INFO - Setting next_dagrun for example_branch_operator to 2024-04-08 00:00:00+00:00, run_after=2024-04-09 00:00:00+00:00
[2024-04-09T18:56:04.632+0000] {processor.py:183} INFO - Processing /home/airflow/.local/lib/python3.12/site-packages/airflow/example_dags/example_branch_operator.py took 0.120 seconds
[2024-04-09T18:56:34.960+0000] {processor.py:161} INFO - Started process (PID=2304) to work on /home/airflow/.local/lib/python3.12/site-packages/airflow/example_dags/example_branch_operator.py
[2024-04-09T18:56:34.961+0000] {processor.py:830} INFO - Processing file /home/airflow/.local/lib/python3.12/site-packages/airflow/example_dags/example_branch_operator.py for tasks to queue
[2024-04-09T18:56:34.963+0000] {logging_mixin.py:188} INFO - [2024-04-09T18:56:34.962+0000] {dagbag.py:540} INFO - Filling up the DagBag from /home/airflow/.local/lib/python3.12/site-packages/airflow/example_dags/example_branch_operator.py
[2024-04-09T18:56:34.990+0000] {processor.py:840} INFO - DAG(s) 'example_branch_operator' retrieved from /home/airflow/.local/lib/python3.12/site-packages/airflow/example_dags/example_branch_operator.py
[2024-04-09T18:56:35.032+0000] {logging_mixin.py:188} INFO - [2024-04-09T18:56:35.031+0000] {dag.py:3096} INFO - Sync 1 DAGs
[2024-04-09T18:56:35.069+0000] {logging_mixin.py:188} INFO - [2024-04-09T18:56:35.069+0000] {dag.py:3954} INFO - Setting next_dagrun for example_branch_operator to 2024-04-08 00:00:00+00:00, run_after=2024-04-09 00:00:00+00:00
[2024-04-09T18:56:35.096+0000] {processor.py:183} INFO - Processing /home/airflow/.local/lib/python3.12/site-packages/airflow/example_dags/example_branch_operator.py took 0.147 seconds
[2024-04-09T18:57:05.655+0000] {processor.py:161} INFO - Started process (PID=2566) to work on /home/airflow/.local/lib/python3.12/site-packages/airflow/example_dags/example_branch_operator.py
[2024-04-09T18:57:05.656+0000] {processor.py:830} INFO - Processing file /home/airflow/.local/lib/python3.12/site-packages/airflow/example_dags/example_branch_operator.py for tasks to queue
[2024-04-09T18:57:05.659+0000] {logging_mixin.py:188} INFO - [2024-04-09T18:57:05.658+0000] {dagbag.py:540} INFO - Filling up the DagBag from /home/airflow/.local/lib/python3.12/site-packages/airflow/example_dags/example_branch_operator.py
[2024-04-09T18:57:05.696+0000] {processor.py:840} INFO - DAG(s) 'example_branch_operator' retrieved from /home/airflow/.local/lib/python3.12/site-packages/airflow/example_dags/example_branch_operator.py
[2024-04-09T18:57:05.737+0000] {logging_mixin.py:188} INFO - [2024-04-09T18:57:05.737+0000] {dag.py:3096} INFO - Sync 1 DAGs
[2024-04-09T18:57:05.771+0000] {logging_mixin.py:188} INFO - [2024-04-09T18:57:05.770+0000] {dag.py:3954} INFO - Setting next_dagrun for example_branch_operator to 2024-04-08 00:00:00+00:00, run_after=2024-04-09 00:00:00+00:00
[2024-04-09T18:57:05.804+0000] {processor.py:183} INFO - Processing /home/airflow/.local/lib/python3.12/site-packages/airflow/example_dags/example_branch_operator.py took 0.166 seconds
[2024-04-09T18:57:35.839+0000] {processor.py:161} INFO - Started process (PID=2838) to work on /home/airflow/.local/lib/python3.12/site-packages/airflow/example_dags/example_branch_operator.py
[2024-04-09T18:57:35.841+0000] {processor.py:830} INFO - Processing file /home/airflow/.local/lib/python3.12/site-packages/airflow/example_dags/example_branch_operator.py for tasks to queue
[2024-04-09T18:57:35.843+0000] {logging_mixin.py:188} INFO - [2024-04-09T18:57:35.843+0000] {dagbag.py:540} INFO - Filling up the DagBag from /home/airflow/.local/lib/python3.12/site-packages/airflow/example_dags/example_branch_operator.py
[2024-04-09T18:57:35.864+0000] {processor.py:840} INFO - DAG(s) 'example_branch_operator' retrieved from /home/airflow/.local/lib/python3.12/site-packages/airflow/example_dags/example_branch_operator.py
[2024-04-09T18:57:35.901+0000] {logging_mixin.py:188} INFO - [2024-04-09T18:57:35.900+0000] {dag.py:3096} INFO - Sync 1 DAGs
[2024-04-09T18:57:35.929+0000] {logging_mixin.py:188} INFO - [2024-04-09T18:57:35.929+0000] {dag.py:3954} INFO - Setting next_dagrun for example_branch_operator to 2024-04-08 00:00:00+00:00, run_after=2024-04-09 00:00:00+00:00
[2024-04-09T18:57:35.953+0000] {processor.py:183} INFO - Processing /home/airflow/.local/lib/python3.12/site-packages/airflow/example_dags/example_branch_operator.py took 0.120 seconds
[2024-04-09T18:58:06.077+0000] {processor.py:161} INFO - Started process (PID=3107) to work on /home/airflow/.local/lib/python3.12/site-packages/airflow/example_dags/example_branch_operator.py
[2024-04-09T18:58:06.078+0000] {processor.py:830} INFO - Processing file /home/airflow/.local/lib/python3.12/site-packages/airflow/example_dags/example_branch_operator.py for tasks to queue
[2024-04-09T18:58:06.079+0000] {logging_mixin.py:188} INFO - [2024-04-09T18:58:06.079+0000] {dagbag.py:540} INFO - Filling up the DagBag from /home/airflow/.local/lib/python3.12/site-packages/airflow/example_dags/example_branch_operator.py
[2024-04-09T18:58:06.099+0000] {processor.py:840} INFO - DAG(s) 'example_branch_operator' retrieved from /home/airflow/.local/lib/python3.12/site-packages/airflow/example_dags/example_branch_operator.py
[2024-04-09T18:58:06.141+0000] {logging_mixin.py:188} INFO - [2024-04-09T18:58:06.141+0000] {dag.py:3096} INFO - Sync 1 DAGs
[2024-04-09T18:58:06.169+0000] {logging_mixin.py:188} INFO - [2024-04-09T18:58:06.169+0000] {dag.py:3954} INFO - Setting next_dagrun for example_branch_operator to 2024-04-08 00:00:00+00:00, run_after=2024-04-09 00:00:00+00:00
[2024-04-09T18:58:06.196+0000] {processor.py:183} INFO - Processing /home/airflow/.local/lib/python3.12/site-packages/airflow/example_dags/example_branch_operator.py took 0.124 seconds
[2024-04-09T18:58:36.474+0000] {processor.py:161} INFO - Started process (PID=3380) to work on /home/airflow/.local/lib/python3.12/site-packages/airflow/example_dags/example_branch_operator.py
[2024-04-09T18:58:36.475+0000] {processor.py:830} INFO - Processing file /home/airflow/.local/lib/python3.12/site-packages/airflow/example_dags/example_branch_operator.py for tasks to queue
[2024-04-09T18:58:36.476+0000] {logging_mixin.py:188} INFO - [2024-04-09T18:58:36.476+0000] {dagbag.py:540} INFO - Filling up the DagBag from /home/airflow/.local/lib/python3.12/site-packages/airflow/example_dags/example_branch_operator.py
[2024-04-09T18:58:36.494+0000] {processor.py:840} INFO - DAG(s) 'example_branch_operator' retrieved from /home/airflow/.local/lib/python3.12/site-packages/airflow/example_dags/example_branch_operator.py
[2024-04-09T18:58:36.519+0000] {logging_mixin.py:188} INFO - [2024-04-09T18:58:36.519+0000] {dag.py:3096} INFO - Sync 1 DAGs
[2024-04-09T18:58:36.537+0000] {logging_mixin.py:188} INFO - [2024-04-09T18:58:36.537+0000] {dag.py:3954} INFO - Setting next_dagrun for example_branch_operator to 2024-04-08 00:00:00+00:00, run_after=2024-04-09 00:00:00+00:00
[2024-04-09T18:58:36.560+0000] {processor.py:183} INFO - Processing /home/airflow/.local/lib/python3.12/site-packages/airflow/example_dags/example_branch_operator.py took 0.090 seconds
[2024-04-09T18:59:06.769+0000] {processor.py:161} INFO - Started process (PID=3651) to work on /home/airflow/.local/lib/python3.12/site-packages/airflow/example_dags/example_branch_operator.py
[2024-04-09T18:59:06.770+0000] {processor.py:830} INFO - Processing file /home/airflow/.local/lib/python3.12/site-packages/airflow/example_dags/example_branch_operator.py for tasks to queue
[2024-04-09T18:59:06.772+0000] {logging_mixin.py:188} INFO - [2024-04-09T18:59:06.771+0000] {dagbag.py:540} INFO - Filling up the DagBag from /home/airflow/.local/lib/python3.12/site-packages/airflow/example_dags/example_branch_operator.py
[2024-04-09T18:59:06.786+0000] {processor.py:840} INFO - DAG(s) 'example_branch_operator' retrieved from /home/airflow/.local/lib/python3.12/site-packages/airflow/example_dags/example_branch_operator.py
[2024-04-09T18:59:06.823+0000] {logging_mixin.py:188} INFO - [2024-04-09T18:59:06.823+0000] {dag.py:3096} INFO - Sync 1 DAGs
[2024-04-09T18:59:06.852+0000] {logging_mixin.py:188} INFO - [2024-04-09T18:59:06.852+0000] {dag.py:3954} INFO - Setting next_dagrun for example_branch_operator to 2024-04-08 00:00:00+00:00, run_after=2024-04-09 00:00:00+00:00
[2024-04-09T18:59:06.874+0000] {processor.py:183} INFO - Processing /home/airflow/.local/lib/python3.12/site-packages/airflow/example_dags/example_branch_operator.py took 0.109 seconds
[2024-04-09T18:59:37.243+0000] {processor.py:161} INFO - Started process (PID=3923) to work on /home/airflow/.local/lib/python3.12/site-packages/airflow/example_dags/example_branch_operator.py
[2024-04-09T18:59:37.244+0000] {processor.py:830} INFO - Processing file /home/airflow/.local/lib/python3.12/site-packages/airflow/example_dags/example_branch_operator.py for tasks to queue
[2024-04-09T18:59:37.246+0000] {logging_mixin.py:188} INFO - [2024-04-09T18:59:37.246+0000] {dagbag.py:540} INFO - Filling up the DagBag from /home/airflow/.local/lib/python3.12/site-packages/airflow/example_dags/example_branch_operator.py
[2024-04-09T18:59:37.281+0000] {processor.py:840} INFO - DAG(s) 'example_branch_operator' retrieved from /home/airflow/.local/lib/python3.12/site-packages/airflow/example_dags/example_branch_operator.py
[2024-04-09T18:59:37.332+0000] {logging_mixin.py:188} INFO - [2024-04-09T18:59:37.332+0000] {dag.py:3096} INFO - Sync 1 DAGs
[2024-04-09T18:59:37.376+0000] {logging_mixin.py:188} INFO - [2024-04-09T18:59:37.376+0000] {dag.py:3954} INFO - Setting next_dagrun for example_branch_operator to 2024-04-08 00:00:00+00:00, run_after=2024-04-09 00:00:00+00:00
[2024-04-09T18:59:37.429+0000] {processor.py:183} INFO - Processing /home/airflow/.local/lib/python3.12/site-packages/airflow/example_dags/example_branch_operator.py took 0.193 seconds
[2024-04-09T19:00:07.604+0000] {processor.py:161} INFO - Started process (PID=4201) to work on /home/airflow/.local/lib/python3.12/site-packages/airflow/example_dags/example_branch_operator.py
[2024-04-09T19:00:07.605+0000] {processor.py:830} INFO - Processing file /home/airflow/.local/lib/python3.12/site-packages/airflow/example_dags/example_branch_operator.py for tasks to queue
[2024-04-09T19:00:07.606+0000] {logging_mixin.py:188} INFO - [2024-04-09T19:00:07.606+0000] {dagbag.py:540} INFO - Filling up the DagBag from /home/airflow/.local/lib/python3.12/site-packages/airflow/example_dags/example_branch_operator.py
[2024-04-09T19:00:07.620+0000] {processor.py:840} INFO - DAG(s) 'example_branch_operator' retrieved from /home/airflow/.local/lib/python3.12/site-packages/airflow/example_dags/example_branch_operator.py
[2024-04-09T19:00:07.644+0000] {logging_mixin.py:188} INFO - [2024-04-09T19:00:07.644+0000] {dag.py:3096} INFO - Sync 1 DAGs
[2024-04-09T19:00:07.663+0000] {logging_mixin.py:188} INFO - [2024-04-09T19:00:07.663+0000] {dag.py:3954} INFO - Setting next_dagrun for example_branch_operator to 2024-04-08 00:00:00+00:00, run_after=2024-04-09 00:00:00+00:00
[2024-04-09T19:00:07.682+0000] {processor.py:183} INFO - Processing /home/airflow/.local/lib/python3.12/site-packages/airflow/example_dags/example_branch_operator.py took 0.083 seconds
[2024-04-09T19:00:38.533+0000] {processor.py:161} INFO - Started process (PID=4474) to work on /home/airflow/.local/lib/python3.12/site-packages/airflow/example_dags/example_branch_operator.py
[2024-04-09T19:00:38.534+0000] {processor.py:830} INFO - Processing file /home/airflow/.local/lib/python3.12/site-packages/airflow/example_dags/example_branch_operator.py for tasks to queue
[2024-04-09T19:00:38.535+0000] {logging_mixin.py:188} INFO - [2024-04-09T19:00:38.535+0000] {dagbag.py:540} INFO - Filling up the DagBag from /home/airflow/.local/lib/python3.12/site-packages/airflow/example_dags/example_branch_operator.py
[2024-04-09T19:00:38.556+0000] {processor.py:840} INFO - DAG(s) 'example_branch_operator' retrieved from /home/airflow/.local/lib/python3.12/site-packages/airflow/example_dags/example_branch_operator.py
[2024-04-09T19:00:38.595+0000] {logging_mixin.py:188} INFO - [2024-04-09T19:00:38.595+0000] {dag.py:3096} INFO - Sync 1 DAGs
[2024-04-09T19:00:38.623+0000] {logging_mixin.py:188} INFO - [2024-04-09T19:00:38.623+0000] {dag.py:3954} INFO - Setting next_dagrun for example_branch_operator to 2024-04-08 00:00:00+00:00, run_after=2024-04-09 00:00:00+00:00
[2024-04-09T19:00:38.644+0000] {processor.py:183} INFO - Processing /home/airflow/.local/lib/python3.12/site-packages/airflow/example_dags/example_branch_operator.py took 0.115 seconds
[2024-04-09T19:01:08.819+0000] {processor.py:161} INFO - Started process (PID=4746) to work on /home/airflow/.local/lib/python3.12/site-packages/airflow/example_dags/example_branch_operator.py
[2024-04-09T19:01:08.819+0000] {processor.py:830} INFO - Processing file /home/airflow/.local/lib/python3.12/site-packages/airflow/example_dags/example_branch_operator.py for tasks to queue
[2024-04-09T19:01:08.821+0000] {logging_mixin.py:188} INFO - [2024-04-09T19:01:08.821+0000] {dagbag.py:540} INFO - Filling up the DagBag from /home/airflow/.local/lib/python3.12/site-packages/airflow/example_dags/example_branch_operator.py
[2024-04-09T19:01:08.835+0000] {processor.py:840} INFO - DAG(s) 'example_branch_operator' retrieved from /home/airflow/.local/lib/python3.12/site-packages/airflow/example_dags/example_branch_operator.py
[2024-04-09T19:01:08.859+0000] {logging_mixin.py:188} INFO - [2024-04-09T19:01:08.859+0000] {dag.py:3096} INFO - Sync 1 DAGs
[2024-04-09T19:01:08.877+0000] {logging_mixin.py:188} INFO - [2024-04-09T19:01:08.877+0000] {dag.py:3954} INFO - Setting next_dagrun for example_branch_operator to 2024-04-08 00:00:00+00:00, run_after=2024-04-09 00:00:00+00:00
[2024-04-09T19:01:08.896+0000] {processor.py:183} INFO - Processing /home/airflow/.local/lib/python3.12/site-packages/airflow/example_dags/example_branch_operator.py took 0.082 seconds
[2024-04-09T19:01:39.171+0000] {processor.py:161} INFO - Started process (PID=5018) to work on /home/airflow/.local/lib/python3.12/site-packages/airflow/example_dags/example_branch_operator.py
[2024-04-09T19:01:39.172+0000] {processor.py:830} INFO - Processing file /home/airflow/.local/lib/python3.12/site-packages/airflow/example_dags/example_branch_operator.py for tasks to queue
[2024-04-09T19:01:39.173+0000] {logging_mixin.py:188} INFO - [2024-04-09T19:01:39.173+0000] {dagbag.py:540} INFO - Filling up the DagBag from /home/airflow/.local/lib/python3.12/site-packages/airflow/example_dags/example_branch_operator.py
[2024-04-09T19:01:39.189+0000] {processor.py:840} INFO - DAG(s) 'example_branch_operator' retrieved from /home/airflow/.local/lib/python3.12/site-packages/airflow/example_dags/example_branch_operator.py
[2024-04-09T19:01:39.213+0000] {logging_mixin.py:188} INFO - [2024-04-09T19:01:39.213+0000] {dag.py:3096} INFO - Sync 1 DAGs
[2024-04-09T19:01:39.233+0000] {logging_mixin.py:188} INFO - [2024-04-09T19:01:39.233+0000] {dag.py:3954} INFO - Setting next_dagrun for example_branch_operator to 2024-04-08 00:00:00+00:00, run_after=2024-04-09 00:00:00+00:00
[2024-04-09T19:01:39.252+0000] {processor.py:183} INFO - Processing /home/airflow/.local/lib/python3.12/site-packages/airflow/example_dags/example_branch_operator.py took 0.085 seconds
[2024-04-09T19:02:09.500+0000] {processor.py:161} INFO - Started process (PID=5290) to work on /home/airflow/.local/lib/python3.12/site-packages/airflow/example_dags/example_branch_operator.py
[2024-04-09T19:02:09.501+0000] {processor.py:830} INFO - Processing file /home/airflow/.local/lib/python3.12/site-packages/airflow/example_dags/example_branch_operator.py for tasks to queue
[2024-04-09T19:02:09.502+0000] {logging_mixin.py:188} INFO - [2024-04-09T19:02:09.502+0000] {dagbag.py:540} INFO - Filling up the DagBag from /home/airflow/.local/lib/python3.12/site-packages/airflow/example_dags/example_branch_operator.py
[2024-04-09T19:02:09.516+0000] {processor.py:840} INFO - DAG(s) 'example_branch_operator' retrieved from /home/airflow/.local/lib/python3.12/site-packages/airflow/example_dags/example_branch_operator.py
[2024-04-09T19:02:09.547+0000] {logging_mixin.py:188} INFO - [2024-04-09T19:02:09.547+0000] {dag.py:3096} INFO - Sync 1 DAGs
[2024-04-09T19:02:09.578+0000] {logging_mixin.py:188} INFO - [2024-04-09T19:02:09.578+0000] {dag.py:3954} INFO - Setting next_dagrun for example_branch_operator to 2024-04-08 00:00:00+00:00, run_after=2024-04-09 00:00:00+00:00
[2024-04-09T19:02:09.598+0000] {processor.py:183} INFO - Processing /home/airflow/.local/lib/python3.12/site-packages/airflow/example_dags/example_branch_operator.py took 0.102 seconds
[2024-04-09T19:02:39.688+0000] {processor.py:161} INFO - Started process (PID=5560) to work on /home/airflow/.local/lib/python3.12/site-packages/airflow/example_dags/example_branch_operator.py
[2024-04-09T19:02:39.690+0000] {processor.py:830} INFO - Processing file /home/airflow/.local/lib/python3.12/site-packages/airflow/example_dags/example_branch_operator.py for tasks to queue
[2024-04-09T19:02:39.692+0000] {logging_mixin.py:188} INFO - [2024-04-09T19:02:39.691+0000] {dagbag.py:540} INFO - Filling up the DagBag from /home/airflow/.local/lib/python3.12/site-packages/airflow/example_dags/example_branch_operator.py
[2024-04-09T19:02:39.712+0000] {processor.py:840} INFO - DAG(s) 'example_branch_operator' retrieved from /home/airflow/.local/lib/python3.12/site-packages/airflow/example_dags/example_branch_operator.py
[2024-04-09T19:02:39.754+0000] {logging_mixin.py:188} INFO - [2024-04-09T19:02:39.753+0000] {dag.py:3096} INFO - Sync 1 DAGs
[2024-04-09T19:02:39.780+0000] {logging_mixin.py:188} INFO - [2024-04-09T19:02:39.780+0000] {dag.py:3954} INFO - Setting next_dagrun for example_branch_operator to 2024-04-08 00:00:00+00:00, run_after=2024-04-09 00:00:00+00:00
[2024-04-09T19:02:39.803+0000] {processor.py:183} INFO - Processing /home/airflow/.local/lib/python3.12/site-packages/airflow/example_dags/example_branch_operator.py took 0.121 seconds
[2024-04-09T19:03:10.014+0000] {processor.py:161} INFO - Started process (PID=5834) to work on /home/airflow/.local/lib/python3.12/site-packages/airflow/example_dags/example_branch_operator.py
[2024-04-09T19:03:10.015+0000] {processor.py:830} INFO - Processing file /home/airflow/.local/lib/python3.12/site-packages/airflow/example_dags/example_branch_operator.py for tasks to queue
[2024-04-09T19:03:10.017+0000] {logging_mixin.py:188} INFO - [2024-04-09T19:03:10.016+0000] {dagbag.py:540} INFO - Filling up the DagBag from /home/airflow/.local/lib/python3.12/site-packages/airflow/example_dags/example_branch_operator.py
[2024-04-09T19:03:10.043+0000] {processor.py:840} INFO - DAG(s) 'example_branch_operator' retrieved from /home/airflow/.local/lib/python3.12/site-packages/airflow/example_dags/example_branch_operator.py
[2024-04-09T19:03:10.085+0000] {logging_mixin.py:188} INFO - [2024-04-09T19:03:10.084+0000] {dag.py:3096} INFO - Sync 1 DAGs
[2024-04-09T19:03:10.111+0000] {logging_mixin.py:188} INFO - [2024-04-09T19:03:10.111+0000] {dag.py:3954} INFO - Setting next_dagrun for example_branch_operator to 2024-04-08 00:00:00+00:00, run_after=2024-04-09 00:00:00+00:00
[2024-04-09T19:03:10.133+0000] {processor.py:183} INFO - Processing /home/airflow/.local/lib/python3.12/site-packages/airflow/example_dags/example_branch_operator.py took 0.125 seconds
[2024-04-09T19:03:40.174+0000] {processor.py:161} INFO - Started process (PID=6107) to work on /home/airflow/.local/lib/python3.12/site-packages/airflow/example_dags/example_branch_operator.py
[2024-04-09T19:03:40.175+0000] {processor.py:830} INFO - Processing file /home/airflow/.local/lib/python3.12/site-packages/airflow/example_dags/example_branch_operator.py for tasks to queue
[2024-04-09T19:03:40.177+0000] {logging_mixin.py:188} INFO - [2024-04-09T19:03:40.177+0000] {dagbag.py:540} INFO - Filling up the DagBag from /home/airflow/.local/lib/python3.12/site-packages/airflow/example_dags/example_branch_operator.py
[2024-04-09T19:03:40.191+0000] {processor.py:840} INFO - DAG(s) 'example_branch_operator' retrieved from /home/airflow/.local/lib/python3.12/site-packages/airflow/example_dags/example_branch_operator.py
[2024-04-09T19:03:40.215+0000] {logging_mixin.py:188} INFO - [2024-04-09T19:03:40.215+0000] {dag.py:3096} INFO - Sync 1 DAGs
[2024-04-09T19:03:40.234+0000] {logging_mixin.py:188} INFO - [2024-04-09T19:03:40.233+0000] {dag.py:3954} INFO - Setting next_dagrun for example_branch_operator to 2024-04-08 00:00:00+00:00, run_after=2024-04-09 00:00:00+00:00
[2024-04-09T19:03:40.254+0000] {processor.py:183} INFO - Processing /home/airflow/.local/lib/python3.12/site-packages/airflow/example_dags/example_branch_operator.py took 0.085 seconds
[2024-04-09T19:04:10.862+0000] {processor.py:161} INFO - Started process (PID=6380) to work on /home/airflow/.local/lib/python3.12/site-packages/airflow/example_dags/example_branch_operator.py
[2024-04-09T19:04:10.862+0000] {processor.py:830} INFO - Processing file /home/airflow/.local/lib/python3.12/site-packages/airflow/example_dags/example_branch_operator.py for tasks to queue
[2024-04-09T19:04:10.864+0000] {logging_mixin.py:188} INFO - [2024-04-09T19:04:10.863+0000] {dagbag.py:540} INFO - Filling up the DagBag from /home/airflow/.local/lib/python3.12/site-packages/airflow/example_dags/example_branch_operator.py
[2024-04-09T19:04:10.878+0000] {processor.py:840} INFO - DAG(s) 'example_branch_operator' retrieved from /home/airflow/.local/lib/python3.12/site-packages/airflow/example_dags/example_branch_operator.py
[2024-04-09T19:04:10.905+0000] {logging_mixin.py:188} INFO - [2024-04-09T19:04:10.904+0000] {dag.py:3096} INFO - Sync 1 DAGs
[2024-04-09T19:04:10.924+0000] {logging_mixin.py:188} INFO - [2024-04-09T19:04:10.923+0000] {dag.py:3954} INFO - Setting next_dagrun for example_branch_operator to 2024-04-08 00:00:00+00:00, run_after=2024-04-09 00:00:00+00:00
[2024-04-09T19:04:10.943+0000] {processor.py:183} INFO - Processing /home/airflow/.local/lib/python3.12/site-packages/airflow/example_dags/example_branch_operator.py took 0.086 seconds
[2024-04-09T19:04:41.052+0000] {processor.py:161} INFO - Started process (PID=6653) to work on /home/airflow/.local/lib/python3.12/site-packages/airflow/example_dags/example_branch_operator.py
[2024-04-09T19:04:41.054+0000] {processor.py:830} INFO - Processing file /home/airflow/.local/lib/python3.12/site-packages/airflow/example_dags/example_branch_operator.py for tasks to queue
[2024-04-09T19:04:41.056+0000] {logging_mixin.py:188} INFO - [2024-04-09T19:04:41.056+0000] {dagbag.py:540} INFO - Filling up the DagBag from /home/airflow/.local/lib/python3.12/site-packages/airflow/example_dags/example_branch_operator.py
[2024-04-09T19:04:41.078+0000] {processor.py:840} INFO - DAG(s) 'example_branch_operator' retrieved from /home/airflow/.local/lib/python3.12/site-packages/airflow/example_dags/example_branch_operator.py
[2024-04-09T19:04:41.124+0000] {logging_mixin.py:188} INFO - [2024-04-09T19:04:41.124+0000] {dag.py:3096} INFO - Sync 1 DAGs
[2024-04-09T19:04:41.148+0000] {logging_mixin.py:188} INFO - [2024-04-09T19:04:41.148+0000] {dag.py:3954} INFO - Setting next_dagrun for example_branch_operator to 2024-04-08 00:00:00+00:00, run_after=2024-04-09 00:00:00+00:00
[2024-04-09T19:04:41.168+0000] {processor.py:183} INFO - Processing /home/airflow/.local/lib/python3.12/site-packages/airflow/example_dags/example_branch_operator.py took 0.123 seconds
[2024-04-09T19:05:11.618+0000] {processor.py:161} INFO - Started process (PID=6926) to work on /home/airflow/.local/lib/python3.12/site-packages/airflow/example_dags/example_branch_operator.py
[2024-04-09T19:05:11.619+0000] {processor.py:830} INFO - Processing file /home/airflow/.local/lib/python3.12/site-packages/airflow/example_dags/example_branch_operator.py for tasks to queue
[2024-04-09T19:05:11.621+0000] {logging_mixin.py:188} INFO - [2024-04-09T19:05:11.620+0000] {dagbag.py:540} INFO - Filling up the DagBag from /home/airflow/.local/lib/python3.12/site-packages/airflow/example_dags/example_branch_operator.py
[2024-04-09T19:05:11.643+0000] {processor.py:840} INFO - DAG(s) 'example_branch_operator' retrieved from /home/airflow/.local/lib/python3.12/site-packages/airflow/example_dags/example_branch_operator.py
[2024-04-09T19:05:11.682+0000] {logging_mixin.py:188} INFO - [2024-04-09T19:05:11.682+0000] {dag.py:3096} INFO - Sync 1 DAGs
[2024-04-09T19:05:11.870+0000] {logging_mixin.py:188} INFO - [2024-04-09T19:05:11.870+0000] {dag.py:3954} INFO - Setting next_dagrun for example_branch_operator to 2024-04-08 00:00:00+00:00, run_after=2024-04-09 00:00:00+00:00
[2024-04-09T19:05:11.893+0000] {processor.py:183} INFO - Processing /home/airflow/.local/lib/python3.12/site-packages/airflow/example_dags/example_branch_operator.py took 0.282 seconds
[2024-04-09T19:05:42.015+0000] {processor.py:161} INFO - Started process (PID=7196) to work on /home/airflow/.local/lib/python3.12/site-packages/airflow/example_dags/example_branch_operator.py
[2024-04-09T19:05:42.017+0000] {processor.py:830} INFO - Processing file /home/airflow/.local/lib/python3.12/site-packages/airflow/example_dags/example_branch_operator.py for tasks to queue
[2024-04-09T19:05:42.019+0000] {logging_mixin.py:188} INFO - [2024-04-09T19:05:42.018+0000] {dagbag.py:540} INFO - Filling up the DagBag from /home/airflow/.local/lib/python3.12/site-packages/airflow/example_dags/example_branch_operator.py
[2024-04-09T19:05:42.045+0000] {processor.py:840} INFO - DAG(s) 'example_branch_operator' retrieved from /home/airflow/.local/lib/python3.12/site-packages/airflow/example_dags/example_branch_operator.py
[2024-04-09T19:05:42.082+0000] {logging_mixin.py:188} INFO - [2024-04-09T19:05:42.082+0000] {dag.py:3096} INFO - Sync 1 DAGs
[2024-04-09T19:05:42.113+0000] {logging_mixin.py:188} INFO - [2024-04-09T19:05:42.113+0000] {dag.py:3954} INFO - Setting next_dagrun for example_branch_operator to 2024-04-08 00:00:00+00:00, run_after=2024-04-09 00:00:00+00:00
[2024-04-09T19:05:42.291+0000] {processor.py:183} INFO - Processing /home/airflow/.local/lib/python3.12/site-packages/airflow/example_dags/example_branch_operator.py took 0.283 seconds
[2024-04-09T19:06:12.799+0000] {processor.py:161} INFO - Started process (PID=7470) to work on /home/airflow/.local/lib/python3.12/site-packages/airflow/example_dags/example_branch_operator.py
[2024-04-09T19:06:12.800+0000] {processor.py:830} INFO - Processing file /home/airflow/.local/lib/python3.12/site-packages/airflow/example_dags/example_branch_operator.py for tasks to queue
[2024-04-09T19:06:12.801+0000] {logging_mixin.py:188} INFO - [2024-04-09T19:06:12.801+0000] {dagbag.py:540} INFO - Filling up the DagBag from /home/airflow/.local/lib/python3.12/site-packages/airflow/example_dags/example_branch_operator.py
[2024-04-09T19:06:12.816+0000] {processor.py:840} INFO - DAG(s) 'example_branch_operator' retrieved from /home/airflow/.local/lib/python3.12/site-packages/airflow/example_dags/example_branch_operator.py
[2024-04-09T19:06:12.840+0000] {logging_mixin.py:188} INFO - [2024-04-09T19:06:12.840+0000] {dag.py:3096} INFO - Sync 1 DAGs
[2024-04-09T19:06:12.860+0000] {logging_mixin.py:188} INFO - [2024-04-09T19:06:12.860+0000] {dag.py:3954} INFO - Setting next_dagrun for example_branch_operator to 2024-04-08 00:00:00+00:00, run_after=2024-04-09 00:00:00+00:00
[2024-04-09T19:06:12.878+0000] {processor.py:183} INFO - Processing /home/airflow/.local/lib/python3.12/site-packages/airflow/example_dags/example_branch_operator.py took 0.084 seconds
[2024-04-09T19:06:42.947+0000] {processor.py:161} INFO - Started process (PID=7743) to work on /home/airflow/.local/lib/python3.12/site-packages/airflow/example_dags/example_branch_operator.py
[2024-04-09T19:06:42.948+0000] {processor.py:830} INFO - Processing file /home/airflow/.local/lib/python3.12/site-packages/airflow/example_dags/example_branch_operator.py for tasks to queue
[2024-04-09T19:06:42.949+0000] {logging_mixin.py:188} INFO - [2024-04-09T19:06:42.949+0000] {dagbag.py:540} INFO - Filling up the DagBag from /home/airflow/.local/lib/python3.12/site-packages/airflow/example_dags/example_branch_operator.py
[2024-04-09T19:06:42.976+0000] {processor.py:840} INFO - DAG(s) 'example_branch_operator' retrieved from /home/airflow/.local/lib/python3.12/site-packages/airflow/example_dags/example_branch_operator.py
[2024-04-09T19:06:43.000+0000] {logging_mixin.py:188} INFO - [2024-04-09T19:06:43.000+0000] {dag.py:3096} INFO - Sync 1 DAGs
[2024-04-09T19:06:43.019+0000] {logging_mixin.py:188} INFO - [2024-04-09T19:06:43.019+0000] {dag.py:3954} INFO - Setting next_dagrun for example_branch_operator to 2024-04-08 00:00:00+00:00, run_after=2024-04-09 00:00:00+00:00
[2024-04-09T19:06:43.039+0000] {processor.py:183} INFO - Processing /home/airflow/.local/lib/python3.12/site-packages/airflow/example_dags/example_branch_operator.py took 0.097 seconds
[2024-04-09T19:07:13.817+0000] {processor.py:161} INFO - Started process (PID=8014) to work on /home/airflow/.local/lib/python3.12/site-packages/airflow/example_dags/example_branch_operator.py
[2024-04-09T19:07:13.818+0000] {processor.py:830} INFO - Processing file /home/airflow/.local/lib/python3.12/site-packages/airflow/example_dags/example_branch_operator.py for tasks to queue
[2024-04-09T19:07:13.819+0000] {logging_mixin.py:188} INFO - [2024-04-09T19:07:13.819+0000] {dagbag.py:540} INFO - Filling up the DagBag from /home/airflow/.local/lib/python3.12/site-packages/airflow/example_dags/example_branch_operator.py
[2024-04-09T19:07:13.833+0000] {processor.py:840} INFO - DAG(s) 'example_branch_operator' retrieved from /home/airflow/.local/lib/python3.12/site-packages/airflow/example_dags/example_branch_operator.py
[2024-04-09T19:07:13.857+0000] {logging_mixin.py:188} INFO - [2024-04-09T19:07:13.857+0000] {dag.py:3096} INFO - Sync 1 DAGs
[2024-04-09T19:07:13.887+0000] {logging_mixin.py:188} INFO - [2024-04-09T19:07:13.886+0000] {dag.py:3954} INFO - Setting next_dagrun for example_branch_operator to 2024-04-08 00:00:00+00:00, run_after=2024-04-09 00:00:00+00:00
[2024-04-09T19:07:13.909+0000] {processor.py:183} INFO - Processing /home/airflow/.local/lib/python3.12/site-packages/airflow/example_dags/example_branch_operator.py took 0.098 seconds
[2024-04-09T19:07:44.434+0000] {processor.py:161} INFO - Started process (PID=8286) to work on /home/airflow/.local/lib/python3.12/site-packages/airflow/example_dags/example_branch_operator.py
[2024-04-09T19:07:44.434+0000] {processor.py:830} INFO - Processing file /home/airflow/.local/lib/python3.12/site-packages/airflow/example_dags/example_branch_operator.py for tasks to queue
[2024-04-09T19:07:44.436+0000] {logging_mixin.py:188} INFO - [2024-04-09T19:07:44.436+0000] {dagbag.py:540} INFO - Filling up the DagBag from /home/airflow/.local/lib/python3.12/site-packages/airflow/example_dags/example_branch_operator.py
[2024-04-09T19:07:44.451+0000] {processor.py:840} INFO - DAG(s) 'example_branch_operator' retrieved from /home/airflow/.local/lib/python3.12/site-packages/airflow/example_dags/example_branch_operator.py
[2024-04-09T19:07:44.475+0000] {logging_mixin.py:188} INFO - [2024-04-09T19:07:44.475+0000] {dag.py:3096} INFO - Sync 1 DAGs
[2024-04-09T19:07:44.493+0000] {logging_mixin.py:188} INFO - [2024-04-09T19:07:44.493+0000] {dag.py:3954} INFO - Setting next_dagrun for example_branch_operator to 2024-04-08 00:00:00+00:00, run_after=2024-04-09 00:00:00+00:00
[2024-04-09T19:07:44.512+0000] {processor.py:183} INFO - Processing /home/airflow/.local/lib/python3.12/site-packages/airflow/example_dags/example_branch_operator.py took 0.084 seconds
[2024-04-09T19:08:15.324+0000] {processor.py:161} INFO - Started process (PID=8558) to work on /home/airflow/.local/lib/python3.12/site-packages/airflow/example_dags/example_branch_operator.py
[2024-04-09T19:08:15.325+0000] {processor.py:830} INFO - Processing file /home/airflow/.local/lib/python3.12/site-packages/airflow/example_dags/example_branch_operator.py for tasks to queue
[2024-04-09T19:08:15.327+0000] {logging_mixin.py:188} INFO - [2024-04-09T19:08:15.326+0000] {dagbag.py:540} INFO - Filling up the DagBag from /home/airflow/.local/lib/python3.12/site-packages/airflow/example_dags/example_branch_operator.py
[2024-04-09T19:08:15.345+0000] {processor.py:840} INFO - DAG(s) 'example_branch_operator' retrieved from /home/airflow/.local/lib/python3.12/site-packages/airflow/example_dags/example_branch_operator.py
[2024-04-09T19:08:15.380+0000] {logging_mixin.py:188} INFO - [2024-04-09T19:08:15.379+0000] {dag.py:3096} INFO - Sync 1 DAGs
[2024-04-09T19:08:15.412+0000] {logging_mixin.py:188} INFO - [2024-04-09T19:08:15.411+0000] {dag.py:3954} INFO - Setting next_dagrun for example_branch_operator to 2024-04-08 00:00:00+00:00, run_after=2024-04-09 00:00:00+00:00
[2024-04-09T19:08:15.437+0000] {processor.py:183} INFO - Processing /home/airflow/.local/lib/python3.12/site-packages/airflow/example_dags/example_branch_operator.py took 0.121 seconds
[2024-04-09T19:08:45.583+0000] {processor.py:161} INFO - Started process (PID=8829) to work on /home/airflow/.local/lib/python3.12/site-packages/airflow/example_dags/example_branch_operator.py
[2024-04-09T19:08:45.584+0000] {processor.py:830} INFO - Processing file /home/airflow/.local/lib/python3.12/site-packages/airflow/example_dags/example_branch_operator.py for tasks to queue
[2024-04-09T19:08:45.588+0000] {logging_mixin.py:188} INFO - [2024-04-09T19:08:45.587+0000] {dagbag.py:540} INFO - Filling up the DagBag from /home/airflow/.local/lib/python3.12/site-packages/airflow/example_dags/example_branch_operator.py
[2024-04-09T19:08:45.634+0000] {processor.py:840} INFO - DAG(s) 'example_branch_operator' retrieved from /home/airflow/.local/lib/python3.12/site-packages/airflow/example_dags/example_branch_operator.py
[2024-04-09T19:08:45.682+0000] {logging_mixin.py:188} INFO - [2024-04-09T19:08:45.682+0000] {dag.py:3096} INFO - Sync 1 DAGs
[2024-04-09T19:08:45.725+0000] {logging_mixin.py:188} INFO - [2024-04-09T19:08:45.725+0000] {dag.py:3954} INFO - Setting next_dagrun for example_branch_operator to 2024-04-08 00:00:00+00:00, run_after=2024-04-09 00:00:00+00:00
[2024-04-09T19:08:45.749+0000] {processor.py:183} INFO - Processing /home/airflow/.local/lib/python3.12/site-packages/airflow/example_dags/example_branch_operator.py took 0.177 seconds
[2024-04-09T19:09:16.394+0000] {processor.py:161} INFO - Started process (PID=9103) to work on /home/airflow/.local/lib/python3.12/site-packages/airflow/example_dags/example_branch_operator.py
[2024-04-09T19:09:16.394+0000] {processor.py:830} INFO - Processing file /home/airflow/.local/lib/python3.12/site-packages/airflow/example_dags/example_branch_operator.py for tasks to queue
[2024-04-09T19:09:16.396+0000] {logging_mixin.py:188} INFO - [2024-04-09T19:09:16.396+0000] {dagbag.py:540} INFO - Filling up the DagBag from /home/airflow/.local/lib/python3.12/site-packages/airflow/example_dags/example_branch_operator.py
[2024-04-09T19:09:16.410+0000] {processor.py:840} INFO - DAG(s) 'example_branch_operator' retrieved from /home/airflow/.local/lib/python3.12/site-packages/airflow/example_dags/example_branch_operator.py
[2024-04-09T19:09:16.434+0000] {logging_mixin.py:188} INFO - [2024-04-09T19:09:16.434+0000] {dag.py:3096} INFO - Sync 1 DAGs
[2024-04-09T19:09:16.452+0000] {logging_mixin.py:188} INFO - [2024-04-09T19:09:16.452+0000] {dag.py:3954} INFO - Setting next_dagrun for example_branch_operator to 2024-04-08 00:00:00+00:00, run_after=2024-04-09 00:00:00+00:00
[2024-04-09T19:09:16.472+0000] {processor.py:183} INFO - Processing /home/airflow/.local/lib/python3.12/site-packages/airflow/example_dags/example_branch_operator.py took 0.084 seconds
[2024-04-09T19:09:47.033+0000] {processor.py:161} INFO - Started process (PID=9375) to work on /home/airflow/.local/lib/python3.12/site-packages/airflow/example_dags/example_branch_operator.py
[2024-04-09T19:09:47.034+0000] {processor.py:830} INFO - Processing file /home/airflow/.local/lib/python3.12/site-packages/airflow/example_dags/example_branch_operator.py for tasks to queue
[2024-04-09T19:09:47.036+0000] {logging_mixin.py:188} INFO - [2024-04-09T19:09:47.035+0000] {dagbag.py:540} INFO - Filling up the DagBag from /home/airflow/.local/lib/python3.12/site-packages/airflow/example_dags/example_branch_operator.py
[2024-04-09T19:09:47.049+0000] {processor.py:840} INFO - DAG(s) 'example_branch_operator' retrieved from /home/airflow/.local/lib/python3.12/site-packages/airflow/example_dags/example_branch_operator.py
[2024-04-09T19:09:47.074+0000] {logging_mixin.py:188} INFO - [2024-04-09T19:09:47.074+0000] {dag.py:3096} INFO - Sync 1 DAGs
[2024-04-09T19:09:47.093+0000] {logging_mixin.py:188} INFO - [2024-04-09T19:09:47.093+0000] {dag.py:3954} INFO - Setting next_dagrun for example_branch_operator to 2024-04-08 00:00:00+00:00, run_after=2024-04-09 00:00:00+00:00
[2024-04-09T19:09:47.111+0000] {processor.py:183} INFO - Processing /home/airflow/.local/lib/python3.12/site-packages/airflow/example_dags/example_branch_operator.py took 0.083 seconds
[2024-04-09T19:10:17.339+0000] {processor.py:161} INFO - Started process (PID=9646) to work on /home/airflow/.local/lib/python3.12/site-packages/airflow/example_dags/example_branch_operator.py
[2024-04-09T19:10:17.340+0000] {processor.py:830} INFO - Processing file /home/airflow/.local/lib/python3.12/site-packages/airflow/example_dags/example_branch_operator.py for tasks to queue
[2024-04-09T19:10:17.342+0000] {logging_mixin.py:188} INFO - [2024-04-09T19:10:17.342+0000] {dagbag.py:540} INFO - Filling up the DagBag from /home/airflow/.local/lib/python3.12/site-packages/airflow/example_dags/example_branch_operator.py
[2024-04-09T19:10:17.362+0000] {processor.py:840} INFO - DAG(s) 'example_branch_operator' retrieved from /home/airflow/.local/lib/python3.12/site-packages/airflow/example_dags/example_branch_operator.py
[2024-04-09T19:10:17.401+0000] {logging_mixin.py:188} INFO - [2024-04-09T19:10:17.401+0000] {dag.py:3096} INFO - Sync 1 DAGs
[2024-04-09T19:10:17.430+0000] {logging_mixin.py:188} INFO - [2024-04-09T19:10:17.430+0000] {dag.py:3954} INFO - Setting next_dagrun for example_branch_operator to 2024-04-08 00:00:00+00:00, run_after=2024-04-09 00:00:00+00:00
[2024-04-09T19:10:17.453+0000] {processor.py:183} INFO - Processing /home/airflow/.local/lib/python3.12/site-packages/airflow/example_dags/example_branch_operator.py took 0.121 seconds
[2024-04-09T19:10:48.154+0000] {processor.py:161} INFO - Started process (PID=9915) to work on /home/airflow/.local/lib/python3.12/site-packages/airflow/example_dags/example_branch_operator.py
[2024-04-09T19:10:48.155+0000] {processor.py:830} INFO - Processing file /home/airflow/.local/lib/python3.12/site-packages/airflow/example_dags/example_branch_operator.py for tasks to queue
[2024-04-09T19:10:48.156+0000] {logging_mixin.py:188} INFO - [2024-04-09T19:10:48.156+0000] {dagbag.py:540} INFO - Filling up the DagBag from /home/airflow/.local/lib/python3.12/site-packages/airflow/example_dags/example_branch_operator.py
[2024-04-09T19:10:48.170+0000] {processor.py:840} INFO - DAG(s) 'example_branch_operator' retrieved from /home/airflow/.local/lib/python3.12/site-packages/airflow/example_dags/example_branch_operator.py
[2024-04-09T19:10:48.195+0000] {logging_mixin.py:188} INFO - [2024-04-09T19:10:48.195+0000] {dag.py:3096} INFO - Sync 1 DAGs
[2024-04-09T19:10:48.214+0000] {logging_mixin.py:188} INFO - [2024-04-09T19:10:48.214+0000] {dag.py:3954} INFO - Setting next_dagrun for example_branch_operator to 2024-04-08 00:00:00+00:00, run_after=2024-04-09 00:00:00+00:00
[2024-04-09T19:10:48.233+0000] {processor.py:183} INFO - Processing /home/airflow/.local/lib/python3.12/site-packages/airflow/example_dags/example_branch_operator.py took 0.084 seconds
[2024-04-09T19:11:18.907+0000] {processor.py:161} INFO - Started process (PID=10187) to work on /home/airflow/.local/lib/python3.12/site-packages/airflow/example_dags/example_branch_operator.py
[2024-04-09T19:11:18.908+0000] {processor.py:830} INFO - Processing file /home/airflow/.local/lib/python3.12/site-packages/airflow/example_dags/example_branch_operator.py for tasks to queue
[2024-04-09T19:11:18.910+0000] {logging_mixin.py:188} INFO - [2024-04-09T19:11:18.909+0000] {dagbag.py:540} INFO - Filling up the DagBag from /home/airflow/.local/lib/python3.12/site-packages/airflow/example_dags/example_branch_operator.py
[2024-04-09T19:11:18.932+0000] {processor.py:840} INFO - DAG(s) 'example_branch_operator' retrieved from /home/airflow/.local/lib/python3.12/site-packages/airflow/example_dags/example_branch_operator.py
[2024-04-09T19:11:18.971+0000] {logging_mixin.py:188} INFO - [2024-04-09T19:11:18.971+0000] {dag.py:3096} INFO - Sync 1 DAGs
[2024-04-09T19:11:18.997+0000] {logging_mixin.py:188} INFO - [2024-04-09T19:11:18.997+0000] {dag.py:3954} INFO - Setting next_dagrun for example_branch_operator to 2024-04-08 00:00:00+00:00, run_after=2024-04-09 00:00:00+00:00
[2024-04-09T19:11:19.023+0000] {processor.py:183} INFO - Processing /home/airflow/.local/lib/python3.12/site-packages/airflow/example_dags/example_branch_operator.py took 0.122 seconds
[2024-04-09T19:11:49.481+0000] {processor.py:161} INFO - Started process (PID=10459) to work on /home/airflow/.local/lib/python3.12/site-packages/airflow/example_dags/example_branch_operator.py
[2024-04-09T19:11:49.483+0000] {processor.py:830} INFO - Processing file /home/airflow/.local/lib/python3.12/site-packages/airflow/example_dags/example_branch_operator.py for tasks to queue
[2024-04-09T19:11:49.486+0000] {logging_mixin.py:188} INFO - [2024-04-09T19:11:49.486+0000] {dagbag.py:540} INFO - Filling up the DagBag from /home/airflow/.local/lib/python3.12/site-packages/airflow/example_dags/example_branch_operator.py
[2024-04-09T19:11:49.532+0000] {processor.py:840} INFO - DAG(s) 'example_branch_operator' retrieved from /home/airflow/.local/lib/python3.12/site-packages/airflow/example_dags/example_branch_operator.py
[2024-04-09T19:11:49.589+0000] {logging_mixin.py:188} INFO - [2024-04-09T19:11:49.588+0000] {dag.py:3096} INFO - Sync 1 DAGs
[2024-04-09T19:11:49.640+0000] {logging_mixin.py:188} INFO - [2024-04-09T19:11:49.639+0000] {dag.py:3954} INFO - Setting next_dagrun for example_branch_operator to 2024-04-08 00:00:00+00:00, run_after=2024-04-09 00:00:00+00:00
[2024-04-09T19:11:49.704+0000] {processor.py:183} INFO - Processing /home/airflow/.local/lib/python3.12/site-packages/airflow/example_dags/example_branch_operator.py took 0.239 seconds
[2024-04-09T19:12:20.283+0000] {processor.py:161} INFO - Started process (PID=10732) to work on /home/airflow/.local/lib/python3.12/site-packages/airflow/example_dags/example_branch_operator.py
[2024-04-09T19:12:20.284+0000] {processor.py:830} INFO - Processing file /home/airflow/.local/lib/python3.12/site-packages/airflow/example_dags/example_branch_operator.py for tasks to queue
[2024-04-09T19:12:20.285+0000] {logging_mixin.py:188} INFO - [2024-04-09T19:12:20.285+0000] {dagbag.py:540} INFO - Filling up the DagBag from /home/airflow/.local/lib/python3.12/site-packages/airflow/example_dags/example_branch_operator.py
[2024-04-09T19:12:20.299+0000] {processor.py:840} INFO - DAG(s) 'example_branch_operator' retrieved from /home/airflow/.local/lib/python3.12/site-packages/airflow/example_dags/example_branch_operator.py
[2024-04-09T19:12:20.324+0000] {logging_mixin.py:188} INFO - [2024-04-09T19:12:20.323+0000] {dag.py:3096} INFO - Sync 1 DAGs
[2024-04-09T19:12:20.342+0000] {logging_mixin.py:188} INFO - [2024-04-09T19:12:20.342+0000] {dag.py:3954} INFO - Setting next_dagrun for example_branch_operator to 2024-04-08 00:00:00+00:00, run_after=2024-04-09 00:00:00+00:00
[2024-04-09T19:12:20.361+0000] {processor.py:183} INFO - Processing /home/airflow/.local/lib/python3.12/site-packages/airflow/example_dags/example_branch_operator.py took 0.083 seconds
[2024-04-09T19:12:51.028+0000] {processor.py:161} INFO - Started process (PID=11005) to work on /home/airflow/.local/lib/python3.12/site-packages/airflow/example_dags/example_branch_operator.py
[2024-04-09T19:12:51.029+0000] {processor.py:830} INFO - Processing file /home/airflow/.local/lib/python3.12/site-packages/airflow/example_dags/example_branch_operator.py for tasks to queue
[2024-04-09T19:12:51.030+0000] {logging_mixin.py:188} INFO - [2024-04-09T19:12:51.030+0000] {dagbag.py:540} INFO - Filling up the DagBag from /home/airflow/.local/lib/python3.12/site-packages/airflow/example_dags/example_branch_operator.py
[2024-04-09T19:12:51.045+0000] {processor.py:840} INFO - DAG(s) 'example_branch_operator' retrieved from /home/airflow/.local/lib/python3.12/site-packages/airflow/example_dags/example_branch_operator.py
[2024-04-09T19:12:51.071+0000] {logging_mixin.py:188} INFO - [2024-04-09T19:12:51.071+0000] {dag.py:3096} INFO - Sync 1 DAGs
[2024-04-09T19:12:51.095+0000] {logging_mixin.py:188} INFO - [2024-04-09T19:12:51.095+0000] {dag.py:3954} INFO - Setting next_dagrun for example_branch_operator to 2024-04-08 00:00:00+00:00, run_after=2024-04-09 00:00:00+00:00
[2024-04-09T19:12:51.114+0000] {processor.py:183} INFO - Processing /home/airflow/.local/lib/python3.12/site-packages/airflow/example_dags/example_branch_operator.py took 0.092 seconds
[2024-04-09T19:13:21.795+0000] {processor.py:161} INFO - Started process (PID=11277) to work on /home/airflow/.local/lib/python3.12/site-packages/airflow/example_dags/example_branch_operator.py
[2024-04-09T19:13:21.798+0000] {processor.py:830} INFO - Processing file /home/airflow/.local/lib/python3.12/site-packages/airflow/example_dags/example_branch_operator.py for tasks to queue
[2024-04-09T19:13:21.800+0000] {logging_mixin.py:188} INFO - [2024-04-09T19:13:21.800+0000] {dagbag.py:540} INFO - Filling up the DagBag from /home/airflow/.local/lib/python3.12/site-packages/airflow/example_dags/example_branch_operator.py
[2024-04-09T19:13:21.832+0000] {processor.py:840} INFO - DAG(s) 'example_branch_operator' retrieved from /home/airflow/.local/lib/python3.12/site-packages/airflow/example_dags/example_branch_operator.py
[2024-04-09T19:13:21.877+0000] {logging_mixin.py:188} INFO - [2024-04-09T19:13:21.877+0000] {dag.py:3096} INFO - Sync 1 DAGs
[2024-04-09T19:13:21.906+0000] {logging_mixin.py:188} INFO - [2024-04-09T19:13:21.906+0000] {dag.py:3954} INFO - Setting next_dagrun for example_branch_operator to 2024-04-08 00:00:00+00:00, run_after=2024-04-09 00:00:00+00:00
[2024-04-09T19:13:21.948+0000] {processor.py:183} INFO - Processing /home/airflow/.local/lib/python3.12/site-packages/airflow/example_dags/example_branch_operator.py took 0.160 seconds
[2024-04-09T19:13:52.335+0000] {processor.py:161} INFO - Started process (PID=11550) to work on /home/airflow/.local/lib/python3.12/site-packages/airflow/example_dags/example_branch_operator.py
[2024-04-09T19:13:52.335+0000] {processor.py:830} INFO - Processing file /home/airflow/.local/lib/python3.12/site-packages/airflow/example_dags/example_branch_operator.py for tasks to queue
[2024-04-09T19:13:52.337+0000] {logging_mixin.py:188} INFO - [2024-04-09T19:13:52.337+0000] {dagbag.py:540} INFO - Filling up the DagBag from /home/airflow/.local/lib/python3.12/site-packages/airflow/example_dags/example_branch_operator.py
[2024-04-09T19:13:52.351+0000] {processor.py:840} INFO - DAG(s) 'example_branch_operator' retrieved from /home/airflow/.local/lib/python3.12/site-packages/airflow/example_dags/example_branch_operator.py
[2024-04-09T19:13:52.375+0000] {logging_mixin.py:188} INFO - [2024-04-09T19:13:52.375+0000] {dag.py:3096} INFO - Sync 1 DAGs
[2024-04-09T19:13:52.395+0000] {logging_mixin.py:188} INFO - [2024-04-09T19:13:52.394+0000] {dag.py:3954} INFO - Setting next_dagrun for example_branch_operator to 2024-04-08 00:00:00+00:00, run_after=2024-04-09 00:00:00+00:00
[2024-04-09T19:13:52.414+0000] {processor.py:183} INFO - Processing /home/airflow/.local/lib/python3.12/site-packages/airflow/example_dags/example_branch_operator.py took 0.084 seconds
[2024-04-09T19:14:23.213+0000] {processor.py:161} INFO - Started process (PID=11822) to work on /home/airflow/.local/lib/python3.12/site-packages/airflow/example_dags/example_branch_operator.py
[2024-04-09T19:14:23.214+0000] {processor.py:830} INFO - Processing file /home/airflow/.local/lib/python3.12/site-packages/airflow/example_dags/example_branch_operator.py for tasks to queue
[2024-04-09T19:14:23.216+0000] {logging_mixin.py:188} INFO - [2024-04-09T19:14:23.215+0000] {dagbag.py:540} INFO - Filling up the DagBag from /home/airflow/.local/lib/python3.12/site-packages/airflow/example_dags/example_branch_operator.py
[2024-04-09T19:14:23.230+0000] {processor.py:840} INFO - DAG(s) 'example_branch_operator' retrieved from /home/airflow/.local/lib/python3.12/site-packages/airflow/example_dags/example_branch_operator.py
[2024-04-09T19:14:23.289+0000] {logging_mixin.py:188} INFO - [2024-04-09T19:14:23.288+0000] {dag.py:3096} INFO - Sync 1 DAGs
[2024-04-09T19:14:23.315+0000] {logging_mixin.py:188} INFO - [2024-04-09T19:14:23.315+0000] {dag.py:3954} INFO - Setting next_dagrun for example_branch_operator to 2024-04-08 00:00:00+00:00, run_after=2024-04-09 00:00:00+00:00
[2024-04-09T19:14:23.338+0000] {processor.py:183} INFO - Processing /home/airflow/.local/lib/python3.12/site-packages/airflow/example_dags/example_branch_operator.py took 0.130 seconds
[2024-04-09T19:14:53.507+0000] {processor.py:161} INFO - Started process (PID=12096) to work on /home/airflow/.local/lib/python3.12/site-packages/airflow/example_dags/example_branch_operator.py
[2024-04-09T19:14:53.508+0000] {processor.py:830} INFO - Processing file /home/airflow/.local/lib/python3.12/site-packages/airflow/example_dags/example_branch_operator.py for tasks to queue
[2024-04-09T19:14:53.509+0000] {logging_mixin.py:188} INFO - [2024-04-09T19:14:53.509+0000] {dagbag.py:540} INFO - Filling up the DagBag from /home/airflow/.local/lib/python3.12/site-packages/airflow/example_dags/example_branch_operator.py
[2024-04-09T19:14:53.524+0000] {processor.py:840} INFO - DAG(s) 'example_branch_operator' retrieved from /home/airflow/.local/lib/python3.12/site-packages/airflow/example_dags/example_branch_operator.py
[2024-04-09T19:14:53.548+0000] {logging_mixin.py:188} INFO - [2024-04-09T19:14:53.548+0000] {dag.py:3096} INFO - Sync 1 DAGs
[2024-04-09T19:14:53.567+0000] {logging_mixin.py:188} INFO - [2024-04-09T19:14:53.567+0000] {dag.py:3954} INFO - Setting next_dagrun for example_branch_operator to 2024-04-08 00:00:00+00:00, run_after=2024-04-09 00:00:00+00:00
[2024-04-09T19:14:53.586+0000] {processor.py:183} INFO - Processing /home/airflow/.local/lib/python3.12/site-packages/airflow/example_dags/example_branch_operator.py took 0.084 seconds
[2024-04-09T19:15:23.747+0000] {processor.py:161} INFO - Started process (PID=12369) to work on /home/airflow/.local/lib/python3.12/site-packages/airflow/example_dags/example_branch_operator.py
[2024-04-09T19:15:23.748+0000] {processor.py:830} INFO - Processing file /home/airflow/.local/lib/python3.12/site-packages/airflow/example_dags/example_branch_operator.py for tasks to queue
[2024-04-09T19:15:23.749+0000] {logging_mixin.py:188} INFO - [2024-04-09T19:15:23.749+0000] {dagbag.py:540} INFO - Filling up the DagBag from /home/airflow/.local/lib/python3.12/site-packages/airflow/example_dags/example_branch_operator.py
[2024-04-09T19:15:23.763+0000] {processor.py:840} INFO - DAG(s) 'example_branch_operator' retrieved from /home/airflow/.local/lib/python3.12/site-packages/airflow/example_dags/example_branch_operator.py
[2024-04-09T19:15:23.788+0000] {logging_mixin.py:188} INFO - [2024-04-09T19:15:23.788+0000] {dag.py:3096} INFO - Sync 1 DAGs
[2024-04-09T19:15:23.807+0000] {logging_mixin.py:188} INFO - [2024-04-09T19:15:23.807+0000] {dag.py:3954} INFO - Setting next_dagrun for example_branch_operator to 2024-04-08 00:00:00+00:00, run_after=2024-04-09 00:00:00+00:00
[2024-04-09T19:15:23.826+0000] {processor.py:183} INFO - Processing /home/airflow/.local/lib/python3.12/site-packages/airflow/example_dags/example_branch_operator.py took 0.084 seconds
[2024-04-09T19:15:54.429+0000] {processor.py:161} INFO - Started process (PID=12641) to work on /home/airflow/.local/lib/python3.12/site-packages/airflow/example_dags/example_branch_operator.py
[2024-04-09T19:15:54.430+0000] {processor.py:830} INFO - Processing file /home/airflow/.local/lib/python3.12/site-packages/airflow/example_dags/example_branch_operator.py for tasks to queue
[2024-04-09T19:15:54.431+0000] {logging_mixin.py:188} INFO - [2024-04-09T19:15:54.431+0000] {dagbag.py:540} INFO - Filling up the DagBag from /home/airflow/.local/lib/python3.12/site-packages/airflow/example_dags/example_branch_operator.py
[2024-04-09T19:15:54.453+0000] {processor.py:840} INFO - DAG(s) 'example_branch_operator' retrieved from /home/airflow/.local/lib/python3.12/site-packages/airflow/example_dags/example_branch_operator.py
[2024-04-09T19:15:54.483+0000] {logging_mixin.py:188} INFO - [2024-04-09T19:15:54.483+0000] {dag.py:3096} INFO - Sync 1 DAGs
[2024-04-09T19:15:54.511+0000] {logging_mixin.py:188} INFO - [2024-04-09T19:15:54.511+0000] {dag.py:3954} INFO - Setting next_dagrun for example_branch_operator to 2024-04-08 00:00:00+00:00, run_after=2024-04-09 00:00:00+00:00
[2024-04-09T19:15:54.550+0000] {processor.py:183} INFO - Processing /home/airflow/.local/lib/python3.12/site-packages/airflow/example_dags/example_branch_operator.py took 0.126 seconds
[2024-04-09T19:16:24.684+0000] {processor.py:161} INFO - Started process (PID=12914) to work on /home/airflow/.local/lib/python3.12/site-packages/airflow/example_dags/example_branch_operator.py
[2024-04-09T19:16:24.685+0000] {processor.py:830} INFO - Processing file /home/airflow/.local/lib/python3.12/site-packages/airflow/example_dags/example_branch_operator.py for tasks to queue
[2024-04-09T19:16:24.686+0000] {logging_mixin.py:188} INFO - [2024-04-09T19:16:24.686+0000] {dagbag.py:540} INFO - Filling up the DagBag from /home/airflow/.local/lib/python3.12/site-packages/airflow/example_dags/example_branch_operator.py
[2024-04-09T19:16:24.702+0000] {processor.py:840} INFO - DAG(s) 'example_branch_operator' retrieved from /home/airflow/.local/lib/python3.12/site-packages/airflow/example_dags/example_branch_operator.py
[2024-04-09T19:16:24.727+0000] {logging_mixin.py:188} INFO - [2024-04-09T19:16:24.727+0000] {dag.py:3096} INFO - Sync 1 DAGs
[2024-04-09T19:16:24.746+0000] {logging_mixin.py:188} INFO - [2024-04-09T19:16:24.746+0000] {dag.py:3954} INFO - Setting next_dagrun for example_branch_operator to 2024-04-08 00:00:00+00:00, run_after=2024-04-09 00:00:00+00:00
[2024-04-09T19:16:24.765+0000] {processor.py:183} INFO - Processing /home/airflow/.local/lib/python3.12/site-packages/airflow/example_dags/example_branch_operator.py took 0.086 seconds
[2024-04-09T19:16:55.699+0000] {processor.py:161} INFO - Started process (PID=13186) to work on /home/airflow/.local/lib/python3.12/site-packages/airflow/example_dags/example_branch_operator.py
[2024-04-09T19:16:55.699+0000] {processor.py:830} INFO - Processing file /home/airflow/.local/lib/python3.12/site-packages/airflow/example_dags/example_branch_operator.py for tasks to queue
[2024-04-09T19:16:55.701+0000] {logging_mixin.py:188} INFO - [2024-04-09T19:16:55.701+0000] {dagbag.py:540} INFO - Filling up the DagBag from /home/airflow/.local/lib/python3.12/site-packages/airflow/example_dags/example_branch_operator.py
[2024-04-09T19:16:55.715+0000] {processor.py:840} INFO - DAG(s) 'example_branch_operator' retrieved from /home/airflow/.local/lib/python3.12/site-packages/airflow/example_dags/example_branch_operator.py
[2024-04-09T19:16:55.739+0000] {logging_mixin.py:188} INFO - [2024-04-09T19:16:55.739+0000] {dag.py:3096} INFO - Sync 1 DAGs
[2024-04-09T19:16:55.758+0000] {logging_mixin.py:188} INFO - [2024-04-09T19:16:55.758+0000] {dag.py:3954} INFO - Setting next_dagrun for example_branch_operator to 2024-04-08 00:00:00+00:00, run_after=2024-04-09 00:00:00+00:00
[2024-04-09T19:16:55.778+0000] {processor.py:183} INFO - Processing /home/airflow/.local/lib/python3.12/site-packages/airflow/example_dags/example_branch_operator.py took 0.084 seconds
[2024-04-09T19:17:26.256+0000] {processor.py:161} INFO - Started process (PID=13458) to work on /home/airflow/.local/lib/python3.12/site-packages/airflow/example_dags/example_branch_operator.py
[2024-04-09T19:17:26.257+0000] {processor.py:830} INFO - Processing file /home/airflow/.local/lib/python3.12/site-packages/airflow/example_dags/example_branch_operator.py for tasks to queue
[2024-04-09T19:17:26.259+0000] {logging_mixin.py:188} INFO - [2024-04-09T19:17:26.259+0000] {dagbag.py:540} INFO - Filling up the DagBag from /home/airflow/.local/lib/python3.12/site-packages/airflow/example_dags/example_branch_operator.py
[2024-04-09T19:17:26.281+0000] {processor.py:840} INFO - DAG(s) 'example_branch_operator' retrieved from /home/airflow/.local/lib/python3.12/site-packages/airflow/example_dags/example_branch_operator.py
[2024-04-09T19:17:26.318+0000] {logging_mixin.py:188} INFO - [2024-04-09T19:17:26.318+0000] {dag.py:3096} INFO - Sync 1 DAGs
[2024-04-09T19:17:26.344+0000] {logging_mixin.py:188} INFO - [2024-04-09T19:17:26.344+0000] {dag.py:3954} INFO - Setting next_dagrun for example_branch_operator to 2024-04-08 00:00:00+00:00, run_after=2024-04-09 00:00:00+00:00
[2024-04-09T19:17:26.366+0000] {processor.py:183} INFO - Processing /home/airflow/.local/lib/python3.12/site-packages/airflow/example_dags/example_branch_operator.py took 0.116 seconds
[2024-04-09T19:17:56.772+0000] {processor.py:161} INFO - Started process (PID=13728) to work on /home/airflow/.local/lib/python3.12/site-packages/airflow/example_dags/example_branch_operator.py
[2024-04-09T19:17:56.782+0000] {processor.py:830} INFO - Processing file /home/airflow/.local/lib/python3.12/site-packages/airflow/example_dags/example_branch_operator.py for tasks to queue
[2024-04-09T19:17:56.787+0000] {logging_mixin.py:188} INFO - [2024-04-09T19:17:56.786+0000] {dagbag.py:540} INFO - Filling up the DagBag from /home/airflow/.local/lib/python3.12/site-packages/airflow/example_dags/example_branch_operator.py
[2024-04-09T19:17:56.889+0000] {processor.py:840} INFO - DAG(s) 'example_branch_operator' retrieved from /home/airflow/.local/lib/python3.12/site-packages/airflow/example_dags/example_branch_operator.py
[2024-04-09T19:17:57.077+0000] {logging_mixin.py:188} INFO - [2024-04-09T19:17:57.074+0000] {dag.py:3096} INFO - Sync 1 DAGs
[2024-04-09T19:17:57.145+0000] {logging_mixin.py:188} INFO - [2024-04-09T19:17:57.145+0000] {dag.py:3954} INFO - Setting next_dagrun for example_branch_operator to 2024-04-08 00:00:00+00:00, run_after=2024-04-09 00:00:00+00:00
[2024-04-09T19:17:57.184+0000] {processor.py:183} INFO - Processing /home/airflow/.local/lib/python3.12/site-packages/airflow/example_dags/example_branch_operator.py took 0.431 seconds
[2024-04-09T19:18:27.843+0000] {processor.py:161} INFO - Started process (PID=14002) to work on /home/airflow/.local/lib/python3.12/site-packages/airflow/example_dags/example_branch_operator.py
[2024-04-09T19:18:27.844+0000] {processor.py:830} INFO - Processing file /home/airflow/.local/lib/python3.12/site-packages/airflow/example_dags/example_branch_operator.py for tasks to queue
[2024-04-09T19:18:27.846+0000] {logging_mixin.py:188} INFO - [2024-04-09T19:18:27.846+0000] {dagbag.py:540} INFO - Filling up the DagBag from /home/airflow/.local/lib/python3.12/site-packages/airflow/example_dags/example_branch_operator.py
[2024-04-09T19:18:27.868+0000] {processor.py:840} INFO - DAG(s) 'example_branch_operator' retrieved from /home/airflow/.local/lib/python3.12/site-packages/airflow/example_dags/example_branch_operator.py
[2024-04-09T19:18:27.907+0000] {logging_mixin.py:188} INFO - [2024-04-09T19:18:27.906+0000] {dag.py:3096} INFO - Sync 1 DAGs
[2024-04-09T19:18:27.951+0000] {logging_mixin.py:188} INFO - [2024-04-09T19:18:27.951+0000] {dag.py:3954} INFO - Setting next_dagrun for example_branch_operator to 2024-04-08 00:00:00+00:00, run_after=2024-04-09 00:00:00+00:00
[2024-04-09T19:18:27.974+0000] {processor.py:183} INFO - Processing /home/airflow/.local/lib/python3.12/site-packages/airflow/example_dags/example_branch_operator.py took 0.138 seconds
[2024-04-09T19:18:58.747+0000] {processor.py:161} INFO - Started process (PID=14274) to work on /home/airflow/.local/lib/python3.12/site-packages/airflow/example_dags/example_branch_operator.py
[2024-04-09T19:18:58.748+0000] {processor.py:830} INFO - Processing file /home/airflow/.local/lib/python3.12/site-packages/airflow/example_dags/example_branch_operator.py for tasks to queue
[2024-04-09T19:18:58.750+0000] {logging_mixin.py:188} INFO - [2024-04-09T19:18:58.750+0000] {dagbag.py:540} INFO - Filling up the DagBag from /home/airflow/.local/lib/python3.12/site-packages/airflow/example_dags/example_branch_operator.py
[2024-04-09T19:18:58.771+0000] {processor.py:840} INFO - DAG(s) 'example_branch_operator' retrieved from /home/airflow/.local/lib/python3.12/site-packages/airflow/example_dags/example_branch_operator.py
[2024-04-09T19:18:58.810+0000] {logging_mixin.py:188} INFO - [2024-04-09T19:18:58.810+0000] {dag.py:3096} INFO - Sync 1 DAGs
[2024-04-09T19:18:58.836+0000] {logging_mixin.py:188} INFO - [2024-04-09T19:18:58.836+0000] {dag.py:3954} INFO - Setting next_dagrun for example_branch_operator to 2024-04-08 00:00:00+00:00, run_after=2024-04-09 00:00:00+00:00
[2024-04-09T19:18:58.859+0000] {processor.py:183} INFO - Processing /home/airflow/.local/lib/python3.12/site-packages/airflow/example_dags/example_branch_operator.py took 0.119 seconds
[2024-04-09T19:19:28.911+0000] {processor.py:161} INFO - Started process (PID=14545) to work on /home/airflow/.local/lib/python3.12/site-packages/airflow/example_dags/example_branch_operator.py
[2024-04-09T19:19:28.912+0000] {processor.py:830} INFO - Processing file /home/airflow/.local/lib/python3.12/site-packages/airflow/example_dags/example_branch_operator.py for tasks to queue
[2024-04-09T19:19:28.914+0000] {logging_mixin.py:188} INFO - [2024-04-09T19:19:28.914+0000] {dagbag.py:540} INFO - Filling up the DagBag from /home/airflow/.local/lib/python3.12/site-packages/airflow/example_dags/example_branch_operator.py
[2024-04-09T19:19:28.936+0000] {processor.py:840} INFO - DAG(s) 'example_branch_operator' retrieved from /home/airflow/.local/lib/python3.12/site-packages/airflow/example_dags/example_branch_operator.py
[2024-04-09T19:19:28.978+0000] {logging_mixin.py:188} INFO - [2024-04-09T19:19:28.978+0000] {dag.py:3096} INFO - Sync 1 DAGs
[2024-04-09T19:19:29.004+0000] {logging_mixin.py:188} INFO - [2024-04-09T19:19:29.004+0000] {dag.py:3954} INFO - Setting next_dagrun for example_branch_operator to 2024-04-08 00:00:00+00:00, run_after=2024-04-09 00:00:00+00:00
[2024-04-09T19:19:29.028+0000] {processor.py:183} INFO - Processing /home/airflow/.local/lib/python3.12/site-packages/airflow/example_dags/example_branch_operator.py took 0.123 seconds
[2024-04-09T19:19:59.569+0000] {processor.py:161} INFO - Started process (PID=14818) to work on /home/airflow/.local/lib/python3.12/site-packages/airflow/example_dags/example_branch_operator.py
[2024-04-09T19:19:59.570+0000] {processor.py:830} INFO - Processing file /home/airflow/.local/lib/python3.12/site-packages/airflow/example_dags/example_branch_operator.py for tasks to queue
[2024-04-09T19:19:59.572+0000] {logging_mixin.py:188} INFO - [2024-04-09T19:19:59.572+0000] {dagbag.py:540} INFO - Filling up the DagBag from /home/airflow/.local/lib/python3.12/site-packages/airflow/example_dags/example_branch_operator.py
[2024-04-09T19:19:59.594+0000] {processor.py:840} INFO - DAG(s) 'example_branch_operator' retrieved from /home/airflow/.local/lib/python3.12/site-packages/airflow/example_dags/example_branch_operator.py
[2024-04-09T19:19:59.635+0000] {logging_mixin.py:188} INFO - [2024-04-09T19:19:59.635+0000] {dag.py:3096} INFO - Sync 1 DAGs
[2024-04-09T19:19:59.662+0000] {logging_mixin.py:188} INFO - [2024-04-09T19:19:59.661+0000] {dag.py:3954} INFO - Setting next_dagrun for example_branch_operator to 2024-04-08 00:00:00+00:00, run_after=2024-04-09 00:00:00+00:00
[2024-04-09T19:19:59.686+0000] {processor.py:183} INFO - Processing /home/airflow/.local/lib/python3.12/site-packages/airflow/example_dags/example_branch_operator.py took 0.124 seconds
[2024-04-09T19:20:30.095+0000] {processor.py:161} INFO - Started process (PID=15091) to work on /home/airflow/.local/lib/python3.12/site-packages/airflow/example_dags/example_branch_operator.py
[2024-04-09T19:20:30.102+0000] {processor.py:830} INFO - Processing file /home/airflow/.local/lib/python3.12/site-packages/airflow/example_dags/example_branch_operator.py for tasks to queue
[2024-04-09T19:20:30.104+0000] {logging_mixin.py:188} INFO - [2024-04-09T19:20:30.104+0000] {dagbag.py:540} INFO - Filling up the DagBag from /home/airflow/.local/lib/python3.12/site-packages/airflow/example_dags/example_branch_operator.py
[2024-04-09T19:20:30.137+0000] {processor.py:840} INFO - DAG(s) 'example_branch_operator' retrieved from /home/airflow/.local/lib/python3.12/site-packages/airflow/example_dags/example_branch_operator.py
[2024-04-09T19:20:30.178+0000] {logging_mixin.py:188} INFO - [2024-04-09T19:20:30.178+0000] {dag.py:3096} INFO - Sync 1 DAGs
[2024-04-09T19:20:30.207+0000] {logging_mixin.py:188} INFO - [2024-04-09T19:20:30.206+0000] {dag.py:3954} INFO - Setting next_dagrun for example_branch_operator to 2024-04-08 00:00:00+00:00, run_after=2024-04-09 00:00:00+00:00
[2024-04-09T19:20:30.230+0000] {processor.py:183} INFO - Processing /home/airflow/.local/lib/python3.12/site-packages/airflow/example_dags/example_branch_operator.py took 0.142 seconds
[2024-04-09T19:21:00.950+0000] {processor.py:161} INFO - Started process (PID=15363) to work on /home/airflow/.local/lib/python3.12/site-packages/airflow/example_dags/example_branch_operator.py
[2024-04-09T19:21:00.952+0000] {processor.py:830} INFO - Processing file /home/airflow/.local/lib/python3.12/site-packages/airflow/example_dags/example_branch_operator.py for tasks to queue
[2024-04-09T19:21:00.954+0000] {logging_mixin.py:188} INFO - [2024-04-09T19:21:00.954+0000] {dagbag.py:540} INFO - Filling up the DagBag from /home/airflow/.local/lib/python3.12/site-packages/airflow/example_dags/example_branch_operator.py
[2024-04-09T19:21:00.976+0000] {processor.py:840} INFO - DAG(s) 'example_branch_operator' retrieved from /home/airflow/.local/lib/python3.12/site-packages/airflow/example_dags/example_branch_operator.py
[2024-04-09T19:21:01.013+0000] {logging_mixin.py:188} INFO - [2024-04-09T19:21:01.013+0000] {dag.py:3096} INFO - Sync 1 DAGs
[2024-04-09T19:21:01.040+0000] {logging_mixin.py:188} INFO - [2024-04-09T19:21:01.040+0000] {dag.py:3954} INFO - Setting next_dagrun for example_branch_operator to 2024-04-08 00:00:00+00:00, run_after=2024-04-09 00:00:00+00:00
[2024-04-09T19:21:01.062+0000] {processor.py:183} INFO - Processing /home/airflow/.local/lib/python3.12/site-packages/airflow/example_dags/example_branch_operator.py took 0.130 seconds
[2024-04-09T19:21:31.408+0000] {processor.py:161} INFO - Started process (PID=15636) to work on /home/airflow/.local/lib/python3.12/site-packages/airflow/example_dags/example_branch_operator.py
[2024-04-09T19:21:31.409+0000] {processor.py:830} INFO - Processing file /home/airflow/.local/lib/python3.12/site-packages/airflow/example_dags/example_branch_operator.py for tasks to queue
[2024-04-09T19:21:31.411+0000] {logging_mixin.py:188} INFO - [2024-04-09T19:21:31.411+0000] {dagbag.py:540} INFO - Filling up the DagBag from /home/airflow/.local/lib/python3.12/site-packages/airflow/example_dags/example_branch_operator.py
[2024-04-09T19:21:31.433+0000] {processor.py:840} INFO - DAG(s) 'example_branch_operator' retrieved from /home/airflow/.local/lib/python3.12/site-packages/airflow/example_dags/example_branch_operator.py
[2024-04-09T19:21:31.470+0000] {logging_mixin.py:188} INFO - [2024-04-09T19:21:31.469+0000] {dag.py:3096} INFO - Sync 1 DAGs
[2024-04-09T19:21:31.499+0000] {logging_mixin.py:188} INFO - [2024-04-09T19:21:31.499+0000] {dag.py:3954} INFO - Setting next_dagrun for example_branch_operator to 2024-04-08 00:00:00+00:00, run_after=2024-04-09 00:00:00+00:00
[2024-04-09T19:21:31.526+0000] {processor.py:183} INFO - Processing /home/airflow/.local/lib/python3.12/site-packages/airflow/example_dags/example_branch_operator.py took 0.124 seconds
[2024-04-09T19:22:01.920+0000] {processor.py:161} INFO - Started process (PID=15908) to work on /home/airflow/.local/lib/python3.12/site-packages/airflow/example_dags/example_branch_operator.py
[2024-04-09T19:22:01.921+0000] {processor.py:830} INFO - Processing file /home/airflow/.local/lib/python3.12/site-packages/airflow/example_dags/example_branch_operator.py for tasks to queue
[2024-04-09T19:22:01.923+0000] {logging_mixin.py:188} INFO - [2024-04-09T19:22:01.923+0000] {dagbag.py:540} INFO - Filling up the DagBag from /home/airflow/.local/lib/python3.12/site-packages/airflow/example_dags/example_branch_operator.py
[2024-04-09T19:22:01.944+0000] {processor.py:840} INFO - DAG(s) 'example_branch_operator' retrieved from /home/airflow/.local/lib/python3.12/site-packages/airflow/example_dags/example_branch_operator.py
[2024-04-09T19:22:01.983+0000] {logging_mixin.py:188} INFO - [2024-04-09T19:22:01.983+0000] {dag.py:3096} INFO - Sync 1 DAGs
[2024-04-09T19:22:02.012+0000] {logging_mixin.py:188} INFO - [2024-04-09T19:22:02.012+0000] {dag.py:3954} INFO - Setting next_dagrun for example_branch_operator to 2024-04-08 00:00:00+00:00, run_after=2024-04-09 00:00:00+00:00
[2024-04-09T19:22:02.035+0000] {processor.py:183} INFO - Processing /home/airflow/.local/lib/python3.12/site-packages/airflow/example_dags/example_branch_operator.py took 0.121 seconds
[2024-04-09T19:22:32.528+0000] {processor.py:161} INFO - Started process (PID=16180) to work on /home/airflow/.local/lib/python3.12/site-packages/airflow/example_dags/example_branch_operator.py
[2024-04-09T19:22:32.529+0000] {processor.py:830} INFO - Processing file /home/airflow/.local/lib/python3.12/site-packages/airflow/example_dags/example_branch_operator.py for tasks to queue
[2024-04-09T19:22:32.532+0000] {logging_mixin.py:188} INFO - [2024-04-09T19:22:32.531+0000] {dagbag.py:540} INFO - Filling up the DagBag from /home/airflow/.local/lib/python3.12/site-packages/airflow/example_dags/example_branch_operator.py
[2024-04-09T19:22:32.558+0000] {processor.py:840} INFO - DAG(s) 'example_branch_operator' retrieved from /home/airflow/.local/lib/python3.12/site-packages/airflow/example_dags/example_branch_operator.py
[2024-04-09T19:22:32.598+0000] {logging_mixin.py:188} INFO - [2024-04-09T19:22:32.598+0000] {dag.py:3096} INFO - Sync 1 DAGs
[2024-04-09T19:22:32.626+0000] {logging_mixin.py:188} INFO - [2024-04-09T19:22:32.626+0000] {dag.py:3954} INFO - Setting next_dagrun for example_branch_operator to 2024-04-08 00:00:00+00:00, run_after=2024-04-09 00:00:00+00:00
[2024-04-09T19:22:32.655+0000] {processor.py:183} INFO - Processing /home/airflow/.local/lib/python3.12/site-packages/airflow/example_dags/example_branch_operator.py took 0.134 seconds
[2024-04-09T19:23:03.272+0000] {processor.py:161} INFO - Started process (PID=16452) to work on /home/airflow/.local/lib/python3.12/site-packages/airflow/example_dags/example_branch_operator.py
[2024-04-09T19:23:03.273+0000] {processor.py:830} INFO - Processing file /home/airflow/.local/lib/python3.12/site-packages/airflow/example_dags/example_branch_operator.py for tasks to queue
[2024-04-09T19:23:03.276+0000] {logging_mixin.py:188} INFO - [2024-04-09T19:23:03.275+0000] {dagbag.py:540} INFO - Filling up the DagBag from /home/airflow/.local/lib/python3.12/site-packages/airflow/example_dags/example_branch_operator.py
[2024-04-09T19:23:03.303+0000] {processor.py:840} INFO - DAG(s) 'example_branch_operator' retrieved from /home/airflow/.local/lib/python3.12/site-packages/airflow/example_dags/example_branch_operator.py
[2024-04-09T19:23:03.347+0000] {logging_mixin.py:188} INFO - [2024-04-09T19:23:03.347+0000] {dag.py:3096} INFO - Sync 1 DAGs
[2024-04-09T19:23:03.385+0000] {logging_mixin.py:188} INFO - [2024-04-09T19:23:03.385+0000] {dag.py:3954} INFO - Setting next_dagrun for example_branch_operator to 2024-04-08 00:00:00+00:00, run_after=2024-04-09 00:00:00+00:00
[2024-04-09T19:23:03.424+0000] {processor.py:183} INFO - Processing /home/airflow/.local/lib/python3.12/site-packages/airflow/example_dags/example_branch_operator.py took 0.161 seconds
[2024-04-09T19:23:33.464+0000] {processor.py:161} INFO - Started process (PID=16724) to work on /home/airflow/.local/lib/python3.12/site-packages/airflow/example_dags/example_branch_operator.py
[2024-04-09T19:23:33.465+0000] {processor.py:830} INFO - Processing file /home/airflow/.local/lib/python3.12/site-packages/airflow/example_dags/example_branch_operator.py for tasks to queue
[2024-04-09T19:23:33.468+0000] {logging_mixin.py:188} INFO - [2024-04-09T19:23:33.467+0000] {dagbag.py:540} INFO - Filling up the DagBag from /home/airflow/.local/lib/python3.12/site-packages/airflow/example_dags/example_branch_operator.py
[2024-04-09T19:23:33.489+0000] {processor.py:840} INFO - DAG(s) 'example_branch_operator' retrieved from /home/airflow/.local/lib/python3.12/site-packages/airflow/example_dags/example_branch_operator.py
[2024-04-09T19:23:33.532+0000] {logging_mixin.py:188} INFO - [2024-04-09T19:23:33.532+0000] {dag.py:3096} INFO - Sync 1 DAGs
[2024-04-09T19:23:33.555+0000] {logging_mixin.py:188} INFO - [2024-04-09T19:23:33.555+0000] {dag.py:3954} INFO - Setting next_dagrun for example_branch_operator to 2024-04-08 00:00:00+00:00, run_after=2024-04-09 00:00:00+00:00
[2024-04-09T19:23:33.577+0000] {processor.py:183} INFO - Processing /home/airflow/.local/lib/python3.12/site-packages/airflow/example_dags/example_branch_operator.py took 0.119 seconds
