[2024-04-09T18:50:52.349+0000] {processor.py:161} INFO - Started process (PID=232) to work on /home/airflow/.local/lib/python3.12/site-packages/airflow/example_dags/example_complex.py
[2024-04-09T18:50:52.349+0000] {processor.py:830} INFO - Processing file /home/airflow/.local/lib/python3.12/site-packages/airflow/example_dags/example_complex.py for tasks to queue
[2024-04-09T18:50:52.351+0000] {logging_mixin.py:188} INFO - [2024-04-09T18:50:52.351+0000] {dagbag.py:540} INFO - Filling up the DagBag from /home/airflow/.local/lib/python3.12/site-packages/airflow/example_dags/example_complex.py
[2024-04-09T18:50:52.391+0000] {processor.py:840} INFO - DAG(s) 'example_complex' retrieved from /home/airflow/.local/lib/python3.12/site-packages/airflow/example_dags/example_complex.py
[2024-04-09T18:50:52.666+0000] {logging_mixin.py:188} INFO - [2024-04-09T18:50:52.665+0000] {override.py:1829} INFO - Created Permission View: can edit on DAG:example_complex
[2024-04-09T18:50:52.689+0000] {logging_mixin.py:188} INFO - [2024-04-09T18:50:52.689+0000] {override.py:1829} INFO - Created Permission View: can delete on DAG:example_complex
[2024-04-09T18:50:52.700+0000] {logging_mixin.py:188} INFO - [2024-04-09T18:50:52.700+0000] {override.py:1829} INFO - Created Permission View: can read on DAG:example_complex
[2024-04-09T18:50:52.701+0000] {logging_mixin.py:188} INFO - [2024-04-09T18:50:52.701+0000] {dag.py:3096} INFO - Sync 1 DAGs
[2024-04-09T18:50:52.725+0000] {logging_mixin.py:188} INFO - [2024-04-09T18:50:52.725+0000] {dag.py:3118} INFO - Creating ORM DAG for example_complex
[2024-04-09T18:50:52.726+0000] {logging_mixin.py:188} INFO - [2024-04-09T18:50:52.726+0000] {dag.py:3954} INFO - Setting next_dagrun for example_complex to None, run_after=None
[2024-04-09T18:50:52.753+0000] {processor.py:183} INFO - Processing /home/airflow/.local/lib/python3.12/site-packages/airflow/example_dags/example_complex.py took 0.416 seconds
[2024-04-09T18:51:23.723+0000] {processor.py:161} INFO - Started process (PID=496) to work on /home/airflow/.local/lib/python3.12/site-packages/airflow/example_dags/example_complex.py
[2024-04-09T18:51:23.724+0000] {processor.py:830} INFO - Processing file /home/airflow/.local/lib/python3.12/site-packages/airflow/example_dags/example_complex.py for tasks to queue
[2024-04-09T18:51:23.726+0000] {logging_mixin.py:188} INFO - [2024-04-09T18:51:23.726+0000] {dagbag.py:540} INFO - Filling up the DagBag from /home/airflow/.local/lib/python3.12/site-packages/airflow/example_dags/example_complex.py
[2024-04-09T18:51:23.740+0000] {processor.py:840} INFO - DAG(s) 'example_complex' retrieved from /home/airflow/.local/lib/python3.12/site-packages/airflow/example_dags/example_complex.py
[2024-04-09T18:51:23.787+0000] {logging_mixin.py:188} INFO - [2024-04-09T18:51:23.787+0000] {dag.py:3096} INFO - Sync 1 DAGs
[2024-04-09T18:51:23.809+0000] {logging_mixin.py:188} INFO - [2024-04-09T18:51:23.809+0000] {dag.py:3954} INFO - Setting next_dagrun for example_complex to None, run_after=None
[2024-04-09T18:51:23.848+0000] {processor.py:183} INFO - Processing /home/airflow/.local/lib/python3.12/site-packages/airflow/example_dags/example_complex.py took 0.131 seconds
[2024-04-09T18:52:31.895+0000] {processor.py:161} INFO - Started process (PID=233) to work on /home/airflow/.local/lib/python3.12/site-packages/airflow/example_dags/example_complex.py
[2024-04-09T18:52:31.896+0000] {processor.py:830} INFO - Processing file /home/airflow/.local/lib/python3.12/site-packages/airflow/example_dags/example_complex.py for tasks to queue
[2024-04-09T18:52:31.899+0000] {logging_mixin.py:188} INFO - [2024-04-09T18:52:31.898+0000] {dagbag.py:540} INFO - Filling up the DagBag from /home/airflow/.local/lib/python3.12/site-packages/airflow/example_dags/example_complex.py
[2024-04-09T18:52:31.935+0000] {processor.py:840} INFO - DAG(s) 'example_complex' retrieved from /home/airflow/.local/lib/python3.12/site-packages/airflow/example_dags/example_complex.py
[2024-04-09T18:52:32.305+0000] {logging_mixin.py:188} INFO - [2024-04-09T18:52:32.304+0000] {dag.py:3096} INFO - Sync 1 DAGs
[2024-04-09T18:52:32.350+0000] {logging_mixin.py:188} INFO - [2024-04-09T18:52:32.349+0000] {dag.py:3954} INFO - Setting next_dagrun for example_complex to None, run_after=None
[2024-04-09T18:52:32.421+0000] {processor.py:183} INFO - Processing /home/airflow/.local/lib/python3.12/site-packages/airflow/example_dags/example_complex.py took 0.539 seconds
[2024-04-09T18:53:03.171+0000] {processor.py:161} INFO - Started process (PID=496) to work on /home/airflow/.local/lib/python3.12/site-packages/airflow/example_dags/example_complex.py
[2024-04-09T18:53:03.173+0000] {processor.py:830} INFO - Processing file /home/airflow/.local/lib/python3.12/site-packages/airflow/example_dags/example_complex.py for tasks to queue
[2024-04-09T18:53:03.175+0000] {logging_mixin.py:188} INFO - [2024-04-09T18:53:03.175+0000] {dagbag.py:540} INFO - Filling up the DagBag from /home/airflow/.local/lib/python3.12/site-packages/airflow/example_dags/example_complex.py
[2024-04-09T18:53:03.189+0000] {processor.py:840} INFO - DAG(s) 'example_complex' retrieved from /home/airflow/.local/lib/python3.12/site-packages/airflow/example_dags/example_complex.py
[2024-04-09T18:53:03.237+0000] {logging_mixin.py:188} INFO - [2024-04-09T18:53:03.236+0000] {dag.py:3096} INFO - Sync 1 DAGs
[2024-04-09T18:53:03.257+0000] {logging_mixin.py:188} INFO - [2024-04-09T18:53:03.257+0000] {dag.py:3954} INFO - Setting next_dagrun for example_complex to None, run_after=None
[2024-04-09T18:53:03.281+0000] {processor.py:183} INFO - Processing /home/airflow/.local/lib/python3.12/site-packages/airflow/example_dags/example_complex.py took 0.116 seconds
[2024-04-09T18:53:33.602+0000] {processor.py:161} INFO - Started process (PID=758) to work on /home/airflow/.local/lib/python3.12/site-packages/airflow/example_dags/example_complex.py
[2024-04-09T18:53:33.603+0000] {processor.py:830} INFO - Processing file /home/airflow/.local/lib/python3.12/site-packages/airflow/example_dags/example_complex.py for tasks to queue
[2024-04-09T18:53:33.605+0000] {logging_mixin.py:188} INFO - [2024-04-09T18:53:33.604+0000] {dagbag.py:540} INFO - Filling up the DagBag from /home/airflow/.local/lib/python3.12/site-packages/airflow/example_dags/example_complex.py
[2024-04-09T18:53:33.619+0000] {processor.py:840} INFO - DAG(s) 'example_complex' retrieved from /home/airflow/.local/lib/python3.12/site-packages/airflow/example_dags/example_complex.py
[2024-04-09T18:53:33.672+0000] {logging_mixin.py:188} INFO - [2024-04-09T18:53:33.672+0000] {dag.py:3096} INFO - Sync 1 DAGs
[2024-04-09T18:53:33.690+0000] {logging_mixin.py:188} INFO - [2024-04-09T18:53:33.690+0000] {dag.py:3954} INFO - Setting next_dagrun for example_complex to None, run_after=None
[2024-04-09T18:53:33.714+0000] {processor.py:183} INFO - Processing /home/airflow/.local/lib/python3.12/site-packages/airflow/example_dags/example_complex.py took 0.119 seconds
[2024-04-09T18:54:03.771+0000] {processor.py:161} INFO - Started process (PID=1020) to work on /home/airflow/.local/lib/python3.12/site-packages/airflow/example_dags/example_complex.py
[2024-04-09T18:54:03.772+0000] {processor.py:830} INFO - Processing file /home/airflow/.local/lib/python3.12/site-packages/airflow/example_dags/example_complex.py for tasks to queue
[2024-04-09T18:54:03.774+0000] {logging_mixin.py:188} INFO - [2024-04-09T18:54:03.774+0000] {dagbag.py:540} INFO - Filling up the DagBag from /home/airflow/.local/lib/python3.12/site-packages/airflow/example_dags/example_complex.py
[2024-04-09T18:54:03.791+0000] {processor.py:840} INFO - DAG(s) 'example_complex' retrieved from /home/airflow/.local/lib/python3.12/site-packages/airflow/example_dags/example_complex.py
[2024-04-09T18:54:03.837+0000] {logging_mixin.py:188} INFO - [2024-04-09T18:54:03.837+0000] {dag.py:3096} INFO - Sync 1 DAGs
[2024-04-09T18:54:03.856+0000] {logging_mixin.py:188} INFO - [2024-04-09T18:54:03.855+0000] {dag.py:3954} INFO - Setting next_dagrun for example_complex to None, run_after=None
[2024-04-09T18:54:03.882+0000] {processor.py:183} INFO - Processing /home/airflow/.local/lib/python3.12/site-packages/airflow/example_dags/example_complex.py took 0.118 seconds
[2024-04-09T18:54:34.153+0000] {processor.py:161} INFO - Started process (PID=1282) to work on /home/airflow/.local/lib/python3.12/site-packages/airflow/example_dags/example_complex.py
[2024-04-09T18:54:34.154+0000] {processor.py:830} INFO - Processing file /home/airflow/.local/lib/python3.12/site-packages/airflow/example_dags/example_complex.py for tasks to queue
[2024-04-09T18:54:34.156+0000] {logging_mixin.py:188} INFO - [2024-04-09T18:54:34.155+0000] {dagbag.py:540} INFO - Filling up the DagBag from /home/airflow/.local/lib/python3.12/site-packages/airflow/example_dags/example_complex.py
[2024-04-09T18:54:34.184+0000] {processor.py:840} INFO - DAG(s) 'example_complex' retrieved from /home/airflow/.local/lib/python3.12/site-packages/airflow/example_dags/example_complex.py
[2024-04-09T18:54:34.284+0000] {logging_mixin.py:188} INFO - [2024-04-09T18:54:34.284+0000] {dag.py:3096} INFO - Sync 1 DAGs
[2024-04-09T18:54:34.310+0000] {logging_mixin.py:188} INFO - [2024-04-09T18:54:34.309+0000] {dag.py:3954} INFO - Setting next_dagrun for example_complex to None, run_after=None
[2024-04-09T18:54:34.335+0000] {processor.py:183} INFO - Processing /home/airflow/.local/lib/python3.12/site-packages/airflow/example_dags/example_complex.py took 0.190 seconds
[2024-04-09T18:55:04.848+0000] {processor.py:161} INFO - Started process (PID=1544) to work on /home/airflow/.local/lib/python3.12/site-packages/airflow/example_dags/example_complex.py
[2024-04-09T18:55:04.850+0000] {processor.py:830} INFO - Processing file /home/airflow/.local/lib/python3.12/site-packages/airflow/example_dags/example_complex.py for tasks to queue
[2024-04-09T18:55:04.855+0000] {logging_mixin.py:188} INFO - [2024-04-09T18:55:04.852+0000] {dagbag.py:540} INFO - Filling up the DagBag from /home/airflow/.local/lib/python3.12/site-packages/airflow/example_dags/example_complex.py
[2024-04-09T18:55:04.869+0000] {processor.py:840} INFO - DAG(s) 'example_complex' retrieved from /home/airflow/.local/lib/python3.12/site-packages/airflow/example_dags/example_complex.py
[2024-04-09T18:55:04.927+0000] {logging_mixin.py:188} INFO - [2024-04-09T18:55:04.926+0000] {dag.py:3096} INFO - Sync 1 DAGs
[2024-04-09T18:55:04.949+0000] {logging_mixin.py:188} INFO - [2024-04-09T18:55:04.948+0000] {dag.py:3954} INFO - Setting next_dagrun for example_complex to None, run_after=None
[2024-04-09T18:55:04.976+0000] {processor.py:183} INFO - Processing /home/airflow/.local/lib/python3.12/site-packages/airflow/example_dags/example_complex.py took 0.141 seconds
[2024-04-09T18:55:35.393+0000] {processor.py:161} INFO - Started process (PID=1806) to work on /home/airflow/.local/lib/python3.12/site-packages/airflow/example_dags/example_complex.py
[2024-04-09T18:55:35.394+0000] {processor.py:830} INFO - Processing file /home/airflow/.local/lib/python3.12/site-packages/airflow/example_dags/example_complex.py for tasks to queue
[2024-04-09T18:55:35.396+0000] {logging_mixin.py:188} INFO - [2024-04-09T18:55:35.395+0000] {dagbag.py:540} INFO - Filling up the DagBag from /home/airflow/.local/lib/python3.12/site-packages/airflow/example_dags/example_complex.py
[2024-04-09T18:55:35.411+0000] {processor.py:840} INFO - DAG(s) 'example_complex' retrieved from /home/airflow/.local/lib/python3.12/site-packages/airflow/example_dags/example_complex.py
[2024-04-09T18:55:35.459+0000] {logging_mixin.py:188} INFO - [2024-04-09T18:55:35.459+0000] {dag.py:3096} INFO - Sync 1 DAGs
[2024-04-09T18:55:35.475+0000] {logging_mixin.py:188} INFO - [2024-04-09T18:55:35.475+0000] {dag.py:3954} INFO - Setting next_dagrun for example_complex to None, run_after=None
[2024-04-09T18:55:35.499+0000] {processor.py:183} INFO - Processing /home/airflow/.local/lib/python3.12/site-packages/airflow/example_dags/example_complex.py took 0.113 seconds
[2024-04-09T18:56:05.884+0000] {processor.py:161} INFO - Started process (PID=2069) to work on /home/airflow/.local/lib/python3.12/site-packages/airflow/example_dags/example_complex.py
[2024-04-09T18:56:05.886+0000] {processor.py:830} INFO - Processing file /home/airflow/.local/lib/python3.12/site-packages/airflow/example_dags/example_complex.py for tasks to queue
[2024-04-09T18:56:05.890+0000] {logging_mixin.py:188} INFO - [2024-04-09T18:56:05.890+0000] {dagbag.py:540} INFO - Filling up the DagBag from /home/airflow/.local/lib/python3.12/site-packages/airflow/example_dags/example_complex.py
[2024-04-09T18:56:05.906+0000] {processor.py:840} INFO - DAG(s) 'example_complex' retrieved from /home/airflow/.local/lib/python3.12/site-packages/airflow/example_dags/example_complex.py
[2024-04-09T18:56:05.953+0000] {logging_mixin.py:188} INFO - [2024-04-09T18:56:05.952+0000] {dag.py:3096} INFO - Sync 1 DAGs
[2024-04-09T18:56:05.969+0000] {logging_mixin.py:188} INFO - [2024-04-09T18:56:05.969+0000] {dag.py:3954} INFO - Setting next_dagrun for example_complex to None, run_after=None
[2024-04-09T18:56:05.993+0000] {processor.py:183} INFO - Processing /home/airflow/.local/lib/python3.12/site-packages/airflow/example_dags/example_complex.py took 0.114 seconds
[2024-04-09T18:56:36.390+0000] {processor.py:161} INFO - Started process (PID=2331) to work on /home/airflow/.local/lib/python3.12/site-packages/airflow/example_dags/example_complex.py
[2024-04-09T18:56:36.391+0000] {processor.py:830} INFO - Processing file /home/airflow/.local/lib/python3.12/site-packages/airflow/example_dags/example_complex.py for tasks to queue
[2024-04-09T18:56:36.393+0000] {logging_mixin.py:188} INFO - [2024-04-09T18:56:36.393+0000] {dagbag.py:540} INFO - Filling up the DagBag from /home/airflow/.local/lib/python3.12/site-packages/airflow/example_dags/example_complex.py
[2024-04-09T18:56:36.410+0000] {processor.py:840} INFO - DAG(s) 'example_complex' retrieved from /home/airflow/.local/lib/python3.12/site-packages/airflow/example_dags/example_complex.py
[2024-04-09T18:56:36.532+0000] {logging_mixin.py:188} INFO - [2024-04-09T18:56:36.532+0000] {dag.py:3096} INFO - Sync 1 DAGs
[2024-04-09T18:56:36.567+0000] {logging_mixin.py:188} INFO - [2024-04-09T18:56:36.566+0000] {dag.py:3954} INFO - Setting next_dagrun for example_complex to None, run_after=None
[2024-04-09T18:56:36.605+0000] {processor.py:183} INFO - Processing /home/airflow/.local/lib/python3.12/site-packages/airflow/example_dags/example_complex.py took 0.221 seconds
[2024-04-09T18:57:07.130+0000] {processor.py:161} INFO - Started process (PID=2599) to work on /home/airflow/.local/lib/python3.12/site-packages/airflow/example_dags/example_complex.py
[2024-04-09T18:57:07.132+0000] {processor.py:830} INFO - Processing file /home/airflow/.local/lib/python3.12/site-packages/airflow/example_dags/example_complex.py for tasks to queue
[2024-04-09T18:57:07.134+0000] {logging_mixin.py:188} INFO - [2024-04-09T18:57:07.133+0000] {dagbag.py:540} INFO - Filling up the DagBag from /home/airflow/.local/lib/python3.12/site-packages/airflow/example_dags/example_complex.py
[2024-04-09T18:57:07.149+0000] {processor.py:840} INFO - DAG(s) 'example_complex' retrieved from /home/airflow/.local/lib/python3.12/site-packages/airflow/example_dags/example_complex.py
[2024-04-09T18:57:07.198+0000] {logging_mixin.py:188} INFO - [2024-04-09T18:57:07.197+0000] {dag.py:3096} INFO - Sync 1 DAGs
[2024-04-09T18:57:07.216+0000] {logging_mixin.py:188} INFO - [2024-04-09T18:57:07.216+0000] {dag.py:3954} INFO - Setting next_dagrun for example_complex to None, run_after=None
[2024-04-09T18:57:07.240+0000] {processor.py:183} INFO - Processing /home/airflow/.local/lib/python3.12/site-packages/airflow/example_dags/example_complex.py took 0.116 seconds
[2024-04-09T18:57:37.316+0000] {processor.py:161} INFO - Started process (PID=2871) to work on /home/airflow/.local/lib/python3.12/site-packages/airflow/example_dags/example_complex.py
[2024-04-09T18:57:37.318+0000] {processor.py:830} INFO - Processing file /home/airflow/.local/lib/python3.12/site-packages/airflow/example_dags/example_complex.py for tasks to queue
[2024-04-09T18:57:37.319+0000] {logging_mixin.py:188} INFO - [2024-04-09T18:57:37.319+0000] {dagbag.py:540} INFO - Filling up the DagBag from /home/airflow/.local/lib/python3.12/site-packages/airflow/example_dags/example_complex.py
[2024-04-09T18:57:37.333+0000] {processor.py:840} INFO - DAG(s) 'example_complex' retrieved from /home/airflow/.local/lib/python3.12/site-packages/airflow/example_dags/example_complex.py
[2024-04-09T18:57:37.507+0000] {logging_mixin.py:188} INFO - [2024-04-09T18:57:37.507+0000] {dag.py:3096} INFO - Sync 1 DAGs
[2024-04-09T18:57:37.560+0000] {logging_mixin.py:188} INFO - [2024-04-09T18:57:37.559+0000] {dag.py:3954} INFO - Setting next_dagrun for example_complex to None, run_after=None
[2024-04-09T18:57:37.625+0000] {processor.py:183} INFO - Processing /home/airflow/.local/lib/python3.12/site-packages/airflow/example_dags/example_complex.py took 0.314 seconds
[2024-04-09T18:58:07.776+0000] {processor.py:161} INFO - Started process (PID=3144) to work on /home/airflow/.local/lib/python3.12/site-packages/airflow/example_dags/example_complex.py
[2024-04-09T18:58:07.777+0000] {processor.py:830} INFO - Processing file /home/airflow/.local/lib/python3.12/site-packages/airflow/example_dags/example_complex.py for tasks to queue
[2024-04-09T18:58:07.780+0000] {logging_mixin.py:188} INFO - [2024-04-09T18:58:07.779+0000] {dagbag.py:540} INFO - Filling up the DagBag from /home/airflow/.local/lib/python3.12/site-packages/airflow/example_dags/example_complex.py
[2024-04-09T18:58:07.795+0000] {processor.py:840} INFO - DAG(s) 'example_complex' retrieved from /home/airflow/.local/lib/python3.12/site-packages/airflow/example_dags/example_complex.py
[2024-04-09T18:58:07.852+0000] {logging_mixin.py:188} INFO - [2024-04-09T18:58:07.852+0000] {dag.py:3096} INFO - Sync 1 DAGs
[2024-04-09T18:58:07.869+0000] {logging_mixin.py:188} INFO - [2024-04-09T18:58:07.869+0000] {dag.py:3954} INFO - Setting next_dagrun for example_complex to None, run_after=None
[2024-04-09T18:58:07.894+0000] {processor.py:183} INFO - Processing /home/airflow/.local/lib/python3.12/site-packages/airflow/example_dags/example_complex.py took 0.130 seconds
[2024-04-09T18:58:38.270+0000] {processor.py:161} INFO - Started process (PID=3415) to work on /home/airflow/.local/lib/python3.12/site-packages/airflow/example_dags/example_complex.py
[2024-04-09T18:58:38.272+0000] {processor.py:830} INFO - Processing file /home/airflow/.local/lib/python3.12/site-packages/airflow/example_dags/example_complex.py for tasks to queue
[2024-04-09T18:58:38.274+0000] {logging_mixin.py:188} INFO - [2024-04-09T18:58:38.273+0000] {dagbag.py:540} INFO - Filling up the DagBag from /home/airflow/.local/lib/python3.12/site-packages/airflow/example_dags/example_complex.py
[2024-04-09T18:58:38.292+0000] {processor.py:840} INFO - DAG(s) 'example_complex' retrieved from /home/airflow/.local/lib/python3.12/site-packages/airflow/example_dags/example_complex.py
[2024-04-09T18:58:38.337+0000] {logging_mixin.py:188} INFO - [2024-04-09T18:58:38.337+0000] {dag.py:3096} INFO - Sync 1 DAGs
[2024-04-09T18:58:38.352+0000] {logging_mixin.py:188} INFO - [2024-04-09T18:58:38.352+0000] {dag.py:3954} INFO - Setting next_dagrun for example_complex to None, run_after=None
[2024-04-09T18:58:38.376+0000] {processor.py:183} INFO - Processing /home/airflow/.local/lib/python3.12/site-packages/airflow/example_dags/example_complex.py took 0.112 seconds
[2024-04-09T18:59:08.575+0000] {processor.py:161} INFO - Started process (PID=3687) to work on /home/airflow/.local/lib/python3.12/site-packages/airflow/example_dags/example_complex.py
[2024-04-09T18:59:08.576+0000] {processor.py:830} INFO - Processing file /home/airflow/.local/lib/python3.12/site-packages/airflow/example_dags/example_complex.py for tasks to queue
[2024-04-09T18:59:08.578+0000] {logging_mixin.py:188} INFO - [2024-04-09T18:59:08.577+0000] {dagbag.py:540} INFO - Filling up the DagBag from /home/airflow/.local/lib/python3.12/site-packages/airflow/example_dags/example_complex.py
[2024-04-09T18:59:08.593+0000] {processor.py:840} INFO - DAG(s) 'example_complex' retrieved from /home/airflow/.local/lib/python3.12/site-packages/airflow/example_dags/example_complex.py
[2024-04-09T18:59:08.639+0000] {logging_mixin.py:188} INFO - [2024-04-09T18:59:08.639+0000] {dag.py:3096} INFO - Sync 1 DAGs
[2024-04-09T18:59:08.654+0000] {logging_mixin.py:188} INFO - [2024-04-09T18:59:08.654+0000] {dag.py:3954} INFO - Setting next_dagrun for example_complex to None, run_after=None
[2024-04-09T18:59:08.679+0000] {processor.py:183} INFO - Processing /home/airflow/.local/lib/python3.12/site-packages/airflow/example_dags/example_complex.py took 0.110 seconds
[2024-04-09T18:59:39.033+0000] {processor.py:161} INFO - Started process (PID=3959) to work on /home/airflow/.local/lib/python3.12/site-packages/airflow/example_dags/example_complex.py
[2024-04-09T18:59:39.034+0000] {processor.py:830} INFO - Processing file /home/airflow/.local/lib/python3.12/site-packages/airflow/example_dags/example_complex.py for tasks to queue
[2024-04-09T18:59:39.035+0000] {logging_mixin.py:188} INFO - [2024-04-09T18:59:39.035+0000] {dagbag.py:540} INFO - Filling up the DagBag from /home/airflow/.local/lib/python3.12/site-packages/airflow/example_dags/example_complex.py
[2024-04-09T18:59:39.050+0000] {processor.py:840} INFO - DAG(s) 'example_complex' retrieved from /home/airflow/.local/lib/python3.12/site-packages/airflow/example_dags/example_complex.py
[2024-04-09T18:59:39.095+0000] {logging_mixin.py:188} INFO - [2024-04-09T18:59:39.095+0000] {dag.py:3096} INFO - Sync 1 DAGs
[2024-04-09T18:59:39.111+0000] {logging_mixin.py:188} INFO - [2024-04-09T18:59:39.111+0000] {dag.py:3954} INFO - Setting next_dagrun for example_complex to None, run_after=None
[2024-04-09T18:59:39.138+0000] {processor.py:183} INFO - Processing /home/airflow/.local/lib/python3.12/site-packages/airflow/example_dags/example_complex.py took 0.112 seconds
[2024-04-09T19:00:09.938+0000] {processor.py:161} INFO - Started process (PID=4229) to work on /home/airflow/.local/lib/python3.12/site-packages/airflow/example_dags/example_complex.py
[2024-04-09T19:00:09.939+0000] {processor.py:830} INFO - Processing file /home/airflow/.local/lib/python3.12/site-packages/airflow/example_dags/example_complex.py for tasks to queue
[2024-04-09T19:00:09.944+0000] {logging_mixin.py:188} INFO - [2024-04-09T19:00:09.943+0000] {dagbag.py:540} INFO - Filling up the DagBag from /home/airflow/.local/lib/python3.12/site-packages/airflow/example_dags/example_complex.py
[2024-04-09T19:00:09.959+0000] {processor.py:840} INFO - DAG(s) 'example_complex' retrieved from /home/airflow/.local/lib/python3.12/site-packages/airflow/example_dags/example_complex.py
[2024-04-09T19:00:10.001+0000] {logging_mixin.py:188} INFO - [2024-04-09T19:00:10.000+0000] {dag.py:3096} INFO - Sync 1 DAGs
[2024-04-09T19:00:10.017+0000] {logging_mixin.py:188} INFO - [2024-04-09T19:00:10.017+0000] {dag.py:3954} INFO - Setting next_dagrun for example_complex to None, run_after=None
[2024-04-09T19:00:10.041+0000] {processor.py:183} INFO - Processing /home/airflow/.local/lib/python3.12/site-packages/airflow/example_dags/example_complex.py took 0.109 seconds
[2024-04-09T19:00:40.929+0000] {processor.py:161} INFO - Started process (PID=4502) to work on /home/airflow/.local/lib/python3.12/site-packages/airflow/example_dags/example_complex.py
[2024-04-09T19:00:40.931+0000] {processor.py:830} INFO - Processing file /home/airflow/.local/lib/python3.12/site-packages/airflow/example_dags/example_complex.py for tasks to queue
[2024-04-09T19:00:40.933+0000] {logging_mixin.py:188} INFO - [2024-04-09T19:00:40.933+0000] {dagbag.py:540} INFO - Filling up the DagBag from /home/airflow/.local/lib/python3.12/site-packages/airflow/example_dags/example_complex.py
[2024-04-09T19:00:40.954+0000] {processor.py:840} INFO - DAG(s) 'example_complex' retrieved from /home/airflow/.local/lib/python3.12/site-packages/airflow/example_dags/example_complex.py
[2024-04-09T19:00:40.996+0000] {logging_mixin.py:188} INFO - [2024-04-09T19:00:40.996+0000] {dag.py:3096} INFO - Sync 1 DAGs
[2024-04-09T19:00:41.012+0000] {logging_mixin.py:188} INFO - [2024-04-09T19:00:41.012+0000] {dag.py:3954} INFO - Setting next_dagrun for example_complex to None, run_after=None
[2024-04-09T19:00:41.040+0000] {processor.py:183} INFO - Processing /home/airflow/.local/lib/python3.12/site-packages/airflow/example_dags/example_complex.py took 0.118 seconds
[2024-04-09T19:01:11.154+0000] {processor.py:161} INFO - Started process (PID=4771) to work on /home/airflow/.local/lib/python3.12/site-packages/airflow/example_dags/example_complex.py
[2024-04-09T19:01:11.154+0000] {processor.py:830} INFO - Processing file /home/airflow/.local/lib/python3.12/site-packages/airflow/example_dags/example_complex.py for tasks to queue
[2024-04-09T19:01:11.156+0000] {logging_mixin.py:188} INFO - [2024-04-09T19:01:11.156+0000] {dagbag.py:540} INFO - Filling up the DagBag from /home/airflow/.local/lib/python3.12/site-packages/airflow/example_dags/example_complex.py
[2024-04-09T19:01:11.165+0000] {processor.py:840} INFO - DAG(s) 'example_complex' retrieved from /home/airflow/.local/lib/python3.12/site-packages/airflow/example_dags/example_complex.py
[2024-04-09T19:01:11.192+0000] {logging_mixin.py:188} INFO - [2024-04-09T19:01:11.192+0000] {dag.py:3096} INFO - Sync 1 DAGs
[2024-04-09T19:01:11.202+0000] {logging_mixin.py:188} INFO - [2024-04-09T19:01:11.202+0000] {dag.py:3954} INFO - Setting next_dagrun for example_complex to None, run_after=None
[2024-04-09T19:01:11.223+0000] {processor.py:183} INFO - Processing /home/airflow/.local/lib/python3.12/site-packages/airflow/example_dags/example_complex.py took 0.075 seconds
[2024-04-09T19:01:41.526+0000] {processor.py:161} INFO - Started process (PID=5043) to work on /home/airflow/.local/lib/python3.12/site-packages/airflow/example_dags/example_complex.py
[2024-04-09T19:01:41.527+0000] {processor.py:830} INFO - Processing file /home/airflow/.local/lib/python3.12/site-packages/airflow/example_dags/example_complex.py for tasks to queue
[2024-04-09T19:01:41.529+0000] {logging_mixin.py:188} INFO - [2024-04-09T19:01:41.529+0000] {dagbag.py:540} INFO - Filling up the DagBag from /home/airflow/.local/lib/python3.12/site-packages/airflow/example_dags/example_complex.py
[2024-04-09T19:01:41.543+0000] {processor.py:840} INFO - DAG(s) 'example_complex' retrieved from /home/airflow/.local/lib/python3.12/site-packages/airflow/example_dags/example_complex.py
[2024-04-09T19:01:41.606+0000] {logging_mixin.py:188} INFO - [2024-04-09T19:01:41.606+0000] {dag.py:3096} INFO - Sync 1 DAGs
[2024-04-09T19:01:41.643+0000] {logging_mixin.py:188} INFO - [2024-04-09T19:01:41.642+0000] {dag.py:3954} INFO - Setting next_dagrun for example_complex to None, run_after=None
[2024-04-09T19:01:41.678+0000] {processor.py:183} INFO - Processing /home/airflow/.local/lib/python3.12/site-packages/airflow/example_dags/example_complex.py took 0.159 seconds
[2024-04-09T19:02:11.849+0000] {processor.py:161} INFO - Started process (PID=5315) to work on /home/airflow/.local/lib/python3.12/site-packages/airflow/example_dags/example_complex.py
[2024-04-09T19:02:11.850+0000] {processor.py:830} INFO - Processing file /home/airflow/.local/lib/python3.12/site-packages/airflow/example_dags/example_complex.py for tasks to queue
[2024-04-09T19:02:11.852+0000] {logging_mixin.py:188} INFO - [2024-04-09T19:02:11.852+0000] {dagbag.py:540} INFO - Filling up the DagBag from /home/airflow/.local/lib/python3.12/site-packages/airflow/example_dags/example_complex.py
[2024-04-09T19:02:11.873+0000] {processor.py:840} INFO - DAG(s) 'example_complex' retrieved from /home/airflow/.local/lib/python3.12/site-packages/airflow/example_dags/example_complex.py
[2024-04-09T19:02:11.948+0000] {logging_mixin.py:188} INFO - [2024-04-09T19:02:11.948+0000] {dag.py:3096} INFO - Sync 1 DAGs
[2024-04-09T19:02:11.975+0000] {logging_mixin.py:188} INFO - [2024-04-09T19:02:11.975+0000] {dag.py:3954} INFO - Setting next_dagrun for example_complex to None, run_after=None
[2024-04-09T19:02:12.010+0000] {processor.py:183} INFO - Processing /home/airflow/.local/lib/python3.12/site-packages/airflow/example_dags/example_complex.py took 0.167 seconds
[2024-04-09T19:02:42.089+0000] {processor.py:161} INFO - Started process (PID=5590) to work on /home/airflow/.local/lib/python3.12/site-packages/airflow/example_dags/example_complex.py
[2024-04-09T19:02:42.090+0000] {processor.py:830} INFO - Processing file /home/airflow/.local/lib/python3.12/site-packages/airflow/example_dags/example_complex.py for tasks to queue
[2024-04-09T19:02:42.096+0000] {logging_mixin.py:188} INFO - [2024-04-09T19:02:42.095+0000] {dagbag.py:540} INFO - Filling up the DagBag from /home/airflow/.local/lib/python3.12/site-packages/airflow/example_dags/example_complex.py
[2024-04-09T19:02:42.128+0000] {processor.py:840} INFO - DAG(s) 'example_complex' retrieved from /home/airflow/.local/lib/python3.12/site-packages/airflow/example_dags/example_complex.py
[2024-04-09T19:02:42.208+0000] {logging_mixin.py:188} INFO - [2024-04-09T19:02:42.208+0000] {dag.py:3096} INFO - Sync 1 DAGs
[2024-04-09T19:02:42.230+0000] {logging_mixin.py:188} INFO - [2024-04-09T19:02:42.230+0000] {dag.py:3954} INFO - Setting next_dagrun for example_complex to None, run_after=None
[2024-04-09T19:02:42.275+0000] {processor.py:183} INFO - Processing /home/airflow/.local/lib/python3.12/site-packages/airflow/example_dags/example_complex.py took 0.197 seconds
[2024-04-09T19:03:12.385+0000] {processor.py:161} INFO - Started process (PID=5859) to work on /home/airflow/.local/lib/python3.12/site-packages/airflow/example_dags/example_complex.py
[2024-04-09T19:03:12.386+0000] {processor.py:830} INFO - Processing file /home/airflow/.local/lib/python3.12/site-packages/airflow/example_dags/example_complex.py for tasks to queue
[2024-04-09T19:03:12.388+0000] {logging_mixin.py:188} INFO - [2024-04-09T19:03:12.388+0000] {dagbag.py:540} INFO - Filling up the DagBag from /home/airflow/.local/lib/python3.12/site-packages/airflow/example_dags/example_complex.py
[2024-04-09T19:03:12.403+0000] {processor.py:840} INFO - DAG(s) 'example_complex' retrieved from /home/airflow/.local/lib/python3.12/site-packages/airflow/example_dags/example_complex.py
[2024-04-09T19:03:12.447+0000] {logging_mixin.py:188} INFO - [2024-04-09T19:03:12.447+0000] {dag.py:3096} INFO - Sync 1 DAGs
[2024-04-09T19:03:12.464+0000] {logging_mixin.py:188} INFO - [2024-04-09T19:03:12.464+0000] {dag.py:3954} INFO - Setting next_dagrun for example_complex to None, run_after=None
[2024-04-09T19:03:12.490+0000] {processor.py:183} INFO - Processing /home/airflow/.local/lib/python3.12/site-packages/airflow/example_dags/example_complex.py took 0.112 seconds
[2024-04-09T19:03:43.409+0000] {processor.py:161} INFO - Started process (PID=6132) to work on /home/airflow/.local/lib/python3.12/site-packages/airflow/example_dags/example_complex.py
[2024-04-09T19:03:43.410+0000] {processor.py:830} INFO - Processing file /home/airflow/.local/lib/python3.12/site-packages/airflow/example_dags/example_complex.py for tasks to queue
[2024-04-09T19:03:43.412+0000] {logging_mixin.py:188} INFO - [2024-04-09T19:03:43.411+0000] {dagbag.py:540} INFO - Filling up the DagBag from /home/airflow/.local/lib/python3.12/site-packages/airflow/example_dags/example_complex.py
[2024-04-09T19:03:43.426+0000] {processor.py:840} INFO - DAG(s) 'example_complex' retrieved from /home/airflow/.local/lib/python3.12/site-packages/airflow/example_dags/example_complex.py
[2024-04-09T19:03:43.474+0000] {logging_mixin.py:188} INFO - [2024-04-09T19:03:43.474+0000] {dag.py:3096} INFO - Sync 1 DAGs
[2024-04-09T19:03:43.495+0000] {logging_mixin.py:188} INFO - [2024-04-09T19:03:43.495+0000] {dag.py:3954} INFO - Setting next_dagrun for example_complex to None, run_after=None
[2024-04-09T19:03:43.521+0000] {processor.py:183} INFO - Processing /home/airflow/.local/lib/python3.12/site-packages/airflow/example_dags/example_complex.py took 0.119 seconds
[2024-04-09T19:04:14.277+0000] {processor.py:161} INFO - Started process (PID=6405) to work on /home/airflow/.local/lib/python3.12/site-packages/airflow/example_dags/example_complex.py
[2024-04-09T19:04:14.278+0000] {processor.py:830} INFO - Processing file /home/airflow/.local/lib/python3.12/site-packages/airflow/example_dags/example_complex.py for tasks to queue
[2024-04-09T19:04:14.280+0000] {logging_mixin.py:188} INFO - [2024-04-09T19:04:14.280+0000] {dagbag.py:540} INFO - Filling up the DagBag from /home/airflow/.local/lib/python3.12/site-packages/airflow/example_dags/example_complex.py
[2024-04-09T19:04:14.294+0000] {processor.py:840} INFO - DAG(s) 'example_complex' retrieved from /home/airflow/.local/lib/python3.12/site-packages/airflow/example_dags/example_complex.py
[2024-04-09T19:04:14.342+0000] {logging_mixin.py:188} INFO - [2024-04-09T19:04:14.341+0000] {dag.py:3096} INFO - Sync 1 DAGs
[2024-04-09T19:04:14.359+0000] {logging_mixin.py:188} INFO - [2024-04-09T19:04:14.359+0000] {dag.py:3954} INFO - Setting next_dagrun for example_complex to None, run_after=None
[2024-04-09T19:04:14.407+0000] {processor.py:183} INFO - Processing /home/airflow/.local/lib/python3.12/site-packages/airflow/example_dags/example_complex.py took 0.136 seconds
[2024-04-09T19:04:44.478+0000] {processor.py:161} INFO - Started process (PID=6678) to work on /home/airflow/.local/lib/python3.12/site-packages/airflow/example_dags/example_complex.py
[2024-04-09T19:04:44.479+0000] {processor.py:830} INFO - Processing file /home/airflow/.local/lib/python3.12/site-packages/airflow/example_dags/example_complex.py for tasks to queue
[2024-04-09T19:04:44.481+0000] {logging_mixin.py:188} INFO - [2024-04-09T19:04:44.480+0000] {dagbag.py:540} INFO - Filling up the DagBag from /home/airflow/.local/lib/python3.12/site-packages/airflow/example_dags/example_complex.py
[2024-04-09T19:04:44.495+0000] {processor.py:840} INFO - DAG(s) 'example_complex' retrieved from /home/airflow/.local/lib/python3.12/site-packages/airflow/example_dags/example_complex.py
[2024-04-09T19:04:44.545+0000] {logging_mixin.py:188} INFO - [2024-04-09T19:04:44.544+0000] {dag.py:3096} INFO - Sync 1 DAGs
[2024-04-09T19:04:44.565+0000] {logging_mixin.py:188} INFO - [2024-04-09T19:04:44.565+0000] {dag.py:3954} INFO - Setting next_dagrun for example_complex to None, run_after=None
[2024-04-09T19:04:44.598+0000] {processor.py:183} INFO - Processing /home/airflow/.local/lib/python3.12/site-packages/airflow/example_dags/example_complex.py took 0.126 seconds
[2024-04-09T19:05:15.240+0000] {processor.py:161} INFO - Started process (PID=6951) to work on /home/airflow/.local/lib/python3.12/site-packages/airflow/example_dags/example_complex.py
[2024-04-09T19:05:15.241+0000] {processor.py:830} INFO - Processing file /home/airflow/.local/lib/python3.12/site-packages/airflow/example_dags/example_complex.py for tasks to queue
[2024-04-09T19:05:15.243+0000] {logging_mixin.py:188} INFO - [2024-04-09T19:05:15.242+0000] {dagbag.py:540} INFO - Filling up the DagBag from /home/airflow/.local/lib/python3.12/site-packages/airflow/example_dags/example_complex.py
[2024-04-09T19:05:15.258+0000] {processor.py:840} INFO - DAG(s) 'example_complex' retrieved from /home/airflow/.local/lib/python3.12/site-packages/airflow/example_dags/example_complex.py
[2024-04-09T19:05:15.303+0000] {logging_mixin.py:188} INFO - [2024-04-09T19:05:15.302+0000] {dag.py:3096} INFO - Sync 1 DAGs
[2024-04-09T19:05:15.319+0000] {logging_mixin.py:188} INFO - [2024-04-09T19:05:15.319+0000] {dag.py:3954} INFO - Setting next_dagrun for example_complex to None, run_after=None
[2024-04-09T19:05:15.343+0000] {processor.py:183} INFO - Processing /home/airflow/.local/lib/python3.12/site-packages/airflow/example_dags/example_complex.py took 0.109 seconds
[2024-04-09T19:05:45.433+0000] {processor.py:161} INFO - Started process (PID=7223) to work on /home/airflow/.local/lib/python3.12/site-packages/airflow/example_dags/example_complex.py
[2024-04-09T19:05:45.434+0000] {processor.py:830} INFO - Processing file /home/airflow/.local/lib/python3.12/site-packages/airflow/example_dags/example_complex.py for tasks to queue
[2024-04-09T19:05:45.436+0000] {logging_mixin.py:188} INFO - [2024-04-09T19:05:45.435+0000] {dagbag.py:540} INFO - Filling up the DagBag from /home/airflow/.local/lib/python3.12/site-packages/airflow/example_dags/example_complex.py
[2024-04-09T19:05:45.444+0000] {processor.py:840} INFO - DAG(s) 'example_complex' retrieved from /home/airflow/.local/lib/python3.12/site-packages/airflow/example_dags/example_complex.py
[2024-04-09T19:05:45.478+0000] {logging_mixin.py:188} INFO - [2024-04-09T19:05:45.478+0000] {dag.py:3096} INFO - Sync 1 DAGs
[2024-04-09T19:05:45.495+0000] {logging_mixin.py:188} INFO - [2024-04-09T19:05:45.494+0000] {dag.py:3954} INFO - Setting next_dagrun for example_complex to None, run_after=None
[2024-04-09T19:05:45.520+0000] {processor.py:183} INFO - Processing /home/airflow/.local/lib/python3.12/site-packages/airflow/example_dags/example_complex.py took 0.093 seconds
[2024-04-09T19:06:16.117+0000] {processor.py:161} INFO - Started process (PID=7495) to work on /home/airflow/.local/lib/python3.12/site-packages/airflow/example_dags/example_complex.py
[2024-04-09T19:06:16.118+0000] {processor.py:830} INFO - Processing file /home/airflow/.local/lib/python3.12/site-packages/airflow/example_dags/example_complex.py for tasks to queue
[2024-04-09T19:06:16.119+0000] {logging_mixin.py:188} INFO - [2024-04-09T19:06:16.119+0000] {dagbag.py:540} INFO - Filling up the DagBag from /home/airflow/.local/lib/python3.12/site-packages/airflow/example_dags/example_complex.py
[2024-04-09T19:06:16.128+0000] {processor.py:840} INFO - DAG(s) 'example_complex' retrieved from /home/airflow/.local/lib/python3.12/site-packages/airflow/example_dags/example_complex.py
[2024-04-09T19:06:16.158+0000] {logging_mixin.py:188} INFO - [2024-04-09T19:06:16.158+0000] {dag.py:3096} INFO - Sync 1 DAGs
[2024-04-09T19:06:16.169+0000] {logging_mixin.py:188} INFO - [2024-04-09T19:06:16.169+0000] {dag.py:3954} INFO - Setting next_dagrun for example_complex to None, run_after=None
[2024-04-09T19:06:16.190+0000] {processor.py:183} INFO - Processing /home/airflow/.local/lib/python3.12/site-packages/airflow/example_dags/example_complex.py took 0.078 seconds
[2024-04-09T19:06:46.288+0000] {processor.py:161} INFO - Started process (PID=7768) to work on /home/airflow/.local/lib/python3.12/site-packages/airflow/example_dags/example_complex.py
[2024-04-09T19:06:46.289+0000] {processor.py:830} INFO - Processing file /home/airflow/.local/lib/python3.12/site-packages/airflow/example_dags/example_complex.py for tasks to queue
[2024-04-09T19:06:46.290+0000] {logging_mixin.py:188} INFO - [2024-04-09T19:06:46.290+0000] {dagbag.py:540} INFO - Filling up the DagBag from /home/airflow/.local/lib/python3.12/site-packages/airflow/example_dags/example_complex.py
[2024-04-09T19:06:46.300+0000] {processor.py:840} INFO - DAG(s) 'example_complex' retrieved from /home/airflow/.local/lib/python3.12/site-packages/airflow/example_dags/example_complex.py
[2024-04-09T19:06:46.328+0000] {logging_mixin.py:188} INFO - [2024-04-09T19:06:46.328+0000] {dag.py:3096} INFO - Sync 1 DAGs
[2024-04-09T19:06:46.338+0000] {logging_mixin.py:188} INFO - [2024-04-09T19:06:46.338+0000] {dag.py:3954} INFO - Setting next_dagrun for example_complex to None, run_after=None
[2024-04-09T19:06:46.358+0000] {processor.py:183} INFO - Processing /home/airflow/.local/lib/python3.12/site-packages/airflow/example_dags/example_complex.py took 0.075 seconds
[2024-04-09T19:07:17.285+0000] {processor.py:161} INFO - Started process (PID=8039) to work on /home/airflow/.local/lib/python3.12/site-packages/airflow/example_dags/example_complex.py
[2024-04-09T19:07:17.286+0000] {processor.py:830} INFO - Processing file /home/airflow/.local/lib/python3.12/site-packages/airflow/example_dags/example_complex.py for tasks to queue
[2024-04-09T19:07:17.287+0000] {logging_mixin.py:188} INFO - [2024-04-09T19:07:17.287+0000] {dagbag.py:540} INFO - Filling up the DagBag from /home/airflow/.local/lib/python3.12/site-packages/airflow/example_dags/example_complex.py
[2024-04-09T19:07:17.296+0000] {processor.py:840} INFO - DAG(s) 'example_complex' retrieved from /home/airflow/.local/lib/python3.12/site-packages/airflow/example_dags/example_complex.py
[2024-04-09T19:07:17.324+0000] {logging_mixin.py:188} INFO - [2024-04-09T19:07:17.324+0000] {dag.py:3096} INFO - Sync 1 DAGs
[2024-04-09T19:07:17.336+0000] {logging_mixin.py:188} INFO - [2024-04-09T19:07:17.336+0000] {dag.py:3954} INFO - Setting next_dagrun for example_complex to None, run_after=None
[2024-04-09T19:07:17.356+0000] {processor.py:183} INFO - Processing /home/airflow/.local/lib/python3.12/site-packages/airflow/example_dags/example_complex.py took 0.076 seconds
[2024-04-09T19:07:47.772+0000] {processor.py:161} INFO - Started process (PID=8311) to work on /home/airflow/.local/lib/python3.12/site-packages/airflow/example_dags/example_complex.py
[2024-04-09T19:07:47.773+0000] {processor.py:830} INFO - Processing file /home/airflow/.local/lib/python3.12/site-packages/airflow/example_dags/example_complex.py for tasks to queue
[2024-04-09T19:07:47.775+0000] {logging_mixin.py:188} INFO - [2024-04-09T19:07:47.774+0000] {dagbag.py:540} INFO - Filling up the DagBag from /home/airflow/.local/lib/python3.12/site-packages/airflow/example_dags/example_complex.py
[2024-04-09T19:07:47.790+0000] {processor.py:840} INFO - DAG(s) 'example_complex' retrieved from /home/airflow/.local/lib/python3.12/site-packages/airflow/example_dags/example_complex.py
[2024-04-09T19:07:47.837+0000] {logging_mixin.py:188} INFO - [2024-04-09T19:07:47.837+0000] {dag.py:3096} INFO - Sync 1 DAGs
[2024-04-09T19:07:47.854+0000] {logging_mixin.py:188} INFO - [2024-04-09T19:07:47.854+0000] {dag.py:3954} INFO - Setting next_dagrun for example_complex to None, run_after=None
[2024-04-09T19:07:47.880+0000] {processor.py:183} INFO - Processing /home/airflow/.local/lib/python3.12/site-packages/airflow/example_dags/example_complex.py took 0.115 seconds
[2024-04-09T19:08:18.779+0000] {processor.py:161} INFO - Started process (PID=8583) to work on /home/airflow/.local/lib/python3.12/site-packages/airflow/example_dags/example_complex.py
[2024-04-09T19:08:18.779+0000] {processor.py:830} INFO - Processing file /home/airflow/.local/lib/python3.12/site-packages/airflow/example_dags/example_complex.py for tasks to queue
[2024-04-09T19:08:18.781+0000] {logging_mixin.py:188} INFO - [2024-04-09T19:08:18.781+0000] {dagbag.py:540} INFO - Filling up the DagBag from /home/airflow/.local/lib/python3.12/site-packages/airflow/example_dags/example_complex.py
[2024-04-09T19:08:18.796+0000] {processor.py:840} INFO - DAG(s) 'example_complex' retrieved from /home/airflow/.local/lib/python3.12/site-packages/airflow/example_dags/example_complex.py
[2024-04-09T19:08:18.829+0000] {logging_mixin.py:188} INFO - [2024-04-09T19:08:18.829+0000] {dag.py:3096} INFO - Sync 1 DAGs
[2024-04-09T19:08:18.840+0000] {logging_mixin.py:188} INFO - [2024-04-09T19:08:18.840+0000] {dag.py:3954} INFO - Setting next_dagrun for example_complex to None, run_after=None
[2024-04-09T19:08:18.859+0000] {processor.py:183} INFO - Processing /home/airflow/.local/lib/python3.12/site-packages/airflow/example_dags/example_complex.py took 0.085 seconds
[2024-04-09T19:08:49.022+0000] {processor.py:161} INFO - Started process (PID=8855) to work on /home/airflow/.local/lib/python3.12/site-packages/airflow/example_dags/example_complex.py
[2024-04-09T19:08:49.022+0000] {processor.py:830} INFO - Processing file /home/airflow/.local/lib/python3.12/site-packages/airflow/example_dags/example_complex.py for tasks to queue
[2024-04-09T19:08:49.024+0000] {logging_mixin.py:188} INFO - [2024-04-09T19:08:49.024+0000] {dagbag.py:540} INFO - Filling up the DagBag from /home/airflow/.local/lib/python3.12/site-packages/airflow/example_dags/example_complex.py
[2024-04-09T19:08:49.033+0000] {processor.py:840} INFO - DAG(s) 'example_complex' retrieved from /home/airflow/.local/lib/python3.12/site-packages/airflow/example_dags/example_complex.py
[2024-04-09T19:08:49.062+0000] {logging_mixin.py:188} INFO - [2024-04-09T19:08:49.061+0000] {dag.py:3096} INFO - Sync 1 DAGs
[2024-04-09T19:08:49.072+0000] {logging_mixin.py:188} INFO - [2024-04-09T19:08:49.072+0000] {dag.py:3954} INFO - Setting next_dagrun for example_complex to None, run_after=None
[2024-04-09T19:08:49.090+0000] {processor.py:183} INFO - Processing /home/airflow/.local/lib/python3.12/site-packages/airflow/example_dags/example_complex.py took 0.074 seconds
[2024-04-09T19:09:19.737+0000] {processor.py:161} INFO - Started process (PID=9128) to work on /home/airflow/.local/lib/python3.12/site-packages/airflow/example_dags/example_complex.py
[2024-04-09T19:09:19.738+0000] {processor.py:830} INFO - Processing file /home/airflow/.local/lib/python3.12/site-packages/airflow/example_dags/example_complex.py for tasks to queue
[2024-04-09T19:09:19.740+0000] {logging_mixin.py:188} INFO - [2024-04-09T19:09:19.740+0000] {dagbag.py:540} INFO - Filling up the DagBag from /home/airflow/.local/lib/python3.12/site-packages/airflow/example_dags/example_complex.py
[2024-04-09T19:09:19.756+0000] {processor.py:840} INFO - DAG(s) 'example_complex' retrieved from /home/airflow/.local/lib/python3.12/site-packages/airflow/example_dags/example_complex.py
[2024-04-09T19:09:19.810+0000] {logging_mixin.py:188} INFO - [2024-04-09T19:09:19.810+0000] {dag.py:3096} INFO - Sync 1 DAGs
[2024-04-09T19:09:19.830+0000] {logging_mixin.py:188} INFO - [2024-04-09T19:09:19.829+0000] {dag.py:3954} INFO - Setting next_dagrun for example_complex to None, run_after=None
[2024-04-09T19:09:19.854+0000] {processor.py:183} INFO - Processing /home/airflow/.local/lib/python3.12/site-packages/airflow/example_dags/example_complex.py took 0.125 seconds
[2024-04-09T19:09:50.366+0000] {processor.py:161} INFO - Started process (PID=9400) to work on /home/airflow/.local/lib/python3.12/site-packages/airflow/example_dags/example_complex.py
[2024-04-09T19:09:50.367+0000] {processor.py:830} INFO - Processing file /home/airflow/.local/lib/python3.12/site-packages/airflow/example_dags/example_complex.py for tasks to queue
[2024-04-09T19:09:50.368+0000] {logging_mixin.py:188} INFO - [2024-04-09T19:09:50.368+0000] {dagbag.py:540} INFO - Filling up the DagBag from /home/airflow/.local/lib/python3.12/site-packages/airflow/example_dags/example_complex.py
[2024-04-09T19:09:50.377+0000] {processor.py:840} INFO - DAG(s) 'example_complex' retrieved from /home/airflow/.local/lib/python3.12/site-packages/airflow/example_dags/example_complex.py
[2024-04-09T19:09:50.406+0000] {logging_mixin.py:188} INFO - [2024-04-09T19:09:50.405+0000] {dag.py:3096} INFO - Sync 1 DAGs
[2024-04-09T19:09:50.416+0000] {logging_mixin.py:188} INFO - [2024-04-09T19:09:50.416+0000] {dag.py:3954} INFO - Setting next_dagrun for example_complex to None, run_after=None
[2024-04-09T19:09:50.436+0000] {processor.py:183} INFO - Processing /home/airflow/.local/lib/python3.12/site-packages/airflow/example_dags/example_complex.py took 0.075 seconds
[2024-04-09T19:10:20.682+0000] {processor.py:161} INFO - Started process (PID=9673) to work on /home/airflow/.local/lib/python3.12/site-packages/airflow/example_dags/example_complex.py
[2024-04-09T19:10:20.683+0000] {processor.py:830} INFO - Processing file /home/airflow/.local/lib/python3.12/site-packages/airflow/example_dags/example_complex.py for tasks to queue
[2024-04-09T19:10:20.685+0000] {logging_mixin.py:188} INFO - [2024-04-09T19:10:20.684+0000] {dagbag.py:540} INFO - Filling up the DagBag from /home/airflow/.local/lib/python3.12/site-packages/airflow/example_dags/example_complex.py
[2024-04-09T19:10:20.696+0000] {processor.py:840} INFO - DAG(s) 'example_complex' retrieved from /home/airflow/.local/lib/python3.12/site-packages/airflow/example_dags/example_complex.py
[2024-04-09T19:10:20.723+0000] {logging_mixin.py:188} INFO - [2024-04-09T19:10:20.723+0000] {dag.py:3096} INFO - Sync 1 DAGs
[2024-04-09T19:10:20.733+0000] {logging_mixin.py:188} INFO - [2024-04-09T19:10:20.733+0000] {dag.py:3954} INFO - Setting next_dagrun for example_complex to None, run_after=None
[2024-04-09T19:10:20.752+0000] {processor.py:183} INFO - Processing /home/airflow/.local/lib/python3.12/site-packages/airflow/example_dags/example_complex.py took 0.076 seconds
[2024-04-09T19:10:50.869+0000] {processor.py:161} INFO - Started process (PID=9946) to work on /home/airflow/.local/lib/python3.12/site-packages/airflow/example_dags/example_complex.py
[2024-04-09T19:10:50.873+0000] {processor.py:830} INFO - Processing file /home/airflow/.local/lib/python3.12/site-packages/airflow/example_dags/example_complex.py for tasks to queue
[2024-04-09T19:10:50.875+0000] {logging_mixin.py:188} INFO - [2024-04-09T19:10:50.874+0000] {dagbag.py:540} INFO - Filling up the DagBag from /home/airflow/.local/lib/python3.12/site-packages/airflow/example_dags/example_complex.py
[2024-04-09T19:10:50.887+0000] {processor.py:840} INFO - DAG(s) 'example_complex' retrieved from /home/airflow/.local/lib/python3.12/site-packages/airflow/example_dags/example_complex.py
[2024-04-09T19:10:50.928+0000] {logging_mixin.py:188} INFO - [2024-04-09T19:10:50.928+0000] {dag.py:3096} INFO - Sync 1 DAGs
[2024-04-09T19:10:50.941+0000] {logging_mixin.py:188} INFO - [2024-04-09T19:10:50.941+0000] {dag.py:3954} INFO - Setting next_dagrun for example_complex to None, run_after=None
[2024-04-09T19:10:50.970+0000] {processor.py:183} INFO - Processing /home/airflow/.local/lib/python3.12/site-packages/airflow/example_dags/example_complex.py took 0.108 seconds
[2024-04-09T19:11:21.198+0000] {processor.py:161} INFO - Started process (PID=10218) to work on /home/airflow/.local/lib/python3.12/site-packages/airflow/example_dags/example_complex.py
[2024-04-09T19:11:21.198+0000] {processor.py:830} INFO - Processing file /home/airflow/.local/lib/python3.12/site-packages/airflow/example_dags/example_complex.py for tasks to queue
[2024-04-09T19:11:21.200+0000] {logging_mixin.py:188} INFO - [2024-04-09T19:11:21.200+0000] {dagbag.py:540} INFO - Filling up the DagBag from /home/airflow/.local/lib/python3.12/site-packages/airflow/example_dags/example_complex.py
[2024-04-09T19:11:21.209+0000] {processor.py:840} INFO - DAG(s) 'example_complex' retrieved from /home/airflow/.local/lib/python3.12/site-packages/airflow/example_dags/example_complex.py
[2024-04-09T19:11:21.251+0000] {logging_mixin.py:188} INFO - [2024-04-09T19:11:21.250+0000] {dag.py:3096} INFO - Sync 1 DAGs
[2024-04-09T19:11:21.268+0000] {logging_mixin.py:188} INFO - [2024-04-09T19:11:21.268+0000] {dag.py:3954} INFO - Setting next_dagrun for example_complex to None, run_after=None
[2024-04-09T19:11:21.292+0000] {processor.py:183} INFO - Processing /home/airflow/.local/lib/python3.12/site-packages/airflow/example_dags/example_complex.py took 0.099 seconds
[2024-04-09T19:11:51.982+0000] {processor.py:161} INFO - Started process (PID=10491) to work on /home/airflow/.local/lib/python3.12/site-packages/airflow/example_dags/example_complex.py
[2024-04-09T19:11:51.983+0000] {processor.py:830} INFO - Processing file /home/airflow/.local/lib/python3.12/site-packages/airflow/example_dags/example_complex.py for tasks to queue
[2024-04-09T19:11:51.986+0000] {logging_mixin.py:188} INFO - [2024-04-09T19:11:51.985+0000] {dagbag.py:540} INFO - Filling up the DagBag from /home/airflow/.local/lib/python3.12/site-packages/airflow/example_dags/example_complex.py
[2024-04-09T19:11:52.002+0000] {processor.py:840} INFO - DAG(s) 'example_complex' retrieved from /home/airflow/.local/lib/python3.12/site-packages/airflow/example_dags/example_complex.py
[2024-04-09T19:11:52.043+0000] {logging_mixin.py:188} INFO - [2024-04-09T19:11:52.043+0000] {dag.py:3096} INFO - Sync 1 DAGs
[2024-04-09T19:11:52.062+0000] {logging_mixin.py:188} INFO - [2024-04-09T19:11:52.062+0000] {dag.py:3954} INFO - Setting next_dagrun for example_complex to None, run_after=None
[2024-04-09T19:11:52.091+0000] {processor.py:183} INFO - Processing /home/airflow/.local/lib/python3.12/site-packages/airflow/example_dags/example_complex.py took 0.118 seconds
[2024-04-09T19:12:22.649+0000] {processor.py:161} INFO - Started process (PID=10763) to work on /home/airflow/.local/lib/python3.12/site-packages/airflow/example_dags/example_complex.py
[2024-04-09T19:12:22.650+0000] {processor.py:830} INFO - Processing file /home/airflow/.local/lib/python3.12/site-packages/airflow/example_dags/example_complex.py for tasks to queue
[2024-04-09T19:12:22.651+0000] {logging_mixin.py:188} INFO - [2024-04-09T19:12:22.651+0000] {dagbag.py:540} INFO - Filling up the DagBag from /home/airflow/.local/lib/python3.12/site-packages/airflow/example_dags/example_complex.py
[2024-04-09T19:12:22.660+0000] {processor.py:840} INFO - DAG(s) 'example_complex' retrieved from /home/airflow/.local/lib/python3.12/site-packages/airflow/example_dags/example_complex.py
[2024-04-09T19:12:22.687+0000] {logging_mixin.py:188} INFO - [2024-04-09T19:12:22.687+0000] {dag.py:3096} INFO - Sync 1 DAGs
[2024-04-09T19:12:22.698+0000] {logging_mixin.py:188} INFO - [2024-04-09T19:12:22.697+0000] {dag.py:3954} INFO - Setting next_dagrun for example_complex to None, run_after=None
[2024-04-09T19:12:22.720+0000] {processor.py:183} INFO - Processing /home/airflow/.local/lib/python3.12/site-packages/airflow/example_dags/example_complex.py took 0.076 seconds
[2024-04-09T19:12:53.397+0000] {processor.py:161} INFO - Started process (PID=11036) to work on /home/airflow/.local/lib/python3.12/site-packages/airflow/example_dags/example_complex.py
[2024-04-09T19:12:53.398+0000] {processor.py:830} INFO - Processing file /home/airflow/.local/lib/python3.12/site-packages/airflow/example_dags/example_complex.py for tasks to queue
[2024-04-09T19:12:53.399+0000] {logging_mixin.py:188} INFO - [2024-04-09T19:12:53.399+0000] {dagbag.py:540} INFO - Filling up the DagBag from /home/airflow/.local/lib/python3.12/site-packages/airflow/example_dags/example_complex.py
[2024-04-09T19:12:53.408+0000] {processor.py:840} INFO - DAG(s) 'example_complex' retrieved from /home/airflow/.local/lib/python3.12/site-packages/airflow/example_dags/example_complex.py
[2024-04-09T19:12:53.436+0000] {logging_mixin.py:188} INFO - [2024-04-09T19:12:53.436+0000] {dag.py:3096} INFO - Sync 1 DAGs
[2024-04-09T19:12:53.446+0000] {logging_mixin.py:188} INFO - [2024-04-09T19:12:53.446+0000] {dag.py:3954} INFO - Setting next_dagrun for example_complex to None, run_after=None
[2024-04-09T19:12:53.469+0000] {processor.py:183} INFO - Processing /home/airflow/.local/lib/python3.12/site-packages/airflow/example_dags/example_complex.py took 0.077 seconds
[2024-04-09T19:13:23.530+0000] {processor.py:161} INFO - Started process (PID=11308) to work on /home/airflow/.local/lib/python3.12/site-packages/airflow/example_dags/example_complex.py
[2024-04-09T19:13:23.531+0000] {processor.py:830} INFO - Processing file /home/airflow/.local/lib/python3.12/site-packages/airflow/example_dags/example_complex.py for tasks to queue
[2024-04-09T19:13:23.533+0000] {logging_mixin.py:188} INFO - [2024-04-09T19:13:23.533+0000] {dagbag.py:540} INFO - Filling up the DagBag from /home/airflow/.local/lib/python3.12/site-packages/airflow/example_dags/example_complex.py
[2024-04-09T19:13:23.547+0000] {processor.py:840} INFO - DAG(s) 'example_complex' retrieved from /home/airflow/.local/lib/python3.12/site-packages/airflow/example_dags/example_complex.py
[2024-04-09T19:13:23.592+0000] {logging_mixin.py:188} INFO - [2024-04-09T19:13:23.591+0000] {dag.py:3096} INFO - Sync 1 DAGs
[2024-04-09T19:13:23.610+0000] {logging_mixin.py:188} INFO - [2024-04-09T19:13:23.610+0000] {dag.py:3954} INFO - Setting next_dagrun for example_complex to None, run_after=None
[2024-04-09T19:13:23.644+0000] {processor.py:183} INFO - Processing /home/airflow/.local/lib/python3.12/site-packages/airflow/example_dags/example_complex.py took 0.121 seconds
[2024-04-09T19:13:53.904+0000] {processor.py:161} INFO - Started process (PID=11581) to work on /home/airflow/.local/lib/python3.12/site-packages/airflow/example_dags/example_complex.py
[2024-04-09T19:13:53.904+0000] {processor.py:830} INFO - Processing file /home/airflow/.local/lib/python3.12/site-packages/airflow/example_dags/example_complex.py for tasks to queue
[2024-04-09T19:13:53.906+0000] {logging_mixin.py:188} INFO - [2024-04-09T19:13:53.906+0000] {dagbag.py:540} INFO - Filling up the DagBag from /home/airflow/.local/lib/python3.12/site-packages/airflow/example_dags/example_complex.py
[2024-04-09T19:13:53.915+0000] {processor.py:840} INFO - DAG(s) 'example_complex' retrieved from /home/airflow/.local/lib/python3.12/site-packages/airflow/example_dags/example_complex.py
[2024-04-09T19:13:53.942+0000] {logging_mixin.py:188} INFO - [2024-04-09T19:13:53.942+0000] {dag.py:3096} INFO - Sync 1 DAGs
[2024-04-09T19:13:53.953+0000] {logging_mixin.py:188} INFO - [2024-04-09T19:13:53.953+0000] {dag.py:3954} INFO - Setting next_dagrun for example_complex to None, run_after=None
[2024-04-09T19:13:53.973+0000] {processor.py:183} INFO - Processing /home/airflow/.local/lib/python3.12/site-packages/airflow/example_dags/example_complex.py took 0.074 seconds
[2024-04-09T19:14:24.101+0000] {processor.py:161} INFO - Started process (PID=11853) to work on /home/airflow/.local/lib/python3.12/site-packages/airflow/example_dags/example_complex.py
[2024-04-09T19:14:24.102+0000] {processor.py:830} INFO - Processing file /home/airflow/.local/lib/python3.12/site-packages/airflow/example_dags/example_complex.py for tasks to queue
[2024-04-09T19:14:24.103+0000] {logging_mixin.py:188} INFO - [2024-04-09T19:14:24.103+0000] {dagbag.py:540} INFO - Filling up the DagBag from /home/airflow/.local/lib/python3.12/site-packages/airflow/example_dags/example_complex.py
[2024-04-09T19:14:24.113+0000] {processor.py:840} INFO - DAG(s) 'example_complex' retrieved from /home/airflow/.local/lib/python3.12/site-packages/airflow/example_dags/example_complex.py
[2024-04-09T19:14:24.143+0000] {logging_mixin.py:188} INFO - [2024-04-09T19:14:24.143+0000] {dag.py:3096} INFO - Sync 1 DAGs
[2024-04-09T19:14:24.153+0000] {logging_mixin.py:188} INFO - [2024-04-09T19:14:24.153+0000] {dag.py:3954} INFO - Setting next_dagrun for example_complex to None, run_after=None
[2024-04-09T19:14:24.175+0000] {processor.py:183} INFO - Processing /home/airflow/.local/lib/python3.12/site-packages/airflow/example_dags/example_complex.py took 0.080 seconds
[2024-04-09T19:14:54.882+0000] {processor.py:161} INFO - Started process (PID=12121) to work on /home/airflow/.local/lib/python3.12/site-packages/airflow/example_dags/example_complex.py
[2024-04-09T19:14:54.884+0000] {processor.py:830} INFO - Processing file /home/airflow/.local/lib/python3.12/site-packages/airflow/example_dags/example_complex.py for tasks to queue
[2024-04-09T19:14:54.886+0000] {logging_mixin.py:188} INFO - [2024-04-09T19:14:54.885+0000] {dagbag.py:540} INFO - Filling up the DagBag from /home/airflow/.local/lib/python3.12/site-packages/airflow/example_dags/example_complex.py
[2024-04-09T19:14:54.900+0000] {processor.py:840} INFO - DAG(s) 'example_complex' retrieved from /home/airflow/.local/lib/python3.12/site-packages/airflow/example_dags/example_complex.py
[2024-04-09T19:14:54.946+0000] {logging_mixin.py:188} INFO - [2024-04-09T19:14:54.945+0000] {dag.py:3096} INFO - Sync 1 DAGs
[2024-04-09T19:14:54.964+0000] {logging_mixin.py:188} INFO - [2024-04-09T19:14:54.964+0000] {dag.py:3954} INFO - Setting next_dagrun for example_complex to None, run_after=None
[2024-04-09T19:14:55.003+0000] {processor.py:183} INFO - Processing /home/airflow/.local/lib/python3.12/site-packages/airflow/example_dags/example_complex.py took 0.126 seconds
[2024-04-09T19:15:25.073+0000] {processor.py:161} INFO - Started process (PID=12394) to work on /home/airflow/.local/lib/python3.12/site-packages/airflow/example_dags/example_complex.py
[2024-04-09T19:15:25.074+0000] {processor.py:830} INFO - Processing file /home/airflow/.local/lib/python3.12/site-packages/airflow/example_dags/example_complex.py for tasks to queue
[2024-04-09T19:15:25.075+0000] {logging_mixin.py:188} INFO - [2024-04-09T19:15:25.075+0000] {dagbag.py:540} INFO - Filling up the DagBag from /home/airflow/.local/lib/python3.12/site-packages/airflow/example_dags/example_complex.py
[2024-04-09T19:15:25.084+0000] {processor.py:840} INFO - DAG(s) 'example_complex' retrieved from /home/airflow/.local/lib/python3.12/site-packages/airflow/example_dags/example_complex.py
[2024-04-09T19:15:25.112+0000] {logging_mixin.py:188} INFO - [2024-04-09T19:15:25.112+0000] {dag.py:3096} INFO - Sync 1 DAGs
[2024-04-09T19:15:25.123+0000] {logging_mixin.py:188} INFO - [2024-04-09T19:15:25.123+0000] {dag.py:3954} INFO - Setting next_dagrun for example_complex to None, run_after=None
[2024-04-09T19:15:25.145+0000] {processor.py:183} INFO - Processing /home/airflow/.local/lib/python3.12/site-packages/airflow/example_dags/example_complex.py took 0.077 seconds
[2024-04-09T19:15:55.866+0000] {processor.py:161} INFO - Started process (PID=12666) to work on /home/airflow/.local/lib/python3.12/site-packages/airflow/example_dags/example_complex.py
[2024-04-09T19:15:55.867+0000] {processor.py:830} INFO - Processing file /home/airflow/.local/lib/python3.12/site-packages/airflow/example_dags/example_complex.py for tasks to queue
[2024-04-09T19:15:55.870+0000] {logging_mixin.py:188} INFO - [2024-04-09T19:15:55.870+0000] {dagbag.py:540} INFO - Filling up the DagBag from /home/airflow/.local/lib/python3.12/site-packages/airflow/example_dags/example_complex.py
[2024-04-09T19:15:55.885+0000] {processor.py:840} INFO - DAG(s) 'example_complex' retrieved from /home/airflow/.local/lib/python3.12/site-packages/airflow/example_dags/example_complex.py
[2024-04-09T19:15:55.933+0000] {logging_mixin.py:188} INFO - [2024-04-09T19:15:55.933+0000] {dag.py:3096} INFO - Sync 1 DAGs
[2024-04-09T19:15:55.950+0000] {logging_mixin.py:188} INFO - [2024-04-09T19:15:55.950+0000] {dag.py:3954} INFO - Setting next_dagrun for example_complex to None, run_after=None
[2024-04-09T19:15:55.975+0000] {processor.py:183} INFO - Processing /home/airflow/.local/lib/python3.12/site-packages/airflow/example_dags/example_complex.py took 0.118 seconds
[2024-04-09T19:16:26.112+0000] {processor.py:161} INFO - Started process (PID=12939) to work on /home/airflow/.local/lib/python3.12/site-packages/airflow/example_dags/example_complex.py
[2024-04-09T19:16:26.113+0000] {processor.py:830} INFO - Processing file /home/airflow/.local/lib/python3.12/site-packages/airflow/example_dags/example_complex.py for tasks to queue
[2024-04-09T19:16:26.114+0000] {logging_mixin.py:188} INFO - [2024-04-09T19:16:26.114+0000] {dagbag.py:540} INFO - Filling up the DagBag from /home/airflow/.local/lib/python3.12/site-packages/airflow/example_dags/example_complex.py
[2024-04-09T19:16:26.123+0000] {processor.py:840} INFO - DAG(s) 'example_complex' retrieved from /home/airflow/.local/lib/python3.12/site-packages/airflow/example_dags/example_complex.py
[2024-04-09T19:16:26.152+0000] {logging_mixin.py:188} INFO - [2024-04-09T19:16:26.152+0000] {dag.py:3096} INFO - Sync 1 DAGs
[2024-04-09T19:16:26.164+0000] {logging_mixin.py:188} INFO - [2024-04-09T19:16:26.164+0000] {dag.py:3954} INFO - Setting next_dagrun for example_complex to None, run_after=None
[2024-04-09T19:16:26.183+0000] {processor.py:183} INFO - Processing /home/airflow/.local/lib/python3.12/site-packages/airflow/example_dags/example_complex.py took 0.076 seconds
[2024-04-09T19:16:57.061+0000] {processor.py:161} INFO - Started process (PID=13211) to work on /home/airflow/.local/lib/python3.12/site-packages/airflow/example_dags/example_complex.py
[2024-04-09T19:16:57.062+0000] {processor.py:830} INFO - Processing file /home/airflow/.local/lib/python3.12/site-packages/airflow/example_dags/example_complex.py for tasks to queue
[2024-04-09T19:16:57.064+0000] {logging_mixin.py:188} INFO - [2024-04-09T19:16:57.064+0000] {dagbag.py:540} INFO - Filling up the DagBag from /home/airflow/.local/lib/python3.12/site-packages/airflow/example_dags/example_complex.py
[2024-04-09T19:16:57.082+0000] {processor.py:840} INFO - DAG(s) 'example_complex' retrieved from /home/airflow/.local/lib/python3.12/site-packages/airflow/example_dags/example_complex.py
[2024-04-09T19:16:57.148+0000] {logging_mixin.py:188} INFO - [2024-04-09T19:16:57.148+0000] {dag.py:3096} INFO - Sync 1 DAGs
[2024-04-09T19:16:57.167+0000] {logging_mixin.py:188} INFO - [2024-04-09T19:16:57.167+0000] {dag.py:3954} INFO - Setting next_dagrun for example_complex to None, run_after=None
[2024-04-09T19:16:57.188+0000] {processor.py:183} INFO - Processing /home/airflow/.local/lib/python3.12/site-packages/airflow/example_dags/example_complex.py took 0.134 seconds
[2024-04-09T19:17:27.580+0000] {processor.py:161} INFO - Started process (PID=13483) to work on /home/airflow/.local/lib/python3.12/site-packages/airflow/example_dags/example_complex.py
[2024-04-09T19:17:27.581+0000] {processor.py:830} INFO - Processing file /home/airflow/.local/lib/python3.12/site-packages/airflow/example_dags/example_complex.py for tasks to queue
[2024-04-09T19:17:27.583+0000] {logging_mixin.py:188} INFO - [2024-04-09T19:17:27.583+0000] {dagbag.py:540} INFO - Filling up the DagBag from /home/airflow/.local/lib/python3.12/site-packages/airflow/example_dags/example_complex.py
[2024-04-09T19:17:27.594+0000] {processor.py:840} INFO - DAG(s) 'example_complex' retrieved from /home/airflow/.local/lib/python3.12/site-packages/airflow/example_dags/example_complex.py
[2024-04-09T19:17:27.622+0000] {logging_mixin.py:188} INFO - [2024-04-09T19:17:27.622+0000] {dag.py:3096} INFO - Sync 1 DAGs
[2024-04-09T19:17:27.643+0000] {logging_mixin.py:188} INFO - [2024-04-09T19:17:27.643+0000] {dag.py:3954} INFO - Setting next_dagrun for example_complex to None, run_after=None
[2024-04-09T19:17:27.670+0000] {processor.py:183} INFO - Processing /home/airflow/.local/lib/python3.12/site-packages/airflow/example_dags/example_complex.py took 0.094 seconds
[2024-04-09T19:17:58.431+0000] {processor.py:161} INFO - Started process (PID=13755) to work on /home/airflow/.local/lib/python3.12/site-packages/airflow/example_dags/example_complex.py
[2024-04-09T19:17:58.431+0000] {processor.py:830} INFO - Processing file /home/airflow/.local/lib/python3.12/site-packages/airflow/example_dags/example_complex.py for tasks to queue
[2024-04-09T19:17:58.433+0000] {logging_mixin.py:188} INFO - [2024-04-09T19:17:58.432+0000] {dagbag.py:540} INFO - Filling up the DagBag from /home/airflow/.local/lib/python3.12/site-packages/airflow/example_dags/example_complex.py
[2024-04-09T19:17:58.444+0000] {processor.py:840} INFO - DAG(s) 'example_complex' retrieved from /home/airflow/.local/lib/python3.12/site-packages/airflow/example_dags/example_complex.py
[2024-04-09T19:17:58.471+0000] {logging_mixin.py:188} INFO - [2024-04-09T19:17:58.471+0000] {dag.py:3096} INFO - Sync 1 DAGs
[2024-04-09T19:17:58.481+0000] {logging_mixin.py:188} INFO - [2024-04-09T19:17:58.481+0000] {dag.py:3954} INFO - Setting next_dagrun for example_complex to None, run_after=None
[2024-04-09T19:17:58.501+0000] {processor.py:183} INFO - Processing /home/airflow/.local/lib/python3.12/site-packages/airflow/example_dags/example_complex.py took 0.075 seconds
[2024-04-09T19:18:29.135+0000] {processor.py:161} INFO - Started process (PID=14027) to work on /home/airflow/.local/lib/python3.12/site-packages/airflow/example_dags/example_complex.py
[2024-04-09T19:18:29.135+0000] {processor.py:830} INFO - Processing file /home/airflow/.local/lib/python3.12/site-packages/airflow/example_dags/example_complex.py for tasks to queue
[2024-04-09T19:18:29.137+0000] {logging_mixin.py:188} INFO - [2024-04-09T19:18:29.137+0000] {dagbag.py:540} INFO - Filling up the DagBag from /home/airflow/.local/lib/python3.12/site-packages/airflow/example_dags/example_complex.py
[2024-04-09T19:18:29.147+0000] {processor.py:840} INFO - DAG(s) 'example_complex' retrieved from /home/airflow/.local/lib/python3.12/site-packages/airflow/example_dags/example_complex.py
[2024-04-09T19:18:29.175+0000] {logging_mixin.py:188} INFO - [2024-04-09T19:18:29.175+0000] {dag.py:3096} INFO - Sync 1 DAGs
[2024-04-09T19:18:29.188+0000] {logging_mixin.py:188} INFO - [2024-04-09T19:18:29.188+0000] {dag.py:3954} INFO - Setting next_dagrun for example_complex to None, run_after=None
[2024-04-09T19:18:29.209+0000] {processor.py:183} INFO - Processing /home/airflow/.local/lib/python3.12/site-packages/airflow/example_dags/example_complex.py took 0.079 seconds
[2024-04-09T19:19:00.026+0000] {processor.py:161} INFO - Started process (PID=14299) to work on /home/airflow/.local/lib/python3.12/site-packages/airflow/example_dags/example_complex.py
[2024-04-09T19:19:00.027+0000] {processor.py:830} INFO - Processing file /home/airflow/.local/lib/python3.12/site-packages/airflow/example_dags/example_complex.py for tasks to queue
[2024-04-09T19:19:00.028+0000] {logging_mixin.py:188} INFO - [2024-04-09T19:19:00.028+0000] {dagbag.py:540} INFO - Filling up the DagBag from /home/airflow/.local/lib/python3.12/site-packages/airflow/example_dags/example_complex.py
[2024-04-09T19:19:00.037+0000] {processor.py:840} INFO - DAG(s) 'example_complex' retrieved from /home/airflow/.local/lib/python3.12/site-packages/airflow/example_dags/example_complex.py
[2024-04-09T19:19:00.065+0000] {logging_mixin.py:188} INFO - [2024-04-09T19:19:00.065+0000] {dag.py:3096} INFO - Sync 1 DAGs
[2024-04-09T19:19:00.075+0000] {logging_mixin.py:188} INFO - [2024-04-09T19:19:00.075+0000] {dag.py:3954} INFO - Setting next_dagrun for example_complex to None, run_after=None
[2024-04-09T19:19:00.098+0000] {processor.py:183} INFO - Processing /home/airflow/.local/lib/python3.12/site-packages/airflow/example_dags/example_complex.py took 0.077 seconds
[2024-04-09T19:19:30.222+0000] {processor.py:161} INFO - Started process (PID=14570) to work on /home/airflow/.local/lib/python3.12/site-packages/airflow/example_dags/example_complex.py
[2024-04-09T19:19:30.223+0000] {processor.py:830} INFO - Processing file /home/airflow/.local/lib/python3.12/site-packages/airflow/example_dags/example_complex.py for tasks to queue
[2024-04-09T19:19:30.225+0000] {logging_mixin.py:188} INFO - [2024-04-09T19:19:30.225+0000] {dagbag.py:540} INFO - Filling up the DagBag from /home/airflow/.local/lib/python3.12/site-packages/airflow/example_dags/example_complex.py
[2024-04-09T19:19:30.240+0000] {processor.py:840} INFO - DAG(s) 'example_complex' retrieved from /home/airflow/.local/lib/python3.12/site-packages/airflow/example_dags/example_complex.py
[2024-04-09T19:19:30.288+0000] {logging_mixin.py:188} INFO - [2024-04-09T19:19:30.288+0000] {dag.py:3096} INFO - Sync 1 DAGs
[2024-04-09T19:19:30.306+0000] {logging_mixin.py:188} INFO - [2024-04-09T19:19:30.306+0000] {dag.py:3954} INFO - Setting next_dagrun for example_complex to None, run_after=None
[2024-04-09T19:19:30.331+0000] {processor.py:183} INFO - Processing /home/airflow/.local/lib/python3.12/site-packages/airflow/example_dags/example_complex.py took 0.117 seconds
[2024-04-09T19:20:00.879+0000] {processor.py:161} INFO - Started process (PID=14843) to work on /home/airflow/.local/lib/python3.12/site-packages/airflow/example_dags/example_complex.py
[2024-04-09T19:20:00.879+0000] {processor.py:830} INFO - Processing file /home/airflow/.local/lib/python3.12/site-packages/airflow/example_dags/example_complex.py for tasks to queue
[2024-04-09T19:20:00.881+0000] {logging_mixin.py:188} INFO - [2024-04-09T19:20:00.881+0000] {dagbag.py:540} INFO - Filling up the DagBag from /home/airflow/.local/lib/python3.12/site-packages/airflow/example_dags/example_complex.py
[2024-04-09T19:20:00.890+0000] {processor.py:840} INFO - DAG(s) 'example_complex' retrieved from /home/airflow/.local/lib/python3.12/site-packages/airflow/example_dags/example_complex.py
[2024-04-09T19:20:00.918+0000] {logging_mixin.py:188} INFO - [2024-04-09T19:20:00.918+0000] {dag.py:3096} INFO - Sync 1 DAGs
[2024-04-09T19:20:00.930+0000] {logging_mixin.py:188} INFO - [2024-04-09T19:20:00.930+0000] {dag.py:3954} INFO - Setting next_dagrun for example_complex to None, run_after=None
[2024-04-09T19:20:00.950+0000] {processor.py:183} INFO - Processing /home/airflow/.local/lib/python3.12/site-packages/airflow/example_dags/example_complex.py took 0.076 seconds
[2024-04-09T19:20:31.456+0000] {processor.py:161} INFO - Started process (PID=15116) to work on /home/airflow/.local/lib/python3.12/site-packages/airflow/example_dags/example_complex.py
[2024-04-09T19:20:31.457+0000] {processor.py:830} INFO - Processing file /home/airflow/.local/lib/python3.12/site-packages/airflow/example_dags/example_complex.py for tasks to queue
[2024-04-09T19:20:31.458+0000] {logging_mixin.py:188} INFO - [2024-04-09T19:20:31.458+0000] {dagbag.py:540} INFO - Filling up the DagBag from /home/airflow/.local/lib/python3.12/site-packages/airflow/example_dags/example_complex.py
[2024-04-09T19:20:31.468+0000] {processor.py:840} INFO - DAG(s) 'example_complex' retrieved from /home/airflow/.local/lib/python3.12/site-packages/airflow/example_dags/example_complex.py
[2024-04-09T19:20:31.495+0000] {logging_mixin.py:188} INFO - [2024-04-09T19:20:31.495+0000] {dag.py:3096} INFO - Sync 1 DAGs
[2024-04-09T19:20:31.508+0000] {logging_mixin.py:188} INFO - [2024-04-09T19:20:31.508+0000] {dag.py:3954} INFO - Setting next_dagrun for example_complex to None, run_after=None
[2024-04-09T19:20:31.528+0000] {processor.py:183} INFO - Processing /home/airflow/.local/lib/python3.12/site-packages/airflow/example_dags/example_complex.py took 0.078 seconds
[2024-04-09T19:21:02.255+0000] {processor.py:161} INFO - Started process (PID=15388) to work on /home/airflow/.local/lib/python3.12/site-packages/airflow/example_dags/example_complex.py
[2024-04-09T19:21:02.256+0000] {processor.py:830} INFO - Processing file /home/airflow/.local/lib/python3.12/site-packages/airflow/example_dags/example_complex.py for tasks to queue
[2024-04-09T19:21:02.258+0000] {logging_mixin.py:188} INFO - [2024-04-09T19:21:02.258+0000] {dagbag.py:540} INFO - Filling up the DagBag from /home/airflow/.local/lib/python3.12/site-packages/airflow/example_dags/example_complex.py
[2024-04-09T19:21:02.266+0000] {processor.py:840} INFO - DAG(s) 'example_complex' retrieved from /home/airflow/.local/lib/python3.12/site-packages/airflow/example_dags/example_complex.py
[2024-04-09T19:21:02.296+0000] {logging_mixin.py:188} INFO - [2024-04-09T19:21:02.296+0000] {dag.py:3096} INFO - Sync 1 DAGs
[2024-04-09T19:21:02.312+0000] {logging_mixin.py:188} INFO - [2024-04-09T19:21:02.312+0000] {dag.py:3954} INFO - Setting next_dagrun for example_complex to None, run_after=None
[2024-04-09T19:21:02.334+0000] {processor.py:183} INFO - Processing /home/airflow/.local/lib/python3.12/site-packages/airflow/example_dags/example_complex.py took 0.084 seconds
[2024-04-09T19:21:32.771+0000] {processor.py:161} INFO - Started process (PID=15661) to work on /home/airflow/.local/lib/python3.12/site-packages/airflow/example_dags/example_complex.py
[2024-04-09T19:21:32.771+0000] {processor.py:830} INFO - Processing file /home/airflow/.local/lib/python3.12/site-packages/airflow/example_dags/example_complex.py for tasks to queue
[2024-04-09T19:21:32.773+0000] {logging_mixin.py:188} INFO - [2024-04-09T19:21:32.773+0000] {dagbag.py:540} INFO - Filling up the DagBag from /home/airflow/.local/lib/python3.12/site-packages/airflow/example_dags/example_complex.py
[2024-04-09T19:21:32.781+0000] {processor.py:840} INFO - DAG(s) 'example_complex' retrieved from /home/airflow/.local/lib/python3.12/site-packages/airflow/example_dags/example_complex.py
[2024-04-09T19:21:32.809+0000] {logging_mixin.py:188} INFO - [2024-04-09T19:21:32.809+0000] {dag.py:3096} INFO - Sync 1 DAGs
[2024-04-09T19:21:32.819+0000] {logging_mixin.py:188} INFO - [2024-04-09T19:21:32.819+0000] {dag.py:3954} INFO - Setting next_dagrun for example_complex to None, run_after=None
[2024-04-09T19:21:32.838+0000] {processor.py:183} INFO - Processing /home/airflow/.local/lib/python3.12/site-packages/airflow/example_dags/example_complex.py took 0.073 seconds
[2024-04-09T19:22:03.238+0000] {processor.py:161} INFO - Started process (PID=15933) to work on /home/airflow/.local/lib/python3.12/site-packages/airflow/example_dags/example_complex.py
[2024-04-09T19:22:03.244+0000] {processor.py:830} INFO - Processing file /home/airflow/.local/lib/python3.12/site-packages/airflow/example_dags/example_complex.py for tasks to queue
[2024-04-09T19:22:03.246+0000] {logging_mixin.py:188} INFO - [2024-04-09T19:22:03.245+0000] {dagbag.py:540} INFO - Filling up the DagBag from /home/airflow/.local/lib/python3.12/site-packages/airflow/example_dags/example_complex.py
[2024-04-09T19:22:03.269+0000] {processor.py:840} INFO - DAG(s) 'example_complex' retrieved from /home/airflow/.local/lib/python3.12/site-packages/airflow/example_dags/example_complex.py
[2024-04-09T19:22:03.340+0000] {logging_mixin.py:188} INFO - [2024-04-09T19:22:03.340+0000] {dag.py:3096} INFO - Sync 1 DAGs
[2024-04-09T19:22:03.369+0000] {logging_mixin.py:188} INFO - [2024-04-09T19:22:03.369+0000] {dag.py:3954} INFO - Setting next_dagrun for example_complex to None, run_after=None
[2024-04-09T19:22:03.400+0000] {processor.py:183} INFO - Processing /home/airflow/.local/lib/python3.12/site-packages/airflow/example_dags/example_complex.py took 0.170 seconds
[2024-04-09T19:22:33.821+0000] {processor.py:161} INFO - Started process (PID=16205) to work on /home/airflow/.local/lib/python3.12/site-packages/airflow/example_dags/example_complex.py
[2024-04-09T19:22:33.822+0000] {processor.py:830} INFO - Processing file /home/airflow/.local/lib/python3.12/site-packages/airflow/example_dags/example_complex.py for tasks to queue
[2024-04-09T19:22:33.823+0000] {logging_mixin.py:188} INFO - [2024-04-09T19:22:33.823+0000] {dagbag.py:540} INFO - Filling up the DagBag from /home/airflow/.local/lib/python3.12/site-packages/airflow/example_dags/example_complex.py
[2024-04-09T19:22:33.832+0000] {processor.py:840} INFO - DAG(s) 'example_complex' retrieved from /home/airflow/.local/lib/python3.12/site-packages/airflow/example_dags/example_complex.py
[2024-04-09T19:22:33.860+0000] {logging_mixin.py:188} INFO - [2024-04-09T19:22:33.860+0000] {dag.py:3096} INFO - Sync 1 DAGs
[2024-04-09T19:22:33.872+0000] {logging_mixin.py:188} INFO - [2024-04-09T19:22:33.872+0000] {dag.py:3954} INFO - Setting next_dagrun for example_complex to None, run_after=None
[2024-04-09T19:22:33.895+0000] {processor.py:183} INFO - Processing /home/airflow/.local/lib/python3.12/site-packages/airflow/example_dags/example_complex.py took 0.079 seconds
[2024-04-09T19:23:04.597+0000] {processor.py:161} INFO - Started process (PID=16477) to work on /home/airflow/.local/lib/python3.12/site-packages/airflow/example_dags/example_complex.py
[2024-04-09T19:23:04.598+0000] {processor.py:830} INFO - Processing file /home/airflow/.local/lib/python3.12/site-packages/airflow/example_dags/example_complex.py for tasks to queue
[2024-04-09T19:23:04.600+0000] {logging_mixin.py:188} INFO - [2024-04-09T19:23:04.600+0000] {dagbag.py:540} INFO - Filling up the DagBag from /home/airflow/.local/lib/python3.12/site-packages/airflow/example_dags/example_complex.py
[2024-04-09T19:23:04.609+0000] {processor.py:840} INFO - DAG(s) 'example_complex' retrieved from /home/airflow/.local/lib/python3.12/site-packages/airflow/example_dags/example_complex.py
[2024-04-09T19:23:04.636+0000] {logging_mixin.py:188} INFO - [2024-04-09T19:23:04.636+0000] {dag.py:3096} INFO - Sync 1 DAGs
[2024-04-09T19:23:04.647+0000] {logging_mixin.py:188} INFO - [2024-04-09T19:23:04.647+0000] {dag.py:3954} INFO - Setting next_dagrun for example_complex to None, run_after=None
[2024-04-09T19:23:04.666+0000] {processor.py:183} INFO - Processing /home/airflow/.local/lib/python3.12/site-packages/airflow/example_dags/example_complex.py took 0.073 seconds
[2024-04-09T19:23:34.803+0000] {processor.py:161} INFO - Started process (PID=16749) to work on /home/airflow/.local/lib/python3.12/site-packages/airflow/example_dags/example_complex.py
[2024-04-09T19:23:34.804+0000] {processor.py:830} INFO - Processing file /home/airflow/.local/lib/python3.12/site-packages/airflow/example_dags/example_complex.py for tasks to queue
[2024-04-09T19:23:34.805+0000] {logging_mixin.py:188} INFO - [2024-04-09T19:23:34.805+0000] {dagbag.py:540} INFO - Filling up the DagBag from /home/airflow/.local/lib/python3.12/site-packages/airflow/example_dags/example_complex.py
[2024-04-09T19:23:34.814+0000] {processor.py:840} INFO - DAG(s) 'example_complex' retrieved from /home/airflow/.local/lib/python3.12/site-packages/airflow/example_dags/example_complex.py
[2024-04-09T19:23:34.854+0000] {logging_mixin.py:188} INFO - [2024-04-09T19:23:34.854+0000] {dag.py:3096} INFO - Sync 1 DAGs
[2024-04-09T19:23:34.865+0000] {logging_mixin.py:188} INFO - [2024-04-09T19:23:34.865+0000] {dag.py:3954} INFO - Setting next_dagrun for example_complex to None, run_after=None
[2024-04-09T19:23:34.886+0000] {processor.py:183} INFO - Processing /home/airflow/.local/lib/python3.12/site-packages/airflow/example_dags/example_complex.py took 0.088 seconds
