[2024-04-09T18:50:48.873+0000] {processor.py:161} INFO - Started process (PID=174) to work on /home/airflow/.local/lib/python3.12/site-packages/airflow/example_dags/example_time_delta_sensor_async.py
[2024-04-09T18:50:48.874+0000] {processor.py:830} INFO - Processing file /home/airflow/.local/lib/python3.12/site-packages/airflow/example_dags/example_time_delta_sensor_async.py for tasks to queue
[2024-04-09T18:50:48.877+0000] {logging_mixin.py:188} INFO - [2024-04-09T18:50:48.876+0000] {dagbag.py:540} INFO - Filling up the DagBag from /home/airflow/.local/lib/python3.12/site-packages/airflow/example_dags/example_time_delta_sensor_async.py
[2024-04-09T18:50:48.887+0000] {processor.py:840} INFO - DAG(s) 'example_time_delta_sensor_async' retrieved from /home/airflow/.local/lib/python3.12/site-packages/airflow/example_dags/example_time_delta_sensor_async.py
[2024-04-09T18:50:49.129+0000] {logging_mixin.py:188} INFO - [2024-04-09T18:50:49.126+0000] {override.py:1829} INFO - Created Permission View: can edit on DAG:example_time_delta_sensor_async
[2024-04-09T18:50:49.150+0000] {logging_mixin.py:188} INFO - [2024-04-09T18:50:49.150+0000] {override.py:1829} INFO - Created Permission View: can delete on DAG:example_time_delta_sensor_async
[2024-04-09T18:50:49.161+0000] {logging_mixin.py:188} INFO - [2024-04-09T18:50:49.161+0000] {override.py:1829} INFO - Created Permission View: can read on DAG:example_time_delta_sensor_async
[2024-04-09T18:50:49.162+0000] {logging_mixin.py:188} INFO - [2024-04-09T18:50:49.162+0000] {dag.py:3096} INFO - Sync 1 DAGs
[2024-04-09T18:50:49.183+0000] {logging_mixin.py:188} INFO - [2024-04-09T18:50:49.182+0000] {dag.py:3118} INFO - Creating ORM DAG for example_time_delta_sensor_async
[2024-04-09T18:50:49.184+0000] {logging_mixin.py:188} INFO - [2024-04-09T18:50:49.184+0000] {dag.py:3954} INFO - Setting next_dagrun for example_time_delta_sensor_async to None, run_after=None
[2024-04-09T18:50:49.214+0000] {processor.py:183} INFO - Processing /home/airflow/.local/lib/python3.12/site-packages/airflow/example_dags/example_time_delta_sensor_async.py took 0.347 seconds
[2024-04-09T18:51:19.925+0000] {processor.py:161} INFO - Started process (PID=436) to work on /home/airflow/.local/lib/python3.12/site-packages/airflow/example_dags/example_time_delta_sensor_async.py
[2024-04-09T18:51:19.926+0000] {processor.py:830} INFO - Processing file /home/airflow/.local/lib/python3.12/site-packages/airflow/example_dags/example_time_delta_sensor_async.py for tasks to queue
[2024-04-09T18:51:19.928+0000] {logging_mixin.py:188} INFO - [2024-04-09T18:51:19.928+0000] {dagbag.py:540} INFO - Filling up the DagBag from /home/airflow/.local/lib/python3.12/site-packages/airflow/example_dags/example_time_delta_sensor_async.py
[2024-04-09T18:51:19.934+0000] {processor.py:840} INFO - DAG(s) 'example_time_delta_sensor_async' retrieved from /home/airflow/.local/lib/python3.12/site-packages/airflow/example_dags/example_time_delta_sensor_async.py
[2024-04-09T18:51:19.957+0000] {logging_mixin.py:188} INFO - [2024-04-09T18:51:19.957+0000] {dag.py:3096} INFO - Sync 1 DAGs
[2024-04-09T18:51:19.973+0000] {logging_mixin.py:188} INFO - [2024-04-09T18:51:19.973+0000] {dag.py:3954} INFO - Setting next_dagrun for example_time_delta_sensor_async to None, run_after=None
[2024-04-09T18:51:19.998+0000] {processor.py:183} INFO - Processing /home/airflow/.local/lib/python3.12/site-packages/airflow/example_dags/example_time_delta_sensor_async.py took 0.079 seconds
[2024-04-09T18:52:27.971+0000] {processor.py:161} INFO - Started process (PID=173) to work on /home/airflow/.local/lib/python3.12/site-packages/airflow/example_dags/example_time_delta_sensor_async.py
[2024-04-09T18:52:27.980+0000] {processor.py:830} INFO - Processing file /home/airflow/.local/lib/python3.12/site-packages/airflow/example_dags/example_time_delta_sensor_async.py for tasks to queue
[2024-04-09T18:52:27.982+0000] {logging_mixin.py:188} INFO - [2024-04-09T18:52:27.981+0000] {dagbag.py:540} INFO - Filling up the DagBag from /home/airflow/.local/lib/python3.12/site-packages/airflow/example_dags/example_time_delta_sensor_async.py
[2024-04-09T18:52:28.002+0000] {processor.py:840} INFO - DAG(s) 'example_time_delta_sensor_async' retrieved from /home/airflow/.local/lib/python3.12/site-packages/airflow/example_dags/example_time_delta_sensor_async.py
[2024-04-09T18:52:28.672+0000] {logging_mixin.py:188} INFO - [2024-04-09T18:52:28.672+0000] {dag.py:3096} INFO - Sync 1 DAGs
[2024-04-09T18:52:28.689+0000] {logging_mixin.py:188} INFO - [2024-04-09T18:52:28.689+0000] {dag.py:3954} INFO - Setting next_dagrun for example_time_delta_sensor_async to None, run_after=None
[2024-04-09T18:52:28.726+0000] {processor.py:183} INFO - Processing /home/airflow/.local/lib/python3.12/site-packages/airflow/example_dags/example_time_delta_sensor_async.py took 0.762 seconds
[2024-04-09T18:52:59.421+0000] {processor.py:161} INFO - Started process (PID=439) to work on /home/airflow/.local/lib/python3.12/site-packages/airflow/example_dags/example_time_delta_sensor_async.py
[2024-04-09T18:52:59.421+0000] {processor.py:830} INFO - Processing file /home/airflow/.local/lib/python3.12/site-packages/airflow/example_dags/example_time_delta_sensor_async.py for tasks to queue
[2024-04-09T18:52:59.423+0000] {logging_mixin.py:188} INFO - [2024-04-09T18:52:59.423+0000] {dagbag.py:540} INFO - Filling up the DagBag from /home/airflow/.local/lib/python3.12/site-packages/airflow/example_dags/example_time_delta_sensor_async.py
[2024-04-09T18:52:59.428+0000] {processor.py:840} INFO - DAG(s) 'example_time_delta_sensor_async' retrieved from /home/airflow/.local/lib/python3.12/site-packages/airflow/example_dags/example_time_delta_sensor_async.py
[2024-04-09T18:52:59.450+0000] {logging_mixin.py:188} INFO - [2024-04-09T18:52:59.450+0000] {dag.py:3096} INFO - Sync 1 DAGs
[2024-04-09T18:52:59.470+0000] {logging_mixin.py:188} INFO - [2024-04-09T18:52:59.470+0000] {dag.py:3954} INFO - Setting next_dagrun for example_time_delta_sensor_async to None, run_after=None
[2024-04-09T18:52:59.493+0000] {processor.py:183} INFO - Processing /home/airflow/.local/lib/python3.12/site-packages/airflow/example_dags/example_time_delta_sensor_async.py took 0.079 seconds
[2024-04-09T18:53:29.593+0000] {processor.py:161} INFO - Started process (PID=703) to work on /home/airflow/.local/lib/python3.12/site-packages/airflow/example_dags/example_time_delta_sensor_async.py
[2024-04-09T18:53:29.594+0000] {processor.py:830} INFO - Processing file /home/airflow/.local/lib/python3.12/site-packages/airflow/example_dags/example_time_delta_sensor_async.py for tasks to queue
[2024-04-09T18:53:29.596+0000] {logging_mixin.py:188} INFO - [2024-04-09T18:53:29.595+0000] {dagbag.py:540} INFO - Filling up the DagBag from /home/airflow/.local/lib/python3.12/site-packages/airflow/example_dags/example_time_delta_sensor_async.py
[2024-04-09T18:53:29.599+0000] {processor.py:840} INFO - DAG(s) 'example_time_delta_sensor_async' retrieved from /home/airflow/.local/lib/python3.12/site-packages/airflow/example_dags/example_time_delta_sensor_async.py
[2024-04-09T18:53:29.615+0000] {logging_mixin.py:188} INFO - [2024-04-09T18:53:29.615+0000] {dag.py:3096} INFO - Sync 1 DAGs
[2024-04-09T18:53:29.628+0000] {logging_mixin.py:188} INFO - [2024-04-09T18:53:29.628+0000] {dag.py:3954} INFO - Setting next_dagrun for example_time_delta_sensor_async to None, run_after=None
[2024-04-09T18:53:29.646+0000] {processor.py:183} INFO - Processing /home/airflow/.local/lib/python3.12/site-packages/airflow/example_dags/example_time_delta_sensor_async.py took 0.058 seconds
[2024-04-09T18:53:59.737+0000] {processor.py:161} INFO - Started process (PID=958) to work on /home/airflow/.local/lib/python3.12/site-packages/airflow/example_dags/example_time_delta_sensor_async.py
[2024-04-09T18:53:59.738+0000] {processor.py:830} INFO - Processing file /home/airflow/.local/lib/python3.12/site-packages/airflow/example_dags/example_time_delta_sensor_async.py for tasks to queue
[2024-04-09T18:53:59.740+0000] {logging_mixin.py:188} INFO - [2024-04-09T18:53:59.740+0000] {dagbag.py:540} INFO - Filling up the DagBag from /home/airflow/.local/lib/python3.12/site-packages/airflow/example_dags/example_time_delta_sensor_async.py
[2024-04-09T18:53:59.745+0000] {processor.py:840} INFO - DAG(s) 'example_time_delta_sensor_async' retrieved from /home/airflow/.local/lib/python3.12/site-packages/airflow/example_dags/example_time_delta_sensor_async.py
[2024-04-09T18:53:59.774+0000] {logging_mixin.py:188} INFO - [2024-04-09T18:53:59.773+0000] {dag.py:3096} INFO - Sync 1 DAGs
[2024-04-09T18:53:59.789+0000] {logging_mixin.py:188} INFO - [2024-04-09T18:53:59.789+0000] {dag.py:3954} INFO - Setting next_dagrun for example_time_delta_sensor_async to None, run_after=None
[2024-04-09T18:53:59.839+0000] {processor.py:183} INFO - Processing /home/airflow/.local/lib/python3.12/site-packages/airflow/example_dags/example_time_delta_sensor_async.py took 0.108 seconds
[2024-04-09T18:54:30.262+0000] {processor.py:161} INFO - Started process (PID=1220) to work on /home/airflow/.local/lib/python3.12/site-packages/airflow/example_dags/example_time_delta_sensor_async.py
[2024-04-09T18:54:30.263+0000] {processor.py:830} INFO - Processing file /home/airflow/.local/lib/python3.12/site-packages/airflow/example_dags/example_time_delta_sensor_async.py for tasks to queue
[2024-04-09T18:54:30.266+0000] {logging_mixin.py:188} INFO - [2024-04-09T18:54:30.265+0000] {dagbag.py:540} INFO - Filling up the DagBag from /home/airflow/.local/lib/python3.12/site-packages/airflow/example_dags/example_time_delta_sensor_async.py
[2024-04-09T18:54:30.271+0000] {processor.py:840} INFO - DAG(s) 'example_time_delta_sensor_async' retrieved from /home/airflow/.local/lib/python3.12/site-packages/airflow/example_dags/example_time_delta_sensor_async.py
[2024-04-09T18:54:30.295+0000] {logging_mixin.py:188} INFO - [2024-04-09T18:54:30.295+0000] {dag.py:3096} INFO - Sync 1 DAGs
[2024-04-09T18:54:30.311+0000] {logging_mixin.py:188} INFO - [2024-04-09T18:54:30.309+0000] {dag.py:3954} INFO - Setting next_dagrun for example_time_delta_sensor_async to None, run_after=None
[2024-04-09T18:54:30.334+0000] {processor.py:183} INFO - Processing /home/airflow/.local/lib/python3.12/site-packages/airflow/example_dags/example_time_delta_sensor_async.py took 0.079 seconds
[2024-04-09T18:55:00.726+0000] {processor.py:161} INFO - Started process (PID=1482) to work on /home/airflow/.local/lib/python3.12/site-packages/airflow/example_dags/example_time_delta_sensor_async.py
[2024-04-09T18:55:00.727+0000] {processor.py:830} INFO - Processing file /home/airflow/.local/lib/python3.12/site-packages/airflow/example_dags/example_time_delta_sensor_async.py for tasks to queue
[2024-04-09T18:55:00.729+0000] {logging_mixin.py:188} INFO - [2024-04-09T18:55:00.729+0000] {dagbag.py:540} INFO - Filling up the DagBag from /home/airflow/.local/lib/python3.12/site-packages/airflow/example_dags/example_time_delta_sensor_async.py
[2024-04-09T18:55:00.734+0000] {processor.py:840} INFO - DAG(s) 'example_time_delta_sensor_async' retrieved from /home/airflow/.local/lib/python3.12/site-packages/airflow/example_dags/example_time_delta_sensor_async.py
[2024-04-09T18:55:00.756+0000] {logging_mixin.py:188} INFO - [2024-04-09T18:55:00.755+0000] {dag.py:3096} INFO - Sync 1 DAGs
[2024-04-09T18:55:00.771+0000] {logging_mixin.py:188} INFO - [2024-04-09T18:55:00.771+0000] {dag.py:3954} INFO - Setting next_dagrun for example_time_delta_sensor_async to None, run_after=None
[2024-04-09T18:55:00.813+0000] {processor.py:183} INFO - Processing /home/airflow/.local/lib/python3.12/site-packages/airflow/example_dags/example_time_delta_sensor_async.py took 0.095 seconds
[2024-04-09T18:55:31.407+0000] {processor.py:161} INFO - Started process (PID=1744) to work on /home/airflow/.local/lib/python3.12/site-packages/airflow/example_dags/example_time_delta_sensor_async.py
[2024-04-09T18:55:31.409+0000] {processor.py:830} INFO - Processing file /home/airflow/.local/lib/python3.12/site-packages/airflow/example_dags/example_time_delta_sensor_async.py for tasks to queue
[2024-04-09T18:55:31.411+0000] {logging_mixin.py:188} INFO - [2024-04-09T18:55:31.411+0000] {dagbag.py:540} INFO - Filling up the DagBag from /home/airflow/.local/lib/python3.12/site-packages/airflow/example_dags/example_time_delta_sensor_async.py
[2024-04-09T18:55:31.416+0000] {processor.py:840} INFO - DAG(s) 'example_time_delta_sensor_async' retrieved from /home/airflow/.local/lib/python3.12/site-packages/airflow/example_dags/example_time_delta_sensor_async.py
[2024-04-09T18:55:31.442+0000] {logging_mixin.py:188} INFO - [2024-04-09T18:55:31.441+0000] {dag.py:3096} INFO - Sync 1 DAGs
[2024-04-09T18:55:31.457+0000] {logging_mixin.py:188} INFO - [2024-04-09T18:55:31.457+0000] {dag.py:3954} INFO - Setting next_dagrun for example_time_delta_sensor_async to None, run_after=None
[2024-04-09T18:55:31.479+0000] {processor.py:183} INFO - Processing /home/airflow/.local/lib/python3.12/site-packages/airflow/example_dags/example_time_delta_sensor_async.py took 0.079 seconds
[2024-04-09T18:56:01.857+0000] {processor.py:161} INFO - Started process (PID=2007) to work on /home/airflow/.local/lib/python3.12/site-packages/airflow/example_dags/example_time_delta_sensor_async.py
[2024-04-09T18:56:01.858+0000] {processor.py:830} INFO - Processing file /home/airflow/.local/lib/python3.12/site-packages/airflow/example_dags/example_time_delta_sensor_async.py for tasks to queue
[2024-04-09T18:56:01.860+0000] {logging_mixin.py:188} INFO - [2024-04-09T18:56:01.860+0000] {dagbag.py:540} INFO - Filling up the DagBag from /home/airflow/.local/lib/python3.12/site-packages/airflow/example_dags/example_time_delta_sensor_async.py
[2024-04-09T18:56:01.865+0000] {processor.py:840} INFO - DAG(s) 'example_time_delta_sensor_async' retrieved from /home/airflow/.local/lib/python3.12/site-packages/airflow/example_dags/example_time_delta_sensor_async.py
[2024-04-09T18:56:01.890+0000] {logging_mixin.py:188} INFO - [2024-04-09T18:56:01.890+0000] {dag.py:3096} INFO - Sync 1 DAGs
[2024-04-09T18:56:01.907+0000] {logging_mixin.py:188} INFO - [2024-04-09T18:56:01.906+0000] {dag.py:3954} INFO - Setting next_dagrun for example_time_delta_sensor_async to None, run_after=None
[2024-04-09T18:56:01.931+0000] {processor.py:183} INFO - Processing /home/airflow/.local/lib/python3.12/site-packages/airflow/example_dags/example_time_delta_sensor_async.py took 0.081 seconds
[2024-04-09T18:56:32.399+0000] {processor.py:161} INFO - Started process (PID=2269) to work on /home/airflow/.local/lib/python3.12/site-packages/airflow/example_dags/example_time_delta_sensor_async.py
[2024-04-09T18:56:32.400+0000] {processor.py:830} INFO - Processing file /home/airflow/.local/lib/python3.12/site-packages/airflow/example_dags/example_time_delta_sensor_async.py for tasks to queue
[2024-04-09T18:56:32.402+0000] {logging_mixin.py:188} INFO - [2024-04-09T18:56:32.402+0000] {dagbag.py:540} INFO - Filling up the DagBag from /home/airflow/.local/lib/python3.12/site-packages/airflow/example_dags/example_time_delta_sensor_async.py
[2024-04-09T18:56:32.407+0000] {processor.py:840} INFO - DAG(s) 'example_time_delta_sensor_async' retrieved from /home/airflow/.local/lib/python3.12/site-packages/airflow/example_dags/example_time_delta_sensor_async.py
[2024-04-09T18:56:32.430+0000] {logging_mixin.py:188} INFO - [2024-04-09T18:56:32.430+0000] {dag.py:3096} INFO - Sync 1 DAGs
[2024-04-09T18:56:32.445+0000] {logging_mixin.py:188} INFO - [2024-04-09T18:56:32.445+0000] {dag.py:3954} INFO - Setting next_dagrun for example_time_delta_sensor_async to None, run_after=None
[2024-04-09T18:56:32.474+0000] {processor.py:183} INFO - Processing /home/airflow/.local/lib/python3.12/site-packages/airflow/example_dags/example_time_delta_sensor_async.py took 0.082 seconds
[2024-04-09T18:57:03.065+0000] {processor.py:161} INFO - Started process (PID=2531) to work on /home/airflow/.local/lib/python3.12/site-packages/airflow/example_dags/example_time_delta_sensor_async.py
[2024-04-09T18:57:03.066+0000] {processor.py:830} INFO - Processing file /home/airflow/.local/lib/python3.12/site-packages/airflow/example_dags/example_time_delta_sensor_async.py for tasks to queue
[2024-04-09T18:57:03.069+0000] {logging_mixin.py:188} INFO - [2024-04-09T18:57:03.068+0000] {dagbag.py:540} INFO - Filling up the DagBag from /home/airflow/.local/lib/python3.12/site-packages/airflow/example_dags/example_time_delta_sensor_async.py
[2024-04-09T18:57:03.075+0000] {processor.py:840} INFO - DAG(s) 'example_time_delta_sensor_async' retrieved from /home/airflow/.local/lib/python3.12/site-packages/airflow/example_dags/example_time_delta_sensor_async.py
[2024-04-09T18:57:03.098+0000] {logging_mixin.py:188} INFO - [2024-04-09T18:57:03.098+0000] {dag.py:3096} INFO - Sync 1 DAGs
[2024-04-09T18:57:03.117+0000] {logging_mixin.py:188} INFO - [2024-04-09T18:57:03.117+0000] {dag.py:3954} INFO - Setting next_dagrun for example_time_delta_sensor_async to None, run_after=None
[2024-04-09T18:57:03.140+0000] {processor.py:183} INFO - Processing /home/airflow/.local/lib/python3.12/site-packages/airflow/example_dags/example_time_delta_sensor_async.py took 0.082 seconds
[2024-04-09T18:57:33.360+0000] {processor.py:161} INFO - Started process (PID=2803) to work on /home/airflow/.local/lib/python3.12/site-packages/airflow/example_dags/example_time_delta_sensor_async.py
[2024-04-09T18:57:33.361+0000] {processor.py:830} INFO - Processing file /home/airflow/.local/lib/python3.12/site-packages/airflow/example_dags/example_time_delta_sensor_async.py for tasks to queue
[2024-04-09T18:57:33.363+0000] {logging_mixin.py:188} INFO - [2024-04-09T18:57:33.362+0000] {dagbag.py:540} INFO - Filling up the DagBag from /home/airflow/.local/lib/python3.12/site-packages/airflow/example_dags/example_time_delta_sensor_async.py
[2024-04-09T18:57:33.368+0000] {processor.py:840} INFO - DAG(s) 'example_time_delta_sensor_async' retrieved from /home/airflow/.local/lib/python3.12/site-packages/airflow/example_dags/example_time_delta_sensor_async.py
[2024-04-09T18:57:33.403+0000] {logging_mixin.py:188} INFO - [2024-04-09T18:57:33.403+0000] {dag.py:3096} INFO - Sync 1 DAGs
[2024-04-09T18:57:33.443+0000] {logging_mixin.py:188} INFO - [2024-04-09T18:57:33.443+0000] {dag.py:3954} INFO - Setting next_dagrun for example_time_delta_sensor_async to None, run_after=None
[2024-04-09T18:57:33.476+0000] {processor.py:183} INFO - Processing /home/airflow/.local/lib/python3.12/site-packages/airflow/example_dags/example_time_delta_sensor_async.py took 0.123 seconds
[2024-04-09T18:58:03.701+0000] {processor.py:161} INFO - Started process (PID=3075) to work on /home/airflow/.local/lib/python3.12/site-packages/airflow/example_dags/example_time_delta_sensor_async.py
[2024-04-09T18:58:03.703+0000] {processor.py:830} INFO - Processing file /home/airflow/.local/lib/python3.12/site-packages/airflow/example_dags/example_time_delta_sensor_async.py for tasks to queue
[2024-04-09T18:58:03.705+0000] {logging_mixin.py:188} INFO - [2024-04-09T18:58:03.705+0000] {dagbag.py:540} INFO - Filling up the DagBag from /home/airflow/.local/lib/python3.12/site-packages/airflow/example_dags/example_time_delta_sensor_async.py
[2024-04-09T18:58:03.710+0000] {processor.py:840} INFO - DAG(s) 'example_time_delta_sensor_async' retrieved from /home/airflow/.local/lib/python3.12/site-packages/airflow/example_dags/example_time_delta_sensor_async.py
[2024-04-09T18:58:03.733+0000] {logging_mixin.py:188} INFO - [2024-04-09T18:58:03.732+0000] {dag.py:3096} INFO - Sync 1 DAGs
[2024-04-09T18:58:03.749+0000] {logging_mixin.py:188} INFO - [2024-04-09T18:58:03.748+0000] {dag.py:3954} INFO - Setting next_dagrun for example_time_delta_sensor_async to None, run_after=None
[2024-04-09T18:58:03.775+0000] {processor.py:183} INFO - Processing /home/airflow/.local/lib/python3.12/site-packages/airflow/example_dags/example_time_delta_sensor_async.py took 0.081 seconds
[2024-04-09T18:58:34.058+0000] {processor.py:161} INFO - Started process (PID=3348) to work on /home/airflow/.local/lib/python3.12/site-packages/airflow/example_dags/example_time_delta_sensor_async.py
[2024-04-09T18:58:34.060+0000] {processor.py:830} INFO - Processing file /home/airflow/.local/lib/python3.12/site-packages/airflow/example_dags/example_time_delta_sensor_async.py for tasks to queue
[2024-04-09T18:58:34.062+0000] {logging_mixin.py:188} INFO - [2024-04-09T18:58:34.062+0000] {dagbag.py:540} INFO - Filling up the DagBag from /home/airflow/.local/lib/python3.12/site-packages/airflow/example_dags/example_time_delta_sensor_async.py
[2024-04-09T18:58:34.068+0000] {processor.py:840} INFO - DAG(s) 'example_time_delta_sensor_async' retrieved from /home/airflow/.local/lib/python3.12/site-packages/airflow/example_dags/example_time_delta_sensor_async.py
[2024-04-09T18:58:34.100+0000] {logging_mixin.py:188} INFO - [2024-04-09T18:58:34.100+0000] {dag.py:3096} INFO - Sync 1 DAGs
[2024-04-09T18:58:34.119+0000] {logging_mixin.py:188} INFO - [2024-04-09T18:58:34.119+0000] {dag.py:3954} INFO - Setting next_dagrun for example_time_delta_sensor_async to None, run_after=None
[2024-04-09T18:58:34.152+0000] {processor.py:183} INFO - Processing /home/airflow/.local/lib/python3.12/site-packages/airflow/example_dags/example_time_delta_sensor_async.py took 0.102 seconds
[2024-04-09T18:59:04.387+0000] {processor.py:161} INFO - Started process (PID=3621) to work on /home/airflow/.local/lib/python3.12/site-packages/airflow/example_dags/example_time_delta_sensor_async.py
[2024-04-09T18:59:04.389+0000] {processor.py:830} INFO - Processing file /home/airflow/.local/lib/python3.12/site-packages/airflow/example_dags/example_time_delta_sensor_async.py for tasks to queue
[2024-04-09T18:59:04.392+0000] {logging_mixin.py:188} INFO - [2024-04-09T18:59:04.391+0000] {dagbag.py:540} INFO - Filling up the DagBag from /home/airflow/.local/lib/python3.12/site-packages/airflow/example_dags/example_time_delta_sensor_async.py
[2024-04-09T18:59:04.399+0000] {processor.py:840} INFO - DAG(s) 'example_time_delta_sensor_async' retrieved from /home/airflow/.local/lib/python3.12/site-packages/airflow/example_dags/example_time_delta_sensor_async.py
[2024-04-09T18:59:04.424+0000] {logging_mixin.py:188} INFO - [2024-04-09T18:59:04.423+0000] {dag.py:3096} INFO - Sync 1 DAGs
[2024-04-09T18:59:04.439+0000] {logging_mixin.py:188} INFO - [2024-04-09T18:59:04.439+0000] {dag.py:3954} INFO - Setting next_dagrun for example_time_delta_sensor_async to None, run_after=None
[2024-04-09T18:59:04.463+0000] {processor.py:183} INFO - Processing /home/airflow/.local/lib/python3.12/site-packages/airflow/example_dags/example_time_delta_sensor_async.py took 0.084 seconds
[2024-04-09T18:59:34.863+0000] {processor.py:161} INFO - Started process (PID=3891) to work on /home/airflow/.local/lib/python3.12/site-packages/airflow/example_dags/example_time_delta_sensor_async.py
[2024-04-09T18:59:34.864+0000] {processor.py:830} INFO - Processing file /home/airflow/.local/lib/python3.12/site-packages/airflow/example_dags/example_time_delta_sensor_async.py for tasks to queue
[2024-04-09T18:59:34.866+0000] {logging_mixin.py:188} INFO - [2024-04-09T18:59:34.866+0000] {dagbag.py:540} INFO - Filling up the DagBag from /home/airflow/.local/lib/python3.12/site-packages/airflow/example_dags/example_time_delta_sensor_async.py
[2024-04-09T18:59:34.872+0000] {processor.py:840} INFO - DAG(s) 'example_time_delta_sensor_async' retrieved from /home/airflow/.local/lib/python3.12/site-packages/airflow/example_dags/example_time_delta_sensor_async.py
[2024-04-09T18:59:34.895+0000] {logging_mixin.py:188} INFO - [2024-04-09T18:59:34.895+0000] {dag.py:3096} INFO - Sync 1 DAGs
[2024-04-09T18:59:34.911+0000] {logging_mixin.py:188} INFO - [2024-04-09T18:59:34.911+0000] {dag.py:3954} INFO - Setting next_dagrun for example_time_delta_sensor_async to None, run_after=None
[2024-04-09T18:59:34.935+0000] {processor.py:183} INFO - Processing /home/airflow/.local/lib/python3.12/site-packages/airflow/example_dags/example_time_delta_sensor_async.py took 0.080 seconds
[2024-04-09T19:00:05.038+0000] {processor.py:161} INFO - Started process (PID=4163) to work on /home/airflow/.local/lib/python3.12/site-packages/airflow/example_dags/example_time_delta_sensor_async.py
[2024-04-09T19:00:05.039+0000] {processor.py:830} INFO - Processing file /home/airflow/.local/lib/python3.12/site-packages/airflow/example_dags/example_time_delta_sensor_async.py for tasks to queue
[2024-04-09T19:00:05.042+0000] {logging_mixin.py:188} INFO - [2024-04-09T19:00:05.042+0000] {dagbag.py:540} INFO - Filling up the DagBag from /home/airflow/.local/lib/python3.12/site-packages/airflow/example_dags/example_time_delta_sensor_async.py
[2024-04-09T19:00:05.048+0000] {processor.py:840} INFO - DAG(s) 'example_time_delta_sensor_async' retrieved from /home/airflow/.local/lib/python3.12/site-packages/airflow/example_dags/example_time_delta_sensor_async.py
[2024-04-09T19:00:05.070+0000] {logging_mixin.py:188} INFO - [2024-04-09T19:00:05.070+0000] {dag.py:3096} INFO - Sync 1 DAGs
[2024-04-09T19:00:05.086+0000] {logging_mixin.py:188} INFO - [2024-04-09T19:00:05.086+0000] {dag.py:3954} INFO - Setting next_dagrun for example_time_delta_sensor_async to None, run_after=None
[2024-04-09T19:00:05.107+0000] {processor.py:183} INFO - Processing /home/airflow/.local/lib/python3.12/site-packages/airflow/example_dags/example_time_delta_sensor_async.py took 0.075 seconds
[2024-04-09T19:00:35.230+0000] {processor.py:161} INFO - Started process (PID=4435) to work on /home/airflow/.local/lib/python3.12/site-packages/airflow/example_dags/example_time_delta_sensor_async.py
[2024-04-09T19:00:35.233+0000] {processor.py:830} INFO - Processing file /home/airflow/.local/lib/python3.12/site-packages/airflow/example_dags/example_time_delta_sensor_async.py for tasks to queue
[2024-04-09T19:00:35.235+0000] {logging_mixin.py:188} INFO - [2024-04-09T19:00:35.234+0000] {dagbag.py:540} INFO - Filling up the DagBag from /home/airflow/.local/lib/python3.12/site-packages/airflow/example_dags/example_time_delta_sensor_async.py
[2024-04-09T19:00:35.240+0000] {processor.py:840} INFO - DAG(s) 'example_time_delta_sensor_async' retrieved from /home/airflow/.local/lib/python3.12/site-packages/airflow/example_dags/example_time_delta_sensor_async.py
[2024-04-09T19:00:35.263+0000] {logging_mixin.py:188} INFO - [2024-04-09T19:00:35.263+0000] {dag.py:3096} INFO - Sync 1 DAGs
[2024-04-09T19:00:35.283+0000] {logging_mixin.py:188} INFO - [2024-04-09T19:00:35.283+0000] {dag.py:3954} INFO - Setting next_dagrun for example_time_delta_sensor_async to None, run_after=None
[2024-04-09T19:00:35.307+0000] {processor.py:183} INFO - Processing /home/airflow/.local/lib/python3.12/site-packages/airflow/example_dags/example_time_delta_sensor_async.py took 0.083 seconds
[2024-04-09T19:01:05.436+0000] {processor.py:161} INFO - Started process (PID=4708) to work on /home/airflow/.local/lib/python3.12/site-packages/airflow/example_dags/example_time_delta_sensor_async.py
[2024-04-09T19:01:05.437+0000] {processor.py:830} INFO - Processing file /home/airflow/.local/lib/python3.12/site-packages/airflow/example_dags/example_time_delta_sensor_async.py for tasks to queue
[2024-04-09T19:01:05.439+0000] {logging_mixin.py:188} INFO - [2024-04-09T19:01:05.439+0000] {dagbag.py:540} INFO - Filling up the DagBag from /home/airflow/.local/lib/python3.12/site-packages/airflow/example_dags/example_time_delta_sensor_async.py
[2024-04-09T19:01:05.444+0000] {processor.py:840} INFO - DAG(s) 'example_time_delta_sensor_async' retrieved from /home/airflow/.local/lib/python3.12/site-packages/airflow/example_dags/example_time_delta_sensor_async.py
[2024-04-09T19:01:05.465+0000] {logging_mixin.py:188} INFO - [2024-04-09T19:01:05.465+0000] {dag.py:3096} INFO - Sync 1 DAGs
[2024-04-09T19:01:05.481+0000] {logging_mixin.py:188} INFO - [2024-04-09T19:01:05.481+0000] {dag.py:3954} INFO - Setting next_dagrun for example_time_delta_sensor_async to None, run_after=None
[2024-04-09T19:01:05.505+0000] {processor.py:183} INFO - Processing /home/airflow/.local/lib/python3.12/site-packages/airflow/example_dags/example_time_delta_sensor_async.py took 0.075 seconds
[2024-04-09T19:01:35.753+0000] {processor.py:161} INFO - Started process (PID=4980) to work on /home/airflow/.local/lib/python3.12/site-packages/airflow/example_dags/example_time_delta_sensor_async.py
[2024-04-09T19:01:35.755+0000] {processor.py:830} INFO - Processing file /home/airflow/.local/lib/python3.12/site-packages/airflow/example_dags/example_time_delta_sensor_async.py for tasks to queue
[2024-04-09T19:01:35.757+0000] {logging_mixin.py:188} INFO - [2024-04-09T19:01:35.757+0000] {dagbag.py:540} INFO - Filling up the DagBag from /home/airflow/.local/lib/python3.12/site-packages/airflow/example_dags/example_time_delta_sensor_async.py
[2024-04-09T19:01:35.763+0000] {processor.py:840} INFO - DAG(s) 'example_time_delta_sensor_async' retrieved from /home/airflow/.local/lib/python3.12/site-packages/airflow/example_dags/example_time_delta_sensor_async.py
[2024-04-09T19:01:35.786+0000] {logging_mixin.py:188} INFO - [2024-04-09T19:01:35.785+0000] {dag.py:3096} INFO - Sync 1 DAGs
[2024-04-09T19:01:35.802+0000] {logging_mixin.py:188} INFO - [2024-04-09T19:01:35.802+0000] {dag.py:3954} INFO - Setting next_dagrun for example_time_delta_sensor_async to None, run_after=None
[2024-04-09T19:01:35.824+0000] {processor.py:183} INFO - Processing /home/airflow/.local/lib/python3.12/site-packages/airflow/example_dags/example_time_delta_sensor_async.py took 0.077 seconds
[2024-04-09T19:02:06.095+0000] {processor.py:161} INFO - Started process (PID=5252) to work on /home/airflow/.local/lib/python3.12/site-packages/airflow/example_dags/example_time_delta_sensor_async.py
[2024-04-09T19:02:06.096+0000] {processor.py:830} INFO - Processing file /home/airflow/.local/lib/python3.12/site-packages/airflow/example_dags/example_time_delta_sensor_async.py for tasks to queue
[2024-04-09T19:02:06.098+0000] {logging_mixin.py:188} INFO - [2024-04-09T19:02:06.098+0000] {dagbag.py:540} INFO - Filling up the DagBag from /home/airflow/.local/lib/python3.12/site-packages/airflow/example_dags/example_time_delta_sensor_async.py
[2024-04-09T19:02:06.104+0000] {processor.py:840} INFO - DAG(s) 'example_time_delta_sensor_async' retrieved from /home/airflow/.local/lib/python3.12/site-packages/airflow/example_dags/example_time_delta_sensor_async.py
[2024-04-09T19:02:06.128+0000] {logging_mixin.py:188} INFO - [2024-04-09T19:02:06.127+0000] {dag.py:3096} INFO - Sync 1 DAGs
[2024-04-09T19:02:06.144+0000] {logging_mixin.py:188} INFO - [2024-04-09T19:02:06.143+0000] {dag.py:3954} INFO - Setting next_dagrun for example_time_delta_sensor_async to None, run_after=None
[2024-04-09T19:02:06.166+0000] {processor.py:183} INFO - Processing /home/airflow/.local/lib/python3.12/site-packages/airflow/example_dags/example_time_delta_sensor_async.py took 0.077 seconds
[2024-04-09T19:02:36.288+0000] {processor.py:161} INFO - Started process (PID=5524) to work on /home/airflow/.local/lib/python3.12/site-packages/airflow/example_dags/example_time_delta_sensor_async.py
[2024-04-09T19:02:36.289+0000] {processor.py:830} INFO - Processing file /home/airflow/.local/lib/python3.12/site-packages/airflow/example_dags/example_time_delta_sensor_async.py for tasks to queue
[2024-04-09T19:02:36.292+0000] {logging_mixin.py:188} INFO - [2024-04-09T19:02:36.292+0000] {dagbag.py:540} INFO - Filling up the DagBag from /home/airflow/.local/lib/python3.12/site-packages/airflow/example_dags/example_time_delta_sensor_async.py
[2024-04-09T19:02:36.297+0000] {processor.py:840} INFO - DAG(s) 'example_time_delta_sensor_async' retrieved from /home/airflow/.local/lib/python3.12/site-packages/airflow/example_dags/example_time_delta_sensor_async.py
[2024-04-09T19:02:36.318+0000] {logging_mixin.py:188} INFO - [2024-04-09T19:02:36.318+0000] {dag.py:3096} INFO - Sync 1 DAGs
[2024-04-09T19:02:36.334+0000] {logging_mixin.py:188} INFO - [2024-04-09T19:02:36.334+0000] {dag.py:3954} INFO - Setting next_dagrun for example_time_delta_sensor_async to None, run_after=None
[2024-04-09T19:02:36.358+0000] {processor.py:183} INFO - Processing /home/airflow/.local/lib/python3.12/site-packages/airflow/example_dags/example_time_delta_sensor_async.py took 0.077 seconds
[2024-04-09T19:03:06.560+0000] {processor.py:161} INFO - Started process (PID=5796) to work on /home/airflow/.local/lib/python3.12/site-packages/airflow/example_dags/example_time_delta_sensor_async.py
[2024-04-09T19:03:06.562+0000] {processor.py:830} INFO - Processing file /home/airflow/.local/lib/python3.12/site-packages/airflow/example_dags/example_time_delta_sensor_async.py for tasks to queue
[2024-04-09T19:03:06.564+0000] {logging_mixin.py:188} INFO - [2024-04-09T19:03:06.564+0000] {dagbag.py:540} INFO - Filling up the DagBag from /home/airflow/.local/lib/python3.12/site-packages/airflow/example_dags/example_time_delta_sensor_async.py
[2024-04-09T19:03:06.570+0000] {processor.py:840} INFO - DAG(s) 'example_time_delta_sensor_async' retrieved from /home/airflow/.local/lib/python3.12/site-packages/airflow/example_dags/example_time_delta_sensor_async.py
[2024-04-09T19:03:06.593+0000] {logging_mixin.py:188} INFO - [2024-04-09T19:03:06.592+0000] {dag.py:3096} INFO - Sync 1 DAGs
[2024-04-09T19:03:06.609+0000] {logging_mixin.py:188} INFO - [2024-04-09T19:03:06.609+0000] {dag.py:3954} INFO - Setting next_dagrun for example_time_delta_sensor_async to None, run_after=None
[2024-04-09T19:03:06.635+0000] {processor.py:183} INFO - Processing /home/airflow/.local/lib/python3.12/site-packages/airflow/example_dags/example_time_delta_sensor_async.py took 0.082 seconds
[2024-04-09T19:03:36.741+0000] {processor.py:161} INFO - Started process (PID=6068) to work on /home/airflow/.local/lib/python3.12/site-packages/airflow/example_dags/example_time_delta_sensor_async.py
[2024-04-09T19:03:36.742+0000] {processor.py:830} INFO - Processing file /home/airflow/.local/lib/python3.12/site-packages/airflow/example_dags/example_time_delta_sensor_async.py for tasks to queue
[2024-04-09T19:03:36.744+0000] {logging_mixin.py:188} INFO - [2024-04-09T19:03:36.744+0000] {dagbag.py:540} INFO - Filling up the DagBag from /home/airflow/.local/lib/python3.12/site-packages/airflow/example_dags/example_time_delta_sensor_async.py
[2024-04-09T19:03:36.749+0000] {processor.py:840} INFO - DAG(s) 'example_time_delta_sensor_async' retrieved from /home/airflow/.local/lib/python3.12/site-packages/airflow/example_dags/example_time_delta_sensor_async.py
[2024-04-09T19:03:36.772+0000] {logging_mixin.py:188} INFO - [2024-04-09T19:03:36.772+0000] {dag.py:3096} INFO - Sync 1 DAGs
[2024-04-09T19:03:36.789+0000] {logging_mixin.py:188} INFO - [2024-04-09T19:03:36.789+0000] {dag.py:3954} INFO - Setting next_dagrun for example_time_delta_sensor_async to None, run_after=None
[2024-04-09T19:03:36.815+0000] {processor.py:183} INFO - Processing /home/airflow/.local/lib/python3.12/site-packages/airflow/example_dags/example_time_delta_sensor_async.py took 0.080 seconds
[2024-04-09T19:04:07.419+0000] {processor.py:161} INFO - Started process (PID=6341) to work on /home/airflow/.local/lib/python3.12/site-packages/airflow/example_dags/example_time_delta_sensor_async.py
[2024-04-09T19:04:07.420+0000] {processor.py:830} INFO - Processing file /home/airflow/.local/lib/python3.12/site-packages/airflow/example_dags/example_time_delta_sensor_async.py for tasks to queue
[2024-04-09T19:04:07.423+0000] {logging_mixin.py:188} INFO - [2024-04-09T19:04:07.422+0000] {dagbag.py:540} INFO - Filling up the DagBag from /home/airflow/.local/lib/python3.12/site-packages/airflow/example_dags/example_time_delta_sensor_async.py
[2024-04-09T19:04:07.428+0000] {processor.py:840} INFO - DAG(s) 'example_time_delta_sensor_async' retrieved from /home/airflow/.local/lib/python3.12/site-packages/airflow/example_dags/example_time_delta_sensor_async.py
[2024-04-09T19:04:07.450+0000] {logging_mixin.py:188} INFO - [2024-04-09T19:04:07.449+0000] {dag.py:3096} INFO - Sync 1 DAGs
[2024-04-09T19:04:07.465+0000] {logging_mixin.py:188} INFO - [2024-04-09T19:04:07.465+0000] {dag.py:3954} INFO - Setting next_dagrun for example_time_delta_sensor_async to None, run_after=None
[2024-04-09T19:04:07.488+0000] {processor.py:183} INFO - Processing /home/airflow/.local/lib/python3.12/site-packages/airflow/example_dags/example_time_delta_sensor_async.py took 0.076 seconds
[2024-04-09T19:04:37.595+0000] {processor.py:161} INFO - Started process (PID=6614) to work on /home/airflow/.local/lib/python3.12/site-packages/airflow/example_dags/example_time_delta_sensor_async.py
[2024-04-09T19:04:37.596+0000] {processor.py:830} INFO - Processing file /home/airflow/.local/lib/python3.12/site-packages/airflow/example_dags/example_time_delta_sensor_async.py for tasks to queue
[2024-04-09T19:04:37.598+0000] {logging_mixin.py:188} INFO - [2024-04-09T19:04:37.597+0000] {dagbag.py:540} INFO - Filling up the DagBag from /home/airflow/.local/lib/python3.12/site-packages/airflow/example_dags/example_time_delta_sensor_async.py
[2024-04-09T19:04:37.603+0000] {processor.py:840} INFO - DAG(s) 'example_time_delta_sensor_async' retrieved from /home/airflow/.local/lib/python3.12/site-packages/airflow/example_dags/example_time_delta_sensor_async.py
[2024-04-09T19:04:37.624+0000] {logging_mixin.py:188} INFO - [2024-04-09T19:04:37.623+0000] {dag.py:3096} INFO - Sync 1 DAGs
[2024-04-09T19:04:37.639+0000] {logging_mixin.py:188} INFO - [2024-04-09T19:04:37.639+0000] {dag.py:3954} INFO - Setting next_dagrun for example_time_delta_sensor_async to None, run_after=None
[2024-04-09T19:04:37.663+0000] {processor.py:183} INFO - Processing /home/airflow/.local/lib/python3.12/site-packages/airflow/example_dags/example_time_delta_sensor_async.py took 0.075 seconds
[2024-04-09T19:05:07.915+0000] {processor.py:161} INFO - Started process (PID=6887) to work on /home/airflow/.local/lib/python3.12/site-packages/airflow/example_dags/example_time_delta_sensor_async.py
[2024-04-09T19:05:07.916+0000] {processor.py:830} INFO - Processing file /home/airflow/.local/lib/python3.12/site-packages/airflow/example_dags/example_time_delta_sensor_async.py for tasks to queue
[2024-04-09T19:05:07.918+0000] {logging_mixin.py:188} INFO - [2024-04-09T19:05:07.918+0000] {dagbag.py:540} INFO - Filling up the DagBag from /home/airflow/.local/lib/python3.12/site-packages/airflow/example_dags/example_time_delta_sensor_async.py
[2024-04-09T19:05:07.924+0000] {processor.py:840} INFO - DAG(s) 'example_time_delta_sensor_async' retrieved from /home/airflow/.local/lib/python3.12/site-packages/airflow/example_dags/example_time_delta_sensor_async.py
[2024-04-09T19:05:07.947+0000] {logging_mixin.py:188} INFO - [2024-04-09T19:05:07.946+0000] {dag.py:3096} INFO - Sync 1 DAGs
[2024-04-09T19:05:07.962+0000] {logging_mixin.py:188} INFO - [2024-04-09T19:05:07.962+0000] {dag.py:3954} INFO - Setting next_dagrun for example_time_delta_sensor_async to None, run_after=None
[2024-04-09T19:05:07.984+0000] {processor.py:183} INFO - Processing /home/airflow/.local/lib/python3.12/site-packages/airflow/example_dags/example_time_delta_sensor_async.py took 0.077 seconds
[2024-04-09T19:05:38.610+0000] {processor.py:161} INFO - Started process (PID=7166) to work on /home/airflow/.local/lib/python3.12/site-packages/airflow/example_dags/example_time_delta_sensor_async.py
[2024-04-09T19:05:38.612+0000] {processor.py:830} INFO - Processing file /home/airflow/.local/lib/python3.12/site-packages/airflow/example_dags/example_time_delta_sensor_async.py for tasks to queue
[2024-04-09T19:05:38.614+0000] {logging_mixin.py:188} INFO - [2024-04-09T19:05:38.614+0000] {dagbag.py:540} INFO - Filling up the DagBag from /home/airflow/.local/lib/python3.12/site-packages/airflow/example_dags/example_time_delta_sensor_async.py
[2024-04-09T19:05:38.619+0000] {processor.py:840} INFO - DAG(s) 'example_time_delta_sensor_async' retrieved from /home/airflow/.local/lib/python3.12/site-packages/airflow/example_dags/example_time_delta_sensor_async.py
[2024-04-09T19:05:38.641+0000] {logging_mixin.py:188} INFO - [2024-04-09T19:05:38.641+0000] {dag.py:3096} INFO - Sync 1 DAGs
[2024-04-09T19:05:38.656+0000] {logging_mixin.py:188} INFO - [2024-04-09T19:05:38.656+0000] {dag.py:3954} INFO - Setting next_dagrun for example_time_delta_sensor_async to None, run_after=None
[2024-04-09T19:05:38.698+0000] {processor.py:183} INFO - Processing /home/airflow/.local/lib/python3.12/site-packages/airflow/example_dags/example_time_delta_sensor_async.py took 0.095 seconds
[2024-04-09T19:06:09.301+0000] {processor.py:161} INFO - Started process (PID=7438) to work on /home/airflow/.local/lib/python3.12/site-packages/airflow/example_dags/example_time_delta_sensor_async.py
[2024-04-09T19:06:09.303+0000] {processor.py:830} INFO - Processing file /home/airflow/.local/lib/python3.12/site-packages/airflow/example_dags/example_time_delta_sensor_async.py for tasks to queue
[2024-04-09T19:06:09.314+0000] {logging_mixin.py:188} INFO - [2024-04-09T19:06:09.308+0000] {dagbag.py:540} INFO - Filling up the DagBag from /home/airflow/.local/lib/python3.12/site-packages/airflow/example_dags/example_time_delta_sensor_async.py
[2024-04-09T19:06:09.322+0000] {processor.py:840} INFO - DAG(s) 'example_time_delta_sensor_async' retrieved from /home/airflow/.local/lib/python3.12/site-packages/airflow/example_dags/example_time_delta_sensor_async.py
[2024-04-09T19:06:09.345+0000] {logging_mixin.py:188} INFO - [2024-04-09T19:06:09.344+0000] {dag.py:3096} INFO - Sync 1 DAGs
[2024-04-09T19:06:09.361+0000] {logging_mixin.py:188} INFO - [2024-04-09T19:06:09.361+0000] {dag.py:3954} INFO - Setting next_dagrun for example_time_delta_sensor_async to None, run_after=None
[2024-04-09T19:06:09.387+0000] {processor.py:183} INFO - Processing /home/airflow/.local/lib/python3.12/site-packages/airflow/example_dags/example_time_delta_sensor_async.py took 0.101 seconds
[2024-04-09T19:06:39.899+0000] {processor.py:161} INFO - Started process (PID=7705) to work on /home/airflow/.local/lib/python3.12/site-packages/airflow/example_dags/example_time_delta_sensor_async.py
[2024-04-09T19:06:39.900+0000] {processor.py:830} INFO - Processing file /home/airflow/.local/lib/python3.12/site-packages/airflow/example_dags/example_time_delta_sensor_async.py for tasks to queue
[2024-04-09T19:06:39.902+0000] {logging_mixin.py:188} INFO - [2024-04-09T19:06:39.901+0000] {dagbag.py:540} INFO - Filling up the DagBag from /home/airflow/.local/lib/python3.12/site-packages/airflow/example_dags/example_time_delta_sensor_async.py
[2024-04-09T19:06:39.917+0000] {processor.py:840} INFO - DAG(s) 'example_time_delta_sensor_async' retrieved from /home/airflow/.local/lib/python3.12/site-packages/airflow/example_dags/example_time_delta_sensor_async.py
[2024-04-09T19:06:39.961+0000] {logging_mixin.py:188} INFO - [2024-04-09T19:06:39.961+0000] {dag.py:3096} INFO - Sync 1 DAGs
[2024-04-09T19:06:39.996+0000] {logging_mixin.py:188} INFO - [2024-04-09T19:06:39.996+0000] {dag.py:3954} INFO - Setting next_dagrun for example_time_delta_sensor_async to None, run_after=None
[2024-04-09T19:06:40.029+0000] {processor.py:183} INFO - Processing /home/airflow/.local/lib/python3.12/site-packages/airflow/example_dags/example_time_delta_sensor_async.py took 0.144 seconds
[2024-04-09T19:07:10.290+0000] {processor.py:161} INFO - Started process (PID=7976) to work on /home/airflow/.local/lib/python3.12/site-packages/airflow/example_dags/example_time_delta_sensor_async.py
[2024-04-09T19:07:10.291+0000] {processor.py:830} INFO - Processing file /home/airflow/.local/lib/python3.12/site-packages/airflow/example_dags/example_time_delta_sensor_async.py for tasks to queue
[2024-04-09T19:07:10.292+0000] {logging_mixin.py:188} INFO - [2024-04-09T19:07:10.292+0000] {dagbag.py:540} INFO - Filling up the DagBag from /home/airflow/.local/lib/python3.12/site-packages/airflow/example_dags/example_time_delta_sensor_async.py
[2024-04-09T19:07:10.297+0000] {processor.py:840} INFO - DAG(s) 'example_time_delta_sensor_async' retrieved from /home/airflow/.local/lib/python3.12/site-packages/airflow/example_dags/example_time_delta_sensor_async.py
[2024-04-09T19:07:10.469+0000] {logging_mixin.py:188} INFO - [2024-04-09T19:07:10.468+0000] {dag.py:3096} INFO - Sync 1 DAGs
[2024-04-09T19:07:10.484+0000] {logging_mixin.py:188} INFO - [2024-04-09T19:07:10.483+0000] {dag.py:3954} INFO - Setting next_dagrun for example_time_delta_sensor_async to None, run_after=None
[2024-04-09T19:07:10.506+0000] {processor.py:183} INFO - Processing /home/airflow/.local/lib/python3.12/site-packages/airflow/example_dags/example_time_delta_sensor_async.py took 0.226 seconds
[2024-04-09T19:07:40.926+0000] {processor.py:161} INFO - Started process (PID=8248) to work on /home/airflow/.local/lib/python3.12/site-packages/airflow/example_dags/example_time_delta_sensor_async.py
[2024-04-09T19:07:40.926+0000] {processor.py:830} INFO - Processing file /home/airflow/.local/lib/python3.12/site-packages/airflow/example_dags/example_time_delta_sensor_async.py for tasks to queue
[2024-04-09T19:07:40.928+0000] {logging_mixin.py:188} INFO - [2024-04-09T19:07:40.928+0000] {dagbag.py:540} INFO - Filling up the DagBag from /home/airflow/.local/lib/python3.12/site-packages/airflow/example_dags/example_time_delta_sensor_async.py
[2024-04-09T19:07:40.937+0000] {processor.py:840} INFO - DAG(s) 'example_time_delta_sensor_async' retrieved from /home/airflow/.local/lib/python3.12/site-packages/airflow/example_dags/example_time_delta_sensor_async.py
[2024-04-09T19:07:40.969+0000] {logging_mixin.py:188} INFO - [2024-04-09T19:07:40.969+0000] {dag.py:3096} INFO - Sync 1 DAGs
[2024-04-09T19:07:40.985+0000] {logging_mixin.py:188} INFO - [2024-04-09T19:07:40.985+0000] {dag.py:3954} INFO - Setting next_dagrun for example_time_delta_sensor_async to None, run_after=None
[2024-04-09T19:07:41.010+0000] {processor.py:183} INFO - Processing /home/airflow/.local/lib/python3.12/site-packages/airflow/example_dags/example_time_delta_sensor_async.py took 0.091 seconds
[2024-04-09T19:08:11.838+0000] {processor.py:161} INFO - Started process (PID=8520) to work on /home/airflow/.local/lib/python3.12/site-packages/airflow/example_dags/example_time_delta_sensor_async.py
[2024-04-09T19:08:11.841+0000] {processor.py:830} INFO - Processing file /home/airflow/.local/lib/python3.12/site-packages/airflow/example_dags/example_time_delta_sensor_async.py for tasks to queue
[2024-04-09T19:08:11.845+0000] {logging_mixin.py:188} INFO - [2024-04-09T19:08:11.844+0000] {dagbag.py:540} INFO - Filling up the DagBag from /home/airflow/.local/lib/python3.12/site-packages/airflow/example_dags/example_time_delta_sensor_async.py
[2024-04-09T19:08:11.857+0000] {processor.py:840} INFO - DAG(s) 'example_time_delta_sensor_async' retrieved from /home/airflow/.local/lib/python3.12/site-packages/airflow/example_dags/example_time_delta_sensor_async.py
[2024-04-09T19:08:11.882+0000] {logging_mixin.py:188} INFO - [2024-04-09T19:08:11.881+0000] {dag.py:3096} INFO - Sync 1 DAGs
[2024-04-09T19:08:11.896+0000] {logging_mixin.py:188} INFO - [2024-04-09T19:08:11.896+0000] {dag.py:3954} INFO - Setting next_dagrun for example_time_delta_sensor_async to None, run_after=None
[2024-04-09T19:08:11.920+0000] {processor.py:183} INFO - Processing /home/airflow/.local/lib/python3.12/site-packages/airflow/example_dags/example_time_delta_sensor_async.py took 0.089 seconds
[2024-04-09T19:08:42.635+0000] {processor.py:161} INFO - Started process (PID=8792) to work on /home/airflow/.local/lib/python3.12/site-packages/airflow/example_dags/example_time_delta_sensor_async.py
[2024-04-09T19:08:42.637+0000] {processor.py:830} INFO - Processing file /home/airflow/.local/lib/python3.12/site-packages/airflow/example_dags/example_time_delta_sensor_async.py for tasks to queue
[2024-04-09T19:08:42.638+0000] {logging_mixin.py:188} INFO - [2024-04-09T19:08:42.638+0000] {dagbag.py:540} INFO - Filling up the DagBag from /home/airflow/.local/lib/python3.12/site-packages/airflow/example_dags/example_time_delta_sensor_async.py
[2024-04-09T19:08:42.643+0000] {processor.py:840} INFO - DAG(s) 'example_time_delta_sensor_async' retrieved from /home/airflow/.local/lib/python3.12/site-packages/airflow/example_dags/example_time_delta_sensor_async.py
[2024-04-09T19:08:42.665+0000] {logging_mixin.py:188} INFO - [2024-04-09T19:08:42.665+0000] {dag.py:3096} INFO - Sync 1 DAGs
[2024-04-09T19:08:42.683+0000] {logging_mixin.py:188} INFO - [2024-04-09T19:08:42.683+0000] {dag.py:3954} INFO - Setting next_dagrun for example_time_delta_sensor_async to None, run_after=None
[2024-04-09T19:08:42.712+0000] {processor.py:183} INFO - Processing /home/airflow/.local/lib/python3.12/site-packages/airflow/example_dags/example_time_delta_sensor_async.py took 0.083 seconds
[2024-04-09T19:09:12.835+0000] {processor.py:161} INFO - Started process (PID=9065) to work on /home/airflow/.local/lib/python3.12/site-packages/airflow/example_dags/example_time_delta_sensor_async.py
[2024-04-09T19:09:12.837+0000] {processor.py:830} INFO - Processing file /home/airflow/.local/lib/python3.12/site-packages/airflow/example_dags/example_time_delta_sensor_async.py for tasks to queue
[2024-04-09T19:09:12.839+0000] {logging_mixin.py:188} INFO - [2024-04-09T19:09:12.838+0000] {dagbag.py:540} INFO - Filling up the DagBag from /home/airflow/.local/lib/python3.12/site-packages/airflow/example_dags/example_time_delta_sensor_async.py
[2024-04-09T19:09:12.847+0000] {processor.py:840} INFO - DAG(s) 'example_time_delta_sensor_async' retrieved from /home/airflow/.local/lib/python3.12/site-packages/airflow/example_dags/example_time_delta_sensor_async.py
[2024-04-09T19:09:12.869+0000] {logging_mixin.py:188} INFO - [2024-04-09T19:09:12.869+0000] {dag.py:3096} INFO - Sync 1 DAGs
[2024-04-09T19:09:12.886+0000] {logging_mixin.py:188} INFO - [2024-04-09T19:09:12.886+0000] {dag.py:3954} INFO - Setting next_dagrun for example_time_delta_sensor_async to None, run_after=None
[2024-04-09T19:09:12.909+0000] {processor.py:183} INFO - Processing /home/airflow/.local/lib/python3.12/site-packages/airflow/example_dags/example_time_delta_sensor_async.py took 0.080 seconds
[2024-04-09T19:09:43.483+0000] {processor.py:161} INFO - Started process (PID=9337) to work on /home/airflow/.local/lib/python3.12/site-packages/airflow/example_dags/example_time_delta_sensor_async.py
[2024-04-09T19:09:43.484+0000] {processor.py:830} INFO - Processing file /home/airflow/.local/lib/python3.12/site-packages/airflow/example_dags/example_time_delta_sensor_async.py for tasks to queue
[2024-04-09T19:09:43.486+0000] {logging_mixin.py:188} INFO - [2024-04-09T19:09:43.486+0000] {dagbag.py:540} INFO - Filling up the DagBag from /home/airflow/.local/lib/python3.12/site-packages/airflow/example_dags/example_time_delta_sensor_async.py
[2024-04-09T19:09:43.491+0000] {processor.py:840} INFO - DAG(s) 'example_time_delta_sensor_async' retrieved from /home/airflow/.local/lib/python3.12/site-packages/airflow/example_dags/example_time_delta_sensor_async.py
[2024-04-09T19:09:43.513+0000] {logging_mixin.py:188} INFO - [2024-04-09T19:09:43.513+0000] {dag.py:3096} INFO - Sync 1 DAGs
[2024-04-09T19:09:43.537+0000] {logging_mixin.py:188} INFO - [2024-04-09T19:09:43.536+0000] {dag.py:3954} INFO - Setting next_dagrun for example_time_delta_sensor_async to None, run_after=None
[2024-04-09T19:09:43.588+0000] {processor.py:183} INFO - Processing /home/airflow/.local/lib/python3.12/site-packages/airflow/example_dags/example_time_delta_sensor_async.py took 0.112 seconds
[2024-04-09T19:10:13.808+0000] {processor.py:161} INFO - Started process (PID=9612) to work on /home/airflow/.local/lib/python3.12/site-packages/airflow/example_dags/example_time_delta_sensor_async.py
[2024-04-09T19:10:13.809+0000] {processor.py:830} INFO - Processing file /home/airflow/.local/lib/python3.12/site-packages/airflow/example_dags/example_time_delta_sensor_async.py for tasks to queue
[2024-04-09T19:10:13.810+0000] {logging_mixin.py:188} INFO - [2024-04-09T19:10:13.810+0000] {dagbag.py:540} INFO - Filling up the DagBag from /home/airflow/.local/lib/python3.12/site-packages/airflow/example_dags/example_time_delta_sensor_async.py
[2024-04-09T19:10:13.815+0000] {processor.py:840} INFO - DAG(s) 'example_time_delta_sensor_async' retrieved from /home/airflow/.local/lib/python3.12/site-packages/airflow/example_dags/example_time_delta_sensor_async.py
[2024-04-09T19:10:13.831+0000] {logging_mixin.py:188} INFO - [2024-04-09T19:10:13.831+0000] {dag.py:3096} INFO - Sync 1 DAGs
[2024-04-09T19:10:13.842+0000] {logging_mixin.py:188} INFO - [2024-04-09T19:10:13.842+0000] {dag.py:3954} INFO - Setting next_dagrun for example_time_delta_sensor_async to None, run_after=None
[2024-04-09T19:10:13.862+0000] {processor.py:183} INFO - Processing /home/airflow/.local/lib/python3.12/site-packages/airflow/example_dags/example_time_delta_sensor_async.py took 0.059 seconds
[2024-04-09T19:10:44.677+0000] {processor.py:161} INFO - Started process (PID=9883) to work on /home/airflow/.local/lib/python3.12/site-packages/airflow/example_dags/example_time_delta_sensor_async.py
[2024-04-09T19:10:44.678+0000] {processor.py:830} INFO - Processing file /home/airflow/.local/lib/python3.12/site-packages/airflow/example_dags/example_time_delta_sensor_async.py for tasks to queue
[2024-04-09T19:10:44.680+0000] {logging_mixin.py:188} INFO - [2024-04-09T19:10:44.680+0000] {dagbag.py:540} INFO - Filling up the DagBag from /home/airflow/.local/lib/python3.12/site-packages/airflow/example_dags/example_time_delta_sensor_async.py
[2024-04-09T19:10:44.686+0000] {processor.py:840} INFO - DAG(s) 'example_time_delta_sensor_async' retrieved from /home/airflow/.local/lib/python3.12/site-packages/airflow/example_dags/example_time_delta_sensor_async.py
[2024-04-09T19:10:44.709+0000] {logging_mixin.py:188} INFO - [2024-04-09T19:10:44.709+0000] {dag.py:3096} INFO - Sync 1 DAGs
[2024-04-09T19:10:44.730+0000] {logging_mixin.py:188} INFO - [2024-04-09T19:10:44.730+0000] {dag.py:3954} INFO - Setting next_dagrun for example_time_delta_sensor_async to None, run_after=None
[2024-04-09T19:10:44.753+0000] {processor.py:183} INFO - Processing /home/airflow/.local/lib/python3.12/site-packages/airflow/example_dags/example_time_delta_sensor_async.py took 0.083 seconds
[2024-04-09T19:11:15.598+0000] {processor.py:161} INFO - Started process (PID=10155) to work on /home/airflow/.local/lib/python3.12/site-packages/airflow/example_dags/example_time_delta_sensor_async.py
[2024-04-09T19:11:15.599+0000] {processor.py:830} INFO - Processing file /home/airflow/.local/lib/python3.12/site-packages/airflow/example_dags/example_time_delta_sensor_async.py for tasks to queue
[2024-04-09T19:11:15.604+0000] {logging_mixin.py:188} INFO - [2024-04-09T19:11:15.604+0000] {dagbag.py:540} INFO - Filling up the DagBag from /home/airflow/.local/lib/python3.12/site-packages/airflow/example_dags/example_time_delta_sensor_async.py
[2024-04-09T19:11:15.617+0000] {processor.py:840} INFO - DAG(s) 'example_time_delta_sensor_async' retrieved from /home/airflow/.local/lib/python3.12/site-packages/airflow/example_dags/example_time_delta_sensor_async.py
[2024-04-09T19:11:15.683+0000] {logging_mixin.py:188} INFO - [2024-04-09T19:11:15.682+0000] {dag.py:3096} INFO - Sync 1 DAGs
[2024-04-09T19:11:15.698+0000] {logging_mixin.py:188} INFO - [2024-04-09T19:11:15.697+0000] {dag.py:3954} INFO - Setting next_dagrun for example_time_delta_sensor_async to None, run_after=None
[2024-04-09T19:11:15.718+0000] {processor.py:183} INFO - Processing /home/airflow/.local/lib/python3.12/site-packages/airflow/example_dags/example_time_delta_sensor_async.py took 0.127 seconds
[2024-04-09T19:11:45.978+0000] {processor.py:161} INFO - Started process (PID=10428) to work on /home/airflow/.local/lib/python3.12/site-packages/airflow/example_dags/example_time_delta_sensor_async.py
[2024-04-09T19:11:45.979+0000] {processor.py:830} INFO - Processing file /home/airflow/.local/lib/python3.12/site-packages/airflow/example_dags/example_time_delta_sensor_async.py for tasks to queue
[2024-04-09T19:11:45.987+0000] {logging_mixin.py:188} INFO - [2024-04-09T19:11:45.987+0000] {dagbag.py:540} INFO - Filling up the DagBag from /home/airflow/.local/lib/python3.12/site-packages/airflow/example_dags/example_time_delta_sensor_async.py
[2024-04-09T19:11:45.992+0000] {processor.py:840} INFO - DAG(s) 'example_time_delta_sensor_async' retrieved from /home/airflow/.local/lib/python3.12/site-packages/airflow/example_dags/example_time_delta_sensor_async.py
[2024-04-09T19:11:46.015+0000] {logging_mixin.py:188} INFO - [2024-04-09T19:11:46.015+0000] {dag.py:3096} INFO - Sync 1 DAGs
[2024-04-09T19:11:46.030+0000] {logging_mixin.py:188} INFO - [2024-04-09T19:11:46.030+0000] {dag.py:3954} INFO - Setting next_dagrun for example_time_delta_sensor_async to None, run_after=None
[2024-04-09T19:11:46.053+0000] {processor.py:183} INFO - Processing /home/airflow/.local/lib/python3.12/site-packages/airflow/example_dags/example_time_delta_sensor_async.py took 0.082 seconds
[2024-04-09T19:12:16.862+0000] {processor.py:161} INFO - Started process (PID=10700) to work on /home/airflow/.local/lib/python3.12/site-packages/airflow/example_dags/example_time_delta_sensor_async.py
[2024-04-09T19:12:16.863+0000] {processor.py:830} INFO - Processing file /home/airflow/.local/lib/python3.12/site-packages/airflow/example_dags/example_time_delta_sensor_async.py for tasks to queue
[2024-04-09T19:12:16.865+0000] {logging_mixin.py:188} INFO - [2024-04-09T19:12:16.865+0000] {dagbag.py:540} INFO - Filling up the DagBag from /home/airflow/.local/lib/python3.12/site-packages/airflow/example_dags/example_time_delta_sensor_async.py
[2024-04-09T19:12:16.870+0000] {processor.py:840} INFO - DAG(s) 'example_time_delta_sensor_async' retrieved from /home/airflow/.local/lib/python3.12/site-packages/airflow/example_dags/example_time_delta_sensor_async.py
[2024-04-09T19:12:16.915+0000] {logging_mixin.py:188} INFO - [2024-04-09T19:12:16.914+0000] {dag.py:3096} INFO - Sync 1 DAGs
[2024-04-09T19:12:16.943+0000] {logging_mixin.py:188} INFO - [2024-04-09T19:12:16.943+0000] {dag.py:3954} INFO - Setting next_dagrun for example_time_delta_sensor_async to None, run_after=None
[2024-04-09T19:12:16.978+0000] {processor.py:183} INFO - Processing /home/airflow/.local/lib/python3.12/site-packages/airflow/example_dags/example_time_delta_sensor_async.py took 0.123 seconds
[2024-04-09T19:12:47.607+0000] {processor.py:161} INFO - Started process (PID=10973) to work on /home/airflow/.local/lib/python3.12/site-packages/airflow/example_dags/example_time_delta_sensor_async.py
[2024-04-09T19:12:47.608+0000] {processor.py:830} INFO - Processing file /home/airflow/.local/lib/python3.12/site-packages/airflow/example_dags/example_time_delta_sensor_async.py for tasks to queue
[2024-04-09T19:12:47.610+0000] {logging_mixin.py:188} INFO - [2024-04-09T19:12:47.610+0000] {dagbag.py:540} INFO - Filling up the DagBag from /home/airflow/.local/lib/python3.12/site-packages/airflow/example_dags/example_time_delta_sensor_async.py
[2024-04-09T19:12:47.616+0000] {processor.py:840} INFO - DAG(s) 'example_time_delta_sensor_async' retrieved from /home/airflow/.local/lib/python3.12/site-packages/airflow/example_dags/example_time_delta_sensor_async.py
[2024-04-09T19:12:47.640+0000] {logging_mixin.py:188} INFO - [2024-04-09T19:12:47.639+0000] {dag.py:3096} INFO - Sync 1 DAGs
[2024-04-09T19:12:47.655+0000] {logging_mixin.py:188} INFO - [2024-04-09T19:12:47.655+0000] {dag.py:3954} INFO - Setting next_dagrun for example_time_delta_sensor_async to None, run_after=None
[2024-04-09T19:12:47.686+0000] {processor.py:183} INFO - Processing /home/airflow/.local/lib/python3.12/site-packages/airflow/example_dags/example_time_delta_sensor_async.py took 0.086 seconds
[2024-04-09T19:13:18.414+0000] {processor.py:161} INFO - Started process (PID=11245) to work on /home/airflow/.local/lib/python3.12/site-packages/airflow/example_dags/example_time_delta_sensor_async.py
[2024-04-09T19:13:18.416+0000] {processor.py:830} INFO - Processing file /home/airflow/.local/lib/python3.12/site-packages/airflow/example_dags/example_time_delta_sensor_async.py for tasks to queue
[2024-04-09T19:13:18.418+0000] {logging_mixin.py:188} INFO - [2024-04-09T19:13:18.418+0000] {dagbag.py:540} INFO - Filling up the DagBag from /home/airflow/.local/lib/python3.12/site-packages/airflow/example_dags/example_time_delta_sensor_async.py
[2024-04-09T19:13:18.424+0000] {processor.py:840} INFO - DAG(s) 'example_time_delta_sensor_async' retrieved from /home/airflow/.local/lib/python3.12/site-packages/airflow/example_dags/example_time_delta_sensor_async.py
[2024-04-09T19:13:18.446+0000] {logging_mixin.py:188} INFO - [2024-04-09T19:13:18.446+0000] {dag.py:3096} INFO - Sync 1 DAGs
[2024-04-09T19:13:18.464+0000] {logging_mixin.py:188} INFO - [2024-04-09T19:13:18.463+0000] {dag.py:3954} INFO - Setting next_dagrun for example_time_delta_sensor_async to None, run_after=None
[2024-04-09T19:13:18.485+0000] {processor.py:183} INFO - Processing /home/airflow/.local/lib/python3.12/site-packages/airflow/example_dags/example_time_delta_sensor_async.py took 0.078 seconds
[2024-04-09T19:13:49.022+0000] {processor.py:161} INFO - Started process (PID=11520) to work on /home/airflow/.local/lib/python3.12/site-packages/airflow/example_dags/example_time_delta_sensor_async.py
[2024-04-09T19:13:49.023+0000] {processor.py:830} INFO - Processing file /home/airflow/.local/lib/python3.12/site-packages/airflow/example_dags/example_time_delta_sensor_async.py for tasks to queue
[2024-04-09T19:13:49.026+0000] {logging_mixin.py:188} INFO - [2024-04-09T19:13:49.025+0000] {dagbag.py:540} INFO - Filling up the DagBag from /home/airflow/.local/lib/python3.12/site-packages/airflow/example_dags/example_time_delta_sensor_async.py
[2024-04-09T19:13:49.031+0000] {processor.py:840} INFO - DAG(s) 'example_time_delta_sensor_async' retrieved from /home/airflow/.local/lib/python3.12/site-packages/airflow/example_dags/example_time_delta_sensor_async.py
[2024-04-09T19:13:49.056+0000] {logging_mixin.py:188} INFO - [2024-04-09T19:13:49.056+0000] {dag.py:3096} INFO - Sync 1 DAGs
[2024-04-09T19:13:49.071+0000] {logging_mixin.py:188} INFO - [2024-04-09T19:13:49.070+0000] {dag.py:3954} INFO - Setting next_dagrun for example_time_delta_sensor_async to None, run_after=None
[2024-04-09T19:13:49.095+0000] {processor.py:183} INFO - Processing /home/airflow/.local/lib/python3.12/site-packages/airflow/example_dags/example_time_delta_sensor_async.py took 0.080 seconds
[2024-04-09T19:14:19.906+0000] {processor.py:161} INFO - Started process (PID=11790) to work on /home/airflow/.local/lib/python3.12/site-packages/airflow/example_dags/example_time_delta_sensor_async.py
[2024-04-09T19:14:19.907+0000] {processor.py:830} INFO - Processing file /home/airflow/.local/lib/python3.12/site-packages/airflow/example_dags/example_time_delta_sensor_async.py for tasks to queue
[2024-04-09T19:14:19.909+0000] {logging_mixin.py:188} INFO - [2024-04-09T19:14:19.909+0000] {dagbag.py:540} INFO - Filling up the DagBag from /home/airflow/.local/lib/python3.12/site-packages/airflow/example_dags/example_time_delta_sensor_async.py
[2024-04-09T19:14:19.914+0000] {processor.py:840} INFO - DAG(s) 'example_time_delta_sensor_async' retrieved from /home/airflow/.local/lib/python3.12/site-packages/airflow/example_dags/example_time_delta_sensor_async.py
[2024-04-09T19:14:19.936+0000] {logging_mixin.py:188} INFO - [2024-04-09T19:14:19.936+0000] {dag.py:3096} INFO - Sync 1 DAGs
[2024-04-09T19:14:19.952+0000] {logging_mixin.py:188} INFO - [2024-04-09T19:14:19.952+0000] {dag.py:3954} INFO - Setting next_dagrun for example_time_delta_sensor_async to None, run_after=None
[2024-04-09T19:14:19.978+0000] {processor.py:183} INFO - Processing /home/airflow/.local/lib/python3.12/site-packages/airflow/example_dags/example_time_delta_sensor_async.py took 0.079 seconds
[2024-04-09T19:14:50.156+0000] {processor.py:161} INFO - Started process (PID=12064) to work on /home/airflow/.local/lib/python3.12/site-packages/airflow/example_dags/example_time_delta_sensor_async.py
[2024-04-09T19:14:50.157+0000] {processor.py:830} INFO - Processing file /home/airflow/.local/lib/python3.12/site-packages/airflow/example_dags/example_time_delta_sensor_async.py for tasks to queue
[2024-04-09T19:14:50.158+0000] {logging_mixin.py:188} INFO - [2024-04-09T19:14:50.158+0000] {dagbag.py:540} INFO - Filling up the DagBag from /home/airflow/.local/lib/python3.12/site-packages/airflow/example_dags/example_time_delta_sensor_async.py
[2024-04-09T19:14:50.163+0000] {processor.py:840} INFO - DAG(s) 'example_time_delta_sensor_async' retrieved from /home/airflow/.local/lib/python3.12/site-packages/airflow/example_dags/example_time_delta_sensor_async.py
[2024-04-09T19:14:50.187+0000] {logging_mixin.py:188} INFO - [2024-04-09T19:14:50.186+0000] {dag.py:3096} INFO - Sync 1 DAGs
[2024-04-09T19:14:50.200+0000] {logging_mixin.py:188} INFO - [2024-04-09T19:14:50.200+0000] {dag.py:3954} INFO - Setting next_dagrun for example_time_delta_sensor_async to None, run_after=None
[2024-04-09T19:14:50.225+0000] {processor.py:183} INFO - Processing /home/airflow/.local/lib/python3.12/site-packages/airflow/example_dags/example_time_delta_sensor_async.py took 0.076 seconds
[2024-04-09T19:15:20.445+0000] {processor.py:161} INFO - Started process (PID=12339) to work on /home/airflow/.local/lib/python3.12/site-packages/airflow/example_dags/example_time_delta_sensor_async.py
[2024-04-09T19:15:20.446+0000] {processor.py:830} INFO - Processing file /home/airflow/.local/lib/python3.12/site-packages/airflow/example_dags/example_time_delta_sensor_async.py for tasks to queue
[2024-04-09T19:15:20.447+0000] {logging_mixin.py:188} INFO - [2024-04-09T19:15:20.447+0000] {dagbag.py:540} INFO - Filling up the DagBag from /home/airflow/.local/lib/python3.12/site-packages/airflow/example_dags/example_time_delta_sensor_async.py
[2024-04-09T19:15:20.451+0000] {processor.py:840} INFO - DAG(s) 'example_time_delta_sensor_async' retrieved from /home/airflow/.local/lib/python3.12/site-packages/airflow/example_dags/example_time_delta_sensor_async.py
[2024-04-09T19:15:20.468+0000] {logging_mixin.py:188} INFO - [2024-04-09T19:15:20.468+0000] {dag.py:3096} INFO - Sync 1 DAGs
[2024-04-09T19:15:20.484+0000] {logging_mixin.py:188} INFO - [2024-04-09T19:15:20.484+0000] {dag.py:3954} INFO - Setting next_dagrun for example_time_delta_sensor_async to None, run_after=None
[2024-04-09T19:15:20.506+0000] {processor.py:183} INFO - Processing /home/airflow/.local/lib/python3.12/site-packages/airflow/example_dags/example_time_delta_sensor_async.py took 0.066 seconds
[2024-04-09T19:15:51.045+0000] {processor.py:161} INFO - Started process (PID=12609) to work on /home/airflow/.local/lib/python3.12/site-packages/airflow/example_dags/example_time_delta_sensor_async.py
[2024-04-09T19:15:51.048+0000] {processor.py:830} INFO - Processing file /home/airflow/.local/lib/python3.12/site-packages/airflow/example_dags/example_time_delta_sensor_async.py for tasks to queue
[2024-04-09T19:15:51.050+0000] {logging_mixin.py:188} INFO - [2024-04-09T19:15:51.050+0000] {dagbag.py:540} INFO - Filling up the DagBag from /home/airflow/.local/lib/python3.12/site-packages/airflow/example_dags/example_time_delta_sensor_async.py
[2024-04-09T19:15:51.056+0000] {processor.py:840} INFO - DAG(s) 'example_time_delta_sensor_async' retrieved from /home/airflow/.local/lib/python3.12/site-packages/airflow/example_dags/example_time_delta_sensor_async.py
[2024-04-09T19:15:51.077+0000] {logging_mixin.py:188} INFO - [2024-04-09T19:15:51.077+0000] {dag.py:3096} INFO - Sync 1 DAGs
[2024-04-09T19:15:51.092+0000] {logging_mixin.py:188} INFO - [2024-04-09T19:15:51.092+0000] {dag.py:3954} INFO - Setting next_dagrun for example_time_delta_sensor_async to None, run_after=None
[2024-04-09T19:15:51.118+0000] {processor.py:183} INFO - Processing /home/airflow/.local/lib/python3.12/site-packages/airflow/example_dags/example_time_delta_sensor_async.py took 0.084 seconds
[2024-04-09T19:16:21.179+0000] {processor.py:161} INFO - Started process (PID=12877) to work on /home/airflow/.local/lib/python3.12/site-packages/airflow/example_dags/example_time_delta_sensor_async.py
[2024-04-09T19:16:21.180+0000] {processor.py:830} INFO - Processing file /home/airflow/.local/lib/python3.12/site-packages/airflow/example_dags/example_time_delta_sensor_async.py for tasks to queue
[2024-04-09T19:16:21.182+0000] {logging_mixin.py:188} INFO - [2024-04-09T19:16:21.182+0000] {dagbag.py:540} INFO - Filling up the DagBag from /home/airflow/.local/lib/python3.12/site-packages/airflow/example_dags/example_time_delta_sensor_async.py
[2024-04-09T19:16:21.187+0000] {processor.py:840} INFO - DAG(s) 'example_time_delta_sensor_async' retrieved from /home/airflow/.local/lib/python3.12/site-packages/airflow/example_dags/example_time_delta_sensor_async.py
[2024-04-09T19:16:21.209+0000] {logging_mixin.py:188} INFO - [2024-04-09T19:16:21.209+0000] {dag.py:3096} INFO - Sync 1 DAGs
[2024-04-09T19:16:21.225+0000] {logging_mixin.py:188} INFO - [2024-04-09T19:16:21.224+0000] {dag.py:3954} INFO - Setting next_dagrun for example_time_delta_sensor_async to None, run_after=None
[2024-04-09T19:16:21.250+0000] {processor.py:183} INFO - Processing /home/airflow/.local/lib/python3.12/site-packages/airflow/example_dags/example_time_delta_sensor_async.py took 0.078 seconds
[2024-04-09T19:16:51.319+0000] {processor.py:161} INFO - Started process (PID=13149) to work on /home/airflow/.local/lib/python3.12/site-packages/airflow/example_dags/example_time_delta_sensor_async.py
[2024-04-09T19:16:51.321+0000] {processor.py:830} INFO - Processing file /home/airflow/.local/lib/python3.12/site-packages/airflow/example_dags/example_time_delta_sensor_async.py for tasks to queue
[2024-04-09T19:16:51.323+0000] {logging_mixin.py:188} INFO - [2024-04-09T19:16:51.322+0000] {dagbag.py:540} INFO - Filling up the DagBag from /home/airflow/.local/lib/python3.12/site-packages/airflow/example_dags/example_time_delta_sensor_async.py
[2024-04-09T19:16:51.328+0000] {processor.py:840} INFO - DAG(s) 'example_time_delta_sensor_async' retrieved from /home/airflow/.local/lib/python3.12/site-packages/airflow/example_dags/example_time_delta_sensor_async.py
[2024-04-09T19:16:51.349+0000] {logging_mixin.py:188} INFO - [2024-04-09T19:16:51.348+0000] {dag.py:3096} INFO - Sync 1 DAGs
[2024-04-09T19:16:51.363+0000] {logging_mixin.py:188} INFO - [2024-04-09T19:16:51.363+0000] {dag.py:3954} INFO - Setting next_dagrun for example_time_delta_sensor_async to None, run_after=None
[2024-04-09T19:16:51.388+0000] {processor.py:183} INFO - Processing /home/airflow/.local/lib/python3.12/site-packages/airflow/example_dags/example_time_delta_sensor_async.py took 0.077 seconds
[2024-04-09T19:17:21.859+0000] {processor.py:161} INFO - Started process (PID=13428) to work on /home/airflow/.local/lib/python3.12/site-packages/airflow/example_dags/example_time_delta_sensor_async.py
[2024-04-09T19:17:21.860+0000] {processor.py:830} INFO - Processing file /home/airflow/.local/lib/python3.12/site-packages/airflow/example_dags/example_time_delta_sensor_async.py for tasks to queue
[2024-04-09T19:17:21.861+0000] {logging_mixin.py:188} INFO - [2024-04-09T19:17:21.861+0000] {dagbag.py:540} INFO - Filling up the DagBag from /home/airflow/.local/lib/python3.12/site-packages/airflow/example_dags/example_time_delta_sensor_async.py
[2024-04-09T19:17:21.865+0000] {processor.py:840} INFO - DAG(s) 'example_time_delta_sensor_async' retrieved from /home/airflow/.local/lib/python3.12/site-packages/airflow/example_dags/example_time_delta_sensor_async.py
[2024-04-09T19:17:21.881+0000] {logging_mixin.py:188} INFO - [2024-04-09T19:17:21.881+0000] {dag.py:3096} INFO - Sync 1 DAGs
[2024-04-09T19:17:21.892+0000] {logging_mixin.py:188} INFO - [2024-04-09T19:17:21.892+0000] {dag.py:3954} INFO - Setting next_dagrun for example_time_delta_sensor_async to None, run_after=None
[2024-04-09T19:17:21.912+0000] {processor.py:183} INFO - Processing /home/airflow/.local/lib/python3.12/site-packages/airflow/example_dags/example_time_delta_sensor_async.py took 0.058 seconds
[2024-04-09T19:17:52.370+0000] {processor.py:161} INFO - Started process (PID=13698) to work on /home/airflow/.local/lib/python3.12/site-packages/airflow/example_dags/example_time_delta_sensor_async.py
[2024-04-09T19:17:52.371+0000] {processor.py:830} INFO - Processing file /home/airflow/.local/lib/python3.12/site-packages/airflow/example_dags/example_time_delta_sensor_async.py for tasks to queue
[2024-04-09T19:17:52.373+0000] {logging_mixin.py:188} INFO - [2024-04-09T19:17:52.373+0000] {dagbag.py:540} INFO - Filling up the DagBag from /home/airflow/.local/lib/python3.12/site-packages/airflow/example_dags/example_time_delta_sensor_async.py
[2024-04-09T19:17:52.378+0000] {processor.py:840} INFO - DAG(s) 'example_time_delta_sensor_async' retrieved from /home/airflow/.local/lib/python3.12/site-packages/airflow/example_dags/example_time_delta_sensor_async.py
[2024-04-09T19:17:52.394+0000] {logging_mixin.py:188} INFO - [2024-04-09T19:17:52.394+0000] {dag.py:3096} INFO - Sync 1 DAGs
[2024-04-09T19:17:52.405+0000] {logging_mixin.py:188} INFO - [2024-04-09T19:17:52.405+0000] {dag.py:3954} INFO - Setting next_dagrun for example_time_delta_sensor_async to None, run_after=None
[2024-04-09T19:17:52.423+0000] {processor.py:183} INFO - Processing /home/airflow/.local/lib/python3.12/site-packages/airflow/example_dags/example_time_delta_sensor_async.py took 0.060 seconds
[2024-04-09T19:18:22.552+0000] {processor.py:161} INFO - Started process (PID=13972) to work on /home/airflow/.local/lib/python3.12/site-packages/airflow/example_dags/example_time_delta_sensor_async.py
[2024-04-09T19:18:22.552+0000] {processor.py:830} INFO - Processing file /home/airflow/.local/lib/python3.12/site-packages/airflow/example_dags/example_time_delta_sensor_async.py for tasks to queue
[2024-04-09T19:18:22.554+0000] {logging_mixin.py:188} INFO - [2024-04-09T19:18:22.554+0000] {dagbag.py:540} INFO - Filling up the DagBag from /home/airflow/.local/lib/python3.12/site-packages/airflow/example_dags/example_time_delta_sensor_async.py
[2024-04-09T19:18:22.557+0000] {processor.py:840} INFO - DAG(s) 'example_time_delta_sensor_async' retrieved from /home/airflow/.local/lib/python3.12/site-packages/airflow/example_dags/example_time_delta_sensor_async.py
[2024-04-09T19:18:22.573+0000] {logging_mixin.py:188} INFO - [2024-04-09T19:18:22.573+0000] {dag.py:3096} INFO - Sync 1 DAGs
[2024-04-09T19:18:22.585+0000] {logging_mixin.py:188} INFO - [2024-04-09T19:18:22.585+0000] {dag.py:3954} INFO - Setting next_dagrun for example_time_delta_sensor_async to None, run_after=None
[2024-04-09T19:18:22.604+0000] {processor.py:183} INFO - Processing /home/airflow/.local/lib/python3.12/site-packages/airflow/example_dags/example_time_delta_sensor_async.py took 0.057 seconds
[2024-04-09T19:18:53.345+0000] {processor.py:161} INFO - Started process (PID=14242) to work on /home/airflow/.local/lib/python3.12/site-packages/airflow/example_dags/example_time_delta_sensor_async.py
[2024-04-09T19:18:53.347+0000] {processor.py:830} INFO - Processing file /home/airflow/.local/lib/python3.12/site-packages/airflow/example_dags/example_time_delta_sensor_async.py for tasks to queue
[2024-04-09T19:18:53.349+0000] {logging_mixin.py:188} INFO - [2024-04-09T19:18:53.348+0000] {dagbag.py:540} INFO - Filling up the DagBag from /home/airflow/.local/lib/python3.12/site-packages/airflow/example_dags/example_time_delta_sensor_async.py
[2024-04-09T19:18:53.354+0000] {processor.py:840} INFO - DAG(s) 'example_time_delta_sensor_async' retrieved from /home/airflow/.local/lib/python3.12/site-packages/airflow/example_dags/example_time_delta_sensor_async.py
[2024-04-09T19:18:53.377+0000] {logging_mixin.py:188} INFO - [2024-04-09T19:18:53.376+0000] {dag.py:3096} INFO - Sync 1 DAGs
[2024-04-09T19:18:53.393+0000] {logging_mixin.py:188} INFO - [2024-04-09T19:18:53.393+0000] {dag.py:3954} INFO - Setting next_dagrun for example_time_delta_sensor_async to None, run_after=None
[2024-04-09T19:18:53.415+0000] {processor.py:183} INFO - Processing /home/airflow/.local/lib/python3.12/site-packages/airflow/example_dags/example_time_delta_sensor_async.py took 0.077 seconds
[2024-04-09T19:19:23.572+0000] {processor.py:161} INFO - Started process (PID=14513) to work on /home/airflow/.local/lib/python3.12/site-packages/airflow/example_dags/example_time_delta_sensor_async.py
[2024-04-09T19:19:23.573+0000] {processor.py:830} INFO - Processing file /home/airflow/.local/lib/python3.12/site-packages/airflow/example_dags/example_time_delta_sensor_async.py for tasks to queue
[2024-04-09T19:19:23.575+0000] {logging_mixin.py:188} INFO - [2024-04-09T19:19:23.575+0000] {dagbag.py:540} INFO - Filling up the DagBag from /home/airflow/.local/lib/python3.12/site-packages/airflow/example_dags/example_time_delta_sensor_async.py
[2024-04-09T19:19:23.579+0000] {processor.py:840} INFO - DAG(s) 'example_time_delta_sensor_async' retrieved from /home/airflow/.local/lib/python3.12/site-packages/airflow/example_dags/example_time_delta_sensor_async.py
[2024-04-09T19:19:23.602+0000] {logging_mixin.py:188} INFO - [2024-04-09T19:19:23.602+0000] {dag.py:3096} INFO - Sync 1 DAGs
[2024-04-09T19:19:23.617+0000] {logging_mixin.py:188} INFO - [2024-04-09T19:19:23.617+0000] {dag.py:3954} INFO - Setting next_dagrun for example_time_delta_sensor_async to None, run_after=None
[2024-04-09T19:19:23.651+0000] {processor.py:183} INFO - Processing /home/airflow/.local/lib/python3.12/site-packages/airflow/example_dags/example_time_delta_sensor_async.py took 0.085 seconds
[2024-04-09T19:19:54.345+0000] {processor.py:161} INFO - Started process (PID=14788) to work on /home/airflow/.local/lib/python3.12/site-packages/airflow/example_dags/example_time_delta_sensor_async.py
[2024-04-09T19:19:54.346+0000] {processor.py:830} INFO - Processing file /home/airflow/.local/lib/python3.12/site-packages/airflow/example_dags/example_time_delta_sensor_async.py for tasks to queue
[2024-04-09T19:19:54.348+0000] {logging_mixin.py:188} INFO - [2024-04-09T19:19:54.348+0000] {dagbag.py:540} INFO - Filling up the DagBag from /home/airflow/.local/lib/python3.12/site-packages/airflow/example_dags/example_time_delta_sensor_async.py
[2024-04-09T19:19:54.353+0000] {processor.py:840} INFO - DAG(s) 'example_time_delta_sensor_async' retrieved from /home/airflow/.local/lib/python3.12/site-packages/airflow/example_dags/example_time_delta_sensor_async.py
[2024-04-09T19:19:54.377+0000] {logging_mixin.py:188} INFO - [2024-04-09T19:19:54.376+0000] {dag.py:3096} INFO - Sync 1 DAGs
[2024-04-09T19:19:54.393+0000] {logging_mixin.py:188} INFO - [2024-04-09T19:19:54.392+0000] {dag.py:3954} INFO - Setting next_dagrun for example_time_delta_sensor_async to None, run_after=None
[2024-04-09T19:19:54.420+0000] {processor.py:183} INFO - Processing /home/airflow/.local/lib/python3.12/site-packages/airflow/example_dags/example_time_delta_sensor_async.py took 0.083 seconds
[2024-04-09T19:20:24.723+0000] {processor.py:161} INFO - Started process (PID=15059) to work on /home/airflow/.local/lib/python3.12/site-packages/airflow/example_dags/example_time_delta_sensor_async.py
[2024-04-09T19:20:24.725+0000] {processor.py:830} INFO - Processing file /home/airflow/.local/lib/python3.12/site-packages/airflow/example_dags/example_time_delta_sensor_async.py for tasks to queue
[2024-04-09T19:20:24.727+0000] {logging_mixin.py:188} INFO - [2024-04-09T19:20:24.727+0000] {dagbag.py:540} INFO - Filling up the DagBag from /home/airflow/.local/lib/python3.12/site-packages/airflow/example_dags/example_time_delta_sensor_async.py
[2024-04-09T19:20:24.732+0000] {processor.py:840} INFO - DAG(s) 'example_time_delta_sensor_async' retrieved from /home/airflow/.local/lib/python3.12/site-packages/airflow/example_dags/example_time_delta_sensor_async.py
[2024-04-09T19:20:24.756+0000] {logging_mixin.py:188} INFO - [2024-04-09T19:20:24.755+0000] {dag.py:3096} INFO - Sync 1 DAGs
[2024-04-09T19:20:24.772+0000] {logging_mixin.py:188} INFO - [2024-04-09T19:20:24.772+0000] {dag.py:3954} INFO - Setting next_dagrun for example_time_delta_sensor_async to None, run_after=None
[2024-04-09T19:20:24.794+0000] {processor.py:183} INFO - Processing /home/airflow/.local/lib/python3.12/site-packages/airflow/example_dags/example_time_delta_sensor_async.py took 0.078 seconds
[2024-04-09T19:20:55.594+0000] {processor.py:161} INFO - Started process (PID=15333) to work on /home/airflow/.local/lib/python3.12/site-packages/airflow/example_dags/example_time_delta_sensor_async.py
[2024-04-09T19:20:55.594+0000] {processor.py:830} INFO - Processing file /home/airflow/.local/lib/python3.12/site-packages/airflow/example_dags/example_time_delta_sensor_async.py for tasks to queue
[2024-04-09T19:20:55.596+0000] {logging_mixin.py:188} INFO - [2024-04-09T19:20:55.595+0000] {dagbag.py:540} INFO - Filling up the DagBag from /home/airflow/.local/lib/python3.12/site-packages/airflow/example_dags/example_time_delta_sensor_async.py
[2024-04-09T19:20:55.600+0000] {processor.py:840} INFO - DAG(s) 'example_time_delta_sensor_async' retrieved from /home/airflow/.local/lib/python3.12/site-packages/airflow/example_dags/example_time_delta_sensor_async.py
[2024-04-09T19:20:55.616+0000] {logging_mixin.py:188} INFO - [2024-04-09T19:20:55.616+0000] {dag.py:3096} INFO - Sync 1 DAGs
[2024-04-09T19:20:55.626+0000] {logging_mixin.py:188} INFO - [2024-04-09T19:20:55.626+0000] {dag.py:3954} INFO - Setting next_dagrun for example_time_delta_sensor_async to None, run_after=None
[2024-04-09T19:20:55.645+0000] {processor.py:183} INFO - Processing /home/airflow/.local/lib/python3.12/site-packages/airflow/example_dags/example_time_delta_sensor_async.py took 0.057 seconds
[2024-04-09T19:21:26.173+0000] {processor.py:161} INFO - Started process (PID=15606) to work on /home/airflow/.local/lib/python3.12/site-packages/airflow/example_dags/example_time_delta_sensor_async.py
[2024-04-09T19:21:26.174+0000] {processor.py:830} INFO - Processing file /home/airflow/.local/lib/python3.12/site-packages/airflow/example_dags/example_time_delta_sensor_async.py for tasks to queue
[2024-04-09T19:21:26.175+0000] {logging_mixin.py:188} INFO - [2024-04-09T19:21:26.175+0000] {dagbag.py:540} INFO - Filling up the DagBag from /home/airflow/.local/lib/python3.12/site-packages/airflow/example_dags/example_time_delta_sensor_async.py
[2024-04-09T19:21:26.179+0000] {processor.py:840} INFO - DAG(s) 'example_time_delta_sensor_async' retrieved from /home/airflow/.local/lib/python3.12/site-packages/airflow/example_dags/example_time_delta_sensor_async.py
[2024-04-09T19:21:26.197+0000] {logging_mixin.py:188} INFO - [2024-04-09T19:21:26.197+0000] {dag.py:3096} INFO - Sync 1 DAGs
[2024-04-09T19:21:26.207+0000] {logging_mixin.py:188} INFO - [2024-04-09T19:21:26.207+0000] {dag.py:3954} INFO - Setting next_dagrun for example_time_delta_sensor_async to None, run_after=None
[2024-04-09T19:21:26.227+0000] {processor.py:183} INFO - Processing /home/airflow/.local/lib/python3.12/site-packages/airflow/example_dags/example_time_delta_sensor_async.py took 0.059 seconds
[2024-04-09T19:21:56.594+0000] {processor.py:161} INFO - Started process (PID=15878) to work on /home/airflow/.local/lib/python3.12/site-packages/airflow/example_dags/example_time_delta_sensor_async.py
[2024-04-09T19:21:56.594+0000] {processor.py:830} INFO - Processing file /home/airflow/.local/lib/python3.12/site-packages/airflow/example_dags/example_time_delta_sensor_async.py for tasks to queue
[2024-04-09T19:21:56.596+0000] {logging_mixin.py:188} INFO - [2024-04-09T19:21:56.596+0000] {dagbag.py:540} INFO - Filling up the DagBag from /home/airflow/.local/lib/python3.12/site-packages/airflow/example_dags/example_time_delta_sensor_async.py
[2024-04-09T19:21:56.600+0000] {processor.py:840} INFO - DAG(s) 'example_time_delta_sensor_async' retrieved from /home/airflow/.local/lib/python3.12/site-packages/airflow/example_dags/example_time_delta_sensor_async.py
[2024-04-09T19:21:56.616+0000] {logging_mixin.py:188} INFO - [2024-04-09T19:21:56.616+0000] {dag.py:3096} INFO - Sync 1 DAGs
[2024-04-09T19:21:56.627+0000] {logging_mixin.py:188} INFO - [2024-04-09T19:21:56.627+0000] {dag.py:3954} INFO - Setting next_dagrun for example_time_delta_sensor_async to None, run_after=None
[2024-04-09T19:21:56.648+0000] {processor.py:183} INFO - Processing /home/airflow/.local/lib/python3.12/site-packages/airflow/example_dags/example_time_delta_sensor_async.py took 0.060 seconds
[2024-04-09T19:22:27.121+0000] {processor.py:161} INFO - Started process (PID=16148) to work on /home/airflow/.local/lib/python3.12/site-packages/airflow/example_dags/example_time_delta_sensor_async.py
[2024-04-09T19:22:27.122+0000] {processor.py:830} INFO - Processing file /home/airflow/.local/lib/python3.12/site-packages/airflow/example_dags/example_time_delta_sensor_async.py for tasks to queue
[2024-04-09T19:22:27.125+0000] {logging_mixin.py:188} INFO - [2024-04-09T19:22:27.124+0000] {dagbag.py:540} INFO - Filling up the DagBag from /home/airflow/.local/lib/python3.12/site-packages/airflow/example_dags/example_time_delta_sensor_async.py
[2024-04-09T19:22:27.130+0000] {processor.py:840} INFO - DAG(s) 'example_time_delta_sensor_async' retrieved from /home/airflow/.local/lib/python3.12/site-packages/airflow/example_dags/example_time_delta_sensor_async.py
[2024-04-09T19:22:27.153+0000] {logging_mixin.py:188} INFO - [2024-04-09T19:22:27.153+0000] {dag.py:3096} INFO - Sync 1 DAGs
[2024-04-09T19:22:27.167+0000] {logging_mixin.py:188} INFO - [2024-04-09T19:22:27.167+0000] {dag.py:3954} INFO - Setting next_dagrun for example_time_delta_sensor_async to None, run_after=None
[2024-04-09T19:22:27.190+0000] {processor.py:183} INFO - Processing /home/airflow/.local/lib/python3.12/site-packages/airflow/example_dags/example_time_delta_sensor_async.py took 0.076 seconds
[2024-04-09T19:22:57.822+0000] {processor.py:161} INFO - Started process (PID=16420) to work on /home/airflow/.local/lib/python3.12/site-packages/airflow/example_dags/example_time_delta_sensor_async.py
[2024-04-09T19:22:57.823+0000] {processor.py:830} INFO - Processing file /home/airflow/.local/lib/python3.12/site-packages/airflow/example_dags/example_time_delta_sensor_async.py for tasks to queue
[2024-04-09T19:22:57.825+0000] {logging_mixin.py:188} INFO - [2024-04-09T19:22:57.824+0000] {dagbag.py:540} INFO - Filling up the DagBag from /home/airflow/.local/lib/python3.12/site-packages/airflow/example_dags/example_time_delta_sensor_async.py
[2024-04-09T19:22:57.829+0000] {processor.py:840} INFO - DAG(s) 'example_time_delta_sensor_async' retrieved from /home/airflow/.local/lib/python3.12/site-packages/airflow/example_dags/example_time_delta_sensor_async.py
[2024-04-09T19:22:57.850+0000] {logging_mixin.py:188} INFO - [2024-04-09T19:22:57.850+0000] {dag.py:3096} INFO - Sync 1 DAGs
[2024-04-09T19:22:57.873+0000] {logging_mixin.py:188} INFO - [2024-04-09T19:22:57.873+0000] {dag.py:3954} INFO - Setting next_dagrun for example_time_delta_sensor_async to None, run_after=None
[2024-04-09T19:22:57.920+0000] {processor.py:183} INFO - Processing /home/airflow/.local/lib/python3.12/site-packages/airflow/example_dags/example_time_delta_sensor_async.py took 0.104 seconds
[2024-04-09T19:23:28.208+0000] {processor.py:161} INFO - Started process (PID=16687) to work on /home/airflow/.local/lib/python3.12/site-packages/airflow/example_dags/example_time_delta_sensor_async.py
[2024-04-09T19:23:28.209+0000] {processor.py:830} INFO - Processing file /home/airflow/.local/lib/python3.12/site-packages/airflow/example_dags/example_time_delta_sensor_async.py for tasks to queue
[2024-04-09T19:23:28.211+0000] {logging_mixin.py:188} INFO - [2024-04-09T19:23:28.211+0000] {dagbag.py:540} INFO - Filling up the DagBag from /home/airflow/.local/lib/python3.12/site-packages/airflow/example_dags/example_time_delta_sensor_async.py
[2024-04-09T19:23:28.217+0000] {processor.py:840} INFO - DAG(s) 'example_time_delta_sensor_async' retrieved from /home/airflow/.local/lib/python3.12/site-packages/airflow/example_dags/example_time_delta_sensor_async.py
[2024-04-09T19:23:28.238+0000] {logging_mixin.py:188} INFO - [2024-04-09T19:23:28.238+0000] {dag.py:3096} INFO - Sync 1 DAGs
[2024-04-09T19:23:28.255+0000] {logging_mixin.py:188} INFO - [2024-04-09T19:23:28.254+0000] {dag.py:3954} INFO - Setting next_dagrun for example_time_delta_sensor_async to None, run_after=None
[2024-04-09T19:23:28.281+0000] {processor.py:183} INFO - Processing /home/airflow/.local/lib/python3.12/site-packages/airflow/example_dags/example_time_delta_sensor_async.py took 0.080 seconds
