[2024-04-09T18:50:54.122+0000] {processor.py:161} INFO - Started process (PID=262) to work on /home/airflow/.local/lib/python3.12/site-packages/airflow/example_dags/example_short_circuit_operator.py
[2024-04-09T18:50:54.132+0000] {processor.py:830} INFO - Processing file /home/airflow/.local/lib/python3.12/site-packages/airflow/example_dags/example_short_circuit_operator.py for tasks to queue
[2024-04-09T18:50:54.134+0000] {logging_mixin.py:188} INFO - [2024-04-09T18:50:54.134+0000] {dagbag.py:540} INFO - Filling up the DagBag from /home/airflow/.local/lib/python3.12/site-packages/airflow/example_dags/example_short_circuit_operator.py
[2024-04-09T18:50:54.168+0000] {processor.py:840} INFO - DAG(s) 'example_short_circuit_operator' retrieved from /home/airflow/.local/lib/python3.12/site-packages/airflow/example_dags/example_short_circuit_operator.py
[2024-04-09T18:50:54.436+0000] {logging_mixin.py:188} INFO - [2024-04-09T18:50:54.435+0000] {override.py:1829} INFO - Created Permission View: can edit on DAG:example_short_circuit_operator
[2024-04-09T18:50:54.456+0000] {logging_mixin.py:188} INFO - [2024-04-09T18:50:54.456+0000] {override.py:1829} INFO - Created Permission View: can delete on DAG:example_short_circuit_operator
[2024-04-09T18:50:54.476+0000] {logging_mixin.py:188} INFO - [2024-04-09T18:50:54.476+0000] {override.py:1829} INFO - Created Permission View: can read on DAG:example_short_circuit_operator
[2024-04-09T18:50:54.478+0000] {logging_mixin.py:188} INFO - [2024-04-09T18:50:54.477+0000] {dag.py:3096} INFO - Sync 1 DAGs
[2024-04-09T18:50:54.494+0000] {logging_mixin.py:188} INFO - [2024-04-09T18:50:54.494+0000] {dag.py:3118} INFO - Creating ORM DAG for example_short_circuit_operator
[2024-04-09T18:50:54.510+0000] {logging_mixin.py:188} INFO - [2024-04-09T18:50:54.510+0000] {dag.py:3954} INFO - Setting next_dagrun for example_short_circuit_operator to 2024-04-08 00:00:00+00:00, run_after=2024-04-09 00:00:00+00:00
[2024-04-09T18:50:54.638+0000] {processor.py:183} INFO - Processing /home/airflow/.local/lib/python3.12/site-packages/airflow/example_dags/example_short_circuit_operator.py took 0.536 seconds
[2024-04-09T18:51:25.144+0000] {processor.py:161} INFO - Started process (PID=531) to work on /home/airflow/.local/lib/python3.12/site-packages/airflow/example_dags/example_short_circuit_operator.py
[2024-04-09T18:51:25.145+0000] {processor.py:830} INFO - Processing file /home/airflow/.local/lib/python3.12/site-packages/airflow/example_dags/example_short_circuit_operator.py for tasks to queue
[2024-04-09T18:51:25.147+0000] {logging_mixin.py:188} INFO - [2024-04-09T18:51:25.147+0000] {dagbag.py:540} INFO - Filling up the DagBag from /home/airflow/.local/lib/python3.12/site-packages/airflow/example_dags/example_short_circuit_operator.py
[2024-04-09T18:51:25.155+0000] {processor.py:840} INFO - DAG(s) 'example_short_circuit_operator' retrieved from /home/airflow/.local/lib/python3.12/site-packages/airflow/example_dags/example_short_circuit_operator.py
[2024-04-09T18:51:25.182+0000] {logging_mixin.py:188} INFO - [2024-04-09T18:51:25.182+0000] {dag.py:3096} INFO - Sync 1 DAGs
[2024-04-09T18:51:25.211+0000] {logging_mixin.py:188} INFO - [2024-04-09T18:51:25.211+0000] {dag.py:3954} INFO - Setting next_dagrun for example_short_circuit_operator to 2024-04-08 00:00:00+00:00, run_after=2024-04-09 00:00:00+00:00
[2024-04-09T18:51:25.235+0000] {processor.py:183} INFO - Processing /home/airflow/.local/lib/python3.12/site-packages/airflow/example_dags/example_short_circuit_operator.py took 0.099 seconds
[2024-04-09T18:52:33.457+0000] {processor.py:161} INFO - Started process (PID=262) to work on /home/airflow/.local/lib/python3.12/site-packages/airflow/example_dags/example_short_circuit_operator.py
[2024-04-09T18:52:33.464+0000] {processor.py:830} INFO - Processing file /home/airflow/.local/lib/python3.12/site-packages/airflow/example_dags/example_short_circuit_operator.py for tasks to queue
[2024-04-09T18:52:33.466+0000] {logging_mixin.py:188} INFO - [2024-04-09T18:52:33.466+0000] {dagbag.py:540} INFO - Filling up the DagBag from /home/airflow/.local/lib/python3.12/site-packages/airflow/example_dags/example_short_circuit_operator.py
[2024-04-09T18:52:33.493+0000] {processor.py:840} INFO - DAG(s) 'example_short_circuit_operator' retrieved from /home/airflow/.local/lib/python3.12/site-packages/airflow/example_dags/example_short_circuit_operator.py
[2024-04-09T18:52:33.868+0000] {logging_mixin.py:188} INFO - [2024-04-09T18:52:33.867+0000] {dag.py:3096} INFO - Sync 1 DAGs
[2024-04-09T18:52:33.949+0000] {logging_mixin.py:188} INFO - [2024-04-09T18:52:33.948+0000] {dag.py:3954} INFO - Setting next_dagrun for example_short_circuit_operator to 2024-04-08 00:00:00+00:00, run_after=2024-04-09 00:00:00+00:00
[2024-04-09T18:52:33.994+0000] {processor.py:183} INFO - Processing /home/airflow/.local/lib/python3.12/site-packages/airflow/example_dags/example_short_circuit_operator.py took 0.547 seconds
[2024-04-09T18:53:04.499+0000] {processor.py:161} INFO - Started process (PID=524) to work on /home/airflow/.local/lib/python3.12/site-packages/airflow/example_dags/example_short_circuit_operator.py
[2024-04-09T18:53:04.500+0000] {processor.py:830} INFO - Processing file /home/airflow/.local/lib/python3.12/site-packages/airflow/example_dags/example_short_circuit_operator.py for tasks to queue
[2024-04-09T18:53:04.502+0000] {logging_mixin.py:188} INFO - [2024-04-09T18:53:04.502+0000] {dagbag.py:540} INFO - Filling up the DagBag from /home/airflow/.local/lib/python3.12/site-packages/airflow/example_dags/example_short_circuit_operator.py
[2024-04-09T18:53:04.511+0000] {processor.py:840} INFO - DAG(s) 'example_short_circuit_operator' retrieved from /home/airflow/.local/lib/python3.12/site-packages/airflow/example_dags/example_short_circuit_operator.py
[2024-04-09T18:53:04.541+0000] {logging_mixin.py:188} INFO - [2024-04-09T18:53:04.540+0000] {dag.py:3096} INFO - Sync 1 DAGs
[2024-04-09T18:53:04.568+0000] {logging_mixin.py:188} INFO - [2024-04-09T18:53:04.567+0000] {dag.py:3954} INFO - Setting next_dagrun for example_short_circuit_operator to 2024-04-08 00:00:00+00:00, run_after=2024-04-09 00:00:00+00:00
[2024-04-09T18:53:04.593+0000] {processor.py:183} INFO - Processing /home/airflow/.local/lib/python3.12/site-packages/airflow/example_dags/example_short_circuit_operator.py took 0.101 seconds
[2024-04-09T18:53:35.004+0000] {processor.py:161} INFO - Started process (PID=784) to work on /home/airflow/.local/lib/python3.12/site-packages/airflow/example_dags/example_short_circuit_operator.py
[2024-04-09T18:53:35.005+0000] {processor.py:830} INFO - Processing file /home/airflow/.local/lib/python3.12/site-packages/airflow/example_dags/example_short_circuit_operator.py for tasks to queue
[2024-04-09T18:53:35.010+0000] {logging_mixin.py:188} INFO - [2024-04-09T18:53:35.010+0000] {dagbag.py:540} INFO - Filling up the DagBag from /home/airflow/.local/lib/python3.12/site-packages/airflow/example_dags/example_short_circuit_operator.py
[2024-04-09T18:53:35.027+0000] {processor.py:840} INFO - DAG(s) 'example_short_circuit_operator' retrieved from /home/airflow/.local/lib/python3.12/site-packages/airflow/example_dags/example_short_circuit_operator.py
[2024-04-09T18:53:35.123+0000] {logging_mixin.py:188} INFO - [2024-04-09T18:53:35.122+0000] {dag.py:3096} INFO - Sync 1 DAGs
[2024-04-09T18:53:35.148+0000] {logging_mixin.py:188} INFO - [2024-04-09T18:53:35.148+0000] {dag.py:3954} INFO - Setting next_dagrun for example_short_circuit_operator to 2024-04-08 00:00:00+00:00, run_after=2024-04-09 00:00:00+00:00
[2024-04-09T18:53:35.172+0000] {processor.py:183} INFO - Processing /home/airflow/.local/lib/python3.12/site-packages/airflow/example_dags/example_short_circuit_operator.py took 0.178 seconds
[2024-04-09T18:54:06.064+0000] {processor.py:161} INFO - Started process (PID=1054) to work on /home/airflow/.local/lib/python3.12/site-packages/airflow/example_dags/example_short_circuit_operator.py
[2024-04-09T18:54:06.065+0000] {processor.py:830} INFO - Processing file /home/airflow/.local/lib/python3.12/site-packages/airflow/example_dags/example_short_circuit_operator.py for tasks to queue
[2024-04-09T18:54:06.067+0000] {logging_mixin.py:188} INFO - [2024-04-09T18:54:06.067+0000] {dagbag.py:540} INFO - Filling up the DagBag from /home/airflow/.local/lib/python3.12/site-packages/airflow/example_dags/example_short_circuit_operator.py
[2024-04-09T18:54:06.076+0000] {processor.py:840} INFO - DAG(s) 'example_short_circuit_operator' retrieved from /home/airflow/.local/lib/python3.12/site-packages/airflow/example_dags/example_short_circuit_operator.py
[2024-04-09T18:54:06.107+0000] {logging_mixin.py:188} INFO - [2024-04-09T18:54:06.106+0000] {dag.py:3096} INFO - Sync 1 DAGs
[2024-04-09T18:54:06.135+0000] {logging_mixin.py:188} INFO - [2024-04-09T18:54:06.134+0000] {dag.py:3954} INFO - Setting next_dagrun for example_short_circuit_operator to 2024-04-08 00:00:00+00:00, run_after=2024-04-09 00:00:00+00:00
[2024-04-09T18:54:06.159+0000] {processor.py:183} INFO - Processing /home/airflow/.local/lib/python3.12/site-packages/airflow/example_dags/example_short_circuit_operator.py took 0.103 seconds
[2024-04-09T18:54:36.592+0000] {processor.py:161} INFO - Started process (PID=1316) to work on /home/airflow/.local/lib/python3.12/site-packages/airflow/example_dags/example_short_circuit_operator.py
[2024-04-09T18:54:36.593+0000] {processor.py:830} INFO - Processing file /home/airflow/.local/lib/python3.12/site-packages/airflow/example_dags/example_short_circuit_operator.py for tasks to queue
[2024-04-09T18:54:36.595+0000] {logging_mixin.py:188} INFO - [2024-04-09T18:54:36.595+0000] {dagbag.py:540} INFO - Filling up the DagBag from /home/airflow/.local/lib/python3.12/site-packages/airflow/example_dags/example_short_circuit_operator.py
[2024-04-09T18:54:36.604+0000] {processor.py:840} INFO - DAG(s) 'example_short_circuit_operator' retrieved from /home/airflow/.local/lib/python3.12/site-packages/airflow/example_dags/example_short_circuit_operator.py
[2024-04-09T18:54:36.637+0000] {logging_mixin.py:188} INFO - [2024-04-09T18:54:36.637+0000] {dag.py:3096} INFO - Sync 1 DAGs
[2024-04-09T18:54:36.665+0000] {logging_mixin.py:188} INFO - [2024-04-09T18:54:36.665+0000] {dag.py:3954} INFO - Setting next_dagrun for example_short_circuit_operator to 2024-04-08 00:00:00+00:00, run_after=2024-04-09 00:00:00+00:00
[2024-04-09T18:54:36.689+0000] {processor.py:183} INFO - Processing /home/airflow/.local/lib/python3.12/site-packages/airflow/example_dags/example_short_circuit_operator.py took 0.103 seconds
[2024-04-09T18:55:07.306+0000] {processor.py:161} INFO - Started process (PID=1578) to work on /home/airflow/.local/lib/python3.12/site-packages/airflow/example_dags/example_short_circuit_operator.py
[2024-04-09T18:55:07.308+0000] {processor.py:830} INFO - Processing file /home/airflow/.local/lib/python3.12/site-packages/airflow/example_dags/example_short_circuit_operator.py for tasks to queue
[2024-04-09T18:55:07.311+0000] {logging_mixin.py:188} INFO - [2024-04-09T18:55:07.311+0000] {dagbag.py:540} INFO - Filling up the DagBag from /home/airflow/.local/lib/python3.12/site-packages/airflow/example_dags/example_short_circuit_operator.py
[2024-04-09T18:55:07.323+0000] {processor.py:840} INFO - DAG(s) 'example_short_circuit_operator' retrieved from /home/airflow/.local/lib/python3.12/site-packages/airflow/example_dags/example_short_circuit_operator.py
[2024-04-09T18:55:07.350+0000] {logging_mixin.py:188} INFO - [2024-04-09T18:55:07.350+0000] {dag.py:3096} INFO - Sync 1 DAGs
[2024-04-09T18:55:07.376+0000] {logging_mixin.py:188} INFO - [2024-04-09T18:55:07.376+0000] {dag.py:3954} INFO - Setting next_dagrun for example_short_circuit_operator to 2024-04-08 00:00:00+00:00, run_after=2024-04-09 00:00:00+00:00
[2024-04-09T18:55:07.402+0000] {processor.py:183} INFO - Processing /home/airflow/.local/lib/python3.12/site-packages/airflow/example_dags/example_short_circuit_operator.py took 0.106 seconds
[2024-04-09T18:55:37.710+0000] {processor.py:161} INFO - Started process (PID=1841) to work on /home/airflow/.local/lib/python3.12/site-packages/airflow/example_dags/example_short_circuit_operator.py
[2024-04-09T18:55:37.713+0000] {processor.py:830} INFO - Processing file /home/airflow/.local/lib/python3.12/site-packages/airflow/example_dags/example_short_circuit_operator.py for tasks to queue
[2024-04-09T18:55:37.717+0000] {logging_mixin.py:188} INFO - [2024-04-09T18:55:37.717+0000] {dagbag.py:540} INFO - Filling up the DagBag from /home/airflow/.local/lib/python3.12/site-packages/airflow/example_dags/example_short_circuit_operator.py
[2024-04-09T18:55:37.730+0000] {processor.py:840} INFO - DAG(s) 'example_short_circuit_operator' retrieved from /home/airflow/.local/lib/python3.12/site-packages/airflow/example_dags/example_short_circuit_operator.py
[2024-04-09T18:55:37.773+0000] {logging_mixin.py:188} INFO - [2024-04-09T18:55:37.772+0000] {dag.py:3096} INFO - Sync 1 DAGs
[2024-04-09T18:55:37.800+0000] {logging_mixin.py:188} INFO - [2024-04-09T18:55:37.800+0000] {dag.py:3954} INFO - Setting next_dagrun for example_short_circuit_operator to 2024-04-08 00:00:00+00:00, run_after=2024-04-09 00:00:00+00:00
[2024-04-09T18:55:37.826+0000] {processor.py:183} INFO - Processing /home/airflow/.local/lib/python3.12/site-packages/airflow/example_dags/example_short_circuit_operator.py took 0.122 seconds
[2024-04-09T18:56:08.202+0000] {processor.py:161} INFO - Started process (PID=2103) to work on /home/airflow/.local/lib/python3.12/site-packages/airflow/example_dags/example_short_circuit_operator.py
[2024-04-09T18:56:08.203+0000] {processor.py:830} INFO - Processing file /home/airflow/.local/lib/python3.12/site-packages/airflow/example_dags/example_short_circuit_operator.py for tasks to queue
[2024-04-09T18:56:08.206+0000] {logging_mixin.py:188} INFO - [2024-04-09T18:56:08.205+0000] {dagbag.py:540} INFO - Filling up the DagBag from /home/airflow/.local/lib/python3.12/site-packages/airflow/example_dags/example_short_circuit_operator.py
[2024-04-09T18:56:08.214+0000] {processor.py:840} INFO - DAG(s) 'example_short_circuit_operator' retrieved from /home/airflow/.local/lib/python3.12/site-packages/airflow/example_dags/example_short_circuit_operator.py
[2024-04-09T18:56:08.243+0000] {logging_mixin.py:188} INFO - [2024-04-09T18:56:08.243+0000] {dag.py:3096} INFO - Sync 1 DAGs
[2024-04-09T18:56:08.275+0000] {logging_mixin.py:188} INFO - [2024-04-09T18:56:08.275+0000] {dag.py:3954} INFO - Setting next_dagrun for example_short_circuit_operator to 2024-04-08 00:00:00+00:00, run_after=2024-04-09 00:00:00+00:00
[2024-04-09T18:56:08.314+0000] {processor.py:183} INFO - Processing /home/airflow/.local/lib/python3.12/site-packages/airflow/example_dags/example_short_circuit_operator.py took 0.119 seconds
[2024-04-09T18:56:38.957+0000] {processor.py:161} INFO - Started process (PID=2365) to work on /home/airflow/.local/lib/python3.12/site-packages/airflow/example_dags/example_short_circuit_operator.py
[2024-04-09T18:56:38.958+0000] {processor.py:830} INFO - Processing file /home/airflow/.local/lib/python3.12/site-packages/airflow/example_dags/example_short_circuit_operator.py for tasks to queue
[2024-04-09T18:56:38.960+0000] {logging_mixin.py:188} INFO - [2024-04-09T18:56:38.959+0000] {dagbag.py:540} INFO - Filling up the DagBag from /home/airflow/.local/lib/python3.12/site-packages/airflow/example_dags/example_short_circuit_operator.py
[2024-04-09T18:56:38.969+0000] {processor.py:840} INFO - DAG(s) 'example_short_circuit_operator' retrieved from /home/airflow/.local/lib/python3.12/site-packages/airflow/example_dags/example_short_circuit_operator.py
[2024-04-09T18:56:38.996+0000] {logging_mixin.py:188} INFO - [2024-04-09T18:56:38.996+0000] {dag.py:3096} INFO - Sync 1 DAGs
[2024-04-09T18:56:39.023+0000] {logging_mixin.py:188} INFO - [2024-04-09T18:56:39.023+0000] {dag.py:3954} INFO - Setting next_dagrun for example_short_circuit_operator to 2024-04-08 00:00:00+00:00, run_after=2024-04-09 00:00:00+00:00
[2024-04-09T18:56:39.056+0000] {processor.py:183} INFO - Processing /home/airflow/.local/lib/python3.12/site-packages/airflow/example_dags/example_short_circuit_operator.py took 0.105 seconds
[2024-04-09T18:57:09.447+0000] {processor.py:161} INFO - Started process (PID=2627) to work on /home/airflow/.local/lib/python3.12/site-packages/airflow/example_dags/example_short_circuit_operator.py
[2024-04-09T18:57:09.447+0000] {processor.py:830} INFO - Processing file /home/airflow/.local/lib/python3.12/site-packages/airflow/example_dags/example_short_circuit_operator.py for tasks to queue
[2024-04-09T18:57:09.449+0000] {logging_mixin.py:188} INFO - [2024-04-09T18:57:09.449+0000] {dagbag.py:540} INFO - Filling up the DagBag from /home/airflow/.local/lib/python3.12/site-packages/airflow/example_dags/example_short_circuit_operator.py
[2024-04-09T18:57:09.458+0000] {processor.py:840} INFO - DAG(s) 'example_short_circuit_operator' retrieved from /home/airflow/.local/lib/python3.12/site-packages/airflow/example_dags/example_short_circuit_operator.py
[2024-04-09T18:57:09.485+0000] {logging_mixin.py:188} INFO - [2024-04-09T18:57:09.485+0000] {dag.py:3096} INFO - Sync 1 DAGs
[2024-04-09T18:57:09.517+0000] {logging_mixin.py:188} INFO - [2024-04-09T18:57:09.517+0000] {dag.py:3954} INFO - Setting next_dagrun for example_short_circuit_operator to 2024-04-08 00:00:00+00:00, run_after=2024-04-09 00:00:00+00:00
[2024-04-09T18:57:09.547+0000] {processor.py:183} INFO - Processing /home/airflow/.local/lib/python3.12/site-packages/airflow/example_dags/example_short_circuit_operator.py took 0.107 seconds
[2024-04-09T18:57:40.016+0000] {processor.py:161} INFO - Started process (PID=2899) to work on /home/airflow/.local/lib/python3.12/site-packages/airflow/example_dags/example_short_circuit_operator.py
[2024-04-09T18:57:40.017+0000] {processor.py:830} INFO - Processing file /home/airflow/.local/lib/python3.12/site-packages/airflow/example_dags/example_short_circuit_operator.py for tasks to queue
[2024-04-09T18:57:40.019+0000] {logging_mixin.py:188} INFO - [2024-04-09T18:57:40.019+0000] {dagbag.py:540} INFO - Filling up the DagBag from /home/airflow/.local/lib/python3.12/site-packages/airflow/example_dags/example_short_circuit_operator.py
[2024-04-09T18:57:40.029+0000] {processor.py:840} INFO - DAG(s) 'example_short_circuit_operator' retrieved from /home/airflow/.local/lib/python3.12/site-packages/airflow/example_dags/example_short_circuit_operator.py
[2024-04-09T18:57:40.056+0000] {logging_mixin.py:188} INFO - [2024-04-09T18:57:40.056+0000] {dag.py:3096} INFO - Sync 1 DAGs
[2024-04-09T18:57:40.084+0000] {logging_mixin.py:188} INFO - [2024-04-09T18:57:40.084+0000] {dag.py:3954} INFO - Setting next_dagrun for example_short_circuit_operator to 2024-04-08 00:00:00+00:00, run_after=2024-04-09 00:00:00+00:00
[2024-04-09T18:57:40.110+0000] {processor.py:183} INFO - Processing /home/airflow/.local/lib/python3.12/site-packages/airflow/example_dags/example_short_circuit_operator.py took 0.101 seconds
[2024-04-09T18:58:10.223+0000] {processor.py:161} INFO - Started process (PID=3172) to work on /home/airflow/.local/lib/python3.12/site-packages/airflow/example_dags/example_short_circuit_operator.py
[2024-04-09T18:58:10.224+0000] {processor.py:830} INFO - Processing file /home/airflow/.local/lib/python3.12/site-packages/airflow/example_dags/example_short_circuit_operator.py for tasks to queue
[2024-04-09T18:58:10.226+0000] {logging_mixin.py:188} INFO - [2024-04-09T18:58:10.226+0000] {dagbag.py:540} INFO - Filling up the DagBag from /home/airflow/.local/lib/python3.12/site-packages/airflow/example_dags/example_short_circuit_operator.py
[2024-04-09T18:58:10.235+0000] {processor.py:840} INFO - DAG(s) 'example_short_circuit_operator' retrieved from /home/airflow/.local/lib/python3.12/site-packages/airflow/example_dags/example_short_circuit_operator.py
[2024-04-09T18:58:10.263+0000] {logging_mixin.py:188} INFO - [2024-04-09T18:58:10.262+0000] {dag.py:3096} INFO - Sync 1 DAGs
[2024-04-09T18:58:10.292+0000] {logging_mixin.py:188} INFO - [2024-04-09T18:58:10.291+0000] {dag.py:3954} INFO - Setting next_dagrun for example_short_circuit_operator to 2024-04-08 00:00:00+00:00, run_after=2024-04-09 00:00:00+00:00
[2024-04-09T18:58:10.315+0000] {processor.py:183} INFO - Processing /home/airflow/.local/lib/python3.12/site-packages/airflow/example_dags/example_short_circuit_operator.py took 0.098 seconds
[2024-04-09T18:58:40.569+0000] {processor.py:161} INFO - Started process (PID=3443) to work on /home/airflow/.local/lib/python3.12/site-packages/airflow/example_dags/example_short_circuit_operator.py
[2024-04-09T18:58:40.570+0000] {processor.py:830} INFO - Processing file /home/airflow/.local/lib/python3.12/site-packages/airflow/example_dags/example_short_circuit_operator.py for tasks to queue
[2024-04-09T18:58:40.571+0000] {logging_mixin.py:188} INFO - [2024-04-09T18:58:40.571+0000] {dagbag.py:540} INFO - Filling up the DagBag from /home/airflow/.local/lib/python3.12/site-packages/airflow/example_dags/example_short_circuit_operator.py
[2024-04-09T18:58:40.580+0000] {processor.py:840} INFO - DAG(s) 'example_short_circuit_operator' retrieved from /home/airflow/.local/lib/python3.12/site-packages/airflow/example_dags/example_short_circuit_operator.py
[2024-04-09T18:58:40.608+0000] {logging_mixin.py:188} INFO - [2024-04-09T18:58:40.608+0000] {dag.py:3096} INFO - Sync 1 DAGs
[2024-04-09T18:58:40.635+0000] {logging_mixin.py:188} INFO - [2024-04-09T18:58:40.635+0000] {dag.py:3954} INFO - Setting next_dagrun for example_short_circuit_operator to 2024-04-08 00:00:00+00:00, run_after=2024-04-09 00:00:00+00:00
[2024-04-09T18:58:40.671+0000] {processor.py:183} INFO - Processing /home/airflow/.local/lib/python3.12/site-packages/airflow/example_dags/example_short_circuit_operator.py took 0.109 seconds
[2024-04-09T18:59:10.873+0000] {processor.py:161} INFO - Started process (PID=3715) to work on /home/airflow/.local/lib/python3.12/site-packages/airflow/example_dags/example_short_circuit_operator.py
[2024-04-09T18:59:10.874+0000] {processor.py:830} INFO - Processing file /home/airflow/.local/lib/python3.12/site-packages/airflow/example_dags/example_short_circuit_operator.py for tasks to queue
[2024-04-09T18:59:10.876+0000] {logging_mixin.py:188} INFO - [2024-04-09T18:59:10.875+0000] {dagbag.py:540} INFO - Filling up the DagBag from /home/airflow/.local/lib/python3.12/site-packages/airflow/example_dags/example_short_circuit_operator.py
[2024-04-09T18:59:10.884+0000] {processor.py:840} INFO - DAG(s) 'example_short_circuit_operator' retrieved from /home/airflow/.local/lib/python3.12/site-packages/airflow/example_dags/example_short_circuit_operator.py
[2024-04-09T18:59:10.915+0000] {logging_mixin.py:188} INFO - [2024-04-09T18:59:10.915+0000] {dag.py:3096} INFO - Sync 1 DAGs
[2024-04-09T18:59:10.942+0000] {logging_mixin.py:188} INFO - [2024-04-09T18:59:10.942+0000] {dag.py:3954} INFO - Setting next_dagrun for example_short_circuit_operator to 2024-04-08 00:00:00+00:00, run_after=2024-04-09 00:00:00+00:00
[2024-04-09T18:59:10.969+0000] {processor.py:183} INFO - Processing /home/airflow/.local/lib/python3.12/site-packages/airflow/example_dags/example_short_circuit_operator.py took 0.102 seconds
[2024-04-09T18:59:41.341+0000] {processor.py:161} INFO - Started process (PID=3987) to work on /home/airflow/.local/lib/python3.12/site-packages/airflow/example_dags/example_short_circuit_operator.py
[2024-04-09T18:59:41.342+0000] {processor.py:830} INFO - Processing file /home/airflow/.local/lib/python3.12/site-packages/airflow/example_dags/example_short_circuit_operator.py for tasks to queue
[2024-04-09T18:59:41.344+0000] {logging_mixin.py:188} INFO - [2024-04-09T18:59:41.343+0000] {dagbag.py:540} INFO - Filling up the DagBag from /home/airflow/.local/lib/python3.12/site-packages/airflow/example_dags/example_short_circuit_operator.py
[2024-04-09T18:59:41.352+0000] {processor.py:840} INFO - DAG(s) 'example_short_circuit_operator' retrieved from /home/airflow/.local/lib/python3.12/site-packages/airflow/example_dags/example_short_circuit_operator.py
[2024-04-09T18:59:41.378+0000] {logging_mixin.py:188} INFO - [2024-04-09T18:59:41.378+0000] {dag.py:3096} INFO - Sync 1 DAGs
[2024-04-09T18:59:41.406+0000] {logging_mixin.py:188} INFO - [2024-04-09T18:59:41.406+0000] {dag.py:3954} INFO - Setting next_dagrun for example_short_circuit_operator to 2024-04-08 00:00:00+00:00, run_after=2024-04-09 00:00:00+00:00
[2024-04-09T18:59:41.429+0000] {processor.py:183} INFO - Processing /home/airflow/.local/lib/python3.12/site-packages/airflow/example_dags/example_short_circuit_operator.py took 0.095 seconds
[2024-04-09T19:00:11.488+0000] {processor.py:161} INFO - Started process (PID=4256) to work on /home/airflow/.local/lib/python3.12/site-packages/airflow/example_dags/example_short_circuit_operator.py
[2024-04-09T19:00:11.489+0000] {processor.py:830} INFO - Processing file /home/airflow/.local/lib/python3.12/site-packages/airflow/example_dags/example_short_circuit_operator.py for tasks to queue
[2024-04-09T19:00:11.490+0000] {logging_mixin.py:188} INFO - [2024-04-09T19:00:11.490+0000] {dagbag.py:540} INFO - Filling up the DagBag from /home/airflow/.local/lib/python3.12/site-packages/airflow/example_dags/example_short_circuit_operator.py
[2024-04-09T19:00:11.496+0000] {processor.py:840} INFO - DAG(s) 'example_short_circuit_operator' retrieved from /home/airflow/.local/lib/python3.12/site-packages/airflow/example_dags/example_short_circuit_operator.py
[2024-04-09T19:00:11.517+0000] {logging_mixin.py:188} INFO - [2024-04-09T19:00:11.517+0000] {dag.py:3096} INFO - Sync 1 DAGs
[2024-04-09T19:00:11.535+0000] {logging_mixin.py:188} INFO - [2024-04-09T19:00:11.535+0000] {dag.py:3954} INFO - Setting next_dagrun for example_short_circuit_operator to 2024-04-08 00:00:00+00:00, run_after=2024-04-09 00:00:00+00:00
[2024-04-09T19:00:11.560+0000] {processor.py:183} INFO - Processing /home/airflow/.local/lib/python3.12/site-packages/airflow/example_dags/example_short_circuit_operator.py took 0.077 seconds
[2024-04-09T19:00:42.505+0000] {processor.py:161} INFO - Started process (PID=4532) to work on /home/airflow/.local/lib/python3.12/site-packages/airflow/example_dags/example_short_circuit_operator.py
[2024-04-09T19:00:42.506+0000] {processor.py:830} INFO - Processing file /home/airflow/.local/lib/python3.12/site-packages/airflow/example_dags/example_short_circuit_operator.py for tasks to queue
[2024-04-09T19:00:42.509+0000] {logging_mixin.py:188} INFO - [2024-04-09T19:00:42.508+0000] {dagbag.py:540} INFO - Filling up the DagBag from /home/airflow/.local/lib/python3.12/site-packages/airflow/example_dags/example_short_circuit_operator.py
[2024-04-09T19:00:42.518+0000] {processor.py:840} INFO - DAG(s) 'example_short_circuit_operator' retrieved from /home/airflow/.local/lib/python3.12/site-packages/airflow/example_dags/example_short_circuit_operator.py
[2024-04-09T19:00:42.546+0000] {logging_mixin.py:188} INFO - [2024-04-09T19:00:42.546+0000] {dag.py:3096} INFO - Sync 1 DAGs
[2024-04-09T19:00:42.575+0000] {logging_mixin.py:188} INFO - [2024-04-09T19:00:42.575+0000] {dag.py:3954} INFO - Setting next_dagrun for example_short_circuit_operator to 2024-04-08 00:00:00+00:00, run_after=2024-04-09 00:00:00+00:00
[2024-04-09T19:00:42.613+0000] {processor.py:183} INFO - Processing /home/airflow/.local/lib/python3.12/site-packages/airflow/example_dags/example_short_circuit_operator.py took 0.114 seconds
[2024-04-09T19:01:12.912+0000] {processor.py:161} INFO - Started process (PID=4804) to work on /home/airflow/.local/lib/python3.12/site-packages/airflow/example_dags/example_short_circuit_operator.py
[2024-04-09T19:01:12.913+0000] {processor.py:830} INFO - Processing file /home/airflow/.local/lib/python3.12/site-packages/airflow/example_dags/example_short_circuit_operator.py for tasks to queue
[2024-04-09T19:01:12.916+0000] {logging_mixin.py:188} INFO - [2024-04-09T19:01:12.915+0000] {dagbag.py:540} INFO - Filling up the DagBag from /home/airflow/.local/lib/python3.12/site-packages/airflow/example_dags/example_short_circuit_operator.py
[2024-04-09T19:01:12.925+0000] {processor.py:840} INFO - DAG(s) 'example_short_circuit_operator' retrieved from /home/airflow/.local/lib/python3.12/site-packages/airflow/example_dags/example_short_circuit_operator.py
[2024-04-09T19:01:12.953+0000] {logging_mixin.py:188} INFO - [2024-04-09T19:01:12.953+0000] {dag.py:3096} INFO - Sync 1 DAGs
[2024-04-09T19:01:12.982+0000] {logging_mixin.py:188} INFO - [2024-04-09T19:01:12.981+0000] {dag.py:3954} INFO - Setting next_dagrun for example_short_circuit_operator to 2024-04-08 00:00:00+00:00, run_after=2024-04-09 00:00:00+00:00
[2024-04-09T19:01:13.005+0000] {processor.py:183} INFO - Processing /home/airflow/.local/lib/python3.12/site-packages/airflow/example_dags/example_short_circuit_operator.py took 0.100 seconds
[2024-04-09T19:01:43.347+0000] {processor.py:161} INFO - Started process (PID=5076) to work on /home/airflow/.local/lib/python3.12/site-packages/airflow/example_dags/example_short_circuit_operator.py
[2024-04-09T19:01:43.348+0000] {processor.py:830} INFO - Processing file /home/airflow/.local/lib/python3.12/site-packages/airflow/example_dags/example_short_circuit_operator.py for tasks to queue
[2024-04-09T19:01:43.350+0000] {logging_mixin.py:188} INFO - [2024-04-09T19:01:43.349+0000] {dagbag.py:540} INFO - Filling up the DagBag from /home/airflow/.local/lib/python3.12/site-packages/airflow/example_dags/example_short_circuit_operator.py
[2024-04-09T19:01:43.359+0000] {processor.py:840} INFO - DAG(s) 'example_short_circuit_operator' retrieved from /home/airflow/.local/lib/python3.12/site-packages/airflow/example_dags/example_short_circuit_operator.py
[2024-04-09T19:01:43.388+0000] {logging_mixin.py:188} INFO - [2024-04-09T19:01:43.388+0000] {dag.py:3096} INFO - Sync 1 DAGs
[2024-04-09T19:01:43.445+0000] {logging_mixin.py:188} INFO - [2024-04-09T19:01:43.445+0000] {dag.py:3954} INFO - Setting next_dagrun for example_short_circuit_operator to 2024-04-08 00:00:00+00:00, run_after=2024-04-09 00:00:00+00:00
[2024-04-09T19:01:43.495+0000] {processor.py:183} INFO - Processing /home/airflow/.local/lib/python3.12/site-packages/airflow/example_dags/example_short_circuit_operator.py took 0.157 seconds
[2024-04-09T19:02:14.364+0000] {processor.py:161} INFO - Started process (PID=5348) to work on /home/airflow/.local/lib/python3.12/site-packages/airflow/example_dags/example_short_circuit_operator.py
[2024-04-09T19:02:14.365+0000] {processor.py:830} INFO - Processing file /home/airflow/.local/lib/python3.12/site-packages/airflow/example_dags/example_short_circuit_operator.py for tasks to queue
[2024-04-09T19:02:14.368+0000] {logging_mixin.py:188} INFO - [2024-04-09T19:02:14.367+0000] {dagbag.py:540} INFO - Filling up the DagBag from /home/airflow/.local/lib/python3.12/site-packages/airflow/example_dags/example_short_circuit_operator.py
[2024-04-09T19:02:14.376+0000] {processor.py:840} INFO - DAG(s) 'example_short_circuit_operator' retrieved from /home/airflow/.local/lib/python3.12/site-packages/airflow/example_dags/example_short_circuit_operator.py
[2024-04-09T19:02:14.405+0000] {logging_mixin.py:188} INFO - [2024-04-09T19:02:14.405+0000] {dag.py:3096} INFO - Sync 1 DAGs
[2024-04-09T19:02:14.431+0000] {logging_mixin.py:188} INFO - [2024-04-09T19:02:14.430+0000] {dag.py:3954} INFO - Setting next_dagrun for example_short_circuit_operator to 2024-04-08 00:00:00+00:00, run_after=2024-04-09 00:00:00+00:00
[2024-04-09T19:02:14.454+0000] {processor.py:183} INFO - Processing /home/airflow/.local/lib/python3.12/site-packages/airflow/example_dags/example_short_circuit_operator.py took 0.097 seconds
[2024-04-09T19:02:44.497+0000] {processor.py:161} INFO - Started process (PID=5615) to work on /home/airflow/.local/lib/python3.12/site-packages/airflow/example_dags/example_short_circuit_operator.py
[2024-04-09T19:02:44.498+0000] {processor.py:830} INFO - Processing file /home/airflow/.local/lib/python3.12/site-packages/airflow/example_dags/example_short_circuit_operator.py for tasks to queue
[2024-04-09T19:02:44.500+0000] {logging_mixin.py:188} INFO - [2024-04-09T19:02:44.500+0000] {dagbag.py:540} INFO - Filling up the DagBag from /home/airflow/.local/lib/python3.12/site-packages/airflow/example_dags/example_short_circuit_operator.py
[2024-04-09T19:02:44.508+0000] {processor.py:840} INFO - DAG(s) 'example_short_circuit_operator' retrieved from /home/airflow/.local/lib/python3.12/site-packages/airflow/example_dags/example_short_circuit_operator.py
[2024-04-09T19:02:44.539+0000] {logging_mixin.py:188} INFO - [2024-04-09T19:02:44.539+0000] {dag.py:3096} INFO - Sync 1 DAGs
[2024-04-09T19:02:44.567+0000] {logging_mixin.py:188} INFO - [2024-04-09T19:02:44.567+0000] {dag.py:3954} INFO - Setting next_dagrun for example_short_circuit_operator to 2024-04-08 00:00:00+00:00, run_after=2024-04-09 00:00:00+00:00
[2024-04-09T19:02:44.591+0000] {processor.py:183} INFO - Processing /home/airflow/.local/lib/python3.12/site-packages/airflow/example_dags/example_short_circuit_operator.py took 0.100 seconds
[2024-04-09T19:03:14.750+0000] {processor.py:161} INFO - Started process (PID=5887) to work on /home/airflow/.local/lib/python3.12/site-packages/airflow/example_dags/example_short_circuit_operator.py
[2024-04-09T19:03:14.751+0000] {processor.py:830} INFO - Processing file /home/airflow/.local/lib/python3.12/site-packages/airflow/example_dags/example_short_circuit_operator.py for tasks to queue
[2024-04-09T19:03:14.753+0000] {logging_mixin.py:188} INFO - [2024-04-09T19:03:14.753+0000] {dagbag.py:540} INFO - Filling up the DagBag from /home/airflow/.local/lib/python3.12/site-packages/airflow/example_dags/example_short_circuit_operator.py
[2024-04-09T19:03:14.762+0000] {processor.py:840} INFO - DAG(s) 'example_short_circuit_operator' retrieved from /home/airflow/.local/lib/python3.12/site-packages/airflow/example_dags/example_short_circuit_operator.py
[2024-04-09T19:03:14.795+0000] {logging_mixin.py:188} INFO - [2024-04-09T19:03:14.794+0000] {dag.py:3096} INFO - Sync 1 DAGs
[2024-04-09T19:03:14.849+0000] {logging_mixin.py:188} INFO - [2024-04-09T19:03:14.849+0000] {dag.py:3954} INFO - Setting next_dagrun for example_short_circuit_operator to 2024-04-08 00:00:00+00:00, run_after=2024-04-09 00:00:00+00:00
[2024-04-09T19:03:14.887+0000] {processor.py:183} INFO - Processing /home/airflow/.local/lib/python3.12/site-packages/airflow/example_dags/example_short_circuit_operator.py took 0.143 seconds
[2024-04-09T19:03:45.714+0000] {processor.py:161} INFO - Started process (PID=6160) to work on /home/airflow/.local/lib/python3.12/site-packages/airflow/example_dags/example_short_circuit_operator.py
[2024-04-09T19:03:45.715+0000] {processor.py:830} INFO - Processing file /home/airflow/.local/lib/python3.12/site-packages/airflow/example_dags/example_short_circuit_operator.py for tasks to queue
[2024-04-09T19:03:45.717+0000] {logging_mixin.py:188} INFO - [2024-04-09T19:03:45.717+0000] {dagbag.py:540} INFO - Filling up the DagBag from /home/airflow/.local/lib/python3.12/site-packages/airflow/example_dags/example_short_circuit_operator.py
[2024-04-09T19:03:45.727+0000] {processor.py:840} INFO - DAG(s) 'example_short_circuit_operator' retrieved from /home/airflow/.local/lib/python3.12/site-packages/airflow/example_dags/example_short_circuit_operator.py
[2024-04-09T19:03:45.757+0000] {logging_mixin.py:188} INFO - [2024-04-09T19:03:45.757+0000] {dag.py:3096} INFO - Sync 1 DAGs
[2024-04-09T19:03:45.783+0000] {logging_mixin.py:188} INFO - [2024-04-09T19:03:45.783+0000] {dag.py:3954} INFO - Setting next_dagrun for example_short_circuit_operator to 2024-04-08 00:00:00+00:00, run_after=2024-04-09 00:00:00+00:00
[2024-04-09T19:03:45.809+0000] {processor.py:183} INFO - Processing /home/airflow/.local/lib/python3.12/site-packages/airflow/example_dags/example_short_circuit_operator.py took 0.101 seconds
[2024-04-09T19:04:16.723+0000] {processor.py:161} INFO - Started process (PID=6433) to work on /home/airflow/.local/lib/python3.12/site-packages/airflow/example_dags/example_short_circuit_operator.py
[2024-04-09T19:04:16.724+0000] {processor.py:830} INFO - Processing file /home/airflow/.local/lib/python3.12/site-packages/airflow/example_dags/example_short_circuit_operator.py for tasks to queue
[2024-04-09T19:04:16.726+0000] {logging_mixin.py:188} INFO - [2024-04-09T19:04:16.726+0000] {dagbag.py:540} INFO - Filling up the DagBag from /home/airflow/.local/lib/python3.12/site-packages/airflow/example_dags/example_short_circuit_operator.py
[2024-04-09T19:04:16.754+0000] {processor.py:840} INFO - DAG(s) 'example_short_circuit_operator' retrieved from /home/airflow/.local/lib/python3.12/site-packages/airflow/example_dags/example_short_circuit_operator.py
[2024-04-09T19:04:16.809+0000] {logging_mixin.py:188} INFO - [2024-04-09T19:04:16.809+0000] {dag.py:3096} INFO - Sync 1 DAGs
[2024-04-09T19:04:16.834+0000] {logging_mixin.py:188} INFO - [2024-04-09T19:04:16.834+0000] {dag.py:3954} INFO - Setting next_dagrun for example_short_circuit_operator to 2024-04-08 00:00:00+00:00, run_after=2024-04-09 00:00:00+00:00
[2024-04-09T19:04:16.858+0000] {processor.py:183} INFO - Processing /home/airflow/.local/lib/python3.12/site-packages/airflow/example_dags/example_short_circuit_operator.py took 0.142 seconds
[2024-04-09T19:04:46.911+0000] {processor.py:161} INFO - Started process (PID=6706) to work on /home/airflow/.local/lib/python3.12/site-packages/airflow/example_dags/example_short_circuit_operator.py
[2024-04-09T19:04:46.912+0000] {processor.py:830} INFO - Processing file /home/airflow/.local/lib/python3.12/site-packages/airflow/example_dags/example_short_circuit_operator.py for tasks to queue
[2024-04-09T19:04:46.914+0000] {logging_mixin.py:188} INFO - [2024-04-09T19:04:46.914+0000] {dagbag.py:540} INFO - Filling up the DagBag from /home/airflow/.local/lib/python3.12/site-packages/airflow/example_dags/example_short_circuit_operator.py
[2024-04-09T19:04:46.923+0000] {processor.py:840} INFO - DAG(s) 'example_short_circuit_operator' retrieved from /home/airflow/.local/lib/python3.12/site-packages/airflow/example_dags/example_short_circuit_operator.py
[2024-04-09T19:04:46.953+0000] {logging_mixin.py:188} INFO - [2024-04-09T19:04:46.953+0000] {dag.py:3096} INFO - Sync 1 DAGs
[2024-04-09T19:04:46.980+0000] {logging_mixin.py:188} INFO - [2024-04-09T19:04:46.980+0000] {dag.py:3954} INFO - Setting next_dagrun for example_short_circuit_operator to 2024-04-08 00:00:00+00:00, run_after=2024-04-09 00:00:00+00:00
[2024-04-09T19:04:47.004+0000] {processor.py:183} INFO - Processing /home/airflow/.local/lib/python3.12/site-packages/airflow/example_dags/example_short_circuit_operator.py took 0.099 seconds
[2024-04-09T19:05:17.839+0000] {processor.py:161} INFO - Started process (PID=6979) to work on /home/airflow/.local/lib/python3.12/site-packages/airflow/example_dags/example_short_circuit_operator.py
[2024-04-09T19:05:17.840+0000] {processor.py:830} INFO - Processing file /home/airflow/.local/lib/python3.12/site-packages/airflow/example_dags/example_short_circuit_operator.py for tasks to queue
[2024-04-09T19:05:17.842+0000] {logging_mixin.py:188} INFO - [2024-04-09T19:05:17.842+0000] {dagbag.py:540} INFO - Filling up the DagBag from /home/airflow/.local/lib/python3.12/site-packages/airflow/example_dags/example_short_circuit_operator.py
[2024-04-09T19:05:17.851+0000] {processor.py:840} INFO - DAG(s) 'example_short_circuit_operator' retrieved from /home/airflow/.local/lib/python3.12/site-packages/airflow/example_dags/example_short_circuit_operator.py
[2024-04-09T19:05:17.882+0000] {logging_mixin.py:188} INFO - [2024-04-09T19:05:17.882+0000] {dag.py:3096} INFO - Sync 1 DAGs
[2024-04-09T19:05:17.910+0000] {logging_mixin.py:188} INFO - [2024-04-09T19:05:17.910+0000] {dag.py:3954} INFO - Setting next_dagrun for example_short_circuit_operator to 2024-04-08 00:00:00+00:00, run_after=2024-04-09 00:00:00+00:00
[2024-04-09T19:05:17.936+0000] {processor.py:183} INFO - Processing /home/airflow/.local/lib/python3.12/site-packages/airflow/example_dags/example_short_circuit_operator.py took 0.103 seconds
[2024-04-09T19:05:48.043+0000] {processor.py:161} INFO - Started process (PID=7249) to work on /home/airflow/.local/lib/python3.12/site-packages/airflow/example_dags/example_short_circuit_operator.py
[2024-04-09T19:05:48.044+0000] {processor.py:830} INFO - Processing file /home/airflow/.local/lib/python3.12/site-packages/airflow/example_dags/example_short_circuit_operator.py for tasks to queue
[2024-04-09T19:05:48.046+0000] {logging_mixin.py:188} INFO - [2024-04-09T19:05:48.046+0000] {dagbag.py:540} INFO - Filling up the DagBag from /home/airflow/.local/lib/python3.12/site-packages/airflow/example_dags/example_short_circuit_operator.py
[2024-04-09T19:05:48.064+0000] {processor.py:840} INFO - DAG(s) 'example_short_circuit_operator' retrieved from /home/airflow/.local/lib/python3.12/site-packages/airflow/example_dags/example_short_circuit_operator.py
[2024-04-09T19:05:48.109+0000] {logging_mixin.py:188} INFO - [2024-04-09T19:05:48.108+0000] {dag.py:3096} INFO - Sync 1 DAGs
[2024-04-09T19:05:48.157+0000] {logging_mixin.py:188} INFO - [2024-04-09T19:05:48.156+0000] {dag.py:3954} INFO - Setting next_dagrun for example_short_circuit_operator to 2024-04-08 00:00:00+00:00, run_after=2024-04-09 00:00:00+00:00
[2024-04-09T19:05:48.410+0000] {processor.py:183} INFO - Processing /home/airflow/.local/lib/python3.12/site-packages/airflow/example_dags/example_short_circuit_operator.py took 0.390 seconds
[2024-04-09T19:06:18.455+0000] {processor.py:161} INFO - Started process (PID=7520) to work on /home/airflow/.local/lib/python3.12/site-packages/airflow/example_dags/example_short_circuit_operator.py
[2024-04-09T19:06:18.456+0000] {processor.py:830} INFO - Processing file /home/airflow/.local/lib/python3.12/site-packages/airflow/example_dags/example_short_circuit_operator.py for tasks to queue
[2024-04-09T19:06:18.458+0000] {logging_mixin.py:188} INFO - [2024-04-09T19:06:18.458+0000] {dagbag.py:540} INFO - Filling up the DagBag from /home/airflow/.local/lib/python3.12/site-packages/airflow/example_dags/example_short_circuit_operator.py
[2024-04-09T19:06:18.464+0000] {processor.py:840} INFO - DAG(s) 'example_short_circuit_operator' retrieved from /home/airflow/.local/lib/python3.12/site-packages/airflow/example_dags/example_short_circuit_operator.py
[2024-04-09T19:06:18.483+0000] {logging_mixin.py:188} INFO - [2024-04-09T19:06:18.482+0000] {dag.py:3096} INFO - Sync 1 DAGs
[2024-04-09T19:06:18.506+0000] {logging_mixin.py:188} INFO - [2024-04-09T19:06:18.506+0000] {dag.py:3954} INFO - Setting next_dagrun for example_short_circuit_operator to 2024-04-08 00:00:00+00:00, run_after=2024-04-09 00:00:00+00:00
[2024-04-09T19:06:18.536+0000] {processor.py:183} INFO - Processing /home/airflow/.local/lib/python3.12/site-packages/airflow/example_dags/example_short_circuit_operator.py took 0.085 seconds
[2024-04-09T19:06:48.741+0000] {processor.py:161} INFO - Started process (PID=7796) to work on /home/airflow/.local/lib/python3.12/site-packages/airflow/example_dags/example_short_circuit_operator.py
[2024-04-09T19:06:48.742+0000] {processor.py:830} INFO - Processing file /home/airflow/.local/lib/python3.12/site-packages/airflow/example_dags/example_short_circuit_operator.py for tasks to queue
[2024-04-09T19:06:48.744+0000] {logging_mixin.py:188} INFO - [2024-04-09T19:06:48.744+0000] {dagbag.py:540} INFO - Filling up the DagBag from /home/airflow/.local/lib/python3.12/site-packages/airflow/example_dags/example_short_circuit_operator.py
[2024-04-09T19:06:48.756+0000] {processor.py:840} INFO - DAG(s) 'example_short_circuit_operator' retrieved from /home/airflow/.local/lib/python3.12/site-packages/airflow/example_dags/example_short_circuit_operator.py
[2024-04-09T19:06:48.789+0000] {logging_mixin.py:188} INFO - [2024-04-09T19:06:48.789+0000] {dag.py:3096} INFO - Sync 1 DAGs
[2024-04-09T19:06:48.816+0000] {logging_mixin.py:188} INFO - [2024-04-09T19:06:48.816+0000] {dag.py:3954} INFO - Setting next_dagrun for example_short_circuit_operator to 2024-04-08 00:00:00+00:00, run_after=2024-04-09 00:00:00+00:00
[2024-04-09T19:06:48.841+0000] {processor.py:183} INFO - Processing /home/airflow/.local/lib/python3.12/site-packages/airflow/example_dags/example_short_circuit_operator.py took 0.107 seconds
[2024-04-09T19:07:19.534+0000] {processor.py:161} INFO - Started process (PID=8067) to work on /home/airflow/.local/lib/python3.12/site-packages/airflow/example_dags/example_short_circuit_operator.py
[2024-04-09T19:07:19.535+0000] {processor.py:830} INFO - Processing file /home/airflow/.local/lib/python3.12/site-packages/airflow/example_dags/example_short_circuit_operator.py for tasks to queue
[2024-04-09T19:07:19.537+0000] {logging_mixin.py:188} INFO - [2024-04-09T19:07:19.537+0000] {dagbag.py:540} INFO - Filling up the DagBag from /home/airflow/.local/lib/python3.12/site-packages/airflow/example_dags/example_short_circuit_operator.py
[2024-04-09T19:07:19.547+0000] {processor.py:840} INFO - DAG(s) 'example_short_circuit_operator' retrieved from /home/airflow/.local/lib/python3.12/site-packages/airflow/example_dags/example_short_circuit_operator.py
[2024-04-09T19:07:19.575+0000] {logging_mixin.py:188} INFO - [2024-04-09T19:07:19.575+0000] {dag.py:3096} INFO - Sync 1 DAGs
[2024-04-09T19:07:19.604+0000] {logging_mixin.py:188} INFO - [2024-04-09T19:07:19.604+0000] {dag.py:3954} INFO - Setting next_dagrun for example_short_circuit_operator to 2024-04-08 00:00:00+00:00, run_after=2024-04-09 00:00:00+00:00
[2024-04-09T19:07:19.634+0000] {processor.py:183} INFO - Processing /home/airflow/.local/lib/python3.12/site-packages/airflow/example_dags/example_short_circuit_operator.py took 0.106 seconds
[2024-04-09T19:07:49.950+0000] {processor.py:161} INFO - Started process (PID=8339) to work on /home/airflow/.local/lib/python3.12/site-packages/airflow/example_dags/example_short_circuit_operator.py
[2024-04-09T19:07:49.951+0000] {processor.py:830} INFO - Processing file /home/airflow/.local/lib/python3.12/site-packages/airflow/example_dags/example_short_circuit_operator.py for tasks to queue
[2024-04-09T19:07:49.953+0000] {logging_mixin.py:188} INFO - [2024-04-09T19:07:49.953+0000] {dagbag.py:540} INFO - Filling up the DagBag from /home/airflow/.local/lib/python3.12/site-packages/airflow/example_dags/example_short_circuit_operator.py
[2024-04-09T19:07:49.963+0000] {processor.py:840} INFO - DAG(s) 'example_short_circuit_operator' retrieved from /home/airflow/.local/lib/python3.12/site-packages/airflow/example_dags/example_short_circuit_operator.py
[2024-04-09T19:07:49.994+0000] {logging_mixin.py:188} INFO - [2024-04-09T19:07:49.994+0000] {dag.py:3096} INFO - Sync 1 DAGs
[2024-04-09T19:07:50.050+0000] {logging_mixin.py:188} INFO - [2024-04-09T19:07:50.049+0000] {dag.py:3954} INFO - Setting next_dagrun for example_short_circuit_operator to 2024-04-08 00:00:00+00:00, run_after=2024-04-09 00:00:00+00:00
[2024-04-09T19:07:50.074+0000] {processor.py:183} INFO - Processing /home/airflow/.local/lib/python3.12/site-packages/airflow/example_dags/example_short_circuit_operator.py took 0.131 seconds
[2024-04-09T19:08:20.213+0000] {processor.py:161} INFO - Started process (PID=8613) to work on /home/airflow/.local/lib/python3.12/site-packages/airflow/example_dags/example_short_circuit_operator.py
[2024-04-09T19:08:20.214+0000] {processor.py:830} INFO - Processing file /home/airflow/.local/lib/python3.12/site-packages/airflow/example_dags/example_short_circuit_operator.py for tasks to queue
[2024-04-09T19:08:20.216+0000] {logging_mixin.py:188} INFO - [2024-04-09T19:08:20.216+0000] {dagbag.py:540} INFO - Filling up the DagBag from /home/airflow/.local/lib/python3.12/site-packages/airflow/example_dags/example_short_circuit_operator.py
[2024-04-09T19:08:20.224+0000] {processor.py:840} INFO - DAG(s) 'example_short_circuit_operator' retrieved from /home/airflow/.local/lib/python3.12/site-packages/airflow/example_dags/example_short_circuit_operator.py
[2024-04-09T19:08:20.255+0000] {logging_mixin.py:188} INFO - [2024-04-09T19:08:20.255+0000] {dag.py:3096} INFO - Sync 1 DAGs
[2024-04-09T19:08:20.283+0000] {logging_mixin.py:188} INFO - [2024-04-09T19:08:20.282+0000] {dag.py:3954} INFO - Setting next_dagrun for example_short_circuit_operator to 2024-04-08 00:00:00+00:00, run_after=2024-04-09 00:00:00+00:00
[2024-04-09T19:08:20.306+0000] {processor.py:183} INFO - Processing /home/airflow/.local/lib/python3.12/site-packages/airflow/example_dags/example_short_circuit_operator.py took 0.099 seconds
[2024-04-09T19:08:50.374+0000] {processor.py:161} INFO - Started process (PID=8883) to work on /home/airflow/.local/lib/python3.12/site-packages/airflow/example_dags/example_short_circuit_operator.py
[2024-04-09T19:08:50.375+0000] {processor.py:830} INFO - Processing file /home/airflow/.local/lib/python3.12/site-packages/airflow/example_dags/example_short_circuit_operator.py for tasks to queue
[2024-04-09T19:08:50.378+0000] {logging_mixin.py:188} INFO - [2024-04-09T19:08:50.377+0000] {dagbag.py:540} INFO - Filling up the DagBag from /home/airflow/.local/lib/python3.12/site-packages/airflow/example_dags/example_short_circuit_operator.py
[2024-04-09T19:08:50.387+0000] {processor.py:840} INFO - DAG(s) 'example_short_circuit_operator' retrieved from /home/airflow/.local/lib/python3.12/site-packages/airflow/example_dags/example_short_circuit_operator.py
[2024-04-09T19:08:50.415+0000] {logging_mixin.py:188} INFO - [2024-04-09T19:08:50.415+0000] {dag.py:3096} INFO - Sync 1 DAGs
[2024-04-09T19:08:50.442+0000] {logging_mixin.py:188} INFO - [2024-04-09T19:08:50.441+0000] {dag.py:3954} INFO - Setting next_dagrun for example_short_circuit_operator to 2024-04-08 00:00:00+00:00, run_after=2024-04-09 00:00:00+00:00
[2024-04-09T19:08:50.466+0000] {processor.py:183} INFO - Processing /home/airflow/.local/lib/python3.12/site-packages/airflow/example_dags/example_short_circuit_operator.py took 0.099 seconds
[2024-04-09T19:09:21.140+0000] {processor.py:161} INFO - Started process (PID=9156) to work on /home/airflow/.local/lib/python3.12/site-packages/airflow/example_dags/example_short_circuit_operator.py
[2024-04-09T19:09:21.141+0000] {processor.py:830} INFO - Processing file /home/airflow/.local/lib/python3.12/site-packages/airflow/example_dags/example_short_circuit_operator.py for tasks to queue
[2024-04-09T19:09:21.143+0000] {logging_mixin.py:188} INFO - [2024-04-09T19:09:21.143+0000] {dagbag.py:540} INFO - Filling up the DagBag from /home/airflow/.local/lib/python3.12/site-packages/airflow/example_dags/example_short_circuit_operator.py
[2024-04-09T19:09:21.153+0000] {processor.py:840} INFO - DAG(s) 'example_short_circuit_operator' retrieved from /home/airflow/.local/lib/python3.12/site-packages/airflow/example_dags/example_short_circuit_operator.py
[2024-04-09T19:09:21.180+0000] {logging_mixin.py:188} INFO - [2024-04-09T19:09:21.180+0000] {dag.py:3096} INFO - Sync 1 DAGs
[2024-04-09T19:09:21.209+0000] {logging_mixin.py:188} INFO - [2024-04-09T19:09:21.208+0000] {dag.py:3954} INFO - Setting next_dagrun for example_short_circuit_operator to 2024-04-08 00:00:00+00:00, run_after=2024-04-09 00:00:00+00:00
[2024-04-09T19:09:21.236+0000] {processor.py:183} INFO - Processing /home/airflow/.local/lib/python3.12/site-packages/airflow/example_dags/example_short_circuit_operator.py took 0.103 seconds
[2024-04-09T19:09:51.833+0000] {processor.py:161} INFO - Started process (PID=9428) to work on /home/airflow/.local/lib/python3.12/site-packages/airflow/example_dags/example_short_circuit_operator.py
[2024-04-09T19:09:51.834+0000] {processor.py:830} INFO - Processing file /home/airflow/.local/lib/python3.12/site-packages/airflow/example_dags/example_short_circuit_operator.py for tasks to queue
[2024-04-09T19:09:51.836+0000] {logging_mixin.py:188} INFO - [2024-04-09T19:09:51.836+0000] {dagbag.py:540} INFO - Filling up the DagBag from /home/airflow/.local/lib/python3.12/site-packages/airflow/example_dags/example_short_circuit_operator.py
[2024-04-09T19:09:51.845+0000] {processor.py:840} INFO - DAG(s) 'example_short_circuit_operator' retrieved from /home/airflow/.local/lib/python3.12/site-packages/airflow/example_dags/example_short_circuit_operator.py
[2024-04-09T19:09:51.878+0000] {logging_mixin.py:188} INFO - [2024-04-09T19:09:51.878+0000] {dag.py:3096} INFO - Sync 1 DAGs
[2024-04-09T19:09:51.903+0000] {logging_mixin.py:188} INFO - [2024-04-09T19:09:51.903+0000] {dag.py:3954} INFO - Setting next_dagrun for example_short_circuit_operator to 2024-04-08 00:00:00+00:00, run_after=2024-04-09 00:00:00+00:00
[2024-04-09T19:09:51.928+0000] {processor.py:183} INFO - Processing /home/airflow/.local/lib/python3.12/site-packages/airflow/example_dags/example_short_circuit_operator.py took 0.102 seconds
[2024-04-09T19:10:22.171+0000] {processor.py:161} INFO - Started process (PID=9701) to work on /home/airflow/.local/lib/python3.12/site-packages/airflow/example_dags/example_short_circuit_operator.py
[2024-04-09T19:10:22.172+0000] {processor.py:830} INFO - Processing file /home/airflow/.local/lib/python3.12/site-packages/airflow/example_dags/example_short_circuit_operator.py for tasks to queue
[2024-04-09T19:10:22.174+0000] {logging_mixin.py:188} INFO - [2024-04-09T19:10:22.173+0000] {dagbag.py:540} INFO - Filling up the DagBag from /home/airflow/.local/lib/python3.12/site-packages/airflow/example_dags/example_short_circuit_operator.py
[2024-04-09T19:10:22.196+0000] {processor.py:840} INFO - DAG(s) 'example_short_circuit_operator' retrieved from /home/airflow/.local/lib/python3.12/site-packages/airflow/example_dags/example_short_circuit_operator.py
[2024-04-09T19:10:22.236+0000] {logging_mixin.py:188} INFO - [2024-04-09T19:10:22.235+0000] {dag.py:3096} INFO - Sync 1 DAGs
[2024-04-09T19:10:22.266+0000] {logging_mixin.py:188} INFO - [2024-04-09T19:10:22.266+0000] {dag.py:3954} INFO - Setting next_dagrun for example_short_circuit_operator to 2024-04-08 00:00:00+00:00, run_after=2024-04-09 00:00:00+00:00
[2024-04-09T19:10:22.289+0000] {processor.py:183} INFO - Processing /home/airflow/.local/lib/python3.12/site-packages/airflow/example_dags/example_short_circuit_operator.py took 0.133 seconds
[2024-04-09T19:10:52.334+0000] {processor.py:161} INFO - Started process (PID=9974) to work on /home/airflow/.local/lib/python3.12/site-packages/airflow/example_dags/example_short_circuit_operator.py
[2024-04-09T19:10:52.335+0000] {processor.py:830} INFO - Processing file /home/airflow/.local/lib/python3.12/site-packages/airflow/example_dags/example_short_circuit_operator.py for tasks to queue
[2024-04-09T19:10:52.337+0000] {logging_mixin.py:188} INFO - [2024-04-09T19:10:52.337+0000] {dagbag.py:540} INFO - Filling up the DagBag from /home/airflow/.local/lib/python3.12/site-packages/airflow/example_dags/example_short_circuit_operator.py
[2024-04-09T19:10:52.347+0000] {processor.py:840} INFO - DAG(s) 'example_short_circuit_operator' retrieved from /home/airflow/.local/lib/python3.12/site-packages/airflow/example_dags/example_short_circuit_operator.py
[2024-04-09T19:10:52.402+0000] {logging_mixin.py:188} INFO - [2024-04-09T19:10:52.401+0000] {dag.py:3096} INFO - Sync 1 DAGs
[2024-04-09T19:10:52.429+0000] {logging_mixin.py:188} INFO - [2024-04-09T19:10:52.429+0000] {dag.py:3954} INFO - Setting next_dagrun for example_short_circuit_operator to 2024-04-08 00:00:00+00:00, run_after=2024-04-09 00:00:00+00:00
[2024-04-09T19:10:52.457+0000] {processor.py:183} INFO - Processing /home/airflow/.local/lib/python3.12/site-packages/airflow/example_dags/example_short_circuit_operator.py took 0.130 seconds
[2024-04-09T19:11:22.751+0000] {processor.py:161} INFO - Started process (PID=10246) to work on /home/airflow/.local/lib/python3.12/site-packages/airflow/example_dags/example_short_circuit_operator.py
[2024-04-09T19:11:22.752+0000] {processor.py:830} INFO - Processing file /home/airflow/.local/lib/python3.12/site-packages/airflow/example_dags/example_short_circuit_operator.py for tasks to queue
[2024-04-09T19:11:22.754+0000] {logging_mixin.py:188} INFO - [2024-04-09T19:11:22.754+0000] {dagbag.py:540} INFO - Filling up the DagBag from /home/airflow/.local/lib/python3.12/site-packages/airflow/example_dags/example_short_circuit_operator.py
[2024-04-09T19:11:22.763+0000] {processor.py:840} INFO - DAG(s) 'example_short_circuit_operator' retrieved from /home/airflow/.local/lib/python3.12/site-packages/airflow/example_dags/example_short_circuit_operator.py
[2024-04-09T19:11:22.792+0000] {logging_mixin.py:188} INFO - [2024-04-09T19:11:22.792+0000] {dag.py:3096} INFO - Sync 1 DAGs
[2024-04-09T19:11:22.820+0000] {logging_mixin.py:188} INFO - [2024-04-09T19:11:22.819+0000] {dag.py:3954} INFO - Setting next_dagrun for example_short_circuit_operator to 2024-04-08 00:00:00+00:00, run_after=2024-04-09 00:00:00+00:00
[2024-04-09T19:11:22.844+0000] {processor.py:183} INFO - Processing /home/airflow/.local/lib/python3.12/site-packages/airflow/example_dags/example_short_circuit_operator.py took 0.101 seconds
[2024-04-09T19:11:53.431+0000] {processor.py:161} INFO - Started process (PID=10519) to work on /home/airflow/.local/lib/python3.12/site-packages/airflow/example_dags/example_short_circuit_operator.py
[2024-04-09T19:11:53.432+0000] {processor.py:830} INFO - Processing file /home/airflow/.local/lib/python3.12/site-packages/airflow/example_dags/example_short_circuit_operator.py for tasks to queue
[2024-04-09T19:11:53.434+0000] {logging_mixin.py:188} INFO - [2024-04-09T19:11:53.433+0000] {dagbag.py:540} INFO - Filling up the DagBag from /home/airflow/.local/lib/python3.12/site-packages/airflow/example_dags/example_short_circuit_operator.py
[2024-04-09T19:11:53.442+0000] {processor.py:840} INFO - DAG(s) 'example_short_circuit_operator' retrieved from /home/airflow/.local/lib/python3.12/site-packages/airflow/example_dags/example_short_circuit_operator.py
[2024-04-09T19:11:53.468+0000] {logging_mixin.py:188} INFO - [2024-04-09T19:11:53.468+0000] {dag.py:3096} INFO - Sync 1 DAGs
[2024-04-09T19:11:53.495+0000] {logging_mixin.py:188} INFO - [2024-04-09T19:11:53.495+0000] {dag.py:3954} INFO - Setting next_dagrun for example_short_circuit_operator to 2024-04-08 00:00:00+00:00, run_after=2024-04-09 00:00:00+00:00
[2024-04-09T19:11:53.522+0000] {processor.py:183} INFO - Processing /home/airflow/.local/lib/python3.12/site-packages/airflow/example_dags/example_short_circuit_operator.py took 0.098 seconds
[2024-04-09T19:12:24.047+0000] {processor.py:161} INFO - Started process (PID=10793) to work on /home/airflow/.local/lib/python3.12/site-packages/airflow/example_dags/example_short_circuit_operator.py
[2024-04-09T19:12:24.049+0000] {processor.py:830} INFO - Processing file /home/airflow/.local/lib/python3.12/site-packages/airflow/example_dags/example_short_circuit_operator.py for tasks to queue
[2024-04-09T19:12:24.051+0000] {logging_mixin.py:188} INFO - [2024-04-09T19:12:24.051+0000] {dagbag.py:540} INFO - Filling up the DagBag from /home/airflow/.local/lib/python3.12/site-packages/airflow/example_dags/example_short_circuit_operator.py
[2024-04-09T19:12:24.061+0000] {processor.py:840} INFO - DAG(s) 'example_short_circuit_operator' retrieved from /home/airflow/.local/lib/python3.12/site-packages/airflow/example_dags/example_short_circuit_operator.py
[2024-04-09T19:12:24.105+0000] {logging_mixin.py:188} INFO - [2024-04-09T19:12:24.105+0000] {dag.py:3096} INFO - Sync 1 DAGs
[2024-04-09T19:12:24.132+0000] {logging_mixin.py:188} INFO - [2024-04-09T19:12:24.132+0000] {dag.py:3954} INFO - Setting next_dagrun for example_short_circuit_operator to 2024-04-08 00:00:00+00:00, run_after=2024-04-09 00:00:00+00:00
[2024-04-09T19:12:24.154+0000] {processor.py:183} INFO - Processing /home/airflow/.local/lib/python3.12/site-packages/airflow/example_dags/example_short_circuit_operator.py took 0.114 seconds
[2024-04-09T19:12:54.880+0000] {processor.py:161} INFO - Started process (PID=11066) to work on /home/airflow/.local/lib/python3.12/site-packages/airflow/example_dags/example_short_circuit_operator.py
[2024-04-09T19:12:54.881+0000] {processor.py:830} INFO - Processing file /home/airflow/.local/lib/python3.12/site-packages/airflow/example_dags/example_short_circuit_operator.py for tasks to queue
[2024-04-09T19:12:54.883+0000] {logging_mixin.py:188} INFO - [2024-04-09T19:12:54.882+0000] {dagbag.py:540} INFO - Filling up the DagBag from /home/airflow/.local/lib/python3.12/site-packages/airflow/example_dags/example_short_circuit_operator.py
[2024-04-09T19:12:54.892+0000] {processor.py:840} INFO - DAG(s) 'example_short_circuit_operator' retrieved from /home/airflow/.local/lib/python3.12/site-packages/airflow/example_dags/example_short_circuit_operator.py
[2024-04-09T19:12:54.923+0000] {logging_mixin.py:188} INFO - [2024-04-09T19:12:54.923+0000] {dag.py:3096} INFO - Sync 1 DAGs
[2024-04-09T19:12:54.953+0000] {logging_mixin.py:188} INFO - [2024-04-09T19:12:54.952+0000] {dag.py:3954} INFO - Setting next_dagrun for example_short_circuit_operator to 2024-04-08 00:00:00+00:00, run_after=2024-04-09 00:00:00+00:00
[2024-04-09T19:12:54.982+0000] {processor.py:183} INFO - Processing /home/airflow/.local/lib/python3.12/site-packages/airflow/example_dags/example_short_circuit_operator.py took 0.109 seconds
[2024-04-09T19:13:25.102+0000] {processor.py:161} INFO - Started process (PID=11338) to work on /home/airflow/.local/lib/python3.12/site-packages/airflow/example_dags/example_short_circuit_operator.py
[2024-04-09T19:13:25.103+0000] {processor.py:830} INFO - Processing file /home/airflow/.local/lib/python3.12/site-packages/airflow/example_dags/example_short_circuit_operator.py for tasks to queue
[2024-04-09T19:13:25.105+0000] {logging_mixin.py:188} INFO - [2024-04-09T19:13:25.105+0000] {dagbag.py:540} INFO - Filling up the DagBag from /home/airflow/.local/lib/python3.12/site-packages/airflow/example_dags/example_short_circuit_operator.py
[2024-04-09T19:13:25.113+0000] {processor.py:840} INFO - DAG(s) 'example_short_circuit_operator' retrieved from /home/airflow/.local/lib/python3.12/site-packages/airflow/example_dags/example_short_circuit_operator.py
[2024-04-09T19:13:25.144+0000] {logging_mixin.py:188} INFO - [2024-04-09T19:13:25.144+0000] {dag.py:3096} INFO - Sync 1 DAGs
[2024-04-09T19:13:25.171+0000] {logging_mixin.py:188} INFO - [2024-04-09T19:13:25.171+0000] {dag.py:3954} INFO - Setting next_dagrun for example_short_circuit_operator to 2024-04-08 00:00:00+00:00, run_after=2024-04-09 00:00:00+00:00
[2024-04-09T19:13:25.197+0000] {processor.py:183} INFO - Processing /home/airflow/.local/lib/python3.12/site-packages/airflow/example_dags/example_short_circuit_operator.py took 0.101 seconds
[2024-04-09T19:13:55.273+0000] {processor.py:161} INFO - Started process (PID=11609) to work on /home/airflow/.local/lib/python3.12/site-packages/airflow/example_dags/example_short_circuit_operator.py
[2024-04-09T19:13:55.273+0000] {processor.py:830} INFO - Processing file /home/airflow/.local/lib/python3.12/site-packages/airflow/example_dags/example_short_circuit_operator.py for tasks to queue
[2024-04-09T19:13:55.276+0000] {logging_mixin.py:188} INFO - [2024-04-09T19:13:55.276+0000] {dagbag.py:540} INFO - Filling up the DagBag from /home/airflow/.local/lib/python3.12/site-packages/airflow/example_dags/example_short_circuit_operator.py
[2024-04-09T19:13:55.286+0000] {processor.py:840} INFO - DAG(s) 'example_short_circuit_operator' retrieved from /home/airflow/.local/lib/python3.12/site-packages/airflow/example_dags/example_short_circuit_operator.py
[2024-04-09T19:13:55.313+0000] {logging_mixin.py:188} INFO - [2024-04-09T19:13:55.313+0000] {dag.py:3096} INFO - Sync 1 DAGs
[2024-04-09T19:13:55.343+0000] {logging_mixin.py:188} INFO - [2024-04-09T19:13:55.343+0000] {dag.py:3954} INFO - Setting next_dagrun for example_short_circuit_operator to 2024-04-08 00:00:00+00:00, run_after=2024-04-09 00:00:00+00:00
[2024-04-09T19:13:55.368+0000] {processor.py:183} INFO - Processing /home/airflow/.local/lib/python3.12/site-packages/airflow/example_dags/example_short_circuit_operator.py took 0.101 seconds
[2024-04-09T19:14:25.481+0000] {processor.py:161} INFO - Started process (PID=11881) to work on /home/airflow/.local/lib/python3.12/site-packages/airflow/example_dags/example_short_circuit_operator.py
[2024-04-09T19:14:25.482+0000] {processor.py:830} INFO - Processing file /home/airflow/.local/lib/python3.12/site-packages/airflow/example_dags/example_short_circuit_operator.py for tasks to queue
[2024-04-09T19:14:25.484+0000] {logging_mixin.py:188} INFO - [2024-04-09T19:14:25.484+0000] {dagbag.py:540} INFO - Filling up the DagBag from /home/airflow/.local/lib/python3.12/site-packages/airflow/example_dags/example_short_circuit_operator.py
[2024-04-09T19:14:25.492+0000] {processor.py:840} INFO - DAG(s) 'example_short_circuit_operator' retrieved from /home/airflow/.local/lib/python3.12/site-packages/airflow/example_dags/example_short_circuit_operator.py
[2024-04-09T19:14:25.521+0000] {logging_mixin.py:188} INFO - [2024-04-09T19:14:25.521+0000] {dag.py:3096} INFO - Sync 1 DAGs
[2024-04-09T19:14:25.550+0000] {logging_mixin.py:188} INFO - [2024-04-09T19:14:25.550+0000] {dag.py:3954} INFO - Setting next_dagrun for example_short_circuit_operator to 2024-04-08 00:00:00+00:00, run_after=2024-04-09 00:00:00+00:00
[2024-04-09T19:14:25.574+0000] {processor.py:183} INFO - Processing /home/airflow/.local/lib/python3.12/site-packages/airflow/example_dags/example_short_circuit_operator.py took 0.100 seconds
[2024-04-09T19:14:55.726+0000] {processor.py:161} INFO - Started process (PID=12155) to work on /home/airflow/.local/lib/python3.12/site-packages/airflow/example_dags/example_short_circuit_operator.py
[2024-04-09T19:14:55.731+0000] {processor.py:830} INFO - Processing file /home/airflow/.local/lib/python3.12/site-packages/airflow/example_dags/example_short_circuit_operator.py for tasks to queue
[2024-04-09T19:14:55.733+0000] {logging_mixin.py:188} INFO - [2024-04-09T19:14:55.733+0000] {dagbag.py:540} INFO - Filling up the DagBag from /home/airflow/.local/lib/python3.12/site-packages/airflow/example_dags/example_short_circuit_operator.py
[2024-04-09T19:14:55.742+0000] {processor.py:840} INFO - DAG(s) 'example_short_circuit_operator' retrieved from /home/airflow/.local/lib/python3.12/site-packages/airflow/example_dags/example_short_circuit_operator.py
[2024-04-09T19:14:55.770+0000] {logging_mixin.py:188} INFO - [2024-04-09T19:14:55.770+0000] {dag.py:3096} INFO - Sync 1 DAGs
[2024-04-09T19:14:55.796+0000] {logging_mixin.py:188} INFO - [2024-04-09T19:14:55.796+0000] {dag.py:3954} INFO - Setting next_dagrun for example_short_circuit_operator to 2024-04-08 00:00:00+00:00, run_after=2024-04-09 00:00:00+00:00
[2024-04-09T19:14:55.820+0000] {processor.py:183} INFO - Processing /home/airflow/.local/lib/python3.12/site-packages/airflow/example_dags/example_short_circuit_operator.py took 0.101 seconds
[2024-04-09T19:15:26.516+0000] {processor.py:161} INFO - Started process (PID=12422) to work on /home/airflow/.local/lib/python3.12/site-packages/airflow/example_dags/example_short_circuit_operator.py
[2024-04-09T19:15:26.517+0000] {processor.py:830} INFO - Processing file /home/airflow/.local/lib/python3.12/site-packages/airflow/example_dags/example_short_circuit_operator.py for tasks to queue
[2024-04-09T19:15:26.519+0000] {logging_mixin.py:188} INFO - [2024-04-09T19:15:26.519+0000] {dagbag.py:540} INFO - Filling up the DagBag from /home/airflow/.local/lib/python3.12/site-packages/airflow/example_dags/example_short_circuit_operator.py
[2024-04-09T19:15:26.528+0000] {processor.py:840} INFO - DAG(s) 'example_short_circuit_operator' retrieved from /home/airflow/.local/lib/python3.12/site-packages/airflow/example_dags/example_short_circuit_operator.py
[2024-04-09T19:15:26.555+0000] {logging_mixin.py:188} INFO - [2024-04-09T19:15:26.555+0000] {dag.py:3096} INFO - Sync 1 DAGs
[2024-04-09T19:15:26.584+0000] {logging_mixin.py:188} INFO - [2024-04-09T19:15:26.584+0000] {dag.py:3954} INFO - Setting next_dagrun for example_short_circuit_operator to 2024-04-08 00:00:00+00:00, run_after=2024-04-09 00:00:00+00:00
[2024-04-09T19:15:26.628+0000] {processor.py:183} INFO - Processing /home/airflow/.local/lib/python3.12/site-packages/airflow/example_dags/example_short_circuit_operator.py took 0.119 seconds
[2024-04-09T19:15:57.361+0000] {processor.py:161} INFO - Started process (PID=12694) to work on /home/airflow/.local/lib/python3.12/site-packages/airflow/example_dags/example_short_circuit_operator.py
[2024-04-09T19:15:57.362+0000] {processor.py:830} INFO - Processing file /home/airflow/.local/lib/python3.12/site-packages/airflow/example_dags/example_short_circuit_operator.py for tasks to queue
[2024-04-09T19:15:57.364+0000] {logging_mixin.py:188} INFO - [2024-04-09T19:15:57.364+0000] {dagbag.py:540} INFO - Filling up the DagBag from /home/airflow/.local/lib/python3.12/site-packages/airflow/example_dags/example_short_circuit_operator.py
[2024-04-09T19:15:57.372+0000] {processor.py:840} INFO - DAG(s) 'example_short_circuit_operator' retrieved from /home/airflow/.local/lib/python3.12/site-packages/airflow/example_dags/example_short_circuit_operator.py
[2024-04-09T19:15:57.399+0000] {logging_mixin.py:188} INFO - [2024-04-09T19:15:57.399+0000] {dag.py:3096} INFO - Sync 1 DAGs
[2024-04-09T19:15:57.426+0000] {logging_mixin.py:188} INFO - [2024-04-09T19:15:57.425+0000] {dag.py:3954} INFO - Setting next_dagrun for example_short_circuit_operator to 2024-04-08 00:00:00+00:00, run_after=2024-04-09 00:00:00+00:00
[2024-04-09T19:15:57.450+0000] {processor.py:183} INFO - Processing /home/airflow/.local/lib/python3.12/site-packages/airflow/example_dags/example_short_circuit_operator.py took 0.095 seconds
[2024-04-09T19:16:27.577+0000] {processor.py:161} INFO - Started process (PID=12967) to work on /home/airflow/.local/lib/python3.12/site-packages/airflow/example_dags/example_short_circuit_operator.py
[2024-04-09T19:16:27.578+0000] {processor.py:830} INFO - Processing file /home/airflow/.local/lib/python3.12/site-packages/airflow/example_dags/example_short_circuit_operator.py for tasks to queue
[2024-04-09T19:16:27.581+0000] {logging_mixin.py:188} INFO - [2024-04-09T19:16:27.580+0000] {dagbag.py:540} INFO - Filling up the DagBag from /home/airflow/.local/lib/python3.12/site-packages/airflow/example_dags/example_short_circuit_operator.py
[2024-04-09T19:16:27.590+0000] {processor.py:840} INFO - DAG(s) 'example_short_circuit_operator' retrieved from /home/airflow/.local/lib/python3.12/site-packages/airflow/example_dags/example_short_circuit_operator.py
[2024-04-09T19:16:27.615+0000] {logging_mixin.py:188} INFO - [2024-04-09T19:16:27.615+0000] {dag.py:3096} INFO - Sync 1 DAGs
[2024-04-09T19:16:27.641+0000] {logging_mixin.py:188} INFO - [2024-04-09T19:16:27.641+0000] {dag.py:3954} INFO - Setting next_dagrun for example_short_circuit_operator to 2024-04-08 00:00:00+00:00, run_after=2024-04-09 00:00:00+00:00
[2024-04-09T19:16:27.665+0000] {processor.py:183} INFO - Processing /home/airflow/.local/lib/python3.12/site-packages/airflow/example_dags/example_short_circuit_operator.py took 0.095 seconds
[2024-04-09T19:16:58.533+0000] {processor.py:161} INFO - Started process (PID=13239) to work on /home/airflow/.local/lib/python3.12/site-packages/airflow/example_dags/example_short_circuit_operator.py
[2024-04-09T19:16:58.534+0000] {processor.py:830} INFO - Processing file /home/airflow/.local/lib/python3.12/site-packages/airflow/example_dags/example_short_circuit_operator.py for tasks to queue
[2024-04-09T19:16:58.536+0000] {logging_mixin.py:188} INFO - [2024-04-09T19:16:58.536+0000] {dagbag.py:540} INFO - Filling up the DagBag from /home/airflow/.local/lib/python3.12/site-packages/airflow/example_dags/example_short_circuit_operator.py
[2024-04-09T19:16:58.545+0000] {processor.py:840} INFO - DAG(s) 'example_short_circuit_operator' retrieved from /home/airflow/.local/lib/python3.12/site-packages/airflow/example_dags/example_short_circuit_operator.py
[2024-04-09T19:16:58.575+0000] {logging_mixin.py:188} INFO - [2024-04-09T19:16:58.575+0000] {dag.py:3096} INFO - Sync 1 DAGs
[2024-04-09T19:16:58.604+0000] {logging_mixin.py:188} INFO - [2024-04-09T19:16:58.604+0000] {dag.py:3954} INFO - Setting next_dagrun for example_short_circuit_operator to 2024-04-08 00:00:00+00:00, run_after=2024-04-09 00:00:00+00:00
[2024-04-09T19:16:58.627+0000] {processor.py:183} INFO - Processing /home/airflow/.local/lib/python3.12/site-packages/airflow/example_dags/example_short_circuit_operator.py took 0.101 seconds
[2024-04-09T19:17:29.210+0000] {processor.py:161} INFO - Started process (PID=13511) to work on /home/airflow/.local/lib/python3.12/site-packages/airflow/example_dags/example_short_circuit_operator.py
[2024-04-09T19:17:29.212+0000] {processor.py:830} INFO - Processing file /home/airflow/.local/lib/python3.12/site-packages/airflow/example_dags/example_short_circuit_operator.py for tasks to queue
[2024-04-09T19:17:29.214+0000] {logging_mixin.py:188} INFO - [2024-04-09T19:17:29.214+0000] {dagbag.py:540} INFO - Filling up the DagBag from /home/airflow/.local/lib/python3.12/site-packages/airflow/example_dags/example_short_circuit_operator.py
[2024-04-09T19:17:29.234+0000] {processor.py:840} INFO - DAG(s) 'example_short_circuit_operator' retrieved from /home/airflow/.local/lib/python3.12/site-packages/airflow/example_dags/example_short_circuit_operator.py
[2024-04-09T19:17:29.272+0000] {logging_mixin.py:188} INFO - [2024-04-09T19:17:29.272+0000] {dag.py:3096} INFO - Sync 1 DAGs
[2024-04-09T19:17:29.298+0000] {logging_mixin.py:188} INFO - [2024-04-09T19:17:29.298+0000] {dag.py:3954} INFO - Setting next_dagrun for example_short_circuit_operator to 2024-04-08 00:00:00+00:00, run_after=2024-04-09 00:00:00+00:00
[2024-04-09T19:17:29.324+0000] {processor.py:183} INFO - Processing /home/airflow/.local/lib/python3.12/site-packages/airflow/example_dags/example_short_circuit_operator.py took 0.122 seconds
[2024-04-09T19:17:59.903+0000] {processor.py:161} INFO - Started process (PID=13782) to work on /home/airflow/.local/lib/python3.12/site-packages/airflow/example_dags/example_short_circuit_operator.py
[2024-04-09T19:17:59.904+0000] {processor.py:830} INFO - Processing file /home/airflow/.local/lib/python3.12/site-packages/airflow/example_dags/example_short_circuit_operator.py for tasks to queue
[2024-04-09T19:17:59.906+0000] {logging_mixin.py:188} INFO - [2024-04-09T19:17:59.906+0000] {dagbag.py:540} INFO - Filling up the DagBag from /home/airflow/.local/lib/python3.12/site-packages/airflow/example_dags/example_short_circuit_operator.py
[2024-04-09T19:17:59.915+0000] {processor.py:840} INFO - DAG(s) 'example_short_circuit_operator' retrieved from /home/airflow/.local/lib/python3.12/site-packages/airflow/example_dags/example_short_circuit_operator.py
[2024-04-09T19:17:59.944+0000] {logging_mixin.py:188} INFO - [2024-04-09T19:17:59.943+0000] {dag.py:3096} INFO - Sync 1 DAGs
[2024-04-09T19:17:59.974+0000] {logging_mixin.py:188} INFO - [2024-04-09T19:17:59.974+0000] {dag.py:3954} INFO - Setting next_dagrun for example_short_circuit_operator to 2024-04-08 00:00:00+00:00, run_after=2024-04-09 00:00:00+00:00
[2024-04-09T19:18:00.000+0000] {processor.py:183} INFO - Processing /home/airflow/.local/lib/python3.12/site-packages/airflow/example_dags/example_short_circuit_operator.py took 0.106 seconds
[2024-04-09T19:18:30.727+0000] {processor.py:161} INFO - Started process (PID=14057) to work on /home/airflow/.local/lib/python3.12/site-packages/airflow/example_dags/example_short_circuit_operator.py
[2024-04-09T19:18:30.728+0000] {processor.py:830} INFO - Processing file /home/airflow/.local/lib/python3.12/site-packages/airflow/example_dags/example_short_circuit_operator.py for tasks to queue
[2024-04-09T19:18:30.731+0000] {logging_mixin.py:188} INFO - [2024-04-09T19:18:30.730+0000] {dagbag.py:540} INFO - Filling up the DagBag from /home/airflow/.local/lib/python3.12/site-packages/airflow/example_dags/example_short_circuit_operator.py
[2024-04-09T19:18:30.741+0000] {processor.py:840} INFO - DAG(s) 'example_short_circuit_operator' retrieved from /home/airflow/.local/lib/python3.12/site-packages/airflow/example_dags/example_short_circuit_operator.py
[2024-04-09T19:18:30.772+0000] {logging_mixin.py:188} INFO - [2024-04-09T19:18:30.772+0000] {dag.py:3096} INFO - Sync 1 DAGs
[2024-04-09T19:18:30.797+0000] {logging_mixin.py:188} INFO - [2024-04-09T19:18:30.797+0000] {dag.py:3954} INFO - Setting next_dagrun for example_short_circuit_operator to 2024-04-08 00:00:00+00:00, run_after=2024-04-09 00:00:00+00:00
[2024-04-09T19:18:30.828+0000] {processor.py:183} INFO - Processing /home/airflow/.local/lib/python3.12/site-packages/airflow/example_dags/example_short_circuit_operator.py took 0.108 seconds
[2024-04-09T19:19:01.540+0000] {processor.py:161} INFO - Started process (PID=14327) to work on /home/airflow/.local/lib/python3.12/site-packages/airflow/example_dags/example_short_circuit_operator.py
[2024-04-09T19:19:01.541+0000] {processor.py:830} INFO - Processing file /home/airflow/.local/lib/python3.12/site-packages/airflow/example_dags/example_short_circuit_operator.py for tasks to queue
[2024-04-09T19:19:01.547+0000] {logging_mixin.py:188} INFO - [2024-04-09T19:19:01.546+0000] {dagbag.py:540} INFO - Filling up the DagBag from /home/airflow/.local/lib/python3.12/site-packages/airflow/example_dags/example_short_circuit_operator.py
[2024-04-09T19:19:01.556+0000] {processor.py:840} INFO - DAG(s) 'example_short_circuit_operator' retrieved from /home/airflow/.local/lib/python3.12/site-packages/airflow/example_dags/example_short_circuit_operator.py
[2024-04-09T19:19:01.641+0000] {logging_mixin.py:188} INFO - [2024-04-09T19:19:01.641+0000] {dag.py:3096} INFO - Sync 1 DAGs
[2024-04-09T19:19:01.691+0000] {logging_mixin.py:188} INFO - [2024-04-09T19:19:01.690+0000] {dag.py:3954} INFO - Setting next_dagrun for example_short_circuit_operator to 2024-04-08 00:00:00+00:00, run_after=2024-04-09 00:00:00+00:00
[2024-04-09T19:19:01.715+0000] {processor.py:183} INFO - Processing /home/airflow/.local/lib/python3.12/site-packages/airflow/example_dags/example_short_circuit_operator.py took 0.182 seconds
[2024-04-09T19:19:32.690+0000] {processor.py:161} INFO - Started process (PID=14598) to work on /home/airflow/.local/lib/python3.12/site-packages/airflow/example_dags/example_short_circuit_operator.py
[2024-04-09T19:19:32.691+0000] {processor.py:830} INFO - Processing file /home/airflow/.local/lib/python3.12/site-packages/airflow/example_dags/example_short_circuit_operator.py for tasks to queue
[2024-04-09T19:19:32.694+0000] {logging_mixin.py:188} INFO - [2024-04-09T19:19:32.693+0000] {dagbag.py:540} INFO - Filling up the DagBag from /home/airflow/.local/lib/python3.12/site-packages/airflow/example_dags/example_short_circuit_operator.py
[2024-04-09T19:19:32.704+0000] {processor.py:840} INFO - DAG(s) 'example_short_circuit_operator' retrieved from /home/airflow/.local/lib/python3.12/site-packages/airflow/example_dags/example_short_circuit_operator.py
[2024-04-09T19:19:32.730+0000] {logging_mixin.py:188} INFO - [2024-04-09T19:19:32.730+0000] {dag.py:3096} INFO - Sync 1 DAGs
[2024-04-09T19:19:32.780+0000] {logging_mixin.py:188} INFO - [2024-04-09T19:19:32.780+0000] {dag.py:3954} INFO - Setting next_dagrun for example_short_circuit_operator to 2024-04-08 00:00:00+00:00, run_after=2024-04-09 00:00:00+00:00
[2024-04-09T19:19:32.805+0000] {processor.py:183} INFO - Processing /home/airflow/.local/lib/python3.12/site-packages/airflow/example_dags/example_short_circuit_operator.py took 0.121 seconds
[2024-04-09T19:20:03.206+0000] {processor.py:161} INFO - Started process (PID=14871) to work on /home/airflow/.local/lib/python3.12/site-packages/airflow/example_dags/example_short_circuit_operator.py
[2024-04-09T19:20:03.207+0000] {processor.py:830} INFO - Processing file /home/airflow/.local/lib/python3.12/site-packages/airflow/example_dags/example_short_circuit_operator.py for tasks to queue
[2024-04-09T19:20:03.208+0000] {logging_mixin.py:188} INFO - [2024-04-09T19:20:03.208+0000] {dagbag.py:540} INFO - Filling up the DagBag from /home/airflow/.local/lib/python3.12/site-packages/airflow/example_dags/example_short_circuit_operator.py
[2024-04-09T19:20:03.217+0000] {processor.py:840} INFO - DAG(s) 'example_short_circuit_operator' retrieved from /home/airflow/.local/lib/python3.12/site-packages/airflow/example_dags/example_short_circuit_operator.py
[2024-04-09T19:20:03.250+0000] {logging_mixin.py:188} INFO - [2024-04-09T19:20:03.250+0000] {dag.py:3096} INFO - Sync 1 DAGs
[2024-04-09T19:20:03.278+0000] {logging_mixin.py:188} INFO - [2024-04-09T19:20:03.278+0000] {dag.py:3954} INFO - Setting next_dagrun for example_short_circuit_operator to 2024-04-08 00:00:00+00:00, run_after=2024-04-09 00:00:00+00:00
[2024-04-09T19:20:03.304+0000] {processor.py:183} INFO - Processing /home/airflow/.local/lib/python3.12/site-packages/airflow/example_dags/example_short_circuit_operator.py took 0.105 seconds
[2024-04-09T19:20:33.839+0000] {processor.py:161} INFO - Started process (PID=15144) to work on /home/airflow/.local/lib/python3.12/site-packages/airflow/example_dags/example_short_circuit_operator.py
[2024-04-09T19:20:33.840+0000] {processor.py:830} INFO - Processing file /home/airflow/.local/lib/python3.12/site-packages/airflow/example_dags/example_short_circuit_operator.py for tasks to queue
[2024-04-09T19:20:33.842+0000] {logging_mixin.py:188} INFO - [2024-04-09T19:20:33.842+0000] {dagbag.py:540} INFO - Filling up the DagBag from /home/airflow/.local/lib/python3.12/site-packages/airflow/example_dags/example_short_circuit_operator.py
[2024-04-09T19:20:33.852+0000] {processor.py:840} INFO - DAG(s) 'example_short_circuit_operator' retrieved from /home/airflow/.local/lib/python3.12/site-packages/airflow/example_dags/example_short_circuit_operator.py
[2024-04-09T19:20:33.880+0000] {logging_mixin.py:188} INFO - [2024-04-09T19:20:33.880+0000] {dag.py:3096} INFO - Sync 1 DAGs
[2024-04-09T19:20:33.911+0000] {logging_mixin.py:188} INFO - [2024-04-09T19:20:33.910+0000] {dag.py:3954} INFO - Setting next_dagrun for example_short_circuit_operator to 2024-04-08 00:00:00+00:00, run_after=2024-04-09 00:00:00+00:00
[2024-04-09T19:20:33.934+0000] {processor.py:183} INFO - Processing /home/airflow/.local/lib/python3.12/site-packages/airflow/example_dags/example_short_circuit_operator.py took 0.105 seconds
[2024-04-09T19:21:04.617+0000] {processor.py:161} INFO - Started process (PID=15416) to work on /home/airflow/.local/lib/python3.12/site-packages/airflow/example_dags/example_short_circuit_operator.py
[2024-04-09T19:21:04.619+0000] {processor.py:830} INFO - Processing file /home/airflow/.local/lib/python3.12/site-packages/airflow/example_dags/example_short_circuit_operator.py for tasks to queue
[2024-04-09T19:21:04.621+0000] {logging_mixin.py:188} INFO - [2024-04-09T19:21:04.621+0000] {dagbag.py:540} INFO - Filling up the DagBag from /home/airflow/.local/lib/python3.12/site-packages/airflow/example_dags/example_short_circuit_operator.py
[2024-04-09T19:21:04.630+0000] {processor.py:840} INFO - DAG(s) 'example_short_circuit_operator' retrieved from /home/airflow/.local/lib/python3.12/site-packages/airflow/example_dags/example_short_circuit_operator.py
[2024-04-09T19:21:04.662+0000] {logging_mixin.py:188} INFO - [2024-04-09T19:21:04.662+0000] {dag.py:3096} INFO - Sync 1 DAGs
[2024-04-09T19:21:04.690+0000] {logging_mixin.py:188} INFO - [2024-04-09T19:21:04.689+0000] {dag.py:3954} INFO - Setting next_dagrun for example_short_circuit_operator to 2024-04-08 00:00:00+00:00, run_after=2024-04-09 00:00:00+00:00
[2024-04-09T19:21:04.713+0000] {processor.py:183} INFO - Processing /home/airflow/.local/lib/python3.12/site-packages/airflow/example_dags/example_short_circuit_operator.py took 0.103 seconds
[2024-04-09T19:21:35.060+0000] {processor.py:161} INFO - Started process (PID=15689) to work on /home/airflow/.local/lib/python3.12/site-packages/airflow/example_dags/example_short_circuit_operator.py
[2024-04-09T19:21:35.061+0000] {processor.py:830} INFO - Processing file /home/airflow/.local/lib/python3.12/site-packages/airflow/example_dags/example_short_circuit_operator.py for tasks to queue
[2024-04-09T19:21:35.063+0000] {logging_mixin.py:188} INFO - [2024-04-09T19:21:35.063+0000] {dagbag.py:540} INFO - Filling up the DagBag from /home/airflow/.local/lib/python3.12/site-packages/airflow/example_dags/example_short_circuit_operator.py
[2024-04-09T19:21:35.072+0000] {processor.py:840} INFO - DAG(s) 'example_short_circuit_operator' retrieved from /home/airflow/.local/lib/python3.12/site-packages/airflow/example_dags/example_short_circuit_operator.py
[2024-04-09T19:21:35.099+0000] {logging_mixin.py:188} INFO - [2024-04-09T19:21:35.098+0000] {dag.py:3096} INFO - Sync 1 DAGs
[2024-04-09T19:21:35.128+0000] {logging_mixin.py:188} INFO - [2024-04-09T19:21:35.128+0000] {dag.py:3954} INFO - Setting next_dagrun for example_short_circuit_operator to 2024-04-08 00:00:00+00:00, run_after=2024-04-09 00:00:00+00:00
[2024-04-09T19:21:35.169+0000] {processor.py:183} INFO - Processing /home/airflow/.local/lib/python3.12/site-packages/airflow/example_dags/example_short_circuit_operator.py took 0.116 seconds
[2024-04-09T19:22:05.469+0000] {processor.py:161} INFO - Started process (PID=15961) to work on /home/airflow/.local/lib/python3.12/site-packages/airflow/example_dags/example_short_circuit_operator.py
[2024-04-09T19:22:05.471+0000] {processor.py:830} INFO - Processing file /home/airflow/.local/lib/python3.12/site-packages/airflow/example_dags/example_short_circuit_operator.py for tasks to queue
[2024-04-09T19:22:05.473+0000] {logging_mixin.py:188} INFO - [2024-04-09T19:22:05.472+0000] {dagbag.py:540} INFO - Filling up the DagBag from /home/airflow/.local/lib/python3.12/site-packages/airflow/example_dags/example_short_circuit_operator.py
[2024-04-09T19:22:05.483+0000] {processor.py:840} INFO - DAG(s) 'example_short_circuit_operator' retrieved from /home/airflow/.local/lib/python3.12/site-packages/airflow/example_dags/example_short_circuit_operator.py
[2024-04-09T19:22:05.512+0000] {logging_mixin.py:188} INFO - [2024-04-09T19:22:05.512+0000] {dag.py:3096} INFO - Sync 1 DAGs
[2024-04-09T19:22:05.541+0000] {logging_mixin.py:188} INFO - [2024-04-09T19:22:05.540+0000] {dag.py:3954} INFO - Setting next_dagrun for example_short_circuit_operator to 2024-04-08 00:00:00+00:00, run_after=2024-04-09 00:00:00+00:00
[2024-04-09T19:22:05.567+0000] {processor.py:183} INFO - Processing /home/airflow/.local/lib/python3.12/site-packages/airflow/example_dags/example_short_circuit_operator.py took 0.104 seconds
[2024-04-09T19:22:36.225+0000] {processor.py:161} INFO - Started process (PID=16233) to work on /home/airflow/.local/lib/python3.12/site-packages/airflow/example_dags/example_short_circuit_operator.py
[2024-04-09T19:22:36.226+0000] {processor.py:830} INFO - Processing file /home/airflow/.local/lib/python3.12/site-packages/airflow/example_dags/example_short_circuit_operator.py for tasks to queue
[2024-04-09T19:22:36.228+0000] {logging_mixin.py:188} INFO - [2024-04-09T19:22:36.228+0000] {dagbag.py:540} INFO - Filling up the DagBag from /home/airflow/.local/lib/python3.12/site-packages/airflow/example_dags/example_short_circuit_operator.py
[2024-04-09T19:22:36.241+0000] {processor.py:840} INFO - DAG(s) 'example_short_circuit_operator' retrieved from /home/airflow/.local/lib/python3.12/site-packages/airflow/example_dags/example_short_circuit_operator.py
[2024-04-09T19:22:36.269+0000] {logging_mixin.py:188} INFO - [2024-04-09T19:22:36.269+0000] {dag.py:3096} INFO - Sync 1 DAGs
[2024-04-09T19:22:36.296+0000] {logging_mixin.py:188} INFO - [2024-04-09T19:22:36.296+0000] {dag.py:3954} INFO - Setting next_dagrun for example_short_circuit_operator to 2024-04-08 00:00:00+00:00, run_after=2024-04-09 00:00:00+00:00
[2024-04-09T19:22:36.320+0000] {processor.py:183} INFO - Processing /home/airflow/.local/lib/python3.12/site-packages/airflow/example_dags/example_short_circuit_operator.py took 0.101 seconds
[2024-04-09T19:23:06.778+0000] {processor.py:161} INFO - Started process (PID=16505) to work on /home/airflow/.local/lib/python3.12/site-packages/airflow/example_dags/example_short_circuit_operator.py
[2024-04-09T19:23:06.778+0000] {processor.py:830} INFO - Processing file /home/airflow/.local/lib/python3.12/site-packages/airflow/example_dags/example_short_circuit_operator.py for tasks to queue
[2024-04-09T19:23:06.780+0000] {logging_mixin.py:188} INFO - [2024-04-09T19:23:06.780+0000] {dagbag.py:540} INFO - Filling up the DagBag from /home/airflow/.local/lib/python3.12/site-packages/airflow/example_dags/example_short_circuit_operator.py
[2024-04-09T19:23:06.788+0000] {processor.py:840} INFO - DAG(s) 'example_short_circuit_operator' retrieved from /home/airflow/.local/lib/python3.12/site-packages/airflow/example_dags/example_short_circuit_operator.py
[2024-04-09T19:23:06.817+0000] {logging_mixin.py:188} INFO - [2024-04-09T19:23:06.817+0000] {dag.py:3096} INFO - Sync 1 DAGs
[2024-04-09T19:23:06.845+0000] {logging_mixin.py:188} INFO - [2024-04-09T19:23:06.844+0000] {dag.py:3954} INFO - Setting next_dagrun for example_short_circuit_operator to 2024-04-08 00:00:00+00:00, run_after=2024-04-09 00:00:00+00:00
[2024-04-09T19:23:06.875+0000] {processor.py:183} INFO - Processing /home/airflow/.local/lib/python3.12/site-packages/airflow/example_dags/example_short_circuit_operator.py took 0.104 seconds
[2024-04-09T19:23:37.216+0000] {processor.py:161} INFO - Started process (PID=16777) to work on /home/airflow/.local/lib/python3.12/site-packages/airflow/example_dags/example_short_circuit_operator.py
[2024-04-09T19:23:37.217+0000] {processor.py:830} INFO - Processing file /home/airflow/.local/lib/python3.12/site-packages/airflow/example_dags/example_short_circuit_operator.py for tasks to queue
[2024-04-09T19:23:37.219+0000] {logging_mixin.py:188} INFO - [2024-04-09T19:23:37.218+0000] {dagbag.py:540} INFO - Filling up the DagBag from /home/airflow/.local/lib/python3.12/site-packages/airflow/example_dags/example_short_circuit_operator.py
[2024-04-09T19:23:37.229+0000] {processor.py:840} INFO - DAG(s) 'example_short_circuit_operator' retrieved from /home/airflow/.local/lib/python3.12/site-packages/airflow/example_dags/example_short_circuit_operator.py
[2024-04-09T19:23:37.297+0000] {logging_mixin.py:188} INFO - [2024-04-09T19:23:37.297+0000] {dag.py:3096} INFO - Sync 1 DAGs
[2024-04-09T19:23:37.346+0000] {logging_mixin.py:188} INFO - [2024-04-09T19:23:37.346+0000] {dag.py:3954} INFO - Setting next_dagrun for example_short_circuit_operator to 2024-04-08 00:00:00+00:00, run_after=2024-04-09 00:00:00+00:00
[2024-04-09T19:23:37.387+0000] {processor.py:183} INFO - Processing /home/airflow/.local/lib/python3.12/site-packages/airflow/example_dags/example_short_circuit_operator.py took 0.178 seconds
