[2024-04-09T18:50:58.505+0000] {processor.py:161} INFO - Started process (PID=324) to work on /home/airflow/.local/lib/python3.12/site-packages/airflow/example_dags/tutorial_dag.py
[2024-04-09T18:50:58.506+0000] {processor.py:830} INFO - Processing file /home/airflow/.local/lib/python3.12/site-packages/airflow/example_dags/tutorial_dag.py for tasks to queue
[2024-04-09T18:50:58.508+0000] {logging_mixin.py:188} INFO - [2024-04-09T18:50:58.508+0000] {dagbag.py:540} INFO - Filling up the DagBag from /home/airflow/.local/lib/python3.12/site-packages/airflow/example_dags/tutorial_dag.py
[2024-04-09T18:50:58.517+0000] {processor.py:840} INFO - DAG(s) 'tutorial_dag' retrieved from /home/airflow/.local/lib/python3.12/site-packages/airflow/example_dags/tutorial_dag.py
[2024-04-09T18:50:58.755+0000] {logging_mixin.py:188} INFO - [2024-04-09T18:50:58.755+0000] {override.py:1829} INFO - Created Permission View: can edit on DAG:tutorial_dag
[2024-04-09T18:50:58.781+0000] {logging_mixin.py:188} INFO - [2024-04-09T18:50:58.781+0000] {override.py:1829} INFO - Created Permission View: can delete on DAG:tutorial_dag
[2024-04-09T18:50:58.801+0000] {logging_mixin.py:188} INFO - [2024-04-09T18:50:58.801+0000] {override.py:1829} INFO - Created Permission View: can read on DAG:tutorial_dag
[2024-04-09T18:50:58.802+0000] {logging_mixin.py:188} INFO - [2024-04-09T18:50:58.802+0000] {dag.py:3096} INFO - Sync 1 DAGs
[2024-04-09T18:50:58.828+0000] {logging_mixin.py:188} INFO - [2024-04-09T18:50:58.828+0000] {dag.py:3118} INFO - Creating ORM DAG for tutorial_dag
[2024-04-09T18:50:58.829+0000] {logging_mixin.py:188} INFO - [2024-04-09T18:50:58.829+0000] {dag.py:3954} INFO - Setting next_dagrun for tutorial_dag to None, run_after=None
[2024-04-09T18:50:58.949+0000] {processor.py:183} INFO - Processing /home/airflow/.local/lib/python3.12/site-packages/airflow/example_dags/tutorial_dag.py took 0.451 seconds
[2024-04-09T18:51:29.145+0000] {processor.py:161} INFO - Started process (PID=588) to work on /home/airflow/.local/lib/python3.12/site-packages/airflow/example_dags/tutorial_dag.py
[2024-04-09T18:51:29.146+0000] {processor.py:830} INFO - Processing file /home/airflow/.local/lib/python3.12/site-packages/airflow/example_dags/tutorial_dag.py for tasks to queue
[2024-04-09T18:51:29.147+0000] {logging_mixin.py:188} INFO - [2024-04-09T18:51:29.147+0000] {dagbag.py:540} INFO - Filling up the DagBag from /home/airflow/.local/lib/python3.12/site-packages/airflow/example_dags/tutorial_dag.py
[2024-04-09T18:51:29.151+0000] {processor.py:840} INFO - DAG(s) 'tutorial_dag' retrieved from /home/airflow/.local/lib/python3.12/site-packages/airflow/example_dags/tutorial_dag.py
[2024-04-09T18:51:29.167+0000] {logging_mixin.py:188} INFO - [2024-04-09T18:51:29.167+0000] {dag.py:3096} INFO - Sync 1 DAGs
[2024-04-09T18:51:29.177+0000] {logging_mixin.py:188} INFO - [2024-04-09T18:51:29.177+0000] {dag.py:3954} INFO - Setting next_dagrun for tutorial_dag to None, run_after=None
[2024-04-09T18:51:29.195+0000] {processor.py:183} INFO - Processing /home/airflow/.local/lib/python3.12/site-packages/airflow/example_dags/tutorial_dag.py took 0.055 seconds
[2024-04-09T18:52:37.077+0000] {processor.py:161} INFO - Started process (PID=323) to work on /home/airflow/.local/lib/python3.12/site-packages/airflow/example_dags/tutorial_dag.py
[2024-04-09T18:52:37.080+0000] {processor.py:830} INFO - Processing file /home/airflow/.local/lib/python3.12/site-packages/airflow/example_dags/tutorial_dag.py for tasks to queue
[2024-04-09T18:52:37.102+0000] {logging_mixin.py:188} INFO - [2024-04-09T18:52:37.101+0000] {dagbag.py:540} INFO - Filling up the DagBag from /home/airflow/.local/lib/python3.12/site-packages/airflow/example_dags/tutorial_dag.py
[2024-04-09T18:52:37.118+0000] {processor.py:840} INFO - DAG(s) 'tutorial_dag' retrieved from /home/airflow/.local/lib/python3.12/site-packages/airflow/example_dags/tutorial_dag.py
[2024-04-09T18:52:37.414+0000] {logging_mixin.py:188} INFO - [2024-04-09T18:52:37.413+0000] {dag.py:3096} INFO - Sync 1 DAGs
[2024-04-09T18:52:37.428+0000] {logging_mixin.py:188} INFO - [2024-04-09T18:52:37.428+0000] {dag.py:3954} INFO - Setting next_dagrun for tutorial_dag to None, run_after=None
[2024-04-09T18:52:37.456+0000] {processor.py:183} INFO - Processing /home/airflow/.local/lib/python3.12/site-packages/airflow/example_dags/tutorial_dag.py took 0.394 seconds
[2024-04-09T18:53:07.516+0000] {processor.py:161} INFO - Started process (PID=587) to work on /home/airflow/.local/lib/python3.12/site-packages/airflow/example_dags/tutorial_dag.py
[2024-04-09T18:53:07.517+0000] {processor.py:830} INFO - Processing file /home/airflow/.local/lib/python3.12/site-packages/airflow/example_dags/tutorial_dag.py for tasks to queue
[2024-04-09T18:53:07.520+0000] {logging_mixin.py:188} INFO - [2024-04-09T18:53:07.519+0000] {dagbag.py:540} INFO - Filling up the DagBag from /home/airflow/.local/lib/python3.12/site-packages/airflow/example_dags/tutorial_dag.py
[2024-04-09T18:53:07.525+0000] {processor.py:840} INFO - DAG(s) 'tutorial_dag' retrieved from /home/airflow/.local/lib/python3.12/site-packages/airflow/example_dags/tutorial_dag.py
[2024-04-09T18:53:07.549+0000] {logging_mixin.py:188} INFO - [2024-04-09T18:53:07.549+0000] {dag.py:3096} INFO - Sync 1 DAGs
[2024-04-09T18:53:07.576+0000] {logging_mixin.py:188} INFO - [2024-04-09T18:53:07.575+0000] {dag.py:3954} INFO - Setting next_dagrun for tutorial_dag to None, run_after=None
[2024-04-09T18:53:07.604+0000] {processor.py:183} INFO - Processing /home/airflow/.local/lib/python3.12/site-packages/airflow/example_dags/tutorial_dag.py took 0.096 seconds
[2024-04-09T18:53:37.867+0000] {processor.py:161} INFO - Started process (PID=847) to work on /home/airflow/.local/lib/python3.12/site-packages/airflow/example_dags/tutorial_dag.py
[2024-04-09T18:53:37.868+0000] {processor.py:830} INFO - Processing file /home/airflow/.local/lib/python3.12/site-packages/airflow/example_dags/tutorial_dag.py for tasks to queue
[2024-04-09T18:53:37.870+0000] {logging_mixin.py:188} INFO - [2024-04-09T18:53:37.870+0000] {dagbag.py:540} INFO - Filling up the DagBag from /home/airflow/.local/lib/python3.12/site-packages/airflow/example_dags/tutorial_dag.py
[2024-04-09T18:53:37.875+0000] {processor.py:840} INFO - DAG(s) 'tutorial_dag' retrieved from /home/airflow/.local/lib/python3.12/site-packages/airflow/example_dags/tutorial_dag.py
[2024-04-09T18:53:37.899+0000] {logging_mixin.py:188} INFO - [2024-04-09T18:53:37.898+0000] {dag.py:3096} INFO - Sync 1 DAGs
[2024-04-09T18:53:37.912+0000] {logging_mixin.py:188} INFO - [2024-04-09T18:53:37.912+0000] {dag.py:3954} INFO - Setting next_dagrun for tutorial_dag to None, run_after=None
[2024-04-09T18:53:37.935+0000] {processor.py:183} INFO - Processing /home/airflow/.local/lib/python3.12/site-packages/airflow/example_dags/tutorial_dag.py took 0.078 seconds
[2024-04-09T18:54:08.090+0000] {processor.py:161} INFO - Started process (PID=1109) to work on /home/airflow/.local/lib/python3.12/site-packages/airflow/example_dags/tutorial_dag.py
[2024-04-09T18:54:08.091+0000] {processor.py:830} INFO - Processing file /home/airflow/.local/lib/python3.12/site-packages/airflow/example_dags/tutorial_dag.py for tasks to queue
[2024-04-09T18:54:08.093+0000] {logging_mixin.py:188} INFO - [2024-04-09T18:54:08.093+0000] {dagbag.py:540} INFO - Filling up the DagBag from /home/airflow/.local/lib/python3.12/site-packages/airflow/example_dags/tutorial_dag.py
[2024-04-09T18:54:08.099+0000] {processor.py:840} INFO - DAG(s) 'tutorial_dag' retrieved from /home/airflow/.local/lib/python3.12/site-packages/airflow/example_dags/tutorial_dag.py
[2024-04-09T18:54:08.118+0000] {logging_mixin.py:188} INFO - [2024-04-09T18:54:08.117+0000] {dag.py:3096} INFO - Sync 1 DAGs
[2024-04-09T18:54:08.131+0000] {logging_mixin.py:188} INFO - [2024-04-09T18:54:08.131+0000] {dag.py:3954} INFO - Setting next_dagrun for tutorial_dag to None, run_after=None
[2024-04-09T18:54:08.150+0000] {processor.py:183} INFO - Processing /home/airflow/.local/lib/python3.12/site-packages/airflow/example_dags/tutorial_dag.py took 0.067 seconds
[2024-04-09T18:54:38.464+0000] {processor.py:161} INFO - Started process (PID=1371) to work on /home/airflow/.local/lib/python3.12/site-packages/airflow/example_dags/tutorial_dag.py
[2024-04-09T18:54:38.465+0000] {processor.py:830} INFO - Processing file /home/airflow/.local/lib/python3.12/site-packages/airflow/example_dags/tutorial_dag.py for tasks to queue
[2024-04-09T18:54:38.467+0000] {logging_mixin.py:188} INFO - [2024-04-09T18:54:38.467+0000] {dagbag.py:540} INFO - Filling up the DagBag from /home/airflow/.local/lib/python3.12/site-packages/airflow/example_dags/tutorial_dag.py
[2024-04-09T18:54:38.472+0000] {processor.py:840} INFO - DAG(s) 'tutorial_dag' retrieved from /home/airflow/.local/lib/python3.12/site-packages/airflow/example_dags/tutorial_dag.py
[2024-04-09T18:54:38.495+0000] {logging_mixin.py:188} INFO - [2024-04-09T18:54:38.495+0000] {dag.py:3096} INFO - Sync 1 DAGs
[2024-04-09T18:54:38.511+0000] {logging_mixin.py:188} INFO - [2024-04-09T18:54:38.511+0000] {dag.py:3954} INFO - Setting next_dagrun for tutorial_dag to None, run_after=None
[2024-04-09T18:54:38.535+0000] {processor.py:183} INFO - Processing /home/airflow/.local/lib/python3.12/site-packages/airflow/example_dags/tutorial_dag.py took 0.077 seconds
[2024-04-09T18:55:08.989+0000] {processor.py:161} INFO - Started process (PID=1633) to work on /home/airflow/.local/lib/python3.12/site-packages/airflow/example_dags/tutorial_dag.py
[2024-04-09T18:55:08.990+0000] {processor.py:830} INFO - Processing file /home/airflow/.local/lib/python3.12/site-packages/airflow/example_dags/tutorial_dag.py for tasks to queue
[2024-04-09T18:55:08.992+0000] {logging_mixin.py:188} INFO - [2024-04-09T18:55:08.991+0000] {dagbag.py:540} INFO - Filling up the DagBag from /home/airflow/.local/lib/python3.12/site-packages/airflow/example_dags/tutorial_dag.py
[2024-04-09T18:55:08.997+0000] {processor.py:840} INFO - DAG(s) 'tutorial_dag' retrieved from /home/airflow/.local/lib/python3.12/site-packages/airflow/example_dags/tutorial_dag.py
[2024-04-09T18:55:09.020+0000] {logging_mixin.py:188} INFO - [2024-04-09T18:55:09.020+0000] {dag.py:3096} INFO - Sync 1 DAGs
[2024-04-09T18:55:09.037+0000] {logging_mixin.py:188} INFO - [2024-04-09T18:55:09.037+0000] {dag.py:3954} INFO - Setting next_dagrun for tutorial_dag to None, run_after=None
[2024-04-09T18:55:09.069+0000] {processor.py:183} INFO - Processing /home/airflow/.local/lib/python3.12/site-packages/airflow/example_dags/tutorial_dag.py took 0.087 seconds
[2024-04-09T18:55:39.644+0000] {processor.py:161} INFO - Started process (PID=1898) to work on /home/airflow/.local/lib/python3.12/site-packages/airflow/example_dags/tutorial_dag.py
[2024-04-09T18:55:39.645+0000] {processor.py:830} INFO - Processing file /home/airflow/.local/lib/python3.12/site-packages/airflow/example_dags/tutorial_dag.py for tasks to queue
[2024-04-09T18:55:39.647+0000] {logging_mixin.py:188} INFO - [2024-04-09T18:55:39.646+0000] {dagbag.py:540} INFO - Filling up the DagBag from /home/airflow/.local/lib/python3.12/site-packages/airflow/example_dags/tutorial_dag.py
[2024-04-09T18:55:39.651+0000] {processor.py:840} INFO - DAG(s) 'tutorial_dag' retrieved from /home/airflow/.local/lib/python3.12/site-packages/airflow/example_dags/tutorial_dag.py
[2024-04-09T18:55:39.668+0000] {logging_mixin.py:188} INFO - [2024-04-09T18:55:39.668+0000] {dag.py:3096} INFO - Sync 1 DAGs
[2024-04-09T18:55:39.678+0000] {logging_mixin.py:188} INFO - [2024-04-09T18:55:39.678+0000] {dag.py:3954} INFO - Setting next_dagrun for tutorial_dag to None, run_after=None
[2024-04-09T18:55:39.698+0000] {processor.py:183} INFO - Processing /home/airflow/.local/lib/python3.12/site-packages/airflow/example_dags/tutorial_dag.py took 0.058 seconds
[2024-04-09T18:56:10.082+0000] {processor.py:161} INFO - Started process (PID=2158) to work on /home/airflow/.local/lib/python3.12/site-packages/airflow/example_dags/tutorial_dag.py
[2024-04-09T18:56:10.083+0000] {processor.py:830} INFO - Processing file /home/airflow/.local/lib/python3.12/site-packages/airflow/example_dags/tutorial_dag.py for tasks to queue
[2024-04-09T18:56:10.086+0000] {logging_mixin.py:188} INFO - [2024-04-09T18:56:10.085+0000] {dagbag.py:540} INFO - Filling up the DagBag from /home/airflow/.local/lib/python3.12/site-packages/airflow/example_dags/tutorial_dag.py
[2024-04-09T18:56:10.092+0000] {processor.py:840} INFO - DAG(s) 'tutorial_dag' retrieved from /home/airflow/.local/lib/python3.12/site-packages/airflow/example_dags/tutorial_dag.py
[2024-04-09T18:56:10.113+0000] {logging_mixin.py:188} INFO - [2024-04-09T18:56:10.113+0000] {dag.py:3096} INFO - Sync 1 DAGs
[2024-04-09T18:56:10.124+0000] {logging_mixin.py:188} INFO - [2024-04-09T18:56:10.124+0000] {dag.py:3954} INFO - Setting next_dagrun for tutorial_dag to None, run_after=None
[2024-04-09T18:56:10.143+0000] {processor.py:183} INFO - Processing /home/airflow/.local/lib/python3.12/site-packages/airflow/example_dags/tutorial_dag.py took 0.067 seconds
[2024-04-09T18:56:40.781+0000] {processor.py:161} INFO - Started process (PID=2420) to work on /home/airflow/.local/lib/python3.12/site-packages/airflow/example_dags/tutorial_dag.py
[2024-04-09T18:56:40.782+0000] {processor.py:830} INFO - Processing file /home/airflow/.local/lib/python3.12/site-packages/airflow/example_dags/tutorial_dag.py for tasks to queue
[2024-04-09T18:56:40.784+0000] {logging_mixin.py:188} INFO - [2024-04-09T18:56:40.783+0000] {dagbag.py:540} INFO - Filling up the DagBag from /home/airflow/.local/lib/python3.12/site-packages/airflow/example_dags/tutorial_dag.py
[2024-04-09T18:56:40.789+0000] {processor.py:840} INFO - DAG(s) 'tutorial_dag' retrieved from /home/airflow/.local/lib/python3.12/site-packages/airflow/example_dags/tutorial_dag.py
[2024-04-09T18:56:40.808+0000] {logging_mixin.py:188} INFO - [2024-04-09T18:56:40.808+0000] {dag.py:3096} INFO - Sync 1 DAGs
[2024-04-09T18:56:40.818+0000] {logging_mixin.py:188} INFO - [2024-04-09T18:56:40.818+0000] {dag.py:3954} INFO - Setting next_dagrun for tutorial_dag to None, run_after=None
[2024-04-09T18:56:40.837+0000] {processor.py:183} INFO - Processing /home/airflow/.local/lib/python3.12/site-packages/airflow/example_dags/tutorial_dag.py took 0.065 seconds
[2024-04-09T18:57:11.303+0000] {processor.py:161} INFO - Started process (PID=2682) to work on /home/airflow/.local/lib/python3.12/site-packages/airflow/example_dags/tutorial_dag.py
[2024-04-09T18:57:11.304+0000] {processor.py:830} INFO - Processing file /home/airflow/.local/lib/python3.12/site-packages/airflow/example_dags/tutorial_dag.py for tasks to queue
[2024-04-09T18:57:11.306+0000] {logging_mixin.py:188} INFO - [2024-04-09T18:57:11.306+0000] {dagbag.py:540} INFO - Filling up the DagBag from /home/airflow/.local/lib/python3.12/site-packages/airflow/example_dags/tutorial_dag.py
[2024-04-09T18:57:11.311+0000] {processor.py:840} INFO - DAG(s) 'tutorial_dag' retrieved from /home/airflow/.local/lib/python3.12/site-packages/airflow/example_dags/tutorial_dag.py
[2024-04-09T18:57:11.343+0000] {logging_mixin.py:188} INFO - [2024-04-09T18:57:11.343+0000] {dag.py:3096} INFO - Sync 1 DAGs
[2024-04-09T18:57:11.354+0000] {logging_mixin.py:188} INFO - [2024-04-09T18:57:11.354+0000] {dag.py:3954} INFO - Setting next_dagrun for tutorial_dag to None, run_after=None
[2024-04-09T18:57:11.372+0000] {processor.py:183} INFO - Processing /home/airflow/.local/lib/python3.12/site-packages/airflow/example_dags/tutorial_dag.py took 0.075 seconds
[2024-04-09T18:57:41.827+0000] {processor.py:161} INFO - Started process (PID=2954) to work on /home/airflow/.local/lib/python3.12/site-packages/airflow/example_dags/tutorial_dag.py
[2024-04-09T18:57:41.828+0000] {processor.py:830} INFO - Processing file /home/airflow/.local/lib/python3.12/site-packages/airflow/example_dags/tutorial_dag.py for tasks to queue
[2024-04-09T18:57:41.830+0000] {logging_mixin.py:188} INFO - [2024-04-09T18:57:41.830+0000] {dagbag.py:540} INFO - Filling up the DagBag from /home/airflow/.local/lib/python3.12/site-packages/airflow/example_dags/tutorial_dag.py
[2024-04-09T18:57:41.836+0000] {processor.py:840} INFO - DAG(s) 'tutorial_dag' retrieved from /home/airflow/.local/lib/python3.12/site-packages/airflow/example_dags/tutorial_dag.py
[2024-04-09T18:57:41.857+0000] {logging_mixin.py:188} INFO - [2024-04-09T18:57:41.857+0000] {dag.py:3096} INFO - Sync 1 DAGs
[2024-04-09T18:57:41.869+0000] {logging_mixin.py:188} INFO - [2024-04-09T18:57:41.869+0000] {dag.py:3954} INFO - Setting next_dagrun for tutorial_dag to None, run_after=None
[2024-04-09T18:57:41.887+0000] {processor.py:183} INFO - Processing /home/airflow/.local/lib/python3.12/site-packages/airflow/example_dags/tutorial_dag.py took 0.067 seconds
[2024-04-09T18:58:12.294+0000] {processor.py:161} INFO - Started process (PID=3227) to work on /home/airflow/.local/lib/python3.12/site-packages/airflow/example_dags/tutorial_dag.py
[2024-04-09T18:58:12.295+0000] {processor.py:830} INFO - Processing file /home/airflow/.local/lib/python3.12/site-packages/airflow/example_dags/tutorial_dag.py for tasks to queue
[2024-04-09T18:58:12.297+0000] {logging_mixin.py:188} INFO - [2024-04-09T18:58:12.296+0000] {dagbag.py:540} INFO - Filling up the DagBag from /home/airflow/.local/lib/python3.12/site-packages/airflow/example_dags/tutorial_dag.py
[2024-04-09T18:58:12.302+0000] {processor.py:840} INFO - DAG(s) 'tutorial_dag' retrieved from /home/airflow/.local/lib/python3.12/site-packages/airflow/example_dags/tutorial_dag.py
[2024-04-09T18:58:12.320+0000] {logging_mixin.py:188} INFO - [2024-04-09T18:58:12.320+0000] {dag.py:3096} INFO - Sync 1 DAGs
[2024-04-09T18:58:12.330+0000] {logging_mixin.py:188} INFO - [2024-04-09T18:58:12.330+0000] {dag.py:3954} INFO - Setting next_dagrun for tutorial_dag to None, run_after=None
[2024-04-09T18:58:12.349+0000] {processor.py:183} INFO - Processing /home/airflow/.local/lib/python3.12/site-packages/airflow/example_dags/tutorial_dag.py took 0.062 seconds
[2024-04-09T18:58:42.563+0000] {processor.py:161} INFO - Started process (PID=3500) to work on /home/airflow/.local/lib/python3.12/site-packages/airflow/example_dags/tutorial_dag.py
[2024-04-09T18:58:42.564+0000] {processor.py:830} INFO - Processing file /home/airflow/.local/lib/python3.12/site-packages/airflow/example_dags/tutorial_dag.py for tasks to queue
[2024-04-09T18:58:42.565+0000] {logging_mixin.py:188} INFO - [2024-04-09T18:58:42.565+0000] {dagbag.py:540} INFO - Filling up the DagBag from /home/airflow/.local/lib/python3.12/site-packages/airflow/example_dags/tutorial_dag.py
[2024-04-09T18:58:42.569+0000] {processor.py:840} INFO - DAG(s) 'tutorial_dag' retrieved from /home/airflow/.local/lib/python3.12/site-packages/airflow/example_dags/tutorial_dag.py
[2024-04-09T18:58:42.586+0000] {logging_mixin.py:188} INFO - [2024-04-09T18:58:42.586+0000] {dag.py:3096} INFO - Sync 1 DAGs
[2024-04-09T18:58:42.596+0000] {logging_mixin.py:188} INFO - [2024-04-09T18:58:42.596+0000] {dag.py:3954} INFO - Setting next_dagrun for tutorial_dag to None, run_after=None
[2024-04-09T18:58:42.615+0000] {processor.py:183} INFO - Processing /home/airflow/.local/lib/python3.12/site-packages/airflow/example_dags/tutorial_dag.py took 0.057 seconds
[2024-04-09T18:59:12.890+0000] {processor.py:161} INFO - Started process (PID=3770) to work on /home/airflow/.local/lib/python3.12/site-packages/airflow/example_dags/tutorial_dag.py
[2024-04-09T18:59:12.891+0000] {processor.py:830} INFO - Processing file /home/airflow/.local/lib/python3.12/site-packages/airflow/example_dags/tutorial_dag.py for tasks to queue
[2024-04-09T18:59:12.893+0000] {logging_mixin.py:188} INFO - [2024-04-09T18:59:12.893+0000] {dagbag.py:540} INFO - Filling up the DagBag from /home/airflow/.local/lib/python3.12/site-packages/airflow/example_dags/tutorial_dag.py
[2024-04-09T18:59:12.897+0000] {processor.py:840} INFO - DAG(s) 'tutorial_dag' retrieved from /home/airflow/.local/lib/python3.12/site-packages/airflow/example_dags/tutorial_dag.py
[2024-04-09T18:59:12.913+0000] {logging_mixin.py:188} INFO - [2024-04-09T18:59:12.913+0000] {dag.py:3096} INFO - Sync 1 DAGs
[2024-04-09T18:59:12.923+0000] {logging_mixin.py:188} INFO - [2024-04-09T18:59:12.923+0000] {dag.py:3954} INFO - Setting next_dagrun for tutorial_dag to None, run_after=None
[2024-04-09T18:59:12.942+0000] {processor.py:183} INFO - Processing /home/airflow/.local/lib/python3.12/site-packages/airflow/example_dags/tutorial_dag.py took 0.059 seconds
[2024-04-09T18:59:43.232+0000] {processor.py:161} INFO - Started process (PID=4042) to work on /home/airflow/.local/lib/python3.12/site-packages/airflow/example_dags/tutorial_dag.py
[2024-04-09T18:59:43.233+0000] {processor.py:830} INFO - Processing file /home/airflow/.local/lib/python3.12/site-packages/airflow/example_dags/tutorial_dag.py for tasks to queue
[2024-04-09T18:59:43.235+0000] {logging_mixin.py:188} INFO - [2024-04-09T18:59:43.234+0000] {dagbag.py:540} INFO - Filling up the DagBag from /home/airflow/.local/lib/python3.12/site-packages/airflow/example_dags/tutorial_dag.py
[2024-04-09T18:59:43.242+0000] {processor.py:840} INFO - DAG(s) 'tutorial_dag' retrieved from /home/airflow/.local/lib/python3.12/site-packages/airflow/example_dags/tutorial_dag.py
[2024-04-09T18:59:43.270+0000] {logging_mixin.py:188} INFO - [2024-04-09T18:59:43.269+0000] {dag.py:3096} INFO - Sync 1 DAGs
[2024-04-09T18:59:43.280+0000] {logging_mixin.py:188} INFO - [2024-04-09T18:59:43.280+0000] {dag.py:3954} INFO - Setting next_dagrun for tutorial_dag to None, run_after=None
[2024-04-09T18:59:43.303+0000] {processor.py:183} INFO - Processing /home/airflow/.local/lib/python3.12/site-packages/airflow/example_dags/tutorial_dag.py took 0.077 seconds
[2024-04-09T19:00:13.456+0000] {processor.py:161} INFO - Started process (PID=4314) to work on /home/airflow/.local/lib/python3.12/site-packages/airflow/example_dags/tutorial_dag.py
[2024-04-09T19:00:13.457+0000] {processor.py:830} INFO - Processing file /home/airflow/.local/lib/python3.12/site-packages/airflow/example_dags/tutorial_dag.py for tasks to queue
[2024-04-09T19:00:13.459+0000] {logging_mixin.py:188} INFO - [2024-04-09T19:00:13.458+0000] {dagbag.py:540} INFO - Filling up the DagBag from /home/airflow/.local/lib/python3.12/site-packages/airflow/example_dags/tutorial_dag.py
[2024-04-09T19:00:13.464+0000] {processor.py:840} INFO - DAG(s) 'tutorial_dag' retrieved from /home/airflow/.local/lib/python3.12/site-packages/airflow/example_dags/tutorial_dag.py
[2024-04-09T19:00:13.528+0000] {logging_mixin.py:188} INFO - [2024-04-09T19:00:13.528+0000] {dag.py:3096} INFO - Sync 1 DAGs
[2024-04-09T19:00:13.553+0000] {logging_mixin.py:188} INFO - [2024-04-09T19:00:13.553+0000] {dag.py:3954} INFO - Setting next_dagrun for tutorial_dag to None, run_after=None
[2024-04-09T19:00:13.585+0000] {processor.py:183} INFO - Processing /home/airflow/.local/lib/python3.12/site-packages/airflow/example_dags/tutorial_dag.py took 0.140 seconds
[2024-04-09T19:00:44.388+0000] {processor.py:161} INFO - Started process (PID=4589) to work on /home/airflow/.local/lib/python3.12/site-packages/airflow/example_dags/tutorial_dag.py
[2024-04-09T19:00:44.389+0000] {processor.py:830} INFO - Processing file /home/airflow/.local/lib/python3.12/site-packages/airflow/example_dags/tutorial_dag.py for tasks to queue
[2024-04-09T19:00:44.390+0000] {logging_mixin.py:188} INFO - [2024-04-09T19:00:44.390+0000] {dagbag.py:540} INFO - Filling up the DagBag from /home/airflow/.local/lib/python3.12/site-packages/airflow/example_dags/tutorial_dag.py
[2024-04-09T19:00:44.394+0000] {processor.py:840} INFO - DAG(s) 'tutorial_dag' retrieved from /home/airflow/.local/lib/python3.12/site-packages/airflow/example_dags/tutorial_dag.py
[2024-04-09T19:00:44.411+0000] {logging_mixin.py:188} INFO - [2024-04-09T19:00:44.410+0000] {dag.py:3096} INFO - Sync 1 DAGs
[2024-04-09T19:00:44.421+0000] {logging_mixin.py:188} INFO - [2024-04-09T19:00:44.421+0000] {dag.py:3954} INFO - Setting next_dagrun for tutorial_dag to None, run_after=None
[2024-04-09T19:00:44.440+0000] {processor.py:183} INFO - Processing /home/airflow/.local/lib/python3.12/site-packages/airflow/example_dags/tutorial_dag.py took 0.059 seconds
[2024-04-09T19:01:14.844+0000] {processor.py:161} INFO - Started process (PID=4859) to work on /home/airflow/.local/lib/python3.12/site-packages/airflow/example_dags/tutorial_dag.py
[2024-04-09T19:01:14.845+0000] {processor.py:830} INFO - Processing file /home/airflow/.local/lib/python3.12/site-packages/airflow/example_dags/tutorial_dag.py for tasks to queue
[2024-04-09T19:01:14.847+0000] {logging_mixin.py:188} INFO - [2024-04-09T19:01:14.846+0000] {dagbag.py:540} INFO - Filling up the DagBag from /home/airflow/.local/lib/python3.12/site-packages/airflow/example_dags/tutorial_dag.py
[2024-04-09T19:01:14.853+0000] {processor.py:840} INFO - DAG(s) 'tutorial_dag' retrieved from /home/airflow/.local/lib/python3.12/site-packages/airflow/example_dags/tutorial_dag.py
[2024-04-09T19:01:14.876+0000] {logging_mixin.py:188} INFO - [2024-04-09T19:01:14.876+0000] {dag.py:3096} INFO - Sync 1 DAGs
[2024-04-09T19:01:14.887+0000] {logging_mixin.py:188} INFO - [2024-04-09T19:01:14.886+0000] {dag.py:3954} INFO - Setting next_dagrun for tutorial_dag to None, run_after=None
[2024-04-09T19:01:14.906+0000] {processor.py:183} INFO - Processing /home/airflow/.local/lib/python3.12/site-packages/airflow/example_dags/tutorial_dag.py took 0.069 seconds
[2024-04-09T19:01:45.121+0000] {processor.py:161} INFO - Started process (PID=5129) to work on /home/airflow/.local/lib/python3.12/site-packages/airflow/example_dags/tutorial_dag.py
[2024-04-09T19:01:45.122+0000] {processor.py:830} INFO - Processing file /home/airflow/.local/lib/python3.12/site-packages/airflow/example_dags/tutorial_dag.py for tasks to queue
[2024-04-09T19:01:45.124+0000] {logging_mixin.py:188} INFO - [2024-04-09T19:01:45.124+0000] {dagbag.py:540} INFO - Filling up the DagBag from /home/airflow/.local/lib/python3.12/site-packages/airflow/example_dags/tutorial_dag.py
[2024-04-09T19:01:45.133+0000] {processor.py:840} INFO - DAG(s) 'tutorial_dag' retrieved from /home/airflow/.local/lib/python3.12/site-packages/airflow/example_dags/tutorial_dag.py
[2024-04-09T19:01:45.172+0000] {logging_mixin.py:188} INFO - [2024-04-09T19:01:45.171+0000] {dag.py:3096} INFO - Sync 1 DAGs
[2024-04-09T19:01:45.191+0000] {logging_mixin.py:188} INFO - [2024-04-09T19:01:45.191+0000] {dag.py:3954} INFO - Setting next_dagrun for tutorial_dag to None, run_after=None
[2024-04-09T19:01:45.216+0000] {processor.py:183} INFO - Processing /home/airflow/.local/lib/python3.12/site-packages/airflow/example_dags/tutorial_dag.py took 0.106 seconds
[2024-04-09T19:02:16.212+0000] {processor.py:161} INFO - Started process (PID=5403) to work on /home/airflow/.local/lib/python3.12/site-packages/airflow/example_dags/tutorial_dag.py
[2024-04-09T19:02:16.214+0000] {processor.py:830} INFO - Processing file /home/airflow/.local/lib/python3.12/site-packages/airflow/example_dags/tutorial_dag.py for tasks to queue
[2024-04-09T19:02:16.216+0000] {logging_mixin.py:188} INFO - [2024-04-09T19:02:16.216+0000] {dagbag.py:540} INFO - Filling up the DagBag from /home/airflow/.local/lib/python3.12/site-packages/airflow/example_dags/tutorial_dag.py
[2024-04-09T19:02:16.222+0000] {processor.py:840} INFO - DAG(s) 'tutorial_dag' retrieved from /home/airflow/.local/lib/python3.12/site-packages/airflow/example_dags/tutorial_dag.py
[2024-04-09T19:02:16.243+0000] {logging_mixin.py:188} INFO - [2024-04-09T19:02:16.243+0000] {dag.py:3096} INFO - Sync 1 DAGs
[2024-04-09T19:02:16.259+0000] {logging_mixin.py:188} INFO - [2024-04-09T19:02:16.259+0000] {dag.py:3954} INFO - Setting next_dagrun for tutorial_dag to None, run_after=None
[2024-04-09T19:02:16.283+0000] {processor.py:183} INFO - Processing /home/airflow/.local/lib/python3.12/site-packages/airflow/example_dags/tutorial_dag.py took 0.078 seconds
[2024-04-09T19:02:46.605+0000] {processor.py:161} INFO - Started process (PID=5677) to work on /home/airflow/.local/lib/python3.12/site-packages/airflow/example_dags/tutorial_dag.py
[2024-04-09T19:02:46.606+0000] {processor.py:830} INFO - Processing file /home/airflow/.local/lib/python3.12/site-packages/airflow/example_dags/tutorial_dag.py for tasks to queue
[2024-04-09T19:02:46.607+0000] {logging_mixin.py:188} INFO - [2024-04-09T19:02:46.607+0000] {dagbag.py:540} INFO - Filling up the DagBag from /home/airflow/.local/lib/python3.12/site-packages/airflow/example_dags/tutorial_dag.py
[2024-04-09T19:02:46.611+0000] {processor.py:840} INFO - DAG(s) 'tutorial_dag' retrieved from /home/airflow/.local/lib/python3.12/site-packages/airflow/example_dags/tutorial_dag.py
[2024-04-09T19:02:46.628+0000] {logging_mixin.py:188} INFO - [2024-04-09T19:02:46.628+0000] {dag.py:3096} INFO - Sync 1 DAGs
[2024-04-09T19:02:46.639+0000] {logging_mixin.py:188} INFO - [2024-04-09T19:02:46.638+0000] {dag.py:3954} INFO - Setting next_dagrun for tutorial_dag to None, run_after=None
[2024-04-09T19:02:46.658+0000] {processor.py:183} INFO - Processing /home/airflow/.local/lib/python3.12/site-packages/airflow/example_dags/tutorial_dag.py took 0.059 seconds
[2024-04-09T19:03:16.923+0000] {processor.py:161} INFO - Started process (PID=5949) to work on /home/airflow/.local/lib/python3.12/site-packages/airflow/example_dags/tutorial_dag.py
[2024-04-09T19:03:16.923+0000] {processor.py:830} INFO - Processing file /home/airflow/.local/lib/python3.12/site-packages/airflow/example_dags/tutorial_dag.py for tasks to queue
[2024-04-09T19:03:16.925+0000] {logging_mixin.py:188} INFO - [2024-04-09T19:03:16.925+0000] {dagbag.py:540} INFO - Filling up the DagBag from /home/airflow/.local/lib/python3.12/site-packages/airflow/example_dags/tutorial_dag.py
[2024-04-09T19:03:16.929+0000] {processor.py:840} INFO - DAG(s) 'tutorial_dag' retrieved from /home/airflow/.local/lib/python3.12/site-packages/airflow/example_dags/tutorial_dag.py
[2024-04-09T19:03:16.949+0000] {logging_mixin.py:188} INFO - [2024-04-09T19:03:16.948+0000] {dag.py:3096} INFO - Sync 1 DAGs
[2024-04-09T19:03:16.963+0000] {logging_mixin.py:188} INFO - [2024-04-09T19:03:16.962+0000] {dag.py:3954} INFO - Setting next_dagrun for tutorial_dag to None, run_after=None
[2024-04-09T19:03:16.982+0000] {processor.py:183} INFO - Processing /home/airflow/.local/lib/python3.12/site-packages/airflow/example_dags/tutorial_dag.py took 0.064 seconds
[2024-04-09T19:03:47.788+0000] {processor.py:161} INFO - Started process (PID=6220) to work on /home/airflow/.local/lib/python3.12/site-packages/airflow/example_dags/tutorial_dag.py
[2024-04-09T19:03:47.790+0000] {processor.py:830} INFO - Processing file /home/airflow/.local/lib/python3.12/site-packages/airflow/example_dags/tutorial_dag.py for tasks to queue
[2024-04-09T19:03:47.792+0000] {logging_mixin.py:188} INFO - [2024-04-09T19:03:47.791+0000] {dagbag.py:540} INFO - Filling up the DagBag from /home/airflow/.local/lib/python3.12/site-packages/airflow/example_dags/tutorial_dag.py
[2024-04-09T19:03:47.797+0000] {processor.py:840} INFO - DAG(s) 'tutorial_dag' retrieved from /home/airflow/.local/lib/python3.12/site-packages/airflow/example_dags/tutorial_dag.py
[2024-04-09T19:03:47.820+0000] {logging_mixin.py:188} INFO - [2024-04-09T19:03:47.820+0000] {dag.py:3096} INFO - Sync 1 DAGs
[2024-04-09T19:03:47.836+0000] {logging_mixin.py:188} INFO - [2024-04-09T19:03:47.835+0000] {dag.py:3954} INFO - Setting next_dagrun for tutorial_dag to None, run_after=None
[2024-04-09T19:03:47.859+0000] {processor.py:183} INFO - Processing /home/airflow/.local/lib/python3.12/site-packages/airflow/example_dags/tutorial_dag.py took 0.077 seconds
[2024-04-09T19:04:18.820+0000] {processor.py:161} INFO - Started process (PID=6493) to work on /home/airflow/.local/lib/python3.12/site-packages/airflow/example_dags/tutorial_dag.py
[2024-04-09T19:04:18.821+0000] {processor.py:830} INFO - Processing file /home/airflow/.local/lib/python3.12/site-packages/airflow/example_dags/tutorial_dag.py for tasks to queue
[2024-04-09T19:04:18.823+0000] {logging_mixin.py:188} INFO - [2024-04-09T19:04:18.822+0000] {dagbag.py:540} INFO - Filling up the DagBag from /home/airflow/.local/lib/python3.12/site-packages/airflow/example_dags/tutorial_dag.py
[2024-04-09T19:04:18.828+0000] {processor.py:840} INFO - DAG(s) 'tutorial_dag' retrieved from /home/airflow/.local/lib/python3.12/site-packages/airflow/example_dags/tutorial_dag.py
[2024-04-09T19:04:18.850+0000] {logging_mixin.py:188} INFO - [2024-04-09T19:04:18.850+0000] {dag.py:3096} INFO - Sync 1 DAGs
[2024-04-09T19:04:18.865+0000] {logging_mixin.py:188} INFO - [2024-04-09T19:04:18.865+0000] {dag.py:3954} INFO - Setting next_dagrun for tutorial_dag to None, run_after=None
[2024-04-09T19:04:18.886+0000] {processor.py:183} INFO - Processing /home/airflow/.local/lib/python3.12/site-packages/airflow/example_dags/tutorial_dag.py took 0.073 seconds
[2024-04-09T19:04:49.247+0000] {processor.py:161} INFO - Started process (PID=6766) to work on /home/airflow/.local/lib/python3.12/site-packages/airflow/example_dags/tutorial_dag.py
[2024-04-09T19:04:49.248+0000] {processor.py:830} INFO - Processing file /home/airflow/.local/lib/python3.12/site-packages/airflow/example_dags/tutorial_dag.py for tasks to queue
[2024-04-09T19:04:49.250+0000] {logging_mixin.py:188} INFO - [2024-04-09T19:04:49.250+0000] {dagbag.py:540} INFO - Filling up the DagBag from /home/airflow/.local/lib/python3.12/site-packages/airflow/example_dags/tutorial_dag.py
[2024-04-09T19:04:49.256+0000] {processor.py:840} INFO - DAG(s) 'tutorial_dag' retrieved from /home/airflow/.local/lib/python3.12/site-packages/airflow/example_dags/tutorial_dag.py
[2024-04-09T19:04:49.278+0000] {logging_mixin.py:188} INFO - [2024-04-09T19:04:49.278+0000] {dag.py:3096} INFO - Sync 1 DAGs
[2024-04-09T19:04:49.293+0000] {logging_mixin.py:188} INFO - [2024-04-09T19:04:49.293+0000] {dag.py:3954} INFO - Setting next_dagrun for tutorial_dag to None, run_after=None
[2024-04-09T19:04:49.316+0000] {processor.py:183} INFO - Processing /home/airflow/.local/lib/python3.12/site-packages/airflow/example_dags/tutorial_dag.py took 0.076 seconds
[2024-04-09T19:05:20.063+0000] {processor.py:161} INFO - Started process (PID=7041) to work on /home/airflow/.local/lib/python3.12/site-packages/airflow/example_dags/tutorial_dag.py
[2024-04-09T19:05:20.074+0000] {processor.py:830} INFO - Processing file /home/airflow/.local/lib/python3.12/site-packages/airflow/example_dags/tutorial_dag.py for tasks to queue
[2024-04-09T19:05:20.081+0000] {logging_mixin.py:188} INFO - [2024-04-09T19:05:20.080+0000] {dagbag.py:540} INFO - Filling up the DagBag from /home/airflow/.local/lib/python3.12/site-packages/airflow/example_dags/tutorial_dag.py
[2024-04-09T19:05:20.104+0000] {processor.py:840} INFO - DAG(s) 'tutorial_dag' retrieved from /home/airflow/.local/lib/python3.12/site-packages/airflow/example_dags/tutorial_dag.py
[2024-04-09T19:05:20.158+0000] {logging_mixin.py:188} INFO - [2024-04-09T19:05:20.157+0000] {dag.py:3096} INFO - Sync 1 DAGs
[2024-04-09T19:05:20.194+0000] {logging_mixin.py:188} INFO - [2024-04-09T19:05:20.193+0000] {dag.py:3954} INFO - Setting next_dagrun for tutorial_dag to None, run_after=None
[2024-04-09T19:05:20.219+0000] {processor.py:183} INFO - Processing /home/airflow/.local/lib/python3.12/site-packages/airflow/example_dags/tutorial_dag.py took 0.174 seconds
[2024-04-09T19:05:51.224+0000] {processor.py:161} INFO - Started process (PID=7313) to work on /home/airflow/.local/lib/python3.12/site-packages/airflow/example_dags/tutorial_dag.py
[2024-04-09T19:05:51.224+0000] {processor.py:830} INFO - Processing file /home/airflow/.local/lib/python3.12/site-packages/airflow/example_dags/tutorial_dag.py for tasks to queue
[2024-04-09T19:05:51.226+0000] {logging_mixin.py:188} INFO - [2024-04-09T19:05:51.226+0000] {dagbag.py:540} INFO - Filling up the DagBag from /home/airflow/.local/lib/python3.12/site-packages/airflow/example_dags/tutorial_dag.py
[2024-04-09T19:05:51.231+0000] {processor.py:840} INFO - DAG(s) 'tutorial_dag' retrieved from /home/airflow/.local/lib/python3.12/site-packages/airflow/example_dags/tutorial_dag.py
[2024-04-09T19:05:51.253+0000] {logging_mixin.py:188} INFO - [2024-04-09T19:05:51.253+0000] {dag.py:3096} INFO - Sync 1 DAGs
[2024-04-09T19:05:51.446+0000] {logging_mixin.py:188} INFO - [2024-04-09T19:05:51.446+0000] {dag.py:3954} INFO - Setting next_dagrun for tutorial_dag to None, run_after=None
[2024-04-09T19:05:51.467+0000] {processor.py:183} INFO - Processing /home/airflow/.local/lib/python3.12/site-packages/airflow/example_dags/tutorial_dag.py took 0.250 seconds
[2024-04-09T19:06:22.097+0000] {processor.py:161} INFO - Started process (PID=7588) to work on /home/airflow/.local/lib/python3.12/site-packages/airflow/example_dags/tutorial_dag.py
[2024-04-09T19:06:22.098+0000] {processor.py:830} INFO - Processing file /home/airflow/.local/lib/python3.12/site-packages/airflow/example_dags/tutorial_dag.py for tasks to queue
[2024-04-09T19:06:22.100+0000] {logging_mixin.py:188} INFO - [2024-04-09T19:06:22.100+0000] {dagbag.py:540} INFO - Filling up the DagBag from /home/airflow/.local/lib/python3.12/site-packages/airflow/example_dags/tutorial_dag.py
[2024-04-09T19:06:22.106+0000] {processor.py:840} INFO - DAG(s) 'tutorial_dag' retrieved from /home/airflow/.local/lib/python3.12/site-packages/airflow/example_dags/tutorial_dag.py
[2024-04-09T19:06:22.131+0000] {logging_mixin.py:188} INFO - [2024-04-09T19:06:22.131+0000] {dag.py:3096} INFO - Sync 1 DAGs
[2024-04-09T19:06:22.148+0000] {logging_mixin.py:188} INFO - [2024-04-09T19:06:22.147+0000] {dag.py:3954} INFO - Setting next_dagrun for tutorial_dag to None, run_after=None
[2024-04-09T19:06:22.323+0000] {processor.py:183} INFO - Processing /home/airflow/.local/lib/python3.12/site-packages/airflow/example_dags/tutorial_dag.py took 0.232 seconds
[2024-04-09T19:06:53.050+0000] {processor.py:161} INFO - Started process (PID=7858) to work on /home/airflow/.local/lib/python3.12/site-packages/airflow/example_dags/tutorial_dag.py
[2024-04-09T19:06:53.052+0000] {processor.py:830} INFO - Processing file /home/airflow/.local/lib/python3.12/site-packages/airflow/example_dags/tutorial_dag.py for tasks to queue
[2024-04-09T19:06:53.059+0000] {logging_mixin.py:188} INFO - [2024-04-09T19:06:53.059+0000] {dagbag.py:540} INFO - Filling up the DagBag from /home/airflow/.local/lib/python3.12/site-packages/airflow/example_dags/tutorial_dag.py
[2024-04-09T19:06:53.065+0000] {processor.py:840} INFO - DAG(s) 'tutorial_dag' retrieved from /home/airflow/.local/lib/python3.12/site-packages/airflow/example_dags/tutorial_dag.py
[2024-04-09T19:06:53.094+0000] {logging_mixin.py:188} INFO - [2024-04-09T19:06:53.093+0000] {dag.py:3096} INFO - Sync 1 DAGs
[2024-04-09T19:06:53.109+0000] {logging_mixin.py:188} INFO - [2024-04-09T19:06:53.109+0000] {dag.py:3954} INFO - Setting next_dagrun for tutorial_dag to None, run_after=None
[2024-04-09T19:06:53.138+0000] {processor.py:183} INFO - Processing /home/airflow/.local/lib/python3.12/site-packages/airflow/example_dags/tutorial_dag.py took 0.094 seconds
[2024-04-09T19:07:23.402+0000] {processor.py:161} INFO - Started process (PID=8127) to work on /home/airflow/.local/lib/python3.12/site-packages/airflow/example_dags/tutorial_dag.py
[2024-04-09T19:07:23.403+0000] {processor.py:830} INFO - Processing file /home/airflow/.local/lib/python3.12/site-packages/airflow/example_dags/tutorial_dag.py for tasks to queue
[2024-04-09T19:07:23.404+0000] {logging_mixin.py:188} INFO - [2024-04-09T19:07:23.404+0000] {dagbag.py:540} INFO - Filling up the DagBag from /home/airflow/.local/lib/python3.12/site-packages/airflow/example_dags/tutorial_dag.py
[2024-04-09T19:07:23.410+0000] {processor.py:840} INFO - DAG(s) 'tutorial_dag' retrieved from /home/airflow/.local/lib/python3.12/site-packages/airflow/example_dags/tutorial_dag.py
[2024-04-09T19:07:23.434+0000] {logging_mixin.py:188} INFO - [2024-04-09T19:07:23.433+0000] {dag.py:3096} INFO - Sync 1 DAGs
[2024-04-09T19:07:23.450+0000] {logging_mixin.py:188} INFO - [2024-04-09T19:07:23.450+0000] {dag.py:3954} INFO - Setting next_dagrun for tutorial_dag to None, run_after=None
[2024-04-09T19:07:23.475+0000] {processor.py:183} INFO - Processing /home/airflow/.local/lib/python3.12/site-packages/airflow/example_dags/tutorial_dag.py took 0.079 seconds
[2024-04-09T19:07:54.073+0000] {processor.py:161} INFO - Started process (PID=8399) to work on /home/airflow/.local/lib/python3.12/site-packages/airflow/example_dags/tutorial_dag.py
[2024-04-09T19:07:54.074+0000] {processor.py:830} INFO - Processing file /home/airflow/.local/lib/python3.12/site-packages/airflow/example_dags/tutorial_dag.py for tasks to queue
[2024-04-09T19:07:54.076+0000] {logging_mixin.py:188} INFO - [2024-04-09T19:07:54.076+0000] {dagbag.py:540} INFO - Filling up the DagBag from /home/airflow/.local/lib/python3.12/site-packages/airflow/example_dags/tutorial_dag.py
[2024-04-09T19:07:54.081+0000] {processor.py:840} INFO - DAG(s) 'tutorial_dag' retrieved from /home/airflow/.local/lib/python3.12/site-packages/airflow/example_dags/tutorial_dag.py
[2024-04-09T19:07:54.111+0000] {logging_mixin.py:188} INFO - [2024-04-09T19:07:54.110+0000] {dag.py:3096} INFO - Sync 1 DAGs
[2024-04-09T19:07:54.161+0000] {logging_mixin.py:188} INFO - [2024-04-09T19:07:54.161+0000] {dag.py:3954} INFO - Setting next_dagrun for tutorial_dag to None, run_after=None
[2024-04-09T19:07:54.189+0000] {processor.py:183} INFO - Processing /home/airflow/.local/lib/python3.12/site-packages/airflow/example_dags/tutorial_dag.py took 0.123 seconds
[2024-04-09T19:08:25.170+0000] {processor.py:161} INFO - Started process (PID=8673) to work on /home/airflow/.local/lib/python3.12/site-packages/airflow/example_dags/tutorial_dag.py
[2024-04-09T19:08:25.171+0000] {processor.py:830} INFO - Processing file /home/airflow/.local/lib/python3.12/site-packages/airflow/example_dags/tutorial_dag.py for tasks to queue
[2024-04-09T19:08:25.173+0000] {logging_mixin.py:188} INFO - [2024-04-09T19:08:25.172+0000] {dagbag.py:540} INFO - Filling up the DagBag from /home/airflow/.local/lib/python3.12/site-packages/airflow/example_dags/tutorial_dag.py
[2024-04-09T19:08:25.178+0000] {processor.py:840} INFO - DAG(s) 'tutorial_dag' retrieved from /home/airflow/.local/lib/python3.12/site-packages/airflow/example_dags/tutorial_dag.py
[2024-04-09T19:08:25.200+0000] {logging_mixin.py:188} INFO - [2024-04-09T19:08:25.200+0000] {dag.py:3096} INFO - Sync 1 DAGs
[2024-04-09T19:08:25.216+0000] {logging_mixin.py:188} INFO - [2024-04-09T19:08:25.216+0000] {dag.py:3954} INFO - Setting next_dagrun for tutorial_dag to None, run_after=None
[2024-04-09T19:08:25.244+0000] {processor.py:183} INFO - Processing /home/airflow/.local/lib/python3.12/site-packages/airflow/example_dags/tutorial_dag.py took 0.080 seconds
[2024-04-09T19:08:55.423+0000] {processor.py:161} INFO - Started process (PID=8943) to work on /home/airflow/.local/lib/python3.12/site-packages/airflow/example_dags/tutorial_dag.py
[2024-04-09T19:08:55.424+0000] {processor.py:830} INFO - Processing file /home/airflow/.local/lib/python3.12/site-packages/airflow/example_dags/tutorial_dag.py for tasks to queue
[2024-04-09T19:08:55.426+0000] {logging_mixin.py:188} INFO - [2024-04-09T19:08:55.426+0000] {dagbag.py:540} INFO - Filling up the DagBag from /home/airflow/.local/lib/python3.12/site-packages/airflow/example_dags/tutorial_dag.py
[2024-04-09T19:08:55.431+0000] {processor.py:840} INFO - DAG(s) 'tutorial_dag' retrieved from /home/airflow/.local/lib/python3.12/site-packages/airflow/example_dags/tutorial_dag.py
[2024-04-09T19:08:55.455+0000] {logging_mixin.py:188} INFO - [2024-04-09T19:08:55.455+0000] {dag.py:3096} INFO - Sync 1 DAGs
[2024-04-09T19:08:55.471+0000] {logging_mixin.py:188} INFO - [2024-04-09T19:08:55.470+0000] {dag.py:3954} INFO - Setting next_dagrun for tutorial_dag to None, run_after=None
[2024-04-09T19:08:55.493+0000] {processor.py:183} INFO - Processing /home/airflow/.local/lib/python3.12/site-packages/airflow/example_dags/tutorial_dag.py took 0.076 seconds
[2024-04-09T19:09:26.137+0000] {processor.py:161} INFO - Started process (PID=9216) to work on /home/airflow/.local/lib/python3.12/site-packages/airflow/example_dags/tutorial_dag.py
[2024-04-09T19:09:26.138+0000] {processor.py:830} INFO - Processing file /home/airflow/.local/lib/python3.12/site-packages/airflow/example_dags/tutorial_dag.py for tasks to queue
[2024-04-09T19:09:26.140+0000] {logging_mixin.py:188} INFO - [2024-04-09T19:09:26.140+0000] {dagbag.py:540} INFO - Filling up the DagBag from /home/airflow/.local/lib/python3.12/site-packages/airflow/example_dags/tutorial_dag.py
[2024-04-09T19:09:26.146+0000] {processor.py:840} INFO - DAG(s) 'tutorial_dag' retrieved from /home/airflow/.local/lib/python3.12/site-packages/airflow/example_dags/tutorial_dag.py
[2024-04-09T19:09:26.171+0000] {logging_mixin.py:188} INFO - [2024-04-09T19:09:26.171+0000] {dag.py:3096} INFO - Sync 1 DAGs
[2024-04-09T19:09:26.187+0000] {logging_mixin.py:188} INFO - [2024-04-09T19:09:26.187+0000] {dag.py:3954} INFO - Setting next_dagrun for tutorial_dag to None, run_after=None
[2024-04-09T19:09:26.210+0000] {processor.py:183} INFO - Processing /home/airflow/.local/lib/python3.12/site-packages/airflow/example_dags/tutorial_dag.py took 0.080 seconds
[2024-04-09T19:09:56.874+0000] {processor.py:161} INFO - Started process (PID=9488) to work on /home/airflow/.local/lib/python3.12/site-packages/airflow/example_dags/tutorial_dag.py
[2024-04-09T19:09:56.875+0000] {processor.py:830} INFO - Processing file /home/airflow/.local/lib/python3.12/site-packages/airflow/example_dags/tutorial_dag.py for tasks to queue
[2024-04-09T19:09:56.877+0000] {logging_mixin.py:188} INFO - [2024-04-09T19:09:56.876+0000] {dagbag.py:540} INFO - Filling up the DagBag from /home/airflow/.local/lib/python3.12/site-packages/airflow/example_dags/tutorial_dag.py
[2024-04-09T19:09:56.882+0000] {processor.py:840} INFO - DAG(s) 'tutorial_dag' retrieved from /home/airflow/.local/lib/python3.12/site-packages/airflow/example_dags/tutorial_dag.py
[2024-04-09T19:09:56.904+0000] {logging_mixin.py:188} INFO - [2024-04-09T19:09:56.904+0000] {dag.py:3096} INFO - Sync 1 DAGs
[2024-04-09T19:09:56.921+0000] {logging_mixin.py:188} INFO - [2024-04-09T19:09:56.921+0000] {dag.py:3954} INFO - Setting next_dagrun for tutorial_dag to None, run_after=None
[2024-04-09T19:09:56.947+0000] {processor.py:183} INFO - Processing /home/airflow/.local/lib/python3.12/site-packages/airflow/example_dags/tutorial_dag.py took 0.079 seconds
[2024-04-09T19:10:27.305+0000] {processor.py:161} INFO - Started process (PID=9762) to work on /home/airflow/.local/lib/python3.12/site-packages/airflow/example_dags/tutorial_dag.py
[2024-04-09T19:10:27.306+0000] {processor.py:830} INFO - Processing file /home/airflow/.local/lib/python3.12/site-packages/airflow/example_dags/tutorial_dag.py for tasks to queue
[2024-04-09T19:10:27.307+0000] {logging_mixin.py:188} INFO - [2024-04-09T19:10:27.307+0000] {dagbag.py:540} INFO - Filling up the DagBag from /home/airflow/.local/lib/python3.12/site-packages/airflow/example_dags/tutorial_dag.py
[2024-04-09T19:10:27.313+0000] {processor.py:840} INFO - DAG(s) 'tutorial_dag' retrieved from /home/airflow/.local/lib/python3.12/site-packages/airflow/example_dags/tutorial_dag.py
[2024-04-09T19:10:27.335+0000] {logging_mixin.py:188} INFO - [2024-04-09T19:10:27.334+0000] {dag.py:3096} INFO - Sync 1 DAGs
[2024-04-09T19:10:27.353+0000] {logging_mixin.py:188} INFO - [2024-04-09T19:10:27.353+0000] {dag.py:3954} INFO - Setting next_dagrun for tutorial_dag to None, run_after=None
[2024-04-09T19:10:27.378+0000] {processor.py:183} INFO - Processing /home/airflow/.local/lib/python3.12/site-packages/airflow/example_dags/tutorial_dag.py took 0.080 seconds
[2024-04-09T19:10:58.235+0000] {processor.py:161} INFO - Started process (PID=10036) to work on /home/airflow/.local/lib/python3.12/site-packages/airflow/example_dags/tutorial_dag.py
[2024-04-09T19:10:58.235+0000] {processor.py:830} INFO - Processing file /home/airflow/.local/lib/python3.12/site-packages/airflow/example_dags/tutorial_dag.py for tasks to queue
[2024-04-09T19:10:58.237+0000] {logging_mixin.py:188} INFO - [2024-04-09T19:10:58.237+0000] {dagbag.py:540} INFO - Filling up the DagBag from /home/airflow/.local/lib/python3.12/site-packages/airflow/example_dags/tutorial_dag.py
[2024-04-09T19:10:58.241+0000] {processor.py:840} INFO - DAG(s) 'tutorial_dag' retrieved from /home/airflow/.local/lib/python3.12/site-packages/airflow/example_dags/tutorial_dag.py
[2024-04-09T19:10:58.257+0000] {logging_mixin.py:188} INFO - [2024-04-09T19:10:58.257+0000] {dag.py:3096} INFO - Sync 1 DAGs
[2024-04-09T19:10:58.269+0000] {logging_mixin.py:188} INFO - [2024-04-09T19:10:58.269+0000] {dag.py:3954} INFO - Setting next_dagrun for tutorial_dag to None, run_after=None
[2024-04-09T19:10:58.289+0000] {processor.py:183} INFO - Processing /home/airflow/.local/lib/python3.12/site-packages/airflow/example_dags/tutorial_dag.py took 0.059 seconds
[2024-04-09T19:11:28.632+0000] {processor.py:161} INFO - Started process (PID=10306) to work on /home/airflow/.local/lib/python3.12/site-packages/airflow/example_dags/tutorial_dag.py
[2024-04-09T19:11:28.633+0000] {processor.py:830} INFO - Processing file /home/airflow/.local/lib/python3.12/site-packages/airflow/example_dags/tutorial_dag.py for tasks to queue
[2024-04-09T19:11:28.634+0000] {logging_mixin.py:188} INFO - [2024-04-09T19:11:28.634+0000] {dagbag.py:540} INFO - Filling up the DagBag from /home/airflow/.local/lib/python3.12/site-packages/airflow/example_dags/tutorial_dag.py
[2024-04-09T19:11:28.640+0000] {processor.py:840} INFO - DAG(s) 'tutorial_dag' retrieved from /home/airflow/.local/lib/python3.12/site-packages/airflow/example_dags/tutorial_dag.py
[2024-04-09T19:11:28.663+0000] {logging_mixin.py:188} INFO - [2024-04-09T19:11:28.662+0000] {dag.py:3096} INFO - Sync 1 DAGs
[2024-04-09T19:11:28.679+0000] {logging_mixin.py:188} INFO - [2024-04-09T19:11:28.679+0000] {dag.py:3954} INFO - Setting next_dagrun for tutorial_dag to None, run_after=None
[2024-04-09T19:11:28.707+0000] {processor.py:183} INFO - Processing /home/airflow/.local/lib/python3.12/site-packages/airflow/example_dags/tutorial_dag.py took 0.081 seconds
[2024-04-09T19:11:59.327+0000] {processor.py:161} INFO - Started process (PID=10579) to work on /home/airflow/.local/lib/python3.12/site-packages/airflow/example_dags/tutorial_dag.py
[2024-04-09T19:11:59.328+0000] {processor.py:830} INFO - Processing file /home/airflow/.local/lib/python3.12/site-packages/airflow/example_dags/tutorial_dag.py for tasks to queue
[2024-04-09T19:11:59.329+0000] {logging_mixin.py:188} INFO - [2024-04-09T19:11:59.329+0000] {dagbag.py:540} INFO - Filling up the DagBag from /home/airflow/.local/lib/python3.12/site-packages/airflow/example_dags/tutorial_dag.py
[2024-04-09T19:11:59.335+0000] {processor.py:840} INFO - DAG(s) 'tutorial_dag' retrieved from /home/airflow/.local/lib/python3.12/site-packages/airflow/example_dags/tutorial_dag.py
[2024-04-09T19:11:59.357+0000] {logging_mixin.py:188} INFO - [2024-04-09T19:11:59.356+0000] {dag.py:3096} INFO - Sync 1 DAGs
[2024-04-09T19:11:59.374+0000] {logging_mixin.py:188} INFO - [2024-04-09T19:11:59.374+0000] {dag.py:3954} INFO - Setting next_dagrun for tutorial_dag to None, run_after=None
[2024-04-09T19:11:59.401+0000] {processor.py:183} INFO - Processing /home/airflow/.local/lib/python3.12/site-packages/airflow/example_dags/tutorial_dag.py took 0.081 seconds
[2024-04-09T19:12:29.830+0000] {processor.py:161} INFO - Started process (PID=10851) to work on /home/airflow/.local/lib/python3.12/site-packages/airflow/example_dags/tutorial_dag.py
[2024-04-09T19:12:29.832+0000] {processor.py:830} INFO - Processing file /home/airflow/.local/lib/python3.12/site-packages/airflow/example_dags/tutorial_dag.py for tasks to queue
[2024-04-09T19:12:29.833+0000] {logging_mixin.py:188} INFO - [2024-04-09T19:12:29.833+0000] {dagbag.py:540} INFO - Filling up the DagBag from /home/airflow/.local/lib/python3.12/site-packages/airflow/example_dags/tutorial_dag.py
[2024-04-09T19:12:29.837+0000] {processor.py:840} INFO - DAG(s) 'tutorial_dag' retrieved from /home/airflow/.local/lib/python3.12/site-packages/airflow/example_dags/tutorial_dag.py
[2024-04-09T19:12:29.872+0000] {logging_mixin.py:188} INFO - [2024-04-09T19:12:29.872+0000] {dag.py:3096} INFO - Sync 1 DAGs
[2024-04-09T19:12:29.892+0000] {logging_mixin.py:188} INFO - [2024-04-09T19:12:29.892+0000] {dag.py:3954} INFO - Setting next_dagrun for tutorial_dag to None, run_after=None
[2024-04-09T19:12:29.931+0000] {processor.py:183} INFO - Processing /home/airflow/.local/lib/python3.12/site-packages/airflow/example_dags/tutorial_dag.py took 0.107 seconds
[2024-04-09T19:13:00.926+0000] {processor.py:161} INFO - Started process (PID=11124) to work on /home/airflow/.local/lib/python3.12/site-packages/airflow/example_dags/tutorial_dag.py
[2024-04-09T19:13:00.928+0000] {processor.py:830} INFO - Processing file /home/airflow/.local/lib/python3.12/site-packages/airflow/example_dags/tutorial_dag.py for tasks to queue
[2024-04-09T19:13:00.930+0000] {logging_mixin.py:188} INFO - [2024-04-09T19:13:00.929+0000] {dagbag.py:540} INFO - Filling up the DagBag from /home/airflow/.local/lib/python3.12/site-packages/airflow/example_dags/tutorial_dag.py
[2024-04-09T19:13:00.935+0000] {processor.py:840} INFO - DAG(s) 'tutorial_dag' retrieved from /home/airflow/.local/lib/python3.12/site-packages/airflow/example_dags/tutorial_dag.py
[2024-04-09T19:13:00.962+0000] {logging_mixin.py:188} INFO - [2024-04-09T19:13:00.962+0000] {dag.py:3096} INFO - Sync 1 DAGs
[2024-04-09T19:13:00.979+0000] {logging_mixin.py:188} INFO - [2024-04-09T19:13:00.979+0000] {dag.py:3954} INFO - Setting next_dagrun for tutorial_dag to None, run_after=None
[2024-04-09T19:13:01.008+0000] {processor.py:183} INFO - Processing /home/airflow/.local/lib/python3.12/site-packages/airflow/example_dags/tutorial_dag.py took 0.089 seconds
[2024-04-09T19:13:32.054+0000] {processor.py:161} INFO - Started process (PID=11398) to work on /home/airflow/.local/lib/python3.12/site-packages/airflow/example_dags/tutorial_dag.py
[2024-04-09T19:13:32.055+0000] {processor.py:830} INFO - Processing file /home/airflow/.local/lib/python3.12/site-packages/airflow/example_dags/tutorial_dag.py for tasks to queue
[2024-04-09T19:13:32.056+0000] {logging_mixin.py:188} INFO - [2024-04-09T19:13:32.056+0000] {dagbag.py:540} INFO - Filling up the DagBag from /home/airflow/.local/lib/python3.12/site-packages/airflow/example_dags/tutorial_dag.py
[2024-04-09T19:13:32.060+0000] {processor.py:840} INFO - DAG(s) 'tutorial_dag' retrieved from /home/airflow/.local/lib/python3.12/site-packages/airflow/example_dags/tutorial_dag.py
[2024-04-09T19:13:32.077+0000] {logging_mixin.py:188} INFO - [2024-04-09T19:13:32.076+0000] {dag.py:3096} INFO - Sync 1 DAGs
[2024-04-09T19:13:32.087+0000] {logging_mixin.py:188} INFO - [2024-04-09T19:13:32.087+0000] {dag.py:3954} INFO - Setting next_dagrun for tutorial_dag to None, run_after=None
[2024-04-09T19:13:32.106+0000] {processor.py:183} INFO - Processing /home/airflow/.local/lib/python3.12/site-packages/airflow/example_dags/tutorial_dag.py took 0.057 seconds
[2024-04-09T19:14:03.153+0000] {processor.py:161} INFO - Started process (PID=11669) to work on /home/airflow/.local/lib/python3.12/site-packages/airflow/example_dags/tutorial_dag.py
[2024-04-09T19:14:03.154+0000] {processor.py:830} INFO - Processing file /home/airflow/.local/lib/python3.12/site-packages/airflow/example_dags/tutorial_dag.py for tasks to queue
[2024-04-09T19:14:03.156+0000] {logging_mixin.py:188} INFO - [2024-04-09T19:14:03.156+0000] {dagbag.py:540} INFO - Filling up the DagBag from /home/airflow/.local/lib/python3.12/site-packages/airflow/example_dags/tutorial_dag.py
[2024-04-09T19:14:03.162+0000] {processor.py:840} INFO - DAG(s) 'tutorial_dag' retrieved from /home/airflow/.local/lib/python3.12/site-packages/airflow/example_dags/tutorial_dag.py
[2024-04-09T19:14:03.202+0000] {logging_mixin.py:188} INFO - [2024-04-09T19:14:03.202+0000] {dag.py:3096} INFO - Sync 1 DAGs
[2024-04-09T19:14:03.237+0000] {logging_mixin.py:188} INFO - [2024-04-09T19:14:03.237+0000] {dag.py:3954} INFO - Setting next_dagrun for tutorial_dag to None, run_after=None
[2024-04-09T19:14:03.273+0000] {processor.py:183} INFO - Processing /home/airflow/.local/lib/python3.12/site-packages/airflow/example_dags/tutorial_dag.py took 0.136 seconds
[2024-04-09T19:14:34.289+0000] {processor.py:161} INFO - Started process (PID=11941) to work on /home/airflow/.local/lib/python3.12/site-packages/airflow/example_dags/tutorial_dag.py
[2024-04-09T19:14:34.291+0000] {processor.py:830} INFO - Processing file /home/airflow/.local/lib/python3.12/site-packages/airflow/example_dags/tutorial_dag.py for tasks to queue
[2024-04-09T19:14:34.295+0000] {logging_mixin.py:188} INFO - [2024-04-09T19:14:34.294+0000] {dagbag.py:540} INFO - Filling up the DagBag from /home/airflow/.local/lib/python3.12/site-packages/airflow/example_dags/tutorial_dag.py
[2024-04-09T19:14:34.308+0000] {processor.py:840} INFO - DAG(s) 'tutorial_dag' retrieved from /home/airflow/.local/lib/python3.12/site-packages/airflow/example_dags/tutorial_dag.py
[2024-04-09T19:14:34.335+0000] {logging_mixin.py:188} INFO - [2024-04-09T19:14:34.335+0000] {dag.py:3096} INFO - Sync 1 DAGs
[2024-04-09T19:14:34.352+0000] {logging_mixin.py:188} INFO - [2024-04-09T19:14:34.352+0000] {dag.py:3954} INFO - Setting next_dagrun for tutorial_dag to None, run_after=None
[2024-04-09T19:14:34.376+0000] {processor.py:183} INFO - Processing /home/airflow/.local/lib/python3.12/site-packages/airflow/example_dags/tutorial_dag.py took 0.094 seconds
[2024-04-09T19:15:04.477+0000] {processor.py:161} INFO - Started process (PID=12212) to work on /home/airflow/.local/lib/python3.12/site-packages/airflow/example_dags/tutorial_dag.py
[2024-04-09T19:15:04.478+0000] {processor.py:830} INFO - Processing file /home/airflow/.local/lib/python3.12/site-packages/airflow/example_dags/tutorial_dag.py for tasks to queue
[2024-04-09T19:15:04.479+0000] {logging_mixin.py:188} INFO - [2024-04-09T19:15:04.479+0000] {dagbag.py:540} INFO - Filling up the DagBag from /home/airflow/.local/lib/python3.12/site-packages/airflow/example_dags/tutorial_dag.py
[2024-04-09T19:15:04.484+0000] {processor.py:840} INFO - DAG(s) 'tutorial_dag' retrieved from /home/airflow/.local/lib/python3.12/site-packages/airflow/example_dags/tutorial_dag.py
[2024-04-09T19:15:04.501+0000] {logging_mixin.py:188} INFO - [2024-04-09T19:15:04.500+0000] {dag.py:3096} INFO - Sync 1 DAGs
[2024-04-09T19:15:04.512+0000] {logging_mixin.py:188} INFO - [2024-04-09T19:15:04.512+0000] {dag.py:3954} INFO - Setting next_dagrun for tutorial_dag to None, run_after=None
[2024-04-09T19:15:04.533+0000] {processor.py:183} INFO - Processing /home/airflow/.local/lib/python3.12/site-packages/airflow/example_dags/tutorial_dag.py took 0.060 seconds
[2024-04-09T19:15:35.297+0000] {processor.py:161} INFO - Started process (PID=12488) to work on /home/airflow/.local/lib/python3.12/site-packages/airflow/example_dags/tutorial_dag.py
[2024-04-09T19:15:35.298+0000] {processor.py:830} INFO - Processing file /home/airflow/.local/lib/python3.12/site-packages/airflow/example_dags/tutorial_dag.py for tasks to queue
[2024-04-09T19:15:35.301+0000] {logging_mixin.py:188} INFO - [2024-04-09T19:15:35.301+0000] {dagbag.py:540} INFO - Filling up the DagBag from /home/airflow/.local/lib/python3.12/site-packages/airflow/example_dags/tutorial_dag.py
[2024-04-09T19:15:35.307+0000] {processor.py:840} INFO - DAG(s) 'tutorial_dag' retrieved from /home/airflow/.local/lib/python3.12/site-packages/airflow/example_dags/tutorial_dag.py
[2024-04-09T19:15:35.330+0000] {logging_mixin.py:188} INFO - [2024-04-09T19:15:35.329+0000] {dag.py:3096} INFO - Sync 1 DAGs
[2024-04-09T19:15:35.345+0000] {logging_mixin.py:188} INFO - [2024-04-09T19:15:35.345+0000] {dag.py:3954} INFO - Setting next_dagrun for tutorial_dag to None, run_after=None
[2024-04-09T19:15:35.371+0000] {processor.py:183} INFO - Processing /home/airflow/.local/lib/python3.12/site-packages/airflow/example_dags/tutorial_dag.py took 0.093 seconds
[2024-04-09T19:16:05.427+0000] {processor.py:161} INFO - Started process (PID=12755) to work on /home/airflow/.local/lib/python3.12/site-packages/airflow/example_dags/tutorial_dag.py
[2024-04-09T19:16:05.428+0000] {processor.py:830} INFO - Processing file /home/airflow/.local/lib/python3.12/site-packages/airflow/example_dags/tutorial_dag.py for tasks to queue
[2024-04-09T19:16:05.431+0000] {logging_mixin.py:188} INFO - [2024-04-09T19:16:05.430+0000] {dagbag.py:540} INFO - Filling up the DagBag from /home/airflow/.local/lib/python3.12/site-packages/airflow/example_dags/tutorial_dag.py
[2024-04-09T19:16:05.437+0000] {processor.py:840} INFO - DAG(s) 'tutorial_dag' retrieved from /home/airflow/.local/lib/python3.12/site-packages/airflow/example_dags/tutorial_dag.py
[2024-04-09T19:16:05.458+0000] {logging_mixin.py:188} INFO - [2024-04-09T19:16:05.457+0000] {dag.py:3096} INFO - Sync 1 DAGs
[2024-04-09T19:16:05.472+0000] {logging_mixin.py:188} INFO - [2024-04-09T19:16:05.472+0000] {dag.py:3954} INFO - Setting next_dagrun for tutorial_dag to None, run_after=None
[2024-04-09T19:16:05.496+0000] {processor.py:183} INFO - Processing /home/airflow/.local/lib/python3.12/site-packages/airflow/example_dags/tutorial_dag.py took 0.076 seconds
[2024-04-09T19:16:35.645+0000] {processor.py:161} INFO - Started process (PID=13028) to work on /home/airflow/.local/lib/python3.12/site-packages/airflow/example_dags/tutorial_dag.py
[2024-04-09T19:16:35.646+0000] {processor.py:830} INFO - Processing file /home/airflow/.local/lib/python3.12/site-packages/airflow/example_dags/tutorial_dag.py for tasks to queue
[2024-04-09T19:16:35.648+0000] {logging_mixin.py:188} INFO - [2024-04-09T19:16:35.647+0000] {dagbag.py:540} INFO - Filling up the DagBag from /home/airflow/.local/lib/python3.12/site-packages/airflow/example_dags/tutorial_dag.py
[2024-04-09T19:16:35.653+0000] {processor.py:840} INFO - DAG(s) 'tutorial_dag' retrieved from /home/airflow/.local/lib/python3.12/site-packages/airflow/example_dags/tutorial_dag.py
[2024-04-09T19:16:35.677+0000] {logging_mixin.py:188} INFO - [2024-04-09T19:16:35.677+0000] {dag.py:3096} INFO - Sync 1 DAGs
[2024-04-09T19:16:35.694+0000] {logging_mixin.py:188} INFO - [2024-04-09T19:16:35.694+0000] {dag.py:3954} INFO - Setting next_dagrun for tutorial_dag to None, run_after=None
[2024-04-09T19:16:35.718+0000] {processor.py:183} INFO - Processing /home/airflow/.local/lib/python3.12/site-packages/airflow/example_dags/tutorial_dag.py took 0.081 seconds
[2024-04-09T19:17:05.980+0000] {processor.py:161} INFO - Started process (PID=13300) to work on /home/airflow/.local/lib/python3.12/site-packages/airflow/example_dags/tutorial_dag.py
[2024-04-09T19:17:05.982+0000] {processor.py:830} INFO - Processing file /home/airflow/.local/lib/python3.12/site-packages/airflow/example_dags/tutorial_dag.py for tasks to queue
[2024-04-09T19:17:05.983+0000] {logging_mixin.py:188} INFO - [2024-04-09T19:17:05.983+0000] {dagbag.py:540} INFO - Filling up the DagBag from /home/airflow/.local/lib/python3.12/site-packages/airflow/example_dags/tutorial_dag.py
[2024-04-09T19:17:05.989+0000] {processor.py:840} INFO - DAG(s) 'tutorial_dag' retrieved from /home/airflow/.local/lib/python3.12/site-packages/airflow/example_dags/tutorial_dag.py
[2024-04-09T19:17:06.011+0000] {logging_mixin.py:188} INFO - [2024-04-09T19:17:06.011+0000] {dag.py:3096} INFO - Sync 1 DAGs
[2024-04-09T19:17:06.027+0000] {logging_mixin.py:188} INFO - [2024-04-09T19:17:06.027+0000] {dag.py:3954} INFO - Setting next_dagrun for tutorial_dag to None, run_after=None
[2024-04-09T19:17:06.052+0000] {processor.py:183} INFO - Processing /home/airflow/.local/lib/python3.12/site-packages/airflow/example_dags/tutorial_dag.py took 0.078 seconds
[2024-04-09T19:17:36.713+0000] {processor.py:161} INFO - Started process (PID=13572) to work on /home/airflow/.local/lib/python3.12/site-packages/airflow/example_dags/tutorial_dag.py
[2024-04-09T19:17:36.714+0000] {processor.py:830} INFO - Processing file /home/airflow/.local/lib/python3.12/site-packages/airflow/example_dags/tutorial_dag.py for tasks to queue
[2024-04-09T19:17:36.716+0000] {logging_mixin.py:188} INFO - [2024-04-09T19:17:36.716+0000] {dagbag.py:540} INFO - Filling up the DagBag from /home/airflow/.local/lib/python3.12/site-packages/airflow/example_dags/tutorial_dag.py
[2024-04-09T19:17:36.722+0000] {processor.py:840} INFO - DAG(s) 'tutorial_dag' retrieved from /home/airflow/.local/lib/python3.12/site-packages/airflow/example_dags/tutorial_dag.py
[2024-04-09T19:17:36.746+0000] {logging_mixin.py:188} INFO - [2024-04-09T19:17:36.746+0000] {dag.py:3096} INFO - Sync 1 DAGs
[2024-04-09T19:17:36.777+0000] {logging_mixin.py:188} INFO - [2024-04-09T19:17:36.776+0000] {dag.py:3954} INFO - Setting next_dagrun for tutorial_dag to None, run_after=None
[2024-04-09T19:17:36.806+0000] {processor.py:183} INFO - Processing /home/airflow/.local/lib/python3.12/site-packages/airflow/example_dags/tutorial_dag.py took 0.100 seconds
[2024-04-09T19:18:07.672+0000] {processor.py:161} INFO - Started process (PID=13844) to work on /home/airflow/.local/lib/python3.12/site-packages/airflow/example_dags/tutorial_dag.py
[2024-04-09T19:18:07.673+0000] {processor.py:830} INFO - Processing file /home/airflow/.local/lib/python3.12/site-packages/airflow/example_dags/tutorial_dag.py for tasks to queue
[2024-04-09T19:18:07.675+0000] {logging_mixin.py:188} INFO - [2024-04-09T19:18:07.674+0000] {dagbag.py:540} INFO - Filling up the DagBag from /home/airflow/.local/lib/python3.12/site-packages/airflow/example_dags/tutorial_dag.py
[2024-04-09T19:18:07.680+0000] {processor.py:840} INFO - DAG(s) 'tutorial_dag' retrieved from /home/airflow/.local/lib/python3.12/site-packages/airflow/example_dags/tutorial_dag.py
[2024-04-09T19:18:07.703+0000] {logging_mixin.py:188} INFO - [2024-04-09T19:18:07.703+0000] {dag.py:3096} INFO - Sync 1 DAGs
[2024-04-09T19:18:07.721+0000] {logging_mixin.py:188} INFO - [2024-04-09T19:18:07.721+0000] {dag.py:3954} INFO - Setting next_dagrun for tutorial_dag to None, run_after=None
[2024-04-09T19:18:07.774+0000] {processor.py:183} INFO - Processing /home/airflow/.local/lib/python3.12/site-packages/airflow/example_dags/tutorial_dag.py took 0.109 seconds
[2024-04-09T19:18:38.334+0000] {processor.py:161} INFO - Started process (PID=14116) to work on /home/airflow/.local/lib/python3.12/site-packages/airflow/example_dags/tutorial_dag.py
[2024-04-09T19:18:38.335+0000] {processor.py:830} INFO - Processing file /home/airflow/.local/lib/python3.12/site-packages/airflow/example_dags/tutorial_dag.py for tasks to queue
[2024-04-09T19:18:38.337+0000] {logging_mixin.py:188} INFO - [2024-04-09T19:18:38.337+0000] {dagbag.py:540} INFO - Filling up the DagBag from /home/airflow/.local/lib/python3.12/site-packages/airflow/example_dags/tutorial_dag.py
[2024-04-09T19:18:38.343+0000] {processor.py:840} INFO - DAG(s) 'tutorial_dag' retrieved from /home/airflow/.local/lib/python3.12/site-packages/airflow/example_dags/tutorial_dag.py
[2024-04-09T19:18:38.366+0000] {logging_mixin.py:188} INFO - [2024-04-09T19:18:38.365+0000] {dag.py:3096} INFO - Sync 1 DAGs
[2024-04-09T19:18:38.382+0000] {logging_mixin.py:188} INFO - [2024-04-09T19:18:38.382+0000] {dag.py:3954} INFO - Setting next_dagrun for tutorial_dag to None, run_after=None
[2024-04-09T19:18:38.408+0000] {processor.py:183} INFO - Processing /home/airflow/.local/lib/python3.12/site-packages/airflow/example_dags/tutorial_dag.py took 0.080 seconds
[2024-04-09T19:19:08.700+0000] {processor.py:161} INFO - Started process (PID=14388) to work on /home/airflow/.local/lib/python3.12/site-packages/airflow/example_dags/tutorial_dag.py
[2024-04-09T19:19:08.701+0000] {processor.py:830} INFO - Processing file /home/airflow/.local/lib/python3.12/site-packages/airflow/example_dags/tutorial_dag.py for tasks to queue
[2024-04-09T19:19:08.703+0000] {logging_mixin.py:188} INFO - [2024-04-09T19:19:08.703+0000] {dagbag.py:540} INFO - Filling up the DagBag from /home/airflow/.local/lib/python3.12/site-packages/airflow/example_dags/tutorial_dag.py
[2024-04-09T19:19:08.709+0000] {processor.py:840} INFO - DAG(s) 'tutorial_dag' retrieved from /home/airflow/.local/lib/python3.12/site-packages/airflow/example_dags/tutorial_dag.py
[2024-04-09T19:19:08.732+0000] {logging_mixin.py:188} INFO - [2024-04-09T19:19:08.731+0000] {dag.py:3096} INFO - Sync 1 DAGs
[2024-04-09T19:19:08.749+0000] {logging_mixin.py:188} INFO - [2024-04-09T19:19:08.748+0000] {dag.py:3954} INFO - Setting next_dagrun for tutorial_dag to None, run_after=None
[2024-04-09T19:19:08.779+0000] {processor.py:183} INFO - Processing /home/airflow/.local/lib/python3.12/site-packages/airflow/example_dags/tutorial_dag.py took 0.085 seconds
[2024-04-09T19:19:39.574+0000] {processor.py:161} INFO - Started process (PID=14659) to work on /home/airflow/.local/lib/python3.12/site-packages/airflow/example_dags/tutorial_dag.py
[2024-04-09T19:19:39.575+0000] {processor.py:830} INFO - Processing file /home/airflow/.local/lib/python3.12/site-packages/airflow/example_dags/tutorial_dag.py for tasks to queue
[2024-04-09T19:19:39.577+0000] {logging_mixin.py:188} INFO - [2024-04-09T19:19:39.576+0000] {dagbag.py:540} INFO - Filling up the DagBag from /home/airflow/.local/lib/python3.12/site-packages/airflow/example_dags/tutorial_dag.py
[2024-04-09T19:19:39.583+0000] {processor.py:840} INFO - DAG(s) 'tutorial_dag' retrieved from /home/airflow/.local/lib/python3.12/site-packages/airflow/example_dags/tutorial_dag.py
[2024-04-09T19:19:39.606+0000] {logging_mixin.py:188} INFO - [2024-04-09T19:19:39.606+0000] {dag.py:3096} INFO - Sync 1 DAGs
[2024-04-09T19:19:39.621+0000] {logging_mixin.py:188} INFO - [2024-04-09T19:19:39.621+0000] {dag.py:3954} INFO - Setting next_dagrun for tutorial_dag to None, run_after=None
[2024-04-09T19:19:39.645+0000] {processor.py:183} INFO - Processing /home/airflow/.local/lib/python3.12/site-packages/airflow/example_dags/tutorial_dag.py took 0.077 seconds
[2024-04-09T19:20:09.884+0000] {processor.py:161} INFO - Started process (PID=14932) to work on /home/airflow/.local/lib/python3.12/site-packages/airflow/example_dags/tutorial_dag.py
[2024-04-09T19:20:09.885+0000] {processor.py:830} INFO - Processing file /home/airflow/.local/lib/python3.12/site-packages/airflow/example_dags/tutorial_dag.py for tasks to queue
[2024-04-09T19:20:09.887+0000] {logging_mixin.py:188} INFO - [2024-04-09T19:20:09.887+0000] {dagbag.py:540} INFO - Filling up the DagBag from /home/airflow/.local/lib/python3.12/site-packages/airflow/example_dags/tutorial_dag.py
[2024-04-09T19:20:09.893+0000] {processor.py:840} INFO - DAG(s) 'tutorial_dag' retrieved from /home/airflow/.local/lib/python3.12/site-packages/airflow/example_dags/tutorial_dag.py
[2024-04-09T19:20:09.919+0000] {logging_mixin.py:188} INFO - [2024-04-09T19:20:09.918+0000] {dag.py:3096} INFO - Sync 1 DAGs
[2024-04-09T19:20:09.935+0000] {logging_mixin.py:188} INFO - [2024-04-09T19:20:09.935+0000] {dag.py:3954} INFO - Setting next_dagrun for tutorial_dag to None, run_after=None
[2024-04-09T19:20:09.965+0000] {processor.py:183} INFO - Processing /home/airflow/.local/lib/python3.12/site-packages/airflow/example_dags/tutorial_dag.py took 0.091 seconds
[2024-04-09T19:20:40.674+0000] {processor.py:161} INFO - Started process (PID=15205) to work on /home/airflow/.local/lib/python3.12/site-packages/airflow/example_dags/tutorial_dag.py
[2024-04-09T19:20:40.676+0000] {processor.py:830} INFO - Processing file /home/airflow/.local/lib/python3.12/site-packages/airflow/example_dags/tutorial_dag.py for tasks to queue
[2024-04-09T19:20:40.678+0000] {logging_mixin.py:188} INFO - [2024-04-09T19:20:40.677+0000] {dagbag.py:540} INFO - Filling up the DagBag from /home/airflow/.local/lib/python3.12/site-packages/airflow/example_dags/tutorial_dag.py
[2024-04-09T19:20:40.684+0000] {processor.py:840} INFO - DAG(s) 'tutorial_dag' retrieved from /home/airflow/.local/lib/python3.12/site-packages/airflow/example_dags/tutorial_dag.py
[2024-04-09T19:20:40.706+0000] {logging_mixin.py:188} INFO - [2024-04-09T19:20:40.705+0000] {dag.py:3096} INFO - Sync 1 DAGs
[2024-04-09T19:20:40.723+0000] {logging_mixin.py:188} INFO - [2024-04-09T19:20:40.723+0000] {dag.py:3954} INFO - Setting next_dagrun for tutorial_dag to None, run_after=None
[2024-04-09T19:20:40.758+0000] {processor.py:183} INFO - Processing /home/airflow/.local/lib/python3.12/site-packages/airflow/example_dags/tutorial_dag.py took 0.091 seconds
[2024-04-09T19:21:11.265+0000] {processor.py:161} INFO - Started process (PID=15477) to work on /home/airflow/.local/lib/python3.12/site-packages/airflow/example_dags/tutorial_dag.py
[2024-04-09T19:21:11.266+0000] {processor.py:830} INFO - Processing file /home/airflow/.local/lib/python3.12/site-packages/airflow/example_dags/tutorial_dag.py for tasks to queue
[2024-04-09T19:21:11.268+0000] {logging_mixin.py:188} INFO - [2024-04-09T19:21:11.268+0000] {dagbag.py:540} INFO - Filling up the DagBag from /home/airflow/.local/lib/python3.12/site-packages/airflow/example_dags/tutorial_dag.py
[2024-04-09T19:21:11.274+0000] {processor.py:840} INFO - DAG(s) 'tutorial_dag' retrieved from /home/airflow/.local/lib/python3.12/site-packages/airflow/example_dags/tutorial_dag.py
[2024-04-09T19:21:11.299+0000] {logging_mixin.py:188} INFO - [2024-04-09T19:21:11.299+0000] {dag.py:3096} INFO - Sync 1 DAGs
[2024-04-09T19:21:11.317+0000] {logging_mixin.py:188} INFO - [2024-04-09T19:21:11.317+0000] {dag.py:3954} INFO - Setting next_dagrun for tutorial_dag to None, run_after=None
[2024-04-09T19:21:11.345+0000] {processor.py:183} INFO - Processing /home/airflow/.local/lib/python3.12/site-packages/airflow/example_dags/tutorial_dag.py took 0.086 seconds
[2024-04-09T19:21:41.820+0000] {processor.py:161} INFO - Started process (PID=15756) to work on /home/airflow/.local/lib/python3.12/site-packages/airflow/example_dags/tutorial_dag.py
[2024-04-09T19:21:41.821+0000] {processor.py:830} INFO - Processing file /home/airflow/.local/lib/python3.12/site-packages/airflow/example_dags/tutorial_dag.py for tasks to queue
[2024-04-09T19:21:41.823+0000] {logging_mixin.py:188} INFO - [2024-04-09T19:21:41.822+0000] {dagbag.py:540} INFO - Filling up the DagBag from /home/airflow/.local/lib/python3.12/site-packages/airflow/example_dags/tutorial_dag.py
[2024-04-09T19:21:41.829+0000] {processor.py:840} INFO - DAG(s) 'tutorial_dag' retrieved from /home/airflow/.local/lib/python3.12/site-packages/airflow/example_dags/tutorial_dag.py
[2024-04-09T19:21:41.851+0000] {logging_mixin.py:188} INFO - [2024-04-09T19:21:41.851+0000] {dag.py:3096} INFO - Sync 1 DAGs
[2024-04-09T19:21:41.868+0000] {logging_mixin.py:188} INFO - [2024-04-09T19:21:41.868+0000] {dag.py:3954} INFO - Setting next_dagrun for tutorial_dag to None, run_after=None
[2024-04-09T19:21:41.895+0000] {processor.py:183} INFO - Processing /home/airflow/.local/lib/python3.12/site-packages/airflow/example_dags/tutorial_dag.py took 0.082 seconds
[2024-04-09T19:22:12.218+0000] {processor.py:161} INFO - Started process (PID=16028) to work on /home/airflow/.local/lib/python3.12/site-packages/airflow/example_dags/tutorial_dag.py
[2024-04-09T19:22:12.219+0000] {processor.py:830} INFO - Processing file /home/airflow/.local/lib/python3.12/site-packages/airflow/example_dags/tutorial_dag.py for tasks to queue
[2024-04-09T19:22:12.221+0000] {logging_mixin.py:188} INFO - [2024-04-09T19:22:12.221+0000] {dagbag.py:540} INFO - Filling up the DagBag from /home/airflow/.local/lib/python3.12/site-packages/airflow/example_dags/tutorial_dag.py
[2024-04-09T19:22:12.231+0000] {processor.py:840} INFO - DAG(s) 'tutorial_dag' retrieved from /home/airflow/.local/lib/python3.12/site-packages/airflow/example_dags/tutorial_dag.py
[2024-04-09T19:22:12.252+0000] {logging_mixin.py:188} INFO - [2024-04-09T19:22:12.252+0000] {dag.py:3096} INFO - Sync 1 DAGs
[2024-04-09T19:22:12.268+0000] {logging_mixin.py:188} INFO - [2024-04-09T19:22:12.268+0000] {dag.py:3954} INFO - Setting next_dagrun for tutorial_dag to None, run_after=None
[2024-04-09T19:22:12.294+0000] {processor.py:183} INFO - Processing /home/airflow/.local/lib/python3.12/site-packages/airflow/example_dags/tutorial_dag.py took 0.083 seconds
[2024-04-09T19:22:42.905+0000] {processor.py:161} INFO - Started process (PID=16300) to work on /home/airflow/.local/lib/python3.12/site-packages/airflow/example_dags/tutorial_dag.py
[2024-04-09T19:22:42.906+0000] {processor.py:830} INFO - Processing file /home/airflow/.local/lib/python3.12/site-packages/airflow/example_dags/tutorial_dag.py for tasks to queue
[2024-04-09T19:22:42.908+0000] {logging_mixin.py:188} INFO - [2024-04-09T19:22:42.908+0000] {dagbag.py:540} INFO - Filling up the DagBag from /home/airflow/.local/lib/python3.12/site-packages/airflow/example_dags/tutorial_dag.py
[2024-04-09T19:22:42.914+0000] {processor.py:840} INFO - DAG(s) 'tutorial_dag' retrieved from /home/airflow/.local/lib/python3.12/site-packages/airflow/example_dags/tutorial_dag.py
[2024-04-09T19:22:42.937+0000] {logging_mixin.py:188} INFO - [2024-04-09T19:22:42.937+0000] {dag.py:3096} INFO - Sync 1 DAGs
[2024-04-09T19:22:42.954+0000] {logging_mixin.py:188} INFO - [2024-04-09T19:22:42.954+0000] {dag.py:3954} INFO - Setting next_dagrun for tutorial_dag to None, run_after=None
[2024-04-09T19:22:42.978+0000] {processor.py:183} INFO - Processing /home/airflow/.local/lib/python3.12/site-packages/airflow/example_dags/tutorial_dag.py took 0.080 seconds
[2024-04-09T19:23:13.522+0000] {processor.py:161} INFO - Started process (PID=16572) to work on /home/airflow/.local/lib/python3.12/site-packages/airflow/example_dags/tutorial_dag.py
[2024-04-09T19:23:13.523+0000] {processor.py:830} INFO - Processing file /home/airflow/.local/lib/python3.12/site-packages/airflow/example_dags/tutorial_dag.py for tasks to queue
[2024-04-09T19:23:13.526+0000] {logging_mixin.py:188} INFO - [2024-04-09T19:23:13.526+0000] {dagbag.py:540} INFO - Filling up the DagBag from /home/airflow/.local/lib/python3.12/site-packages/airflow/example_dags/tutorial_dag.py
[2024-04-09T19:23:13.533+0000] {processor.py:840} INFO - DAG(s) 'tutorial_dag' retrieved from /home/airflow/.local/lib/python3.12/site-packages/airflow/example_dags/tutorial_dag.py
[2024-04-09T19:23:13.555+0000] {logging_mixin.py:188} INFO - [2024-04-09T19:23:13.555+0000] {dag.py:3096} INFO - Sync 1 DAGs
[2024-04-09T19:23:13.571+0000] {logging_mixin.py:188} INFO - [2024-04-09T19:23:13.570+0000] {dag.py:3954} INFO - Setting next_dagrun for tutorial_dag to None, run_after=None
[2024-04-09T19:23:13.597+0000] {processor.py:183} INFO - Processing /home/airflow/.local/lib/python3.12/site-packages/airflow/example_dags/tutorial_dag.py took 0.081 seconds
[2024-04-09T19:23:43.955+0000] {processor.py:161} INFO - Started process (PID=16844) to work on /home/airflow/.local/lib/python3.12/site-packages/airflow/example_dags/tutorial_dag.py
[2024-04-09T19:23:43.956+0000] {processor.py:830} INFO - Processing file /home/airflow/.local/lib/python3.12/site-packages/airflow/example_dags/tutorial_dag.py for tasks to queue
[2024-04-09T19:23:43.959+0000] {logging_mixin.py:188} INFO - [2024-04-09T19:23:43.958+0000] {dagbag.py:540} INFO - Filling up the DagBag from /home/airflow/.local/lib/python3.12/site-packages/airflow/example_dags/tutorial_dag.py
[2024-04-09T19:23:43.964+0000] {processor.py:840} INFO - DAG(s) 'tutorial_dag' retrieved from /home/airflow/.local/lib/python3.12/site-packages/airflow/example_dags/tutorial_dag.py
[2024-04-09T19:23:43.987+0000] {logging_mixin.py:188} INFO - [2024-04-09T19:23:43.986+0000] {dag.py:3096} INFO - Sync 1 DAGs
[2024-04-09T19:23:44.004+0000] {logging_mixin.py:188} INFO - [2024-04-09T19:23:44.003+0000] {dag.py:3954} INFO - Setting next_dagrun for tutorial_dag to None, run_after=None
[2024-04-09T19:23:44.029+0000] {processor.py:183} INFO - Processing /home/airflow/.local/lib/python3.12/site-packages/airflow/example_dags/tutorial_dag.py took 0.082 seconds
