[2024-04-10T05:25:53.408+0000] {processor.py:161} INFO - Started process (PID=296) to work on /home/airflow/.local/lib/python3.12/site-packages/airflow/example_dags/example_nested_branch_dag.py
[2024-04-10T05:25:53.409+0000] {processor.py:830} INFO - Processing file /home/airflow/.local/lib/python3.12/site-packages/airflow/example_dags/example_nested_branch_dag.py for tasks to queue
[2024-04-10T05:25:53.411+0000] {logging_mixin.py:188} INFO - [2024-04-10T05:25:53.411+0000] {dagbag.py:540} INFO - Filling up the DagBag from /home/airflow/.local/lib/python3.12/site-packages/airflow/example_dags/example_nested_branch_dag.py
[2024-04-10T05:25:53.429+0000] {processor.py:840} INFO - DAG(s) 'example_nested_branch_dag' retrieved from /home/airflow/.local/lib/python3.12/site-packages/airflow/example_dags/example_nested_branch_dag.py
[2024-04-10T05:25:53.460+0000] {logging_mixin.py:188} INFO - [2024-04-10T05:25:53.460+0000] {dag.py:3096} INFO - Sync 1 DAGs
[2024-04-10T05:25:53.495+0000] {logging_mixin.py:188} INFO - [2024-04-10T05:25:53.495+0000] {dag.py:3954} INFO - Setting next_dagrun for example_nested_branch_dag to 2024-04-09 00:00:00+00:00, run_after=2024-04-10 00:00:00+00:00
[2024-04-10T05:25:53.524+0000] {processor.py:183} INFO - Processing /home/airflow/.local/lib/python3.12/site-packages/airflow/example_dags/example_nested_branch_dag.py took 0.123 seconds
[2024-04-10T05:26:23.638+0000] {processor.py:161} INFO - Started process (PID=569) to work on /home/airflow/.local/lib/python3.12/site-packages/airflow/example_dags/example_nested_branch_dag.py
[2024-04-10T05:26:23.639+0000] {processor.py:830} INFO - Processing file /home/airflow/.local/lib/python3.12/site-packages/airflow/example_dags/example_nested_branch_dag.py for tasks to queue
[2024-04-10T05:26:23.641+0000] {logging_mixin.py:188} INFO - [2024-04-10T05:26:23.641+0000] {dagbag.py:540} INFO - Filling up the DagBag from /home/airflow/.local/lib/python3.12/site-packages/airflow/example_dags/example_nested_branch_dag.py
[2024-04-10T05:26:23.653+0000] {processor.py:840} INFO - DAG(s) 'example_nested_branch_dag' retrieved from /home/airflow/.local/lib/python3.12/site-packages/airflow/example_dags/example_nested_branch_dag.py
[2024-04-10T05:26:23.677+0000] {logging_mixin.py:188} INFO - [2024-04-10T05:26:23.676+0000] {dag.py:3096} INFO - Sync 1 DAGs
[2024-04-10T05:26:23.696+0000] {logging_mixin.py:188} INFO - [2024-04-10T05:26:23.695+0000] {dag.py:3954} INFO - Setting next_dagrun for example_nested_branch_dag to 2024-04-09 00:00:00+00:00, run_after=2024-04-10 00:00:00+00:00
[2024-04-10T05:26:23.715+0000] {processor.py:183} INFO - Processing /home/airflow/.local/lib/python3.12/site-packages/airflow/example_dags/example_nested_branch_dag.py took 0.082 seconds
[2024-04-10T05:26:54.080+0000] {processor.py:161} INFO - Started process (PID=843) to work on /home/airflow/.local/lib/python3.12/site-packages/airflow/example_dags/example_nested_branch_dag.py
[2024-04-10T05:26:54.081+0000] {processor.py:830} INFO - Processing file /home/airflow/.local/lib/python3.12/site-packages/airflow/example_dags/example_nested_branch_dag.py for tasks to queue
[2024-04-10T05:26:54.082+0000] {logging_mixin.py:188} INFO - [2024-04-10T05:26:54.082+0000] {dagbag.py:540} INFO - Filling up the DagBag from /home/airflow/.local/lib/python3.12/site-packages/airflow/example_dags/example_nested_branch_dag.py
[2024-04-10T05:26:54.090+0000] {processor.py:840} INFO - DAG(s) 'example_nested_branch_dag' retrieved from /home/airflow/.local/lib/python3.12/site-packages/airflow/example_dags/example_nested_branch_dag.py
[2024-04-10T05:26:54.108+0000] {logging_mixin.py:188} INFO - [2024-04-10T05:26:54.108+0000] {dag.py:3096} INFO - Sync 1 DAGs
[2024-04-10T05:26:54.126+0000] {logging_mixin.py:188} INFO - [2024-04-10T05:26:54.126+0000] {dag.py:3954} INFO - Setting next_dagrun for example_nested_branch_dag to 2024-04-09 00:00:00+00:00, run_after=2024-04-10 00:00:00+00:00
[2024-04-10T05:26:54.146+0000] {processor.py:183} INFO - Processing /home/airflow/.local/lib/python3.12/site-packages/airflow/example_dags/example_nested_branch_dag.py took 0.071 seconds
[2024-04-10T05:27:25.228+0000] {processor.py:161} INFO - Started process (PID=1114) to work on /home/airflow/.local/lib/python3.12/site-packages/airflow/example_dags/example_nested_branch_dag.py
[2024-04-10T05:27:25.229+0000] {processor.py:830} INFO - Processing file /home/airflow/.local/lib/python3.12/site-packages/airflow/example_dags/example_nested_branch_dag.py for tasks to queue
[2024-04-10T05:27:25.231+0000] {logging_mixin.py:188} INFO - [2024-04-10T05:27:25.231+0000] {dagbag.py:540} INFO - Filling up the DagBag from /home/airflow/.local/lib/python3.12/site-packages/airflow/example_dags/example_nested_branch_dag.py
[2024-04-10T05:27:25.244+0000] {processor.py:840} INFO - DAG(s) 'example_nested_branch_dag' retrieved from /home/airflow/.local/lib/python3.12/site-packages/airflow/example_dags/example_nested_branch_dag.py
[2024-04-10T05:27:25.300+0000] {logging_mixin.py:188} INFO - [2024-04-10T05:27:25.299+0000] {dag.py:3096} INFO - Sync 1 DAGs
[2024-04-10T05:27:25.350+0000] {logging_mixin.py:188} INFO - [2024-04-10T05:27:25.350+0000] {dag.py:3954} INFO - Setting next_dagrun for example_nested_branch_dag to 2024-04-09 00:00:00+00:00, run_after=2024-04-10 00:00:00+00:00
[2024-04-10T05:27:25.404+0000] {processor.py:183} INFO - Processing /home/airflow/.local/lib/python3.12/site-packages/airflow/example_dags/example_nested_branch_dag.py took 0.186 seconds
[2024-04-10T05:27:55.892+0000] {processor.py:161} INFO - Started process (PID=1386) to work on /home/airflow/.local/lib/python3.12/site-packages/airflow/example_dags/example_nested_branch_dag.py
[2024-04-10T05:27:55.893+0000] {processor.py:830} INFO - Processing file /home/airflow/.local/lib/python3.12/site-packages/airflow/example_dags/example_nested_branch_dag.py for tasks to queue
[2024-04-10T05:27:55.896+0000] {logging_mixin.py:188} INFO - [2024-04-10T05:27:55.894+0000] {dagbag.py:540} INFO - Filling up the DagBag from /home/airflow/.local/lib/python3.12/site-packages/airflow/example_dags/example_nested_branch_dag.py
[2024-04-10T05:27:55.906+0000] {processor.py:840} INFO - DAG(s) 'example_nested_branch_dag' retrieved from /home/airflow/.local/lib/python3.12/site-packages/airflow/example_dags/example_nested_branch_dag.py
[2024-04-10T05:27:55.931+0000] {logging_mixin.py:188} INFO - [2024-04-10T05:27:55.930+0000] {dag.py:3096} INFO - Sync 1 DAGs
[2024-04-10T05:27:55.957+0000] {logging_mixin.py:188} INFO - [2024-04-10T05:27:55.957+0000] {dag.py:3954} INFO - Setting next_dagrun for example_nested_branch_dag to 2024-04-09 00:00:00+00:00, run_after=2024-04-10 00:00:00+00:00
[2024-04-10T05:27:55.983+0000] {processor.py:183} INFO - Processing /home/airflow/.local/lib/python3.12/site-packages/airflow/example_dags/example_nested_branch_dag.py took 0.097 seconds
[2024-04-10T05:28:26.305+0000] {processor.py:161} INFO - Started process (PID=1659) to work on /home/airflow/.local/lib/python3.12/site-packages/airflow/example_dags/example_nested_branch_dag.py
[2024-04-10T05:28:26.306+0000] {processor.py:830} INFO - Processing file /home/airflow/.local/lib/python3.12/site-packages/airflow/example_dags/example_nested_branch_dag.py for tasks to queue
[2024-04-10T05:28:26.308+0000] {logging_mixin.py:188} INFO - [2024-04-10T05:28:26.308+0000] {dagbag.py:540} INFO - Filling up the DagBag from /home/airflow/.local/lib/python3.12/site-packages/airflow/example_dags/example_nested_branch_dag.py
[2024-04-10T05:28:26.319+0000] {processor.py:840} INFO - DAG(s) 'example_nested_branch_dag' retrieved from /home/airflow/.local/lib/python3.12/site-packages/airflow/example_dags/example_nested_branch_dag.py
[2024-04-10T05:28:26.347+0000] {logging_mixin.py:188} INFO - [2024-04-10T05:28:26.346+0000] {dag.py:3096} INFO - Sync 1 DAGs
[2024-04-10T05:28:26.416+0000] {logging_mixin.py:188} INFO - [2024-04-10T05:28:26.416+0000] {dag.py:3954} INFO - Setting next_dagrun for example_nested_branch_dag to 2024-04-09 00:00:00+00:00, run_after=2024-04-10 00:00:00+00:00
[2024-04-10T05:28:26.458+0000] {processor.py:183} INFO - Processing /home/airflow/.local/lib/python3.12/site-packages/airflow/example_dags/example_nested_branch_dag.py took 0.159 seconds
[2024-04-10T05:28:57.252+0000] {processor.py:161} INFO - Started process (PID=1932) to work on /home/airflow/.local/lib/python3.12/site-packages/airflow/example_dags/example_nested_branch_dag.py
[2024-04-10T05:28:57.252+0000] {processor.py:830} INFO - Processing file /home/airflow/.local/lib/python3.12/site-packages/airflow/example_dags/example_nested_branch_dag.py for tasks to queue
[2024-04-10T05:28:57.254+0000] {logging_mixin.py:188} INFO - [2024-04-10T05:28:57.253+0000] {dagbag.py:540} INFO - Filling up the DagBag from /home/airflow/.local/lib/python3.12/site-packages/airflow/example_dags/example_nested_branch_dag.py
[2024-04-10T05:28:57.262+0000] {processor.py:840} INFO - DAG(s) 'example_nested_branch_dag' retrieved from /home/airflow/.local/lib/python3.12/site-packages/airflow/example_dags/example_nested_branch_dag.py
[2024-04-10T05:28:57.280+0000] {logging_mixin.py:188} INFO - [2024-04-10T05:28:57.280+0000] {dag.py:3096} INFO - Sync 1 DAGs
[2024-04-10T05:28:57.299+0000] {logging_mixin.py:188} INFO - [2024-04-10T05:28:57.299+0000] {dag.py:3954} INFO - Setting next_dagrun for example_nested_branch_dag to 2024-04-09 00:00:00+00:00, run_after=2024-04-10 00:00:00+00:00
[2024-04-10T05:28:57.317+0000] {processor.py:183} INFO - Processing /home/airflow/.local/lib/python3.12/site-packages/airflow/example_dags/example_nested_branch_dag.py took 0.071 seconds
[2024-04-10T05:29:27.758+0000] {processor.py:161} INFO - Started process (PID=2205) to work on /home/airflow/.local/lib/python3.12/site-packages/airflow/example_dags/example_nested_branch_dag.py
[2024-04-10T05:29:27.759+0000] {processor.py:830} INFO - Processing file /home/airflow/.local/lib/python3.12/site-packages/airflow/example_dags/example_nested_branch_dag.py for tasks to queue
[2024-04-10T05:29:27.765+0000] {logging_mixin.py:188} INFO - [2024-04-10T05:29:27.764+0000] {dagbag.py:540} INFO - Filling up the DagBag from /home/airflow/.local/lib/python3.12/site-packages/airflow/example_dags/example_nested_branch_dag.py
[2024-04-10T05:29:27.776+0000] {processor.py:840} INFO - DAG(s) 'example_nested_branch_dag' retrieved from /home/airflow/.local/lib/python3.12/site-packages/airflow/example_dags/example_nested_branch_dag.py
[2024-04-10T05:29:27.807+0000] {logging_mixin.py:188} INFO - [2024-04-10T05:29:27.806+0000] {dag.py:3096} INFO - Sync 1 DAGs
[2024-04-10T05:29:27.838+0000] {logging_mixin.py:188} INFO - [2024-04-10T05:29:27.838+0000] {dag.py:3954} INFO - Setting next_dagrun for example_nested_branch_dag to 2024-04-09 00:00:00+00:00, run_after=2024-04-10 00:00:00+00:00
[2024-04-10T05:29:27.861+0000] {processor.py:183} INFO - Processing /home/airflow/.local/lib/python3.12/site-packages/airflow/example_dags/example_nested_branch_dag.py took 0.110 seconds
[2024-04-10T05:29:58.192+0000] {processor.py:161} INFO - Started process (PID=2475) to work on /home/airflow/.local/lib/python3.12/site-packages/airflow/example_dags/example_nested_branch_dag.py
[2024-04-10T05:29:58.193+0000] {processor.py:830} INFO - Processing file /home/airflow/.local/lib/python3.12/site-packages/airflow/example_dags/example_nested_branch_dag.py for tasks to queue
[2024-04-10T05:29:58.194+0000] {logging_mixin.py:188} INFO - [2024-04-10T05:29:58.194+0000] {dagbag.py:540} INFO - Filling up the DagBag from /home/airflow/.local/lib/python3.12/site-packages/airflow/example_dags/example_nested_branch_dag.py
[2024-04-10T05:29:58.207+0000] {processor.py:840} INFO - DAG(s) 'example_nested_branch_dag' retrieved from /home/airflow/.local/lib/python3.12/site-packages/airflow/example_dags/example_nested_branch_dag.py
[2024-04-10T05:29:58.233+0000] {logging_mixin.py:188} INFO - [2024-04-10T05:29:58.232+0000] {dag.py:3096} INFO - Sync 1 DAGs
[2024-04-10T05:29:58.260+0000] {logging_mixin.py:188} INFO - [2024-04-10T05:29:58.260+0000] {dag.py:3954} INFO - Setting next_dagrun for example_nested_branch_dag to 2024-04-09 00:00:00+00:00, run_after=2024-04-10 00:00:00+00:00
[2024-04-10T05:29:58.286+0000] {processor.py:183} INFO - Processing /home/airflow/.local/lib/python3.12/site-packages/airflow/example_dags/example_nested_branch_dag.py took 0.101 seconds
[2024-04-10T05:30:29.263+0000] {processor.py:161} INFO - Started process (PID=2747) to work on /home/airflow/.local/lib/python3.12/site-packages/airflow/example_dags/example_nested_branch_dag.py
[2024-04-10T05:30:29.264+0000] {processor.py:830} INFO - Processing file /home/airflow/.local/lib/python3.12/site-packages/airflow/example_dags/example_nested_branch_dag.py for tasks to queue
[2024-04-10T05:30:29.265+0000] {logging_mixin.py:188} INFO - [2024-04-10T05:30:29.265+0000] {dagbag.py:540} INFO - Filling up the DagBag from /home/airflow/.local/lib/python3.12/site-packages/airflow/example_dags/example_nested_branch_dag.py
[2024-04-10T05:30:29.277+0000] {processor.py:840} INFO - DAG(s) 'example_nested_branch_dag' retrieved from /home/airflow/.local/lib/python3.12/site-packages/airflow/example_dags/example_nested_branch_dag.py
[2024-04-10T05:30:29.300+0000] {logging_mixin.py:188} INFO - [2024-04-10T05:30:29.299+0000] {dag.py:3096} INFO - Sync 1 DAGs
[2024-04-10T05:30:29.328+0000] {logging_mixin.py:188} INFO - [2024-04-10T05:30:29.328+0000] {dag.py:3954} INFO - Setting next_dagrun for example_nested_branch_dag to 2024-04-09 00:00:00+00:00, run_after=2024-04-10 00:00:00+00:00
[2024-04-10T05:30:29.357+0000] {processor.py:183} INFO - Processing /home/airflow/.local/lib/python3.12/site-packages/airflow/example_dags/example_nested_branch_dag.py took 0.101 seconds
[2024-04-10T05:31:00.651+0000] {processor.py:161} INFO - Started process (PID=3019) to work on /home/airflow/.local/lib/python3.12/site-packages/airflow/example_dags/example_nested_branch_dag.py
[2024-04-10T05:31:00.652+0000] {processor.py:830} INFO - Processing file /home/airflow/.local/lib/python3.12/site-packages/airflow/example_dags/example_nested_branch_dag.py for tasks to queue
[2024-04-10T05:31:00.654+0000] {logging_mixin.py:188} INFO - [2024-04-10T05:31:00.653+0000] {dagbag.py:540} INFO - Filling up the DagBag from /home/airflow/.local/lib/python3.12/site-packages/airflow/example_dags/example_nested_branch_dag.py
[2024-04-10T05:31:00.668+0000] {processor.py:840} INFO - DAG(s) 'example_nested_branch_dag' retrieved from /home/airflow/.local/lib/python3.12/site-packages/airflow/example_dags/example_nested_branch_dag.py
[2024-04-10T05:31:00.694+0000] {logging_mixin.py:188} INFO - [2024-04-10T05:31:00.694+0000] {dag.py:3096} INFO - Sync 1 DAGs
[2024-04-10T05:31:00.758+0000] {logging_mixin.py:188} INFO - [2024-04-10T05:31:00.758+0000] {dag.py:3954} INFO - Setting next_dagrun for example_nested_branch_dag to 2024-04-09 00:00:00+00:00, run_after=2024-04-10 00:00:00+00:00
[2024-04-10T05:31:00.783+0000] {processor.py:183} INFO - Processing /home/airflow/.local/lib/python3.12/site-packages/airflow/example_dags/example_nested_branch_dag.py took 0.138 seconds
[2024-04-10T05:31:31.771+0000] {processor.py:161} INFO - Started process (PID=3291) to work on /home/airflow/.local/lib/python3.12/site-packages/airflow/example_dags/example_nested_branch_dag.py
[2024-04-10T05:31:31.772+0000] {processor.py:830} INFO - Processing file /home/airflow/.local/lib/python3.12/site-packages/airflow/example_dags/example_nested_branch_dag.py for tasks to queue
[2024-04-10T05:31:31.774+0000] {logging_mixin.py:188} INFO - [2024-04-10T05:31:31.774+0000] {dagbag.py:540} INFO - Filling up the DagBag from /home/airflow/.local/lib/python3.12/site-packages/airflow/example_dags/example_nested_branch_dag.py
[2024-04-10T05:31:31.786+0000] {processor.py:840} INFO - DAG(s) 'example_nested_branch_dag' retrieved from /home/airflow/.local/lib/python3.12/site-packages/airflow/example_dags/example_nested_branch_dag.py
[2024-04-10T05:31:31.809+0000] {logging_mixin.py:188} INFO - [2024-04-10T05:31:31.809+0000] {dag.py:3096} INFO - Sync 1 DAGs
[2024-04-10T05:31:31.837+0000] {logging_mixin.py:188} INFO - [2024-04-10T05:31:31.836+0000] {dag.py:3954} INFO - Setting next_dagrun for example_nested_branch_dag to 2024-04-09 00:00:00+00:00, run_after=2024-04-10 00:00:00+00:00
[2024-04-10T05:31:31.873+0000] {processor.py:183} INFO - Processing /home/airflow/.local/lib/python3.12/site-packages/airflow/example_dags/example_nested_branch_dag.py took 0.109 seconds
[2024-04-10T05:32:02.170+0000] {processor.py:161} INFO - Started process (PID=3564) to work on /home/airflow/.local/lib/python3.12/site-packages/airflow/example_dags/example_nested_branch_dag.py
[2024-04-10T05:32:02.171+0000] {processor.py:830} INFO - Processing file /home/airflow/.local/lib/python3.12/site-packages/airflow/example_dags/example_nested_branch_dag.py for tasks to queue
[2024-04-10T05:32:02.173+0000] {logging_mixin.py:188} INFO - [2024-04-10T05:32:02.173+0000] {dagbag.py:540} INFO - Filling up the DagBag from /home/airflow/.local/lib/python3.12/site-packages/airflow/example_dags/example_nested_branch_dag.py
[2024-04-10T05:32:02.185+0000] {processor.py:840} INFO - DAG(s) 'example_nested_branch_dag' retrieved from /home/airflow/.local/lib/python3.12/site-packages/airflow/example_dags/example_nested_branch_dag.py
[2024-04-10T05:32:02.213+0000] {logging_mixin.py:188} INFO - [2024-04-10T05:32:02.213+0000] {dag.py:3096} INFO - Sync 1 DAGs
[2024-04-10T05:32:02.243+0000] {logging_mixin.py:188} INFO - [2024-04-10T05:32:02.243+0000] {dag.py:3954} INFO - Setting next_dagrun for example_nested_branch_dag to 2024-04-09 00:00:00+00:00, run_after=2024-04-10 00:00:00+00:00
[2024-04-10T05:32:02.273+0000] {processor.py:183} INFO - Processing /home/airflow/.local/lib/python3.12/site-packages/airflow/example_dags/example_nested_branch_dag.py took 0.111 seconds
[2024-04-10T05:32:32.558+0000] {processor.py:161} INFO - Started process (PID=3836) to work on /home/airflow/.local/lib/python3.12/site-packages/airflow/example_dags/example_nested_branch_dag.py
[2024-04-10T05:32:32.563+0000] {processor.py:830} INFO - Processing file /home/airflow/.local/lib/python3.12/site-packages/airflow/example_dags/example_nested_branch_dag.py for tasks to queue
[2024-04-10T05:32:32.565+0000] {logging_mixin.py:188} INFO - [2024-04-10T05:32:32.565+0000] {dagbag.py:540} INFO - Filling up the DagBag from /home/airflow/.local/lib/python3.12/site-packages/airflow/example_dags/example_nested_branch_dag.py
[2024-04-10T05:32:32.590+0000] {processor.py:840} INFO - DAG(s) 'example_nested_branch_dag' retrieved from /home/airflow/.local/lib/python3.12/site-packages/airflow/example_dags/example_nested_branch_dag.py
[2024-04-10T05:32:32.675+0000] {logging_mixin.py:188} INFO - [2024-04-10T05:32:32.675+0000] {dag.py:3096} INFO - Sync 1 DAGs
[2024-04-10T05:32:32.705+0000] {logging_mixin.py:188} INFO - [2024-04-10T05:32:32.705+0000] {dag.py:3954} INFO - Setting next_dagrun for example_nested_branch_dag to 2024-04-09 00:00:00+00:00, run_after=2024-04-10 00:00:00+00:00
[2024-04-10T05:32:32.730+0000] {processor.py:183} INFO - Processing /home/airflow/.local/lib/python3.12/site-packages/airflow/example_dags/example_nested_branch_dag.py took 0.179 seconds
[2024-04-10T05:33:02.803+0000] {processor.py:161} INFO - Started process (PID=4105) to work on /home/airflow/.local/lib/python3.12/site-packages/airflow/example_dags/example_nested_branch_dag.py
[2024-04-10T05:33:02.803+0000] {processor.py:830} INFO - Processing file /home/airflow/.local/lib/python3.12/site-packages/airflow/example_dags/example_nested_branch_dag.py for tasks to queue
[2024-04-10T05:33:02.805+0000] {logging_mixin.py:188} INFO - [2024-04-10T05:33:02.804+0000] {dagbag.py:540} INFO - Filling up the DagBag from /home/airflow/.local/lib/python3.12/site-packages/airflow/example_dags/example_nested_branch_dag.py
[2024-04-10T05:33:02.813+0000] {processor.py:840} INFO - DAG(s) 'example_nested_branch_dag' retrieved from /home/airflow/.local/lib/python3.12/site-packages/airflow/example_dags/example_nested_branch_dag.py
[2024-04-10T05:33:02.831+0000] {logging_mixin.py:188} INFO - [2024-04-10T05:33:02.830+0000] {dag.py:3096} INFO - Sync 1 DAGs
[2024-04-10T05:33:02.849+0000] {logging_mixin.py:188} INFO - [2024-04-10T05:33:02.849+0000] {dag.py:3954} INFO - Setting next_dagrun for example_nested_branch_dag to 2024-04-09 00:00:00+00:00, run_after=2024-04-10 00:00:00+00:00
[2024-04-10T05:33:02.873+0000] {processor.py:183} INFO - Processing /home/airflow/.local/lib/python3.12/site-packages/airflow/example_dags/example_nested_branch_dag.py took 0.074 seconds
[2024-04-10T05:33:33.346+0000] {processor.py:161} INFO - Started process (PID=4375) to work on /home/airflow/.local/lib/python3.12/site-packages/airflow/example_dags/example_nested_branch_dag.py
[2024-04-10T05:33:33.347+0000] {processor.py:830} INFO - Processing file /home/airflow/.local/lib/python3.12/site-packages/airflow/example_dags/example_nested_branch_dag.py for tasks to queue
[2024-04-10T05:33:33.349+0000] {logging_mixin.py:188} INFO - [2024-04-10T05:33:33.349+0000] {dagbag.py:540} INFO - Filling up the DagBag from /home/airflow/.local/lib/python3.12/site-packages/airflow/example_dags/example_nested_branch_dag.py
[2024-04-10T05:33:33.361+0000] {processor.py:840} INFO - DAG(s) 'example_nested_branch_dag' retrieved from /home/airflow/.local/lib/python3.12/site-packages/airflow/example_dags/example_nested_branch_dag.py
[2024-04-10T05:33:33.394+0000] {logging_mixin.py:188} INFO - [2024-04-10T05:33:33.394+0000] {dag.py:3096} INFO - Sync 1 DAGs
[2024-04-10T05:33:33.444+0000] {logging_mixin.py:188} INFO - [2024-04-10T05:33:33.444+0000] {dag.py:3954} INFO - Setting next_dagrun for example_nested_branch_dag to 2024-04-09 00:00:00+00:00, run_after=2024-04-10 00:00:00+00:00
[2024-04-10T05:33:33.486+0000] {processor.py:183} INFO - Processing /home/airflow/.local/lib/python3.12/site-packages/airflow/example_dags/example_nested_branch_dag.py took 0.147 seconds
[2024-04-10T05:34:03.551+0000] {processor.py:161} INFO - Started process (PID=4647) to work on /home/airflow/.local/lib/python3.12/site-packages/airflow/example_dags/example_nested_branch_dag.py
[2024-04-10T05:34:03.552+0000] {processor.py:830} INFO - Processing file /home/airflow/.local/lib/python3.12/site-packages/airflow/example_dags/example_nested_branch_dag.py for tasks to queue
[2024-04-10T05:34:03.554+0000] {logging_mixin.py:188} INFO - [2024-04-10T05:34:03.554+0000] {dagbag.py:540} INFO - Filling up the DagBag from /home/airflow/.local/lib/python3.12/site-packages/airflow/example_dags/example_nested_branch_dag.py
[2024-04-10T05:34:03.567+0000] {processor.py:840} INFO - DAG(s) 'example_nested_branch_dag' retrieved from /home/airflow/.local/lib/python3.12/site-packages/airflow/example_dags/example_nested_branch_dag.py
[2024-04-10T05:34:03.611+0000] {logging_mixin.py:188} INFO - [2024-04-10T05:34:03.610+0000] {dag.py:3096} INFO - Sync 1 DAGs
[2024-04-10T05:34:03.635+0000] {logging_mixin.py:188} INFO - [2024-04-10T05:34:03.635+0000] {dag.py:3954} INFO - Setting next_dagrun for example_nested_branch_dag to 2024-04-09 00:00:00+00:00, run_after=2024-04-10 00:00:00+00:00
[2024-04-10T05:34:03.655+0000] {processor.py:183} INFO - Processing /home/airflow/.local/lib/python3.12/site-packages/airflow/example_dags/example_nested_branch_dag.py took 0.116 seconds
[2024-04-10T05:34:34.234+0000] {processor.py:161} INFO - Started process (PID=4918) to work on /home/airflow/.local/lib/python3.12/site-packages/airflow/example_dags/example_nested_branch_dag.py
[2024-04-10T05:34:34.235+0000] {processor.py:830} INFO - Processing file /home/airflow/.local/lib/python3.12/site-packages/airflow/example_dags/example_nested_branch_dag.py for tasks to queue
[2024-04-10T05:34:34.237+0000] {logging_mixin.py:188} INFO - [2024-04-10T05:34:34.236+0000] {dagbag.py:540} INFO - Filling up the DagBag from /home/airflow/.local/lib/python3.12/site-packages/airflow/example_dags/example_nested_branch_dag.py
[2024-04-10T05:34:34.249+0000] {processor.py:840} INFO - DAG(s) 'example_nested_branch_dag' retrieved from /home/airflow/.local/lib/python3.12/site-packages/airflow/example_dags/example_nested_branch_dag.py
[2024-04-10T05:34:34.276+0000] {logging_mixin.py:188} INFO - [2024-04-10T05:34:34.276+0000] {dag.py:3096} INFO - Sync 1 DAGs
[2024-04-10T05:34:34.304+0000] {logging_mixin.py:188} INFO - [2024-04-10T05:34:34.304+0000] {dag.py:3954} INFO - Setting next_dagrun for example_nested_branch_dag to 2024-04-09 00:00:00+00:00, run_after=2024-04-10 00:00:00+00:00
[2024-04-10T05:34:34.328+0000] {processor.py:183} INFO - Processing /home/airflow/.local/lib/python3.12/site-packages/airflow/example_dags/example_nested_branch_dag.py took 0.101 seconds
[2024-04-10T05:35:04.422+0000] {processor.py:161} INFO - Started process (PID=5190) to work on /home/airflow/.local/lib/python3.12/site-packages/airflow/example_dags/example_nested_branch_dag.py
[2024-04-10T05:35:04.422+0000] {processor.py:830} INFO - Processing file /home/airflow/.local/lib/python3.12/site-packages/airflow/example_dags/example_nested_branch_dag.py for tasks to queue
[2024-04-10T05:35:04.424+0000] {logging_mixin.py:188} INFO - [2024-04-10T05:35:04.424+0000] {dagbag.py:540} INFO - Filling up the DagBag from /home/airflow/.local/lib/python3.12/site-packages/airflow/example_dags/example_nested_branch_dag.py
[2024-04-10T05:35:04.438+0000] {processor.py:840} INFO - DAG(s) 'example_nested_branch_dag' retrieved from /home/airflow/.local/lib/python3.12/site-packages/airflow/example_dags/example_nested_branch_dag.py
[2024-04-10T05:35:04.465+0000] {logging_mixin.py:188} INFO - [2024-04-10T05:35:04.464+0000] {dag.py:3096} INFO - Sync 1 DAGs
[2024-04-10T05:35:04.493+0000] {logging_mixin.py:188} INFO - [2024-04-10T05:35:04.493+0000] {dag.py:3954} INFO - Setting next_dagrun for example_nested_branch_dag to 2024-04-09 00:00:00+00:00, run_after=2024-04-10 00:00:00+00:00
[2024-04-10T05:35:04.532+0000] {processor.py:183} INFO - Processing /home/airflow/.local/lib/python3.12/site-packages/airflow/example_dags/example_nested_branch_dag.py took 0.117 seconds
[2024-04-10T05:35:34.945+0000] {processor.py:161} INFO - Started process (PID=5463) to work on /home/airflow/.local/lib/python3.12/site-packages/airflow/example_dags/example_nested_branch_dag.py
[2024-04-10T05:35:34.945+0000] {processor.py:830} INFO - Processing file /home/airflow/.local/lib/python3.12/site-packages/airflow/example_dags/example_nested_branch_dag.py for tasks to queue
[2024-04-10T05:35:34.947+0000] {logging_mixin.py:188} INFO - [2024-04-10T05:35:34.947+0000] {dagbag.py:540} INFO - Filling up the DagBag from /home/airflow/.local/lib/python3.12/site-packages/airflow/example_dags/example_nested_branch_dag.py
[2024-04-10T05:35:34.958+0000] {processor.py:840} INFO - DAG(s) 'example_nested_branch_dag' retrieved from /home/airflow/.local/lib/python3.12/site-packages/airflow/example_dags/example_nested_branch_dag.py
[2024-04-10T05:35:34.983+0000] {logging_mixin.py:188} INFO - [2024-04-10T05:35:34.982+0000] {dag.py:3096} INFO - Sync 1 DAGs
[2024-04-10T05:35:35.025+0000] {logging_mixin.py:188} INFO - [2024-04-10T05:35:35.024+0000] {dag.py:3954} INFO - Setting next_dagrun for example_nested_branch_dag to 2024-04-09 00:00:00+00:00, run_after=2024-04-10 00:00:00+00:00
[2024-04-10T05:35:35.059+0000] {processor.py:183} INFO - Processing /home/airflow/.local/lib/python3.12/site-packages/airflow/example_dags/example_nested_branch_dag.py took 0.121 seconds
[2024-04-10T05:36:05.139+0000] {processor.py:161} INFO - Started process (PID=5736) to work on /home/airflow/.local/lib/python3.12/site-packages/airflow/example_dags/example_nested_branch_dag.py
[2024-04-10T05:36:05.140+0000] {processor.py:830} INFO - Processing file /home/airflow/.local/lib/python3.12/site-packages/airflow/example_dags/example_nested_branch_dag.py for tasks to queue
[2024-04-10T05:36:05.141+0000] {logging_mixin.py:188} INFO - [2024-04-10T05:36:05.141+0000] {dagbag.py:540} INFO - Filling up the DagBag from /home/airflow/.local/lib/python3.12/site-packages/airflow/example_dags/example_nested_branch_dag.py
[2024-04-10T05:36:05.153+0000] {processor.py:840} INFO - DAG(s) 'example_nested_branch_dag' retrieved from /home/airflow/.local/lib/python3.12/site-packages/airflow/example_dags/example_nested_branch_dag.py
[2024-04-10T05:36:05.182+0000] {logging_mixin.py:188} INFO - [2024-04-10T05:36:05.182+0000] {dag.py:3096} INFO - Sync 1 DAGs
[2024-04-10T05:36:05.243+0000] {logging_mixin.py:188} INFO - [2024-04-10T05:36:05.243+0000] {dag.py:3954} INFO - Setting next_dagrun for example_nested_branch_dag to 2024-04-09 00:00:00+00:00, run_after=2024-04-10 00:00:00+00:00
[2024-04-10T05:36:05.271+0000] {processor.py:183} INFO - Processing /home/airflow/.local/lib/python3.12/site-packages/airflow/example_dags/example_nested_branch_dag.py took 0.138 seconds
[2024-04-10T05:36:36.184+0000] {processor.py:161} INFO - Started process (PID=6010) to work on /home/airflow/.local/lib/python3.12/site-packages/airflow/example_dags/example_nested_branch_dag.py
[2024-04-10T05:36:36.185+0000] {processor.py:830} INFO - Processing file /home/airflow/.local/lib/python3.12/site-packages/airflow/example_dags/example_nested_branch_dag.py for tasks to queue
[2024-04-10T05:36:36.186+0000] {logging_mixin.py:188} INFO - [2024-04-10T05:36:36.186+0000] {dagbag.py:540} INFO - Filling up the DagBag from /home/airflow/.local/lib/python3.12/site-packages/airflow/example_dags/example_nested_branch_dag.py
[2024-04-10T05:36:36.194+0000] {processor.py:840} INFO - DAG(s) 'example_nested_branch_dag' retrieved from /home/airflow/.local/lib/python3.12/site-packages/airflow/example_dags/example_nested_branch_dag.py
[2024-04-10T05:36:36.212+0000] {logging_mixin.py:188} INFO - [2024-04-10T05:36:36.211+0000] {dag.py:3096} INFO - Sync 1 DAGs
[2024-04-10T05:36:36.230+0000] {logging_mixin.py:188} INFO - [2024-04-10T05:36:36.230+0000] {dag.py:3954} INFO - Setting next_dagrun for example_nested_branch_dag to 2024-04-09 00:00:00+00:00, run_after=2024-04-10 00:00:00+00:00
[2024-04-10T05:36:36.249+0000] {processor.py:183} INFO - Processing /home/airflow/.local/lib/python3.12/site-packages/airflow/example_dags/example_nested_branch_dag.py took 0.070 seconds
[2024-04-10T05:37:06.620+0000] {processor.py:161} INFO - Started process (PID=6283) to work on /home/airflow/.local/lib/python3.12/site-packages/airflow/example_dags/example_nested_branch_dag.py
[2024-04-10T05:37:06.621+0000] {processor.py:830} INFO - Processing file /home/airflow/.local/lib/python3.12/site-packages/airflow/example_dags/example_nested_branch_dag.py for tasks to queue
[2024-04-10T05:37:06.625+0000] {logging_mixin.py:188} INFO - [2024-04-10T05:37:06.624+0000] {dagbag.py:540} INFO - Filling up the DagBag from /home/airflow/.local/lib/python3.12/site-packages/airflow/example_dags/example_nested_branch_dag.py
[2024-04-10T05:37:06.636+0000] {processor.py:840} INFO - DAG(s) 'example_nested_branch_dag' retrieved from /home/airflow/.local/lib/python3.12/site-packages/airflow/example_dags/example_nested_branch_dag.py
[2024-04-10T05:37:06.661+0000] {logging_mixin.py:188} INFO - [2024-04-10T05:37:06.661+0000] {dag.py:3096} INFO - Sync 1 DAGs
[2024-04-10T05:37:06.688+0000] {logging_mixin.py:188} INFO - [2024-04-10T05:37:06.688+0000] {dag.py:3954} INFO - Setting next_dagrun for example_nested_branch_dag to 2024-04-09 00:00:00+00:00, run_after=2024-04-10 00:00:00+00:00
[2024-04-10T05:37:06.712+0000] {processor.py:183} INFO - Processing /home/airflow/.local/lib/python3.12/site-packages/airflow/example_dags/example_nested_branch_dag.py took 0.099 seconds
[2024-04-10T05:37:37.321+0000] {processor.py:161} INFO - Started process (PID=6559) to work on /home/airflow/.local/lib/python3.12/site-packages/airflow/example_dags/example_nested_branch_dag.py
[2024-04-10T05:37:37.326+0000] {processor.py:830} INFO - Processing file /home/airflow/.local/lib/python3.12/site-packages/airflow/example_dags/example_nested_branch_dag.py for tasks to queue
[2024-04-10T05:37:37.328+0000] {logging_mixin.py:188} INFO - [2024-04-10T05:37:37.328+0000] {dagbag.py:540} INFO - Filling up the DagBag from /home/airflow/.local/lib/python3.12/site-packages/airflow/example_dags/example_nested_branch_dag.py
[2024-04-10T05:37:37.339+0000] {processor.py:840} INFO - DAG(s) 'example_nested_branch_dag' retrieved from /home/airflow/.local/lib/python3.12/site-packages/airflow/example_dags/example_nested_branch_dag.py
[2024-04-10T05:37:37.365+0000] {logging_mixin.py:188} INFO - [2024-04-10T05:37:37.364+0000] {dag.py:3096} INFO - Sync 1 DAGs
[2024-04-10T05:37:37.393+0000] {logging_mixin.py:188} INFO - [2024-04-10T05:37:37.393+0000] {dag.py:3954} INFO - Setting next_dagrun for example_nested_branch_dag to 2024-04-09 00:00:00+00:00, run_after=2024-04-10 00:00:00+00:00
[2024-04-10T05:37:37.418+0000] {processor.py:183} INFO - Processing /home/airflow/.local/lib/python3.12/site-packages/airflow/example_dags/example_nested_branch_dag.py took 0.114 seconds
[2024-04-10T05:38:07.938+0000] {processor.py:161} INFO - Started process (PID=6832) to work on /home/airflow/.local/lib/python3.12/site-packages/airflow/example_dags/example_nested_branch_dag.py
[2024-04-10T05:38:07.939+0000] {processor.py:830} INFO - Processing file /home/airflow/.local/lib/python3.12/site-packages/airflow/example_dags/example_nested_branch_dag.py for tasks to queue
[2024-04-10T05:38:07.941+0000] {logging_mixin.py:188} INFO - [2024-04-10T05:38:07.941+0000] {dagbag.py:540} INFO - Filling up the DagBag from /home/airflow/.local/lib/python3.12/site-packages/airflow/example_dags/example_nested_branch_dag.py
[2024-04-10T05:38:07.952+0000] {processor.py:840} INFO - DAG(s) 'example_nested_branch_dag' retrieved from /home/airflow/.local/lib/python3.12/site-packages/airflow/example_dags/example_nested_branch_dag.py
[2024-04-10T05:38:07.978+0000] {logging_mixin.py:188} INFO - [2024-04-10T05:38:07.978+0000] {dag.py:3096} INFO - Sync 1 DAGs
[2024-04-10T05:38:08.007+0000] {logging_mixin.py:188} INFO - [2024-04-10T05:38:08.006+0000] {dag.py:3954} INFO - Setting next_dagrun for example_nested_branch_dag to 2024-04-09 00:00:00+00:00, run_after=2024-04-10 00:00:00+00:00
[2024-04-10T05:38:08.030+0000] {processor.py:183} INFO - Processing /home/airflow/.local/lib/python3.12/site-packages/airflow/example_dags/example_nested_branch_dag.py took 0.098 seconds
