[2024-04-10T05:25:49.579+0000] {processor.py:161} INFO - Started process (PID=174) to work on /home/airflow/.local/lib/python3.12/site-packages/airflow/example_dags/example_branch_python_dop_operator_3.py
[2024-04-10T05:25:49.580+0000] {processor.py:830} INFO - Processing file /home/airflow/.local/lib/python3.12/site-packages/airflow/example_dags/example_branch_python_dop_operator_3.py for tasks to queue
[2024-04-10T05:25:49.582+0000] {logging_mixin.py:188} INFO - [2024-04-10T05:25:49.581+0000] {dagbag.py:540} INFO - Filling up the DagBag from /home/airflow/.local/lib/python3.12/site-packages/airflow/example_dags/example_branch_python_dop_operator_3.py
[2024-04-10T05:25:49.605+0000] {processor.py:840} INFO - DAG(s) 'example_branch_dop_operator_v3' retrieved from /home/airflow/.local/lib/python3.12/site-packages/airflow/example_dags/example_branch_python_dop_operator_3.py
[2024-04-10T05:25:49.677+0000] {logging_mixin.py:188} INFO - [2024-04-10T05:25:49.677+0000] {dag.py:3096} INFO - Sync 1 DAGs
[2024-04-10T05:25:49.766+0000] {logging_mixin.py:188} INFO - [2024-04-10T05:25:49.765+0000] {dag.py:3954} INFO - Setting next_dagrun for example_branch_dop_operator_v3 to 2024-04-10 05:24:00+00:00, run_after=2024-04-10 05:25:00+00:00
[2024-04-10T05:25:49.819+0000] {processor.py:183} INFO - Processing /home/airflow/.local/lib/python3.12/site-packages/airflow/example_dags/example_branch_python_dop_operator_3.py took 0.247 seconds
[2024-04-10T05:26:20.658+0000] {processor.py:161} INFO - Started process (PID=449) to work on /home/airflow/.local/lib/python3.12/site-packages/airflow/example_dags/example_branch_python_dop_operator_3.py
[2024-04-10T05:26:20.658+0000] {processor.py:830} INFO - Processing file /home/airflow/.local/lib/python3.12/site-packages/airflow/example_dags/example_branch_python_dop_operator_3.py for tasks to queue
[2024-04-10T05:26:20.663+0000] {logging_mixin.py:188} INFO - [2024-04-10T05:26:20.663+0000] {dagbag.py:540} INFO - Filling up the DagBag from /home/airflow/.local/lib/python3.12/site-packages/airflow/example_dags/example_branch_python_dop_operator_3.py
[2024-04-10T05:26:20.674+0000] {processor.py:840} INFO - DAG(s) 'example_branch_dop_operator_v3' retrieved from /home/airflow/.local/lib/python3.12/site-packages/airflow/example_dags/example_branch_python_dop_operator_3.py
[2024-04-10T05:26:20.696+0000] {logging_mixin.py:188} INFO - [2024-04-10T05:26:20.696+0000] {dag.py:3096} INFO - Sync 1 DAGs
[2024-04-10T05:26:20.732+0000] {logging_mixin.py:188} INFO - [2024-04-10T05:26:20.732+0000] {dag.py:3954} INFO - Setting next_dagrun for example_branch_dop_operator_v3 to 2024-04-10 05:25:00+00:00, run_after=2024-04-10 05:26:00+00:00
[2024-04-10T05:26:20.757+0000] {processor.py:183} INFO - Processing /home/airflow/.local/lib/python3.12/site-packages/airflow/example_dags/example_branch_python_dop_operator_3.py took 0.106 seconds
[2024-04-10T05:26:50.910+0000] {processor.py:161} INFO - Started process (PID=721) to work on /home/airflow/.local/lib/python3.12/site-packages/airflow/example_dags/example_branch_python_dop_operator_3.py
[2024-04-10T05:26:50.911+0000] {processor.py:830} INFO - Processing file /home/airflow/.local/lib/python3.12/site-packages/airflow/example_dags/example_branch_python_dop_operator_3.py for tasks to queue
[2024-04-10T05:26:50.913+0000] {logging_mixin.py:188} INFO - [2024-04-10T05:26:50.912+0000] {dagbag.py:540} INFO - Filling up the DagBag from /home/airflow/.local/lib/python3.12/site-packages/airflow/example_dags/example_branch_python_dop_operator_3.py
[2024-04-10T05:26:50.922+0000] {processor.py:840} INFO - DAG(s) 'example_branch_dop_operator_v3' retrieved from /home/airflow/.local/lib/python3.12/site-packages/airflow/example_dags/example_branch_python_dop_operator_3.py
[2024-04-10T05:26:50.943+0000] {logging_mixin.py:188} INFO - [2024-04-10T05:26:50.943+0000] {dag.py:3096} INFO - Sync 1 DAGs
[2024-04-10T05:26:50.974+0000] {logging_mixin.py:188} INFO - [2024-04-10T05:26:50.974+0000] {dag.py:3954} INFO - Setting next_dagrun for example_branch_dop_operator_v3 to 2024-04-10 05:25:00+00:00, run_after=2024-04-10 05:26:00+00:00
[2024-04-10T05:26:51.003+0000] {processor.py:183} INFO - Processing /home/airflow/.local/lib/python3.12/site-packages/airflow/example_dags/example_branch_python_dop_operator_3.py took 0.099 seconds
[2024-04-10T05:27:21.367+0000] {processor.py:161} INFO - Started process (PID=994) to work on /home/airflow/.local/lib/python3.12/site-packages/airflow/example_dags/example_branch_python_dop_operator_3.py
[2024-04-10T05:27:21.367+0000] {processor.py:830} INFO - Processing file /home/airflow/.local/lib/python3.12/site-packages/airflow/example_dags/example_branch_python_dop_operator_3.py for tasks to queue
[2024-04-10T05:27:21.369+0000] {logging_mixin.py:188} INFO - [2024-04-10T05:27:21.369+0000] {dagbag.py:540} INFO - Filling up the DagBag from /home/airflow/.local/lib/python3.12/site-packages/airflow/example_dags/example_branch_python_dop_operator_3.py
[2024-04-10T05:27:21.379+0000] {processor.py:840} INFO - DAG(s) 'example_branch_dop_operator_v3' retrieved from /home/airflow/.local/lib/python3.12/site-packages/airflow/example_dags/example_branch_python_dop_operator_3.py
[2024-04-10T05:27:21.399+0000] {logging_mixin.py:188} INFO - [2024-04-10T05:27:21.399+0000] {dag.py:3096} INFO - Sync 1 DAGs
[2024-04-10T05:27:21.432+0000] {logging_mixin.py:188} INFO - [2024-04-10T05:27:21.432+0000] {dag.py:3954} INFO - Setting next_dagrun for example_branch_dop_operator_v3 to 2024-04-10 05:26:00+00:00, run_after=2024-04-10 05:27:00+00:00
[2024-04-10T05:27:21.462+0000] {processor.py:183} INFO - Processing /home/airflow/.local/lib/python3.12/site-packages/airflow/example_dags/example_branch_python_dop_operator_3.py took 0.102 seconds
[2024-04-10T05:27:51.741+0000] {processor.py:161} INFO - Started process (PID=1266) to work on /home/airflow/.local/lib/python3.12/site-packages/airflow/example_dags/example_branch_python_dop_operator_3.py
[2024-04-10T05:27:51.742+0000] {processor.py:830} INFO - Processing file /home/airflow/.local/lib/python3.12/site-packages/airflow/example_dags/example_branch_python_dop_operator_3.py for tasks to queue
[2024-04-10T05:27:51.744+0000] {logging_mixin.py:188} INFO - [2024-04-10T05:27:51.743+0000] {dagbag.py:540} INFO - Filling up the DagBag from /home/airflow/.local/lib/python3.12/site-packages/airflow/example_dags/example_branch_python_dop_operator_3.py
[2024-04-10T05:27:51.772+0000] {processor.py:840} INFO - DAG(s) 'example_branch_dop_operator_v3' retrieved from /home/airflow/.local/lib/python3.12/site-packages/airflow/example_dags/example_branch_python_dop_operator_3.py
[2024-04-10T05:27:51.800+0000] {logging_mixin.py:188} INFO - [2024-04-10T05:27:51.800+0000] {dag.py:3096} INFO - Sync 1 DAGs
[2024-04-10T05:27:51.831+0000] {logging_mixin.py:188} INFO - [2024-04-10T05:27:51.831+0000] {dag.py:3954} INFO - Setting next_dagrun for example_branch_dop_operator_v3 to 2024-04-10 05:26:00+00:00, run_after=2024-04-10 05:27:00+00:00
[2024-04-10T05:27:51.855+0000] {processor.py:183} INFO - Processing /home/airflow/.local/lib/python3.12/site-packages/airflow/example_dags/example_branch_python_dop_operator_3.py took 0.120 seconds
[2024-04-10T05:28:22.092+0000] {processor.py:161} INFO - Started process (PID=1537) to work on /home/airflow/.local/lib/python3.12/site-packages/airflow/example_dags/example_branch_python_dop_operator_3.py
[2024-04-10T05:28:22.093+0000] {processor.py:830} INFO - Processing file /home/airflow/.local/lib/python3.12/site-packages/airflow/example_dags/example_branch_python_dop_operator_3.py for tasks to queue
[2024-04-10T05:28:22.095+0000] {logging_mixin.py:188} INFO - [2024-04-10T05:28:22.094+0000] {dagbag.py:540} INFO - Filling up the DagBag from /home/airflow/.local/lib/python3.12/site-packages/airflow/example_dags/example_branch_python_dop_operator_3.py
[2024-04-10T05:28:22.106+0000] {processor.py:840} INFO - DAG(s) 'example_branch_dop_operator_v3' retrieved from /home/airflow/.local/lib/python3.12/site-packages/airflow/example_dags/example_branch_python_dop_operator_3.py
[2024-04-10T05:28:22.128+0000] {logging_mixin.py:188} INFO - [2024-04-10T05:28:22.127+0000] {dag.py:3096} INFO - Sync 1 DAGs
[2024-04-10T05:28:22.161+0000] {logging_mixin.py:188} INFO - [2024-04-10T05:28:22.160+0000] {dag.py:3954} INFO - Setting next_dagrun for example_branch_dop_operator_v3 to 2024-04-10 05:27:00+00:00, run_after=2024-04-10 05:28:00+00:00
[2024-04-10T05:28:22.186+0000] {processor.py:183} INFO - Processing /home/airflow/.local/lib/python3.12/site-packages/airflow/example_dags/example_branch_python_dop_operator_3.py took 0.101 seconds
[2024-04-10T05:28:52.276+0000] {processor.py:161} INFO - Started process (PID=1808) to work on /home/airflow/.local/lib/python3.12/site-packages/airflow/example_dags/example_branch_python_dop_operator_3.py
[2024-04-10T05:28:52.277+0000] {processor.py:830} INFO - Processing file /home/airflow/.local/lib/python3.12/site-packages/airflow/example_dags/example_branch_python_dop_operator_3.py for tasks to queue
[2024-04-10T05:28:52.293+0000] {logging_mixin.py:188} INFO - [2024-04-10T05:28:52.292+0000] {dagbag.py:540} INFO - Filling up the DagBag from /home/airflow/.local/lib/python3.12/site-packages/airflow/example_dags/example_branch_python_dop_operator_3.py
[2024-04-10T05:28:52.317+0000] {processor.py:840} INFO - DAG(s) 'example_branch_dop_operator_v3' retrieved from /home/airflow/.local/lib/python3.12/site-packages/airflow/example_dags/example_branch_python_dop_operator_3.py
[2024-04-10T05:28:52.350+0000] {logging_mixin.py:188} INFO - [2024-04-10T05:28:52.350+0000] {dag.py:3096} INFO - Sync 1 DAGs
[2024-04-10T05:28:52.383+0000] {logging_mixin.py:188} INFO - [2024-04-10T05:28:52.383+0000] {dag.py:3954} INFO - Setting next_dagrun for example_branch_dop_operator_v3 to 2024-04-10 05:27:00+00:00, run_after=2024-04-10 05:28:00+00:00
[2024-04-10T05:28:52.408+0000] {processor.py:183} INFO - Processing /home/airflow/.local/lib/python3.12/site-packages/airflow/example_dags/example_branch_python_dop_operator_3.py took 0.141 seconds
[2024-04-10T05:29:22.828+0000] {processor.py:161} INFO - Started process (PID=2083) to work on /home/airflow/.local/lib/python3.12/site-packages/airflow/example_dags/example_branch_python_dop_operator_3.py
[2024-04-10T05:29:22.828+0000] {processor.py:830} INFO - Processing file /home/airflow/.local/lib/python3.12/site-packages/airflow/example_dags/example_branch_python_dop_operator_3.py for tasks to queue
[2024-04-10T05:29:22.830+0000] {logging_mixin.py:188} INFO - [2024-04-10T05:29:22.830+0000] {dagbag.py:540} INFO - Filling up the DagBag from /home/airflow/.local/lib/python3.12/site-packages/airflow/example_dags/example_branch_python_dop_operator_3.py
[2024-04-10T05:29:22.840+0000] {processor.py:840} INFO - DAG(s) 'example_branch_dop_operator_v3' retrieved from /home/airflow/.local/lib/python3.12/site-packages/airflow/example_dags/example_branch_python_dop_operator_3.py
[2024-04-10T05:29:22.861+0000] {logging_mixin.py:188} INFO - [2024-04-10T05:29:22.860+0000] {dag.py:3096} INFO - Sync 1 DAGs
[2024-04-10T05:29:22.895+0000] {logging_mixin.py:188} INFO - [2024-04-10T05:29:22.894+0000] {dag.py:3954} INFO - Setting next_dagrun for example_branch_dop_operator_v3 to 2024-04-10 05:28:00+00:00, run_after=2024-04-10 05:29:00+00:00
[2024-04-10T05:29:22.919+0000] {processor.py:183} INFO - Processing /home/airflow/.local/lib/python3.12/site-packages/airflow/example_dags/example_branch_python_dop_operator_3.py took 0.098 seconds
[2024-04-10T05:29:53.037+0000] {processor.py:161} INFO - Started process (PID=2355) to work on /home/airflow/.local/lib/python3.12/site-packages/airflow/example_dags/example_branch_python_dop_operator_3.py
[2024-04-10T05:29:53.038+0000] {processor.py:830} INFO - Processing file /home/airflow/.local/lib/python3.12/site-packages/airflow/example_dags/example_branch_python_dop_operator_3.py for tasks to queue
[2024-04-10T05:29:53.040+0000] {logging_mixin.py:188} INFO - [2024-04-10T05:29:53.040+0000] {dagbag.py:540} INFO - Filling up the DagBag from /home/airflow/.local/lib/python3.12/site-packages/airflow/example_dags/example_branch_python_dop_operator_3.py
[2024-04-10T05:29:53.050+0000] {processor.py:840} INFO - DAG(s) 'example_branch_dop_operator_v3' retrieved from /home/airflow/.local/lib/python3.12/site-packages/airflow/example_dags/example_branch_python_dop_operator_3.py
[2024-04-10T05:29:53.071+0000] {logging_mixin.py:188} INFO - [2024-04-10T05:29:53.071+0000] {dag.py:3096} INFO - Sync 1 DAGs
[2024-04-10T05:29:53.104+0000] {logging_mixin.py:188} INFO - [2024-04-10T05:29:53.104+0000] {dag.py:3954} INFO - Setting next_dagrun for example_branch_dop_operator_v3 to 2024-04-10 05:28:00+00:00, run_after=2024-04-10 05:29:00+00:00
[2024-04-10T05:29:53.129+0000] {processor.py:183} INFO - Processing /home/airflow/.local/lib/python3.12/site-packages/airflow/example_dags/example_branch_python_dop_operator_3.py took 0.099 seconds
[2024-04-10T05:30:23.199+0000] {processor.py:161} INFO - Started process (PID=2627) to work on /home/airflow/.local/lib/python3.12/site-packages/airflow/example_dags/example_branch_python_dop_operator_3.py
[2024-04-10T05:30:23.200+0000] {processor.py:830} INFO - Processing file /home/airflow/.local/lib/python3.12/site-packages/airflow/example_dags/example_branch_python_dop_operator_3.py for tasks to queue
[2024-04-10T05:30:23.202+0000] {logging_mixin.py:188} INFO - [2024-04-10T05:30:23.201+0000] {dagbag.py:540} INFO - Filling up the DagBag from /home/airflow/.local/lib/python3.12/site-packages/airflow/example_dags/example_branch_python_dop_operator_3.py
[2024-04-10T05:30:23.213+0000] {processor.py:840} INFO - DAG(s) 'example_branch_dop_operator_v3' retrieved from /home/airflow/.local/lib/python3.12/site-packages/airflow/example_dags/example_branch_python_dop_operator_3.py
[2024-04-10T05:30:23.235+0000] {logging_mixin.py:188} INFO - [2024-04-10T05:30:23.235+0000] {dag.py:3096} INFO - Sync 1 DAGs
[2024-04-10T05:30:23.268+0000] {logging_mixin.py:188} INFO - [2024-04-10T05:30:23.268+0000] {dag.py:3954} INFO - Setting next_dagrun for example_branch_dop_operator_v3 to 2024-04-10 05:29:00+00:00, run_after=2024-04-10 05:30:00+00:00
[2024-04-10T05:30:23.300+0000] {processor.py:183} INFO - Processing /home/airflow/.local/lib/python3.12/site-packages/airflow/example_dags/example_branch_python_dop_operator_3.py took 0.108 seconds
[2024-04-10T05:30:53.597+0000] {processor.py:161} INFO - Started process (PID=2899) to work on /home/airflow/.local/lib/python3.12/site-packages/airflow/example_dags/example_branch_python_dop_operator_3.py
[2024-04-10T05:30:53.598+0000] {processor.py:830} INFO - Processing file /home/airflow/.local/lib/python3.12/site-packages/airflow/example_dags/example_branch_python_dop_operator_3.py for tasks to queue
[2024-04-10T05:30:53.600+0000] {logging_mixin.py:188} INFO - [2024-04-10T05:30:53.599+0000] {dagbag.py:540} INFO - Filling up the DagBag from /home/airflow/.local/lib/python3.12/site-packages/airflow/example_dags/example_branch_python_dop_operator_3.py
[2024-04-10T05:30:53.610+0000] {processor.py:840} INFO - DAG(s) 'example_branch_dop_operator_v3' retrieved from /home/airflow/.local/lib/python3.12/site-packages/airflow/example_dags/example_branch_python_dop_operator_3.py
[2024-04-10T05:30:53.634+0000] {logging_mixin.py:188} INFO - [2024-04-10T05:30:53.634+0000] {dag.py:3096} INFO - Sync 1 DAGs
[2024-04-10T05:30:53.669+0000] {logging_mixin.py:188} INFO - [2024-04-10T05:30:53.669+0000] {dag.py:3954} INFO - Setting next_dagrun for example_branch_dop_operator_v3 to 2024-04-10 05:29:00+00:00, run_after=2024-04-10 05:30:00+00:00
[2024-04-10T05:30:53.699+0000] {processor.py:183} INFO - Processing /home/airflow/.local/lib/python3.12/site-packages/airflow/example_dags/example_branch_python_dop_operator_3.py took 0.109 seconds
[2024-04-10T05:31:24.035+0000] {processor.py:161} INFO - Started process (PID=3171) to work on /home/airflow/.local/lib/python3.12/site-packages/airflow/example_dags/example_branch_python_dop_operator_3.py
[2024-04-10T05:31:24.036+0000] {processor.py:830} INFO - Processing file /home/airflow/.local/lib/python3.12/site-packages/airflow/example_dags/example_branch_python_dop_operator_3.py for tasks to queue
[2024-04-10T05:31:24.038+0000] {logging_mixin.py:188} INFO - [2024-04-10T05:31:24.038+0000] {dagbag.py:540} INFO - Filling up the DagBag from /home/airflow/.local/lib/python3.12/site-packages/airflow/example_dags/example_branch_python_dop_operator_3.py
[2024-04-10T05:31:24.049+0000] {processor.py:840} INFO - DAG(s) 'example_branch_dop_operator_v3' retrieved from /home/airflow/.local/lib/python3.12/site-packages/airflow/example_dags/example_branch_python_dop_operator_3.py
[2024-04-10T05:31:24.070+0000] {logging_mixin.py:188} INFO - [2024-04-10T05:31:24.070+0000] {dag.py:3096} INFO - Sync 1 DAGs
[2024-04-10T05:31:24.105+0000] {logging_mixin.py:188} INFO - [2024-04-10T05:31:24.105+0000] {dag.py:3954} INFO - Setting next_dagrun for example_branch_dop_operator_v3 to 2024-04-10 05:30:00+00:00, run_after=2024-04-10 05:31:00+00:00
[2024-04-10T05:31:24.132+0000] {processor.py:183} INFO - Processing /home/airflow/.local/lib/python3.12/site-packages/airflow/example_dags/example_branch_python_dop_operator_3.py took 0.104 seconds
[2024-04-10T05:31:54.216+0000] {processor.py:161} INFO - Started process (PID=3444) to work on /home/airflow/.local/lib/python3.12/site-packages/airflow/example_dags/example_branch_python_dop_operator_3.py
[2024-04-10T05:31:54.217+0000] {processor.py:830} INFO - Processing file /home/airflow/.local/lib/python3.12/site-packages/airflow/example_dags/example_branch_python_dop_operator_3.py for tasks to queue
[2024-04-10T05:31:54.219+0000] {logging_mixin.py:188} INFO - [2024-04-10T05:31:54.219+0000] {dagbag.py:540} INFO - Filling up the DagBag from /home/airflow/.local/lib/python3.12/site-packages/airflow/example_dags/example_branch_python_dop_operator_3.py
[2024-04-10T05:31:54.232+0000] {processor.py:840} INFO - DAG(s) 'example_branch_dop_operator_v3' retrieved from /home/airflow/.local/lib/python3.12/site-packages/airflow/example_dags/example_branch_python_dop_operator_3.py
[2024-04-10T05:31:54.258+0000] {logging_mixin.py:188} INFO - [2024-04-10T05:31:54.258+0000] {dag.py:3096} INFO - Sync 1 DAGs
[2024-04-10T05:31:54.291+0000] {logging_mixin.py:188} INFO - [2024-04-10T05:31:54.291+0000] {dag.py:3954} INFO - Setting next_dagrun for example_branch_dop_operator_v3 to 2024-04-10 05:30:00+00:00, run_after=2024-04-10 05:31:00+00:00
[2024-04-10T05:31:54.317+0000] {processor.py:183} INFO - Processing /home/airflow/.local/lib/python3.12/site-packages/airflow/example_dags/example_branch_python_dop_operator_3.py took 0.108 seconds
[2024-04-10T05:32:24.932+0000] {processor.py:161} INFO - Started process (PID=3714) to work on /home/airflow/.local/lib/python3.12/site-packages/airflow/example_dags/example_branch_python_dop_operator_3.py
[2024-04-10T05:32:24.932+0000] {processor.py:830} INFO - Processing file /home/airflow/.local/lib/python3.12/site-packages/airflow/example_dags/example_branch_python_dop_operator_3.py for tasks to queue
[2024-04-10T05:32:24.934+0000] {logging_mixin.py:188} INFO - [2024-04-10T05:32:24.934+0000] {dagbag.py:540} INFO - Filling up the DagBag from /home/airflow/.local/lib/python3.12/site-packages/airflow/example_dags/example_branch_python_dop_operator_3.py
[2024-04-10T05:32:24.943+0000] {processor.py:840} INFO - DAG(s) 'example_branch_dop_operator_v3' retrieved from /home/airflow/.local/lib/python3.12/site-packages/airflow/example_dags/example_branch_python_dop_operator_3.py
[2024-04-10T05:32:24.965+0000] {logging_mixin.py:188} INFO - [2024-04-10T05:32:24.965+0000] {dag.py:3096} INFO - Sync 1 DAGs
[2024-04-10T05:32:24.997+0000] {logging_mixin.py:188} INFO - [2024-04-10T05:32:24.997+0000] {dag.py:3954} INFO - Setting next_dagrun for example_branch_dop_operator_v3 to 2024-04-10 05:31:00+00:00, run_after=2024-04-10 05:32:00+00:00
[2024-04-10T05:32:25.020+0000] {processor.py:183} INFO - Processing /home/airflow/.local/lib/python3.12/site-packages/airflow/example_dags/example_branch_python_dop_operator_3.py took 0.096 seconds
[2024-04-10T05:32:55.224+0000] {processor.py:161} INFO - Started process (PID=3988) to work on /home/airflow/.local/lib/python3.12/site-packages/airflow/example_dags/example_branch_python_dop_operator_3.py
[2024-04-10T05:32:55.224+0000] {processor.py:830} INFO - Processing file /home/airflow/.local/lib/python3.12/site-packages/airflow/example_dags/example_branch_python_dop_operator_3.py for tasks to queue
[2024-04-10T05:32:55.226+0000] {logging_mixin.py:188} INFO - [2024-04-10T05:32:55.226+0000] {dagbag.py:540} INFO - Filling up the DagBag from /home/airflow/.local/lib/python3.12/site-packages/airflow/example_dags/example_branch_python_dop_operator_3.py
[2024-04-10T05:32:55.237+0000] {processor.py:840} INFO - DAG(s) 'example_branch_dop_operator_v3' retrieved from /home/airflow/.local/lib/python3.12/site-packages/airflow/example_dags/example_branch_python_dop_operator_3.py
[2024-04-10T05:32:55.259+0000] {logging_mixin.py:188} INFO - [2024-04-10T05:32:55.258+0000] {dag.py:3096} INFO - Sync 1 DAGs
[2024-04-10T05:32:55.292+0000] {logging_mixin.py:188} INFO - [2024-04-10T05:32:55.291+0000] {dag.py:3954} INFO - Setting next_dagrun for example_branch_dop_operator_v3 to 2024-04-10 05:31:00+00:00, run_after=2024-04-10 05:32:00+00:00
[2024-04-10T05:32:55.320+0000] {processor.py:183} INFO - Processing /home/airflow/.local/lib/python3.12/site-packages/airflow/example_dags/example_branch_python_dop_operator_3.py took 0.103 seconds
[2024-04-10T05:33:25.715+0000] {processor.py:161} INFO - Started process (PID=4260) to work on /home/airflow/.local/lib/python3.12/site-packages/airflow/example_dags/example_branch_python_dop_operator_3.py
[2024-04-10T05:33:25.716+0000] {processor.py:830} INFO - Processing file /home/airflow/.local/lib/python3.12/site-packages/airflow/example_dags/example_branch_python_dop_operator_3.py for tasks to queue
[2024-04-10T05:33:25.718+0000] {logging_mixin.py:188} INFO - [2024-04-10T05:33:25.718+0000] {dagbag.py:540} INFO - Filling up the DagBag from /home/airflow/.local/lib/python3.12/site-packages/airflow/example_dags/example_branch_python_dop_operator_3.py
[2024-04-10T05:33:25.729+0000] {processor.py:840} INFO - DAG(s) 'example_branch_dop_operator_v3' retrieved from /home/airflow/.local/lib/python3.12/site-packages/airflow/example_dags/example_branch_python_dop_operator_3.py
[2024-04-10T05:33:25.753+0000] {logging_mixin.py:188} INFO - [2024-04-10T05:33:25.753+0000] {dag.py:3096} INFO - Sync 1 DAGs
[2024-04-10T05:33:25.789+0000] {logging_mixin.py:188} INFO - [2024-04-10T05:33:25.789+0000] {dag.py:3954} INFO - Setting next_dagrun for example_branch_dop_operator_v3 to 2024-04-10 05:32:00+00:00, run_after=2024-04-10 05:33:00+00:00
[2024-04-10T05:33:25.811+0000] {processor.py:183} INFO - Processing /home/airflow/.local/lib/python3.12/site-packages/airflow/example_dags/example_branch_python_dop_operator_3.py took 0.104 seconds
[2024-04-10T05:33:56.159+0000] {processor.py:161} INFO - Started process (PID=4532) to work on /home/airflow/.local/lib/python3.12/site-packages/airflow/example_dags/example_branch_python_dop_operator_3.py
[2024-04-10T05:33:56.160+0000] {processor.py:830} INFO - Processing file /home/airflow/.local/lib/python3.12/site-packages/airflow/example_dags/example_branch_python_dop_operator_3.py for tasks to queue
[2024-04-10T05:33:56.161+0000] {logging_mixin.py:188} INFO - [2024-04-10T05:33:56.161+0000] {dagbag.py:540} INFO - Filling up the DagBag from /home/airflow/.local/lib/python3.12/site-packages/airflow/example_dags/example_branch_python_dop_operator_3.py
[2024-04-10T05:33:56.171+0000] {processor.py:840} INFO - DAG(s) 'example_branch_dop_operator_v3' retrieved from /home/airflow/.local/lib/python3.12/site-packages/airflow/example_dags/example_branch_python_dop_operator_3.py
[2024-04-10T05:33:56.198+0000] {logging_mixin.py:188} INFO - [2024-04-10T05:33:56.198+0000] {dag.py:3096} INFO - Sync 1 DAGs
[2024-04-10T05:33:56.232+0000] {logging_mixin.py:188} INFO - [2024-04-10T05:33:56.231+0000] {dag.py:3954} INFO - Setting next_dagrun for example_branch_dop_operator_v3 to 2024-04-10 05:32:00+00:00, run_after=2024-04-10 05:33:00+00:00
[2024-04-10T05:33:56.264+0000] {processor.py:183} INFO - Processing /home/airflow/.local/lib/python3.12/site-packages/airflow/example_dags/example_branch_python_dop_operator_3.py took 0.111 seconds
[2024-04-10T05:34:26.490+0000] {processor.py:161} INFO - Started process (PID=4803) to work on /home/airflow/.local/lib/python3.12/site-packages/airflow/example_dags/example_branch_python_dop_operator_3.py
[2024-04-10T05:34:26.491+0000] {processor.py:830} INFO - Processing file /home/airflow/.local/lib/python3.12/site-packages/airflow/example_dags/example_branch_python_dop_operator_3.py for tasks to queue
[2024-04-10T05:34:26.493+0000] {logging_mixin.py:188} INFO - [2024-04-10T05:34:26.492+0000] {dagbag.py:540} INFO - Filling up the DagBag from /home/airflow/.local/lib/python3.12/site-packages/airflow/example_dags/example_branch_python_dop_operator_3.py
[2024-04-10T05:34:26.505+0000] {processor.py:840} INFO - DAG(s) 'example_branch_dop_operator_v3' retrieved from /home/airflow/.local/lib/python3.12/site-packages/airflow/example_dags/example_branch_python_dop_operator_3.py
[2024-04-10T05:34:26.527+0000] {logging_mixin.py:188} INFO - [2024-04-10T05:34:26.527+0000] {dag.py:3096} INFO - Sync 1 DAGs
[2024-04-10T05:34:26.572+0000] {logging_mixin.py:188} INFO - [2024-04-10T05:34:26.572+0000] {dag.py:3954} INFO - Setting next_dagrun for example_branch_dop_operator_v3 to 2024-04-10 05:33:00+00:00, run_after=2024-04-10 05:34:00+00:00
[2024-04-10T05:34:26.606+0000] {processor.py:183} INFO - Processing /home/airflow/.local/lib/python3.12/site-packages/airflow/example_dags/example_branch_python_dop_operator_3.py took 0.123 seconds
[2024-04-10T05:34:56.962+0000] {processor.py:161} INFO - Started process (PID=5075) to work on /home/airflow/.local/lib/python3.12/site-packages/airflow/example_dags/example_branch_python_dop_operator_3.py
[2024-04-10T05:34:56.963+0000] {processor.py:830} INFO - Processing file /home/airflow/.local/lib/python3.12/site-packages/airflow/example_dags/example_branch_python_dop_operator_3.py for tasks to queue
[2024-04-10T05:34:56.965+0000] {logging_mixin.py:188} INFO - [2024-04-10T05:34:56.965+0000] {dagbag.py:540} INFO - Filling up the DagBag from /home/airflow/.local/lib/python3.12/site-packages/airflow/example_dags/example_branch_python_dop_operator_3.py
[2024-04-10T05:34:56.976+0000] {processor.py:840} INFO - DAG(s) 'example_branch_dop_operator_v3' retrieved from /home/airflow/.local/lib/python3.12/site-packages/airflow/example_dags/example_branch_python_dop_operator_3.py
[2024-04-10T05:34:57.000+0000] {logging_mixin.py:188} INFO - [2024-04-10T05:34:57.000+0000] {dag.py:3096} INFO - Sync 1 DAGs
[2024-04-10T05:34:57.038+0000] {logging_mixin.py:188} INFO - [2024-04-10T05:34:57.037+0000] {dag.py:3954} INFO - Setting next_dagrun for example_branch_dop_operator_v3 to 2024-04-10 05:33:00+00:00, run_after=2024-04-10 05:34:00+00:00
[2024-04-10T05:34:57.064+0000] {processor.py:183} INFO - Processing /home/airflow/.local/lib/python3.12/site-packages/airflow/example_dags/example_branch_python_dop_operator_3.py took 0.108 seconds
[2024-04-10T05:35:27.207+0000] {processor.py:161} INFO - Started process (PID=5348) to work on /home/airflow/.local/lib/python3.12/site-packages/airflow/example_dags/example_branch_python_dop_operator_3.py
[2024-04-10T05:35:27.208+0000] {processor.py:830} INFO - Processing file /home/airflow/.local/lib/python3.12/site-packages/airflow/example_dags/example_branch_python_dop_operator_3.py for tasks to queue
[2024-04-10T05:35:27.210+0000] {logging_mixin.py:188} INFO - [2024-04-10T05:35:27.210+0000] {dagbag.py:540} INFO - Filling up the DagBag from /home/airflow/.local/lib/python3.12/site-packages/airflow/example_dags/example_branch_python_dop_operator_3.py
[2024-04-10T05:35:27.232+0000] {processor.py:840} INFO - DAG(s) 'example_branch_dop_operator_v3' retrieved from /home/airflow/.local/lib/python3.12/site-packages/airflow/example_dags/example_branch_python_dop_operator_3.py
[2024-04-10T05:35:27.318+0000] {logging_mixin.py:188} INFO - [2024-04-10T05:35:27.315+0000] {dag.py:3096} INFO - Sync 1 DAGs
[2024-04-10T05:35:27.372+0000] {logging_mixin.py:188} INFO - [2024-04-10T05:35:27.369+0000] {dag.py:3954} INFO - Setting next_dagrun for example_branch_dop_operator_v3 to 2024-04-10 05:34:00+00:00, run_after=2024-04-10 05:35:00+00:00
[2024-04-10T05:35:27.426+0000] {processor.py:183} INFO - Processing /home/airflow/.local/lib/python3.12/site-packages/airflow/example_dags/example_branch_python_dop_operator_3.py took 0.225 seconds
[2024-04-10T05:35:57.471+0000] {processor.py:161} INFO - Started process (PID=5623) to work on /home/airflow/.local/lib/python3.12/site-packages/airflow/example_dags/example_branch_python_dop_operator_3.py
[2024-04-10T05:35:57.472+0000] {processor.py:830} INFO - Processing file /home/airflow/.local/lib/python3.12/site-packages/airflow/example_dags/example_branch_python_dop_operator_3.py for tasks to queue
[2024-04-10T05:35:57.474+0000] {logging_mixin.py:188} INFO - [2024-04-10T05:35:57.473+0000] {dagbag.py:540} INFO - Filling up the DagBag from /home/airflow/.local/lib/python3.12/site-packages/airflow/example_dags/example_branch_python_dop_operator_3.py
[2024-04-10T05:35:57.480+0000] {processor.py:840} INFO - DAG(s) 'example_branch_dop_operator_v3' retrieved from /home/airflow/.local/lib/python3.12/site-packages/airflow/example_dags/example_branch_python_dop_operator_3.py
[2024-04-10T05:35:57.496+0000] {logging_mixin.py:188} INFO - [2024-04-10T05:35:57.496+0000] {dag.py:3096} INFO - Sync 1 DAGs
[2024-04-10T05:35:57.518+0000] {logging_mixin.py:188} INFO - [2024-04-10T05:35:57.518+0000] {dag.py:3954} INFO - Setting next_dagrun for example_branch_dop_operator_v3 to 2024-04-10 05:34:00+00:00, run_after=2024-04-10 05:35:00+00:00
[2024-04-10T05:35:57.537+0000] {processor.py:183} INFO - Processing /home/airflow/.local/lib/python3.12/site-packages/airflow/example_dags/example_branch_python_dop_operator_3.py took 0.070 seconds
[2024-04-10T05:36:27.602+0000] {processor.py:161} INFO - Started process (PID=5893) to work on /home/airflow/.local/lib/python3.12/site-packages/airflow/example_dags/example_branch_python_dop_operator_3.py
[2024-04-10T05:36:27.603+0000] {processor.py:830} INFO - Processing file /home/airflow/.local/lib/python3.12/site-packages/airflow/example_dags/example_branch_python_dop_operator_3.py for tasks to queue
[2024-04-10T05:36:27.604+0000] {logging_mixin.py:188} INFO - [2024-04-10T05:36:27.604+0000] {dagbag.py:540} INFO - Filling up the DagBag from /home/airflow/.local/lib/python3.12/site-packages/airflow/example_dags/example_branch_python_dop_operator_3.py
[2024-04-10T05:36:27.615+0000] {processor.py:840} INFO - DAG(s) 'example_branch_dop_operator_v3' retrieved from /home/airflow/.local/lib/python3.12/site-packages/airflow/example_dags/example_branch_python_dop_operator_3.py
[2024-04-10T05:36:27.636+0000] {logging_mixin.py:188} INFO - [2024-04-10T05:36:27.636+0000] {dag.py:3096} INFO - Sync 1 DAGs
[2024-04-10T05:36:27.668+0000] {logging_mixin.py:188} INFO - [2024-04-10T05:36:27.668+0000] {dag.py:3954} INFO - Setting next_dagrun for example_branch_dop_operator_v3 to 2024-04-10 05:35:00+00:00, run_after=2024-04-10 05:36:00+00:00
[2024-04-10T05:36:27.705+0000] {processor.py:183} INFO - Processing /home/airflow/.local/lib/python3.12/site-packages/airflow/example_dags/example_branch_python_dop_operator_3.py took 0.109 seconds
[2024-04-10T05:36:58.087+0000] {processor.py:161} INFO - Started process (PID=6164) to work on /home/airflow/.local/lib/python3.12/site-packages/airflow/example_dags/example_branch_python_dop_operator_3.py
[2024-04-10T05:36:58.089+0000] {processor.py:830} INFO - Processing file /home/airflow/.local/lib/python3.12/site-packages/airflow/example_dags/example_branch_python_dop_operator_3.py for tasks to queue
[2024-04-10T05:36:58.091+0000] {logging_mixin.py:188} INFO - [2024-04-10T05:36:58.091+0000] {dagbag.py:540} INFO - Filling up the DagBag from /home/airflow/.local/lib/python3.12/site-packages/airflow/example_dags/example_branch_python_dop_operator_3.py
[2024-04-10T05:36:58.103+0000] {processor.py:840} INFO - DAG(s) 'example_branch_dop_operator_v3' retrieved from /home/airflow/.local/lib/python3.12/site-packages/airflow/example_dags/example_branch_python_dop_operator_3.py
[2024-04-10T05:36:58.124+0000] {logging_mixin.py:188} INFO - [2024-04-10T05:36:58.124+0000] {dag.py:3096} INFO - Sync 1 DAGs
[2024-04-10T05:36:58.183+0000] {logging_mixin.py:188} INFO - [2024-04-10T05:36:58.183+0000] {dag.py:3954} INFO - Setting next_dagrun for example_branch_dop_operator_v3 to 2024-04-10 05:35:00+00:00, run_after=2024-04-10 05:36:00+00:00
[2024-04-10T05:36:58.214+0000] {processor.py:183} INFO - Processing /home/airflow/.local/lib/python3.12/site-packages/airflow/example_dags/example_branch_python_dop_operator_3.py took 0.133 seconds
[2024-04-10T05:37:28.643+0000] {processor.py:161} INFO - Started process (PID=6438) to work on /home/airflow/.local/lib/python3.12/site-packages/airflow/example_dags/example_branch_python_dop_operator_3.py
[2024-04-10T05:37:28.643+0000] {processor.py:830} INFO - Processing file /home/airflow/.local/lib/python3.12/site-packages/airflow/example_dags/example_branch_python_dop_operator_3.py for tasks to queue
[2024-04-10T05:37:28.645+0000] {logging_mixin.py:188} INFO - [2024-04-10T05:37:28.645+0000] {dagbag.py:540} INFO - Filling up the DagBag from /home/airflow/.local/lib/python3.12/site-packages/airflow/example_dags/example_branch_python_dop_operator_3.py
[2024-04-10T05:37:28.655+0000] {processor.py:840} INFO - DAG(s) 'example_branch_dop_operator_v3' retrieved from /home/airflow/.local/lib/python3.12/site-packages/airflow/example_dags/example_branch_python_dop_operator_3.py
[2024-04-10T05:37:28.676+0000] {logging_mixin.py:188} INFO - [2024-04-10T05:37:28.676+0000] {dag.py:3096} INFO - Sync 1 DAGs
[2024-04-10T05:37:28.708+0000] {logging_mixin.py:188} INFO - [2024-04-10T05:37:28.708+0000] {dag.py:3954} INFO - Setting next_dagrun for example_branch_dop_operator_v3 to 2024-04-10 05:36:00+00:00, run_after=2024-04-10 05:37:00+00:00
[2024-04-10T05:37:28.737+0000] {processor.py:183} INFO - Processing /home/airflow/.local/lib/python3.12/site-packages/airflow/example_dags/example_branch_python_dop_operator_3.py took 0.101 seconds
[2024-04-10T05:37:58.928+0000] {processor.py:161} INFO - Started process (PID=6710) to work on /home/airflow/.local/lib/python3.12/site-packages/airflow/example_dags/example_branch_python_dop_operator_3.py
[2024-04-10T05:37:58.929+0000] {processor.py:830} INFO - Processing file /home/airflow/.local/lib/python3.12/site-packages/airflow/example_dags/example_branch_python_dop_operator_3.py for tasks to queue
[2024-04-10T05:37:58.931+0000] {logging_mixin.py:188} INFO - [2024-04-10T05:37:58.930+0000] {dagbag.py:540} INFO - Filling up the DagBag from /home/airflow/.local/lib/python3.12/site-packages/airflow/example_dags/example_branch_python_dop_operator_3.py
[2024-04-10T05:37:58.941+0000] {processor.py:840} INFO - DAG(s) 'example_branch_dop_operator_v3' retrieved from /home/airflow/.local/lib/python3.12/site-packages/airflow/example_dags/example_branch_python_dop_operator_3.py
[2024-04-10T05:37:58.963+0000] {logging_mixin.py:188} INFO - [2024-04-10T05:37:58.962+0000] {dag.py:3096} INFO - Sync 1 DAGs
[2024-04-10T05:37:59.147+0000] {logging_mixin.py:188} INFO - [2024-04-10T05:37:59.147+0000] {dag.py:3954} INFO - Setting next_dagrun for example_branch_dop_operator_v3 to 2024-04-10 05:36:00+00:00, run_after=2024-04-10 05:37:00+00:00
[2024-04-10T05:37:59.171+0000] {processor.py:183} INFO - Processing /home/airflow/.local/lib/python3.12/site-packages/airflow/example_dags/example_branch_python_dop_operator_3.py took 0.250 seconds
[2024-04-10T05:38:29.226+0000] {processor.py:161} INFO - Started process (PID=6983) to work on /home/airflow/.local/lib/python3.12/site-packages/airflow/example_dags/example_branch_python_dop_operator_3.py
[2024-04-10T05:38:29.227+0000] {processor.py:830} INFO - Processing file /home/airflow/.local/lib/python3.12/site-packages/airflow/example_dags/example_branch_python_dop_operator_3.py for tasks to queue
[2024-04-10T05:38:29.229+0000] {logging_mixin.py:188} INFO - [2024-04-10T05:38:29.229+0000] {dagbag.py:540} INFO - Filling up the DagBag from /home/airflow/.local/lib/python3.12/site-packages/airflow/example_dags/example_branch_python_dop_operator_3.py
[2024-04-10T05:38:29.240+0000] {processor.py:840} INFO - DAG(s) 'example_branch_dop_operator_v3' retrieved from /home/airflow/.local/lib/python3.12/site-packages/airflow/example_dags/example_branch_python_dop_operator_3.py
[2024-04-10T05:38:29.262+0000] {logging_mixin.py:188} INFO - [2024-04-10T05:38:29.261+0000] {dag.py:3096} INFO - Sync 1 DAGs
[2024-04-10T05:38:29.298+0000] {logging_mixin.py:188} INFO - [2024-04-10T05:38:29.298+0000] {dag.py:3954} INFO - Setting next_dagrun for example_branch_dop_operator_v3 to 2024-04-10 05:37:00+00:00, run_after=2024-04-10 05:38:00+00:00
[2024-04-10T05:38:29.335+0000] {processor.py:183} INFO - Processing /home/airflow/.local/lib/python3.12/site-packages/airflow/example_dags/example_branch_python_dop_operator_3.py took 0.115 seconds
