[2024-04-10T05:25:55.058+0000] {processor.py:161} INFO - Started process (PID=343) to work on /home/airflow/.local/lib/python3.12/site-packages/airflow/example_dags/example_display_name.py
[2024-04-10T05:25:55.059+0000] {processor.py:830} INFO - Processing file /home/airflow/.local/lib/python3.12/site-packages/airflow/example_dags/example_display_name.py for tasks to queue
[2024-04-10T05:25:55.061+0000] {logging_mixin.py:188} INFO - [2024-04-10T05:25:55.060+0000] {dagbag.py:540} INFO - Filling up the DagBag from /home/airflow/.local/lib/python3.12/site-packages/airflow/example_dags/example_display_name.py
[2024-04-10T05:25:55.074+0000] {processor.py:840} INFO - DAG(s) 'example_display_name' retrieved from /home/airflow/.local/lib/python3.12/site-packages/airflow/example_dags/example_display_name.py
[2024-04-10T05:25:55.135+0000] {logging_mixin.py:188} INFO - [2024-04-10T05:25:55.135+0000] {dag.py:3096} INFO - Sync 1 DAGs
[2024-04-10T05:25:55.163+0000] {logging_mixin.py:188} INFO - [2024-04-10T05:25:55.162+0000] {dag.py:3954} INFO - Setting next_dagrun for example_display_name to None, run_after=None
[2024-04-10T05:25:55.237+0000] {processor.py:183} INFO - Processing /home/airflow/.local/lib/python3.12/site-packages/airflow/example_dags/example_display_name.py took 0.213 seconds
[2024-04-10T05:26:25.322+0000] {processor.py:161} INFO - Started process (PID=616) to work on /home/airflow/.local/lib/python3.12/site-packages/airflow/example_dags/example_display_name.py
[2024-04-10T05:26:25.323+0000] {processor.py:830} INFO - Processing file /home/airflow/.local/lib/python3.12/site-packages/airflow/example_dags/example_display_name.py for tasks to queue
[2024-04-10T05:26:25.325+0000] {logging_mixin.py:188} INFO - [2024-04-10T05:26:25.325+0000] {dagbag.py:540} INFO - Filling up the DagBag from /home/airflow/.local/lib/python3.12/site-packages/airflow/example_dags/example_display_name.py
[2024-04-10T05:26:25.331+0000] {processor.py:840} INFO - DAG(s) 'example_display_name' retrieved from /home/airflow/.local/lib/python3.12/site-packages/airflow/example_dags/example_display_name.py
[2024-04-10T05:26:25.353+0000] {logging_mixin.py:188} INFO - [2024-04-10T05:26:25.353+0000] {dag.py:3096} INFO - Sync 1 DAGs
[2024-04-10T05:26:25.373+0000] {logging_mixin.py:188} INFO - [2024-04-10T05:26:25.373+0000] {dag.py:3954} INFO - Setting next_dagrun for example_display_name to None, run_after=None
[2024-04-10T05:26:25.398+0000] {processor.py:183} INFO - Processing /home/airflow/.local/lib/python3.12/site-packages/airflow/example_dags/example_display_name.py took 0.081 seconds
[2024-04-10T05:26:55.701+0000] {processor.py:161} INFO - Started process (PID=886) to work on /home/airflow/.local/lib/python3.12/site-packages/airflow/example_dags/example_display_name.py
[2024-04-10T05:26:55.702+0000] {processor.py:830} INFO - Processing file /home/airflow/.local/lib/python3.12/site-packages/airflow/example_dags/example_display_name.py for tasks to queue
[2024-04-10T05:26:55.704+0000] {logging_mixin.py:188} INFO - [2024-04-10T05:26:55.703+0000] {dagbag.py:540} INFO - Filling up the DagBag from /home/airflow/.local/lib/python3.12/site-packages/airflow/example_dags/example_display_name.py
[2024-04-10T05:26:55.710+0000] {processor.py:840} INFO - DAG(s) 'example_display_name' retrieved from /home/airflow/.local/lib/python3.12/site-packages/airflow/example_dags/example_display_name.py
[2024-04-10T05:26:55.732+0000] {logging_mixin.py:188} INFO - [2024-04-10T05:26:55.731+0000] {dag.py:3096} INFO - Sync 1 DAGs
[2024-04-10T05:26:55.748+0000] {logging_mixin.py:188} INFO - [2024-04-10T05:26:55.747+0000] {dag.py:3954} INFO - Setting next_dagrun for example_display_name to None, run_after=None
[2024-04-10T05:26:55.786+0000] {processor.py:183} INFO - Processing /home/airflow/.local/lib/python3.12/site-packages/airflow/example_dags/example_display_name.py took 0.090 seconds
[2024-04-10T05:27:26.167+0000] {processor.py:161} INFO - Started process (PID=1159) to work on /home/airflow/.local/lib/python3.12/site-packages/airflow/example_dags/example_display_name.py
[2024-04-10T05:27:26.167+0000] {processor.py:830} INFO - Processing file /home/airflow/.local/lib/python3.12/site-packages/airflow/example_dags/example_display_name.py for tasks to queue
[2024-04-10T05:27:26.169+0000] {logging_mixin.py:188} INFO - [2024-04-10T05:27:26.169+0000] {dagbag.py:540} INFO - Filling up the DagBag from /home/airflow/.local/lib/python3.12/site-packages/airflow/example_dags/example_display_name.py
[2024-04-10T05:27:26.175+0000] {processor.py:840} INFO - DAG(s) 'example_display_name' retrieved from /home/airflow/.local/lib/python3.12/site-packages/airflow/example_dags/example_display_name.py
[2024-04-10T05:27:26.195+0000] {logging_mixin.py:188} INFO - [2024-04-10T05:27:26.195+0000] {dag.py:3096} INFO - Sync 1 DAGs
[2024-04-10T05:27:26.210+0000] {logging_mixin.py:188} INFO - [2024-04-10T05:27:26.210+0000] {dag.py:3954} INFO - Setting next_dagrun for example_display_name to None, run_after=None
[2024-04-10T05:27:26.238+0000] {processor.py:183} INFO - Processing /home/airflow/.local/lib/python3.12/site-packages/airflow/example_dags/example_display_name.py took 0.077 seconds
[2024-04-10T05:27:56.634+0000] {processor.py:161} INFO - Started process (PID=1431) to work on /home/airflow/.local/lib/python3.12/site-packages/airflow/example_dags/example_display_name.py
[2024-04-10T05:27:56.635+0000] {processor.py:830} INFO - Processing file /home/airflow/.local/lib/python3.12/site-packages/airflow/example_dags/example_display_name.py for tasks to queue
[2024-04-10T05:27:56.637+0000] {logging_mixin.py:188} INFO - [2024-04-10T05:27:56.636+0000] {dagbag.py:540} INFO - Filling up the DagBag from /home/airflow/.local/lib/python3.12/site-packages/airflow/example_dags/example_display_name.py
[2024-04-10T05:27:56.643+0000] {processor.py:840} INFO - DAG(s) 'example_display_name' retrieved from /home/airflow/.local/lib/python3.12/site-packages/airflow/example_dags/example_display_name.py
[2024-04-10T05:27:56.664+0000] {logging_mixin.py:188} INFO - [2024-04-10T05:27:56.664+0000] {dag.py:3096} INFO - Sync 1 DAGs
[2024-04-10T05:27:56.678+0000] {logging_mixin.py:188} INFO - [2024-04-10T05:27:56.678+0000] {dag.py:3954} INFO - Setting next_dagrun for example_display_name to None, run_after=None
[2024-04-10T05:27:56.711+0000] {processor.py:183} INFO - Processing /home/airflow/.local/lib/python3.12/site-packages/airflow/example_dags/example_display_name.py took 0.086 seconds
[2024-04-10T05:28:27.033+0000] {processor.py:161} INFO - Started process (PID=1701) to work on /home/airflow/.local/lib/python3.12/site-packages/airflow/example_dags/example_display_name.py
[2024-04-10T05:28:27.040+0000] {processor.py:830} INFO - Processing file /home/airflow/.local/lib/python3.12/site-packages/airflow/example_dags/example_display_name.py for tasks to queue
[2024-04-10T05:28:27.043+0000] {logging_mixin.py:188} INFO - [2024-04-10T05:28:27.042+0000] {dagbag.py:540} INFO - Filling up the DagBag from /home/airflow/.local/lib/python3.12/site-packages/airflow/example_dags/example_display_name.py
[2024-04-10T05:28:27.050+0000] {processor.py:840} INFO - DAG(s) 'example_display_name' retrieved from /home/airflow/.local/lib/python3.12/site-packages/airflow/example_dags/example_display_name.py
[2024-04-10T05:28:27.087+0000] {logging_mixin.py:188} INFO - [2024-04-10T05:28:27.086+0000] {dag.py:3096} INFO - Sync 1 DAGs
[2024-04-10T05:28:27.118+0000] {logging_mixin.py:188} INFO - [2024-04-10T05:28:27.117+0000] {dag.py:3954} INFO - Setting next_dagrun for example_display_name to None, run_after=None
[2024-04-10T05:28:27.163+0000] {processor.py:183} INFO - Processing /home/airflow/.local/lib/python3.12/site-packages/airflow/example_dags/example_display_name.py took 0.140 seconds
[2024-04-10T05:28:58.082+0000] {processor.py:161} INFO - Started process (PID=1977) to work on /home/airflow/.local/lib/python3.12/site-packages/airflow/example_dags/example_display_name.py
[2024-04-10T05:28:58.082+0000] {processor.py:830} INFO - Processing file /home/airflow/.local/lib/python3.12/site-packages/airflow/example_dags/example_display_name.py for tasks to queue
[2024-04-10T05:28:58.084+0000] {logging_mixin.py:188} INFO - [2024-04-10T05:28:58.083+0000] {dagbag.py:540} INFO - Filling up the DagBag from /home/airflow/.local/lib/python3.12/site-packages/airflow/example_dags/example_display_name.py
[2024-04-10T05:28:58.088+0000] {processor.py:840} INFO - DAG(s) 'example_display_name' retrieved from /home/airflow/.local/lib/python3.12/site-packages/airflow/example_dags/example_display_name.py
[2024-04-10T05:28:58.105+0000] {logging_mixin.py:188} INFO - [2024-04-10T05:28:58.105+0000] {dag.py:3096} INFO - Sync 1 DAGs
[2024-04-10T05:28:58.115+0000] {logging_mixin.py:188} INFO - [2024-04-10T05:28:58.115+0000] {dag.py:3954} INFO - Setting next_dagrun for example_display_name to None, run_after=None
[2024-04-10T05:28:58.134+0000] {processor.py:183} INFO - Processing /home/airflow/.local/lib/python3.12/site-packages/airflow/example_dags/example_display_name.py took 0.057 seconds
[2024-04-10T05:29:28.472+0000] {processor.py:161} INFO - Started process (PID=2248) to work on /home/airflow/.local/lib/python3.12/site-packages/airflow/example_dags/example_display_name.py
[2024-04-10T05:29:28.473+0000] {processor.py:830} INFO - Processing file /home/airflow/.local/lib/python3.12/site-packages/airflow/example_dags/example_display_name.py for tasks to queue
[2024-04-10T05:29:28.475+0000] {logging_mixin.py:188} INFO - [2024-04-10T05:29:28.474+0000] {dagbag.py:540} INFO - Filling up the DagBag from /home/airflow/.local/lib/python3.12/site-packages/airflow/example_dags/example_display_name.py
[2024-04-10T05:29:28.481+0000] {processor.py:840} INFO - DAG(s) 'example_display_name' retrieved from /home/airflow/.local/lib/python3.12/site-packages/airflow/example_dags/example_display_name.py
[2024-04-10T05:29:28.513+0000] {logging_mixin.py:188} INFO - [2024-04-10T05:29:28.513+0000] {dag.py:3096} INFO - Sync 1 DAGs
[2024-04-10T05:29:28.529+0000] {logging_mixin.py:188} INFO - [2024-04-10T05:29:28.529+0000] {dag.py:3954} INFO - Setting next_dagrun for example_display_name to None, run_after=None
[2024-04-10T05:29:28.562+0000] {processor.py:183} INFO - Processing /home/airflow/.local/lib/python3.12/site-packages/airflow/example_dags/example_display_name.py took 0.096 seconds
[2024-04-10T05:29:58.992+0000] {processor.py:161} INFO - Started process (PID=2520) to work on /home/airflow/.local/lib/python3.12/site-packages/airflow/example_dags/example_display_name.py
[2024-04-10T05:29:58.992+0000] {processor.py:830} INFO - Processing file /home/airflow/.local/lib/python3.12/site-packages/airflow/example_dags/example_display_name.py for tasks to queue
[2024-04-10T05:29:58.994+0000] {logging_mixin.py:188} INFO - [2024-04-10T05:29:58.994+0000] {dagbag.py:540} INFO - Filling up the DagBag from /home/airflow/.local/lib/python3.12/site-packages/airflow/example_dags/example_display_name.py
[2024-04-10T05:29:59.001+0000] {processor.py:840} INFO - DAG(s) 'example_display_name' retrieved from /home/airflow/.local/lib/python3.12/site-packages/airflow/example_dags/example_display_name.py
[2024-04-10T05:29:59.029+0000] {logging_mixin.py:188} INFO - [2024-04-10T05:29:59.029+0000] {dag.py:3096} INFO - Sync 1 DAGs
[2024-04-10T05:29:59.046+0000] {logging_mixin.py:188} INFO - [2024-04-10T05:29:59.046+0000] {dag.py:3954} INFO - Setting next_dagrun for example_display_name to None, run_after=None
[2024-04-10T05:29:59.084+0000] {processor.py:183} INFO - Processing /home/airflow/.local/lib/python3.12/site-packages/airflow/example_dags/example_display_name.py took 0.100 seconds
[2024-04-10T05:30:30.004+0000] {processor.py:161} INFO - Started process (PID=2792) to work on /home/airflow/.local/lib/python3.12/site-packages/airflow/example_dags/example_display_name.py
[2024-04-10T05:30:30.005+0000] {processor.py:830} INFO - Processing file /home/airflow/.local/lib/python3.12/site-packages/airflow/example_dags/example_display_name.py for tasks to queue
[2024-04-10T05:30:30.007+0000] {logging_mixin.py:188} INFO - [2024-04-10T05:30:30.006+0000] {dagbag.py:540} INFO - Filling up the DagBag from /home/airflow/.local/lib/python3.12/site-packages/airflow/example_dags/example_display_name.py
[2024-04-10T05:30:30.012+0000] {processor.py:840} INFO - DAG(s) 'example_display_name' retrieved from /home/airflow/.local/lib/python3.12/site-packages/airflow/example_dags/example_display_name.py
[2024-04-10T05:30:30.035+0000] {logging_mixin.py:188} INFO - [2024-04-10T05:30:30.034+0000] {dag.py:3096} INFO - Sync 1 DAGs
[2024-04-10T05:30:30.050+0000] {logging_mixin.py:188} INFO - [2024-04-10T05:30:30.050+0000] {dag.py:3954} INFO - Setting next_dagrun for example_display_name to None, run_after=None
[2024-04-10T05:30:30.080+0000] {processor.py:183} INFO - Processing /home/airflow/.local/lib/python3.12/site-packages/airflow/example_dags/example_display_name.py took 0.082 seconds
[2024-04-10T05:31:01.370+0000] {processor.py:161} INFO - Started process (PID=3064) to work on /home/airflow/.local/lib/python3.12/site-packages/airflow/example_dags/example_display_name.py
[2024-04-10T05:31:01.371+0000] {processor.py:830} INFO - Processing file /home/airflow/.local/lib/python3.12/site-packages/airflow/example_dags/example_display_name.py for tasks to queue
[2024-04-10T05:31:01.373+0000] {logging_mixin.py:188} INFO - [2024-04-10T05:31:01.372+0000] {dagbag.py:540} INFO - Filling up the DagBag from /home/airflow/.local/lib/python3.12/site-packages/airflow/example_dags/example_display_name.py
[2024-04-10T05:31:01.378+0000] {processor.py:840} INFO - DAG(s) 'example_display_name' retrieved from /home/airflow/.local/lib/python3.12/site-packages/airflow/example_dags/example_display_name.py
[2024-04-10T05:31:01.399+0000] {logging_mixin.py:188} INFO - [2024-04-10T05:31:01.399+0000] {dag.py:3096} INFO - Sync 1 DAGs
[2024-04-10T05:31:01.414+0000] {logging_mixin.py:188} INFO - [2024-04-10T05:31:01.414+0000] {dag.py:3954} INFO - Setting next_dagrun for example_display_name to None, run_after=None
[2024-04-10T05:31:01.439+0000] {processor.py:183} INFO - Processing /home/airflow/.local/lib/python3.12/site-packages/airflow/example_dags/example_display_name.py took 0.076 seconds
[2024-04-10T05:31:32.408+0000] {processor.py:161} INFO - Started process (PID=3337) to work on /home/airflow/.local/lib/python3.12/site-packages/airflow/example_dags/example_display_name.py
[2024-04-10T05:31:32.409+0000] {processor.py:830} INFO - Processing file /home/airflow/.local/lib/python3.12/site-packages/airflow/example_dags/example_display_name.py for tasks to queue
[2024-04-10T05:31:32.410+0000] {logging_mixin.py:188} INFO - [2024-04-10T05:31:32.410+0000] {dagbag.py:540} INFO - Filling up the DagBag from /home/airflow/.local/lib/python3.12/site-packages/airflow/example_dags/example_display_name.py
[2024-04-10T05:31:32.416+0000] {processor.py:840} INFO - DAG(s) 'example_display_name' retrieved from /home/airflow/.local/lib/python3.12/site-packages/airflow/example_dags/example_display_name.py
[2024-04-10T05:31:32.457+0000] {logging_mixin.py:188} INFO - [2024-04-10T05:31:32.457+0000] {dag.py:3096} INFO - Sync 1 DAGs
[2024-04-10T05:31:32.488+0000] {logging_mixin.py:188} INFO - [2024-04-10T05:31:32.487+0000] {dag.py:3954} INFO - Setting next_dagrun for example_display_name to None, run_after=None
[2024-04-10T05:31:32.529+0000] {processor.py:183} INFO - Processing /home/airflow/.local/lib/python3.12/site-packages/airflow/example_dags/example_display_name.py took 0.128 seconds
[2024-04-10T05:32:02.862+0000] {processor.py:161} INFO - Started process (PID=3609) to work on /home/airflow/.local/lib/python3.12/site-packages/airflow/example_dags/example_display_name.py
[2024-04-10T05:32:02.863+0000] {processor.py:830} INFO - Processing file /home/airflow/.local/lib/python3.12/site-packages/airflow/example_dags/example_display_name.py for tasks to queue
[2024-04-10T05:32:02.864+0000] {logging_mixin.py:188} INFO - [2024-04-10T05:32:02.864+0000] {dagbag.py:540} INFO - Filling up the DagBag from /home/airflow/.local/lib/python3.12/site-packages/airflow/example_dags/example_display_name.py
[2024-04-10T05:32:02.870+0000] {processor.py:840} INFO - DAG(s) 'example_display_name' retrieved from /home/airflow/.local/lib/python3.12/site-packages/airflow/example_dags/example_display_name.py
[2024-04-10T05:32:02.900+0000] {logging_mixin.py:188} INFO - [2024-04-10T05:32:02.900+0000] {dag.py:3096} INFO - Sync 1 DAGs
[2024-04-10T05:32:02.930+0000] {logging_mixin.py:188} INFO - [2024-04-10T05:32:02.930+0000] {dag.py:3954} INFO - Setting next_dagrun for example_display_name to None, run_after=None
[2024-04-10T05:32:02.959+0000] {processor.py:183} INFO - Processing /home/airflow/.local/lib/python3.12/site-packages/airflow/example_dags/example_display_name.py took 0.104 seconds
[2024-04-10T05:32:33.515+0000] {processor.py:161} INFO - Started process (PID=3881) to work on /home/airflow/.local/lib/python3.12/site-packages/airflow/example_dags/example_display_name.py
[2024-04-10T05:32:33.516+0000] {processor.py:830} INFO - Processing file /home/airflow/.local/lib/python3.12/site-packages/airflow/example_dags/example_display_name.py for tasks to queue
[2024-04-10T05:32:33.518+0000] {logging_mixin.py:188} INFO - [2024-04-10T05:32:33.517+0000] {dagbag.py:540} INFO - Filling up the DagBag from /home/airflow/.local/lib/python3.12/site-packages/airflow/example_dags/example_display_name.py
[2024-04-10T05:32:33.523+0000] {processor.py:840} INFO - DAG(s) 'example_display_name' retrieved from /home/airflow/.local/lib/python3.12/site-packages/airflow/example_dags/example_display_name.py
[2024-04-10T05:32:33.544+0000] {logging_mixin.py:188} INFO - [2024-04-10T05:32:33.544+0000] {dag.py:3096} INFO - Sync 1 DAGs
[2024-04-10T05:32:33.560+0000] {logging_mixin.py:188} INFO - [2024-04-10T05:32:33.560+0000] {dag.py:3954} INFO - Setting next_dagrun for example_display_name to None, run_after=None
[2024-04-10T05:32:33.586+0000] {processor.py:183} INFO - Processing /home/airflow/.local/lib/python3.12/site-packages/airflow/example_dags/example_display_name.py took 0.078 seconds
[2024-04-10T05:33:04.807+0000] {processor.py:161} INFO - Started process (PID=4155) to work on /home/airflow/.local/lib/python3.12/site-packages/airflow/example_dags/example_display_name.py
[2024-04-10T05:33:04.808+0000] {processor.py:830} INFO - Processing file /home/airflow/.local/lib/python3.12/site-packages/airflow/example_dags/example_display_name.py for tasks to queue
[2024-04-10T05:33:04.810+0000] {logging_mixin.py:188} INFO - [2024-04-10T05:33:04.809+0000] {dagbag.py:540} INFO - Filling up the DagBag from /home/airflow/.local/lib/python3.12/site-packages/airflow/example_dags/example_display_name.py
[2024-04-10T05:33:04.815+0000] {processor.py:840} INFO - DAG(s) 'example_display_name' retrieved from /home/airflow/.local/lib/python3.12/site-packages/airflow/example_dags/example_display_name.py
[2024-04-10T05:33:04.838+0000] {logging_mixin.py:188} INFO - [2024-04-10T05:33:04.837+0000] {dag.py:3096} INFO - Sync 1 DAGs
[2024-04-10T05:33:04.856+0000] {logging_mixin.py:188} INFO - [2024-04-10T05:33:04.856+0000] {dag.py:3954} INFO - Setting next_dagrun for example_display_name to None, run_after=None
[2024-04-10T05:33:04.882+0000] {processor.py:183} INFO - Processing /home/airflow/.local/lib/python3.12/site-packages/airflow/example_dags/example_display_name.py took 0.081 seconds
[2024-04-10T05:33:35.177+0000] {processor.py:161} INFO - Started process (PID=4425) to work on /home/airflow/.local/lib/python3.12/site-packages/airflow/example_dags/example_display_name.py
[2024-04-10T05:33:35.182+0000] {processor.py:830} INFO - Processing file /home/airflow/.local/lib/python3.12/site-packages/airflow/example_dags/example_display_name.py for tasks to queue
[2024-04-10T05:33:35.184+0000] {logging_mixin.py:188} INFO - [2024-04-10T05:33:35.183+0000] {dagbag.py:540} INFO - Filling up the DagBag from /home/airflow/.local/lib/python3.12/site-packages/airflow/example_dags/example_display_name.py
[2024-04-10T05:33:35.196+0000] {processor.py:840} INFO - DAG(s) 'example_display_name' retrieved from /home/airflow/.local/lib/python3.12/site-packages/airflow/example_dags/example_display_name.py
[2024-04-10T05:33:35.221+0000] {logging_mixin.py:188} INFO - [2024-04-10T05:33:35.220+0000] {dag.py:3096} INFO - Sync 1 DAGs
[2024-04-10T05:33:35.239+0000] {logging_mixin.py:188} INFO - [2024-04-10T05:33:35.239+0000] {dag.py:3954} INFO - Setting next_dagrun for example_display_name to None, run_after=None
[2024-04-10T05:33:35.270+0000] {processor.py:183} INFO - Processing /home/airflow/.local/lib/python3.12/site-packages/airflow/example_dags/example_display_name.py took 0.102 seconds
[2024-04-10T05:34:06.445+0000] {processor.py:161} INFO - Started process (PID=4702) to work on /home/airflow/.local/lib/python3.12/site-packages/airflow/example_dags/example_display_name.py
[2024-04-10T05:34:06.449+0000] {processor.py:830} INFO - Processing file /home/airflow/.local/lib/python3.12/site-packages/airflow/example_dags/example_display_name.py for tasks to queue
[2024-04-10T05:34:06.452+0000] {logging_mixin.py:188} INFO - [2024-04-10T05:34:06.452+0000] {dagbag.py:540} INFO - Filling up the DagBag from /home/airflow/.local/lib/python3.12/site-packages/airflow/example_dags/example_display_name.py
[2024-04-10T05:34:06.463+0000] {processor.py:840} INFO - DAG(s) 'example_display_name' retrieved from /home/airflow/.local/lib/python3.12/site-packages/airflow/example_dags/example_display_name.py
[2024-04-10T05:34:06.512+0000] {logging_mixin.py:188} INFO - [2024-04-10T05:34:06.511+0000] {dag.py:3096} INFO - Sync 1 DAGs
[2024-04-10T05:34:06.550+0000] {logging_mixin.py:188} INFO - [2024-04-10T05:34:06.549+0000] {dag.py:3954} INFO - Setting next_dagrun for example_display_name to None, run_after=None
[2024-04-10T05:34:06.642+0000] {processor.py:183} INFO - Processing /home/airflow/.local/lib/python3.12/site-packages/airflow/example_dags/example_display_name.py took 0.217 seconds
[2024-04-10T05:34:37.296+0000] {processor.py:161} INFO - Started process (PID=4976) to work on /home/airflow/.local/lib/python3.12/site-packages/airflow/example_dags/example_display_name.py
[2024-04-10T05:34:37.306+0000] {processor.py:830} INFO - Processing file /home/airflow/.local/lib/python3.12/site-packages/airflow/example_dags/example_display_name.py for tasks to queue
[2024-04-10T05:34:37.308+0000] {logging_mixin.py:188} INFO - [2024-04-10T05:34:37.308+0000] {dagbag.py:540} INFO - Filling up the DagBag from /home/airflow/.local/lib/python3.12/site-packages/airflow/example_dags/example_display_name.py
[2024-04-10T05:34:37.315+0000] {processor.py:840} INFO - DAG(s) 'example_display_name' retrieved from /home/airflow/.local/lib/python3.12/site-packages/airflow/example_dags/example_display_name.py
[2024-04-10T05:34:37.345+0000] {logging_mixin.py:188} INFO - [2024-04-10T05:34:37.344+0000] {dag.py:3096} INFO - Sync 1 DAGs
[2024-04-10T05:34:37.361+0000] {logging_mixin.py:188} INFO - [2024-04-10T05:34:37.361+0000] {dag.py:3954} INFO - Setting next_dagrun for example_display_name to None, run_after=None
[2024-04-10T05:34:37.406+0000] {processor.py:183} INFO - Processing /home/airflow/.local/lib/python3.12/site-packages/airflow/example_dags/example_display_name.py took 0.118 seconds
[2024-04-10T05:35:08.521+0000] {processor.py:161} INFO - Started process (PID=5247) to work on /home/airflow/.local/lib/python3.12/site-packages/airflow/example_dags/example_display_name.py
[2024-04-10T05:35:08.523+0000] {processor.py:830} INFO - Processing file /home/airflow/.local/lib/python3.12/site-packages/airflow/example_dags/example_display_name.py for tasks to queue
[2024-04-10T05:35:08.524+0000] {logging_mixin.py:188} INFO - [2024-04-10T05:35:08.524+0000] {dagbag.py:540} INFO - Filling up the DagBag from /home/airflow/.local/lib/python3.12/site-packages/airflow/example_dags/example_display_name.py
[2024-04-10T05:35:08.530+0000] {processor.py:840} INFO - DAG(s) 'example_display_name' retrieved from /home/airflow/.local/lib/python3.12/site-packages/airflow/example_dags/example_display_name.py
[2024-04-10T05:35:08.552+0000] {logging_mixin.py:188} INFO - [2024-04-10T05:35:08.551+0000] {dag.py:3096} INFO - Sync 1 DAGs
[2024-04-10T05:35:08.574+0000] {logging_mixin.py:188} INFO - [2024-04-10T05:35:08.573+0000] {dag.py:3954} INFO - Setting next_dagrun for example_display_name to None, run_after=None
[2024-04-10T05:35:08.605+0000] {processor.py:183} INFO - Processing /home/airflow/.local/lib/python3.12/site-packages/airflow/example_dags/example_display_name.py took 0.090 seconds
[2024-04-10T05:35:39.233+0000] {processor.py:161} INFO - Started process (PID=5522) to work on /home/airflow/.local/lib/python3.12/site-packages/airflow/example_dags/example_display_name.py
[2024-04-10T05:35:39.234+0000] {processor.py:830} INFO - Processing file /home/airflow/.local/lib/python3.12/site-packages/airflow/example_dags/example_display_name.py for tasks to queue
[2024-04-10T05:35:39.235+0000] {logging_mixin.py:188} INFO - [2024-04-10T05:35:39.235+0000] {dagbag.py:540} INFO - Filling up the DagBag from /home/airflow/.local/lib/python3.12/site-packages/airflow/example_dags/example_display_name.py
[2024-04-10T05:35:39.241+0000] {processor.py:840} INFO - DAG(s) 'example_display_name' retrieved from /home/airflow/.local/lib/python3.12/site-packages/airflow/example_dags/example_display_name.py
[2024-04-10T05:35:39.262+0000] {logging_mixin.py:188} INFO - [2024-04-10T05:35:39.262+0000] {dag.py:3096} INFO - Sync 1 DAGs
[2024-04-10T05:35:39.278+0000] {logging_mixin.py:188} INFO - [2024-04-10T05:35:39.278+0000] {dag.py:3954} INFO - Setting next_dagrun for example_display_name to None, run_after=None
[2024-04-10T05:35:39.303+0000] {processor.py:183} INFO - Processing /home/airflow/.local/lib/python3.12/site-packages/airflow/example_dags/example_display_name.py took 0.077 seconds
[2024-04-10T05:36:10.301+0000] {processor.py:161} INFO - Started process (PID=5792) to work on /home/airflow/.local/lib/python3.12/site-packages/airflow/example_dags/example_display_name.py
[2024-04-10T05:36:10.302+0000] {processor.py:830} INFO - Processing file /home/airflow/.local/lib/python3.12/site-packages/airflow/example_dags/example_display_name.py for tasks to queue
[2024-04-10T05:36:10.304+0000] {logging_mixin.py:188} INFO - [2024-04-10T05:36:10.304+0000] {dagbag.py:540} INFO - Filling up the DagBag from /home/airflow/.local/lib/python3.12/site-packages/airflow/example_dags/example_display_name.py
[2024-04-10T05:36:10.310+0000] {processor.py:840} INFO - DAG(s) 'example_display_name' retrieved from /home/airflow/.local/lib/python3.12/site-packages/airflow/example_dags/example_display_name.py
[2024-04-10T05:36:10.333+0000] {logging_mixin.py:188} INFO - [2024-04-10T05:36:10.333+0000] {dag.py:3096} INFO - Sync 1 DAGs
[2024-04-10T05:36:10.348+0000] {logging_mixin.py:188} INFO - [2024-04-10T05:36:10.348+0000] {dag.py:3954} INFO - Setting next_dagrun for example_display_name to None, run_after=None
[2024-04-10T05:36:10.592+0000] {processor.py:183} INFO - Processing /home/airflow/.local/lib/python3.12/site-packages/airflow/example_dags/example_display_name.py took 0.297 seconds
[2024-04-10T05:36:41.080+0000] {processor.py:161} INFO - Started process (PID=6065) to work on /home/airflow/.local/lib/python3.12/site-packages/airflow/example_dags/example_display_name.py
[2024-04-10T05:36:41.081+0000] {processor.py:830} INFO - Processing file /home/airflow/.local/lib/python3.12/site-packages/airflow/example_dags/example_display_name.py for tasks to queue
[2024-04-10T05:36:41.083+0000] {logging_mixin.py:188} INFO - [2024-04-10T05:36:41.083+0000] {dagbag.py:540} INFO - Filling up the DagBag from /home/airflow/.local/lib/python3.12/site-packages/airflow/example_dags/example_display_name.py
[2024-04-10T05:36:41.089+0000] {processor.py:840} INFO - DAG(s) 'example_display_name' retrieved from /home/airflow/.local/lib/python3.12/site-packages/airflow/example_dags/example_display_name.py
[2024-04-10T05:36:41.112+0000] {logging_mixin.py:188} INFO - [2024-04-10T05:36:41.111+0000] {dag.py:3096} INFO - Sync 1 DAGs
[2024-04-10T05:36:41.127+0000] {logging_mixin.py:188} INFO - [2024-04-10T05:36:41.127+0000] {dag.py:3954} INFO - Setting next_dagrun for example_display_name to None, run_after=None
[2024-04-10T05:36:41.150+0000] {processor.py:183} INFO - Processing /home/airflow/.local/lib/python3.12/site-packages/airflow/example_dags/example_display_name.py took 0.076 seconds
[2024-04-10T05:37:11.691+0000] {processor.py:161} INFO - Started process (PID=6339) to work on /home/airflow/.local/lib/python3.12/site-packages/airflow/example_dags/example_display_name.py
[2024-04-10T05:37:11.692+0000] {processor.py:830} INFO - Processing file /home/airflow/.local/lib/python3.12/site-packages/airflow/example_dags/example_display_name.py for tasks to queue
[2024-04-10T05:37:11.694+0000] {logging_mixin.py:188} INFO - [2024-04-10T05:37:11.694+0000] {dagbag.py:540} INFO - Filling up the DagBag from /home/airflow/.local/lib/python3.12/site-packages/airflow/example_dags/example_display_name.py
[2024-04-10T05:37:11.700+0000] {processor.py:840} INFO - DAG(s) 'example_display_name' retrieved from /home/airflow/.local/lib/python3.12/site-packages/airflow/example_dags/example_display_name.py
[2024-04-10T05:37:11.724+0000] {logging_mixin.py:188} INFO - [2024-04-10T05:37:11.723+0000] {dag.py:3096} INFO - Sync 1 DAGs
[2024-04-10T05:37:11.755+0000] {logging_mixin.py:188} INFO - [2024-04-10T05:37:11.755+0000] {dag.py:3954} INFO - Setting next_dagrun for example_display_name to None, run_after=None
[2024-04-10T05:37:11.828+0000] {processor.py:183} INFO - Processing /home/airflow/.local/lib/python3.12/site-packages/airflow/example_dags/example_display_name.py took 0.144 seconds
[2024-04-10T05:37:42.255+0000] {processor.py:161} INFO - Started process (PID=6611) to work on /home/airflow/.local/lib/python3.12/site-packages/airflow/example_dags/example_display_name.py
[2024-04-10T05:37:42.256+0000] {processor.py:830} INFO - Processing file /home/airflow/.local/lib/python3.12/site-packages/airflow/example_dags/example_display_name.py for tasks to queue
[2024-04-10T05:37:42.257+0000] {logging_mixin.py:188} INFO - [2024-04-10T05:37:42.257+0000] {dagbag.py:540} INFO - Filling up the DagBag from /home/airflow/.local/lib/python3.12/site-packages/airflow/example_dags/example_display_name.py
[2024-04-10T05:37:42.262+0000] {processor.py:840} INFO - DAG(s) 'example_display_name' retrieved from /home/airflow/.local/lib/python3.12/site-packages/airflow/example_dags/example_display_name.py
[2024-04-10T05:37:42.277+0000] {logging_mixin.py:188} INFO - [2024-04-10T05:37:42.277+0000] {dag.py:3096} INFO - Sync 1 DAGs
[2024-04-10T05:37:42.288+0000] {logging_mixin.py:188} INFO - [2024-04-10T05:37:42.288+0000] {dag.py:3954} INFO - Setting next_dagrun for example_display_name to None, run_after=None
[2024-04-10T05:37:42.307+0000] {processor.py:183} INFO - Processing /home/airflow/.local/lib/python3.12/site-packages/airflow/example_dags/example_display_name.py took 0.056 seconds
[2024-04-10T05:38:12.604+0000] {processor.py:161} INFO - Started process (PID=6882) to work on /home/airflow/.local/lib/python3.12/site-packages/airflow/example_dags/example_display_name.py
[2024-04-10T05:38:12.605+0000] {processor.py:830} INFO - Processing file /home/airflow/.local/lib/python3.12/site-packages/airflow/example_dags/example_display_name.py for tasks to queue
[2024-04-10T05:38:12.607+0000] {logging_mixin.py:188} INFO - [2024-04-10T05:38:12.607+0000] {dagbag.py:540} INFO - Filling up the DagBag from /home/airflow/.local/lib/python3.12/site-packages/airflow/example_dags/example_display_name.py
[2024-04-10T05:38:12.613+0000] {processor.py:840} INFO - DAG(s) 'example_display_name' retrieved from /home/airflow/.local/lib/python3.12/site-packages/airflow/example_dags/example_display_name.py
[2024-04-10T05:38:12.636+0000] {logging_mixin.py:188} INFO - [2024-04-10T05:38:12.636+0000] {dag.py:3096} INFO - Sync 1 DAGs
[2024-04-10T05:38:12.651+0000] {logging_mixin.py:188} INFO - [2024-04-10T05:38:12.651+0000] {dag.py:3954} INFO - Setting next_dagrun for example_display_name to None, run_after=None
[2024-04-10T05:38:12.675+0000] {processor.py:183} INFO - Processing /home/airflow/.local/lib/python3.12/site-packages/airflow/example_dags/example_display_name.py took 0.078 seconds
