[2024-04-10T05:25:51.365+0000] {processor.py:161} INFO - Started process (PID=231) to work on /home/airflow/.local/lib/python3.12/site-packages/airflow/example_dags/example_sensors.py
[2024-04-10T05:25:51.366+0000] {processor.py:830} INFO - Processing file /home/airflow/.local/lib/python3.12/site-packages/airflow/example_dags/example_sensors.py for tasks to queue
[2024-04-10T05:25:51.371+0000] {logging_mixin.py:188} INFO - [2024-04-10T05:25:51.370+0000] {dagbag.py:540} INFO - Filling up the DagBag from /home/airflow/.local/lib/python3.12/site-packages/airflow/example_dags/example_sensors.py
[2024-04-10T05:25:51.395+0000] {processor.py:840} INFO - DAG(s) 'example_sensors' retrieved from /home/airflow/.local/lib/python3.12/site-packages/airflow/example_dags/example_sensors.py
[2024-04-10T05:25:51.474+0000] {logging_mixin.py:188} INFO - [2024-04-10T05:25:51.474+0000] {dag.py:3096} INFO - Sync 1 DAGs
[2024-04-10T05:25:51.505+0000] {logging_mixin.py:188} INFO - [2024-04-10T05:25:51.504+0000] {dag.py:3954} INFO - Setting next_dagrun for example_sensors to None, run_after=None
[2024-04-10T05:25:51.561+0000] {processor.py:183} INFO - Processing /home/airflow/.local/lib/python3.12/site-packages/airflow/example_dags/example_sensors.py took 0.207 seconds
[2024-04-10T05:26:22.500+0000] {processor.py:161} INFO - Started process (PID=504) to work on /home/airflow/.local/lib/python3.12/site-packages/airflow/example_dags/example_sensors.py
[2024-04-10T05:26:22.501+0000] {processor.py:830} INFO - Processing file /home/airflow/.local/lib/python3.12/site-packages/airflow/example_dags/example_sensors.py for tasks to queue
[2024-04-10T05:26:22.502+0000] {logging_mixin.py:188} INFO - [2024-04-10T05:26:22.502+0000] {dagbag.py:540} INFO - Filling up the DagBag from /home/airflow/.local/lib/python3.12/site-packages/airflow/example_dags/example_sensors.py
[2024-04-10T05:26:22.514+0000] {processor.py:840} INFO - DAG(s) 'example_sensors' retrieved from /home/airflow/.local/lib/python3.12/site-packages/airflow/example_dags/example_sensors.py
[2024-04-10T05:26:22.545+0000] {logging_mixin.py:188} INFO - [2024-04-10T05:26:22.545+0000] {dag.py:3096} INFO - Sync 1 DAGs
[2024-04-10T05:26:22.560+0000] {logging_mixin.py:188} INFO - [2024-04-10T05:26:22.559+0000] {dag.py:3954} INFO - Setting next_dagrun for example_sensors to None, run_after=None
[2024-04-10T05:26:22.582+0000] {processor.py:183} INFO - Processing /home/airflow/.local/lib/python3.12/site-packages/airflow/example_dags/example_sensors.py took 0.088 seconds
[2024-04-10T05:26:52.900+0000] {processor.py:161} INFO - Started process (PID=776) to work on /home/airflow/.local/lib/python3.12/site-packages/airflow/example_dags/example_sensors.py
[2024-04-10T05:26:52.901+0000] {processor.py:830} INFO - Processing file /home/airflow/.local/lib/python3.12/site-packages/airflow/example_dags/example_sensors.py for tasks to queue
[2024-04-10T05:26:52.902+0000] {logging_mixin.py:188} INFO - [2024-04-10T05:26:52.902+0000] {dagbag.py:540} INFO - Filling up the DagBag from /home/airflow/.local/lib/python3.12/site-packages/airflow/example_dags/example_sensors.py
[2024-04-10T05:26:52.914+0000] {processor.py:840} INFO - DAG(s) 'example_sensors' retrieved from /home/airflow/.local/lib/python3.12/site-packages/airflow/example_dags/example_sensors.py
[2024-04-10T05:26:52.962+0000] {logging_mixin.py:188} INFO - [2024-04-10T05:26:52.945+0000] {dag.py:3096} INFO - Sync 1 DAGs
[2024-04-10T05:26:52.999+0000] {logging_mixin.py:188} INFO - [2024-04-10T05:26:52.999+0000] {dag.py:3954} INFO - Setting next_dagrun for example_sensors to None, run_after=None
[2024-04-10T05:26:53.030+0000] {processor.py:183} INFO - Processing /home/airflow/.local/lib/python3.12/site-packages/airflow/example_dags/example_sensors.py took 0.137 seconds
[2024-04-10T05:27:23.162+0000] {processor.py:161} INFO - Started process (PID=1049) to work on /home/airflow/.local/lib/python3.12/site-packages/airflow/example_dags/example_sensors.py
[2024-04-10T05:27:23.163+0000] {processor.py:830} INFO - Processing file /home/airflow/.local/lib/python3.12/site-packages/airflow/example_dags/example_sensors.py for tasks to queue
[2024-04-10T05:27:23.164+0000] {logging_mixin.py:188} INFO - [2024-04-10T05:27:23.164+0000] {dagbag.py:540} INFO - Filling up the DagBag from /home/airflow/.local/lib/python3.12/site-packages/airflow/example_dags/example_sensors.py
[2024-04-10T05:27:23.176+0000] {processor.py:840} INFO - DAG(s) 'example_sensors' retrieved from /home/airflow/.local/lib/python3.12/site-packages/airflow/example_dags/example_sensors.py
[2024-04-10T05:27:23.207+0000] {logging_mixin.py:188} INFO - [2024-04-10T05:27:23.207+0000] {dag.py:3096} INFO - Sync 1 DAGs
[2024-04-10T05:27:23.224+0000] {logging_mixin.py:188} INFO - [2024-04-10T05:27:23.223+0000] {dag.py:3954} INFO - Setting next_dagrun for example_sensors to None, run_after=None
[2024-04-10T05:27:23.248+0000] {processor.py:183} INFO - Processing /home/airflow/.local/lib/python3.12/site-packages/airflow/example_dags/example_sensors.py took 0.092 seconds
[2024-04-10T05:27:53.983+0000] {processor.py:161} INFO - Started process (PID=1321) to work on /home/airflow/.local/lib/python3.12/site-packages/airflow/example_dags/example_sensors.py
[2024-04-10T05:27:53.984+0000] {processor.py:830} INFO - Processing file /home/airflow/.local/lib/python3.12/site-packages/airflow/example_dags/example_sensors.py for tasks to queue
[2024-04-10T05:27:53.985+0000] {logging_mixin.py:188} INFO - [2024-04-10T05:27:53.985+0000] {dagbag.py:540} INFO - Filling up the DagBag from /home/airflow/.local/lib/python3.12/site-packages/airflow/example_dags/example_sensors.py
[2024-04-10T05:27:54.004+0000] {processor.py:840} INFO - DAG(s) 'example_sensors' retrieved from /home/airflow/.local/lib/python3.12/site-packages/airflow/example_dags/example_sensors.py
[2024-04-10T05:27:54.040+0000] {logging_mixin.py:188} INFO - [2024-04-10T05:27:54.039+0000] {dag.py:3096} INFO - Sync 1 DAGs
[2024-04-10T05:27:54.055+0000] {logging_mixin.py:188} INFO - [2024-04-10T05:27:54.055+0000] {dag.py:3954} INFO - Setting next_dagrun for example_sensors to None, run_after=None
[2024-04-10T05:27:54.078+0000] {processor.py:183} INFO - Processing /home/airflow/.local/lib/python3.12/site-packages/airflow/example_dags/example_sensors.py took 0.102 seconds
[2024-04-10T05:28:25.077+0000] {processor.py:161} INFO - Started process (PID=1592) to work on /home/airflow/.local/lib/python3.12/site-packages/airflow/example_dags/example_sensors.py
[2024-04-10T05:28:25.079+0000] {processor.py:830} INFO - Processing file /home/airflow/.local/lib/python3.12/site-packages/airflow/example_dags/example_sensors.py for tasks to queue
[2024-04-10T05:28:25.083+0000] {logging_mixin.py:188} INFO - [2024-04-10T05:28:25.083+0000] {dagbag.py:540} INFO - Filling up the DagBag from /home/airflow/.local/lib/python3.12/site-packages/airflow/example_dags/example_sensors.py
[2024-04-10T05:28:25.107+0000] {processor.py:840} INFO - DAG(s) 'example_sensors' retrieved from /home/airflow/.local/lib/python3.12/site-packages/airflow/example_dags/example_sensors.py
[2024-04-10T05:28:25.173+0000] {logging_mixin.py:188} INFO - [2024-04-10T05:28:25.173+0000] {dag.py:3096} INFO - Sync 1 DAGs
[2024-04-10T05:28:25.204+0000] {logging_mixin.py:188} INFO - [2024-04-10T05:28:25.203+0000] {dag.py:3954} INFO - Setting next_dagrun for example_sensors to None, run_after=None
[2024-04-10T05:28:25.239+0000] {processor.py:183} INFO - Processing /home/airflow/.local/lib/python3.12/site-packages/airflow/example_dags/example_sensors.py took 0.190 seconds
[2024-04-10T05:28:56.114+0000] {processor.py:161} INFO - Started process (PID=1865) to work on /home/airflow/.local/lib/python3.12/site-packages/airflow/example_dags/example_sensors.py
[2024-04-10T05:28:56.115+0000] {processor.py:830} INFO - Processing file /home/airflow/.local/lib/python3.12/site-packages/airflow/example_dags/example_sensors.py for tasks to queue
[2024-04-10T05:28:56.117+0000] {logging_mixin.py:188} INFO - [2024-04-10T05:28:56.117+0000] {dagbag.py:540} INFO - Filling up the DagBag from /home/airflow/.local/lib/python3.12/site-packages/airflow/example_dags/example_sensors.py
[2024-04-10T05:28:56.129+0000] {processor.py:840} INFO - DAG(s) 'example_sensors' retrieved from /home/airflow/.local/lib/python3.12/site-packages/airflow/example_dags/example_sensors.py
[2024-04-10T05:28:56.162+0000] {logging_mixin.py:188} INFO - [2024-04-10T05:28:56.161+0000] {dag.py:3096} INFO - Sync 1 DAGs
[2024-04-10T05:28:56.178+0000] {logging_mixin.py:188} INFO - [2024-04-10T05:28:56.178+0000] {dag.py:3954} INFO - Setting next_dagrun for example_sensors to None, run_after=None
[2024-04-10T05:28:56.203+0000] {processor.py:183} INFO - Processing /home/airflow/.local/lib/python3.12/site-packages/airflow/example_dags/example_sensors.py took 0.096 seconds
[2024-04-10T05:29:26.478+0000] {processor.py:161} INFO - Started process (PID=2132) to work on /home/airflow/.local/lib/python3.12/site-packages/airflow/example_dags/example_sensors.py
[2024-04-10T05:29:26.479+0000] {processor.py:830} INFO - Processing file /home/airflow/.local/lib/python3.12/site-packages/airflow/example_dags/example_sensors.py for tasks to queue
[2024-04-10T05:29:26.483+0000] {logging_mixin.py:188} INFO - [2024-04-10T05:29:26.482+0000] {dagbag.py:540} INFO - Filling up the DagBag from /home/airflow/.local/lib/python3.12/site-packages/airflow/example_dags/example_sensors.py
[2024-04-10T05:29:26.506+0000] {processor.py:840} INFO - DAG(s) 'example_sensors' retrieved from /home/airflow/.local/lib/python3.12/site-packages/airflow/example_dags/example_sensors.py
[2024-04-10T05:29:26.568+0000] {logging_mixin.py:188} INFO - [2024-04-10T05:29:26.568+0000] {dag.py:3096} INFO - Sync 1 DAGs
[2024-04-10T05:29:26.585+0000] {logging_mixin.py:188} INFO - [2024-04-10T05:29:26.585+0000] {dag.py:3954} INFO - Setting next_dagrun for example_sensors to None, run_after=None
[2024-04-10T05:29:26.612+0000] {processor.py:183} INFO - Processing /home/airflow/.local/lib/python3.12/site-packages/airflow/example_dags/example_sensors.py took 0.146 seconds
[2024-04-10T05:29:56.719+0000] {processor.py:161} INFO - Started process (PID=2405) to work on /home/airflow/.local/lib/python3.12/site-packages/airflow/example_dags/example_sensors.py
[2024-04-10T05:29:56.720+0000] {processor.py:830} INFO - Processing file /home/airflow/.local/lib/python3.12/site-packages/airflow/example_dags/example_sensors.py for tasks to queue
[2024-04-10T05:29:56.722+0000] {logging_mixin.py:188} INFO - [2024-04-10T05:29:56.722+0000] {dagbag.py:540} INFO - Filling up the DagBag from /home/airflow/.local/lib/python3.12/site-packages/airflow/example_dags/example_sensors.py
[2024-04-10T05:29:56.733+0000] {processor.py:840} INFO - DAG(s) 'example_sensors' retrieved from /home/airflow/.local/lib/python3.12/site-packages/airflow/example_dags/example_sensors.py
[2024-04-10T05:29:56.790+0000] {logging_mixin.py:188} INFO - [2024-04-10T05:29:56.790+0000] {dag.py:3096} INFO - Sync 1 DAGs
[2024-04-10T05:29:56.810+0000] {logging_mixin.py:188} INFO - [2024-04-10T05:29:56.810+0000] {dag.py:3954} INFO - Setting next_dagrun for example_sensors to None, run_after=None
[2024-04-10T05:29:56.853+0000] {processor.py:183} INFO - Processing /home/airflow/.local/lib/python3.12/site-packages/airflow/example_dags/example_sensors.py took 0.140 seconds
[2024-04-10T05:30:26.938+0000] {processor.py:161} INFO - Started process (PID=2677) to work on /home/airflow/.local/lib/python3.12/site-packages/airflow/example_dags/example_sensors.py
[2024-04-10T05:30:26.939+0000] {processor.py:830} INFO - Processing file /home/airflow/.local/lib/python3.12/site-packages/airflow/example_dags/example_sensors.py for tasks to queue
[2024-04-10T05:30:26.941+0000] {logging_mixin.py:188} INFO - [2024-04-10T05:30:26.940+0000] {dagbag.py:540} INFO - Filling up the DagBag from /home/airflow/.local/lib/python3.12/site-packages/airflow/example_dags/example_sensors.py
[2024-04-10T05:30:26.952+0000] {processor.py:840} INFO - DAG(s) 'example_sensors' retrieved from /home/airflow/.local/lib/python3.12/site-packages/airflow/example_dags/example_sensors.py
[2024-04-10T05:30:26.983+0000] {logging_mixin.py:188} INFO - [2024-04-10T05:30:26.983+0000] {dag.py:3096} INFO - Sync 1 DAGs
[2024-04-10T05:30:27.006+0000] {logging_mixin.py:188} INFO - [2024-04-10T05:30:27.005+0000] {dag.py:3954} INFO - Setting next_dagrun for example_sensors to None, run_after=None
[2024-04-10T05:30:27.036+0000] {processor.py:183} INFO - Processing /home/airflow/.local/lib/python3.12/site-packages/airflow/example_dags/example_sensors.py took 0.107 seconds
[2024-04-10T05:30:57.251+0000] {processor.py:161} INFO - Started process (PID=2949) to work on /home/airflow/.local/lib/python3.12/site-packages/airflow/example_dags/example_sensors.py
[2024-04-10T05:30:57.251+0000] {processor.py:830} INFO - Processing file /home/airflow/.local/lib/python3.12/site-packages/airflow/example_dags/example_sensors.py for tasks to queue
[2024-04-10T05:30:57.253+0000] {logging_mixin.py:188} INFO - [2024-04-10T05:30:57.253+0000] {dagbag.py:540} INFO - Filling up the DagBag from /home/airflow/.local/lib/python3.12/site-packages/airflow/example_dags/example_sensors.py
[2024-04-10T05:30:57.265+0000] {processor.py:840} INFO - DAG(s) 'example_sensors' retrieved from /home/airflow/.local/lib/python3.12/site-packages/airflow/example_dags/example_sensors.py
[2024-04-10T05:30:57.298+0000] {logging_mixin.py:188} INFO - [2024-04-10T05:30:57.298+0000] {dag.py:3096} INFO - Sync 1 DAGs
[2024-04-10T05:30:57.315+0000] {logging_mixin.py:188} INFO - [2024-04-10T05:30:57.314+0000] {dag.py:3954} INFO - Setting next_dagrun for example_sensors to None, run_after=None
[2024-04-10T05:30:57.340+0000] {processor.py:183} INFO - Processing /home/airflow/.local/lib/python3.12/site-packages/airflow/example_dags/example_sensors.py took 0.096 seconds
[2024-04-10T05:31:27.600+0000] {processor.py:161} INFO - Started process (PID=3221) to work on /home/airflow/.local/lib/python3.12/site-packages/airflow/example_dags/example_sensors.py
[2024-04-10T05:31:27.602+0000] {processor.py:830} INFO - Processing file /home/airflow/.local/lib/python3.12/site-packages/airflow/example_dags/example_sensors.py for tasks to queue
[2024-04-10T05:31:27.603+0000] {logging_mixin.py:188} INFO - [2024-04-10T05:31:27.603+0000] {dagbag.py:540} INFO - Filling up the DagBag from /home/airflow/.local/lib/python3.12/site-packages/airflow/example_dags/example_sensors.py
[2024-04-10T05:31:27.615+0000] {processor.py:840} INFO - DAG(s) 'example_sensors' retrieved from /home/airflow/.local/lib/python3.12/site-packages/airflow/example_dags/example_sensors.py
[2024-04-10T05:31:27.647+0000] {logging_mixin.py:188} INFO - [2024-04-10T05:31:27.647+0000] {dag.py:3096} INFO - Sync 1 DAGs
[2024-04-10T05:31:27.663+0000] {logging_mixin.py:188} INFO - [2024-04-10T05:31:27.663+0000] {dag.py:3954} INFO - Setting next_dagrun for example_sensors to None, run_after=None
[2024-04-10T05:31:27.690+0000] {processor.py:183} INFO - Processing /home/airflow/.local/lib/python3.12/site-packages/airflow/example_dags/example_sensors.py took 0.096 seconds
[2024-04-10T05:31:57.832+0000] {processor.py:161} INFO - Started process (PID=3494) to work on /home/airflow/.local/lib/python3.12/site-packages/airflow/example_dags/example_sensors.py
[2024-04-10T05:31:57.834+0000] {processor.py:830} INFO - Processing file /home/airflow/.local/lib/python3.12/site-packages/airflow/example_dags/example_sensors.py for tasks to queue
[2024-04-10T05:31:57.836+0000] {logging_mixin.py:188} INFO - [2024-04-10T05:31:57.835+0000] {dagbag.py:540} INFO - Filling up the DagBag from /home/airflow/.local/lib/python3.12/site-packages/airflow/example_dags/example_sensors.py
[2024-04-10T05:31:57.854+0000] {processor.py:840} INFO - DAG(s) 'example_sensors' retrieved from /home/airflow/.local/lib/python3.12/site-packages/airflow/example_dags/example_sensors.py
[2024-04-10T05:31:57.889+0000] {logging_mixin.py:188} INFO - [2024-04-10T05:31:57.888+0000] {dag.py:3096} INFO - Sync 1 DAGs
[2024-04-10T05:31:57.904+0000] {logging_mixin.py:188} INFO - [2024-04-10T05:31:57.904+0000] {dag.py:3954} INFO - Setting next_dagrun for example_sensors to None, run_after=None
[2024-04-10T05:31:57.927+0000] {processor.py:183} INFO - Processing /home/airflow/.local/lib/python3.12/site-packages/airflow/example_dags/example_sensors.py took 0.102 seconds
[2024-04-10T05:32:28.519+0000] {processor.py:161} INFO - Started process (PID=3766) to work on /home/airflow/.local/lib/python3.12/site-packages/airflow/example_dags/example_sensors.py
[2024-04-10T05:32:28.519+0000] {processor.py:830} INFO - Processing file /home/airflow/.local/lib/python3.12/site-packages/airflow/example_dags/example_sensors.py for tasks to queue
[2024-04-10T05:32:28.521+0000] {logging_mixin.py:188} INFO - [2024-04-10T05:32:28.521+0000] {dagbag.py:540} INFO - Filling up the DagBag from /home/airflow/.local/lib/python3.12/site-packages/airflow/example_dags/example_sensors.py
[2024-04-10T05:32:28.533+0000] {processor.py:840} INFO - DAG(s) 'example_sensors' retrieved from /home/airflow/.local/lib/python3.12/site-packages/airflow/example_dags/example_sensors.py
[2024-04-10T05:32:28.564+0000] {logging_mixin.py:188} INFO - [2024-04-10T05:32:28.564+0000] {dag.py:3096} INFO - Sync 1 DAGs
[2024-04-10T05:32:28.582+0000] {logging_mixin.py:188} INFO - [2024-04-10T05:32:28.581+0000] {dag.py:3954} INFO - Setting next_dagrun for example_sensors to None, run_after=None
[2024-04-10T05:32:28.605+0000] {processor.py:183} INFO - Processing /home/airflow/.local/lib/python3.12/site-packages/airflow/example_dags/example_sensors.py took 0.093 seconds
[2024-04-10T05:32:58.931+0000] {processor.py:161} INFO - Started process (PID=4038) to work on /home/airflow/.local/lib/python3.12/site-packages/airflow/example_dags/example_sensors.py
[2024-04-10T05:32:58.932+0000] {processor.py:830} INFO - Processing file /home/airflow/.local/lib/python3.12/site-packages/airflow/example_dags/example_sensors.py for tasks to queue
[2024-04-10T05:32:58.934+0000] {logging_mixin.py:188} INFO - [2024-04-10T05:32:58.934+0000] {dagbag.py:540} INFO - Filling up the DagBag from /home/airflow/.local/lib/python3.12/site-packages/airflow/example_dags/example_sensors.py
[2024-04-10T05:32:58.945+0000] {processor.py:840} INFO - DAG(s) 'example_sensors' retrieved from /home/airflow/.local/lib/python3.12/site-packages/airflow/example_dags/example_sensors.py
[2024-04-10T05:32:59.004+0000] {logging_mixin.py:188} INFO - [2024-04-10T05:32:59.003+0000] {dag.py:3096} INFO - Sync 1 DAGs
[2024-04-10T05:32:59.037+0000] {logging_mixin.py:188} INFO - [2024-04-10T05:32:59.036+0000] {dag.py:3954} INFO - Setting next_dagrun for example_sensors to None, run_after=None
[2024-04-10T05:32:59.081+0000] {processor.py:183} INFO - Processing /home/airflow/.local/lib/python3.12/site-packages/airflow/example_dags/example_sensors.py took 0.162 seconds
[2024-04-10T05:33:29.366+0000] {processor.py:161} INFO - Started process (PID=4310) to work on /home/airflow/.local/lib/python3.12/site-packages/airflow/example_dags/example_sensors.py
[2024-04-10T05:33:29.367+0000] {processor.py:830} INFO - Processing file /home/airflow/.local/lib/python3.12/site-packages/airflow/example_dags/example_sensors.py for tasks to queue
[2024-04-10T05:33:29.368+0000] {logging_mixin.py:188} INFO - [2024-04-10T05:33:29.368+0000] {dagbag.py:540} INFO - Filling up the DagBag from /home/airflow/.local/lib/python3.12/site-packages/airflow/example_dags/example_sensors.py
[2024-04-10T05:33:29.380+0000] {processor.py:840} INFO - DAG(s) 'example_sensors' retrieved from /home/airflow/.local/lib/python3.12/site-packages/airflow/example_dags/example_sensors.py
[2024-04-10T05:33:29.411+0000] {logging_mixin.py:188} INFO - [2024-04-10T05:33:29.411+0000] {dag.py:3096} INFO - Sync 1 DAGs
[2024-04-10T05:33:29.429+0000] {logging_mixin.py:188} INFO - [2024-04-10T05:33:29.428+0000] {dag.py:3954} INFO - Setting next_dagrun for example_sensors to None, run_after=None
[2024-04-10T05:33:29.453+0000] {processor.py:183} INFO - Processing /home/airflow/.local/lib/python3.12/site-packages/airflow/example_dags/example_sensors.py took 0.093 seconds
[2024-04-10T05:33:59.798+0000] {processor.py:161} INFO - Started process (PID=4582) to work on /home/airflow/.local/lib/python3.12/site-packages/airflow/example_dags/example_sensors.py
[2024-04-10T05:33:59.799+0000] {processor.py:830} INFO - Processing file /home/airflow/.local/lib/python3.12/site-packages/airflow/example_dags/example_sensors.py for tasks to queue
[2024-04-10T05:33:59.801+0000] {logging_mixin.py:188} INFO - [2024-04-10T05:33:59.801+0000] {dagbag.py:540} INFO - Filling up the DagBag from /home/airflow/.local/lib/python3.12/site-packages/airflow/example_dags/example_sensors.py
[2024-04-10T05:33:59.813+0000] {processor.py:840} INFO - DAG(s) 'example_sensors' retrieved from /home/airflow/.local/lib/python3.12/site-packages/airflow/example_dags/example_sensors.py
[2024-04-10T05:33:59.847+0000] {logging_mixin.py:188} INFO - [2024-04-10T05:33:59.847+0000] {dag.py:3096} INFO - Sync 1 DAGs
[2024-04-10T05:33:59.868+0000] {logging_mixin.py:188} INFO - [2024-04-10T05:33:59.868+0000] {dag.py:3954} INFO - Setting next_dagrun for example_sensors to None, run_after=None
[2024-04-10T05:33:59.901+0000] {processor.py:183} INFO - Processing /home/airflow/.local/lib/python3.12/site-packages/airflow/example_dags/example_sensors.py took 0.110 seconds
[2024-04-10T05:34:30.342+0000] {processor.py:161} INFO - Started process (PID=4853) to work on /home/airflow/.local/lib/python3.12/site-packages/airflow/example_dags/example_sensors.py
[2024-04-10T05:34:30.343+0000] {processor.py:830} INFO - Processing file /home/airflow/.local/lib/python3.12/site-packages/airflow/example_dags/example_sensors.py for tasks to queue
[2024-04-10T05:34:30.345+0000] {logging_mixin.py:188} INFO - [2024-04-10T05:34:30.344+0000] {dagbag.py:540} INFO - Filling up the DagBag from /home/airflow/.local/lib/python3.12/site-packages/airflow/example_dags/example_sensors.py
[2024-04-10T05:34:30.357+0000] {processor.py:840} INFO - DAG(s) 'example_sensors' retrieved from /home/airflow/.local/lib/python3.12/site-packages/airflow/example_dags/example_sensors.py
[2024-04-10T05:34:30.389+0000] {logging_mixin.py:188} INFO - [2024-04-10T05:34:30.389+0000] {dag.py:3096} INFO - Sync 1 DAGs
[2024-04-10T05:34:30.411+0000] {logging_mixin.py:188} INFO - [2024-04-10T05:34:30.411+0000] {dag.py:3954} INFO - Setting next_dagrun for example_sensors to None, run_after=None
[2024-04-10T05:34:30.448+0000] {processor.py:183} INFO - Processing /home/airflow/.local/lib/python3.12/site-packages/airflow/example_dags/example_sensors.py took 0.113 seconds
[2024-04-10T05:35:00.627+0000] {processor.py:161} INFO - Started process (PID=5125) to work on /home/airflow/.local/lib/python3.12/site-packages/airflow/example_dags/example_sensors.py
[2024-04-10T05:35:00.628+0000] {processor.py:830} INFO - Processing file /home/airflow/.local/lib/python3.12/site-packages/airflow/example_dags/example_sensors.py for tasks to queue
[2024-04-10T05:35:00.631+0000] {logging_mixin.py:188} INFO - [2024-04-10T05:35:00.630+0000] {dagbag.py:540} INFO - Filling up the DagBag from /home/airflow/.local/lib/python3.12/site-packages/airflow/example_dags/example_sensors.py
[2024-04-10T05:35:00.642+0000] {processor.py:840} INFO - DAG(s) 'example_sensors' retrieved from /home/airflow/.local/lib/python3.12/site-packages/airflow/example_dags/example_sensors.py
[2024-04-10T05:35:00.673+0000] {logging_mixin.py:188} INFO - [2024-04-10T05:35:00.673+0000] {dag.py:3096} INFO - Sync 1 DAGs
[2024-04-10T05:35:00.689+0000] {logging_mixin.py:188} INFO - [2024-04-10T05:35:00.688+0000] {dag.py:3954} INFO - Setting next_dagrun for example_sensors to None, run_after=None
[2024-04-10T05:35:00.713+0000] {processor.py:183} INFO - Processing /home/airflow/.local/lib/python3.12/site-packages/airflow/example_dags/example_sensors.py took 0.093 seconds
[2024-04-10T05:35:30.966+0000] {processor.py:161} INFO - Started process (PID=5398) to work on /home/airflow/.local/lib/python3.12/site-packages/airflow/example_dags/example_sensors.py
[2024-04-10T05:35:30.967+0000] {processor.py:830} INFO - Processing file /home/airflow/.local/lib/python3.12/site-packages/airflow/example_dags/example_sensors.py for tasks to queue
[2024-04-10T05:35:30.969+0000] {logging_mixin.py:188} INFO - [2024-04-10T05:35:30.969+0000] {dagbag.py:540} INFO - Filling up the DagBag from /home/airflow/.local/lib/python3.12/site-packages/airflow/example_dags/example_sensors.py
[2024-04-10T05:35:30.980+0000] {processor.py:840} INFO - DAG(s) 'example_sensors' retrieved from /home/airflow/.local/lib/python3.12/site-packages/airflow/example_dags/example_sensors.py
[2024-04-10T05:35:31.013+0000] {logging_mixin.py:188} INFO - [2024-04-10T05:35:31.013+0000] {dag.py:3096} INFO - Sync 1 DAGs
[2024-04-10T05:35:31.029+0000] {logging_mixin.py:188} INFO - [2024-04-10T05:35:31.028+0000] {dag.py:3954} INFO - Setting next_dagrun for example_sensors to None, run_after=None
[2024-04-10T05:35:31.052+0000] {processor.py:183} INFO - Processing /home/airflow/.local/lib/python3.12/site-packages/airflow/example_dags/example_sensors.py took 0.096 seconds
[2024-04-10T05:36:01.128+0000] {processor.py:161} INFO - Started process (PID=5671) to work on /home/airflow/.local/lib/python3.12/site-packages/airflow/example_dags/example_sensors.py
[2024-04-10T05:36:01.128+0000] {processor.py:830} INFO - Processing file /home/airflow/.local/lib/python3.12/site-packages/airflow/example_dags/example_sensors.py for tasks to queue
[2024-04-10T05:36:01.130+0000] {logging_mixin.py:188} INFO - [2024-04-10T05:36:01.130+0000] {dagbag.py:540} INFO - Filling up the DagBag from /home/airflow/.local/lib/python3.12/site-packages/airflow/example_dags/example_sensors.py
[2024-04-10T05:36:01.142+0000] {processor.py:840} INFO - DAG(s) 'example_sensors' retrieved from /home/airflow/.local/lib/python3.12/site-packages/airflow/example_dags/example_sensors.py
[2024-04-10T05:36:01.172+0000] {logging_mixin.py:188} INFO - [2024-04-10T05:36:01.172+0000] {dag.py:3096} INFO - Sync 1 DAGs
[2024-04-10T05:36:01.188+0000] {logging_mixin.py:188} INFO - [2024-04-10T05:36:01.188+0000] {dag.py:3954} INFO - Setting next_dagrun for example_sensors to None, run_after=None
[2024-04-10T05:36:01.211+0000] {processor.py:183} INFO - Processing /home/airflow/.local/lib/python3.12/site-packages/airflow/example_dags/example_sensors.py took 0.091 seconds
[2024-04-10T05:36:31.288+0000] {processor.py:161} INFO - Started process (PID=5943) to work on /home/airflow/.local/lib/python3.12/site-packages/airflow/example_dags/example_sensors.py
[2024-04-10T05:36:31.289+0000] {processor.py:830} INFO - Processing file /home/airflow/.local/lib/python3.12/site-packages/airflow/example_dags/example_sensors.py for tasks to queue
[2024-04-10T05:36:31.291+0000] {logging_mixin.py:188} INFO - [2024-04-10T05:36:31.290+0000] {dagbag.py:540} INFO - Filling up the DagBag from /home/airflow/.local/lib/python3.12/site-packages/airflow/example_dags/example_sensors.py
[2024-04-10T05:36:31.302+0000] {processor.py:840} INFO - DAG(s) 'example_sensors' retrieved from /home/airflow/.local/lib/python3.12/site-packages/airflow/example_dags/example_sensors.py
[2024-04-10T05:36:31.334+0000] {logging_mixin.py:188} INFO - [2024-04-10T05:36:31.334+0000] {dag.py:3096} INFO - Sync 1 DAGs
[2024-04-10T05:36:31.350+0000] {logging_mixin.py:188} INFO - [2024-04-10T05:36:31.350+0000] {dag.py:3954} INFO - Setting next_dagrun for example_sensors to None, run_after=None
[2024-04-10T05:36:31.375+0000] {processor.py:183} INFO - Processing /home/airflow/.local/lib/python3.12/site-packages/airflow/example_dags/example_sensors.py took 0.093 seconds
[2024-04-10T05:37:01.620+0000] {processor.py:161} INFO - Started process (PID=6216) to work on /home/airflow/.local/lib/python3.12/site-packages/airflow/example_dags/example_sensors.py
[2024-04-10T05:37:01.621+0000] {processor.py:830} INFO - Processing file /home/airflow/.local/lib/python3.12/site-packages/airflow/example_dags/example_sensors.py for tasks to queue
[2024-04-10T05:37:01.623+0000] {logging_mixin.py:188} INFO - [2024-04-10T05:37:01.623+0000] {dagbag.py:540} INFO - Filling up the DagBag from /home/airflow/.local/lib/python3.12/site-packages/airflow/example_dags/example_sensors.py
[2024-04-10T05:37:01.635+0000] {processor.py:840} INFO - DAG(s) 'example_sensors' retrieved from /home/airflow/.local/lib/python3.12/site-packages/airflow/example_dags/example_sensors.py
[2024-04-10T05:37:01.670+0000] {logging_mixin.py:188} INFO - [2024-04-10T05:37:01.669+0000] {dag.py:3096} INFO - Sync 1 DAGs
[2024-04-10T05:37:01.684+0000] {logging_mixin.py:188} INFO - [2024-04-10T05:37:01.684+0000] {dag.py:3954} INFO - Setting next_dagrun for example_sensors to None, run_after=None
[2024-04-10T05:37:01.707+0000] {processor.py:183} INFO - Processing /home/airflow/.local/lib/python3.12/site-packages/airflow/example_dags/example_sensors.py took 0.096 seconds
[2024-04-10T05:37:32.295+0000] {processor.py:161} INFO - Started process (PID=6488) to work on /home/airflow/.local/lib/python3.12/site-packages/airflow/example_dags/example_sensors.py
[2024-04-10T05:37:32.296+0000] {processor.py:830} INFO - Processing file /home/airflow/.local/lib/python3.12/site-packages/airflow/example_dags/example_sensors.py for tasks to queue
[2024-04-10T05:37:32.298+0000] {logging_mixin.py:188} INFO - [2024-04-10T05:37:32.298+0000] {dagbag.py:540} INFO - Filling up the DagBag from /home/airflow/.local/lib/python3.12/site-packages/airflow/example_dags/example_sensors.py
[2024-04-10T05:37:32.310+0000] {processor.py:840} INFO - DAG(s) 'example_sensors' retrieved from /home/airflow/.local/lib/python3.12/site-packages/airflow/example_dags/example_sensors.py
[2024-04-10T05:37:32.345+0000] {logging_mixin.py:188} INFO - [2024-04-10T05:37:32.344+0000] {dag.py:3096} INFO - Sync 1 DAGs
[2024-04-10T05:37:32.359+0000] {logging_mixin.py:188} INFO - [2024-04-10T05:37:32.359+0000] {dag.py:3954} INFO - Setting next_dagrun for example_sensors to None, run_after=None
[2024-04-10T05:37:32.383+0000] {processor.py:183} INFO - Processing /home/airflow/.local/lib/python3.12/site-packages/airflow/example_dags/example_sensors.py took 0.094 seconds
[2024-04-10T05:38:02.476+0000] {processor.py:161} INFO - Started process (PID=6760) to work on /home/airflow/.local/lib/python3.12/site-packages/airflow/example_dags/example_sensors.py
[2024-04-10T05:38:02.480+0000] {processor.py:830} INFO - Processing file /home/airflow/.local/lib/python3.12/site-packages/airflow/example_dags/example_sensors.py for tasks to queue
[2024-04-10T05:38:02.485+0000] {logging_mixin.py:188} INFO - [2024-04-10T05:38:02.485+0000] {dagbag.py:540} INFO - Filling up the DagBag from /home/airflow/.local/lib/python3.12/site-packages/airflow/example_dags/example_sensors.py
[2024-04-10T05:38:02.507+0000] {processor.py:840} INFO - DAG(s) 'example_sensors' retrieved from /home/airflow/.local/lib/python3.12/site-packages/airflow/example_dags/example_sensors.py
[2024-04-10T05:38:02.759+0000] {logging_mixin.py:188} INFO - [2024-04-10T05:38:02.758+0000] {dag.py:3096} INFO - Sync 1 DAGs
[2024-04-10T05:38:02.769+0000] {logging_mixin.py:188} INFO - [2024-04-10T05:38:02.769+0000] {dag.py:3954} INFO - Setting next_dagrun for example_sensors to None, run_after=None
[2024-04-10T05:38:02.792+0000] {processor.py:183} INFO - Processing /home/airflow/.local/lib/python3.12/site-packages/airflow/example_dags/example_sensors.py took 0.323 seconds
