[2024-04-10T05:25:53.973+0000] {processor.py:161} INFO - Started process (PID=311) to work on /home/airflow/.local/lib/python3.12/site-packages/airflow/example_dags/example_external_task_marker_dag.py
[2024-04-10T05:25:53.982+0000] {processor.py:830} INFO - Processing file /home/airflow/.local/lib/python3.12/site-packages/airflow/example_dags/example_external_task_marker_dag.py for tasks to queue
[2024-04-10T05:25:53.994+0000] {logging_mixin.py:188} INFO - [2024-04-10T05:25:53.994+0000] {dagbag.py:540} INFO - Filling up the DagBag from /home/airflow/.local/lib/python3.12/site-packages/airflow/example_dags/example_external_task_marker_dag.py
[2024-04-10T05:25:54.013+0000] {processor.py:840} INFO - DAG(s) 'example_external_task_marker_parent', 'example_external_task_marker_child' retrieved from /home/airflow/.local/lib/python3.12/site-packages/airflow/example_dags/example_external_task_marker_dag.py
[2024-04-10T05:25:54.059+0000] {logging_mixin.py:188} INFO - [2024-04-10T05:25:54.059+0000] {dag.py:3096} INFO - Sync 2 DAGs
[2024-04-10T05:25:54.099+0000] {logging_mixin.py:188} INFO - [2024-04-10T05:25:54.095+0000] {dag.py:3954} INFO - Setting next_dagrun for example_external_task_marker_child to None, run_after=None
[2024-04-10T05:25:54.118+0000] {logging_mixin.py:188} INFO - [2024-04-10T05:25:54.118+0000] {dag.py:3954} INFO - Setting next_dagrun for example_external_task_marker_parent to None, run_after=None
[2024-04-10T05:25:54.169+0000] {processor.py:183} INFO - Processing /home/airflow/.local/lib/python3.12/site-packages/airflow/example_dags/example_external_task_marker_dag.py took 0.212 seconds
[2024-04-10T05:26:24.807+0000] {processor.py:161} INFO - Started process (PID=586) to work on /home/airflow/.local/lib/python3.12/site-packages/airflow/example_dags/example_external_task_marker_dag.py
[2024-04-10T05:26:24.808+0000] {processor.py:830} INFO - Processing file /home/airflow/.local/lib/python3.12/site-packages/airflow/example_dags/example_external_task_marker_dag.py for tasks to queue
[2024-04-10T05:26:24.810+0000] {logging_mixin.py:188} INFO - [2024-04-10T05:26:24.810+0000] {dagbag.py:540} INFO - Filling up the DagBag from /home/airflow/.local/lib/python3.12/site-packages/airflow/example_dags/example_external_task_marker_dag.py
[2024-04-10T05:26:24.815+0000] {processor.py:840} INFO - DAG(s) 'example_external_task_marker_parent', 'example_external_task_marker_child' retrieved from /home/airflow/.local/lib/python3.12/site-packages/airflow/example_dags/example_external_task_marker_dag.py
[2024-04-10T05:26:24.834+0000] {logging_mixin.py:188} INFO - [2024-04-10T05:26:24.833+0000] {dag.py:3096} INFO - Sync 2 DAGs
[2024-04-10T05:26:24.844+0000] {logging_mixin.py:188} INFO - [2024-04-10T05:26:24.844+0000] {dag.py:3954} INFO - Setting next_dagrun for example_external_task_marker_child to None, run_after=None
[2024-04-10T05:26:24.847+0000] {logging_mixin.py:188} INFO - [2024-04-10T05:26:24.847+0000] {dag.py:3954} INFO - Setting next_dagrun for example_external_task_marker_parent to None, run_after=None
[2024-04-10T05:26:24.864+0000] {processor.py:183} INFO - Processing /home/airflow/.local/lib/python3.12/site-packages/airflow/example_dags/example_external_task_marker_dag.py took 0.061 seconds
[2024-04-10T05:26:55.249+0000] {processor.py:161} INFO - Started process (PID=856) to work on /home/airflow/.local/lib/python3.12/site-packages/airflow/example_dags/example_external_task_marker_dag.py
[2024-04-10T05:26:55.249+0000] {processor.py:830} INFO - Processing file /home/airflow/.local/lib/python3.12/site-packages/airflow/example_dags/example_external_task_marker_dag.py for tasks to queue
[2024-04-10T05:26:55.251+0000] {logging_mixin.py:188} INFO - [2024-04-10T05:26:55.250+0000] {dagbag.py:540} INFO - Filling up the DagBag from /home/airflow/.local/lib/python3.12/site-packages/airflow/example_dags/example_external_task_marker_dag.py
[2024-04-10T05:26:55.262+0000] {processor.py:840} INFO - DAG(s) 'example_external_task_marker_child', 'example_external_task_marker_parent' retrieved from /home/airflow/.local/lib/python3.12/site-packages/airflow/example_dags/example_external_task_marker_dag.py
[2024-04-10T05:26:55.309+0000] {logging_mixin.py:188} INFO - [2024-04-10T05:26:55.309+0000] {dag.py:3096} INFO - Sync 2 DAGs
[2024-04-10T05:26:55.348+0000] {logging_mixin.py:188} INFO - [2024-04-10T05:26:55.348+0000] {dag.py:3954} INFO - Setting next_dagrun for example_external_task_marker_child to None, run_after=None
[2024-04-10T05:26:55.355+0000] {logging_mixin.py:188} INFO - [2024-04-10T05:26:55.355+0000] {dag.py:3954} INFO - Setting next_dagrun for example_external_task_marker_parent to None, run_after=None
[2024-04-10T05:26:55.400+0000] {processor.py:183} INFO - Processing /home/airflow/.local/lib/python3.12/site-packages/airflow/example_dags/example_external_task_marker_dag.py took 0.158 seconds
[2024-04-10T05:27:25.491+0000] {processor.py:161} INFO - Started process (PID=1129) to work on /home/airflow/.local/lib/python3.12/site-packages/airflow/example_dags/example_external_task_marker_dag.py
[2024-04-10T05:27:25.492+0000] {processor.py:830} INFO - Processing file /home/airflow/.local/lib/python3.12/site-packages/airflow/example_dags/example_external_task_marker_dag.py for tasks to queue
[2024-04-10T05:27:25.494+0000] {logging_mixin.py:188} INFO - [2024-04-10T05:27:25.494+0000] {dagbag.py:540} INFO - Filling up the DagBag from /home/airflow/.local/lib/python3.12/site-packages/airflow/example_dags/example_external_task_marker_dag.py
[2024-04-10T05:27:25.502+0000] {processor.py:840} INFO - DAG(s) 'example_external_task_marker_parent', 'example_external_task_marker_child' retrieved from /home/airflow/.local/lib/python3.12/site-packages/airflow/example_dags/example_external_task_marker_dag.py
[2024-04-10T05:27:25.532+0000] {logging_mixin.py:188} INFO - [2024-04-10T05:27:25.531+0000] {dag.py:3096} INFO - Sync 2 DAGs
[2024-04-10T05:27:25.550+0000] {logging_mixin.py:188} INFO - [2024-04-10T05:27:25.550+0000] {dag.py:3954} INFO - Setting next_dagrun for example_external_task_marker_child to None, run_after=None
[2024-04-10T05:27:25.559+0000] {logging_mixin.py:188} INFO - [2024-04-10T05:27:25.558+0000] {dag.py:3954} INFO - Setting next_dagrun for example_external_task_marker_parent to None, run_after=None
[2024-04-10T05:27:25.589+0000] {processor.py:183} INFO - Processing /home/airflow/.local/lib/python3.12/site-packages/airflow/example_dags/example_external_task_marker_dag.py took 0.105 seconds
[2024-04-10T05:27:56.072+0000] {processor.py:161} INFO - Started process (PID=1401) to work on /home/airflow/.local/lib/python3.12/site-packages/airflow/example_dags/example_external_task_marker_dag.py
[2024-04-10T05:27:56.073+0000] {processor.py:830} INFO - Processing file /home/airflow/.local/lib/python3.12/site-packages/airflow/example_dags/example_external_task_marker_dag.py for tasks to queue
[2024-04-10T05:27:56.075+0000] {logging_mixin.py:188} INFO - [2024-04-10T05:27:56.075+0000] {dagbag.py:540} INFO - Filling up the DagBag from /home/airflow/.local/lib/python3.12/site-packages/airflow/example_dags/example_external_task_marker_dag.py
[2024-04-10T05:27:56.083+0000] {processor.py:840} INFO - DAG(s) 'example_external_task_marker_child', 'example_external_task_marker_parent' retrieved from /home/airflow/.local/lib/python3.12/site-packages/airflow/example_dags/example_external_task_marker_dag.py
[2024-04-10T05:27:56.108+0000] {logging_mixin.py:188} INFO - [2024-04-10T05:27:56.108+0000] {dag.py:3096} INFO - Sync 2 DAGs
[2024-04-10T05:27:56.124+0000] {logging_mixin.py:188} INFO - [2024-04-10T05:27:56.123+0000] {dag.py:3954} INFO - Setting next_dagrun for example_external_task_marker_child to None, run_after=None
[2024-04-10T05:27:56.128+0000] {logging_mixin.py:188} INFO - [2024-04-10T05:27:56.128+0000] {dag.py:3954} INFO - Setting next_dagrun for example_external_task_marker_parent to None, run_after=None
[2024-04-10T05:27:56.150+0000] {processor.py:183} INFO - Processing /home/airflow/.local/lib/python3.12/site-packages/airflow/example_dags/example_external_task_marker_dag.py took 0.085 seconds
[2024-04-10T05:28:26.498+0000] {processor.py:161} INFO - Started process (PID=1672) to work on /home/airflow/.local/lib/python3.12/site-packages/airflow/example_dags/example_external_task_marker_dag.py
[2024-04-10T05:28:26.498+0000] {processor.py:830} INFO - Processing file /home/airflow/.local/lib/python3.12/site-packages/airflow/example_dags/example_external_task_marker_dag.py for tasks to queue
[2024-04-10T05:28:26.501+0000] {logging_mixin.py:188} INFO - [2024-04-10T05:28:26.500+0000] {dagbag.py:540} INFO - Filling up the DagBag from /home/airflow/.local/lib/python3.12/site-packages/airflow/example_dags/example_external_task_marker_dag.py
[2024-04-10T05:28:26.507+0000] {processor.py:840} INFO - DAG(s) 'example_external_task_marker_parent', 'example_external_task_marker_child' retrieved from /home/airflow/.local/lib/python3.12/site-packages/airflow/example_dags/example_external_task_marker_dag.py
[2024-04-10T05:28:26.533+0000] {logging_mixin.py:188} INFO - [2024-04-10T05:28:26.533+0000] {dag.py:3096} INFO - Sync 2 DAGs
[2024-04-10T05:28:26.549+0000] {logging_mixin.py:188} INFO - [2024-04-10T05:28:26.549+0000] {dag.py:3954} INFO - Setting next_dagrun for example_external_task_marker_child to None, run_after=None
[2024-04-10T05:28:26.553+0000] {logging_mixin.py:188} INFO - [2024-04-10T05:28:26.553+0000] {dag.py:3954} INFO - Setting next_dagrun for example_external_task_marker_parent to None, run_after=None
[2024-04-10T05:28:26.575+0000] {processor.py:183} INFO - Processing /home/airflow/.local/lib/python3.12/site-packages/airflow/example_dags/example_external_task_marker_dag.py took 0.084 seconds
[2024-04-10T05:28:57.461+0000] {processor.py:161} INFO - Started process (PID=1947) to work on /home/airflow/.local/lib/python3.12/site-packages/airflow/example_dags/example_external_task_marker_dag.py
[2024-04-10T05:28:57.462+0000] {processor.py:830} INFO - Processing file /home/airflow/.local/lib/python3.12/site-packages/airflow/example_dags/example_external_task_marker_dag.py for tasks to queue
[2024-04-10T05:28:57.463+0000] {logging_mixin.py:188} INFO - [2024-04-10T05:28:57.463+0000] {dagbag.py:540} INFO - Filling up the DagBag from /home/airflow/.local/lib/python3.12/site-packages/airflow/example_dags/example_external_task_marker_dag.py
[2024-04-10T05:28:57.469+0000] {processor.py:840} INFO - DAG(s) 'example_external_task_marker_parent', 'example_external_task_marker_child' retrieved from /home/airflow/.local/lib/python3.12/site-packages/airflow/example_dags/example_external_task_marker_dag.py
[2024-04-10T05:28:57.495+0000] {logging_mixin.py:188} INFO - [2024-04-10T05:28:57.495+0000] {dag.py:3096} INFO - Sync 2 DAGs
[2024-04-10T05:28:57.514+0000] {logging_mixin.py:188} INFO - [2024-04-10T05:28:57.513+0000] {dag.py:3954} INFO - Setting next_dagrun for example_external_task_marker_child to None, run_after=None
[2024-04-10T05:28:57.519+0000] {logging_mixin.py:188} INFO - [2024-04-10T05:28:57.518+0000] {dag.py:3954} INFO - Setting next_dagrun for example_external_task_marker_parent to None, run_after=None
[2024-04-10T05:28:57.552+0000] {processor.py:183} INFO - Processing /home/airflow/.local/lib/python3.12/site-packages/airflow/example_dags/example_external_task_marker_dag.py took 0.098 seconds
[2024-04-10T05:29:27.979+0000] {processor.py:161} INFO - Started process (PID=2220) to work on /home/airflow/.local/lib/python3.12/site-packages/airflow/example_dags/example_external_task_marker_dag.py
[2024-04-10T05:29:27.980+0000] {processor.py:830} INFO - Processing file /home/airflow/.local/lib/python3.12/site-packages/airflow/example_dags/example_external_task_marker_dag.py for tasks to queue
[2024-04-10T05:29:27.982+0000] {logging_mixin.py:188} INFO - [2024-04-10T05:29:27.982+0000] {dagbag.py:540} INFO - Filling up the DagBag from /home/airflow/.local/lib/python3.12/site-packages/airflow/example_dags/example_external_task_marker_dag.py
[2024-04-10T05:29:27.988+0000] {processor.py:840} INFO - DAG(s) 'example_external_task_marker_parent', 'example_external_task_marker_child' retrieved from /home/airflow/.local/lib/python3.12/site-packages/airflow/example_dags/example_external_task_marker_dag.py
[2024-04-10T05:29:28.016+0000] {logging_mixin.py:188} INFO - [2024-04-10T05:29:28.016+0000] {dag.py:3096} INFO - Sync 2 DAGs
[2024-04-10T05:29:28.033+0000] {logging_mixin.py:188} INFO - [2024-04-10T05:29:28.032+0000] {dag.py:3954} INFO - Setting next_dagrun for example_external_task_marker_child to None, run_after=None
[2024-04-10T05:29:28.037+0000] {logging_mixin.py:188} INFO - [2024-04-10T05:29:28.037+0000] {dag.py:3954} INFO - Setting next_dagrun for example_external_task_marker_parent to None, run_after=None
[2024-04-10T05:29:28.059+0000] {processor.py:183} INFO - Processing /home/airflow/.local/lib/python3.12/site-packages/airflow/example_dags/example_external_task_marker_dag.py took 0.086 seconds
[2024-04-10T05:29:58.389+0000] {processor.py:161} INFO - Started process (PID=2490) to work on /home/airflow/.local/lib/python3.12/site-packages/airflow/example_dags/example_external_task_marker_dag.py
[2024-04-10T05:29:58.391+0000] {processor.py:830} INFO - Processing file /home/airflow/.local/lib/python3.12/site-packages/airflow/example_dags/example_external_task_marker_dag.py for tasks to queue
[2024-04-10T05:29:58.392+0000] {logging_mixin.py:188} INFO - [2024-04-10T05:29:58.392+0000] {dagbag.py:540} INFO - Filling up the DagBag from /home/airflow/.local/lib/python3.12/site-packages/airflow/example_dags/example_external_task_marker_dag.py
[2024-04-10T05:29:58.398+0000] {processor.py:840} INFO - DAG(s) 'example_external_task_marker_parent', 'example_external_task_marker_child' retrieved from /home/airflow/.local/lib/python3.12/site-packages/airflow/example_dags/example_external_task_marker_dag.py
[2024-04-10T05:29:58.423+0000] {logging_mixin.py:188} INFO - [2024-04-10T05:29:58.423+0000] {dag.py:3096} INFO - Sync 2 DAGs
[2024-04-10T05:29:58.439+0000] {logging_mixin.py:188} INFO - [2024-04-10T05:29:58.439+0000] {dag.py:3954} INFO - Setting next_dagrun for example_external_task_marker_child to None, run_after=None
[2024-04-10T05:29:58.444+0000] {logging_mixin.py:188} INFO - [2024-04-10T05:29:58.443+0000] {dag.py:3954} INFO - Setting next_dagrun for example_external_task_marker_parent to None, run_after=None
[2024-04-10T05:29:58.466+0000] {processor.py:183} INFO - Processing /home/airflow/.local/lib/python3.12/site-packages/airflow/example_dags/example_external_task_marker_dag.py took 0.083 seconds
[2024-04-10T05:30:29.463+0000] {processor.py:161} INFO - Started process (PID=2762) to work on /home/airflow/.local/lib/python3.12/site-packages/airflow/example_dags/example_external_task_marker_dag.py
[2024-04-10T05:30:29.464+0000] {processor.py:830} INFO - Processing file /home/airflow/.local/lib/python3.12/site-packages/airflow/example_dags/example_external_task_marker_dag.py for tasks to queue
[2024-04-10T05:30:29.466+0000] {logging_mixin.py:188} INFO - [2024-04-10T05:30:29.465+0000] {dagbag.py:540} INFO - Filling up the DagBag from /home/airflow/.local/lib/python3.12/site-packages/airflow/example_dags/example_external_task_marker_dag.py
[2024-04-10T05:30:29.471+0000] {processor.py:840} INFO - DAG(s) 'example_external_task_marker_child', 'example_external_task_marker_parent' retrieved from /home/airflow/.local/lib/python3.12/site-packages/airflow/example_dags/example_external_task_marker_dag.py
[2024-04-10T05:30:29.499+0000] {logging_mixin.py:188} INFO - [2024-04-10T05:30:29.499+0000] {dag.py:3096} INFO - Sync 2 DAGs
[2024-04-10T05:30:29.515+0000] {logging_mixin.py:188} INFO - [2024-04-10T05:30:29.515+0000] {dag.py:3954} INFO - Setting next_dagrun for example_external_task_marker_child to None, run_after=None
[2024-04-10T05:30:29.519+0000] {logging_mixin.py:188} INFO - [2024-04-10T05:30:29.519+0000] {dag.py:3954} INFO - Setting next_dagrun for example_external_task_marker_parent to None, run_after=None
[2024-04-10T05:30:29.550+0000] {processor.py:183} INFO - Processing /home/airflow/.local/lib/python3.12/site-packages/airflow/example_dags/example_external_task_marker_dag.py took 0.094 seconds
[2024-04-10T05:31:00.966+0000] {processor.py:161} INFO - Started process (PID=3034) to work on /home/airflow/.local/lib/python3.12/site-packages/airflow/example_dags/example_external_task_marker_dag.py
[2024-04-10T05:31:00.967+0000] {processor.py:830} INFO - Processing file /home/airflow/.local/lib/python3.12/site-packages/airflow/example_dags/example_external_task_marker_dag.py for tasks to queue
[2024-04-10T05:31:00.968+0000] {logging_mixin.py:188} INFO - [2024-04-10T05:31:00.968+0000] {dagbag.py:540} INFO - Filling up the DagBag from /home/airflow/.local/lib/python3.12/site-packages/airflow/example_dags/example_external_task_marker_dag.py
[2024-04-10T05:31:00.975+0000] {processor.py:840} INFO - DAG(s) 'example_external_task_marker_child', 'example_external_task_marker_parent' retrieved from /home/airflow/.local/lib/python3.12/site-packages/airflow/example_dags/example_external_task_marker_dag.py
[2024-04-10T05:31:01.002+0000] {logging_mixin.py:188} INFO - [2024-04-10T05:31:01.002+0000] {dag.py:3096} INFO - Sync 2 DAGs
[2024-04-10T05:31:01.020+0000] {logging_mixin.py:188} INFO - [2024-04-10T05:31:01.019+0000] {dag.py:3954} INFO - Setting next_dagrun for example_external_task_marker_child to None, run_after=None
[2024-04-10T05:31:01.025+0000] {logging_mixin.py:188} INFO - [2024-04-10T05:31:01.024+0000] {dag.py:3954} INFO - Setting next_dagrun for example_external_task_marker_parent to None, run_after=None
[2024-04-10T05:31:01.052+0000] {processor.py:183} INFO - Processing /home/airflow/.local/lib/python3.12/site-packages/airflow/example_dags/example_external_task_marker_dag.py took 0.094 seconds
[2024-04-10T05:31:32.008+0000] {processor.py:161} INFO - Started process (PID=3306) to work on /home/airflow/.local/lib/python3.12/site-packages/airflow/example_dags/example_external_task_marker_dag.py
[2024-04-10T05:31:32.009+0000] {processor.py:830} INFO - Processing file /home/airflow/.local/lib/python3.12/site-packages/airflow/example_dags/example_external_task_marker_dag.py for tasks to queue
[2024-04-10T05:31:32.011+0000] {logging_mixin.py:188} INFO - [2024-04-10T05:31:32.011+0000] {dagbag.py:540} INFO - Filling up the DagBag from /home/airflow/.local/lib/python3.12/site-packages/airflow/example_dags/example_external_task_marker_dag.py
[2024-04-10T05:31:32.018+0000] {processor.py:840} INFO - DAG(s) 'example_external_task_marker_parent', 'example_external_task_marker_child' retrieved from /home/airflow/.local/lib/python3.12/site-packages/airflow/example_dags/example_external_task_marker_dag.py
[2024-04-10T05:31:32.046+0000] {logging_mixin.py:188} INFO - [2024-04-10T05:31:32.045+0000] {dag.py:3096} INFO - Sync 2 DAGs
[2024-04-10T05:31:32.063+0000] {logging_mixin.py:188} INFO - [2024-04-10T05:31:32.063+0000] {dag.py:3954} INFO - Setting next_dagrun for example_external_task_marker_child to None, run_after=None
[2024-04-10T05:31:32.067+0000] {logging_mixin.py:188} INFO - [2024-04-10T05:31:32.067+0000] {dag.py:3954} INFO - Setting next_dagrun for example_external_task_marker_parent to None, run_after=None
[2024-04-10T05:31:32.091+0000] {processor.py:183} INFO - Processing /home/airflow/.local/lib/python3.12/site-packages/airflow/example_dags/example_external_task_marker_dag.py took 0.090 seconds
[2024-04-10T05:32:02.428+0000] {processor.py:161} INFO - Started process (PID=3579) to work on /home/airflow/.local/lib/python3.12/site-packages/airflow/example_dags/example_external_task_marker_dag.py
[2024-04-10T05:32:02.429+0000] {processor.py:830} INFO - Processing file /home/airflow/.local/lib/python3.12/site-packages/airflow/example_dags/example_external_task_marker_dag.py for tasks to queue
[2024-04-10T05:32:02.431+0000] {logging_mixin.py:188} INFO - [2024-04-10T05:32:02.431+0000] {dagbag.py:540} INFO - Filling up the DagBag from /home/airflow/.local/lib/python3.12/site-packages/airflow/example_dags/example_external_task_marker_dag.py
[2024-04-10T05:32:02.437+0000] {processor.py:840} INFO - DAG(s) 'example_external_task_marker_child', 'example_external_task_marker_parent' retrieved from /home/airflow/.local/lib/python3.12/site-packages/airflow/example_dags/example_external_task_marker_dag.py
[2024-04-10T05:32:02.465+0000] {logging_mixin.py:188} INFO - [2024-04-10T05:32:02.465+0000] {dag.py:3096} INFO - Sync 2 DAGs
[2024-04-10T05:32:02.483+0000] {logging_mixin.py:188} INFO - [2024-04-10T05:32:02.483+0000] {dag.py:3954} INFO - Setting next_dagrun for example_external_task_marker_child to None, run_after=None
[2024-04-10T05:32:02.488+0000] {logging_mixin.py:188} INFO - [2024-04-10T05:32:02.488+0000] {dag.py:3954} INFO - Setting next_dagrun for example_external_task_marker_parent to None, run_after=None
[2024-04-10T05:32:02.511+0000] {processor.py:183} INFO - Processing /home/airflow/.local/lib/python3.12/site-packages/airflow/example_dags/example_external_task_marker_dag.py took 0.091 seconds
[2024-04-10T05:32:33.016+0000] {processor.py:161} INFO - Started process (PID=3851) to work on /home/airflow/.local/lib/python3.12/site-packages/airflow/example_dags/example_external_task_marker_dag.py
[2024-04-10T05:32:33.017+0000] {processor.py:830} INFO - Processing file /home/airflow/.local/lib/python3.12/site-packages/airflow/example_dags/example_external_task_marker_dag.py for tasks to queue
[2024-04-10T05:32:33.019+0000] {logging_mixin.py:188} INFO - [2024-04-10T05:32:33.018+0000] {dagbag.py:540} INFO - Filling up the DagBag from /home/airflow/.local/lib/python3.12/site-packages/airflow/example_dags/example_external_task_marker_dag.py
[2024-04-10T05:32:33.024+0000] {processor.py:840} INFO - DAG(s) 'example_external_task_marker_parent', 'example_external_task_marker_child' retrieved from /home/airflow/.local/lib/python3.12/site-packages/airflow/example_dags/example_external_task_marker_dag.py
[2024-04-10T05:32:33.061+0000] {logging_mixin.py:188} INFO - [2024-04-10T05:32:33.061+0000] {dag.py:3096} INFO - Sync 2 DAGs
[2024-04-10T05:32:33.078+0000] {logging_mixin.py:188} INFO - [2024-04-10T05:32:33.078+0000] {dag.py:3954} INFO - Setting next_dagrun for example_external_task_marker_child to None, run_after=None
[2024-04-10T05:32:33.082+0000] {logging_mixin.py:188} INFO - [2024-04-10T05:32:33.082+0000] {dag.py:3954} INFO - Setting next_dagrun for example_external_task_marker_parent to None, run_after=None
[2024-04-10T05:32:33.105+0000] {processor.py:183} INFO - Processing /home/airflow/.local/lib/python3.12/site-packages/airflow/example_dags/example_external_task_marker_dag.py took 0.097 seconds
[2024-04-10T05:33:04.064+0000] {processor.py:161} INFO - Started process (PID=4123) to work on /home/airflow/.local/lib/python3.12/site-packages/airflow/example_dags/example_external_task_marker_dag.py
[2024-04-10T05:33:04.065+0000] {processor.py:830} INFO - Processing file /home/airflow/.local/lib/python3.12/site-packages/airflow/example_dags/example_external_task_marker_dag.py for tasks to queue
[2024-04-10T05:33:04.067+0000] {logging_mixin.py:188} INFO - [2024-04-10T05:33:04.067+0000] {dagbag.py:540} INFO - Filling up the DagBag from /home/airflow/.local/lib/python3.12/site-packages/airflow/example_dags/example_external_task_marker_dag.py
[2024-04-10T05:33:04.073+0000] {processor.py:840} INFO - DAG(s) 'example_external_task_marker_child', 'example_external_task_marker_parent' retrieved from /home/airflow/.local/lib/python3.12/site-packages/airflow/example_dags/example_external_task_marker_dag.py
[2024-04-10T05:33:04.106+0000] {logging_mixin.py:188} INFO - [2024-04-10T05:33:04.105+0000] {dag.py:3096} INFO - Sync 2 DAGs
[2024-04-10T05:33:04.152+0000] {logging_mixin.py:188} INFO - [2024-04-10T05:33:04.151+0000] {dag.py:3954} INFO - Setting next_dagrun for example_external_task_marker_child to None, run_after=None
[2024-04-10T05:33:04.157+0000] {logging_mixin.py:188} INFO - [2024-04-10T05:33:04.157+0000] {dag.py:3954} INFO - Setting next_dagrun for example_external_task_marker_parent to None, run_after=None
[2024-04-10T05:33:04.215+0000] {processor.py:183} INFO - Processing /home/airflow/.local/lib/python3.12/site-packages/airflow/example_dags/example_external_task_marker_dag.py took 0.158 seconds
[2024-04-10T05:33:34.693+0000] {processor.py:161} INFO - Started process (PID=4395) to work on /home/airflow/.local/lib/python3.12/site-packages/airflow/example_dags/example_external_task_marker_dag.py
[2024-04-10T05:33:34.694+0000] {processor.py:830} INFO - Processing file /home/airflow/.local/lib/python3.12/site-packages/airflow/example_dags/example_external_task_marker_dag.py for tasks to queue
[2024-04-10T05:33:34.696+0000] {logging_mixin.py:188} INFO - [2024-04-10T05:33:34.696+0000] {dagbag.py:540} INFO - Filling up the DagBag from /home/airflow/.local/lib/python3.12/site-packages/airflow/example_dags/example_external_task_marker_dag.py
[2024-04-10T05:33:34.703+0000] {processor.py:840} INFO - DAG(s) 'example_external_task_marker_parent', 'example_external_task_marker_child' retrieved from /home/airflow/.local/lib/python3.12/site-packages/airflow/example_dags/example_external_task_marker_dag.py
[2024-04-10T05:33:34.730+0000] {logging_mixin.py:188} INFO - [2024-04-10T05:33:34.730+0000] {dag.py:3096} INFO - Sync 2 DAGs
[2024-04-10T05:33:34.747+0000] {logging_mixin.py:188} INFO - [2024-04-10T05:33:34.747+0000] {dag.py:3954} INFO - Setting next_dagrun for example_external_task_marker_child to None, run_after=None
[2024-04-10T05:33:34.752+0000] {logging_mixin.py:188} INFO - [2024-04-10T05:33:34.752+0000] {dag.py:3954} INFO - Setting next_dagrun for example_external_task_marker_parent to None, run_after=None
[2024-04-10T05:33:34.777+0000] {processor.py:183} INFO - Processing /home/airflow/.local/lib/python3.12/site-packages/airflow/example_dags/example_external_task_marker_dag.py took 0.091 seconds
[2024-04-10T05:34:05.807+0000] {processor.py:161} INFO - Started process (PID=4667) to work on /home/airflow/.local/lib/python3.12/site-packages/airflow/example_dags/example_external_task_marker_dag.py
[2024-04-10T05:34:05.808+0000] {processor.py:830} INFO - Processing file /home/airflow/.local/lib/python3.12/site-packages/airflow/example_dags/example_external_task_marker_dag.py for tasks to queue
[2024-04-10T05:34:05.810+0000] {logging_mixin.py:188} INFO - [2024-04-10T05:34:05.810+0000] {dagbag.py:540} INFO - Filling up the DagBag from /home/airflow/.local/lib/python3.12/site-packages/airflow/example_dags/example_external_task_marker_dag.py
[2024-04-10T05:34:05.817+0000] {processor.py:840} INFO - DAG(s) 'example_external_task_marker_child', 'example_external_task_marker_parent' retrieved from /home/airflow/.local/lib/python3.12/site-packages/airflow/example_dags/example_external_task_marker_dag.py
[2024-04-10T05:34:05.844+0000] {logging_mixin.py:188} INFO - [2024-04-10T05:34:05.843+0000] {dag.py:3096} INFO - Sync 2 DAGs
[2024-04-10T05:34:05.858+0000] {logging_mixin.py:188} INFO - [2024-04-10T05:34:05.858+0000] {dag.py:3954} INFO - Setting next_dagrun for example_external_task_marker_child to None, run_after=None
[2024-04-10T05:34:05.862+0000] {logging_mixin.py:188} INFO - [2024-04-10T05:34:05.862+0000] {dag.py:3954} INFO - Setting next_dagrun for example_external_task_marker_parent to None, run_after=None
[2024-04-10T05:34:05.885+0000] {processor.py:183} INFO - Processing /home/airflow/.local/lib/python3.12/site-packages/airflow/example_dags/example_external_task_marker_dag.py took 0.084 seconds
[2024-04-10T05:34:36.490+0000] {processor.py:161} INFO - Started process (PID=4937) to work on /home/airflow/.local/lib/python3.12/site-packages/airflow/example_dags/example_external_task_marker_dag.py
[2024-04-10T05:34:36.494+0000] {processor.py:830} INFO - Processing file /home/airflow/.local/lib/python3.12/site-packages/airflow/example_dags/example_external_task_marker_dag.py for tasks to queue
[2024-04-10T05:34:36.499+0000] {logging_mixin.py:188} INFO - [2024-04-10T05:34:36.498+0000] {dagbag.py:540} INFO - Filling up the DagBag from /home/airflow/.local/lib/python3.12/site-packages/airflow/example_dags/example_external_task_marker_dag.py
[2024-04-10T05:34:36.517+0000] {processor.py:840} INFO - DAG(s) 'example_external_task_marker_parent', 'example_external_task_marker_child' retrieved from /home/airflow/.local/lib/python3.12/site-packages/airflow/example_dags/example_external_task_marker_dag.py
[2024-04-10T05:34:36.570+0000] {logging_mixin.py:188} INFO - [2024-04-10T05:34:36.570+0000] {dag.py:3096} INFO - Sync 2 DAGs
[2024-04-10T05:34:36.608+0000] {logging_mixin.py:188} INFO - [2024-04-10T05:34:36.608+0000] {dag.py:3954} INFO - Setting next_dagrun for example_external_task_marker_child to None, run_after=None
[2024-04-10T05:34:36.614+0000] {logging_mixin.py:188} INFO - [2024-04-10T05:34:36.614+0000] {dag.py:3954} INFO - Setting next_dagrun for example_external_task_marker_parent to None, run_after=None
[2024-04-10T05:34:36.638+0000] {processor.py:183} INFO - Processing /home/airflow/.local/lib/python3.12/site-packages/airflow/example_dags/example_external_task_marker_dag.py took 0.167 seconds
[2024-04-10T05:35:06.695+0000] {processor.py:161} INFO - Started process (PID=5214) to work on /home/airflow/.local/lib/python3.12/site-packages/airflow/example_dags/example_external_task_marker_dag.py
[2024-04-10T05:35:06.695+0000] {processor.py:830} INFO - Processing file /home/airflow/.local/lib/python3.12/site-packages/airflow/example_dags/example_external_task_marker_dag.py for tasks to queue
[2024-04-10T05:35:06.697+0000] {logging_mixin.py:188} INFO - [2024-04-10T05:35:06.697+0000] {dagbag.py:540} INFO - Filling up the DagBag from /home/airflow/.local/lib/python3.12/site-packages/airflow/example_dags/example_external_task_marker_dag.py
[2024-04-10T05:35:06.702+0000] {processor.py:840} INFO - DAG(s) 'example_external_task_marker_child', 'example_external_task_marker_parent' retrieved from /home/airflow/.local/lib/python3.12/site-packages/airflow/example_dags/example_external_task_marker_dag.py
[2024-04-10T05:35:06.721+0000] {logging_mixin.py:188} INFO - [2024-04-10T05:35:06.720+0000] {dag.py:3096} INFO - Sync 2 DAGs
[2024-04-10T05:35:06.732+0000] {logging_mixin.py:188} INFO - [2024-04-10T05:35:06.731+0000] {dag.py:3954} INFO - Setting next_dagrun for example_external_task_marker_child to None, run_after=None
[2024-04-10T05:35:06.735+0000] {logging_mixin.py:188} INFO - [2024-04-10T05:35:06.734+0000] {dag.py:3954} INFO - Setting next_dagrun for example_external_task_marker_parent to None, run_after=None
[2024-04-10T05:35:06.752+0000] {processor.py:183} INFO - Processing /home/airflow/.local/lib/python3.12/site-packages/airflow/example_dags/example_external_task_marker_dag.py took 0.063 seconds
[2024-04-10T05:35:37.154+0000] {processor.py:161} INFO - Started process (PID=5487) to work on /home/airflow/.local/lib/python3.12/site-packages/airflow/example_dags/example_external_task_marker_dag.py
[2024-04-10T05:35:37.155+0000] {processor.py:830} INFO - Processing file /home/airflow/.local/lib/python3.12/site-packages/airflow/example_dags/example_external_task_marker_dag.py for tasks to queue
[2024-04-10T05:35:37.156+0000] {logging_mixin.py:188} INFO - [2024-04-10T05:35:37.156+0000] {dagbag.py:540} INFO - Filling up the DagBag from /home/airflow/.local/lib/python3.12/site-packages/airflow/example_dags/example_external_task_marker_dag.py
[2024-04-10T05:35:37.161+0000] {processor.py:840} INFO - DAG(s) 'example_external_task_marker_parent', 'example_external_task_marker_child' retrieved from /home/airflow/.local/lib/python3.12/site-packages/airflow/example_dags/example_external_task_marker_dag.py
[2024-04-10T05:35:37.181+0000] {logging_mixin.py:188} INFO - [2024-04-10T05:35:37.181+0000] {dag.py:3096} INFO - Sync 2 DAGs
[2024-04-10T05:35:37.192+0000] {logging_mixin.py:188} INFO - [2024-04-10T05:35:37.192+0000] {dag.py:3954} INFO - Setting next_dagrun for example_external_task_marker_child to None, run_after=None
[2024-04-10T05:35:37.195+0000] {logging_mixin.py:188} INFO - [2024-04-10T05:35:37.195+0000] {dag.py:3954} INFO - Setting next_dagrun for example_external_task_marker_parent to None, run_after=None
[2024-04-10T05:35:37.213+0000] {processor.py:183} INFO - Processing /home/airflow/.local/lib/python3.12/site-packages/airflow/example_dags/example_external_task_marker_dag.py took 0.064 seconds
[2024-04-10T05:36:07.377+0000] {processor.py:161} INFO - Started process (PID=5759) to work on /home/airflow/.local/lib/python3.12/site-packages/airflow/example_dags/example_external_task_marker_dag.py
[2024-04-10T05:36:07.378+0000] {processor.py:830} INFO - Processing file /home/airflow/.local/lib/python3.12/site-packages/airflow/example_dags/example_external_task_marker_dag.py for tasks to queue
[2024-04-10T05:36:07.380+0000] {logging_mixin.py:188} INFO - [2024-04-10T05:36:07.379+0000] {dagbag.py:540} INFO - Filling up the DagBag from /home/airflow/.local/lib/python3.12/site-packages/airflow/example_dags/example_external_task_marker_dag.py
[2024-04-10T05:36:07.386+0000] {processor.py:840} INFO - DAG(s) 'example_external_task_marker_child', 'example_external_task_marker_parent' retrieved from /home/airflow/.local/lib/python3.12/site-packages/airflow/example_dags/example_external_task_marker_dag.py
[2024-04-10T05:36:07.405+0000] {logging_mixin.py:188} INFO - [2024-04-10T05:36:07.405+0000] {dag.py:3096} INFO - Sync 2 DAGs
[2024-04-10T05:36:07.416+0000] {logging_mixin.py:188} INFO - [2024-04-10T05:36:07.416+0000] {dag.py:3954} INFO - Setting next_dagrun for example_external_task_marker_child to None, run_after=None
[2024-04-10T05:36:07.419+0000] {logging_mixin.py:188} INFO - [2024-04-10T05:36:07.419+0000] {dag.py:3954} INFO - Setting next_dagrun for example_external_task_marker_parent to None, run_after=None
[2024-04-10T05:36:07.437+0000] {processor.py:183} INFO - Processing /home/airflow/.local/lib/python3.12/site-packages/airflow/example_dags/example_external_task_marker_dag.py took 0.065 seconds
[2024-04-10T05:36:38.367+0000] {processor.py:161} INFO - Started process (PID=6032) to work on /home/airflow/.local/lib/python3.12/site-packages/airflow/example_dags/example_external_task_marker_dag.py
[2024-04-10T05:36:38.367+0000] {processor.py:830} INFO - Processing file /home/airflow/.local/lib/python3.12/site-packages/airflow/example_dags/example_external_task_marker_dag.py for tasks to queue
[2024-04-10T05:36:38.369+0000] {logging_mixin.py:188} INFO - [2024-04-10T05:36:38.369+0000] {dagbag.py:540} INFO - Filling up the DagBag from /home/airflow/.local/lib/python3.12/site-packages/airflow/example_dags/example_external_task_marker_dag.py
[2024-04-10T05:36:38.374+0000] {processor.py:840} INFO - DAG(s) 'example_external_task_marker_parent', 'example_external_task_marker_child' retrieved from /home/airflow/.local/lib/python3.12/site-packages/airflow/example_dags/example_external_task_marker_dag.py
[2024-04-10T05:36:38.392+0000] {logging_mixin.py:188} INFO - [2024-04-10T05:36:38.391+0000] {dag.py:3096} INFO - Sync 2 DAGs
[2024-04-10T05:36:38.402+0000] {logging_mixin.py:188} INFO - [2024-04-10T05:36:38.402+0000] {dag.py:3954} INFO - Setting next_dagrun for example_external_task_marker_child to None, run_after=None
[2024-04-10T05:36:38.405+0000] {logging_mixin.py:188} INFO - [2024-04-10T05:36:38.405+0000] {dag.py:3954} INFO - Setting next_dagrun for example_external_task_marker_parent to None, run_after=None
[2024-04-10T05:36:38.422+0000] {processor.py:183} INFO - Processing /home/airflow/.local/lib/python3.12/site-packages/airflow/example_dags/example_external_task_marker_dag.py took 0.060 seconds
[2024-04-10T05:37:08.759+0000] {processor.py:161} INFO - Started process (PID=6304) to work on /home/airflow/.local/lib/python3.12/site-packages/airflow/example_dags/example_external_task_marker_dag.py
[2024-04-10T05:37:08.760+0000] {processor.py:830} INFO - Processing file /home/airflow/.local/lib/python3.12/site-packages/airflow/example_dags/example_external_task_marker_dag.py for tasks to queue
[2024-04-10T05:37:08.762+0000] {logging_mixin.py:188} INFO - [2024-04-10T05:37:08.761+0000] {dagbag.py:540} INFO - Filling up the DagBag from /home/airflow/.local/lib/python3.12/site-packages/airflow/example_dags/example_external_task_marker_dag.py
[2024-04-10T05:37:08.766+0000] {processor.py:840} INFO - DAG(s) 'example_external_task_marker_parent', 'example_external_task_marker_child' retrieved from /home/airflow/.local/lib/python3.12/site-packages/airflow/example_dags/example_external_task_marker_dag.py
[2024-04-10T05:37:08.785+0000] {logging_mixin.py:188} INFO - [2024-04-10T05:37:08.785+0000] {dag.py:3096} INFO - Sync 2 DAGs
[2024-04-10T05:37:08.796+0000] {logging_mixin.py:188} INFO - [2024-04-10T05:37:08.795+0000] {dag.py:3954} INFO - Setting next_dagrun for example_external_task_marker_child to None, run_after=None
[2024-04-10T05:37:08.799+0000] {logging_mixin.py:188} INFO - [2024-04-10T05:37:08.798+0000] {dag.py:3954} INFO - Setting next_dagrun for example_external_task_marker_parent to None, run_after=None
[2024-04-10T05:37:08.816+0000] {processor.py:183} INFO - Processing /home/airflow/.local/lib/python3.12/site-packages/airflow/example_dags/example_external_task_marker_dag.py took 0.061 seconds
[2024-04-10T05:37:39.477+0000] {processor.py:161} INFO - Started process (PID=6576) to work on /home/airflow/.local/lib/python3.12/site-packages/airflow/example_dags/example_external_task_marker_dag.py
[2024-04-10T05:37:39.478+0000] {processor.py:830} INFO - Processing file /home/airflow/.local/lib/python3.12/site-packages/airflow/example_dags/example_external_task_marker_dag.py for tasks to queue
[2024-04-10T05:37:39.479+0000] {logging_mixin.py:188} INFO - [2024-04-10T05:37:39.479+0000] {dagbag.py:540} INFO - Filling up the DagBag from /home/airflow/.local/lib/python3.12/site-packages/airflow/example_dags/example_external_task_marker_dag.py
[2024-04-10T05:37:39.484+0000] {processor.py:840} INFO - DAG(s) 'example_external_task_marker_parent', 'example_external_task_marker_child' retrieved from /home/airflow/.local/lib/python3.12/site-packages/airflow/example_dags/example_external_task_marker_dag.py
[2024-04-10T05:37:39.503+0000] {logging_mixin.py:188} INFO - [2024-04-10T05:37:39.503+0000] {dag.py:3096} INFO - Sync 2 DAGs
[2024-04-10T05:37:39.513+0000] {logging_mixin.py:188} INFO - [2024-04-10T05:37:39.513+0000] {dag.py:3954} INFO - Setting next_dagrun for example_external_task_marker_child to None, run_after=None
[2024-04-10T05:37:39.516+0000] {logging_mixin.py:188} INFO - [2024-04-10T05:37:39.516+0000] {dag.py:3954} INFO - Setting next_dagrun for example_external_task_marker_parent to None, run_after=None
[2024-04-10T05:37:39.534+0000] {processor.py:183} INFO - Processing /home/airflow/.local/lib/python3.12/site-packages/airflow/example_dags/example_external_task_marker_dag.py took 0.062 seconds
[2024-04-10T05:38:10.081+0000] {processor.py:161} INFO - Started process (PID=6849) to work on /home/airflow/.local/lib/python3.12/site-packages/airflow/example_dags/example_external_task_marker_dag.py
[2024-04-10T05:38:10.082+0000] {processor.py:830} INFO - Processing file /home/airflow/.local/lib/python3.12/site-packages/airflow/example_dags/example_external_task_marker_dag.py for tasks to queue
[2024-04-10T05:38:10.083+0000] {logging_mixin.py:188} INFO - [2024-04-10T05:38:10.083+0000] {dagbag.py:540} INFO - Filling up the DagBag from /home/airflow/.local/lib/python3.12/site-packages/airflow/example_dags/example_external_task_marker_dag.py
[2024-04-10T05:38:10.088+0000] {processor.py:840} INFO - DAG(s) 'example_external_task_marker_child', 'example_external_task_marker_parent' retrieved from /home/airflow/.local/lib/python3.12/site-packages/airflow/example_dags/example_external_task_marker_dag.py
[2024-04-10T05:38:10.107+0000] {logging_mixin.py:188} INFO - [2024-04-10T05:38:10.107+0000] {dag.py:3096} INFO - Sync 2 DAGs
[2024-04-10T05:38:10.118+0000] {logging_mixin.py:188} INFO - [2024-04-10T05:38:10.117+0000] {dag.py:3954} INFO - Setting next_dagrun for example_external_task_marker_child to None, run_after=None
[2024-04-10T05:38:10.121+0000] {logging_mixin.py:188} INFO - [2024-04-10T05:38:10.120+0000] {dag.py:3954} INFO - Setting next_dagrun for example_external_task_marker_parent to None, run_after=None
[2024-04-10T05:38:10.141+0000] {processor.py:183} INFO - Processing /home/airflow/.local/lib/python3.12/site-packages/airflow/example_dags/example_external_task_marker_dag.py took 0.065 seconds
