[2024-04-10T05:25:56.386+0000] {processor.py:161} INFO - Started process (PID=391) to work on /home/airflow/.local/lib/python3.12/site-packages/airflow/example_dags/example_skip_dag.py
[2024-04-10T05:25:56.386+0000] {processor.py:830} INFO - Processing file /home/airflow/.local/lib/python3.12/site-packages/airflow/example_dags/example_skip_dag.py for tasks to queue
[2024-04-10T05:25:56.388+0000] {logging_mixin.py:188} INFO - [2024-04-10T05:25:56.388+0000] {dagbag.py:540} INFO - Filling up the DagBag from /home/airflow/.local/lib/python3.12/site-packages/airflow/example_dags/example_skip_dag.py
[2024-04-10T05:25:56.396+0000] {processor.py:840} INFO - DAG(s) 'example_skip_dag' retrieved from /home/airflow/.local/lib/python3.12/site-packages/airflow/example_dags/example_skip_dag.py
[2024-04-10T05:25:56.437+0000] {logging_mixin.py:188} INFO - [2024-04-10T05:25:56.432+0000] {dag.py:3096} INFO - Sync 1 DAGs
[2024-04-10T05:25:56.486+0000] {logging_mixin.py:188} INFO - [2024-04-10T05:25:56.485+0000] {dag.py:3954} INFO - Setting next_dagrun for example_skip_dag to 2024-04-09 00:00:00+00:00, run_after=2024-04-10 00:00:00+00:00
[2024-04-10T05:25:56.524+0000] {processor.py:183} INFO - Processing /home/airflow/.local/lib/python3.12/site-packages/airflow/example_dags/example_skip_dag.py took 0.145 seconds
[2024-04-10T05:26:27.068+0000] {processor.py:161} INFO - Started process (PID=664) to work on /home/airflow/.local/lib/python3.12/site-packages/airflow/example_dags/example_skip_dag.py
[2024-04-10T05:26:27.069+0000] {processor.py:830} INFO - Processing file /home/airflow/.local/lib/python3.12/site-packages/airflow/example_dags/example_skip_dag.py for tasks to queue
[2024-04-10T05:26:27.071+0000] {logging_mixin.py:188} INFO - [2024-04-10T05:26:27.071+0000] {dagbag.py:540} INFO - Filling up the DagBag from /home/airflow/.local/lib/python3.12/site-packages/airflow/example_dags/example_skip_dag.py
[2024-04-10T05:26:27.079+0000] {processor.py:840} INFO - DAG(s) 'example_skip_dag' retrieved from /home/airflow/.local/lib/python3.12/site-packages/airflow/example_dags/example_skip_dag.py
[2024-04-10T05:26:27.108+0000] {logging_mixin.py:188} INFO - [2024-04-10T05:26:27.108+0000] {dag.py:3096} INFO - Sync 1 DAGs
[2024-04-10T05:26:27.132+0000] {logging_mixin.py:188} INFO - [2024-04-10T05:26:27.132+0000] {dag.py:3954} INFO - Setting next_dagrun for example_skip_dag to 2024-04-09 00:00:00+00:00, run_after=2024-04-10 00:00:00+00:00
[2024-04-10T05:26:27.157+0000] {processor.py:183} INFO - Processing /home/airflow/.local/lib/python3.12/site-packages/airflow/example_dags/example_skip_dag.py took 0.095 seconds
[2024-04-10T05:26:57.445+0000] {processor.py:161} INFO - Started process (PID=936) to work on /home/airflow/.local/lib/python3.12/site-packages/airflow/example_dags/example_skip_dag.py
[2024-04-10T05:26:57.446+0000] {processor.py:830} INFO - Processing file /home/airflow/.local/lib/python3.12/site-packages/airflow/example_dags/example_skip_dag.py for tasks to queue
[2024-04-10T05:26:57.448+0000] {logging_mixin.py:188} INFO - [2024-04-10T05:26:57.448+0000] {dagbag.py:540} INFO - Filling up the DagBag from /home/airflow/.local/lib/python3.12/site-packages/airflow/example_dags/example_skip_dag.py
[2024-04-10T05:26:57.456+0000] {processor.py:840} INFO - DAG(s) 'example_skip_dag' retrieved from /home/airflow/.local/lib/python3.12/site-packages/airflow/example_dags/example_skip_dag.py
[2024-04-10T05:26:57.484+0000] {logging_mixin.py:188} INFO - [2024-04-10T05:26:57.483+0000] {dag.py:3096} INFO - Sync 1 DAGs
[2024-04-10T05:26:57.509+0000] {logging_mixin.py:188} INFO - [2024-04-10T05:26:57.509+0000] {dag.py:3954} INFO - Setting next_dagrun for example_skip_dag to 2024-04-09 00:00:00+00:00, run_after=2024-04-10 00:00:00+00:00
[2024-04-10T05:26:57.532+0000] {processor.py:183} INFO - Processing /home/airflow/.local/lib/python3.12/site-packages/airflow/example_dags/example_skip_dag.py took 0.094 seconds
[2024-04-10T05:27:27.815+0000] {processor.py:161} INFO - Started process (PID=1209) to work on /home/airflow/.local/lib/python3.12/site-packages/airflow/example_dags/example_skip_dag.py
[2024-04-10T05:27:27.816+0000] {processor.py:830} INFO - Processing file /home/airflow/.local/lib/python3.12/site-packages/airflow/example_dags/example_skip_dag.py for tasks to queue
[2024-04-10T05:27:27.818+0000] {logging_mixin.py:188} INFO - [2024-04-10T05:27:27.818+0000] {dagbag.py:540} INFO - Filling up the DagBag from /home/airflow/.local/lib/python3.12/site-packages/airflow/example_dags/example_skip_dag.py
[2024-04-10T05:27:27.825+0000] {processor.py:840} INFO - DAG(s) 'example_skip_dag' retrieved from /home/airflow/.local/lib/python3.12/site-packages/airflow/example_dags/example_skip_dag.py
[2024-04-10T05:27:27.850+0000] {logging_mixin.py:188} INFO - [2024-04-10T05:27:27.850+0000] {dag.py:3096} INFO - Sync 1 DAGs
[2024-04-10T05:27:27.876+0000] {logging_mixin.py:188} INFO - [2024-04-10T05:27:27.876+0000] {dag.py:3954} INFO - Setting next_dagrun for example_skip_dag to 2024-04-09 00:00:00+00:00, run_after=2024-04-10 00:00:00+00:00
[2024-04-10T05:27:27.899+0000] {processor.py:183} INFO - Processing /home/airflow/.local/lib/python3.12/site-packages/airflow/example_dags/example_skip_dag.py took 0.093 seconds
[2024-04-10T05:27:58.281+0000] {processor.py:161} INFO - Started process (PID=1481) to work on /home/airflow/.local/lib/python3.12/site-packages/airflow/example_dags/example_skip_dag.py
[2024-04-10T05:27:58.282+0000] {processor.py:830} INFO - Processing file /home/airflow/.local/lib/python3.12/site-packages/airflow/example_dags/example_skip_dag.py for tasks to queue
[2024-04-10T05:27:58.283+0000] {logging_mixin.py:188} INFO - [2024-04-10T05:27:58.283+0000] {dagbag.py:540} INFO - Filling up the DagBag from /home/airflow/.local/lib/python3.12/site-packages/airflow/example_dags/example_skip_dag.py
[2024-04-10T05:27:58.291+0000] {processor.py:840} INFO - DAG(s) 'example_skip_dag' retrieved from /home/airflow/.local/lib/python3.12/site-packages/airflow/example_dags/example_skip_dag.py
[2024-04-10T05:27:58.313+0000] {logging_mixin.py:188} INFO - [2024-04-10T05:27:58.313+0000] {dag.py:3096} INFO - Sync 1 DAGs
[2024-04-10T05:27:58.338+0000] {logging_mixin.py:188} INFO - [2024-04-10T05:27:58.338+0000] {dag.py:3954} INFO - Setting next_dagrun for example_skip_dag to 2024-04-09 00:00:00+00:00, run_after=2024-04-10 00:00:00+00:00
[2024-04-10T05:27:58.364+0000] {processor.py:183} INFO - Processing /home/airflow/.local/lib/python3.12/site-packages/airflow/example_dags/example_skip_dag.py took 0.090 seconds
[2024-04-10T05:28:28.848+0000] {processor.py:161} INFO - Started process (PID=1754) to work on /home/airflow/.local/lib/python3.12/site-packages/airflow/example_dags/example_skip_dag.py
[2024-04-10T05:28:28.849+0000] {processor.py:830} INFO - Processing file /home/airflow/.local/lib/python3.12/site-packages/airflow/example_dags/example_skip_dag.py for tasks to queue
[2024-04-10T05:28:28.851+0000] {logging_mixin.py:188} INFO - [2024-04-10T05:28:28.851+0000] {dagbag.py:540} INFO - Filling up the DagBag from /home/airflow/.local/lib/python3.12/site-packages/airflow/example_dags/example_skip_dag.py
[2024-04-10T05:28:28.858+0000] {processor.py:840} INFO - DAG(s) 'example_skip_dag' retrieved from /home/airflow/.local/lib/python3.12/site-packages/airflow/example_dags/example_skip_dag.py
[2024-04-10T05:28:28.891+0000] {logging_mixin.py:188} INFO - [2024-04-10T05:28:28.890+0000] {dag.py:3096} INFO - Sync 1 DAGs
[2024-04-10T05:28:28.917+0000] {logging_mixin.py:188} INFO - [2024-04-10T05:28:28.916+0000] {dag.py:3954} INFO - Setting next_dagrun for example_skip_dag to 2024-04-09 00:00:00+00:00, run_after=2024-04-10 00:00:00+00:00
[2024-04-10T05:28:28.940+0000] {processor.py:183} INFO - Processing /home/airflow/.local/lib/python3.12/site-packages/airflow/example_dags/example_skip_dag.py took 0.098 seconds
[2024-04-10T05:28:59.806+0000] {processor.py:161} INFO - Started process (PID=2025) to work on /home/airflow/.local/lib/python3.12/site-packages/airflow/example_dags/example_skip_dag.py
[2024-04-10T05:28:59.807+0000] {processor.py:830} INFO - Processing file /home/airflow/.local/lib/python3.12/site-packages/airflow/example_dags/example_skip_dag.py for tasks to queue
[2024-04-10T05:28:59.809+0000] {logging_mixin.py:188} INFO - [2024-04-10T05:28:59.808+0000] {dagbag.py:540} INFO - Filling up the DagBag from /home/airflow/.local/lib/python3.12/site-packages/airflow/example_dags/example_skip_dag.py
[2024-04-10T05:28:59.817+0000] {processor.py:840} INFO - DAG(s) 'example_skip_dag' retrieved from /home/airflow/.local/lib/python3.12/site-packages/airflow/example_dags/example_skip_dag.py
[2024-04-10T05:28:59.843+0000] {logging_mixin.py:188} INFO - [2024-04-10T05:28:59.843+0000] {dag.py:3096} INFO - Sync 1 DAGs
[2024-04-10T05:28:59.868+0000] {logging_mixin.py:188} INFO - [2024-04-10T05:28:59.867+0000] {dag.py:3954} INFO - Setting next_dagrun for example_skip_dag to 2024-04-09 00:00:00+00:00, run_after=2024-04-10 00:00:00+00:00
[2024-04-10T05:28:59.891+0000] {processor.py:183} INFO - Processing /home/airflow/.local/lib/python3.12/site-packages/airflow/example_dags/example_skip_dag.py took 0.091 seconds
[2024-04-10T05:29:30.161+0000] {processor.py:161} INFO - Started process (PID=2298) to work on /home/airflow/.local/lib/python3.12/site-packages/airflow/example_dags/example_skip_dag.py
[2024-04-10T05:29:30.162+0000] {processor.py:830} INFO - Processing file /home/airflow/.local/lib/python3.12/site-packages/airflow/example_dags/example_skip_dag.py for tasks to queue
[2024-04-10T05:29:30.163+0000] {logging_mixin.py:188} INFO - [2024-04-10T05:29:30.163+0000] {dagbag.py:540} INFO - Filling up the DagBag from /home/airflow/.local/lib/python3.12/site-packages/airflow/example_dags/example_skip_dag.py
[2024-04-10T05:29:30.171+0000] {processor.py:840} INFO - DAG(s) 'example_skip_dag' retrieved from /home/airflow/.local/lib/python3.12/site-packages/airflow/example_dags/example_skip_dag.py
[2024-04-10T05:29:30.196+0000] {logging_mixin.py:188} INFO - [2024-04-10T05:29:30.196+0000] {dag.py:3096} INFO - Sync 1 DAGs
[2024-04-10T05:29:30.224+0000] {logging_mixin.py:188} INFO - [2024-04-10T05:29:30.223+0000] {dag.py:3954} INFO - Setting next_dagrun for example_skip_dag to 2024-04-09 00:00:00+00:00, run_after=2024-04-10 00:00:00+00:00
[2024-04-10T05:29:30.247+0000] {processor.py:183} INFO - Processing /home/airflow/.local/lib/python3.12/site-packages/airflow/example_dags/example_skip_dag.py took 0.093 seconds
[2024-04-10T05:30:00.747+0000] {processor.py:161} INFO - Started process (PID=2570) to work on /home/airflow/.local/lib/python3.12/site-packages/airflow/example_dags/example_skip_dag.py
[2024-04-10T05:30:00.748+0000] {processor.py:830} INFO - Processing file /home/airflow/.local/lib/python3.12/site-packages/airflow/example_dags/example_skip_dag.py for tasks to queue
[2024-04-10T05:30:00.750+0000] {logging_mixin.py:188} INFO - [2024-04-10T05:30:00.750+0000] {dagbag.py:540} INFO - Filling up the DagBag from /home/airflow/.local/lib/python3.12/site-packages/airflow/example_dags/example_skip_dag.py
[2024-04-10T05:30:00.757+0000] {processor.py:840} INFO - DAG(s) 'example_skip_dag' retrieved from /home/airflow/.local/lib/python3.12/site-packages/airflow/example_dags/example_skip_dag.py
[2024-04-10T05:30:00.782+0000] {logging_mixin.py:188} INFO - [2024-04-10T05:30:00.782+0000] {dag.py:3096} INFO - Sync 1 DAGs
[2024-04-10T05:30:00.810+0000] {logging_mixin.py:188} INFO - [2024-04-10T05:30:00.810+0000] {dag.py:3954} INFO - Setting next_dagrun for example_skip_dag to 2024-04-09 00:00:00+00:00, run_after=2024-04-10 00:00:00+00:00
[2024-04-10T05:30:00.835+0000] {processor.py:183} INFO - Processing /home/airflow/.local/lib/python3.12/site-packages/airflow/example_dags/example_skip_dag.py took 0.098 seconds
[2024-04-10T05:30:31.651+0000] {processor.py:161} INFO - Started process (PID=2842) to work on /home/airflow/.local/lib/python3.12/site-packages/airflow/example_dags/example_skip_dag.py
[2024-04-10T05:30:31.651+0000] {processor.py:830} INFO - Processing file /home/airflow/.local/lib/python3.12/site-packages/airflow/example_dags/example_skip_dag.py for tasks to queue
[2024-04-10T05:30:31.653+0000] {logging_mixin.py:188} INFO - [2024-04-10T05:30:31.653+0000] {dagbag.py:540} INFO - Filling up the DagBag from /home/airflow/.local/lib/python3.12/site-packages/airflow/example_dags/example_skip_dag.py
[2024-04-10T05:30:31.660+0000] {processor.py:840} INFO - DAG(s) 'example_skip_dag' retrieved from /home/airflow/.local/lib/python3.12/site-packages/airflow/example_dags/example_skip_dag.py
[2024-04-10T05:30:31.685+0000] {logging_mixin.py:188} INFO - [2024-04-10T05:30:31.685+0000] {dag.py:3096} INFO - Sync 1 DAGs
[2024-04-10T05:30:31.713+0000] {logging_mixin.py:188} INFO - [2024-04-10T05:30:31.713+0000] {dag.py:3954} INFO - Setting next_dagrun for example_skip_dag to 2024-04-09 00:00:00+00:00, run_after=2024-04-10 00:00:00+00:00
[2024-04-10T05:30:31.746+0000] {processor.py:183} INFO - Processing /home/airflow/.local/lib/python3.12/site-packages/airflow/example_dags/example_skip_dag.py took 0.102 seconds
[2024-04-10T05:31:02.028+0000] {processor.py:161} INFO - Started process (PID=3114) to work on /home/airflow/.local/lib/python3.12/site-packages/airflow/example_dags/example_skip_dag.py
[2024-04-10T05:31:02.030+0000] {processor.py:830} INFO - Processing file /home/airflow/.local/lib/python3.12/site-packages/airflow/example_dags/example_skip_dag.py for tasks to queue
[2024-04-10T05:31:02.032+0000] {logging_mixin.py:188} INFO - [2024-04-10T05:31:02.031+0000] {dagbag.py:540} INFO - Filling up the DagBag from /home/airflow/.local/lib/python3.12/site-packages/airflow/example_dags/example_skip_dag.py
[2024-04-10T05:31:02.039+0000] {processor.py:840} INFO - DAG(s) 'example_skip_dag' retrieved from /home/airflow/.local/lib/python3.12/site-packages/airflow/example_dags/example_skip_dag.py
[2024-04-10T05:31:02.085+0000] {logging_mixin.py:188} INFO - [2024-04-10T05:31:02.085+0000] {dag.py:3096} INFO - Sync 1 DAGs
[2024-04-10T05:31:02.127+0000] {logging_mixin.py:188} INFO - [2024-04-10T05:31:02.127+0000] {dag.py:3954} INFO - Setting next_dagrun for example_skip_dag to 2024-04-09 00:00:00+00:00, run_after=2024-04-10 00:00:00+00:00
[2024-04-10T05:31:02.166+0000] {processor.py:183} INFO - Processing /home/airflow/.local/lib/python3.12/site-packages/airflow/example_dags/example_skip_dag.py took 0.146 seconds
[2024-04-10T05:31:33.186+0000] {processor.py:161} INFO - Started process (PID=3386) to work on /home/airflow/.local/lib/python3.12/site-packages/airflow/example_dags/example_skip_dag.py
[2024-04-10T05:31:33.187+0000] {processor.py:830} INFO - Processing file /home/airflow/.local/lib/python3.12/site-packages/airflow/example_dags/example_skip_dag.py for tasks to queue
[2024-04-10T05:31:33.189+0000] {logging_mixin.py:188} INFO - [2024-04-10T05:31:33.189+0000] {dagbag.py:540} INFO - Filling up the DagBag from /home/airflow/.local/lib/python3.12/site-packages/airflow/example_dags/example_skip_dag.py
[2024-04-10T05:31:33.196+0000] {processor.py:840} INFO - DAG(s) 'example_skip_dag' retrieved from /home/airflow/.local/lib/python3.12/site-packages/airflow/example_dags/example_skip_dag.py
[2024-04-10T05:31:33.221+0000] {logging_mixin.py:188} INFO - [2024-04-10T05:31:33.221+0000] {dag.py:3096} INFO - Sync 1 DAGs
[2024-04-10T05:31:33.249+0000] {logging_mixin.py:188} INFO - [2024-04-10T05:31:33.249+0000] {dag.py:3954} INFO - Setting next_dagrun for example_skip_dag to 2024-04-09 00:00:00+00:00, run_after=2024-04-10 00:00:00+00:00
[2024-04-10T05:31:33.272+0000] {processor.py:183} INFO - Processing /home/airflow/.local/lib/python3.12/site-packages/airflow/example_dags/example_skip_dag.py took 0.093 seconds
[2024-04-10T05:32:03.723+0000] {processor.py:161} INFO - Started process (PID=3659) to work on /home/airflow/.local/lib/python3.12/site-packages/airflow/example_dags/example_skip_dag.py
[2024-04-10T05:32:03.725+0000] {processor.py:830} INFO - Processing file /home/airflow/.local/lib/python3.12/site-packages/airflow/example_dags/example_skip_dag.py for tasks to queue
[2024-04-10T05:32:03.727+0000] {logging_mixin.py:188} INFO - [2024-04-10T05:32:03.726+0000] {dagbag.py:540} INFO - Filling up the DagBag from /home/airflow/.local/lib/python3.12/site-packages/airflow/example_dags/example_skip_dag.py
[2024-04-10T05:32:03.734+0000] {processor.py:840} INFO - DAG(s) 'example_skip_dag' retrieved from /home/airflow/.local/lib/python3.12/site-packages/airflow/example_dags/example_skip_dag.py
[2024-04-10T05:32:03.760+0000] {logging_mixin.py:188} INFO - [2024-04-10T05:32:03.759+0000] {dag.py:3096} INFO - Sync 1 DAGs
[2024-04-10T05:32:03.791+0000] {logging_mixin.py:188} INFO - [2024-04-10T05:32:03.791+0000] {dag.py:3954} INFO - Setting next_dagrun for example_skip_dag to 2024-04-09 00:00:00+00:00, run_after=2024-04-10 00:00:00+00:00
[2024-04-10T05:32:03.852+0000] {processor.py:183} INFO - Processing /home/airflow/.local/lib/python3.12/site-packages/airflow/example_dags/example_skip_dag.py took 0.136 seconds
[2024-04-10T05:32:34.377+0000] {processor.py:161} INFO - Started process (PID=3931) to work on /home/airflow/.local/lib/python3.12/site-packages/airflow/example_dags/example_skip_dag.py
[2024-04-10T05:32:34.378+0000] {processor.py:830} INFO - Processing file /home/airflow/.local/lib/python3.12/site-packages/airflow/example_dags/example_skip_dag.py for tasks to queue
[2024-04-10T05:32:34.380+0000] {logging_mixin.py:188} INFO - [2024-04-10T05:32:34.379+0000] {dagbag.py:540} INFO - Filling up the DagBag from /home/airflow/.local/lib/python3.12/site-packages/airflow/example_dags/example_skip_dag.py
[2024-04-10T05:32:34.387+0000] {processor.py:840} INFO - DAG(s) 'example_skip_dag' retrieved from /home/airflow/.local/lib/python3.12/site-packages/airflow/example_dags/example_skip_dag.py
[2024-04-10T05:32:34.432+0000] {logging_mixin.py:188} INFO - [2024-04-10T05:32:34.432+0000] {dag.py:3096} INFO - Sync 1 DAGs
[2024-04-10T05:32:34.458+0000] {logging_mixin.py:188} INFO - [2024-04-10T05:32:34.458+0000] {dag.py:3954} INFO - Setting next_dagrun for example_skip_dag to 2024-04-09 00:00:00+00:00, run_after=2024-04-10 00:00:00+00:00
[2024-04-10T05:32:34.483+0000] {processor.py:183} INFO - Processing /home/airflow/.local/lib/python3.12/site-packages/airflow/example_dags/example_skip_dag.py took 0.113 seconds
[2024-04-10T05:33:05.709+0000] {processor.py:161} INFO - Started process (PID=4203) to work on /home/airflow/.local/lib/python3.12/site-packages/airflow/example_dags/example_skip_dag.py
[2024-04-10T05:33:05.710+0000] {processor.py:830} INFO - Processing file /home/airflow/.local/lib/python3.12/site-packages/airflow/example_dags/example_skip_dag.py for tasks to queue
[2024-04-10T05:33:05.712+0000] {logging_mixin.py:188} INFO - [2024-04-10T05:33:05.712+0000] {dagbag.py:540} INFO - Filling up the DagBag from /home/airflow/.local/lib/python3.12/site-packages/airflow/example_dags/example_skip_dag.py
[2024-04-10T05:33:05.719+0000] {processor.py:840} INFO - DAG(s) 'example_skip_dag' retrieved from /home/airflow/.local/lib/python3.12/site-packages/airflow/example_dags/example_skip_dag.py
[2024-04-10T05:33:05.759+0000] {logging_mixin.py:188} INFO - [2024-04-10T05:33:05.758+0000] {dag.py:3096} INFO - Sync 1 DAGs
[2024-04-10T05:33:05.811+0000] {logging_mixin.py:188} INFO - [2024-04-10T05:33:05.810+0000] {dag.py:3954} INFO - Setting next_dagrun for example_skip_dag to 2024-04-09 00:00:00+00:00, run_after=2024-04-10 00:00:00+00:00
[2024-04-10T05:33:05.870+0000] {processor.py:183} INFO - Processing /home/airflow/.local/lib/python3.12/site-packages/airflow/example_dags/example_skip_dag.py took 0.169 seconds
[2024-04-10T05:33:36.201+0000] {processor.py:161} INFO - Started process (PID=4483) to work on /home/airflow/.local/lib/python3.12/site-packages/airflow/example_dags/example_skip_dag.py
[2024-04-10T05:33:36.202+0000] {processor.py:830} INFO - Processing file /home/airflow/.local/lib/python3.12/site-packages/airflow/example_dags/example_skip_dag.py for tasks to queue
[2024-04-10T05:33:36.206+0000] {logging_mixin.py:188} INFO - [2024-04-10T05:33:36.206+0000] {dagbag.py:540} INFO - Filling up the DagBag from /home/airflow/.local/lib/python3.12/site-packages/airflow/example_dags/example_skip_dag.py
[2024-04-10T05:33:36.230+0000] {processor.py:840} INFO - DAG(s) 'example_skip_dag' retrieved from /home/airflow/.local/lib/python3.12/site-packages/airflow/example_dags/example_skip_dag.py
[2024-04-10T05:33:36.272+0000] {logging_mixin.py:188} INFO - [2024-04-10T05:33:36.272+0000] {dag.py:3096} INFO - Sync 1 DAGs
[2024-04-10T05:33:36.301+0000] {logging_mixin.py:188} INFO - [2024-04-10T05:33:36.301+0000] {dag.py:3954} INFO - Setting next_dagrun for example_skip_dag to 2024-04-09 00:00:00+00:00, run_after=2024-04-10 00:00:00+00:00
[2024-04-10T05:33:36.325+0000] {processor.py:183} INFO - Processing /home/airflow/.local/lib/python3.12/site-packages/airflow/example_dags/example_skip_dag.py took 0.149 seconds
[2024-04-10T05:34:07.507+0000] {processor.py:161} INFO - Started process (PID=4754) to work on /home/airflow/.local/lib/python3.12/site-packages/airflow/example_dags/example_skip_dag.py
[2024-04-10T05:34:07.508+0000] {processor.py:830} INFO - Processing file /home/airflow/.local/lib/python3.12/site-packages/airflow/example_dags/example_skip_dag.py for tasks to queue
[2024-04-10T05:34:07.510+0000] {logging_mixin.py:188} INFO - [2024-04-10T05:34:07.510+0000] {dagbag.py:540} INFO - Filling up the DagBag from /home/airflow/.local/lib/python3.12/site-packages/airflow/example_dags/example_skip_dag.py
[2024-04-10T05:34:07.522+0000] {processor.py:840} INFO - DAG(s) 'example_skip_dag' retrieved from /home/airflow/.local/lib/python3.12/site-packages/airflow/example_dags/example_skip_dag.py
[2024-04-10T05:34:07.547+0000] {logging_mixin.py:188} INFO - [2024-04-10T05:34:07.547+0000] {dag.py:3096} INFO - Sync 1 DAGs
[2024-04-10T05:34:07.574+0000] {logging_mixin.py:188} INFO - [2024-04-10T05:34:07.574+0000] {dag.py:3954} INFO - Setting next_dagrun for example_skip_dag to 2024-04-09 00:00:00+00:00, run_after=2024-04-10 00:00:00+00:00
[2024-04-10T05:34:07.611+0000] {processor.py:183} INFO - Processing /home/airflow/.local/lib/python3.12/site-packages/airflow/example_dags/example_skip_dag.py took 0.111 seconds
[2024-04-10T05:34:38.067+0000] {processor.py:161} INFO - Started process (PID=5024) to work on /home/airflow/.local/lib/python3.12/site-packages/airflow/example_dags/example_skip_dag.py
[2024-04-10T05:34:38.069+0000] {processor.py:830} INFO - Processing file /home/airflow/.local/lib/python3.12/site-packages/airflow/example_dags/example_skip_dag.py for tasks to queue
[2024-04-10T05:34:38.071+0000] {logging_mixin.py:188} INFO - [2024-04-10T05:34:38.070+0000] {dagbag.py:540} INFO - Filling up the DagBag from /home/airflow/.local/lib/python3.12/site-packages/airflow/example_dags/example_skip_dag.py
[2024-04-10T05:34:38.078+0000] {processor.py:840} INFO - DAG(s) 'example_skip_dag' retrieved from /home/airflow/.local/lib/python3.12/site-packages/airflow/example_dags/example_skip_dag.py
[2024-04-10T05:34:38.104+0000] {logging_mixin.py:188} INFO - [2024-04-10T05:34:38.104+0000] {dag.py:3096} INFO - Sync 1 DAGs
[2024-04-10T05:34:38.130+0000] {logging_mixin.py:188} INFO - [2024-04-10T05:34:38.130+0000] {dag.py:3954} INFO - Setting next_dagrun for example_skip_dag to 2024-04-09 00:00:00+00:00, run_after=2024-04-10 00:00:00+00:00
[2024-04-10T05:34:38.154+0000] {processor.py:183} INFO - Processing /home/airflow/.local/lib/python3.12/site-packages/airflow/example_dags/example_skip_dag.py took 0.093 seconds
[2024-04-10T05:35:09.293+0000] {processor.py:161} INFO - Started process (PID=5297) to work on /home/airflow/.local/lib/python3.12/site-packages/airflow/example_dags/example_skip_dag.py
[2024-04-10T05:35:09.294+0000] {processor.py:830} INFO - Processing file /home/airflow/.local/lib/python3.12/site-packages/airflow/example_dags/example_skip_dag.py for tasks to queue
[2024-04-10T05:35:09.295+0000] {logging_mixin.py:188} INFO - [2024-04-10T05:35:09.295+0000] {dagbag.py:540} INFO - Filling up the DagBag from /home/airflow/.local/lib/python3.12/site-packages/airflow/example_dags/example_skip_dag.py
[2024-04-10T05:35:09.305+0000] {processor.py:840} INFO - DAG(s) 'example_skip_dag' retrieved from /home/airflow/.local/lib/python3.12/site-packages/airflow/example_dags/example_skip_dag.py
[2024-04-10T05:35:09.331+0000] {logging_mixin.py:188} INFO - [2024-04-10T05:35:09.331+0000] {dag.py:3096} INFO - Sync 1 DAGs
[2024-04-10T05:35:09.355+0000] {logging_mixin.py:188} INFO - [2024-04-10T05:35:09.355+0000] {dag.py:3954} INFO - Setting next_dagrun for example_skip_dag to 2024-04-09 00:00:00+00:00, run_after=2024-04-10 00:00:00+00:00
[2024-04-10T05:35:09.380+0000] {processor.py:183} INFO - Processing /home/airflow/.local/lib/python3.12/site-packages/airflow/example_dags/example_skip_dag.py took 0.094 seconds
[2024-04-10T05:35:39.937+0000] {processor.py:161} INFO - Started process (PID=5570) to work on /home/airflow/.local/lib/python3.12/site-packages/airflow/example_dags/example_skip_dag.py
[2024-04-10T05:35:39.938+0000] {processor.py:830} INFO - Processing file /home/airflow/.local/lib/python3.12/site-packages/airflow/example_dags/example_skip_dag.py for tasks to queue
[2024-04-10T05:35:39.940+0000] {logging_mixin.py:188} INFO - [2024-04-10T05:35:39.940+0000] {dagbag.py:540} INFO - Filling up the DagBag from /home/airflow/.local/lib/python3.12/site-packages/airflow/example_dags/example_skip_dag.py
[2024-04-10T05:35:39.948+0000] {processor.py:840} INFO - DAG(s) 'example_skip_dag' retrieved from /home/airflow/.local/lib/python3.12/site-packages/airflow/example_dags/example_skip_dag.py
[2024-04-10T05:35:39.974+0000] {logging_mixin.py:188} INFO - [2024-04-10T05:35:39.973+0000] {dag.py:3096} INFO - Sync 1 DAGs
[2024-04-10T05:35:40.000+0000] {logging_mixin.py:188} INFO - [2024-04-10T05:35:40.000+0000] {dag.py:3954} INFO - Setting next_dagrun for example_skip_dag to 2024-04-09 00:00:00+00:00, run_after=2024-04-10 00:00:00+00:00
[2024-04-10T05:35:40.029+0000] {processor.py:183} INFO - Processing /home/airflow/.local/lib/python3.12/site-packages/airflow/example_dags/example_skip_dag.py took 0.099 seconds
[2024-04-10T05:36:11.717+0000] {processor.py:161} INFO - Started process (PID=5842) to work on /home/airflow/.local/lib/python3.12/site-packages/airflow/example_dags/example_skip_dag.py
[2024-04-10T05:36:11.718+0000] {processor.py:830} INFO - Processing file /home/airflow/.local/lib/python3.12/site-packages/airflow/example_dags/example_skip_dag.py for tasks to queue
[2024-04-10T05:36:11.720+0000] {logging_mixin.py:188} INFO - [2024-04-10T05:36:11.720+0000] {dagbag.py:540} INFO - Filling up the DagBag from /home/airflow/.local/lib/python3.12/site-packages/airflow/example_dags/example_skip_dag.py
[2024-04-10T05:36:11.727+0000] {processor.py:840} INFO - DAG(s) 'example_skip_dag' retrieved from /home/airflow/.local/lib/python3.12/site-packages/airflow/example_dags/example_skip_dag.py
[2024-04-10T05:36:11.751+0000] {logging_mixin.py:188} INFO - [2024-04-10T05:36:11.751+0000] {dag.py:3096} INFO - Sync 1 DAGs
[2024-04-10T05:36:11.776+0000] {logging_mixin.py:188} INFO - [2024-04-10T05:36:11.776+0000] {dag.py:3954} INFO - Setting next_dagrun for example_skip_dag to 2024-04-09 00:00:00+00:00, run_after=2024-04-10 00:00:00+00:00
[2024-04-10T05:36:11.805+0000] {processor.py:183} INFO - Processing /home/airflow/.local/lib/python3.12/site-packages/airflow/example_dags/example_skip_dag.py took 0.094 seconds
[2024-04-10T05:36:42.606+0000] {processor.py:161} INFO - Started process (PID=6115) to work on /home/airflow/.local/lib/python3.12/site-packages/airflow/example_dags/example_skip_dag.py
[2024-04-10T05:36:42.607+0000] {processor.py:830} INFO - Processing file /home/airflow/.local/lib/python3.12/site-packages/airflow/example_dags/example_skip_dag.py for tasks to queue
[2024-04-10T05:36:42.609+0000] {logging_mixin.py:188} INFO - [2024-04-10T05:36:42.608+0000] {dagbag.py:540} INFO - Filling up the DagBag from /home/airflow/.local/lib/python3.12/site-packages/airflow/example_dags/example_skip_dag.py
[2024-04-10T05:36:42.615+0000] {processor.py:840} INFO - DAG(s) 'example_skip_dag' retrieved from /home/airflow/.local/lib/python3.12/site-packages/airflow/example_dags/example_skip_dag.py
[2024-04-10T05:36:42.641+0000] {logging_mixin.py:188} INFO - [2024-04-10T05:36:42.640+0000] {dag.py:3096} INFO - Sync 1 DAGs
[2024-04-10T05:36:42.842+0000] {logging_mixin.py:188} INFO - [2024-04-10T05:36:42.842+0000] {dag.py:3954} INFO - Setting next_dagrun for example_skip_dag to 2024-04-09 00:00:00+00:00, run_after=2024-04-10 00:00:00+00:00
[2024-04-10T05:36:42.865+0000] {processor.py:183} INFO - Processing /home/airflow/.local/lib/python3.12/site-packages/airflow/example_dags/example_skip_dag.py took 0.266 seconds
[2024-04-10T05:37:13.149+0000] {processor.py:161} INFO - Started process (PID=6392) to work on /home/airflow/.local/lib/python3.12/site-packages/airflow/example_dags/example_skip_dag.py
[2024-04-10T05:37:13.150+0000] {processor.py:830} INFO - Processing file /home/airflow/.local/lib/python3.12/site-packages/airflow/example_dags/example_skip_dag.py for tasks to queue
[2024-04-10T05:37:13.151+0000] {logging_mixin.py:188} INFO - [2024-04-10T05:37:13.151+0000] {dagbag.py:540} INFO - Filling up the DagBag from /home/airflow/.local/lib/python3.12/site-packages/airflow/example_dags/example_skip_dag.py
[2024-04-10T05:37:13.158+0000] {processor.py:840} INFO - DAG(s) 'example_skip_dag' retrieved from /home/airflow/.local/lib/python3.12/site-packages/airflow/example_dags/example_skip_dag.py
[2024-04-10T05:37:13.185+0000] {logging_mixin.py:188} INFO - [2024-04-10T05:37:13.184+0000] {dag.py:3096} INFO - Sync 1 DAGs
[2024-04-10T05:37:13.355+0000] {logging_mixin.py:188} INFO - [2024-04-10T05:37:13.355+0000] {dag.py:3954} INFO - Setting next_dagrun for example_skip_dag to 2024-04-09 00:00:00+00:00, run_after=2024-04-10 00:00:00+00:00
[2024-04-10T05:37:13.374+0000] {processor.py:183} INFO - Processing /home/airflow/.local/lib/python3.12/site-packages/airflow/example_dags/example_skip_dag.py took 0.232 seconds
[2024-04-10T05:37:44.177+0000] {processor.py:161} INFO - Started process (PID=6659) to work on /home/airflow/.local/lib/python3.12/site-packages/airflow/example_dags/example_skip_dag.py
[2024-04-10T05:37:44.178+0000] {processor.py:830} INFO - Processing file /home/airflow/.local/lib/python3.12/site-packages/airflow/example_dags/example_skip_dag.py for tasks to queue
[2024-04-10T05:37:44.179+0000] {logging_mixin.py:188} INFO - [2024-04-10T05:37:44.179+0000] {dagbag.py:540} INFO - Filling up the DagBag from /home/airflow/.local/lib/python3.12/site-packages/airflow/example_dags/example_skip_dag.py
[2024-04-10T05:37:44.187+0000] {processor.py:840} INFO - DAG(s) 'example_skip_dag' retrieved from /home/airflow/.local/lib/python3.12/site-packages/airflow/example_dags/example_skip_dag.py
[2024-04-10T05:37:44.225+0000] {logging_mixin.py:188} INFO - [2024-04-10T05:37:44.224+0000] {dag.py:3096} INFO - Sync 1 DAGs
[2024-04-10T05:37:44.252+0000] {logging_mixin.py:188} INFO - [2024-04-10T05:37:44.252+0000] {dag.py:3954} INFO - Setting next_dagrun for example_skip_dag to 2024-04-09 00:00:00+00:00, run_after=2024-04-10 00:00:00+00:00
[2024-04-10T05:37:44.427+0000] {processor.py:183} INFO - Processing /home/airflow/.local/lib/python3.12/site-packages/airflow/example_dags/example_skip_dag.py took 0.256 seconds
[2024-04-10T05:38:15.282+0000] {processor.py:161} INFO - Started process (PID=6932) to work on /home/airflow/.local/lib/python3.12/site-packages/airflow/example_dags/example_skip_dag.py
[2024-04-10T05:38:15.283+0000] {processor.py:830} INFO - Processing file /home/airflow/.local/lib/python3.12/site-packages/airflow/example_dags/example_skip_dag.py for tasks to queue
[2024-04-10T05:38:15.285+0000] {logging_mixin.py:188} INFO - [2024-04-10T05:38:15.284+0000] {dagbag.py:540} INFO - Filling up the DagBag from /home/airflow/.local/lib/python3.12/site-packages/airflow/example_dags/example_skip_dag.py
[2024-04-10T05:38:15.293+0000] {processor.py:840} INFO - DAG(s) 'example_skip_dag' retrieved from /home/airflow/.local/lib/python3.12/site-packages/airflow/example_dags/example_skip_dag.py
[2024-04-10T05:38:15.318+0000] {logging_mixin.py:188} INFO - [2024-04-10T05:38:15.317+0000] {dag.py:3096} INFO - Sync 1 DAGs
[2024-04-10T05:38:15.344+0000] {logging_mixin.py:188} INFO - [2024-04-10T05:38:15.344+0000] {dag.py:3954} INFO - Setting next_dagrun for example_skip_dag to 2024-04-09 00:00:00+00:00, run_after=2024-04-10 00:00:00+00:00
[2024-04-10T05:38:15.372+0000] {processor.py:183} INFO - Processing /home/airflow/.local/lib/python3.12/site-packages/airflow/example_dags/example_skip_dag.py took 0.096 seconds
