[2024-04-10T05:25:50.688+0000] {processor.py:161} INFO - Started process (PID=211) to work on /home/airflow/.local/lib/python3.12/site-packages/airflow/example_dags/example_task_group.py
[2024-04-10T05:25:50.689+0000] {processor.py:830} INFO - Processing file /home/airflow/.local/lib/python3.12/site-packages/airflow/example_dags/example_task_group.py for tasks to queue
[2024-04-10T05:25:50.692+0000] {logging_mixin.py:188} INFO - [2024-04-10T05:25:50.692+0000] {dagbag.py:540} INFO - Filling up the DagBag from /home/airflow/.local/lib/python3.12/site-packages/airflow/example_dags/example_task_group.py
[2024-04-10T05:25:50.704+0000] {processor.py:840} INFO - DAG(s) 'example_task_group' retrieved from /home/airflow/.local/lib/python3.12/site-packages/airflow/example_dags/example_task_group.py
[2024-04-10T05:25:50.739+0000] {logging_mixin.py:188} INFO - [2024-04-10T05:25:50.739+0000] {dag.py:3096} INFO - Sync 1 DAGs
[2024-04-10T05:25:50.787+0000] {logging_mixin.py:188} INFO - [2024-04-10T05:25:50.787+0000] {dag.py:3954} INFO - Setting next_dagrun for example_task_group to 2024-04-09 00:00:00+00:00, run_after=2024-04-10 00:00:00+00:00
[2024-04-10T05:25:50.823+0000] {processor.py:183} INFO - Processing /home/airflow/.local/lib/python3.12/site-packages/airflow/example_dags/example_task_group.py took 0.142 seconds
[2024-04-10T05:26:21.209+0000] {processor.py:161} INFO - Started process (PID=484) to work on /home/airflow/.local/lib/python3.12/site-packages/airflow/example_dags/example_task_group.py
[2024-04-10T05:26:21.210+0000] {processor.py:830} INFO - Processing file /home/airflow/.local/lib/python3.12/site-packages/airflow/example_dags/example_task_group.py for tasks to queue
[2024-04-10T05:26:21.212+0000] {logging_mixin.py:188} INFO - [2024-04-10T05:26:21.211+0000] {dagbag.py:540} INFO - Filling up the DagBag from /home/airflow/.local/lib/python3.12/site-packages/airflow/example_dags/example_task_group.py
[2024-04-10T05:26:21.220+0000] {processor.py:840} INFO - DAG(s) 'example_task_group' retrieved from /home/airflow/.local/lib/python3.12/site-packages/airflow/example_dags/example_task_group.py
[2024-04-10T05:26:21.252+0000] {logging_mixin.py:188} INFO - [2024-04-10T05:26:21.252+0000] {dag.py:3096} INFO - Sync 1 DAGs
[2024-04-10T05:26:21.278+0000] {logging_mixin.py:188} INFO - [2024-04-10T05:26:21.278+0000] {dag.py:3954} INFO - Setting next_dagrun for example_task_group to 2024-04-09 00:00:00+00:00, run_after=2024-04-10 00:00:00+00:00
[2024-04-10T05:26:21.303+0000] {processor.py:183} INFO - Processing /home/airflow/.local/lib/python3.12/site-packages/airflow/example_dags/example_task_group.py took 0.101 seconds
[2024-04-10T05:26:51.486+0000] {processor.py:161} INFO - Started process (PID=754) to work on /home/airflow/.local/lib/python3.12/site-packages/airflow/example_dags/example_task_group.py
[2024-04-10T05:26:51.493+0000] {processor.py:830} INFO - Processing file /home/airflow/.local/lib/python3.12/site-packages/airflow/example_dags/example_task_group.py for tasks to queue
[2024-04-10T05:26:51.495+0000] {logging_mixin.py:188} INFO - [2024-04-10T05:26:51.494+0000] {dagbag.py:540} INFO - Filling up the DagBag from /home/airflow/.local/lib/python3.12/site-packages/airflow/example_dags/example_task_group.py
[2024-04-10T05:26:51.516+0000] {processor.py:840} INFO - DAG(s) 'example_task_group' retrieved from /home/airflow/.local/lib/python3.12/site-packages/airflow/example_dags/example_task_group.py
[2024-04-10T05:26:51.567+0000] {logging_mixin.py:188} INFO - [2024-04-10T05:26:51.566+0000] {dag.py:3096} INFO - Sync 1 DAGs
[2024-04-10T05:26:51.637+0000] {logging_mixin.py:188} INFO - [2024-04-10T05:26:51.637+0000] {dag.py:3954} INFO - Setting next_dagrun for example_task_group to 2024-04-09 00:00:00+00:00, run_after=2024-04-10 00:00:00+00:00
[2024-04-10T05:26:51.698+0000] {processor.py:183} INFO - Processing /home/airflow/.local/lib/python3.12/site-packages/airflow/example_dags/example_task_group.py took 0.219 seconds
[2024-04-10T05:27:21.786+0000] {processor.py:161} INFO - Started process (PID=1024) to work on /home/airflow/.local/lib/python3.12/site-packages/airflow/example_dags/example_task_group.py
[2024-04-10T05:27:21.787+0000] {processor.py:830} INFO - Processing file /home/airflow/.local/lib/python3.12/site-packages/airflow/example_dags/example_task_group.py for tasks to queue
[2024-04-10T05:27:21.789+0000] {logging_mixin.py:188} INFO - [2024-04-10T05:27:21.788+0000] {dagbag.py:540} INFO - Filling up the DagBag from /home/airflow/.local/lib/python3.12/site-packages/airflow/example_dags/example_task_group.py
[2024-04-10T05:27:21.797+0000] {processor.py:840} INFO - DAG(s) 'example_task_group' retrieved from /home/airflow/.local/lib/python3.12/site-packages/airflow/example_dags/example_task_group.py
[2024-04-10T05:27:21.814+0000] {logging_mixin.py:188} INFO - [2024-04-10T05:27:21.814+0000] {dag.py:3096} INFO - Sync 1 DAGs
[2024-04-10T05:27:21.833+0000] {logging_mixin.py:188} INFO - [2024-04-10T05:27:21.832+0000] {dag.py:3954} INFO - Setting next_dagrun for example_task_group to 2024-04-09 00:00:00+00:00, run_after=2024-04-10 00:00:00+00:00
[2024-04-10T05:27:21.851+0000] {processor.py:183} INFO - Processing /home/airflow/.local/lib/python3.12/site-packages/airflow/example_dags/example_task_group.py took 0.071 seconds
[2024-04-10T05:27:52.125+0000] {processor.py:161} INFO - Started process (PID=1296) to work on /home/airflow/.local/lib/python3.12/site-packages/airflow/example_dags/example_task_group.py
[2024-04-10T05:27:52.126+0000] {processor.py:830} INFO - Processing file /home/airflow/.local/lib/python3.12/site-packages/airflow/example_dags/example_task_group.py for tasks to queue
[2024-04-10T05:27:52.128+0000] {logging_mixin.py:188} INFO - [2024-04-10T05:27:52.128+0000] {dagbag.py:540} INFO - Filling up the DagBag from /home/airflow/.local/lib/python3.12/site-packages/airflow/example_dags/example_task_group.py
[2024-04-10T05:27:52.140+0000] {processor.py:840} INFO - DAG(s) 'example_task_group' retrieved from /home/airflow/.local/lib/python3.12/site-packages/airflow/example_dags/example_task_group.py
[2024-04-10T05:27:52.186+0000] {logging_mixin.py:188} INFO - [2024-04-10T05:27:52.185+0000] {dag.py:3096} INFO - Sync 1 DAGs
[2024-04-10T05:27:52.214+0000] {logging_mixin.py:188} INFO - [2024-04-10T05:27:52.214+0000] {dag.py:3954} INFO - Setting next_dagrun for example_task_group to 2024-04-09 00:00:00+00:00, run_after=2024-04-10 00:00:00+00:00
[2024-04-10T05:27:52.241+0000] {processor.py:183} INFO - Processing /home/airflow/.local/lib/python3.12/site-packages/airflow/example_dags/example_task_group.py took 0.130 seconds
[2024-04-10T05:28:22.682+0000] {processor.py:161} INFO - Started process (PID=1569) to work on /home/airflow/.local/lib/python3.12/site-packages/airflow/example_dags/example_task_group.py
[2024-04-10T05:28:22.683+0000] {processor.py:830} INFO - Processing file /home/airflow/.local/lib/python3.12/site-packages/airflow/example_dags/example_task_group.py for tasks to queue
[2024-04-10T05:28:22.684+0000] {logging_mixin.py:188} INFO - [2024-04-10T05:28:22.684+0000] {dagbag.py:540} INFO - Filling up the DagBag from /home/airflow/.local/lib/python3.12/site-packages/airflow/example_dags/example_task_group.py
[2024-04-10T05:28:22.690+0000] {processor.py:840} INFO - DAG(s) 'example_task_group' retrieved from /home/airflow/.local/lib/python3.12/site-packages/airflow/example_dags/example_task_group.py
[2024-04-10T05:28:22.708+0000] {logging_mixin.py:188} INFO - [2024-04-10T05:28:22.707+0000] {dag.py:3096} INFO - Sync 1 DAGs
[2024-04-10T05:28:22.729+0000] {logging_mixin.py:188} INFO - [2024-04-10T05:28:22.729+0000] {dag.py:3954} INFO - Setting next_dagrun for example_task_group to 2024-04-09 00:00:00+00:00, run_after=2024-04-10 00:00:00+00:00
[2024-04-10T05:28:22.755+0000] {processor.py:183} INFO - Processing /home/airflow/.local/lib/python3.12/site-packages/airflow/example_dags/example_task_group.py took 0.077 seconds
[2024-04-10T05:28:52.795+0000] {processor.py:161} INFO - Started process (PID=1840) to work on /home/airflow/.local/lib/python3.12/site-packages/airflow/example_dags/example_task_group.py
[2024-04-10T05:28:52.796+0000] {processor.py:830} INFO - Processing file /home/airflow/.local/lib/python3.12/site-packages/airflow/example_dags/example_task_group.py for tasks to queue
[2024-04-10T05:28:52.797+0000] {logging_mixin.py:188} INFO - [2024-04-10T05:28:52.797+0000] {dagbag.py:540} INFO - Filling up the DagBag from /home/airflow/.local/lib/python3.12/site-packages/airflow/example_dags/example_task_group.py
[2024-04-10T05:28:52.806+0000] {processor.py:840} INFO - DAG(s) 'example_task_group' retrieved from /home/airflow/.local/lib/python3.12/site-packages/airflow/example_dags/example_task_group.py
[2024-04-10T05:28:52.830+0000] {logging_mixin.py:188} INFO - [2024-04-10T05:28:52.829+0000] {dag.py:3096} INFO - Sync 1 DAGs
[2024-04-10T05:28:52.856+0000] {logging_mixin.py:188} INFO - [2024-04-10T05:28:52.856+0000] {dag.py:3954} INFO - Setting next_dagrun for example_task_group to 2024-04-09 00:00:00+00:00, run_after=2024-04-10 00:00:00+00:00
[2024-04-10T05:28:52.887+0000] {processor.py:183} INFO - Processing /home/airflow/.local/lib/python3.12/site-packages/airflow/example_dags/example_task_group.py took 0.098 seconds
[2024-04-10T05:29:23.272+0000] {processor.py:161} INFO - Started process (PID=2113) to work on /home/airflow/.local/lib/python3.12/site-packages/airflow/example_dags/example_task_group.py
[2024-04-10T05:29:23.273+0000] {processor.py:830} INFO - Processing file /home/airflow/.local/lib/python3.12/site-packages/airflow/example_dags/example_task_group.py for tasks to queue
[2024-04-10T05:29:23.274+0000] {logging_mixin.py:188} INFO - [2024-04-10T05:29:23.274+0000] {dagbag.py:540} INFO - Filling up the DagBag from /home/airflow/.local/lib/python3.12/site-packages/airflow/example_dags/example_task_group.py
[2024-04-10T05:29:23.283+0000] {processor.py:840} INFO - DAG(s) 'example_task_group' retrieved from /home/airflow/.local/lib/python3.12/site-packages/airflow/example_dags/example_task_group.py
[2024-04-10T05:29:23.326+0000] {logging_mixin.py:188} INFO - [2024-04-10T05:29:23.326+0000] {dag.py:3096} INFO - Sync 1 DAGs
[2024-04-10T05:29:23.352+0000] {logging_mixin.py:188} INFO - [2024-04-10T05:29:23.352+0000] {dag.py:3954} INFO - Setting next_dagrun for example_task_group to 2024-04-09 00:00:00+00:00, run_after=2024-04-10 00:00:00+00:00
[2024-04-10T05:29:23.395+0000] {processor.py:183} INFO - Processing /home/airflow/.local/lib/python3.12/site-packages/airflow/example_dags/example_task_group.py took 0.129 seconds
[2024-04-10T05:29:53.529+0000] {processor.py:161} INFO - Started process (PID=2385) to work on /home/airflow/.local/lib/python3.12/site-packages/airflow/example_dags/example_task_group.py
[2024-04-10T05:29:53.530+0000] {processor.py:830} INFO - Processing file /home/airflow/.local/lib/python3.12/site-packages/airflow/example_dags/example_task_group.py for tasks to queue
[2024-04-10T05:29:53.532+0000] {logging_mixin.py:188} INFO - [2024-04-10T05:29:53.531+0000] {dagbag.py:540} INFO - Filling up the DagBag from /home/airflow/.local/lib/python3.12/site-packages/airflow/example_dags/example_task_group.py
[2024-04-10T05:29:53.540+0000] {processor.py:840} INFO - DAG(s) 'example_task_group' retrieved from /home/airflow/.local/lib/python3.12/site-packages/airflow/example_dags/example_task_group.py
[2024-04-10T05:29:53.566+0000] {logging_mixin.py:188} INFO - [2024-04-10T05:29:53.566+0000] {dag.py:3096} INFO - Sync 1 DAGs
[2024-04-10T05:29:53.593+0000] {logging_mixin.py:188} INFO - [2024-04-10T05:29:53.592+0000] {dag.py:3954} INFO - Setting next_dagrun for example_task_group to 2024-04-09 00:00:00+00:00, run_after=2024-04-10 00:00:00+00:00
[2024-04-10T05:29:53.628+0000] {processor.py:183} INFO - Processing /home/airflow/.local/lib/python3.12/site-packages/airflow/example_dags/example_task_group.py took 0.106 seconds
[2024-04-10T05:30:23.719+0000] {processor.py:161} INFO - Started process (PID=2659) to work on /home/airflow/.local/lib/python3.12/site-packages/airflow/example_dags/example_task_group.py
[2024-04-10T05:30:23.720+0000] {processor.py:830} INFO - Processing file /home/airflow/.local/lib/python3.12/site-packages/airflow/example_dags/example_task_group.py for tasks to queue
[2024-04-10T05:30:23.721+0000] {logging_mixin.py:188} INFO - [2024-04-10T05:30:23.721+0000] {dagbag.py:540} INFO - Filling up the DagBag from /home/airflow/.local/lib/python3.12/site-packages/airflow/example_dags/example_task_group.py
[2024-04-10T05:30:23.727+0000] {processor.py:840} INFO - DAG(s) 'example_task_group' retrieved from /home/airflow/.local/lib/python3.12/site-packages/airflow/example_dags/example_task_group.py
[2024-04-10T05:30:23.744+0000] {logging_mixin.py:188} INFO - [2024-04-10T05:30:23.744+0000] {dag.py:3096} INFO - Sync 1 DAGs
[2024-04-10T05:30:23.762+0000] {logging_mixin.py:188} INFO - [2024-04-10T05:30:23.762+0000] {dag.py:3954} INFO - Setting next_dagrun for example_task_group to 2024-04-09 00:00:00+00:00, run_after=2024-04-10 00:00:00+00:00
[2024-04-10T05:30:23.783+0000] {processor.py:183} INFO - Processing /home/airflow/.local/lib/python3.12/site-packages/airflow/example_dags/example_task_group.py took 0.068 seconds
[2024-04-10T05:30:54.097+0000] {processor.py:161} INFO - Started process (PID=2931) to work on /home/airflow/.local/lib/python3.12/site-packages/airflow/example_dags/example_task_group.py
[2024-04-10T05:30:54.098+0000] {processor.py:830} INFO - Processing file /home/airflow/.local/lib/python3.12/site-packages/airflow/example_dags/example_task_group.py for tasks to queue
[2024-04-10T05:30:54.099+0000] {logging_mixin.py:188} INFO - [2024-04-10T05:30:54.099+0000] {dagbag.py:540} INFO - Filling up the DagBag from /home/airflow/.local/lib/python3.12/site-packages/airflow/example_dags/example_task_group.py
[2024-04-10T05:30:54.105+0000] {processor.py:840} INFO - DAG(s) 'example_task_group' retrieved from /home/airflow/.local/lib/python3.12/site-packages/airflow/example_dags/example_task_group.py
[2024-04-10T05:30:54.123+0000] {logging_mixin.py:188} INFO - [2024-04-10T05:30:54.122+0000] {dag.py:3096} INFO - Sync 1 DAGs
[2024-04-10T05:30:54.140+0000] {logging_mixin.py:188} INFO - [2024-04-10T05:30:54.140+0000] {dag.py:3954} INFO - Setting next_dagrun for example_task_group to 2024-04-09 00:00:00+00:00, run_after=2024-04-10 00:00:00+00:00
[2024-04-10T05:30:54.164+0000] {processor.py:183} INFO - Processing /home/airflow/.local/lib/python3.12/site-packages/airflow/example_dags/example_task_group.py took 0.072 seconds
[2024-04-10T05:31:24.447+0000] {processor.py:161} INFO - Started process (PID=3201) to work on /home/airflow/.local/lib/python3.12/site-packages/airflow/example_dags/example_task_group.py
[2024-04-10T05:31:24.448+0000] {processor.py:830} INFO - Processing file /home/airflow/.local/lib/python3.12/site-packages/airflow/example_dags/example_task_group.py for tasks to queue
[2024-04-10T05:31:24.450+0000] {logging_mixin.py:188} INFO - [2024-04-10T05:31:24.450+0000] {dagbag.py:540} INFO - Filling up the DagBag from /home/airflow/.local/lib/python3.12/site-packages/airflow/example_dags/example_task_group.py
[2024-04-10T05:31:24.458+0000] {processor.py:840} INFO - DAG(s) 'example_task_group' retrieved from /home/airflow/.local/lib/python3.12/site-packages/airflow/example_dags/example_task_group.py
[2024-04-10T05:31:24.484+0000] {logging_mixin.py:188} INFO - [2024-04-10T05:31:24.484+0000] {dag.py:3096} INFO - Sync 1 DAGs
[2024-04-10T05:31:24.511+0000] {logging_mixin.py:188} INFO - [2024-04-10T05:31:24.510+0000] {dag.py:3954} INFO - Setting next_dagrun for example_task_group to 2024-04-09 00:00:00+00:00, run_after=2024-04-10 00:00:00+00:00
[2024-04-10T05:31:24.536+0000] {processor.py:183} INFO - Processing /home/airflow/.local/lib/python3.12/site-packages/airflow/example_dags/example_task_group.py took 0.096 seconds
[2024-04-10T05:31:54.649+0000] {processor.py:161} INFO - Started process (PID=3474) to work on /home/airflow/.local/lib/python3.12/site-packages/airflow/example_dags/example_task_group.py
[2024-04-10T05:31:54.651+0000] {processor.py:830} INFO - Processing file /home/airflow/.local/lib/python3.12/site-packages/airflow/example_dags/example_task_group.py for tasks to queue
[2024-04-10T05:31:54.653+0000] {logging_mixin.py:188} INFO - [2024-04-10T05:31:54.652+0000] {dagbag.py:540} INFO - Filling up the DagBag from /home/airflow/.local/lib/python3.12/site-packages/airflow/example_dags/example_task_group.py
[2024-04-10T05:31:54.663+0000] {processor.py:840} INFO - DAG(s) 'example_task_group' retrieved from /home/airflow/.local/lib/python3.12/site-packages/airflow/example_dags/example_task_group.py
[2024-04-10T05:31:54.690+0000] {logging_mixin.py:188} INFO - [2024-04-10T05:31:54.690+0000] {dag.py:3096} INFO - Sync 1 DAGs
[2024-04-10T05:31:54.719+0000] {logging_mixin.py:188} INFO - [2024-04-10T05:31:54.719+0000] {dag.py:3954} INFO - Setting next_dagrun for example_task_group to 2024-04-09 00:00:00+00:00, run_after=2024-04-10 00:00:00+00:00
[2024-04-10T05:31:54.743+0000] {processor.py:183} INFO - Processing /home/airflow/.local/lib/python3.12/site-packages/airflow/example_dags/example_task_group.py took 0.101 seconds
[2024-04-10T05:32:25.356+0000] {processor.py:161} INFO - Started process (PID=3746) to work on /home/airflow/.local/lib/python3.12/site-packages/airflow/example_dags/example_task_group.py
[2024-04-10T05:32:25.357+0000] {processor.py:830} INFO - Processing file /home/airflow/.local/lib/python3.12/site-packages/airflow/example_dags/example_task_group.py for tasks to queue
[2024-04-10T05:32:25.359+0000] {logging_mixin.py:188} INFO - [2024-04-10T05:32:25.358+0000] {dagbag.py:540} INFO - Filling up the DagBag from /home/airflow/.local/lib/python3.12/site-packages/airflow/example_dags/example_task_group.py
[2024-04-10T05:32:25.367+0000] {processor.py:840} INFO - DAG(s) 'example_task_group' retrieved from /home/airflow/.local/lib/python3.12/site-packages/airflow/example_dags/example_task_group.py
[2024-04-10T05:32:25.388+0000] {logging_mixin.py:188} INFO - [2024-04-10T05:32:25.388+0000] {dag.py:3096} INFO - Sync 1 DAGs
[2024-04-10T05:32:25.405+0000] {logging_mixin.py:188} INFO - [2024-04-10T05:32:25.405+0000] {dag.py:3954} INFO - Setting next_dagrun for example_task_group to 2024-04-09 00:00:00+00:00, run_after=2024-04-10 00:00:00+00:00
[2024-04-10T05:32:25.423+0000] {processor.py:183} INFO - Processing /home/airflow/.local/lib/python3.12/site-packages/airflow/example_dags/example_task_group.py took 0.075 seconds
[2024-04-10T05:32:55.780+0000] {processor.py:161} INFO - Started process (PID=4020) to work on /home/airflow/.local/lib/python3.12/site-packages/airflow/example_dags/example_task_group.py
[2024-04-10T05:32:55.781+0000] {processor.py:830} INFO - Processing file /home/airflow/.local/lib/python3.12/site-packages/airflow/example_dags/example_task_group.py for tasks to queue
[2024-04-10T05:32:55.782+0000] {logging_mixin.py:188} INFO - [2024-04-10T05:32:55.782+0000] {dagbag.py:540} INFO - Filling up the DagBag from /home/airflow/.local/lib/python3.12/site-packages/airflow/example_dags/example_task_group.py
[2024-04-10T05:32:55.788+0000] {processor.py:840} INFO - DAG(s) 'example_task_group' retrieved from /home/airflow/.local/lib/python3.12/site-packages/airflow/example_dags/example_task_group.py
[2024-04-10T05:32:55.806+0000] {logging_mixin.py:188} INFO - [2024-04-10T05:32:55.806+0000] {dag.py:3096} INFO - Sync 1 DAGs
[2024-04-10T05:32:55.824+0000] {logging_mixin.py:188} INFO - [2024-04-10T05:32:55.823+0000] {dag.py:3954} INFO - Setting next_dagrun for example_task_group to 2024-04-09 00:00:00+00:00, run_after=2024-04-10 00:00:00+00:00
[2024-04-10T05:32:55.842+0000] {processor.py:183} INFO - Processing /home/airflow/.local/lib/python3.12/site-packages/airflow/example_dags/example_task_group.py took 0.068 seconds
[2024-04-10T05:33:26.177+0000] {processor.py:161} INFO - Started process (PID=4290) to work on /home/airflow/.local/lib/python3.12/site-packages/airflow/example_dags/example_task_group.py
[2024-04-10T05:33:26.177+0000] {processor.py:830} INFO - Processing file /home/airflow/.local/lib/python3.12/site-packages/airflow/example_dags/example_task_group.py for tasks to queue
[2024-04-10T05:33:26.179+0000] {logging_mixin.py:188} INFO - [2024-04-10T05:33:26.179+0000] {dagbag.py:540} INFO - Filling up the DagBag from /home/airflow/.local/lib/python3.12/site-packages/airflow/example_dags/example_task_group.py
[2024-04-10T05:33:26.186+0000] {processor.py:840} INFO - DAG(s) 'example_task_group' retrieved from /home/airflow/.local/lib/python3.12/site-packages/airflow/example_dags/example_task_group.py
[2024-04-10T05:33:26.211+0000] {logging_mixin.py:188} INFO - [2024-04-10T05:33:26.211+0000] {dag.py:3096} INFO - Sync 1 DAGs
[2024-04-10T05:33:26.229+0000] {logging_mixin.py:188} INFO - [2024-04-10T05:33:26.229+0000] {dag.py:3954} INFO - Setting next_dagrun for example_task_group to 2024-04-09 00:00:00+00:00, run_after=2024-04-10 00:00:00+00:00
[2024-04-10T05:33:26.247+0000] {processor.py:183} INFO - Processing /home/airflow/.local/lib/python3.12/site-packages/airflow/example_dags/example_task_group.py took 0.078 seconds
[2024-04-10T05:33:56.652+0000] {processor.py:161} INFO - Started process (PID=4562) to work on /home/airflow/.local/lib/python3.12/site-packages/airflow/example_dags/example_task_group.py
[2024-04-10T05:33:56.653+0000] {processor.py:830} INFO - Processing file /home/airflow/.local/lib/python3.12/site-packages/airflow/example_dags/example_task_group.py for tasks to queue
[2024-04-10T05:33:56.655+0000] {logging_mixin.py:188} INFO - [2024-04-10T05:33:56.655+0000] {dagbag.py:540} INFO - Filling up the DagBag from /home/airflow/.local/lib/python3.12/site-packages/airflow/example_dags/example_task_group.py
[2024-04-10T05:33:56.663+0000] {processor.py:840} INFO - DAG(s) 'example_task_group' retrieved from /home/airflow/.local/lib/python3.12/site-packages/airflow/example_dags/example_task_group.py
[2024-04-10T05:33:56.689+0000] {logging_mixin.py:188} INFO - [2024-04-10T05:33:56.688+0000] {dag.py:3096} INFO - Sync 1 DAGs
[2024-04-10T05:33:56.714+0000] {logging_mixin.py:188} INFO - [2024-04-10T05:33:56.713+0000] {dag.py:3954} INFO - Setting next_dagrun for example_task_group to 2024-04-09 00:00:00+00:00, run_after=2024-04-10 00:00:00+00:00
[2024-04-10T05:33:56.738+0000] {processor.py:183} INFO - Processing /home/airflow/.local/lib/python3.12/site-packages/airflow/example_dags/example_task_group.py took 0.092 seconds
[2024-04-10T05:34:27.091+0000] {processor.py:161} INFO - Started process (PID=4833) to work on /home/airflow/.local/lib/python3.12/site-packages/airflow/example_dags/example_task_group.py
[2024-04-10T05:34:27.093+0000] {processor.py:830} INFO - Processing file /home/airflow/.local/lib/python3.12/site-packages/airflow/example_dags/example_task_group.py for tasks to queue
[2024-04-10T05:34:27.095+0000] {logging_mixin.py:188} INFO - [2024-04-10T05:34:27.094+0000] {dagbag.py:540} INFO - Filling up the DagBag from /home/airflow/.local/lib/python3.12/site-packages/airflow/example_dags/example_task_group.py
[2024-04-10T05:34:27.104+0000] {processor.py:840} INFO - DAG(s) 'example_task_group' retrieved from /home/airflow/.local/lib/python3.12/site-packages/airflow/example_dags/example_task_group.py
[2024-04-10T05:34:27.138+0000] {logging_mixin.py:188} INFO - [2024-04-10T05:34:27.138+0000] {dag.py:3096} INFO - Sync 1 DAGs
[2024-04-10T05:34:27.180+0000] {logging_mixin.py:188} INFO - [2024-04-10T05:34:27.180+0000] {dag.py:3954} INFO - Setting next_dagrun for example_task_group to 2024-04-09 00:00:00+00:00, run_after=2024-04-10 00:00:00+00:00
[2024-04-10T05:34:27.202+0000] {processor.py:183} INFO - Processing /home/airflow/.local/lib/python3.12/site-packages/airflow/example_dags/example_task_group.py took 0.133 seconds
[2024-04-10T05:34:57.469+0000] {processor.py:161} INFO - Started process (PID=5107) to work on /home/airflow/.local/lib/python3.12/site-packages/airflow/example_dags/example_task_group.py
[2024-04-10T05:34:57.470+0000] {processor.py:830} INFO - Processing file /home/airflow/.local/lib/python3.12/site-packages/airflow/example_dags/example_task_group.py for tasks to queue
[2024-04-10T05:34:57.471+0000] {logging_mixin.py:188} INFO - [2024-04-10T05:34:57.471+0000] {dagbag.py:540} INFO - Filling up the DagBag from /home/airflow/.local/lib/python3.12/site-packages/airflow/example_dags/example_task_group.py
[2024-04-10T05:34:57.477+0000] {processor.py:840} INFO - DAG(s) 'example_task_group' retrieved from /home/airflow/.local/lib/python3.12/site-packages/airflow/example_dags/example_task_group.py
[2024-04-10T05:34:57.498+0000] {logging_mixin.py:188} INFO - [2024-04-10T05:34:57.497+0000] {dag.py:3096} INFO - Sync 1 DAGs
[2024-04-10T05:34:57.515+0000] {logging_mixin.py:188} INFO - [2024-04-10T05:34:57.515+0000] {dag.py:3954} INFO - Setting next_dagrun for example_task_group to 2024-04-09 00:00:00+00:00, run_after=2024-04-10 00:00:00+00:00
[2024-04-10T05:34:57.535+0000] {processor.py:183} INFO - Processing /home/airflow/.local/lib/python3.12/site-packages/airflow/example_dags/example_task_group.py took 0.070 seconds
[2024-04-10T05:35:27.786+0000] {processor.py:161} INFO - Started process (PID=5378) to work on /home/airflow/.local/lib/python3.12/site-packages/airflow/example_dags/example_task_group.py
[2024-04-10T05:35:27.787+0000] {processor.py:830} INFO - Processing file /home/airflow/.local/lib/python3.12/site-packages/airflow/example_dags/example_task_group.py for tasks to queue
[2024-04-10T05:35:27.788+0000] {logging_mixin.py:188} INFO - [2024-04-10T05:35:27.788+0000] {dagbag.py:540} INFO - Filling up the DagBag from /home/airflow/.local/lib/python3.12/site-packages/airflow/example_dags/example_task_group.py
[2024-04-10T05:35:27.797+0000] {processor.py:840} INFO - DAG(s) 'example_task_group' retrieved from /home/airflow/.local/lib/python3.12/site-packages/airflow/example_dags/example_task_group.py
[2024-04-10T05:35:27.821+0000] {logging_mixin.py:188} INFO - [2024-04-10T05:35:27.821+0000] {dag.py:3096} INFO - Sync 1 DAGs
[2024-04-10T05:35:27.840+0000] {logging_mixin.py:188} INFO - [2024-04-10T05:35:27.840+0000] {dag.py:3954} INFO - Setting next_dagrun for example_task_group to 2024-04-09 00:00:00+00:00, run_after=2024-04-10 00:00:00+00:00
[2024-04-10T05:35:27.859+0000] {processor.py:183} INFO - Processing /home/airflow/.local/lib/python3.12/site-packages/airflow/example_dags/example_task_group.py took 0.079 seconds
[2024-04-10T05:35:58.750+0000] {processor.py:161} INFO - Started process (PID=5651) to work on /home/airflow/.local/lib/python3.12/site-packages/airflow/example_dags/example_task_group.py
[2024-04-10T05:35:58.752+0000] {processor.py:830} INFO - Processing file /home/airflow/.local/lib/python3.12/site-packages/airflow/example_dags/example_task_group.py for tasks to queue
[2024-04-10T05:35:58.753+0000] {logging_mixin.py:188} INFO - [2024-04-10T05:35:58.753+0000] {dagbag.py:540} INFO - Filling up the DagBag from /home/airflow/.local/lib/python3.12/site-packages/airflow/example_dags/example_task_group.py
[2024-04-10T05:35:58.777+0000] {processor.py:840} INFO - DAG(s) 'example_task_group' retrieved from /home/airflow/.local/lib/python3.12/site-packages/airflow/example_dags/example_task_group.py
[2024-04-10T05:35:58.821+0000] {logging_mixin.py:188} INFO - [2024-04-10T05:35:58.821+0000] {dag.py:3096} INFO - Sync 1 DAGs
[2024-04-10T05:35:58.868+0000] {logging_mixin.py:188} INFO - [2024-04-10T05:35:58.868+0000] {dag.py:3954} INFO - Setting next_dagrun for example_task_group to 2024-04-09 00:00:00+00:00, run_after=2024-04-10 00:00:00+00:00
[2024-04-10T05:35:58.942+0000] {processor.py:183} INFO - Processing /home/airflow/.local/lib/python3.12/site-packages/airflow/example_dags/example_task_group.py took 0.199 seconds
[2024-04-10T05:36:29.081+0000] {processor.py:161} INFO - Started process (PID=5925) to work on /home/airflow/.local/lib/python3.12/site-packages/airflow/example_dags/example_task_group.py
[2024-04-10T05:36:29.082+0000] {processor.py:830} INFO - Processing file /home/airflow/.local/lib/python3.12/site-packages/airflow/example_dags/example_task_group.py for tasks to queue
[2024-04-10T05:36:29.083+0000] {logging_mixin.py:188} INFO - [2024-04-10T05:36:29.083+0000] {dagbag.py:540} INFO - Filling up the DagBag from /home/airflow/.local/lib/python3.12/site-packages/airflow/example_dags/example_task_group.py
[2024-04-10T05:36:29.089+0000] {processor.py:840} INFO - DAG(s) 'example_task_group' retrieved from /home/airflow/.local/lib/python3.12/site-packages/airflow/example_dags/example_task_group.py
[2024-04-10T05:36:29.109+0000] {logging_mixin.py:188} INFO - [2024-04-10T05:36:29.108+0000] {dag.py:3096} INFO - Sync 1 DAGs
[2024-04-10T05:36:29.127+0000] {logging_mixin.py:188} INFO - [2024-04-10T05:36:29.127+0000] {dag.py:3954} INFO - Setting next_dagrun for example_task_group to 2024-04-09 00:00:00+00:00, run_after=2024-04-10 00:00:00+00:00
[2024-04-10T05:36:29.145+0000] {processor.py:183} INFO - Processing /home/airflow/.local/lib/python3.12/site-packages/airflow/example_dags/example_task_group.py took 0.069 seconds
[2024-04-10T05:36:59.481+0000] {processor.py:161} INFO - Started process (PID=6196) to work on /home/airflow/.local/lib/python3.12/site-packages/airflow/example_dags/example_task_group.py
[2024-04-10T05:36:59.482+0000] {processor.py:830} INFO - Processing file /home/airflow/.local/lib/python3.12/site-packages/airflow/example_dags/example_task_group.py for tasks to queue
[2024-04-10T05:36:59.484+0000] {logging_mixin.py:188} INFO - [2024-04-10T05:36:59.484+0000] {dagbag.py:540} INFO - Filling up the DagBag from /home/airflow/.local/lib/python3.12/site-packages/airflow/example_dags/example_task_group.py
[2024-04-10T05:36:59.492+0000] {processor.py:840} INFO - DAG(s) 'example_task_group' retrieved from /home/airflow/.local/lib/python3.12/site-packages/airflow/example_dags/example_task_group.py
[2024-04-10T05:36:59.517+0000] {logging_mixin.py:188} INFO - [2024-04-10T05:36:59.517+0000] {dag.py:3096} INFO - Sync 1 DAGs
[2024-04-10T05:36:59.541+0000] {logging_mixin.py:188} INFO - [2024-04-10T05:36:59.541+0000] {dag.py:3954} INFO - Setting next_dagrun for example_task_group to 2024-04-09 00:00:00+00:00, run_after=2024-04-10 00:00:00+00:00
[2024-04-10T05:36:59.562+0000] {processor.py:183} INFO - Processing /home/airflow/.local/lib/python3.12/site-packages/airflow/example_dags/example_task_group.py took 0.090 seconds
[2024-04-10T05:37:30.135+0000] {processor.py:161} INFO - Started process (PID=6470) to work on /home/airflow/.local/lib/python3.12/site-packages/airflow/example_dags/example_task_group.py
[2024-04-10T05:37:30.136+0000] {processor.py:830} INFO - Processing file /home/airflow/.local/lib/python3.12/site-packages/airflow/example_dags/example_task_group.py for tasks to queue
[2024-04-10T05:37:30.138+0000] {logging_mixin.py:188} INFO - [2024-04-10T05:37:30.138+0000] {dagbag.py:540} INFO - Filling up the DagBag from /home/airflow/.local/lib/python3.12/site-packages/airflow/example_dags/example_task_group.py
[2024-04-10T05:37:30.147+0000] {processor.py:840} INFO - DAG(s) 'example_task_group' retrieved from /home/airflow/.local/lib/python3.12/site-packages/airflow/example_dags/example_task_group.py
[2024-04-10T05:37:30.179+0000] {logging_mixin.py:188} INFO - [2024-04-10T05:37:30.178+0000] {dag.py:3096} INFO - Sync 1 DAGs
[2024-04-10T05:37:30.205+0000] {logging_mixin.py:188} INFO - [2024-04-10T05:37:30.205+0000] {dag.py:3954} INFO - Setting next_dagrun for example_task_group to 2024-04-09 00:00:00+00:00, run_after=2024-04-10 00:00:00+00:00
[2024-04-10T05:37:30.232+0000] {processor.py:183} INFO - Processing /home/airflow/.local/lib/python3.12/site-packages/airflow/example_dags/example_task_group.py took 0.104 seconds
[2024-04-10T05:38:01.095+0000] {processor.py:161} INFO - Started process (PID=6742) to work on /home/airflow/.local/lib/python3.12/site-packages/airflow/example_dags/example_task_group.py
[2024-04-10T05:38:01.097+0000] {processor.py:830} INFO - Processing file /home/airflow/.local/lib/python3.12/site-packages/airflow/example_dags/example_task_group.py for tasks to queue
[2024-04-10T05:38:01.099+0000] {logging_mixin.py:188} INFO - [2024-04-10T05:38:01.099+0000] {dagbag.py:540} INFO - Filling up the DagBag from /home/airflow/.local/lib/python3.12/site-packages/airflow/example_dags/example_task_group.py
[2024-04-10T05:38:01.108+0000] {processor.py:840} INFO - DAG(s) 'example_task_group' retrieved from /home/airflow/.local/lib/python3.12/site-packages/airflow/example_dags/example_task_group.py
[2024-04-10T05:38:01.296+0000] {logging_mixin.py:188} INFO - [2024-04-10T05:38:01.296+0000] {dag.py:3096} INFO - Sync 1 DAGs
[2024-04-10T05:38:01.322+0000] {logging_mixin.py:188} INFO - [2024-04-10T05:38:01.322+0000] {dag.py:3954} INFO - Setting next_dagrun for example_task_group to 2024-04-09 00:00:00+00:00, run_after=2024-04-10 00:00:00+00:00
[2024-04-10T05:38:01.345+0000] {processor.py:183} INFO - Processing /home/airflow/.local/lib/python3.12/site-packages/airflow/example_dags/example_task_group.py took 0.259 seconds
