[2024-04-10T05:25:50.863+0000] {processor.py:161} INFO - Started process (PID=218) to work on /home/airflow/.local/lib/python3.12/site-packages/airflow/example_dags/example_branch_operator.py
[2024-04-10T05:25:50.864+0000] {processor.py:830} INFO - Processing file /home/airflow/.local/lib/python3.12/site-packages/airflow/example_dags/example_branch_operator.py for tasks to queue
[2024-04-10T05:25:50.866+0000] {logging_mixin.py:188} INFO - [2024-04-10T05:25:50.866+0000] {dagbag.py:540} INFO - Filling up the DagBag from /home/airflow/.local/lib/python3.12/site-packages/airflow/example_dags/example_branch_operator.py
[2024-04-10T05:25:50.895+0000] {processor.py:840} INFO - DAG(s) 'example_branch_operator' retrieved from /home/airflow/.local/lib/python3.12/site-packages/airflow/example_dags/example_branch_operator.py
[2024-04-10T05:25:51.065+0000] {logging_mixin.py:188} INFO - [2024-04-10T05:25:51.065+0000] {dag.py:3096} INFO - Sync 1 DAGs
[2024-04-10T05:25:51.091+0000] {logging_mixin.py:188} INFO - [2024-04-10T05:25:51.091+0000] {dag.py:3954} INFO - Setting next_dagrun for example_branch_operator to 2024-04-09 00:00:00+00:00, run_after=2024-04-10 00:00:00+00:00
[2024-04-10T05:25:51.131+0000] {processor.py:183} INFO - Processing /home/airflow/.local/lib/python3.12/site-packages/airflow/example_dags/example_branch_operator.py took 0.276 seconds
[2024-04-10T05:26:21.340+0000] {processor.py:161} INFO - Started process (PID=489) to work on /home/airflow/.local/lib/python3.12/site-packages/airflow/example_dags/example_branch_operator.py
[2024-04-10T05:26:21.341+0000] {processor.py:830} INFO - Processing file /home/airflow/.local/lib/python3.12/site-packages/airflow/example_dags/example_branch_operator.py for tasks to queue
[2024-04-10T05:26:21.343+0000] {logging_mixin.py:188} INFO - [2024-04-10T05:26:21.343+0000] {dagbag.py:540} INFO - Filling up the DagBag from /home/airflow/.local/lib/python3.12/site-packages/airflow/example_dags/example_branch_operator.py
[2024-04-10T05:26:21.364+0000] {processor.py:840} INFO - DAG(s) 'example_branch_operator' retrieved from /home/airflow/.local/lib/python3.12/site-packages/airflow/example_dags/example_branch_operator.py
[2024-04-10T05:26:21.399+0000] {logging_mixin.py:188} INFO - [2024-04-10T05:26:21.399+0000] {dag.py:3096} INFO - Sync 1 DAGs
[2024-04-10T05:26:21.428+0000] {logging_mixin.py:188} INFO - [2024-04-10T05:26:21.428+0000] {dag.py:3954} INFO - Setting next_dagrun for example_branch_operator to 2024-04-09 00:00:00+00:00, run_after=2024-04-10 00:00:00+00:00
[2024-04-10T05:26:21.453+0000] {processor.py:183} INFO - Processing /home/airflow/.local/lib/python3.12/site-packages/airflow/example_dags/example_branch_operator.py took 0.119 seconds
[2024-04-10T05:26:51.735+0000] {processor.py:161} INFO - Started process (PID=761) to work on /home/airflow/.local/lib/python3.12/site-packages/airflow/example_dags/example_branch_operator.py
[2024-04-10T05:26:51.736+0000] {processor.py:830} INFO - Processing file /home/airflow/.local/lib/python3.12/site-packages/airflow/example_dags/example_branch_operator.py for tasks to queue
[2024-04-10T05:26:51.738+0000] {logging_mixin.py:188} INFO - [2024-04-10T05:26:51.738+0000] {dagbag.py:540} INFO - Filling up the DagBag from /home/airflow/.local/lib/python3.12/site-packages/airflow/example_dags/example_branch_operator.py
[2024-04-10T05:26:51.759+0000] {processor.py:840} INFO - DAG(s) 'example_branch_operator' retrieved from /home/airflow/.local/lib/python3.12/site-packages/airflow/example_dags/example_branch_operator.py
[2024-04-10T05:26:51.797+0000] {logging_mixin.py:188} INFO - [2024-04-10T05:26:51.796+0000] {dag.py:3096} INFO - Sync 1 DAGs
[2024-04-10T05:26:51.824+0000] {logging_mixin.py:188} INFO - [2024-04-10T05:26:51.824+0000] {dag.py:3954} INFO - Setting next_dagrun for example_branch_operator to 2024-04-09 00:00:00+00:00, run_after=2024-04-10 00:00:00+00:00
[2024-04-10T05:26:51.848+0000] {processor.py:183} INFO - Processing /home/airflow/.local/lib/python3.12/site-packages/airflow/example_dags/example_branch_operator.py took 0.119 seconds
[2024-04-10T05:27:22.827+0000] {processor.py:161} INFO - Started process (PID=1034) to work on /home/airflow/.local/lib/python3.12/site-packages/airflow/example_dags/example_branch_operator.py
[2024-04-10T05:27:22.828+0000] {processor.py:830} INFO - Processing file /home/airflow/.local/lib/python3.12/site-packages/airflow/example_dags/example_branch_operator.py for tasks to queue
[2024-04-10T05:27:22.830+0000] {logging_mixin.py:188} INFO - [2024-04-10T05:27:22.830+0000] {dagbag.py:540} INFO - Filling up the DagBag from /home/airflow/.local/lib/python3.12/site-packages/airflow/example_dags/example_branch_operator.py
[2024-04-10T05:27:22.850+0000] {processor.py:840} INFO - DAG(s) 'example_branch_operator' retrieved from /home/airflow/.local/lib/python3.12/site-packages/airflow/example_dags/example_branch_operator.py
[2024-04-10T05:27:22.889+0000] {logging_mixin.py:188} INFO - [2024-04-10T05:27:22.889+0000] {dag.py:3096} INFO - Sync 1 DAGs
[2024-04-10T05:27:22.917+0000] {logging_mixin.py:188} INFO - [2024-04-10T05:27:22.917+0000] {dag.py:3954} INFO - Setting next_dagrun for example_branch_operator to 2024-04-09 00:00:00+00:00, run_after=2024-04-10 00:00:00+00:00
[2024-04-10T05:27:22.940+0000] {processor.py:183} INFO - Processing /home/airflow/.local/lib/python3.12/site-packages/airflow/example_dags/example_branch_operator.py took 0.120 seconds
[2024-04-10T05:27:53.315+0000] {processor.py:161} INFO - Started process (PID=1306) to work on /home/airflow/.local/lib/python3.12/site-packages/airflow/example_dags/example_branch_operator.py
[2024-04-10T05:27:53.315+0000] {processor.py:830} INFO - Processing file /home/airflow/.local/lib/python3.12/site-packages/airflow/example_dags/example_branch_operator.py for tasks to queue
[2024-04-10T05:27:53.317+0000] {logging_mixin.py:188} INFO - [2024-04-10T05:27:53.317+0000] {dagbag.py:540} INFO - Filling up the DagBag from /home/airflow/.local/lib/python3.12/site-packages/airflow/example_dags/example_branch_operator.py
[2024-04-10T05:27:53.341+0000] {processor.py:840} INFO - DAG(s) 'example_branch_operator' retrieved from /home/airflow/.local/lib/python3.12/site-packages/airflow/example_dags/example_branch_operator.py
[2024-04-10T05:27:53.413+0000] {logging_mixin.py:188} INFO - [2024-04-10T05:27:53.413+0000] {dag.py:3096} INFO - Sync 1 DAGs
[2024-04-10T05:27:53.467+0000] {logging_mixin.py:188} INFO - [2024-04-10T05:27:53.467+0000] {dag.py:3954} INFO - Setting next_dagrun for example_branch_operator to 2024-04-09 00:00:00+00:00, run_after=2024-04-10 00:00:00+00:00
[2024-04-10T05:27:53.564+0000] {processor.py:183} INFO - Processing /home/airflow/.local/lib/python3.12/site-packages/airflow/example_dags/example_branch_operator.py took 0.256 seconds
[2024-04-10T05:28:23.692+0000] {processor.py:161} INFO - Started process (PID=1574) to work on /home/airflow/.local/lib/python3.12/site-packages/airflow/example_dags/example_branch_operator.py
[2024-04-10T05:28:23.693+0000] {processor.py:830} INFO - Processing file /home/airflow/.local/lib/python3.12/site-packages/airflow/example_dags/example_branch_operator.py for tasks to queue
[2024-04-10T05:28:23.694+0000] {logging_mixin.py:188} INFO - [2024-04-10T05:28:23.694+0000] {dagbag.py:540} INFO - Filling up the DagBag from /home/airflow/.local/lib/python3.12/site-packages/airflow/example_dags/example_branch_operator.py
[2024-04-10T05:28:23.708+0000] {processor.py:840} INFO - DAG(s) 'example_branch_operator' retrieved from /home/airflow/.local/lib/python3.12/site-packages/airflow/example_dags/example_branch_operator.py
[2024-04-10T05:28:23.736+0000] {logging_mixin.py:188} INFO - [2024-04-10T05:28:23.736+0000] {dag.py:3096} INFO - Sync 1 DAGs
[2024-04-10T05:28:23.755+0000] {logging_mixin.py:188} INFO - [2024-04-10T05:28:23.755+0000] {dag.py:3954} INFO - Setting next_dagrun for example_branch_operator to 2024-04-09 00:00:00+00:00, run_after=2024-04-10 00:00:00+00:00
[2024-04-10T05:28:23.775+0000] {processor.py:183} INFO - Processing /home/airflow/.local/lib/python3.12/site-packages/airflow/example_dags/example_branch_operator.py took 0.087 seconds
[2024-04-10T05:28:53.923+0000] {processor.py:161} INFO - Started process (PID=1847) to work on /home/airflow/.local/lib/python3.12/site-packages/airflow/example_dags/example_branch_operator.py
[2024-04-10T05:28:53.923+0000] {processor.py:830} INFO - Processing file /home/airflow/.local/lib/python3.12/site-packages/airflow/example_dags/example_branch_operator.py for tasks to queue
[2024-04-10T05:28:53.925+0000] {logging_mixin.py:188} INFO - [2024-04-10T05:28:53.924+0000] {dagbag.py:540} INFO - Filling up the DagBag from /home/airflow/.local/lib/python3.12/site-packages/airflow/example_dags/example_branch_operator.py
[2024-04-10T05:28:53.938+0000] {processor.py:840} INFO - DAG(s) 'example_branch_operator' retrieved from /home/airflow/.local/lib/python3.12/site-packages/airflow/example_dags/example_branch_operator.py
[2024-04-10T05:28:53.962+0000] {logging_mixin.py:188} INFO - [2024-04-10T05:28:53.961+0000] {dag.py:3096} INFO - Sync 1 DAGs
[2024-04-10T05:28:53.981+0000] {logging_mixin.py:188} INFO - [2024-04-10T05:28:53.980+0000] {dag.py:3954} INFO - Setting next_dagrun for example_branch_operator to 2024-04-09 00:00:00+00:00, run_after=2024-04-10 00:00:00+00:00
[2024-04-10T05:28:54.000+0000] {processor.py:183} INFO - Processing /home/airflow/.local/lib/python3.12/site-packages/airflow/example_dags/example_branch_operator.py took 0.084 seconds
[2024-04-10T05:29:24.403+0000] {processor.py:161} INFO - Started process (PID=2120) to work on /home/airflow/.local/lib/python3.12/site-packages/airflow/example_dags/example_branch_operator.py
[2024-04-10T05:29:24.404+0000] {processor.py:830} INFO - Processing file /home/airflow/.local/lib/python3.12/site-packages/airflow/example_dags/example_branch_operator.py for tasks to queue
[2024-04-10T05:29:24.405+0000] {logging_mixin.py:188} INFO - [2024-04-10T05:29:24.405+0000] {dagbag.py:540} INFO - Filling up the DagBag from /home/airflow/.local/lib/python3.12/site-packages/airflow/example_dags/example_branch_operator.py
[2024-04-10T05:29:24.421+0000] {processor.py:840} INFO - DAG(s) 'example_branch_operator' retrieved from /home/airflow/.local/lib/python3.12/site-packages/airflow/example_dags/example_branch_operator.py
[2024-04-10T05:29:24.455+0000] {logging_mixin.py:188} INFO - [2024-04-10T05:29:24.455+0000] {dag.py:3096} INFO - Sync 1 DAGs
[2024-04-10T05:29:24.474+0000] {logging_mixin.py:188} INFO - [2024-04-10T05:29:24.474+0000] {dag.py:3954} INFO - Setting next_dagrun for example_branch_operator to 2024-04-09 00:00:00+00:00, run_after=2024-04-10 00:00:00+00:00
[2024-04-10T05:29:24.497+0000] {processor.py:183} INFO - Processing /home/airflow/.local/lib/python3.12/site-packages/airflow/example_dags/example_branch_operator.py took 0.099 seconds
[2024-04-10T05:29:54.589+0000] {processor.py:161} INFO - Started process (PID=2392) to work on /home/airflow/.local/lib/python3.12/site-packages/airflow/example_dags/example_branch_operator.py
[2024-04-10T05:29:54.590+0000] {processor.py:830} INFO - Processing file /home/airflow/.local/lib/python3.12/site-packages/airflow/example_dags/example_branch_operator.py for tasks to queue
[2024-04-10T05:29:54.592+0000] {logging_mixin.py:188} INFO - [2024-04-10T05:29:54.592+0000] {dagbag.py:540} INFO - Filling up the DagBag from /home/airflow/.local/lib/python3.12/site-packages/airflow/example_dags/example_branch_operator.py
[2024-04-10T05:29:54.608+0000] {processor.py:840} INFO - DAG(s) 'example_branch_operator' retrieved from /home/airflow/.local/lib/python3.12/site-packages/airflow/example_dags/example_branch_operator.py
[2024-04-10T05:29:54.633+0000] {logging_mixin.py:188} INFO - [2024-04-10T05:29:54.633+0000] {dag.py:3096} INFO - Sync 1 DAGs
[2024-04-10T05:29:54.652+0000] {logging_mixin.py:188} INFO - [2024-04-10T05:29:54.652+0000] {dag.py:3954} INFO - Setting next_dagrun for example_branch_operator to 2024-04-09 00:00:00+00:00, run_after=2024-04-10 00:00:00+00:00
[2024-04-10T05:29:54.672+0000] {processor.py:183} INFO - Processing /home/airflow/.local/lib/python3.12/site-packages/airflow/example_dags/example_branch_operator.py took 0.090 seconds
[2024-04-10T05:30:24.730+0000] {processor.py:161} INFO - Started process (PID=2664) to work on /home/airflow/.local/lib/python3.12/site-packages/airflow/example_dags/example_branch_operator.py
[2024-04-10T05:30:24.730+0000] {processor.py:830} INFO - Processing file /home/airflow/.local/lib/python3.12/site-packages/airflow/example_dags/example_branch_operator.py for tasks to queue
[2024-04-10T05:30:24.732+0000] {logging_mixin.py:188} INFO - [2024-04-10T05:30:24.732+0000] {dagbag.py:540} INFO - Filling up the DagBag from /home/airflow/.local/lib/python3.12/site-packages/airflow/example_dags/example_branch_operator.py
[2024-04-10T05:30:24.745+0000] {processor.py:840} INFO - DAG(s) 'example_branch_operator' retrieved from /home/airflow/.local/lib/python3.12/site-packages/airflow/example_dags/example_branch_operator.py
[2024-04-10T05:30:24.770+0000] {logging_mixin.py:188} INFO - [2024-04-10T05:30:24.769+0000] {dag.py:3096} INFO - Sync 1 DAGs
[2024-04-10T05:30:24.788+0000] {logging_mixin.py:188} INFO - [2024-04-10T05:30:24.788+0000] {dag.py:3954} INFO - Setting next_dagrun for example_branch_operator to 2024-04-09 00:00:00+00:00, run_after=2024-04-10 00:00:00+00:00
[2024-04-10T05:30:24.811+0000] {processor.py:183} INFO - Processing /home/airflow/.local/lib/python3.12/site-packages/airflow/example_dags/example_branch_operator.py took 0.086 seconds
[2024-04-10T05:30:55.108+0000] {processor.py:161} INFO - Started process (PID=2936) to work on /home/airflow/.local/lib/python3.12/site-packages/airflow/example_dags/example_branch_operator.py
[2024-04-10T05:30:55.109+0000] {processor.py:830} INFO - Processing file /home/airflow/.local/lib/python3.12/site-packages/airflow/example_dags/example_branch_operator.py for tasks to queue
[2024-04-10T05:30:55.110+0000] {logging_mixin.py:188} INFO - [2024-04-10T05:30:55.110+0000] {dagbag.py:540} INFO - Filling up the DagBag from /home/airflow/.local/lib/python3.12/site-packages/airflow/example_dags/example_branch_operator.py
[2024-04-10T05:30:55.124+0000] {processor.py:840} INFO - DAG(s) 'example_branch_operator' retrieved from /home/airflow/.local/lib/python3.12/site-packages/airflow/example_dags/example_branch_operator.py
[2024-04-10T05:30:55.147+0000] {logging_mixin.py:188} INFO - [2024-04-10T05:30:55.147+0000] {dag.py:3096} INFO - Sync 1 DAGs
[2024-04-10T05:30:55.170+0000] {logging_mixin.py:188} INFO - [2024-04-10T05:30:55.170+0000] {dag.py:3954} INFO - Setting next_dagrun for example_branch_operator to 2024-04-09 00:00:00+00:00, run_after=2024-04-10 00:00:00+00:00
[2024-04-10T05:30:55.196+0000] {processor.py:183} INFO - Processing /home/airflow/.local/lib/python3.12/site-packages/airflow/example_dags/example_branch_operator.py took 0.092 seconds
[2024-04-10T05:31:25.565+0000] {processor.py:161} INFO - Started process (PID=3208) to work on /home/airflow/.local/lib/python3.12/site-packages/airflow/example_dags/example_branch_operator.py
[2024-04-10T05:31:25.565+0000] {processor.py:830} INFO - Processing file /home/airflow/.local/lib/python3.12/site-packages/airflow/example_dags/example_branch_operator.py for tasks to queue
[2024-04-10T05:31:25.567+0000] {logging_mixin.py:188} INFO - [2024-04-10T05:31:25.566+0000] {dagbag.py:540} INFO - Filling up the DagBag from /home/airflow/.local/lib/python3.12/site-packages/airflow/example_dags/example_branch_operator.py
[2024-04-10T05:31:25.580+0000] {processor.py:840} INFO - DAG(s) 'example_branch_operator' retrieved from /home/airflow/.local/lib/python3.12/site-packages/airflow/example_dags/example_branch_operator.py
[2024-04-10T05:31:25.604+0000] {logging_mixin.py:188} INFO - [2024-04-10T05:31:25.603+0000] {dag.py:3096} INFO - Sync 1 DAGs
[2024-04-10T05:31:25.622+0000] {logging_mixin.py:188} INFO - [2024-04-10T05:31:25.622+0000] {dag.py:3954} INFO - Setting next_dagrun for example_branch_operator to 2024-04-09 00:00:00+00:00, run_after=2024-04-10 00:00:00+00:00
[2024-04-10T05:31:25.644+0000] {processor.py:183} INFO - Processing /home/airflow/.local/lib/python3.12/site-packages/airflow/example_dags/example_branch_operator.py took 0.084 seconds
[2024-04-10T05:31:55.754+0000] {processor.py:161} INFO - Started process (PID=3481) to work on /home/airflow/.local/lib/python3.12/site-packages/airflow/example_dags/example_branch_operator.py
[2024-04-10T05:31:55.755+0000] {processor.py:830} INFO - Processing file /home/airflow/.local/lib/python3.12/site-packages/airflow/example_dags/example_branch_operator.py for tasks to queue
[2024-04-10T05:31:55.757+0000] {logging_mixin.py:188} INFO - [2024-04-10T05:31:55.756+0000] {dagbag.py:540} INFO - Filling up the DagBag from /home/airflow/.local/lib/python3.12/site-packages/airflow/example_dags/example_branch_operator.py
[2024-04-10T05:31:55.771+0000] {processor.py:840} INFO - DAG(s) 'example_branch_operator' retrieved from /home/airflow/.local/lib/python3.12/site-packages/airflow/example_dags/example_branch_operator.py
[2024-04-10T05:31:55.795+0000] {logging_mixin.py:188} INFO - [2024-04-10T05:31:55.795+0000] {dag.py:3096} INFO - Sync 1 DAGs
[2024-04-10T05:31:55.813+0000] {logging_mixin.py:188} INFO - [2024-04-10T05:31:55.813+0000] {dag.py:3954} INFO - Setting next_dagrun for example_branch_operator to 2024-04-09 00:00:00+00:00, run_after=2024-04-10 00:00:00+00:00
[2024-04-10T05:31:55.834+0000] {processor.py:183} INFO - Processing /home/airflow/.local/lib/python3.12/site-packages/airflow/example_dags/example_branch_operator.py took 0.085 seconds
[2024-04-10T05:32:26.393+0000] {processor.py:161} INFO - Started process (PID=3753) to work on /home/airflow/.local/lib/python3.12/site-packages/airflow/example_dags/example_branch_operator.py
[2024-04-10T05:32:26.393+0000] {processor.py:830} INFO - Processing file /home/airflow/.local/lib/python3.12/site-packages/airflow/example_dags/example_branch_operator.py for tasks to queue
[2024-04-10T05:32:26.395+0000] {logging_mixin.py:188} INFO - [2024-04-10T05:32:26.395+0000] {dagbag.py:540} INFO - Filling up the DagBag from /home/airflow/.local/lib/python3.12/site-packages/airflow/example_dags/example_branch_operator.py
[2024-04-10T05:32:26.408+0000] {processor.py:840} INFO - DAG(s) 'example_branch_operator' retrieved from /home/airflow/.local/lib/python3.12/site-packages/airflow/example_dags/example_branch_operator.py
[2024-04-10T05:32:26.433+0000] {logging_mixin.py:188} INFO - [2024-04-10T05:32:26.433+0000] {dag.py:3096} INFO - Sync 1 DAGs
[2024-04-10T05:32:26.452+0000] {logging_mixin.py:188} INFO - [2024-04-10T05:32:26.452+0000] {dag.py:3954} INFO - Setting next_dagrun for example_branch_operator to 2024-04-09 00:00:00+00:00, run_after=2024-04-10 00:00:00+00:00
[2024-04-10T05:32:26.472+0000] {processor.py:183} INFO - Processing /home/airflow/.local/lib/python3.12/site-packages/airflow/example_dags/example_branch_operator.py took 0.084 seconds
[2024-04-10T05:32:56.797+0000] {processor.py:161} INFO - Started process (PID=4025) to work on /home/airflow/.local/lib/python3.12/site-packages/airflow/example_dags/example_branch_operator.py
[2024-04-10T05:32:56.798+0000] {processor.py:830} INFO - Processing file /home/airflow/.local/lib/python3.12/site-packages/airflow/example_dags/example_branch_operator.py for tasks to queue
[2024-04-10T05:32:56.799+0000] {logging_mixin.py:188} INFO - [2024-04-10T05:32:56.799+0000] {dagbag.py:540} INFO - Filling up the DagBag from /home/airflow/.local/lib/python3.12/site-packages/airflow/example_dags/example_branch_operator.py
[2024-04-10T05:32:56.813+0000] {processor.py:840} INFO - DAG(s) 'example_branch_operator' retrieved from /home/airflow/.local/lib/python3.12/site-packages/airflow/example_dags/example_branch_operator.py
[2024-04-10T05:32:56.837+0000] {logging_mixin.py:188} INFO - [2024-04-10T05:32:56.837+0000] {dag.py:3096} INFO - Sync 1 DAGs
[2024-04-10T05:32:56.856+0000] {logging_mixin.py:188} INFO - [2024-04-10T05:32:56.856+0000] {dag.py:3954} INFO - Setting next_dagrun for example_branch_operator to 2024-04-09 00:00:00+00:00, run_after=2024-04-10 00:00:00+00:00
[2024-04-10T05:32:56.877+0000] {processor.py:183} INFO - Processing /home/airflow/.local/lib/python3.12/site-packages/airflow/example_dags/example_branch_operator.py took 0.085 seconds
[2024-04-10T05:33:27.227+0000] {processor.py:161} INFO - Started process (PID=4297) to work on /home/airflow/.local/lib/python3.12/site-packages/airflow/example_dags/example_branch_operator.py
[2024-04-10T05:33:27.228+0000] {processor.py:830} INFO - Processing file /home/airflow/.local/lib/python3.12/site-packages/airflow/example_dags/example_branch_operator.py for tasks to queue
[2024-04-10T05:33:27.230+0000] {logging_mixin.py:188} INFO - [2024-04-10T05:33:27.229+0000] {dagbag.py:540} INFO - Filling up the DagBag from /home/airflow/.local/lib/python3.12/site-packages/airflow/example_dags/example_branch_operator.py
[2024-04-10T05:33:27.249+0000] {processor.py:840} INFO - DAG(s) 'example_branch_operator' retrieved from /home/airflow/.local/lib/python3.12/site-packages/airflow/example_dags/example_branch_operator.py
[2024-04-10T05:33:27.277+0000] {logging_mixin.py:188} INFO - [2024-04-10T05:33:27.277+0000] {dag.py:3096} INFO - Sync 1 DAGs
[2024-04-10T05:33:27.297+0000] {logging_mixin.py:188} INFO - [2024-04-10T05:33:27.297+0000] {dag.py:3954} INFO - Setting next_dagrun for example_branch_operator to 2024-04-09 00:00:00+00:00, run_after=2024-04-10 00:00:00+00:00
[2024-04-10T05:33:27.316+0000] {processor.py:183} INFO - Processing /home/airflow/.local/lib/python3.12/site-packages/airflow/example_dags/example_branch_operator.py took 0.094 seconds
[2024-04-10T05:33:57.746+0000] {processor.py:161} INFO - Started process (PID=4569) to work on /home/airflow/.local/lib/python3.12/site-packages/airflow/example_dags/example_branch_operator.py
[2024-04-10T05:33:57.747+0000] {processor.py:830} INFO - Processing file /home/airflow/.local/lib/python3.12/site-packages/airflow/example_dags/example_branch_operator.py for tasks to queue
[2024-04-10T05:33:57.748+0000] {logging_mixin.py:188} INFO - [2024-04-10T05:33:57.748+0000] {dagbag.py:540} INFO - Filling up the DagBag from /home/airflow/.local/lib/python3.12/site-packages/airflow/example_dags/example_branch_operator.py
[2024-04-10T05:33:57.775+0000] {processor.py:840} INFO - DAG(s) 'example_branch_operator' retrieved from /home/airflow/.local/lib/python3.12/site-packages/airflow/example_dags/example_branch_operator.py
[2024-04-10T05:33:57.808+0000] {logging_mixin.py:188} INFO - [2024-04-10T05:33:57.807+0000] {dag.py:3096} INFO - Sync 1 DAGs
[2024-04-10T05:33:57.837+0000] {logging_mixin.py:188} INFO - [2024-04-10T05:33:57.837+0000] {dag.py:3954} INFO - Setting next_dagrun for example_branch_operator to 2024-04-09 00:00:00+00:00, run_after=2024-04-10 00:00:00+00:00
[2024-04-10T05:33:57.864+0000] {processor.py:183} INFO - Processing /home/airflow/.local/lib/python3.12/site-packages/airflow/example_dags/example_branch_operator.py took 0.123 seconds
[2024-04-10T05:34:28.209+0000] {processor.py:161} INFO - Started process (PID=4840) to work on /home/airflow/.local/lib/python3.12/site-packages/airflow/example_dags/example_branch_operator.py
[2024-04-10T05:34:28.210+0000] {processor.py:830} INFO - Processing file /home/airflow/.local/lib/python3.12/site-packages/airflow/example_dags/example_branch_operator.py for tasks to queue
[2024-04-10T05:34:28.211+0000] {logging_mixin.py:188} INFO - [2024-04-10T05:34:28.211+0000] {dagbag.py:540} INFO - Filling up the DagBag from /home/airflow/.local/lib/python3.12/site-packages/airflow/example_dags/example_branch_operator.py
[2024-04-10T05:34:28.227+0000] {processor.py:840} INFO - DAG(s) 'example_branch_operator' retrieved from /home/airflow/.local/lib/python3.12/site-packages/airflow/example_dags/example_branch_operator.py
[2024-04-10T05:34:28.251+0000] {logging_mixin.py:188} INFO - [2024-04-10T05:34:28.251+0000] {dag.py:3096} INFO - Sync 1 DAGs
[2024-04-10T05:34:28.269+0000] {logging_mixin.py:188} INFO - [2024-04-10T05:34:28.269+0000] {dag.py:3954} INFO - Setting next_dagrun for example_branch_operator to 2024-04-09 00:00:00+00:00, run_after=2024-04-10 00:00:00+00:00
[2024-04-10T05:34:28.291+0000] {processor.py:183} INFO - Processing /home/airflow/.local/lib/python3.12/site-packages/airflow/example_dags/example_branch_operator.py took 0.087 seconds
[2024-04-10T05:34:58.486+0000] {processor.py:161} INFO - Started process (PID=5112) to work on /home/airflow/.local/lib/python3.12/site-packages/airflow/example_dags/example_branch_operator.py
[2024-04-10T05:34:58.486+0000] {processor.py:830} INFO - Processing file /home/airflow/.local/lib/python3.12/site-packages/airflow/example_dags/example_branch_operator.py for tasks to queue
[2024-04-10T05:34:58.488+0000] {logging_mixin.py:188} INFO - [2024-04-10T05:34:58.488+0000] {dagbag.py:540} INFO - Filling up the DagBag from /home/airflow/.local/lib/python3.12/site-packages/airflow/example_dags/example_branch_operator.py
[2024-04-10T05:34:58.509+0000] {processor.py:840} INFO - DAG(s) 'example_branch_operator' retrieved from /home/airflow/.local/lib/python3.12/site-packages/airflow/example_dags/example_branch_operator.py
[2024-04-10T05:34:58.536+0000] {logging_mixin.py:188} INFO - [2024-04-10T05:34:58.536+0000] {dag.py:3096} INFO - Sync 1 DAGs
[2024-04-10T05:34:58.557+0000] {logging_mixin.py:188} INFO - [2024-04-10T05:34:58.557+0000] {dag.py:3954} INFO - Setting next_dagrun for example_branch_operator to 2024-04-09 00:00:00+00:00, run_after=2024-04-10 00:00:00+00:00
[2024-04-10T05:34:58.576+0000] {processor.py:183} INFO - Processing /home/airflow/.local/lib/python3.12/site-packages/airflow/example_dags/example_branch_operator.py took 0.098 seconds
[2024-04-10T05:35:28.834+0000] {processor.py:161} INFO - Started process (PID=5385) to work on /home/airflow/.local/lib/python3.12/site-packages/airflow/example_dags/example_branch_operator.py
[2024-04-10T05:35:28.835+0000] {processor.py:830} INFO - Processing file /home/airflow/.local/lib/python3.12/site-packages/airflow/example_dags/example_branch_operator.py for tasks to queue
[2024-04-10T05:35:28.836+0000] {logging_mixin.py:188} INFO - [2024-04-10T05:35:28.836+0000] {dagbag.py:540} INFO - Filling up the DagBag from /home/airflow/.local/lib/python3.12/site-packages/airflow/example_dags/example_branch_operator.py
[2024-04-10T05:35:28.850+0000] {processor.py:840} INFO - DAG(s) 'example_branch_operator' retrieved from /home/airflow/.local/lib/python3.12/site-packages/airflow/example_dags/example_branch_operator.py
[2024-04-10T05:35:28.876+0000] {logging_mixin.py:188} INFO - [2024-04-10T05:35:28.876+0000] {dag.py:3096} INFO - Sync 1 DAGs
[2024-04-10T05:35:28.895+0000] {logging_mixin.py:188} INFO - [2024-04-10T05:35:28.895+0000] {dag.py:3954} INFO - Setting next_dagrun for example_branch_operator to 2024-04-09 00:00:00+00:00, run_after=2024-04-10 00:00:00+00:00
[2024-04-10T05:35:28.915+0000] {processor.py:183} INFO - Processing /home/airflow/.local/lib/python3.12/site-packages/airflow/example_dags/example_branch_operator.py took 0.085 seconds
[2024-04-10T05:35:59.013+0000] {processor.py:161} INFO - Started process (PID=5658) to work on /home/airflow/.local/lib/python3.12/site-packages/airflow/example_dags/example_branch_operator.py
[2024-04-10T05:35:59.014+0000] {processor.py:830} INFO - Processing file /home/airflow/.local/lib/python3.12/site-packages/airflow/example_dags/example_branch_operator.py for tasks to queue
[2024-04-10T05:35:59.016+0000] {logging_mixin.py:188} INFO - [2024-04-10T05:35:59.016+0000] {dagbag.py:540} INFO - Filling up the DagBag from /home/airflow/.local/lib/python3.12/site-packages/airflow/example_dags/example_branch_operator.py
[2024-04-10T05:35:59.036+0000] {processor.py:840} INFO - DAG(s) 'example_branch_operator' retrieved from /home/airflow/.local/lib/python3.12/site-packages/airflow/example_dags/example_branch_operator.py
[2024-04-10T05:35:59.084+0000] {logging_mixin.py:188} INFO - [2024-04-10T05:35:59.083+0000] {dag.py:3096} INFO - Sync 1 DAGs
[2024-04-10T05:35:59.103+0000] {logging_mixin.py:188} INFO - [2024-04-10T05:35:59.103+0000] {dag.py:3954} INFO - Setting next_dagrun for example_branch_operator to 2024-04-09 00:00:00+00:00, run_after=2024-04-10 00:00:00+00:00
[2024-04-10T05:35:59.124+0000] {processor.py:183} INFO - Processing /home/airflow/.local/lib/python3.12/site-packages/airflow/example_dags/example_branch_operator.py took 0.117 seconds
[2024-04-10T05:36:29.170+0000] {processor.py:161} INFO - Started process (PID=5930) to work on /home/airflow/.local/lib/python3.12/site-packages/airflow/example_dags/example_branch_operator.py
[2024-04-10T05:36:29.171+0000] {processor.py:830} INFO - Processing file /home/airflow/.local/lib/python3.12/site-packages/airflow/example_dags/example_branch_operator.py for tasks to queue
[2024-04-10T05:36:29.172+0000] {logging_mixin.py:188} INFO - [2024-04-10T05:36:29.172+0000] {dagbag.py:540} INFO - Filling up the DagBag from /home/airflow/.local/lib/python3.12/site-packages/airflow/example_dags/example_branch_operator.py
[2024-04-10T05:36:29.186+0000] {processor.py:840} INFO - DAG(s) 'example_branch_operator' retrieved from /home/airflow/.local/lib/python3.12/site-packages/airflow/example_dags/example_branch_operator.py
[2024-04-10T05:36:29.210+0000] {logging_mixin.py:188} INFO - [2024-04-10T05:36:29.210+0000] {dag.py:3096} INFO - Sync 1 DAGs
[2024-04-10T05:36:29.229+0000] {logging_mixin.py:188} INFO - [2024-04-10T05:36:29.228+0000] {dag.py:3954} INFO - Setting next_dagrun for example_branch_operator to 2024-04-09 00:00:00+00:00, run_after=2024-04-10 00:00:00+00:00
[2024-04-10T05:36:29.249+0000] {processor.py:183} INFO - Processing /home/airflow/.local/lib/python3.12/site-packages/airflow/example_dags/example_branch_operator.py took 0.084 seconds
[2024-04-10T05:36:59.583+0000] {processor.py:161} INFO - Started process (PID=6203) to work on /home/airflow/.local/lib/python3.12/site-packages/airflow/example_dags/example_branch_operator.py
[2024-04-10T05:36:59.584+0000] {processor.py:830} INFO - Processing file /home/airflow/.local/lib/python3.12/site-packages/airflow/example_dags/example_branch_operator.py for tasks to queue
[2024-04-10T05:36:59.586+0000] {logging_mixin.py:188} INFO - [2024-04-10T05:36:59.585+0000] {dagbag.py:540} INFO - Filling up the DagBag from /home/airflow/.local/lib/python3.12/site-packages/airflow/example_dags/example_branch_operator.py
[2024-04-10T05:36:59.599+0000] {processor.py:840} INFO - DAG(s) 'example_branch_operator' retrieved from /home/airflow/.local/lib/python3.12/site-packages/airflow/example_dags/example_branch_operator.py
[2024-04-10T05:36:59.623+0000] {logging_mixin.py:188} INFO - [2024-04-10T05:36:59.623+0000] {dag.py:3096} INFO - Sync 1 DAGs
[2024-04-10T05:36:59.642+0000] {logging_mixin.py:188} INFO - [2024-04-10T05:36:59.642+0000] {dag.py:3954} INFO - Setting next_dagrun for example_branch_operator to 2024-04-09 00:00:00+00:00, run_after=2024-04-10 00:00:00+00:00
[2024-04-10T05:36:59.666+0000] {processor.py:183} INFO - Processing /home/airflow/.local/lib/python3.12/site-packages/airflow/example_dags/example_branch_operator.py took 0.087 seconds
[2024-04-10T05:37:30.136+0000] {processor.py:161} INFO - Started process (PID=6472) to work on /home/airflow/.local/lib/python3.12/site-packages/airflow/example_dags/example_branch_operator.py
[2024-04-10T05:37:30.137+0000] {processor.py:830} INFO - Processing file /home/airflow/.local/lib/python3.12/site-packages/airflow/example_dags/example_branch_operator.py for tasks to queue
[2024-04-10T05:37:30.139+0000] {logging_mixin.py:188} INFO - [2024-04-10T05:37:30.139+0000] {dagbag.py:540} INFO - Filling up the DagBag from /home/airflow/.local/lib/python3.12/site-packages/airflow/example_dags/example_branch_operator.py
[2024-04-10T05:37:30.161+0000] {processor.py:840} INFO - DAG(s) 'example_branch_operator' retrieved from /home/airflow/.local/lib/python3.12/site-packages/airflow/example_dags/example_branch_operator.py
[2024-04-10T05:37:30.199+0000] {logging_mixin.py:188} INFO - [2024-04-10T05:37:30.198+0000] {dag.py:3096} INFO - Sync 1 DAGs
[2024-04-10T05:37:30.224+0000] {logging_mixin.py:188} INFO - [2024-04-10T05:37:30.224+0000] {dag.py:3954} INFO - Setting next_dagrun for example_branch_operator to 2024-04-09 00:00:00+00:00, run_after=2024-04-10 00:00:00+00:00
[2024-04-10T05:37:30.248+0000] {processor.py:183} INFO - Processing /home/airflow/.local/lib/python3.12/site-packages/airflow/example_dags/example_branch_operator.py took 0.118 seconds
[2024-04-10T05:38:01.101+0000] {processor.py:161} INFO - Started process (PID=6745) to work on /home/airflow/.local/lib/python3.12/site-packages/airflow/example_dags/example_branch_operator.py
[2024-04-10T05:38:01.102+0000] {processor.py:830} INFO - Processing file /home/airflow/.local/lib/python3.12/site-packages/airflow/example_dags/example_branch_operator.py for tasks to queue
[2024-04-10T05:38:01.103+0000] {logging_mixin.py:188} INFO - [2024-04-10T05:38:01.103+0000] {dagbag.py:540} INFO - Filling up the DagBag from /home/airflow/.local/lib/python3.12/site-packages/airflow/example_dags/example_branch_operator.py
[2024-04-10T05:38:01.300+0000] {processor.py:840} INFO - DAG(s) 'example_branch_operator' retrieved from /home/airflow/.local/lib/python3.12/site-packages/airflow/example_dags/example_branch_operator.py
[2024-04-10T05:38:01.335+0000] {logging_mixin.py:188} INFO - [2024-04-10T05:38:01.334+0000] {dag.py:3096} INFO - Sync 1 DAGs
[2024-04-10T05:38:01.365+0000] {logging_mixin.py:188} INFO - [2024-04-10T05:38:01.364+0000] {dag.py:3954} INFO - Setting next_dagrun for example_branch_operator to 2024-04-09 00:00:00+00:00, run_after=2024-04-10 00:00:00+00:00
[2024-04-10T05:38:01.397+0000] {processor.py:183} INFO - Processing /home/airflow/.local/lib/python3.12/site-packages/airflow/example_dags/example_branch_operator.py took 0.303 seconds
