[2024-04-10T05:25:52.188+0000] {processor.py:161} INFO - Started process (PID=251) to work on /home/airflow/.local/lib/python3.12/site-packages/airflow/example_dags/example_setup_teardown.py
[2024-04-10T05:25:52.189+0000] {processor.py:830} INFO - Processing file /home/airflow/.local/lib/python3.12/site-packages/airflow/example_dags/example_setup_teardown.py for tasks to queue
[2024-04-10T05:25:52.192+0000] {logging_mixin.py:188} INFO - [2024-04-10T05:25:52.191+0000] {dagbag.py:540} INFO - Filling up the DagBag from /home/airflow/.local/lib/python3.12/site-packages/airflow/example_dags/example_setup_teardown.py
[2024-04-10T05:25:52.217+0000] {processor.py:840} INFO - DAG(s) 'example_setup_teardown' retrieved from /home/airflow/.local/lib/python3.12/site-packages/airflow/example_dags/example_setup_teardown.py
[2024-04-10T05:25:52.275+0000] {logging_mixin.py:188} INFO - [2024-04-10T05:25:52.274+0000] {dag.py:3096} INFO - Sync 1 DAGs
[2024-04-10T05:25:52.335+0000] {logging_mixin.py:188} INFO - [2024-04-10T05:25:52.335+0000] {dag.py:3954} INFO - Setting next_dagrun for example_setup_teardown to 2024-04-09 00:00:00+00:00, run_after=2024-04-10 00:00:00+00:00
[2024-04-10T05:25:52.393+0000] {processor.py:183} INFO - Processing /home/airflow/.local/lib/python3.12/site-packages/airflow/example_dags/example_setup_teardown.py took 0.215 seconds
[2024-04-10T05:26:22.913+0000] {processor.py:161} INFO - Started process (PID=526) to work on /home/airflow/.local/lib/python3.12/site-packages/airflow/example_dags/example_setup_teardown.py
[2024-04-10T05:26:22.914+0000] {processor.py:830} INFO - Processing file /home/airflow/.local/lib/python3.12/site-packages/airflow/example_dags/example_setup_teardown.py for tasks to queue
[2024-04-10T05:26:22.916+0000] {logging_mixin.py:188} INFO - [2024-04-10T05:26:22.915+0000] {dagbag.py:540} INFO - Filling up the DagBag from /home/airflow/.local/lib/python3.12/site-packages/airflow/example_dags/example_setup_teardown.py
[2024-04-10T05:26:22.924+0000] {processor.py:840} INFO - DAG(s) 'example_setup_teardown' retrieved from /home/airflow/.local/lib/python3.12/site-packages/airflow/example_dags/example_setup_teardown.py
[2024-04-10T05:26:22.947+0000] {logging_mixin.py:188} INFO - [2024-04-10T05:26:22.947+0000] {dag.py:3096} INFO - Sync 1 DAGs
[2024-04-10T05:26:22.974+0000] {logging_mixin.py:188} INFO - [2024-04-10T05:26:22.974+0000] {dag.py:3954} INFO - Setting next_dagrun for example_setup_teardown to 2024-04-09 00:00:00+00:00, run_after=2024-04-10 00:00:00+00:00
[2024-04-10T05:26:22.998+0000] {processor.py:183} INFO - Processing /home/airflow/.local/lib/python3.12/site-packages/airflow/example_dags/example_setup_teardown.py took 0.092 seconds
[2024-04-10T05:26:53.313+0000] {processor.py:161} INFO - Started process (PID=796) to work on /home/airflow/.local/lib/python3.12/site-packages/airflow/example_dags/example_setup_teardown.py
[2024-04-10T05:26:53.314+0000] {processor.py:830} INFO - Processing file /home/airflow/.local/lib/python3.12/site-packages/airflow/example_dags/example_setup_teardown.py for tasks to queue
[2024-04-10T05:26:53.316+0000] {logging_mixin.py:188} INFO - [2024-04-10T05:26:53.316+0000] {dagbag.py:540} INFO - Filling up the DagBag from /home/airflow/.local/lib/python3.12/site-packages/airflow/example_dags/example_setup_teardown.py
[2024-04-10T05:26:53.323+0000] {processor.py:840} INFO - DAG(s) 'example_setup_teardown' retrieved from /home/airflow/.local/lib/python3.12/site-packages/airflow/example_dags/example_setup_teardown.py
[2024-04-10T05:26:53.347+0000] {logging_mixin.py:188} INFO - [2024-04-10T05:26:53.347+0000] {dag.py:3096} INFO - Sync 1 DAGs
[2024-04-10T05:26:53.372+0000] {logging_mixin.py:188} INFO - [2024-04-10T05:26:53.372+0000] {dag.py:3954} INFO - Setting next_dagrun for example_setup_teardown to 2024-04-09 00:00:00+00:00, run_after=2024-04-10 00:00:00+00:00
[2024-04-10T05:26:53.395+0000] {processor.py:183} INFO - Processing /home/airflow/.local/lib/python3.12/site-packages/airflow/example_dags/example_setup_teardown.py took 0.088 seconds
[2024-04-10T05:27:23.454+0000] {processor.py:161} INFO - Started process (PID=1069) to work on /home/airflow/.local/lib/python3.12/site-packages/airflow/example_dags/example_setup_teardown.py
[2024-04-10T05:27:23.455+0000] {processor.py:830} INFO - Processing file /home/airflow/.local/lib/python3.12/site-packages/airflow/example_dags/example_setup_teardown.py for tasks to queue
[2024-04-10T05:27:23.457+0000] {logging_mixin.py:188} INFO - [2024-04-10T05:27:23.457+0000] {dagbag.py:540} INFO - Filling up the DagBag from /home/airflow/.local/lib/python3.12/site-packages/airflow/example_dags/example_setup_teardown.py
[2024-04-10T05:27:23.465+0000] {processor.py:840} INFO - DAG(s) 'example_setup_teardown' retrieved from /home/airflow/.local/lib/python3.12/site-packages/airflow/example_dags/example_setup_teardown.py
[2024-04-10T05:27:23.487+0000] {logging_mixin.py:188} INFO - [2024-04-10T05:27:23.487+0000] {dag.py:3096} INFO - Sync 1 DAGs
[2024-04-10T05:27:23.526+0000] {logging_mixin.py:188} INFO - [2024-04-10T05:27:23.525+0000] {dag.py:3954} INFO - Setting next_dagrun for example_setup_teardown to 2024-04-09 00:00:00+00:00, run_after=2024-04-10 00:00:00+00:00
[2024-04-10T05:27:23.565+0000] {processor.py:183} INFO - Processing /home/airflow/.local/lib/python3.12/site-packages/airflow/example_dags/example_setup_teardown.py took 0.117 seconds
[2024-04-10T05:27:54.253+0000] {processor.py:161} INFO - Started process (PID=1341) to work on /home/airflow/.local/lib/python3.12/site-packages/airflow/example_dags/example_setup_teardown.py
[2024-04-10T05:27:54.254+0000] {processor.py:830} INFO - Processing file /home/airflow/.local/lib/python3.12/site-packages/airflow/example_dags/example_setup_teardown.py for tasks to queue
[2024-04-10T05:27:54.256+0000] {logging_mixin.py:188} INFO - [2024-04-10T05:27:54.256+0000] {dagbag.py:540} INFO - Filling up the DagBag from /home/airflow/.local/lib/python3.12/site-packages/airflow/example_dags/example_setup_teardown.py
[2024-04-10T05:27:54.264+0000] {processor.py:840} INFO - DAG(s) 'example_setup_teardown' retrieved from /home/airflow/.local/lib/python3.12/site-packages/airflow/example_dags/example_setup_teardown.py
[2024-04-10T05:27:54.287+0000] {logging_mixin.py:188} INFO - [2024-04-10T05:27:54.287+0000] {dag.py:3096} INFO - Sync 1 DAGs
[2024-04-10T05:27:54.311+0000] {logging_mixin.py:188} INFO - [2024-04-10T05:27:54.311+0000] {dag.py:3954} INFO - Setting next_dagrun for example_setup_teardown to 2024-04-09 00:00:00+00:00, run_after=2024-04-10 00:00:00+00:00
[2024-04-10T05:27:54.335+0000] {processor.py:183} INFO - Processing /home/airflow/.local/lib/python3.12/site-packages/airflow/example_dags/example_setup_teardown.py took 0.089 seconds
[2024-04-10T05:28:25.553+0000] {processor.py:161} INFO - Started process (PID=1612) to work on /home/airflow/.local/lib/python3.12/site-packages/airflow/example_dags/example_setup_teardown.py
[2024-04-10T05:28:25.554+0000] {processor.py:830} INFO - Processing file /home/airflow/.local/lib/python3.12/site-packages/airflow/example_dags/example_setup_teardown.py for tasks to queue
[2024-04-10T05:28:25.556+0000] {logging_mixin.py:188} INFO - [2024-04-10T05:28:25.555+0000] {dagbag.py:540} INFO - Filling up the DagBag from /home/airflow/.local/lib/python3.12/site-packages/airflow/example_dags/example_setup_teardown.py
[2024-04-10T05:28:25.563+0000] {processor.py:840} INFO - DAG(s) 'example_setup_teardown' retrieved from /home/airflow/.local/lib/python3.12/site-packages/airflow/example_dags/example_setup_teardown.py
[2024-04-10T05:28:25.588+0000] {logging_mixin.py:188} INFO - [2024-04-10T05:28:25.587+0000] {dag.py:3096} INFO - Sync 1 DAGs
[2024-04-10T05:28:25.615+0000] {logging_mixin.py:188} INFO - [2024-04-10T05:28:25.615+0000] {dag.py:3954} INFO - Setting next_dagrun for example_setup_teardown to 2024-04-09 00:00:00+00:00, run_after=2024-04-10 00:00:00+00:00
[2024-04-10T05:28:25.639+0000] {processor.py:183} INFO - Processing /home/airflow/.local/lib/python3.12/site-packages/airflow/example_dags/example_setup_teardown.py took 0.093 seconds
[2024-04-10T05:28:56.531+0000] {processor.py:161} INFO - Started process (PID=1885) to work on /home/airflow/.local/lib/python3.12/site-packages/airflow/example_dags/example_setup_teardown.py
[2024-04-10T05:28:56.532+0000] {processor.py:830} INFO - Processing file /home/airflow/.local/lib/python3.12/site-packages/airflow/example_dags/example_setup_teardown.py for tasks to queue
[2024-04-10T05:28:56.535+0000] {logging_mixin.py:188} INFO - [2024-04-10T05:28:56.534+0000] {dagbag.py:540} INFO - Filling up the DagBag from /home/airflow/.local/lib/python3.12/site-packages/airflow/example_dags/example_setup_teardown.py
[2024-04-10T05:28:56.543+0000] {processor.py:840} INFO - DAG(s) 'example_setup_teardown' retrieved from /home/airflow/.local/lib/python3.12/site-packages/airflow/example_dags/example_setup_teardown.py
[2024-04-10T05:28:56.566+0000] {logging_mixin.py:188} INFO - [2024-04-10T05:28:56.566+0000] {dag.py:3096} INFO - Sync 1 DAGs
[2024-04-10T05:28:56.592+0000] {logging_mixin.py:188} INFO - [2024-04-10T05:28:56.592+0000] {dag.py:3954} INFO - Setting next_dagrun for example_setup_teardown to 2024-04-09 00:00:00+00:00, run_after=2024-04-10 00:00:00+00:00
[2024-04-10T05:28:56.616+0000] {processor.py:183} INFO - Processing /home/airflow/.local/lib/python3.12/site-packages/airflow/example_dags/example_setup_teardown.py took 0.092 seconds
[2024-04-10T05:29:27.075+0000] {processor.py:161} INFO - Started process (PID=2158) to work on /home/airflow/.local/lib/python3.12/site-packages/airflow/example_dags/example_setup_teardown.py
[2024-04-10T05:29:27.076+0000] {processor.py:830} INFO - Processing file /home/airflow/.local/lib/python3.12/site-packages/airflow/example_dags/example_setup_teardown.py for tasks to queue
[2024-04-10T05:29:27.077+0000] {logging_mixin.py:188} INFO - [2024-04-10T05:29:27.077+0000] {dagbag.py:540} INFO - Filling up the DagBag from /home/airflow/.local/lib/python3.12/site-packages/airflow/example_dags/example_setup_teardown.py
[2024-04-10T05:29:27.084+0000] {processor.py:840} INFO - DAG(s) 'example_setup_teardown' retrieved from /home/airflow/.local/lib/python3.12/site-packages/airflow/example_dags/example_setup_teardown.py
[2024-04-10T05:29:27.105+0000] {logging_mixin.py:188} INFO - [2024-04-10T05:29:27.105+0000] {dag.py:3096} INFO - Sync 1 DAGs
[2024-04-10T05:29:27.133+0000] {logging_mixin.py:188} INFO - [2024-04-10T05:29:27.133+0000] {dag.py:3954} INFO - Setting next_dagrun for example_setup_teardown to 2024-04-09 00:00:00+00:00, run_after=2024-04-10 00:00:00+00:00
[2024-04-10T05:29:27.157+0000] {processor.py:183} INFO - Processing /home/airflow/.local/lib/python3.12/site-packages/airflow/example_dags/example_setup_teardown.py took 0.088 seconds
[2024-04-10T05:29:57.229+0000] {processor.py:161} INFO - Started process (PID=2430) to work on /home/airflow/.local/lib/python3.12/site-packages/airflow/example_dags/example_setup_teardown.py
[2024-04-10T05:29:57.230+0000] {processor.py:830} INFO - Processing file /home/airflow/.local/lib/python3.12/site-packages/airflow/example_dags/example_setup_teardown.py for tasks to queue
[2024-04-10T05:29:57.232+0000] {logging_mixin.py:188} INFO - [2024-04-10T05:29:57.232+0000] {dagbag.py:540} INFO - Filling up the DagBag from /home/airflow/.local/lib/python3.12/site-packages/airflow/example_dags/example_setup_teardown.py
[2024-04-10T05:29:57.240+0000] {processor.py:840} INFO - DAG(s) 'example_setup_teardown' retrieved from /home/airflow/.local/lib/python3.12/site-packages/airflow/example_dags/example_setup_teardown.py
[2024-04-10T05:29:57.264+0000] {logging_mixin.py:188} INFO - [2024-04-10T05:29:57.263+0000] {dag.py:3096} INFO - Sync 1 DAGs
[2024-04-10T05:29:57.289+0000] {logging_mixin.py:188} INFO - [2024-04-10T05:29:57.288+0000] {dag.py:3954} INFO - Setting next_dagrun for example_setup_teardown to 2024-04-09 00:00:00+00:00, run_after=2024-04-10 00:00:00+00:00
[2024-04-10T05:29:57.319+0000] {processor.py:183} INFO - Processing /home/airflow/.local/lib/python3.12/site-packages/airflow/example_dags/example_setup_teardown.py took 0.098 seconds
[2024-04-10T05:30:28.277+0000] {processor.py:161} INFO - Started process (PID=2702) to work on /home/airflow/.local/lib/python3.12/site-packages/airflow/example_dags/example_setup_teardown.py
[2024-04-10T05:30:28.278+0000] {processor.py:830} INFO - Processing file /home/airflow/.local/lib/python3.12/site-packages/airflow/example_dags/example_setup_teardown.py for tasks to queue
[2024-04-10T05:30:28.280+0000] {logging_mixin.py:188} INFO - [2024-04-10T05:30:28.279+0000] {dagbag.py:540} INFO - Filling up the DagBag from /home/airflow/.local/lib/python3.12/site-packages/airflow/example_dags/example_setup_teardown.py
[2024-04-10T05:30:28.287+0000] {processor.py:840} INFO - DAG(s) 'example_setup_teardown' retrieved from /home/airflow/.local/lib/python3.12/site-packages/airflow/example_dags/example_setup_teardown.py
[2024-04-10T05:30:28.318+0000] {logging_mixin.py:188} INFO - [2024-04-10T05:30:28.318+0000] {dag.py:3096} INFO - Sync 1 DAGs
[2024-04-10T05:30:28.350+0000] {logging_mixin.py:188} INFO - [2024-04-10T05:30:28.350+0000] {dag.py:3954} INFO - Setting next_dagrun for example_setup_teardown to 2024-04-09 00:00:00+00:00, run_after=2024-04-10 00:00:00+00:00
[2024-04-10T05:30:28.380+0000] {processor.py:183} INFO - Processing /home/airflow/.local/lib/python3.12/site-packages/airflow/example_dags/example_setup_teardown.py took 0.110 seconds
[2024-04-10T05:30:58.605+0000] {processor.py:161} INFO - Started process (PID=2971) to work on /home/airflow/.local/lib/python3.12/site-packages/airflow/example_dags/example_setup_teardown.py
[2024-04-10T05:30:58.605+0000] {processor.py:830} INFO - Processing file /home/airflow/.local/lib/python3.12/site-packages/airflow/example_dags/example_setup_teardown.py for tasks to queue
[2024-04-10T05:30:58.607+0000] {logging_mixin.py:188} INFO - [2024-04-10T05:30:58.607+0000] {dagbag.py:540} INFO - Filling up the DagBag from /home/airflow/.local/lib/python3.12/site-packages/airflow/example_dags/example_setup_teardown.py
[2024-04-10T05:30:58.615+0000] {processor.py:840} INFO - DAG(s) 'example_setup_teardown' retrieved from /home/airflow/.local/lib/python3.12/site-packages/airflow/example_dags/example_setup_teardown.py
[2024-04-10T05:30:58.640+0000] {logging_mixin.py:188} INFO - [2024-04-10T05:30:58.640+0000] {dag.py:3096} INFO - Sync 1 DAGs
[2024-04-10T05:30:58.671+0000] {logging_mixin.py:188} INFO - [2024-04-10T05:30:58.671+0000] {dag.py:3954} INFO - Setting next_dagrun for example_setup_teardown to 2024-04-09 00:00:00+00:00, run_after=2024-04-10 00:00:00+00:00
[2024-04-10T05:30:58.700+0000] {processor.py:183} INFO - Processing /home/airflow/.local/lib/python3.12/site-packages/airflow/example_dags/example_setup_teardown.py took 0.102 seconds
[2024-04-10T05:31:28.964+0000] {processor.py:161} INFO - Started process (PID=3243) to work on /home/airflow/.local/lib/python3.12/site-packages/airflow/example_dags/example_setup_teardown.py
[2024-04-10T05:31:28.966+0000] {processor.py:830} INFO - Processing file /home/airflow/.local/lib/python3.12/site-packages/airflow/example_dags/example_setup_teardown.py for tasks to queue
[2024-04-10T05:31:28.967+0000] {logging_mixin.py:188} INFO - [2024-04-10T05:31:28.967+0000] {dagbag.py:540} INFO - Filling up the DagBag from /home/airflow/.local/lib/python3.12/site-packages/airflow/example_dags/example_setup_teardown.py
[2024-04-10T05:31:28.979+0000] {processor.py:840} INFO - DAG(s) 'example_setup_teardown' retrieved from /home/airflow/.local/lib/python3.12/site-packages/airflow/example_dags/example_setup_teardown.py
[2024-04-10T05:31:29.004+0000] {logging_mixin.py:188} INFO - [2024-04-10T05:31:29.004+0000] {dag.py:3096} INFO - Sync 1 DAGs
[2024-04-10T05:31:29.031+0000] {logging_mixin.py:188} INFO - [2024-04-10T05:31:29.031+0000] {dag.py:3954} INFO - Setting next_dagrun for example_setup_teardown to 2024-04-09 00:00:00+00:00, run_after=2024-04-10 00:00:00+00:00
[2024-04-10T05:31:29.061+0000] {processor.py:183} INFO - Processing /home/airflow/.local/lib/python3.12/site-packages/airflow/example_dags/example_setup_teardown.py took 0.103 seconds
[2024-04-10T05:31:59.128+0000] {processor.py:161} INFO - Started process (PID=3516) to work on /home/airflow/.local/lib/python3.12/site-packages/airflow/example_dags/example_setup_teardown.py
[2024-04-10T05:31:59.130+0000] {processor.py:830} INFO - Processing file /home/airflow/.local/lib/python3.12/site-packages/airflow/example_dags/example_setup_teardown.py for tasks to queue
[2024-04-10T05:31:59.132+0000] {logging_mixin.py:188} INFO - [2024-04-10T05:31:59.131+0000] {dagbag.py:540} INFO - Filling up the DagBag from /home/airflow/.local/lib/python3.12/site-packages/airflow/example_dags/example_setup_teardown.py
[2024-04-10T05:31:59.154+0000] {processor.py:840} INFO - DAG(s) 'example_setup_teardown' retrieved from /home/airflow/.local/lib/python3.12/site-packages/airflow/example_dags/example_setup_teardown.py
[2024-04-10T05:31:59.203+0000] {logging_mixin.py:188} INFO - [2024-04-10T05:31:59.203+0000] {dag.py:3096} INFO - Sync 1 DAGs
[2024-04-10T05:31:59.251+0000] {logging_mixin.py:188} INFO - [2024-04-10T05:31:59.251+0000] {dag.py:3954} INFO - Setting next_dagrun for example_setup_teardown to 2024-04-09 00:00:00+00:00, run_after=2024-04-10 00:00:00+00:00
[2024-04-10T05:31:59.290+0000] {processor.py:183} INFO - Processing /home/airflow/.local/lib/python3.12/site-packages/airflow/example_dags/example_setup_teardown.py took 0.168 seconds
[2024-04-10T05:32:29.881+0000] {processor.py:161} INFO - Started process (PID=3788) to work on /home/airflow/.local/lib/python3.12/site-packages/airflow/example_dags/example_setup_teardown.py
[2024-04-10T05:32:29.883+0000] {processor.py:830} INFO - Processing file /home/airflow/.local/lib/python3.12/site-packages/airflow/example_dags/example_setup_teardown.py for tasks to queue
[2024-04-10T05:32:29.886+0000] {logging_mixin.py:188} INFO - [2024-04-10T05:32:29.885+0000] {dagbag.py:540} INFO - Filling up the DagBag from /home/airflow/.local/lib/python3.12/site-packages/airflow/example_dags/example_setup_teardown.py
[2024-04-10T05:32:29.893+0000] {processor.py:840} INFO - DAG(s) 'example_setup_teardown' retrieved from /home/airflow/.local/lib/python3.12/site-packages/airflow/example_dags/example_setup_teardown.py
[2024-04-10T05:32:29.940+0000] {logging_mixin.py:188} INFO - [2024-04-10T05:32:29.939+0000] {dag.py:3096} INFO - Sync 1 DAGs
[2024-04-10T05:32:29.972+0000] {logging_mixin.py:188} INFO - [2024-04-10T05:32:29.971+0000] {dag.py:3954} INFO - Setting next_dagrun for example_setup_teardown to 2024-04-09 00:00:00+00:00, run_after=2024-04-10 00:00:00+00:00
[2024-04-10T05:32:30.054+0000] {processor.py:183} INFO - Processing /home/airflow/.local/lib/python3.12/site-packages/airflow/example_dags/example_setup_teardown.py took 0.186 seconds
[2024-04-10T05:33:00.265+0000] {processor.py:161} INFO - Started process (PID=4060) to work on /home/airflow/.local/lib/python3.12/site-packages/airflow/example_dags/example_setup_teardown.py
[2024-04-10T05:33:00.266+0000] {processor.py:830} INFO - Processing file /home/airflow/.local/lib/python3.12/site-packages/airflow/example_dags/example_setup_teardown.py for tasks to queue
[2024-04-10T05:33:00.268+0000] {logging_mixin.py:188} INFO - [2024-04-10T05:33:00.268+0000] {dagbag.py:540} INFO - Filling up the DagBag from /home/airflow/.local/lib/python3.12/site-packages/airflow/example_dags/example_setup_teardown.py
[2024-04-10T05:33:00.275+0000] {processor.py:840} INFO - DAG(s) 'example_setup_teardown' retrieved from /home/airflow/.local/lib/python3.12/site-packages/airflow/example_dags/example_setup_teardown.py
[2024-04-10T05:33:00.300+0000] {logging_mixin.py:188} INFO - [2024-04-10T05:33:00.299+0000] {dag.py:3096} INFO - Sync 1 DAGs
[2024-04-10T05:33:00.326+0000] {logging_mixin.py:188} INFO - [2024-04-10T05:33:00.325+0000] {dag.py:3954} INFO - Setting next_dagrun for example_setup_teardown to 2024-04-09 00:00:00+00:00, run_after=2024-04-10 00:00:00+00:00
[2024-04-10T05:33:00.366+0000] {processor.py:183} INFO - Processing /home/airflow/.local/lib/python3.12/site-packages/airflow/example_dags/example_setup_teardown.py took 0.107 seconds
[2024-04-10T05:33:30.761+0000] {processor.py:161} INFO - Started process (PID=4332) to work on /home/airflow/.local/lib/python3.12/site-packages/airflow/example_dags/example_setup_teardown.py
[2024-04-10T05:33:30.765+0000] {processor.py:830} INFO - Processing file /home/airflow/.local/lib/python3.12/site-packages/airflow/example_dags/example_setup_teardown.py for tasks to queue
[2024-04-10T05:33:30.768+0000] {logging_mixin.py:188} INFO - [2024-04-10T05:33:30.767+0000] {dagbag.py:540} INFO - Filling up the DagBag from /home/airflow/.local/lib/python3.12/site-packages/airflow/example_dags/example_setup_teardown.py
[2024-04-10T05:33:30.783+0000] {processor.py:840} INFO - DAG(s) 'example_setup_teardown' retrieved from /home/airflow/.local/lib/python3.12/site-packages/airflow/example_dags/example_setup_teardown.py
[2024-04-10T05:33:30.838+0000] {logging_mixin.py:188} INFO - [2024-04-10T05:33:30.838+0000] {dag.py:3096} INFO - Sync 1 DAGs
[2024-04-10T05:33:30.875+0000] {logging_mixin.py:188} INFO - [2024-04-10T05:33:30.874+0000] {dag.py:3954} INFO - Setting next_dagrun for example_setup_teardown to 2024-04-09 00:00:00+00:00, run_after=2024-04-10 00:00:00+00:00
[2024-04-10T05:33:30.909+0000] {processor.py:183} INFO - Processing /home/airflow/.local/lib/python3.12/site-packages/airflow/example_dags/example_setup_teardown.py took 0.157 seconds
[2024-04-10T05:34:01.093+0000] {processor.py:161} INFO - Started process (PID=4604) to work on /home/airflow/.local/lib/python3.12/site-packages/airflow/example_dags/example_setup_teardown.py
[2024-04-10T05:34:01.094+0000] {processor.py:830} INFO - Processing file /home/airflow/.local/lib/python3.12/site-packages/airflow/example_dags/example_setup_teardown.py for tasks to queue
[2024-04-10T05:34:01.096+0000] {logging_mixin.py:188} INFO - [2024-04-10T05:34:01.095+0000] {dagbag.py:540} INFO - Filling up the DagBag from /home/airflow/.local/lib/python3.12/site-packages/airflow/example_dags/example_setup_teardown.py
[2024-04-10T05:34:01.103+0000] {processor.py:840} INFO - DAG(s) 'example_setup_teardown' retrieved from /home/airflow/.local/lib/python3.12/site-packages/airflow/example_dags/example_setup_teardown.py
[2024-04-10T05:34:01.128+0000] {logging_mixin.py:188} INFO - [2024-04-10T05:34:01.128+0000] {dag.py:3096} INFO - Sync 1 DAGs
[2024-04-10T05:34:01.155+0000] {logging_mixin.py:188} INFO - [2024-04-10T05:34:01.154+0000] {dag.py:3954} INFO - Setting next_dagrun for example_setup_teardown to 2024-04-09 00:00:00+00:00, run_after=2024-04-10 00:00:00+00:00
[2024-04-10T05:34:01.182+0000] {processor.py:183} INFO - Processing /home/airflow/.local/lib/python3.12/site-packages/airflow/example_dags/example_setup_teardown.py took 0.095 seconds
[2024-04-10T05:34:31.637+0000] {processor.py:161} INFO - Started process (PID=4875) to work on /home/airflow/.local/lib/python3.12/site-packages/airflow/example_dags/example_setup_teardown.py
[2024-04-10T05:34:31.638+0000] {processor.py:830} INFO - Processing file /home/airflow/.local/lib/python3.12/site-packages/airflow/example_dags/example_setup_teardown.py for tasks to queue
[2024-04-10T05:34:31.639+0000] {logging_mixin.py:188} INFO - [2024-04-10T05:34:31.639+0000] {dagbag.py:540} INFO - Filling up the DagBag from /home/airflow/.local/lib/python3.12/site-packages/airflow/example_dags/example_setup_teardown.py
[2024-04-10T05:34:31.646+0000] {processor.py:840} INFO - DAG(s) 'example_setup_teardown' retrieved from /home/airflow/.local/lib/python3.12/site-packages/airflow/example_dags/example_setup_teardown.py
[2024-04-10T05:34:31.684+0000] {logging_mixin.py:188} INFO - [2024-04-10T05:34:31.684+0000] {dag.py:3096} INFO - Sync 1 DAGs
[2024-04-10T05:34:31.726+0000] {logging_mixin.py:188} INFO - [2024-04-10T05:34:31.725+0000] {dag.py:3954} INFO - Setting next_dagrun for example_setup_teardown to 2024-04-09 00:00:00+00:00, run_after=2024-04-10 00:00:00+00:00
[2024-04-10T05:34:31.750+0000] {processor.py:183} INFO - Processing /home/airflow/.local/lib/python3.12/site-packages/airflow/example_dags/example_setup_teardown.py took 0.121 seconds
[2024-04-10T05:35:01.866+0000] {processor.py:161} INFO - Started process (PID=5147) to work on /home/airflow/.local/lib/python3.12/site-packages/airflow/example_dags/example_setup_teardown.py
[2024-04-10T05:35:01.867+0000] {processor.py:830} INFO - Processing file /home/airflow/.local/lib/python3.12/site-packages/airflow/example_dags/example_setup_teardown.py for tasks to queue
[2024-04-10T05:35:01.869+0000] {logging_mixin.py:188} INFO - [2024-04-10T05:35:01.868+0000] {dagbag.py:540} INFO - Filling up the DagBag from /home/airflow/.local/lib/python3.12/site-packages/airflow/example_dags/example_setup_teardown.py
[2024-04-10T05:35:01.878+0000] {processor.py:840} INFO - DAG(s) 'example_setup_teardown' retrieved from /home/airflow/.local/lib/python3.12/site-packages/airflow/example_dags/example_setup_teardown.py
[2024-04-10T05:35:01.898+0000] {logging_mixin.py:188} INFO - [2024-04-10T05:35:01.898+0000] {dag.py:3096} INFO - Sync 1 DAGs
[2024-04-10T05:35:01.917+0000] {logging_mixin.py:188} INFO - [2024-04-10T05:35:01.916+0000] {dag.py:3954} INFO - Setting next_dagrun for example_setup_teardown to 2024-04-09 00:00:00+00:00, run_after=2024-04-10 00:00:00+00:00
[2024-04-10T05:35:01.936+0000] {processor.py:183} INFO - Processing /home/airflow/.local/lib/python3.12/site-packages/airflow/example_dags/example_setup_teardown.py took 0.077 seconds
[2024-04-10T05:35:32.312+0000] {processor.py:161} INFO - Started process (PID=5420) to work on /home/airflow/.local/lib/python3.12/site-packages/airflow/example_dags/example_setup_teardown.py
[2024-04-10T05:35:32.313+0000] {processor.py:830} INFO - Processing file /home/airflow/.local/lib/python3.12/site-packages/airflow/example_dags/example_setup_teardown.py for tasks to queue
[2024-04-10T05:35:32.315+0000] {logging_mixin.py:188} INFO - [2024-04-10T05:35:32.315+0000] {dagbag.py:540} INFO - Filling up the DagBag from /home/airflow/.local/lib/python3.12/site-packages/airflow/example_dags/example_setup_teardown.py
[2024-04-10T05:35:32.322+0000] {processor.py:840} INFO - DAG(s) 'example_setup_teardown' retrieved from /home/airflow/.local/lib/python3.12/site-packages/airflow/example_dags/example_setup_teardown.py
[2024-04-10T05:35:32.393+0000] {logging_mixin.py:188} INFO - [2024-04-10T05:35:32.391+0000] {dag.py:3096} INFO - Sync 1 DAGs
[2024-04-10T05:35:32.476+0000] {logging_mixin.py:188} INFO - [2024-04-10T05:35:32.475+0000] {dag.py:3954} INFO - Setting next_dagrun for example_setup_teardown to 2024-04-09 00:00:00+00:00, run_after=2024-04-10 00:00:00+00:00
[2024-04-10T05:35:32.513+0000] {processor.py:183} INFO - Processing /home/airflow/.local/lib/python3.12/site-packages/airflow/example_dags/example_setup_teardown.py took 0.207 seconds
[2024-04-10T05:36:03.477+0000] {processor.py:161} INFO - Started process (PID=5693) to work on /home/airflow/.local/lib/python3.12/site-packages/airflow/example_dags/example_setup_teardown.py
[2024-04-10T05:36:03.479+0000] {processor.py:830} INFO - Processing file /home/airflow/.local/lib/python3.12/site-packages/airflow/example_dags/example_setup_teardown.py for tasks to queue
[2024-04-10T05:36:03.480+0000] {logging_mixin.py:188} INFO - [2024-04-10T05:36:03.480+0000] {dagbag.py:540} INFO - Filling up the DagBag from /home/airflow/.local/lib/python3.12/site-packages/airflow/example_dags/example_setup_teardown.py
[2024-04-10T05:36:03.488+0000] {processor.py:840} INFO - DAG(s) 'example_setup_teardown' retrieved from /home/airflow/.local/lib/python3.12/site-packages/airflow/example_dags/example_setup_teardown.py
[2024-04-10T05:36:03.514+0000] {logging_mixin.py:188} INFO - [2024-04-10T05:36:03.514+0000] {dag.py:3096} INFO - Sync 1 DAGs
[2024-04-10T05:36:03.540+0000] {logging_mixin.py:188} INFO - [2024-04-10T05:36:03.540+0000] {dag.py:3954} INFO - Setting next_dagrun for example_setup_teardown to 2024-04-09 00:00:00+00:00, run_after=2024-04-10 00:00:00+00:00
[2024-04-10T05:36:03.566+0000] {processor.py:183} INFO - Processing /home/airflow/.local/lib/python3.12/site-packages/airflow/example_dags/example_setup_teardown.py took 0.095 seconds
[2024-04-10T05:36:33.650+0000] {processor.py:161} INFO - Started process (PID=5965) to work on /home/airflow/.local/lib/python3.12/site-packages/airflow/example_dags/example_setup_teardown.py
[2024-04-10T05:36:33.651+0000] {processor.py:830} INFO - Processing file /home/airflow/.local/lib/python3.12/site-packages/airflow/example_dags/example_setup_teardown.py for tasks to queue
[2024-04-10T05:36:33.653+0000] {logging_mixin.py:188} INFO - [2024-04-10T05:36:33.653+0000] {dagbag.py:540} INFO - Filling up the DagBag from /home/airflow/.local/lib/python3.12/site-packages/airflow/example_dags/example_setup_teardown.py
[2024-04-10T05:36:33.660+0000] {processor.py:840} INFO - DAG(s) 'example_setup_teardown' retrieved from /home/airflow/.local/lib/python3.12/site-packages/airflow/example_dags/example_setup_teardown.py
[2024-04-10T05:36:33.687+0000] {logging_mixin.py:188} INFO - [2024-04-10T05:36:33.686+0000] {dag.py:3096} INFO - Sync 1 DAGs
[2024-04-10T05:36:33.714+0000] {logging_mixin.py:188} INFO - [2024-04-10T05:36:33.714+0000] {dag.py:3954} INFO - Setting next_dagrun for example_setup_teardown to 2024-04-09 00:00:00+00:00, run_after=2024-04-10 00:00:00+00:00
[2024-04-10T05:36:33.738+0000] {processor.py:183} INFO - Processing /home/airflow/.local/lib/python3.12/site-packages/airflow/example_dags/example_setup_teardown.py took 0.094 seconds
[2024-04-10T05:37:03.889+0000] {processor.py:161} INFO - Started process (PID=6238) to work on /home/airflow/.local/lib/python3.12/site-packages/airflow/example_dags/example_setup_teardown.py
[2024-04-10T05:37:03.890+0000] {processor.py:830} INFO - Processing file /home/airflow/.local/lib/python3.12/site-packages/airflow/example_dags/example_setup_teardown.py for tasks to queue
[2024-04-10T05:37:03.892+0000] {logging_mixin.py:188} INFO - [2024-04-10T05:37:03.892+0000] {dagbag.py:540} INFO - Filling up the DagBag from /home/airflow/.local/lib/python3.12/site-packages/airflow/example_dags/example_setup_teardown.py
[2024-04-10T05:37:03.900+0000] {processor.py:840} INFO - DAG(s) 'example_setup_teardown' retrieved from /home/airflow/.local/lib/python3.12/site-packages/airflow/example_dags/example_setup_teardown.py
[2024-04-10T05:37:03.925+0000] {logging_mixin.py:188} INFO - [2024-04-10T05:37:03.925+0000] {dag.py:3096} INFO - Sync 1 DAGs
[2024-04-10T05:37:03.951+0000] {logging_mixin.py:188} INFO - [2024-04-10T05:37:03.951+0000] {dag.py:3954} INFO - Setting next_dagrun for example_setup_teardown to 2024-04-09 00:00:00+00:00, run_after=2024-04-10 00:00:00+00:00
[2024-04-10T05:37:03.977+0000] {processor.py:183} INFO - Processing /home/airflow/.local/lib/python3.12/site-packages/airflow/example_dags/example_setup_teardown.py took 0.095 seconds
[2024-04-10T05:37:34.577+0000] {processor.py:161} INFO - Started process (PID=6510) to work on /home/airflow/.local/lib/python3.12/site-packages/airflow/example_dags/example_setup_teardown.py
[2024-04-10T05:37:34.581+0000] {processor.py:830} INFO - Processing file /home/airflow/.local/lib/python3.12/site-packages/airflow/example_dags/example_setup_teardown.py for tasks to queue
[2024-04-10T05:37:34.583+0000] {logging_mixin.py:188} INFO - [2024-04-10T05:37:34.583+0000] {dagbag.py:540} INFO - Filling up the DagBag from /home/airflow/.local/lib/python3.12/site-packages/airflow/example_dags/example_setup_teardown.py
[2024-04-10T05:37:34.594+0000] {processor.py:840} INFO - DAG(s) 'example_setup_teardown' retrieved from /home/airflow/.local/lib/python3.12/site-packages/airflow/example_dags/example_setup_teardown.py
[2024-04-10T05:37:34.620+0000] {logging_mixin.py:188} INFO - [2024-04-10T05:37:34.620+0000] {dag.py:3096} INFO - Sync 1 DAGs
[2024-04-10T05:37:34.689+0000] {logging_mixin.py:188} INFO - [2024-04-10T05:37:34.689+0000] {dag.py:3954} INFO - Setting next_dagrun for example_setup_teardown to 2024-04-09 00:00:00+00:00, run_after=2024-04-10 00:00:00+00:00
[2024-04-10T05:37:34.729+0000] {processor.py:183} INFO - Processing /home/airflow/.local/lib/python3.12/site-packages/airflow/example_dags/example_setup_teardown.py took 0.162 seconds
[2024-04-10T05:38:05.129+0000] {processor.py:161} INFO - Started process (PID=6782) to work on /home/airflow/.local/lib/python3.12/site-packages/airflow/example_dags/example_setup_teardown.py
[2024-04-10T05:38:05.130+0000] {processor.py:830} INFO - Processing file /home/airflow/.local/lib/python3.12/site-packages/airflow/example_dags/example_setup_teardown.py for tasks to queue
[2024-04-10T05:38:05.132+0000] {logging_mixin.py:188} INFO - [2024-04-10T05:38:05.131+0000] {dagbag.py:540} INFO - Filling up the DagBag from /home/airflow/.local/lib/python3.12/site-packages/airflow/example_dags/example_setup_teardown.py
[2024-04-10T05:38:05.320+0000] {processor.py:840} INFO - DAG(s) 'example_setup_teardown' retrieved from /home/airflow/.local/lib/python3.12/site-packages/airflow/example_dags/example_setup_teardown.py
[2024-04-10T05:38:05.341+0000] {logging_mixin.py:188} INFO - [2024-04-10T05:38:05.341+0000] {dag.py:3096} INFO - Sync 1 DAGs
[2024-04-10T05:38:05.365+0000] {logging_mixin.py:188} INFO - [2024-04-10T05:38:05.365+0000] {dag.py:3954} INFO - Setting next_dagrun for example_setup_teardown to 2024-04-09 00:00:00+00:00, run_after=2024-04-10 00:00:00+00:00
[2024-04-10T05:38:05.386+0000] {processor.py:183} INFO - Processing /home/airflow/.local/lib/python3.12/site-packages/airflow/example_dags/example_setup_teardown.py took 0.263 seconds
