[2024-04-10T05:25:53.489+0000] {processor.py:161} INFO - Started process (PID=301) to work on /home/airflow/.local/lib/python3.12/site-packages/airflow/example_dags/example_python_operator.py
[2024-04-10T05:25:53.490+0000] {processor.py:830} INFO - Processing file /home/airflow/.local/lib/python3.12/site-packages/airflow/example_dags/example_python_operator.py for tasks to queue
[2024-04-10T05:25:53.492+0000] {logging_mixin.py:188} INFO - [2024-04-10T05:25:53.492+0000] {dagbag.py:540} INFO - Filling up the DagBag from /home/airflow/.local/lib/python3.12/site-packages/airflow/example_dags/example_python_operator.py
[2024-04-10T05:25:53.510+0000] {processor.py:840} INFO - DAG(s) 'example_python_operator' retrieved from /home/airflow/.local/lib/python3.12/site-packages/airflow/example_dags/example_python_operator.py
[2024-04-10T05:25:53.764+0000] {logging_mixin.py:188} INFO - [2024-04-10T05:25:53.764+0000] {dag.py:3096} INFO - Sync 1 DAGs
[2024-04-10T05:25:53.810+0000] {logging_mixin.py:188} INFO - [2024-04-10T05:25:53.809+0000] {dag.py:3954} INFO - Setting next_dagrun for example_python_operator to None, run_after=None
[2024-04-10T05:25:53.880+0000] {processor.py:183} INFO - Processing /home/airflow/.local/lib/python3.12/site-packages/airflow/example_dags/example_python_operator.py took 0.398 seconds
[2024-04-10T05:26:24.683+0000] {processor.py:161} INFO - Started process (PID=576) to work on /home/airflow/.local/lib/python3.12/site-packages/airflow/example_dags/example_python_operator.py
[2024-04-10T05:26:24.684+0000] {processor.py:830} INFO - Processing file /home/airflow/.local/lib/python3.12/site-packages/airflow/example_dags/example_python_operator.py for tasks to queue
[2024-04-10T05:26:24.686+0000] {logging_mixin.py:188} INFO - [2024-04-10T05:26:24.686+0000] {dagbag.py:540} INFO - Filling up the DagBag from /home/airflow/.local/lib/python3.12/site-packages/airflow/example_dags/example_python_operator.py
[2024-04-10T05:26:24.700+0000] {processor.py:840} INFO - DAG(s) 'example_python_operator' retrieved from /home/airflow/.local/lib/python3.12/site-packages/airflow/example_dags/example_python_operator.py
[2024-04-10T05:26:24.730+0000] {logging_mixin.py:188} INFO - [2024-04-10T05:26:24.730+0000] {dag.py:3096} INFO - Sync 1 DAGs
[2024-04-10T05:26:24.746+0000] {logging_mixin.py:188} INFO - [2024-04-10T05:26:24.746+0000] {dag.py:3954} INFO - Setting next_dagrun for example_python_operator to None, run_after=None
[2024-04-10T05:26:24.769+0000] {processor.py:183} INFO - Processing /home/airflow/.local/lib/python3.12/site-packages/airflow/example_dags/example_python_operator.py took 0.091 seconds
[2024-04-10T05:26:55.104+0000] {processor.py:161} INFO - Started process (PID=848) to work on /home/airflow/.local/lib/python3.12/site-packages/airflow/example_dags/example_python_operator.py
[2024-04-10T05:26:55.106+0000] {processor.py:830} INFO - Processing file /home/airflow/.local/lib/python3.12/site-packages/airflow/example_dags/example_python_operator.py for tasks to queue
[2024-04-10T05:26:55.108+0000] {logging_mixin.py:188} INFO - [2024-04-10T05:26:55.108+0000] {dagbag.py:540} INFO - Filling up the DagBag from /home/airflow/.local/lib/python3.12/site-packages/airflow/example_dags/example_python_operator.py
[2024-04-10T05:26:55.124+0000] {processor.py:840} INFO - DAG(s) 'example_python_operator' retrieved from /home/airflow/.local/lib/python3.12/site-packages/airflow/example_dags/example_python_operator.py
[2024-04-10T05:26:55.152+0000] {logging_mixin.py:188} INFO - [2024-04-10T05:26:55.152+0000] {dag.py:3096} INFO - Sync 1 DAGs
[2024-04-10T05:26:55.176+0000] {logging_mixin.py:188} INFO - [2024-04-10T05:26:55.176+0000] {dag.py:3954} INFO - Setting next_dagrun for example_python_operator to None, run_after=None
[2024-04-10T05:26:55.212+0000] {processor.py:183} INFO - Processing /home/airflow/.local/lib/python3.12/site-packages/airflow/example_dags/example_python_operator.py took 0.115 seconds
[2024-04-10T05:27:25.362+0000] {processor.py:161} INFO - Started process (PID=1119) to work on /home/airflow/.local/lib/python3.12/site-packages/airflow/example_dags/example_python_operator.py
[2024-04-10T05:27:25.363+0000] {processor.py:830} INFO - Processing file /home/airflow/.local/lib/python3.12/site-packages/airflow/example_dags/example_python_operator.py for tasks to queue
[2024-04-10T05:27:25.365+0000] {logging_mixin.py:188} INFO - [2024-04-10T05:27:25.364+0000] {dagbag.py:540} INFO - Filling up the DagBag from /home/airflow/.local/lib/python3.12/site-packages/airflow/example_dags/example_python_operator.py
[2024-04-10T05:27:25.384+0000] {processor.py:840} INFO - DAG(s) 'example_python_operator' retrieved from /home/airflow/.local/lib/python3.12/site-packages/airflow/example_dags/example_python_operator.py
[2024-04-10T05:27:25.412+0000] {logging_mixin.py:188} INFO - [2024-04-10T05:27:25.412+0000] {dag.py:3096} INFO - Sync 1 DAGs
[2024-04-10T05:27:25.428+0000] {logging_mixin.py:188} INFO - [2024-04-10T05:27:25.428+0000] {dag.py:3954} INFO - Setting next_dagrun for example_python_operator to None, run_after=None
[2024-04-10T05:27:25.454+0000] {processor.py:183} INFO - Processing /home/airflow/.local/lib/python3.12/site-packages/airflow/example_dags/example_python_operator.py took 0.098 seconds
[2024-04-10T05:27:55.954+0000] {processor.py:161} INFO - Started process (PID=1391) to work on /home/airflow/.local/lib/python3.12/site-packages/airflow/example_dags/example_python_operator.py
[2024-04-10T05:27:55.955+0000] {processor.py:830} INFO - Processing file /home/airflow/.local/lib/python3.12/site-packages/airflow/example_dags/example_python_operator.py for tasks to queue
[2024-04-10T05:27:55.957+0000] {logging_mixin.py:188} INFO - [2024-04-10T05:27:55.957+0000] {dagbag.py:540} INFO - Filling up the DagBag from /home/airflow/.local/lib/python3.12/site-packages/airflow/example_dags/example_python_operator.py
[2024-04-10T05:27:55.969+0000] {processor.py:840} INFO - DAG(s) 'example_python_operator' retrieved from /home/airflow/.local/lib/python3.12/site-packages/airflow/example_dags/example_python_operator.py
[2024-04-10T05:27:55.994+0000] {logging_mixin.py:188} INFO - [2024-04-10T05:27:55.994+0000] {dag.py:3096} INFO - Sync 1 DAGs
[2024-04-10T05:27:56.008+0000] {logging_mixin.py:188} INFO - [2024-04-10T05:27:56.008+0000] {dag.py:3954} INFO - Setting next_dagrun for example_python_operator to None, run_after=None
[2024-04-10T05:27:56.034+0000] {processor.py:183} INFO - Processing /home/airflow/.local/lib/python3.12/site-packages/airflow/example_dags/example_python_operator.py took 0.086 seconds
[2024-04-10T05:28:26.317+0000] {processor.py:161} INFO - Started process (PID=1662) to work on /home/airflow/.local/lib/python3.12/site-packages/airflow/example_dags/example_python_operator.py
[2024-04-10T05:28:26.318+0000] {processor.py:830} INFO - Processing file /home/airflow/.local/lib/python3.12/site-packages/airflow/example_dags/example_python_operator.py for tasks to queue
[2024-04-10T05:28:26.320+0000] {logging_mixin.py:188} INFO - [2024-04-10T05:28:26.319+0000] {dagbag.py:540} INFO - Filling up the DagBag from /home/airflow/.local/lib/python3.12/site-packages/airflow/example_dags/example_python_operator.py
[2024-04-10T05:28:26.332+0000] {processor.py:840} INFO - DAG(s) 'example_python_operator' retrieved from /home/airflow/.local/lib/python3.12/site-packages/airflow/example_dags/example_python_operator.py
[2024-04-10T05:28:26.360+0000] {logging_mixin.py:188} INFO - [2024-04-10T05:28:26.360+0000] {dag.py:3096} INFO - Sync 1 DAGs
[2024-04-10T05:28:26.379+0000] {logging_mixin.py:188} INFO - [2024-04-10T05:28:26.378+0000] {dag.py:3954} INFO - Setting next_dagrun for example_python_operator to None, run_after=None
[2024-04-10T05:28:26.429+0000] {processor.py:183} INFO - Processing /home/airflow/.local/lib/python3.12/site-packages/airflow/example_dags/example_python_operator.py took 0.119 seconds
[2024-04-10T05:28:57.344+0000] {processor.py:161} INFO - Started process (PID=1937) to work on /home/airflow/.local/lib/python3.12/site-packages/airflow/example_dags/example_python_operator.py
[2024-04-10T05:28:57.345+0000] {processor.py:830} INFO - Processing file /home/airflow/.local/lib/python3.12/site-packages/airflow/example_dags/example_python_operator.py for tasks to queue
[2024-04-10T05:28:57.347+0000] {logging_mixin.py:188} INFO - [2024-04-10T05:28:57.347+0000] {dagbag.py:540} INFO - Filling up the DagBag from /home/airflow/.local/lib/python3.12/site-packages/airflow/example_dags/example_python_operator.py
[2024-04-10T05:28:57.359+0000] {processor.py:840} INFO - DAG(s) 'example_python_operator' retrieved from /home/airflow/.local/lib/python3.12/site-packages/airflow/example_dags/example_python_operator.py
[2024-04-10T05:28:57.389+0000] {logging_mixin.py:188} INFO - [2024-04-10T05:28:57.388+0000] {dag.py:3096} INFO - Sync 1 DAGs
[2024-04-10T05:28:57.405+0000] {logging_mixin.py:188} INFO - [2024-04-10T05:28:57.404+0000] {dag.py:3954} INFO - Setting next_dagrun for example_python_operator to None, run_after=None
[2024-04-10T05:28:57.429+0000] {processor.py:183} INFO - Processing /home/airflow/.local/lib/python3.12/site-packages/airflow/example_dags/example_python_operator.py took 0.092 seconds
[2024-04-10T05:29:27.780+0000] {processor.py:161} INFO - Started process (PID=2208) to work on /home/airflow/.local/lib/python3.12/site-packages/airflow/example_dags/example_python_operator.py
[2024-04-10T05:29:27.782+0000] {processor.py:830} INFO - Processing file /home/airflow/.local/lib/python3.12/site-packages/airflow/example_dags/example_python_operator.py for tasks to queue
[2024-04-10T05:29:27.784+0000] {logging_mixin.py:188} INFO - [2024-04-10T05:29:27.783+0000] {dagbag.py:540} INFO - Filling up the DagBag from /home/airflow/.local/lib/python3.12/site-packages/airflow/example_dags/example_python_operator.py
[2024-04-10T05:29:27.796+0000] {processor.py:840} INFO - DAG(s) 'example_python_operator' retrieved from /home/airflow/.local/lib/python3.12/site-packages/airflow/example_dags/example_python_operator.py
[2024-04-10T05:29:27.825+0000] {logging_mixin.py:188} INFO - [2024-04-10T05:29:27.824+0000] {dag.py:3096} INFO - Sync 1 DAGs
[2024-04-10T05:29:27.841+0000] {logging_mixin.py:188} INFO - [2024-04-10T05:29:27.841+0000] {dag.py:3954} INFO - Setting next_dagrun for example_python_operator to None, run_after=None
[2024-04-10T05:29:27.867+0000] {processor.py:183} INFO - Processing /home/airflow/.local/lib/python3.12/site-packages/airflow/example_dags/example_python_operator.py took 0.094 seconds
[2024-04-10T05:29:58.269+0000] {processor.py:161} INFO - Started process (PID=2480) to work on /home/airflow/.local/lib/python3.12/site-packages/airflow/example_dags/example_python_operator.py
[2024-04-10T05:29:58.270+0000] {processor.py:830} INFO - Processing file /home/airflow/.local/lib/python3.12/site-packages/airflow/example_dags/example_python_operator.py for tasks to queue
[2024-04-10T05:29:58.272+0000] {logging_mixin.py:188} INFO - [2024-04-10T05:29:58.271+0000] {dagbag.py:540} INFO - Filling up the DagBag from /home/airflow/.local/lib/python3.12/site-packages/airflow/example_dags/example_python_operator.py
[2024-04-10T05:29:58.282+0000] {processor.py:840} INFO - DAG(s) 'example_python_operator' retrieved from /home/airflow/.local/lib/python3.12/site-packages/airflow/example_dags/example_python_operator.py
[2024-04-10T05:29:58.310+0000] {logging_mixin.py:188} INFO - [2024-04-10T05:29:58.310+0000] {dag.py:3096} INFO - Sync 1 DAGs
[2024-04-10T05:29:58.327+0000] {logging_mixin.py:188} INFO - [2024-04-10T05:29:58.327+0000] {dag.py:3954} INFO - Setting next_dagrun for example_python_operator to None, run_after=None
[2024-04-10T05:29:58.351+0000] {processor.py:183} INFO - Processing /home/airflow/.local/lib/python3.12/site-packages/airflow/example_dags/example_python_operator.py took 0.089 seconds
[2024-04-10T05:30:29.343+0000] {processor.py:161} INFO - Started process (PID=2752) to work on /home/airflow/.local/lib/python3.12/site-packages/airflow/example_dags/example_python_operator.py
[2024-04-10T05:30:29.344+0000] {processor.py:830} INFO - Processing file /home/airflow/.local/lib/python3.12/site-packages/airflow/example_dags/example_python_operator.py for tasks to queue
[2024-04-10T05:30:29.345+0000] {logging_mixin.py:188} INFO - [2024-04-10T05:30:29.345+0000] {dagbag.py:540} INFO - Filling up the DagBag from /home/airflow/.local/lib/python3.12/site-packages/airflow/example_dags/example_python_operator.py
[2024-04-10T05:30:29.357+0000] {processor.py:840} INFO - DAG(s) 'example_python_operator' retrieved from /home/airflow/.local/lib/python3.12/site-packages/airflow/example_dags/example_python_operator.py
[2024-04-10T05:30:29.383+0000] {logging_mixin.py:188} INFO - [2024-04-10T05:30:29.383+0000] {dag.py:3096} INFO - Sync 1 DAGs
[2024-04-10T05:30:29.400+0000] {logging_mixin.py:188} INFO - [2024-04-10T05:30:29.400+0000] {dag.py:3954} INFO - Setting next_dagrun for example_python_operator to None, run_after=None
[2024-04-10T05:30:29.425+0000] {processor.py:183} INFO - Processing /home/airflow/.local/lib/python3.12/site-packages/airflow/example_dags/example_python_operator.py took 0.087 seconds
[2024-04-10T05:31:00.781+0000] {processor.py:161} INFO - Started process (PID=3024) to work on /home/airflow/.local/lib/python3.12/site-packages/airflow/example_dags/example_python_operator.py
[2024-04-10T05:31:00.782+0000] {processor.py:830} INFO - Processing file /home/airflow/.local/lib/python3.12/site-packages/airflow/example_dags/example_python_operator.py for tasks to queue
[2024-04-10T05:31:00.784+0000] {logging_mixin.py:188} INFO - [2024-04-10T05:31:00.784+0000] {dagbag.py:540} INFO - Filling up the DagBag from /home/airflow/.local/lib/python3.12/site-packages/airflow/example_dags/example_python_operator.py
[2024-04-10T05:31:00.795+0000] {processor.py:840} INFO - DAG(s) 'example_python_operator' retrieved from /home/airflow/.local/lib/python3.12/site-packages/airflow/example_dags/example_python_operator.py
[2024-04-10T05:31:00.836+0000] {logging_mixin.py:188} INFO - [2024-04-10T05:31:00.836+0000] {dag.py:3096} INFO - Sync 1 DAGs
[2024-04-10T05:31:00.870+0000] {logging_mixin.py:188} INFO - [2024-04-10T05:31:00.869+0000] {dag.py:3954} INFO - Setting next_dagrun for example_python_operator to None, run_after=None
[2024-04-10T05:31:00.901+0000] {processor.py:183} INFO - Processing /home/airflow/.local/lib/python3.12/site-packages/airflow/example_dags/example_python_operator.py took 0.127 seconds
[2024-04-10T05:31:31.862+0000] {processor.py:161} INFO - Started process (PID=3296) to work on /home/airflow/.local/lib/python3.12/site-packages/airflow/example_dags/example_python_operator.py
[2024-04-10T05:31:31.863+0000] {processor.py:830} INFO - Processing file /home/airflow/.local/lib/python3.12/site-packages/airflow/example_dags/example_python_operator.py for tasks to queue
[2024-04-10T05:31:31.865+0000] {logging_mixin.py:188} INFO - [2024-04-10T05:31:31.864+0000] {dagbag.py:540} INFO - Filling up the DagBag from /home/airflow/.local/lib/python3.12/site-packages/airflow/example_dags/example_python_operator.py
[2024-04-10T05:31:31.877+0000] {processor.py:840} INFO - DAG(s) 'example_python_operator' retrieved from /home/airflow/.local/lib/python3.12/site-packages/airflow/example_dags/example_python_operator.py
[2024-04-10T05:31:31.922+0000] {logging_mixin.py:188} INFO - [2024-04-10T05:31:31.922+0000] {dag.py:3096} INFO - Sync 1 DAGs
[2024-04-10T05:31:31.942+0000] {logging_mixin.py:188} INFO - [2024-04-10T05:31:31.942+0000] {dag.py:3954} INFO - Setting next_dagrun for example_python_operator to None, run_after=None
[2024-04-10T05:31:31.973+0000] {processor.py:183} INFO - Processing /home/airflow/.local/lib/python3.12/site-packages/airflow/example_dags/example_python_operator.py took 0.118 seconds
[2024-04-10T05:32:02.308+0000] {processor.py:161} INFO - Started process (PID=3569) to work on /home/airflow/.local/lib/python3.12/site-packages/airflow/example_dags/example_python_operator.py
[2024-04-10T05:32:02.309+0000] {processor.py:830} INFO - Processing file /home/airflow/.local/lib/python3.12/site-packages/airflow/example_dags/example_python_operator.py for tasks to queue
[2024-04-10T05:32:02.311+0000] {logging_mixin.py:188} INFO - [2024-04-10T05:32:02.310+0000] {dagbag.py:540} INFO - Filling up the DagBag from /home/airflow/.local/lib/python3.12/site-packages/airflow/example_dags/example_python_operator.py
[2024-04-10T05:32:02.322+0000] {processor.py:840} INFO - DAG(s) 'example_python_operator' retrieved from /home/airflow/.local/lib/python3.12/site-packages/airflow/example_dags/example_python_operator.py
[2024-04-10T05:32:02.350+0000] {logging_mixin.py:188} INFO - [2024-04-10T05:32:02.349+0000] {dag.py:3096} INFO - Sync 1 DAGs
[2024-04-10T05:32:02.367+0000] {logging_mixin.py:188} INFO - [2024-04-10T05:32:02.367+0000] {dag.py:3954} INFO - Setting next_dagrun for example_python_operator to None, run_after=None
[2024-04-10T05:32:02.391+0000] {processor.py:183} INFO - Processing /home/airflow/.local/lib/python3.12/site-packages/airflow/example_dags/example_python_operator.py took 0.089 seconds
[2024-04-10T05:32:32.767+0000] {processor.py:161} INFO - Started process (PID=3841) to work on /home/airflow/.local/lib/python3.12/site-packages/airflow/example_dags/example_python_operator.py
[2024-04-10T05:32:32.768+0000] {processor.py:830} INFO - Processing file /home/airflow/.local/lib/python3.12/site-packages/airflow/example_dags/example_python_operator.py for tasks to queue
[2024-04-10T05:32:32.770+0000] {logging_mixin.py:188} INFO - [2024-04-10T05:32:32.769+0000] {dagbag.py:540} INFO - Filling up the DagBag from /home/airflow/.local/lib/python3.12/site-packages/airflow/example_dags/example_python_operator.py
[2024-04-10T05:32:32.782+0000] {processor.py:840} INFO - DAG(s) 'example_python_operator' retrieved from /home/airflow/.local/lib/python3.12/site-packages/airflow/example_dags/example_python_operator.py
[2024-04-10T05:32:32.807+0000] {logging_mixin.py:188} INFO - [2024-04-10T05:32:32.807+0000] {dag.py:3096} INFO - Sync 1 DAGs
[2024-04-10T05:32:32.822+0000] {logging_mixin.py:188} INFO - [2024-04-10T05:32:32.822+0000] {dag.py:3954} INFO - Setting next_dagrun for example_python_operator to None, run_after=None
[2024-04-10T05:32:32.848+0000] {processor.py:183} INFO - Processing /home/airflow/.local/lib/python3.12/site-packages/airflow/example_dags/example_python_operator.py took 0.088 seconds
[2024-04-10T05:33:02.897+0000] {processor.py:161} INFO - Started process (PID=4110) to work on /home/airflow/.local/lib/python3.12/site-packages/airflow/example_dags/example_python_operator.py
[2024-04-10T05:33:02.898+0000] {processor.py:830} INFO - Processing file /home/airflow/.local/lib/python3.12/site-packages/airflow/example_dags/example_python_operator.py for tasks to queue
[2024-04-10T05:33:02.899+0000] {logging_mixin.py:188} INFO - [2024-04-10T05:33:02.899+0000] {dagbag.py:540} INFO - Filling up the DagBag from /home/airflow/.local/lib/python3.12/site-packages/airflow/example_dags/example_python_operator.py
[2024-04-10T05:33:02.907+0000] {processor.py:840} INFO - DAG(s) 'example_python_operator' retrieved from /home/airflow/.local/lib/python3.12/site-packages/airflow/example_dags/example_python_operator.py
[2024-04-10T05:33:02.930+0000] {logging_mixin.py:188} INFO - [2024-04-10T05:33:02.929+0000] {dag.py:3096} INFO - Sync 1 DAGs
[2024-04-10T05:33:02.941+0000] {logging_mixin.py:188} INFO - [2024-04-10T05:33:02.940+0000] {dag.py:3954} INFO - Setting next_dagrun for example_python_operator to None, run_after=None
[2024-04-10T05:33:02.959+0000] {processor.py:183} INFO - Processing /home/airflow/.local/lib/python3.12/site-packages/airflow/example_dags/example_python_operator.py took 0.067 seconds
[2024-04-10T05:33:33.465+0000] {processor.py:161} INFO - Started process (PID=4380) to work on /home/airflow/.local/lib/python3.12/site-packages/airflow/example_dags/example_python_operator.py
[2024-04-10T05:33:33.467+0000] {processor.py:830} INFO - Processing file /home/airflow/.local/lib/python3.12/site-packages/airflow/example_dags/example_python_operator.py for tasks to queue
[2024-04-10T05:33:33.468+0000] {logging_mixin.py:188} INFO - [2024-04-10T05:33:33.468+0000] {dagbag.py:540} INFO - Filling up the DagBag from /home/airflow/.local/lib/python3.12/site-packages/airflow/example_dags/example_python_operator.py
[2024-04-10T05:33:33.489+0000] {processor.py:840} INFO - DAG(s) 'example_python_operator' retrieved from /home/airflow/.local/lib/python3.12/site-packages/airflow/example_dags/example_python_operator.py
[2024-04-10T05:33:33.533+0000] {logging_mixin.py:188} INFO - [2024-04-10T05:33:33.533+0000] {dag.py:3096} INFO - Sync 1 DAGs
[2024-04-10T05:33:33.578+0000] {logging_mixin.py:188} INFO - [2024-04-10T05:33:33.577+0000] {dag.py:3954} INFO - Setting next_dagrun for example_python_operator to None, run_after=None
[2024-04-10T05:33:33.607+0000] {processor.py:183} INFO - Processing /home/airflow/.local/lib/python3.12/site-packages/airflow/example_dags/example_python_operator.py took 0.152 seconds
[2024-04-10T05:34:03.679+0000] {processor.py:161} INFO - Started process (PID=4654) to work on /home/airflow/.local/lib/python3.12/site-packages/airflow/example_dags/example_python_operator.py
[2024-04-10T05:34:03.680+0000] {processor.py:830} INFO - Processing file /home/airflow/.local/lib/python3.12/site-packages/airflow/example_dags/example_python_operator.py for tasks to queue
[2024-04-10T05:34:03.681+0000] {logging_mixin.py:188} INFO - [2024-04-10T05:34:03.681+0000] {dagbag.py:540} INFO - Filling up the DagBag from /home/airflow/.local/lib/python3.12/site-packages/airflow/example_dags/example_python_operator.py
[2024-04-10T05:34:03.689+0000] {processor.py:840} INFO - DAG(s) 'example_python_operator' retrieved from /home/airflow/.local/lib/python3.12/site-packages/airflow/example_dags/example_python_operator.py
[2024-04-10T05:34:03.717+0000] {logging_mixin.py:188} INFO - [2024-04-10T05:34:03.717+0000] {dag.py:3096} INFO - Sync 1 DAGs
[2024-04-10T05:34:03.729+0000] {logging_mixin.py:188} INFO - [2024-04-10T05:34:03.729+0000] {dag.py:3954} INFO - Setting next_dagrun for example_python_operator to None, run_after=None
[2024-04-10T05:34:03.749+0000] {processor.py:183} INFO - Processing /home/airflow/.local/lib/python3.12/site-packages/airflow/example_dags/example_python_operator.py took 0.074 seconds
[2024-04-10T05:34:34.339+0000] {processor.py:161} INFO - Started process (PID=4923) to work on /home/airflow/.local/lib/python3.12/site-packages/airflow/example_dags/example_python_operator.py
[2024-04-10T05:34:34.341+0000] {processor.py:830} INFO - Processing file /home/airflow/.local/lib/python3.12/site-packages/airflow/example_dags/example_python_operator.py for tasks to queue
[2024-04-10T05:34:34.343+0000] {logging_mixin.py:188} INFO - [2024-04-10T05:34:34.342+0000] {dagbag.py:540} INFO - Filling up the DagBag from /home/airflow/.local/lib/python3.12/site-packages/airflow/example_dags/example_python_operator.py
[2024-04-10T05:34:34.352+0000] {processor.py:840} INFO - DAG(s) 'example_python_operator' retrieved from /home/airflow/.local/lib/python3.12/site-packages/airflow/example_dags/example_python_operator.py
[2024-04-10T05:34:34.370+0000] {logging_mixin.py:188} INFO - [2024-04-10T05:34:34.369+0000] {dag.py:3096} INFO - Sync 1 DAGs
[2024-04-10T05:34:34.380+0000] {logging_mixin.py:188} INFO - [2024-04-10T05:34:34.380+0000] {dag.py:3954} INFO - Setting next_dagrun for example_python_operator to None, run_after=None
[2024-04-10T05:34:34.402+0000] {processor.py:183} INFO - Processing /home/airflow/.local/lib/python3.12/site-packages/airflow/example_dags/example_python_operator.py took 0.069 seconds
[2024-04-10T05:35:04.521+0000] {processor.py:161} INFO - Started process (PID=5195) to work on /home/airflow/.local/lib/python3.12/site-packages/airflow/example_dags/example_python_operator.py
[2024-04-10T05:35:04.522+0000] {processor.py:830} INFO - Processing file /home/airflow/.local/lib/python3.12/site-packages/airflow/example_dags/example_python_operator.py for tasks to queue
[2024-04-10T05:35:04.525+0000] {logging_mixin.py:188} INFO - [2024-04-10T05:35:04.524+0000] {dagbag.py:540} INFO - Filling up the DagBag from /home/airflow/.local/lib/python3.12/site-packages/airflow/example_dags/example_python_operator.py
[2024-04-10T05:35:04.537+0000] {processor.py:840} INFO - DAG(s) 'example_python_operator' retrieved from /home/airflow/.local/lib/python3.12/site-packages/airflow/example_dags/example_python_operator.py
[2024-04-10T05:35:04.589+0000] {logging_mixin.py:188} INFO - [2024-04-10T05:35:04.589+0000] {dag.py:3096} INFO - Sync 1 DAGs
[2024-04-10T05:35:04.608+0000] {logging_mixin.py:188} INFO - [2024-04-10T05:35:04.608+0000] {dag.py:3954} INFO - Setting next_dagrun for example_python_operator to None, run_after=None
[2024-04-10T05:35:04.632+0000] {processor.py:183} INFO - Processing /home/airflow/.local/lib/python3.12/site-packages/airflow/example_dags/example_python_operator.py took 0.120 seconds
[2024-04-10T05:35:35.020+0000] {processor.py:161} INFO - Started process (PID=5468) to work on /home/airflow/.local/lib/python3.12/site-packages/airflow/example_dags/example_python_operator.py
[2024-04-10T05:35:35.021+0000] {processor.py:830} INFO - Processing file /home/airflow/.local/lib/python3.12/site-packages/airflow/example_dags/example_python_operator.py for tasks to queue
[2024-04-10T05:35:35.029+0000] {logging_mixin.py:188} INFO - [2024-04-10T05:35:35.029+0000] {dagbag.py:540} INFO - Filling up the DagBag from /home/airflow/.local/lib/python3.12/site-packages/airflow/example_dags/example_python_operator.py
[2024-04-10T05:35:35.061+0000] {processor.py:840} INFO - DAG(s) 'example_python_operator' retrieved from /home/airflow/.local/lib/python3.12/site-packages/airflow/example_dags/example_python_operator.py
[2024-04-10T05:35:35.090+0000] {logging_mixin.py:188} INFO - [2024-04-10T05:35:35.089+0000] {dag.py:3096} INFO - Sync 1 DAGs
[2024-04-10T05:35:35.102+0000] {logging_mixin.py:188} INFO - [2024-04-10T05:35:35.102+0000] {dag.py:3954} INFO - Setting next_dagrun for example_python_operator to None, run_after=None
[2024-04-10T05:35:35.122+0000] {processor.py:183} INFO - Processing /home/airflow/.local/lib/python3.12/site-packages/airflow/example_dags/example_python_operator.py took 0.109 seconds
[2024-04-10T05:36:05.287+0000] {processor.py:161} INFO - Started process (PID=5741) to work on /home/airflow/.local/lib/python3.12/site-packages/airflow/example_dags/example_python_operator.py
[2024-04-10T05:36:05.288+0000] {processor.py:830} INFO - Processing file /home/airflow/.local/lib/python3.12/site-packages/airflow/example_dags/example_python_operator.py for tasks to queue
[2024-04-10T05:36:05.289+0000] {logging_mixin.py:188} INFO - [2024-04-10T05:36:05.289+0000] {dagbag.py:540} INFO - Filling up the DagBag from /home/airflow/.local/lib/python3.12/site-packages/airflow/example_dags/example_python_operator.py
[2024-04-10T05:36:05.298+0000] {processor.py:840} INFO - DAG(s) 'example_python_operator' retrieved from /home/airflow/.local/lib/python3.12/site-packages/airflow/example_dags/example_python_operator.py
[2024-04-10T05:36:05.316+0000] {logging_mixin.py:188} INFO - [2024-04-10T05:36:05.316+0000] {dag.py:3096} INFO - Sync 1 DAGs
[2024-04-10T05:36:05.326+0000] {logging_mixin.py:188} INFO - [2024-04-10T05:36:05.326+0000] {dag.py:3954} INFO - Setting next_dagrun for example_python_operator to None, run_after=None
[2024-04-10T05:36:05.345+0000] {processor.py:183} INFO - Processing /home/airflow/.local/lib/python3.12/site-packages/airflow/example_dags/example_python_operator.py took 0.065 seconds
[2024-04-10T05:36:36.274+0000] {processor.py:161} INFO - Started process (PID=6015) to work on /home/airflow/.local/lib/python3.12/site-packages/airflow/example_dags/example_python_operator.py
[2024-04-10T05:36:36.275+0000] {processor.py:830} INFO - Processing file /home/airflow/.local/lib/python3.12/site-packages/airflow/example_dags/example_python_operator.py for tasks to queue
[2024-04-10T05:36:36.276+0000] {logging_mixin.py:188} INFO - [2024-04-10T05:36:36.276+0000] {dagbag.py:540} INFO - Filling up the DagBag from /home/airflow/.local/lib/python3.12/site-packages/airflow/example_dags/example_python_operator.py
[2024-04-10T05:36:36.284+0000] {processor.py:840} INFO - DAG(s) 'example_python_operator' retrieved from /home/airflow/.local/lib/python3.12/site-packages/airflow/example_dags/example_python_operator.py
[2024-04-10T05:36:36.303+0000] {logging_mixin.py:188} INFO - [2024-04-10T05:36:36.303+0000] {dag.py:3096} INFO - Sync 1 DAGs
[2024-04-10T05:36:36.314+0000] {logging_mixin.py:188} INFO - [2024-04-10T05:36:36.313+0000] {dag.py:3954} INFO - Setting next_dagrun for example_python_operator to None, run_after=None
[2024-04-10T05:36:36.332+0000] {processor.py:183} INFO - Processing /home/airflow/.local/lib/python3.12/site-packages/airflow/example_dags/example_python_operator.py took 0.063 seconds
[2024-04-10T05:37:06.640+0000] {processor.py:161} INFO - Started process (PID=6286) to work on /home/airflow/.local/lib/python3.12/site-packages/airflow/example_dags/example_python_operator.py
[2024-04-10T05:37:06.641+0000] {processor.py:830} INFO - Processing file /home/airflow/.local/lib/python3.12/site-packages/airflow/example_dags/example_python_operator.py for tasks to queue
[2024-04-10T05:37:06.643+0000] {logging_mixin.py:188} INFO - [2024-04-10T05:37:06.643+0000] {dagbag.py:540} INFO - Filling up the DagBag from /home/airflow/.local/lib/python3.12/site-packages/airflow/example_dags/example_python_operator.py
[2024-04-10T05:37:06.655+0000] {processor.py:840} INFO - DAG(s) 'example_python_operator' retrieved from /home/airflow/.local/lib/python3.12/site-packages/airflow/example_dags/example_python_operator.py
[2024-04-10T05:37:06.683+0000] {logging_mixin.py:188} INFO - [2024-04-10T05:37:06.683+0000] {dag.py:3096} INFO - Sync 1 DAGs
[2024-04-10T05:37:06.699+0000] {logging_mixin.py:188} INFO - [2024-04-10T05:37:06.699+0000] {dag.py:3954} INFO - Setting next_dagrun for example_python_operator to None, run_after=None
[2024-04-10T05:37:06.724+0000] {processor.py:183} INFO - Processing /home/airflow/.local/lib/python3.12/site-packages/airflow/example_dags/example_python_operator.py took 0.091 seconds
[2024-04-10T05:37:37.364+0000] {processor.py:161} INFO - Started process (PID=6564) to work on /home/airflow/.local/lib/python3.12/site-packages/airflow/example_dags/example_python_operator.py
[2024-04-10T05:37:37.365+0000] {processor.py:830} INFO - Processing file /home/airflow/.local/lib/python3.12/site-packages/airflow/example_dags/example_python_operator.py for tasks to queue
[2024-04-10T05:37:37.367+0000] {logging_mixin.py:188} INFO - [2024-04-10T05:37:37.367+0000] {dagbag.py:540} INFO - Filling up the DagBag from /home/airflow/.local/lib/python3.12/site-packages/airflow/example_dags/example_python_operator.py
[2024-04-10T05:37:37.379+0000] {processor.py:840} INFO - DAG(s) 'example_python_operator' retrieved from /home/airflow/.local/lib/python3.12/site-packages/airflow/example_dags/example_python_operator.py
[2024-04-10T05:37:37.406+0000] {logging_mixin.py:188} INFO - [2024-04-10T05:37:37.406+0000] {dag.py:3096} INFO - Sync 1 DAGs
[2024-04-10T05:37:37.421+0000] {logging_mixin.py:188} INFO - [2024-04-10T05:37:37.420+0000] {dag.py:3954} INFO - Setting next_dagrun for example_python_operator to None, run_after=None
[2024-04-10T05:37:37.443+0000] {processor.py:183} INFO - Processing /home/airflow/.local/lib/python3.12/site-packages/airflow/example_dags/example_python_operator.py took 0.086 seconds
[2024-04-10T05:38:07.963+0000] {processor.py:161} INFO - Started process (PID=6837) to work on /home/airflow/.local/lib/python3.12/site-packages/airflow/example_dags/example_python_operator.py
[2024-04-10T05:38:07.964+0000] {processor.py:830} INFO - Processing file /home/airflow/.local/lib/python3.12/site-packages/airflow/example_dags/example_python_operator.py for tasks to queue
[2024-04-10T05:38:07.966+0000] {logging_mixin.py:188} INFO - [2024-04-10T05:38:07.966+0000] {dagbag.py:540} INFO - Filling up the DagBag from /home/airflow/.local/lib/python3.12/site-packages/airflow/example_dags/example_python_operator.py
[2024-04-10T05:38:07.977+0000] {processor.py:840} INFO - DAG(s) 'example_python_operator' retrieved from /home/airflow/.local/lib/python3.12/site-packages/airflow/example_dags/example_python_operator.py
[2024-04-10T05:38:08.004+0000] {logging_mixin.py:188} INFO - [2024-04-10T05:38:08.004+0000] {dag.py:3096} INFO - Sync 1 DAGs
[2024-04-10T05:38:08.021+0000] {logging_mixin.py:188} INFO - [2024-04-10T05:38:08.021+0000] {dag.py:3954} INFO - Setting next_dagrun for example_python_operator to None, run_after=None
[2024-04-10T05:38:08.046+0000] {processor.py:183} INFO - Processing /home/airflow/.local/lib/python3.12/site-packages/airflow/example_dags/example_python_operator.py took 0.090 seconds
