[2024-04-10T05:25:55.294+0000] {processor.py:161} INFO - Started process (PID=353) to work on /home/airflow/.local/lib/python3.12/site-packages/airflow/example_dags/example_xcomargs.py
[2024-04-10T05:25:55.295+0000] {processor.py:830} INFO - Processing file /home/airflow/.local/lib/python3.12/site-packages/airflow/example_dags/example_xcomargs.py for tasks to queue
[2024-04-10T05:25:55.296+0000] {logging_mixin.py:188} INFO - [2024-04-10T05:25:55.296+0000] {dagbag.py:540} INFO - Filling up the DagBag from /home/airflow/.local/lib/python3.12/site-packages/airflow/example_dags/example_xcomargs.py
[2024-04-10T05:25:55.308+0000] {processor.py:840} INFO - DAG(s) 'example_xcom_args', 'example_xcom_args_with_operators' retrieved from /home/airflow/.local/lib/python3.12/site-packages/airflow/example_dags/example_xcomargs.py
[2024-04-10T05:25:55.340+0000] {logging_mixin.py:188} INFO - [2024-04-10T05:25:55.340+0000] {dag.py:3096} INFO - Sync 2 DAGs
[2024-04-10T05:25:55.370+0000] {logging_mixin.py:188} INFO - [2024-04-10T05:25:55.370+0000] {dag.py:3954} INFO - Setting next_dagrun for example_xcom_args to None, run_after=None
[2024-04-10T05:25:55.392+0000] {logging_mixin.py:188} INFO - [2024-04-10T05:25:55.391+0000] {dag.py:3954} INFO - Setting next_dagrun for example_xcom_args_with_operators to None, run_after=None
[2024-04-10T05:25:55.427+0000] {processor.py:183} INFO - Processing /home/airflow/.local/lib/python3.12/site-packages/airflow/example_dags/example_xcomargs.py took 0.140 seconds
[2024-04-10T05:26:26.433+0000] {processor.py:161} INFO - Started process (PID=626) to work on /home/airflow/.local/lib/python3.12/site-packages/airflow/example_dags/example_xcomargs.py
[2024-04-10T05:26:26.434+0000] {processor.py:830} INFO - Processing file /home/airflow/.local/lib/python3.12/site-packages/airflow/example_dags/example_xcomargs.py for tasks to queue
[2024-04-10T05:26:26.436+0000] {logging_mixin.py:188} INFO - [2024-04-10T05:26:26.436+0000] {dagbag.py:540} INFO - Filling up the DagBag from /home/airflow/.local/lib/python3.12/site-packages/airflow/example_dags/example_xcomargs.py
[2024-04-10T05:26:26.445+0000] {processor.py:840} INFO - DAG(s) 'example_xcom_args', 'example_xcom_args_with_operators' retrieved from /home/airflow/.local/lib/python3.12/site-packages/airflow/example_dags/example_xcomargs.py
[2024-04-10T05:26:26.474+0000] {logging_mixin.py:188} INFO - [2024-04-10T05:26:26.474+0000] {dag.py:3096} INFO - Sync 2 DAGs
[2024-04-10T05:26:26.491+0000] {logging_mixin.py:188} INFO - [2024-04-10T05:26:26.491+0000] {dag.py:3954} INFO - Setting next_dagrun for example_xcom_args to None, run_after=None
[2024-04-10T05:26:26.496+0000] {logging_mixin.py:188} INFO - [2024-04-10T05:26:26.495+0000] {dag.py:3954} INFO - Setting next_dagrun for example_xcom_args_with_operators to None, run_after=None
[2024-04-10T05:26:26.518+0000] {processor.py:183} INFO - Processing /home/airflow/.local/lib/python3.12/site-packages/airflow/example_dags/example_xcomargs.py took 0.092 seconds
[2024-04-10T05:26:56.825+0000] {processor.py:161} INFO - Started process (PID=898) to work on /home/airflow/.local/lib/python3.12/site-packages/airflow/example_dags/example_xcomargs.py
[2024-04-10T05:26:56.826+0000] {processor.py:830} INFO - Processing file /home/airflow/.local/lib/python3.12/site-packages/airflow/example_dags/example_xcomargs.py for tasks to queue
[2024-04-10T05:26:56.828+0000] {logging_mixin.py:188} INFO - [2024-04-10T05:26:56.828+0000] {dagbag.py:540} INFO - Filling up the DagBag from /home/airflow/.local/lib/python3.12/site-packages/airflow/example_dags/example_xcomargs.py
[2024-04-10T05:26:56.842+0000] {processor.py:840} INFO - DAG(s) 'example_xcom_args_with_operators', 'example_xcom_args' retrieved from /home/airflow/.local/lib/python3.12/site-packages/airflow/example_dags/example_xcomargs.py
[2024-04-10T05:26:56.869+0000] {logging_mixin.py:188} INFO - [2024-04-10T05:26:56.869+0000] {dag.py:3096} INFO - Sync 2 DAGs
[2024-04-10T05:26:56.885+0000] {logging_mixin.py:188} INFO - [2024-04-10T05:26:56.884+0000] {dag.py:3954} INFO - Setting next_dagrun for example_xcom_args to None, run_after=None
[2024-04-10T05:26:56.889+0000] {logging_mixin.py:188} INFO - [2024-04-10T05:26:56.889+0000] {dag.py:3954} INFO - Setting next_dagrun for example_xcom_args_with_operators to None, run_after=None
[2024-04-10T05:26:56.911+0000] {processor.py:183} INFO - Processing /home/airflow/.local/lib/python3.12/site-packages/airflow/example_dags/example_xcomargs.py took 0.092 seconds
[2024-04-10T05:27:27.273+0000] {processor.py:161} INFO - Started process (PID=1171) to work on /home/airflow/.local/lib/python3.12/site-packages/airflow/example_dags/example_xcomargs.py
[2024-04-10T05:27:27.273+0000] {processor.py:830} INFO - Processing file /home/airflow/.local/lib/python3.12/site-packages/airflow/example_dags/example_xcomargs.py for tasks to queue
[2024-04-10T05:27:27.275+0000] {logging_mixin.py:188} INFO - [2024-04-10T05:27:27.275+0000] {dagbag.py:540} INFO - Filling up the DagBag from /home/airflow/.local/lib/python3.12/site-packages/airflow/example_dags/example_xcomargs.py
[2024-04-10T05:27:27.284+0000] {processor.py:840} INFO - DAG(s) 'example_xcom_args', 'example_xcom_args_with_operators' retrieved from /home/airflow/.local/lib/python3.12/site-packages/airflow/example_dags/example_xcomargs.py
[2024-04-10T05:27:27.312+0000] {logging_mixin.py:188} INFO - [2024-04-10T05:27:27.312+0000] {dag.py:3096} INFO - Sync 2 DAGs
[2024-04-10T05:27:27.328+0000] {logging_mixin.py:188} INFO - [2024-04-10T05:27:27.328+0000] {dag.py:3954} INFO - Setting next_dagrun for example_xcom_args to None, run_after=None
[2024-04-10T05:27:27.333+0000] {logging_mixin.py:188} INFO - [2024-04-10T05:27:27.333+0000] {dag.py:3954} INFO - Setting next_dagrun for example_xcom_args_with_operators to None, run_after=None
[2024-04-10T05:27:27.368+0000] {processor.py:183} INFO - Processing /home/airflow/.local/lib/python3.12/site-packages/airflow/example_dags/example_xcomargs.py took 0.102 seconds
[2024-04-10T05:27:57.747+0000] {processor.py:161} INFO - Started process (PID=1443) to work on /home/airflow/.local/lib/python3.12/site-packages/airflow/example_dags/example_xcomargs.py
[2024-04-10T05:27:57.748+0000] {processor.py:830} INFO - Processing file /home/airflow/.local/lib/python3.12/site-packages/airflow/example_dags/example_xcomargs.py for tasks to queue
[2024-04-10T05:27:57.749+0000] {logging_mixin.py:188} INFO - [2024-04-10T05:27:57.749+0000] {dagbag.py:540} INFO - Filling up the DagBag from /home/airflow/.local/lib/python3.12/site-packages/airflow/example_dags/example_xcomargs.py
[2024-04-10T05:27:57.759+0000] {processor.py:840} INFO - DAG(s) 'example_xcom_args', 'example_xcom_args_with_operators' retrieved from /home/airflow/.local/lib/python3.12/site-packages/airflow/example_dags/example_xcomargs.py
[2024-04-10T05:27:57.786+0000] {logging_mixin.py:188} INFO - [2024-04-10T05:27:57.786+0000] {dag.py:3096} INFO - Sync 2 DAGs
[2024-04-10T05:27:57.805+0000] {logging_mixin.py:188} INFO - [2024-04-10T05:27:57.804+0000] {dag.py:3954} INFO - Setting next_dagrun for example_xcom_args to None, run_after=None
[2024-04-10T05:27:57.809+0000] {logging_mixin.py:188} INFO - [2024-04-10T05:27:57.808+0000] {dag.py:3954} INFO - Setting next_dagrun for example_xcom_args_with_operators to None, run_after=None
[2024-04-10T05:27:57.831+0000] {processor.py:183} INFO - Processing /home/airflow/.local/lib/python3.12/site-packages/airflow/example_dags/example_xcomargs.py took 0.091 seconds
[2024-04-10T05:28:28.213+0000] {processor.py:161} INFO - Started process (PID=1714) to work on /home/airflow/.local/lib/python3.12/site-packages/airflow/example_dags/example_xcomargs.py
[2024-04-10T05:28:28.215+0000] {processor.py:830} INFO - Processing file /home/airflow/.local/lib/python3.12/site-packages/airflow/example_dags/example_xcomargs.py for tasks to queue
[2024-04-10T05:28:28.216+0000] {logging_mixin.py:188} INFO - [2024-04-10T05:28:28.216+0000] {dagbag.py:540} INFO - Filling up the DagBag from /home/airflow/.local/lib/python3.12/site-packages/airflow/example_dags/example_xcomargs.py
[2024-04-10T05:28:28.226+0000] {processor.py:840} INFO - DAG(s) 'example_xcom_args_with_operators', 'example_xcom_args' retrieved from /home/airflow/.local/lib/python3.12/site-packages/airflow/example_dags/example_xcomargs.py
[2024-04-10T05:28:28.253+0000] {logging_mixin.py:188} INFO - [2024-04-10T05:28:28.253+0000] {dag.py:3096} INFO - Sync 2 DAGs
[2024-04-10T05:28:28.269+0000] {logging_mixin.py:188} INFO - [2024-04-10T05:28:28.269+0000] {dag.py:3954} INFO - Setting next_dagrun for example_xcom_args to None, run_after=None
[2024-04-10T05:28:28.273+0000] {logging_mixin.py:188} INFO - [2024-04-10T05:28:28.273+0000] {dag.py:3954} INFO - Setting next_dagrun for example_xcom_args_with_operators to None, run_after=None
[2024-04-10T05:28:28.299+0000] {processor.py:183} INFO - Processing /home/airflow/.local/lib/python3.12/site-packages/airflow/example_dags/example_xcomargs.py took 0.092 seconds
[2024-04-10T05:28:59.187+0000] {processor.py:161} INFO - Started process (PID=1987) to work on /home/airflow/.local/lib/python3.12/site-packages/airflow/example_dags/example_xcomargs.py
[2024-04-10T05:28:59.188+0000] {processor.py:830} INFO - Processing file /home/airflow/.local/lib/python3.12/site-packages/airflow/example_dags/example_xcomargs.py for tasks to queue
[2024-04-10T05:28:59.190+0000] {logging_mixin.py:188} INFO - [2024-04-10T05:28:59.190+0000] {dagbag.py:540} INFO - Filling up the DagBag from /home/airflow/.local/lib/python3.12/site-packages/airflow/example_dags/example_xcomargs.py
[2024-04-10T05:28:59.201+0000] {processor.py:840} INFO - DAG(s) 'example_xcom_args', 'example_xcom_args_with_operators' retrieved from /home/airflow/.local/lib/python3.12/site-packages/airflow/example_dags/example_xcomargs.py
[2024-04-10T05:28:59.271+0000] {logging_mixin.py:188} INFO - [2024-04-10T05:28:59.270+0000] {dag.py:3096} INFO - Sync 2 DAGs
[2024-04-10T05:28:59.288+0000] {logging_mixin.py:188} INFO - [2024-04-10T05:28:59.288+0000] {dag.py:3954} INFO - Setting next_dagrun for example_xcom_args to None, run_after=None
[2024-04-10T05:28:59.292+0000] {logging_mixin.py:188} INFO - [2024-04-10T05:28:59.292+0000] {dag.py:3954} INFO - Setting next_dagrun for example_xcom_args_with_operators to None, run_after=None
[2024-04-10T05:28:59.315+0000] {processor.py:183} INFO - Processing /home/airflow/.local/lib/python3.12/site-packages/airflow/example_dags/example_xcomargs.py took 0.142 seconds
[2024-04-10T05:29:29.600+0000] {processor.py:161} INFO - Started process (PID=2260) to work on /home/airflow/.local/lib/python3.12/site-packages/airflow/example_dags/example_xcomargs.py
[2024-04-10T05:29:29.601+0000] {processor.py:830} INFO - Processing file /home/airflow/.local/lib/python3.12/site-packages/airflow/example_dags/example_xcomargs.py for tasks to queue
[2024-04-10T05:29:29.603+0000] {logging_mixin.py:188} INFO - [2024-04-10T05:29:29.602+0000] {dagbag.py:540} INFO - Filling up the DagBag from /home/airflow/.local/lib/python3.12/site-packages/airflow/example_dags/example_xcomargs.py
[2024-04-10T05:29:29.612+0000] {processor.py:840} INFO - DAG(s) 'example_xcom_args_with_operators', 'example_xcom_args' retrieved from /home/airflow/.local/lib/python3.12/site-packages/airflow/example_dags/example_xcomargs.py
[2024-04-10T05:29:29.646+0000] {logging_mixin.py:188} INFO - [2024-04-10T05:29:29.645+0000] {dag.py:3096} INFO - Sync 2 DAGs
[2024-04-10T05:29:29.662+0000] {logging_mixin.py:188} INFO - [2024-04-10T05:29:29.661+0000] {dag.py:3954} INFO - Setting next_dagrun for example_xcom_args to None, run_after=None
[2024-04-10T05:29:29.666+0000] {logging_mixin.py:188} INFO - [2024-04-10T05:29:29.666+0000] {dag.py:3954} INFO - Setting next_dagrun for example_xcom_args_with_operators to None, run_after=None
[2024-04-10T05:29:29.687+0000] {processor.py:183} INFO - Processing /home/airflow/.local/lib/python3.12/site-packages/airflow/example_dags/example_xcomargs.py took 0.094 seconds
[2024-04-10T05:30:00.167+0000] {processor.py:161} INFO - Started process (PID=2532) to work on /home/airflow/.local/lib/python3.12/site-packages/airflow/example_dags/example_xcomargs.py
[2024-04-10T05:30:00.169+0000] {processor.py:830} INFO - Processing file /home/airflow/.local/lib/python3.12/site-packages/airflow/example_dags/example_xcomargs.py for tasks to queue
[2024-04-10T05:30:00.170+0000] {logging_mixin.py:188} INFO - [2024-04-10T05:30:00.170+0000] {dagbag.py:540} INFO - Filling up the DagBag from /home/airflow/.local/lib/python3.12/site-packages/airflow/example_dags/example_xcomargs.py
[2024-04-10T05:30:00.181+0000] {processor.py:840} INFO - DAG(s) 'example_xcom_args', 'example_xcom_args_with_operators' retrieved from /home/airflow/.local/lib/python3.12/site-packages/airflow/example_dags/example_xcomargs.py
[2024-04-10T05:30:00.209+0000] {logging_mixin.py:188} INFO - [2024-04-10T05:30:00.208+0000] {dag.py:3096} INFO - Sync 2 DAGs
[2024-04-10T05:30:00.242+0000] {logging_mixin.py:188} INFO - [2024-04-10T05:30:00.242+0000] {dag.py:3954} INFO - Setting next_dagrun for example_xcom_args to None, run_after=None
[2024-04-10T05:30:00.251+0000] {logging_mixin.py:188} INFO - [2024-04-10T05:30:00.251+0000] {dag.py:3954} INFO - Setting next_dagrun for example_xcom_args_with_operators to None, run_after=None
[2024-04-10T05:30:00.277+0000] {processor.py:183} INFO - Processing /home/airflow/.local/lib/python3.12/site-packages/airflow/example_dags/example_xcomargs.py took 0.116 seconds
[2024-04-10T05:30:31.118+0000] {processor.py:161} INFO - Started process (PID=2804) to work on /home/airflow/.local/lib/python3.12/site-packages/airflow/example_dags/example_xcomargs.py
[2024-04-10T05:30:31.119+0000] {processor.py:830} INFO - Processing file /home/airflow/.local/lib/python3.12/site-packages/airflow/example_dags/example_xcomargs.py for tasks to queue
[2024-04-10T05:30:31.121+0000] {logging_mixin.py:188} INFO - [2024-04-10T05:30:31.121+0000] {dagbag.py:540} INFO - Filling up the DagBag from /home/airflow/.local/lib/python3.12/site-packages/airflow/example_dags/example_xcomargs.py
[2024-04-10T05:30:31.132+0000] {processor.py:840} INFO - DAG(s) 'example_xcom_args', 'example_xcom_args_with_operators' retrieved from /home/airflow/.local/lib/python3.12/site-packages/airflow/example_dags/example_xcomargs.py
[2024-04-10T05:30:31.163+0000] {logging_mixin.py:188} INFO - [2024-04-10T05:30:31.162+0000] {dag.py:3096} INFO - Sync 2 DAGs
[2024-04-10T05:30:31.178+0000] {logging_mixin.py:188} INFO - [2024-04-10T05:30:31.178+0000] {dag.py:3954} INFO - Setting next_dagrun for example_xcom_args to None, run_after=None
[2024-04-10T05:30:31.183+0000] {logging_mixin.py:188} INFO - [2024-04-10T05:30:31.182+0000] {dag.py:3954} INFO - Setting next_dagrun for example_xcom_args_with_operators to None, run_after=None
[2024-04-10T05:30:31.204+0000] {processor.py:183} INFO - Processing /home/airflow/.local/lib/python3.12/site-packages/airflow/example_dags/example_xcomargs.py took 0.092 seconds
[2024-04-10T05:31:01.474+0000] {processor.py:161} INFO - Started process (PID=3074) to work on /home/airflow/.local/lib/python3.12/site-packages/airflow/example_dags/example_xcomargs.py
[2024-04-10T05:31:01.475+0000] {processor.py:830} INFO - Processing file /home/airflow/.local/lib/python3.12/site-packages/airflow/example_dags/example_xcomargs.py for tasks to queue
[2024-04-10T05:31:01.477+0000] {logging_mixin.py:188} INFO - [2024-04-10T05:31:01.477+0000] {dagbag.py:540} INFO - Filling up the DagBag from /home/airflow/.local/lib/python3.12/site-packages/airflow/example_dags/example_xcomargs.py
[2024-04-10T05:31:01.486+0000] {processor.py:840} INFO - DAG(s) 'example_xcom_args_with_operators', 'example_xcom_args' retrieved from /home/airflow/.local/lib/python3.12/site-packages/airflow/example_dags/example_xcomargs.py
[2024-04-10T05:31:01.515+0000] {logging_mixin.py:188} INFO - [2024-04-10T05:31:01.515+0000] {dag.py:3096} INFO - Sync 2 DAGs
[2024-04-10T05:31:01.531+0000] {logging_mixin.py:188} INFO - [2024-04-10T05:31:01.531+0000] {dag.py:3954} INFO - Setting next_dagrun for example_xcom_args to None, run_after=None
[2024-04-10T05:31:01.536+0000] {logging_mixin.py:188} INFO - [2024-04-10T05:31:01.536+0000] {dag.py:3954} INFO - Setting next_dagrun for example_xcom_args_with_operators to None, run_after=None
[2024-04-10T05:31:01.558+0000] {processor.py:183} INFO - Processing /home/airflow/.local/lib/python3.12/site-packages/airflow/example_dags/example_xcomargs.py took 0.090 seconds
[2024-04-10T05:31:32.602+0000] {processor.py:161} INFO - Started process (PID=3346) to work on /home/airflow/.local/lib/python3.12/site-packages/airflow/example_dags/example_xcomargs.py
[2024-04-10T05:31:32.603+0000] {processor.py:830} INFO - Processing file /home/airflow/.local/lib/python3.12/site-packages/airflow/example_dags/example_xcomargs.py for tasks to queue
[2024-04-10T05:31:32.605+0000] {logging_mixin.py:188} INFO - [2024-04-10T05:31:32.605+0000] {dagbag.py:540} INFO - Filling up the DagBag from /home/airflow/.local/lib/python3.12/site-packages/airflow/example_dags/example_xcomargs.py
[2024-04-10T05:31:32.631+0000] {processor.py:840} INFO - DAG(s) 'example_xcom_args', 'example_xcom_args_with_operators' retrieved from /home/airflow/.local/lib/python3.12/site-packages/airflow/example_dags/example_xcomargs.py
[2024-04-10T05:31:32.671+0000] {logging_mixin.py:188} INFO - [2024-04-10T05:31:32.671+0000] {dag.py:3096} INFO - Sync 2 DAGs
[2024-04-10T05:31:32.688+0000] {logging_mixin.py:188} INFO - [2024-04-10T05:31:32.687+0000] {dag.py:3954} INFO - Setting next_dagrun for example_xcom_args to None, run_after=None
[2024-04-10T05:31:32.692+0000] {logging_mixin.py:188} INFO - [2024-04-10T05:31:32.692+0000] {dag.py:3954} INFO - Setting next_dagrun for example_xcom_args_with_operators to None, run_after=None
[2024-04-10T05:31:32.718+0000] {processor.py:183} INFO - Processing /home/airflow/.local/lib/python3.12/site-packages/airflow/example_dags/example_xcomargs.py took 0.128 seconds
[2024-04-10T05:32:03.103+0000] {processor.py:161} INFO - Started process (PID=3619) to work on /home/airflow/.local/lib/python3.12/site-packages/airflow/example_dags/example_xcomargs.py
[2024-04-10T05:32:03.105+0000] {processor.py:830} INFO - Processing file /home/airflow/.local/lib/python3.12/site-packages/airflow/example_dags/example_xcomargs.py for tasks to queue
[2024-04-10T05:32:03.109+0000] {logging_mixin.py:188} INFO - [2024-04-10T05:32:03.108+0000] {dagbag.py:540} INFO - Filling up the DagBag from /home/airflow/.local/lib/python3.12/site-packages/airflow/example_dags/example_xcomargs.py
[2024-04-10T05:32:03.122+0000] {processor.py:840} INFO - DAG(s) 'example_xcom_args_with_operators', 'example_xcom_args' retrieved from /home/airflow/.local/lib/python3.12/site-packages/airflow/example_dags/example_xcomargs.py
[2024-04-10T05:32:03.175+0000] {logging_mixin.py:188} INFO - [2024-04-10T05:32:03.175+0000] {dag.py:3096} INFO - Sync 2 DAGs
[2024-04-10T05:32:03.202+0000] {logging_mixin.py:188} INFO - [2024-04-10T05:32:03.202+0000] {dag.py:3954} INFO - Setting next_dagrun for example_xcom_args to None, run_after=None
[2024-04-10T05:32:03.207+0000] {logging_mixin.py:188} INFO - [2024-04-10T05:32:03.207+0000] {dag.py:3954} INFO - Setting next_dagrun for example_xcom_args_with_operators to None, run_after=None
[2024-04-10T05:32:03.230+0000] {processor.py:183} INFO - Processing /home/airflow/.local/lib/python3.12/site-packages/airflow/example_dags/example_xcomargs.py took 0.142 seconds
[2024-04-10T05:32:33.624+0000] {processor.py:161} INFO - Started process (PID=3891) to work on /home/airflow/.local/lib/python3.12/site-packages/airflow/example_dags/example_xcomargs.py
[2024-04-10T05:32:33.624+0000] {processor.py:830} INFO - Processing file /home/airflow/.local/lib/python3.12/site-packages/airflow/example_dags/example_xcomargs.py for tasks to queue
[2024-04-10T05:32:33.627+0000] {logging_mixin.py:188} INFO - [2024-04-10T05:32:33.627+0000] {dagbag.py:540} INFO - Filling up the DagBag from /home/airflow/.local/lib/python3.12/site-packages/airflow/example_dags/example_xcomargs.py
[2024-04-10T05:32:33.635+0000] {processor.py:840} INFO - DAG(s) 'example_xcom_args', 'example_xcom_args_with_operators' retrieved from /home/airflow/.local/lib/python3.12/site-packages/airflow/example_dags/example_xcomargs.py
[2024-04-10T05:32:33.663+0000] {logging_mixin.py:188} INFO - [2024-04-10T05:32:33.663+0000] {dag.py:3096} INFO - Sync 2 DAGs
[2024-04-10T05:32:33.680+0000] {logging_mixin.py:188} INFO - [2024-04-10T05:32:33.680+0000] {dag.py:3954} INFO - Setting next_dagrun for example_xcom_args to None, run_after=None
[2024-04-10T05:32:33.685+0000] {logging_mixin.py:188} INFO - [2024-04-10T05:32:33.684+0000] {dag.py:3954} INFO - Setting next_dagrun for example_xcom_args_with_operators to None, run_after=None
[2024-04-10T05:32:33.707+0000] {processor.py:183} INFO - Processing /home/airflow/.local/lib/python3.12/site-packages/airflow/example_dags/example_xcomargs.py took 0.091 seconds
[2024-04-10T05:33:04.949+0000] {processor.py:161} INFO - Started process (PID=4161) to work on /home/airflow/.local/lib/python3.12/site-packages/airflow/example_dags/example_xcomargs.py
[2024-04-10T05:33:04.954+0000] {processor.py:830} INFO - Processing file /home/airflow/.local/lib/python3.12/site-packages/airflow/example_dags/example_xcomargs.py for tasks to queue
[2024-04-10T05:33:04.956+0000] {logging_mixin.py:188} INFO - [2024-04-10T05:33:04.955+0000] {dagbag.py:540} INFO - Filling up the DagBag from /home/airflow/.local/lib/python3.12/site-packages/airflow/example_dags/example_xcomargs.py
[2024-04-10T05:33:04.973+0000] {processor.py:840} INFO - DAG(s) 'example_xcom_args', 'example_xcom_args_with_operators' retrieved from /home/airflow/.local/lib/python3.12/site-packages/airflow/example_dags/example_xcomargs.py
[2024-04-10T05:33:05.018+0000] {logging_mixin.py:188} INFO - [2024-04-10T05:33:05.017+0000] {dag.py:3096} INFO - Sync 2 DAGs
[2024-04-10T05:33:05.048+0000] {logging_mixin.py:188} INFO - [2024-04-10T05:33:05.048+0000] {dag.py:3954} INFO - Setting next_dagrun for example_xcom_args to None, run_after=None
[2024-04-10T05:33:05.056+0000] {logging_mixin.py:188} INFO - [2024-04-10T05:33:05.055+0000] {dag.py:3954} INFO - Setting next_dagrun for example_xcom_args_with_operators to None, run_after=None
[2024-04-10T05:33:05.086+0000] {processor.py:183} INFO - Processing /home/airflow/.local/lib/python3.12/site-packages/airflow/example_dags/example_xcomargs.py took 0.148 seconds
[2024-04-10T05:33:35.308+0000] {processor.py:161} INFO - Started process (PID=4435) to work on /home/airflow/.local/lib/python3.12/site-packages/airflow/example_dags/example_xcomargs.py
[2024-04-10T05:33:35.309+0000] {processor.py:830} INFO - Processing file /home/airflow/.local/lib/python3.12/site-packages/airflow/example_dags/example_xcomargs.py for tasks to queue
[2024-04-10T05:33:35.311+0000] {logging_mixin.py:188} INFO - [2024-04-10T05:33:35.310+0000] {dagbag.py:540} INFO - Filling up the DagBag from /home/airflow/.local/lib/python3.12/site-packages/airflow/example_dags/example_xcomargs.py
[2024-04-10T05:33:35.319+0000] {processor.py:840} INFO - DAG(s) 'example_xcom_args', 'example_xcom_args_with_operators' retrieved from /home/airflow/.local/lib/python3.12/site-packages/airflow/example_dags/example_xcomargs.py
[2024-04-10T05:33:35.357+0000] {logging_mixin.py:188} INFO - [2024-04-10T05:33:35.357+0000] {dag.py:3096} INFO - Sync 2 DAGs
[2024-04-10T05:33:35.375+0000] {logging_mixin.py:188} INFO - [2024-04-10T05:33:35.374+0000] {dag.py:3954} INFO - Setting next_dagrun for example_xcom_args to None, run_after=None
[2024-04-10T05:33:35.379+0000] {logging_mixin.py:188} INFO - [2024-04-10T05:33:35.379+0000] {dag.py:3954} INFO - Setting next_dagrun for example_xcom_args_with_operators to None, run_after=None
[2024-04-10T05:33:35.406+0000] {processor.py:183} INFO - Processing /home/airflow/.local/lib/python3.12/site-packages/airflow/example_dags/example_xcomargs.py took 0.105 seconds
[2024-04-10T05:34:06.729+0000] {processor.py:161} INFO - Started process (PID=4712) to work on /home/airflow/.local/lib/python3.12/site-packages/airflow/example_dags/example_xcomargs.py
[2024-04-10T05:34:06.730+0000] {processor.py:830} INFO - Processing file /home/airflow/.local/lib/python3.12/site-packages/airflow/example_dags/example_xcomargs.py for tasks to queue
[2024-04-10T05:34:06.732+0000] {logging_mixin.py:188} INFO - [2024-04-10T05:34:06.732+0000] {dagbag.py:540} INFO - Filling up the DagBag from /home/airflow/.local/lib/python3.12/site-packages/airflow/example_dags/example_xcomargs.py
[2024-04-10T05:34:06.744+0000] {processor.py:840} INFO - DAG(s) 'example_xcom_args', 'example_xcom_args_with_operators' retrieved from /home/airflow/.local/lib/python3.12/site-packages/airflow/example_dags/example_xcomargs.py
[2024-04-10T05:34:06.799+0000] {logging_mixin.py:188} INFO - [2024-04-10T05:34:06.799+0000] {dag.py:3096} INFO - Sync 2 DAGs
[2024-04-10T05:34:06.817+0000] {logging_mixin.py:188} INFO - [2024-04-10T05:34:06.816+0000] {dag.py:3954} INFO - Setting next_dagrun for example_xcom_args to None, run_after=None
[2024-04-10T05:34:06.822+0000] {logging_mixin.py:188} INFO - [2024-04-10T05:34:06.821+0000] {dag.py:3954} INFO - Setting next_dagrun for example_xcom_args_with_operators to None, run_after=None
[2024-04-10T05:34:06.849+0000] {processor.py:183} INFO - Processing /home/airflow/.local/lib/python3.12/site-packages/airflow/example_dags/example_xcomargs.py took 0.127 seconds
[2024-04-10T05:34:37.456+0000] {processor.py:161} INFO - Started process (PID=4984) to work on /home/airflow/.local/lib/python3.12/site-packages/airflow/example_dags/example_xcomargs.py
[2024-04-10T05:34:37.457+0000] {processor.py:830} INFO - Processing file /home/airflow/.local/lib/python3.12/site-packages/airflow/example_dags/example_xcomargs.py for tasks to queue
[2024-04-10T05:34:37.458+0000] {logging_mixin.py:188} INFO - [2024-04-10T05:34:37.458+0000] {dagbag.py:540} INFO - Filling up the DagBag from /home/airflow/.local/lib/python3.12/site-packages/airflow/example_dags/example_xcomargs.py
[2024-04-10T05:34:37.467+0000] {processor.py:840} INFO - DAG(s) 'example_xcom_args_with_operators', 'example_xcom_args' retrieved from /home/airflow/.local/lib/python3.12/site-packages/airflow/example_dags/example_xcomargs.py
[2024-04-10T05:34:37.496+0000] {logging_mixin.py:188} INFO - [2024-04-10T05:34:37.495+0000] {dag.py:3096} INFO - Sync 2 DAGs
[2024-04-10T05:34:37.512+0000] {logging_mixin.py:188} INFO - [2024-04-10T05:34:37.512+0000] {dag.py:3954} INFO - Setting next_dagrun for example_xcom_args to None, run_after=None
[2024-04-10T05:34:37.517+0000] {logging_mixin.py:188} INFO - [2024-04-10T05:34:37.516+0000] {dag.py:3954} INFO - Setting next_dagrun for example_xcom_args_with_operators to None, run_after=None
[2024-04-10T05:34:37.539+0000] {processor.py:183} INFO - Processing /home/airflow/.local/lib/python3.12/site-packages/airflow/example_dags/example_xcomargs.py took 0.090 seconds
[2024-04-10T05:35:08.665+0000] {processor.py:161} INFO - Started process (PID=5257) to work on /home/airflow/.local/lib/python3.12/site-packages/airflow/example_dags/example_xcomargs.py
[2024-04-10T05:35:08.666+0000] {processor.py:830} INFO - Processing file /home/airflow/.local/lib/python3.12/site-packages/airflow/example_dags/example_xcomargs.py for tasks to queue
[2024-04-10T05:35:08.668+0000] {logging_mixin.py:188} INFO - [2024-04-10T05:35:08.667+0000] {dagbag.py:540} INFO - Filling up the DagBag from /home/airflow/.local/lib/python3.12/site-packages/airflow/example_dags/example_xcomargs.py
[2024-04-10T05:35:08.677+0000] {processor.py:840} INFO - DAG(s) 'example_xcom_args', 'example_xcom_args_with_operators' retrieved from /home/airflow/.local/lib/python3.12/site-packages/airflow/example_dags/example_xcomargs.py
[2024-04-10T05:35:08.705+0000] {logging_mixin.py:188} INFO - [2024-04-10T05:35:08.705+0000] {dag.py:3096} INFO - Sync 2 DAGs
[2024-04-10T05:35:08.723+0000] {logging_mixin.py:188} INFO - [2024-04-10T05:35:08.723+0000] {dag.py:3954} INFO - Setting next_dagrun for example_xcom_args to None, run_after=None
[2024-04-10T05:35:08.728+0000] {logging_mixin.py:188} INFO - [2024-04-10T05:35:08.727+0000] {dag.py:3954} INFO - Setting next_dagrun for example_xcom_args_with_operators to None, run_after=None
[2024-04-10T05:35:08.751+0000] {processor.py:183} INFO - Processing /home/airflow/.local/lib/python3.12/site-packages/airflow/example_dags/example_xcomargs.py took 0.093 seconds
[2024-04-10T05:35:39.339+0000] {processor.py:161} INFO - Started process (PID=5530) to work on /home/airflow/.local/lib/python3.12/site-packages/airflow/example_dags/example_xcomargs.py
[2024-04-10T05:35:39.340+0000] {processor.py:830} INFO - Processing file /home/airflow/.local/lib/python3.12/site-packages/airflow/example_dags/example_xcomargs.py for tasks to queue
[2024-04-10T05:35:39.342+0000] {logging_mixin.py:188} INFO - [2024-04-10T05:35:39.342+0000] {dagbag.py:540} INFO - Filling up the DagBag from /home/airflow/.local/lib/python3.12/site-packages/airflow/example_dags/example_xcomargs.py
[2024-04-10T05:35:39.351+0000] {processor.py:840} INFO - DAG(s) 'example_xcom_args', 'example_xcom_args_with_operators' retrieved from /home/airflow/.local/lib/python3.12/site-packages/airflow/example_dags/example_xcomargs.py
[2024-04-10T05:35:39.380+0000] {logging_mixin.py:188} INFO - [2024-04-10T05:35:39.380+0000] {dag.py:3096} INFO - Sync 2 DAGs
[2024-04-10T05:35:39.396+0000] {logging_mixin.py:188} INFO - [2024-04-10T05:35:39.396+0000] {dag.py:3954} INFO - Setting next_dagrun for example_xcom_args to None, run_after=None
[2024-04-10T05:35:39.402+0000] {logging_mixin.py:188} INFO - [2024-04-10T05:35:39.401+0000] {dag.py:3954} INFO - Setting next_dagrun for example_xcom_args_with_operators to None, run_after=None
[2024-04-10T05:35:39.425+0000] {processor.py:183} INFO - Processing /home/airflow/.local/lib/python3.12/site-packages/airflow/example_dags/example_xcomargs.py took 0.092 seconds
[2024-04-10T05:36:10.631+0000] {processor.py:161} INFO - Started process (PID=5802) to work on /home/airflow/.local/lib/python3.12/site-packages/airflow/example_dags/example_xcomargs.py
[2024-04-10T05:36:10.632+0000] {processor.py:830} INFO - Processing file /home/airflow/.local/lib/python3.12/site-packages/airflow/example_dags/example_xcomargs.py for tasks to queue
[2024-04-10T05:36:10.634+0000] {logging_mixin.py:188} INFO - [2024-04-10T05:36:10.633+0000] {dagbag.py:540} INFO - Filling up the DagBag from /home/airflow/.local/lib/python3.12/site-packages/airflow/example_dags/example_xcomargs.py
[2024-04-10T05:36:10.643+0000] {processor.py:840} INFO - DAG(s) 'example_xcom_args_with_operators', 'example_xcom_args' retrieved from /home/airflow/.local/lib/python3.12/site-packages/airflow/example_dags/example_xcomargs.py
[2024-04-10T05:36:10.670+0000] {logging_mixin.py:188} INFO - [2024-04-10T05:36:10.670+0000] {dag.py:3096} INFO - Sync 2 DAGs
[2024-04-10T05:36:10.922+0000] {logging_mixin.py:188} INFO - [2024-04-10T05:36:10.922+0000] {dag.py:3954} INFO - Setting next_dagrun for example_xcom_args to None, run_after=None
[2024-04-10T05:36:10.927+0000] {logging_mixin.py:188} INFO - [2024-04-10T05:36:10.926+0000] {dag.py:3954} INFO - Setting next_dagrun for example_xcom_args_with_operators to None, run_after=None
[2024-04-10T05:36:10.948+0000] {processor.py:183} INFO - Processing /home/airflow/.local/lib/python3.12/site-packages/airflow/example_dags/example_xcomargs.py took 0.322 seconds
[2024-04-10T05:36:41.223+0000] {processor.py:161} INFO - Started process (PID=6075) to work on /home/airflow/.local/lib/python3.12/site-packages/airflow/example_dags/example_xcomargs.py
[2024-04-10T05:36:41.224+0000] {processor.py:830} INFO - Processing file /home/airflow/.local/lib/python3.12/site-packages/airflow/example_dags/example_xcomargs.py for tasks to queue
[2024-04-10T05:36:41.228+0000] {logging_mixin.py:188} INFO - [2024-04-10T05:36:41.227+0000] {dagbag.py:540} INFO - Filling up the DagBag from /home/airflow/.local/lib/python3.12/site-packages/airflow/example_dags/example_xcomargs.py
[2024-04-10T05:36:41.237+0000] {processor.py:840} INFO - DAG(s) 'example_xcom_args_with_operators', 'example_xcom_args' retrieved from /home/airflow/.local/lib/python3.12/site-packages/airflow/example_dags/example_xcomargs.py
[2024-04-10T05:36:41.264+0000] {logging_mixin.py:188} INFO - [2024-04-10T05:36:41.264+0000] {dag.py:3096} INFO - Sync 2 DAGs
[2024-04-10T05:36:41.281+0000] {logging_mixin.py:188} INFO - [2024-04-10T05:36:41.280+0000] {dag.py:3954} INFO - Setting next_dagrun for example_xcom_args to None, run_after=None
[2024-04-10T05:36:41.285+0000] {logging_mixin.py:188} INFO - [2024-04-10T05:36:41.285+0000] {dag.py:3954} INFO - Setting next_dagrun for example_xcom_args_with_operators to None, run_after=None
[2024-04-10T05:36:41.455+0000] {processor.py:183} INFO - Processing /home/airflow/.local/lib/python3.12/site-packages/airflow/example_dags/example_xcomargs.py took 0.238 seconds
[2024-04-10T05:37:11.902+0000] {processor.py:161} INFO - Started process (PID=6347) to work on /home/airflow/.local/lib/python3.12/site-packages/airflow/example_dags/example_xcomargs.py
[2024-04-10T05:37:11.907+0000] {processor.py:830} INFO - Processing file /home/airflow/.local/lib/python3.12/site-packages/airflow/example_dags/example_xcomargs.py for tasks to queue
[2024-04-10T05:37:11.912+0000] {logging_mixin.py:188} INFO - [2024-04-10T05:37:11.911+0000] {dagbag.py:540} INFO - Filling up the DagBag from /home/airflow/.local/lib/python3.12/site-packages/airflow/example_dags/example_xcomargs.py
[2024-04-10T05:37:11.931+0000] {processor.py:840} INFO - DAG(s) 'example_xcom_args_with_operators', 'example_xcom_args' retrieved from /home/airflow/.local/lib/python3.12/site-packages/airflow/example_dags/example_xcomargs.py
[2024-04-10T05:37:11.989+0000] {logging_mixin.py:188} INFO - [2024-04-10T05:37:11.988+0000] {dag.py:3096} INFO - Sync 2 DAGs
[2024-04-10T05:37:12.004+0000] {logging_mixin.py:188} INFO - [2024-04-10T05:37:12.004+0000] {dag.py:3954} INFO - Setting next_dagrun for example_xcom_args to None, run_after=None
[2024-04-10T05:37:12.009+0000] {logging_mixin.py:188} INFO - [2024-04-10T05:37:12.008+0000] {dag.py:3954} INFO - Setting next_dagrun for example_xcom_args_with_operators to None, run_after=None
[2024-04-10T05:37:12.049+0000] {processor.py:183} INFO - Processing /home/airflow/.local/lib/python3.12/site-packages/airflow/example_dags/example_xcomargs.py took 0.166 seconds
[2024-04-10T05:37:42.339+0000] {processor.py:161} INFO - Started process (PID=6619) to work on /home/airflow/.local/lib/python3.12/site-packages/airflow/example_dags/example_xcomargs.py
[2024-04-10T05:37:42.340+0000] {processor.py:830} INFO - Processing file /home/airflow/.local/lib/python3.12/site-packages/airflow/example_dags/example_xcomargs.py for tasks to queue
[2024-04-10T05:37:42.342+0000] {logging_mixin.py:188} INFO - [2024-04-10T05:37:42.341+0000] {dagbag.py:540} INFO - Filling up the DagBag from /home/airflow/.local/lib/python3.12/site-packages/airflow/example_dags/example_xcomargs.py
[2024-04-10T05:37:42.350+0000] {processor.py:840} INFO - DAG(s) 'example_xcom_args_with_operators', 'example_xcom_args' retrieved from /home/airflow/.local/lib/python3.12/site-packages/airflow/example_dags/example_xcomargs.py
[2024-04-10T05:37:42.378+0000] {logging_mixin.py:188} INFO - [2024-04-10T05:37:42.378+0000] {dag.py:3096} INFO - Sync 2 DAGs
[2024-04-10T05:37:42.394+0000] {logging_mixin.py:188} INFO - [2024-04-10T05:37:42.394+0000] {dag.py:3954} INFO - Setting next_dagrun for example_xcom_args to None, run_after=None
[2024-04-10T05:37:42.399+0000] {logging_mixin.py:188} INFO - [2024-04-10T05:37:42.399+0000] {dag.py:3954} INFO - Setting next_dagrun for example_xcom_args_with_operators to None, run_after=None
[2024-04-10T05:37:42.421+0000] {processor.py:183} INFO - Processing /home/airflow/.local/lib/python3.12/site-packages/airflow/example_dags/example_xcomargs.py took 0.088 seconds
[2024-04-10T05:38:12.791+0000] {processor.py:161} INFO - Started process (PID=6892) to work on /home/airflow/.local/lib/python3.12/site-packages/airflow/example_dags/example_xcomargs.py
[2024-04-10T05:38:12.791+0000] {processor.py:830} INFO - Processing file /home/airflow/.local/lib/python3.12/site-packages/airflow/example_dags/example_xcomargs.py for tasks to queue
[2024-04-10T05:38:12.793+0000] {logging_mixin.py:188} INFO - [2024-04-10T05:38:12.792+0000] {dagbag.py:540} INFO - Filling up the DagBag from /home/airflow/.local/lib/python3.12/site-packages/airflow/example_dags/example_xcomargs.py
[2024-04-10T05:38:12.802+0000] {processor.py:840} INFO - DAG(s) 'example_xcom_args_with_operators', 'example_xcom_args' retrieved from /home/airflow/.local/lib/python3.12/site-packages/airflow/example_dags/example_xcomargs.py
[2024-04-10T05:38:12.828+0000] {logging_mixin.py:188} INFO - [2024-04-10T05:38:12.828+0000] {dag.py:3096} INFO - Sync 2 DAGs
[2024-04-10T05:38:12.847+0000] {logging_mixin.py:188} INFO - [2024-04-10T05:38:12.847+0000] {dag.py:3954} INFO - Setting next_dagrun for example_xcom_args to None, run_after=None
[2024-04-10T05:38:12.852+0000] {logging_mixin.py:188} INFO - [2024-04-10T05:38:12.852+0000] {dag.py:3954} INFO - Setting next_dagrun for example_xcom_args_with_operators to None, run_after=None
[2024-04-10T05:38:12.874+0000] {processor.py:183} INFO - Processing /home/airflow/.local/lib/python3.12/site-packages/airflow/example_dags/example_xcomargs.py took 0.090 seconds
