[2024-04-10T05:25:53.224+0000] {processor.py:161} INFO - Started process (PID=286) to work on /home/airflow/.local/lib/python3.12/site-packages/airflow/example_dags/example_bash_operator.py
[2024-04-10T05:25:53.225+0000] {processor.py:830} INFO - Processing file /home/airflow/.local/lib/python3.12/site-packages/airflow/example_dags/example_bash_operator.py for tasks to queue
[2024-04-10T05:25:53.227+0000] {logging_mixin.py:188} INFO - [2024-04-10T05:25:53.227+0000] {dagbag.py:540} INFO - Filling up the DagBag from /home/airflow/.local/lib/python3.12/site-packages/airflow/example_dags/example_bash_operator.py
[2024-04-10T05:25:53.245+0000] {processor.py:840} INFO - DAG(s) 'example_bash_operator' retrieved from /home/airflow/.local/lib/python3.12/site-packages/airflow/example_dags/example_bash_operator.py
[2024-04-10T05:25:53.290+0000] {logging_mixin.py:188} INFO - [2024-04-10T05:25:53.289+0000] {dag.py:3096} INFO - Sync 1 DAGs
[2024-04-10T05:25:53.324+0000] {logging_mixin.py:188} INFO - [2024-04-10T05:25:53.324+0000] {dag.py:3954} INFO - Setting next_dagrun for example_bash_operator to 2024-04-09 00:00:00+00:00, run_after=2024-04-10 00:00:00+00:00
[2024-04-10T05:25:53.363+0000] {processor.py:183} INFO - Processing /home/airflow/.local/lib/python3.12/site-packages/airflow/example_dags/example_bash_operator.py took 0.146 seconds
[2024-04-10T05:26:23.436+0000] {processor.py:161} INFO - Started process (PID=559) to work on /home/airflow/.local/lib/python3.12/site-packages/airflow/example_dags/example_bash_operator.py
[2024-04-10T05:26:23.442+0000] {processor.py:830} INFO - Processing file /home/airflow/.local/lib/python3.12/site-packages/airflow/example_dags/example_bash_operator.py for tasks to queue
[2024-04-10T05:26:23.445+0000] {logging_mixin.py:188} INFO - [2024-04-10T05:26:23.444+0000] {dagbag.py:540} INFO - Filling up the DagBag from /home/airflow/.local/lib/python3.12/site-packages/airflow/example_dags/example_bash_operator.py
[2024-04-10T05:26:23.479+0000] {processor.py:840} INFO - DAG(s) 'example_bash_operator' retrieved from /home/airflow/.local/lib/python3.12/site-packages/airflow/example_dags/example_bash_operator.py
[2024-04-10T05:26:23.531+0000] {logging_mixin.py:188} INFO - [2024-04-10T05:26:23.531+0000] {dag.py:3096} INFO - Sync 1 DAGs
[2024-04-10T05:26:23.575+0000] {logging_mixin.py:188} INFO - [2024-04-10T05:26:23.575+0000] {dag.py:3954} INFO - Setting next_dagrun for example_bash_operator to 2024-04-09 00:00:00+00:00, run_after=2024-04-10 00:00:00+00:00
[2024-04-10T05:26:23.600+0000] {processor.py:183} INFO - Processing /home/airflow/.local/lib/python3.12/site-packages/airflow/example_dags/example_bash_operator.py took 0.176 seconds
[2024-04-10T05:26:53.944+0000] {processor.py:161} INFO - Started process (PID=833) to work on /home/airflow/.local/lib/python3.12/site-packages/airflow/example_dags/example_bash_operator.py
[2024-04-10T05:26:53.945+0000] {processor.py:830} INFO - Processing file /home/airflow/.local/lib/python3.12/site-packages/airflow/example_dags/example_bash_operator.py for tasks to queue
[2024-04-10T05:26:53.947+0000] {logging_mixin.py:188} INFO - [2024-04-10T05:26:53.947+0000] {dagbag.py:540} INFO - Filling up the DagBag from /home/airflow/.local/lib/python3.12/site-packages/airflow/example_dags/example_bash_operator.py
[2024-04-10T05:26:53.961+0000] {processor.py:840} INFO - DAG(s) 'example_bash_operator' retrieved from /home/airflow/.local/lib/python3.12/site-packages/airflow/example_dags/example_bash_operator.py
[2024-04-10T05:26:53.999+0000] {logging_mixin.py:188} INFO - [2024-04-10T05:26:53.999+0000] {dag.py:3096} INFO - Sync 1 DAGs
[2024-04-10T05:26:54.028+0000] {logging_mixin.py:188} INFO - [2024-04-10T05:26:54.028+0000] {dag.py:3954} INFO - Setting next_dagrun for example_bash_operator to 2024-04-09 00:00:00+00:00, run_after=2024-04-10 00:00:00+00:00
[2024-04-10T05:26:54.051+0000] {processor.py:183} INFO - Processing /home/airflow/.local/lib/python3.12/site-packages/airflow/example_dags/example_bash_operator.py took 0.113 seconds
[2024-04-10T05:27:24.960+0000] {processor.py:161} INFO - Started process (PID=1104) to work on /home/airflow/.local/lib/python3.12/site-packages/airflow/example_dags/example_bash_operator.py
[2024-04-10T05:27:24.961+0000] {processor.py:830} INFO - Processing file /home/airflow/.local/lib/python3.12/site-packages/airflow/example_dags/example_bash_operator.py for tasks to queue
[2024-04-10T05:27:24.963+0000] {logging_mixin.py:188} INFO - [2024-04-10T05:27:24.963+0000] {dagbag.py:540} INFO - Filling up the DagBag from /home/airflow/.local/lib/python3.12/site-packages/airflow/example_dags/example_bash_operator.py
[2024-04-10T05:27:24.978+0000] {processor.py:840} INFO - DAG(s) 'example_bash_operator' retrieved from /home/airflow/.local/lib/python3.12/site-packages/airflow/example_dags/example_bash_operator.py
[2024-04-10T05:27:25.025+0000] {logging_mixin.py:188} INFO - [2024-04-10T05:27:25.025+0000] {dag.py:3096} INFO - Sync 1 DAGs
[2024-04-10T05:27:25.055+0000] {logging_mixin.py:188} INFO - [2024-04-10T05:27:25.055+0000] {dag.py:3954} INFO - Setting next_dagrun for example_bash_operator to 2024-04-09 00:00:00+00:00, run_after=2024-04-10 00:00:00+00:00
[2024-04-10T05:27:25.124+0000] {processor.py:183} INFO - Processing /home/airflow/.local/lib/python3.12/site-packages/airflow/example_dags/example_bash_operator.py took 0.171 seconds
[2024-04-10T05:27:55.730+0000] {processor.py:161} INFO - Started process (PID=1376) to work on /home/airflow/.local/lib/python3.12/site-packages/airflow/example_dags/example_bash_operator.py
[2024-04-10T05:27:55.731+0000] {processor.py:830} INFO - Processing file /home/airflow/.local/lib/python3.12/site-packages/airflow/example_dags/example_bash_operator.py for tasks to queue
[2024-04-10T05:27:55.732+0000] {logging_mixin.py:188} INFO - [2024-04-10T05:27:55.732+0000] {dagbag.py:540} INFO - Filling up the DagBag from /home/airflow/.local/lib/python3.12/site-packages/airflow/example_dags/example_bash_operator.py
[2024-04-10T05:27:55.746+0000] {processor.py:840} INFO - DAG(s) 'example_bash_operator' retrieved from /home/airflow/.local/lib/python3.12/site-packages/airflow/example_dags/example_bash_operator.py
[2024-04-10T05:27:55.780+0000] {logging_mixin.py:188} INFO - [2024-04-10T05:27:55.780+0000] {dag.py:3096} INFO - Sync 1 DAGs
[2024-04-10T05:27:55.805+0000] {logging_mixin.py:188} INFO - [2024-04-10T05:27:55.805+0000] {dag.py:3954} INFO - Setting next_dagrun for example_bash_operator to 2024-04-09 00:00:00+00:00, run_after=2024-04-10 00:00:00+00:00
[2024-04-10T05:27:55.832+0000] {processor.py:183} INFO - Processing /home/airflow/.local/lib/python3.12/site-packages/airflow/example_dags/example_bash_operator.py took 0.108 seconds
[2024-04-10T05:28:26.087+0000] {processor.py:161} INFO - Started process (PID=1649) to work on /home/airflow/.local/lib/python3.12/site-packages/airflow/example_dags/example_bash_operator.py
[2024-04-10T05:28:26.088+0000] {processor.py:830} INFO - Processing file /home/airflow/.local/lib/python3.12/site-packages/airflow/example_dags/example_bash_operator.py for tasks to queue
[2024-04-10T05:28:26.089+0000] {logging_mixin.py:188} INFO - [2024-04-10T05:28:26.089+0000] {dagbag.py:540} INFO - Filling up the DagBag from /home/airflow/.local/lib/python3.12/site-packages/airflow/example_dags/example_bash_operator.py
[2024-04-10T05:28:26.098+0000] {processor.py:840} INFO - DAG(s) 'example_bash_operator' retrieved from /home/airflow/.local/lib/python3.12/site-packages/airflow/example_dags/example_bash_operator.py
[2024-04-10T05:28:26.132+0000] {logging_mixin.py:188} INFO - [2024-04-10T05:28:26.132+0000] {dag.py:3096} INFO - Sync 1 DAGs
[2024-04-10T05:28:26.162+0000] {logging_mixin.py:188} INFO - [2024-04-10T05:28:26.162+0000] {dag.py:3954} INFO - Setting next_dagrun for example_bash_operator to 2024-04-09 00:00:00+00:00, run_after=2024-04-10 00:00:00+00:00
[2024-04-10T05:28:26.187+0000] {processor.py:183} INFO - Processing /home/airflow/.local/lib/python3.12/site-packages/airflow/example_dags/example_bash_operator.py took 0.104 seconds
[2024-04-10T05:28:57.050+0000] {processor.py:161} INFO - Started process (PID=1922) to work on /home/airflow/.local/lib/python3.12/site-packages/airflow/example_dags/example_bash_operator.py
[2024-04-10T05:28:57.051+0000] {processor.py:830} INFO - Processing file /home/airflow/.local/lib/python3.12/site-packages/airflow/example_dags/example_bash_operator.py for tasks to queue
[2024-04-10T05:28:57.052+0000] {logging_mixin.py:188} INFO - [2024-04-10T05:28:57.052+0000] {dagbag.py:540} INFO - Filling up the DagBag from /home/airflow/.local/lib/python3.12/site-packages/airflow/example_dags/example_bash_operator.py
[2024-04-10T05:28:57.070+0000] {processor.py:840} INFO - DAG(s) 'example_bash_operator' retrieved from /home/airflow/.local/lib/python3.12/site-packages/airflow/example_dags/example_bash_operator.py
[2024-04-10T05:28:57.143+0000] {logging_mixin.py:188} INFO - [2024-04-10T05:28:57.142+0000] {dag.py:3096} INFO - Sync 1 DAGs
[2024-04-10T05:28:57.185+0000] {logging_mixin.py:188} INFO - [2024-04-10T05:28:57.184+0000] {dag.py:3954} INFO - Setting next_dagrun for example_bash_operator to 2024-04-09 00:00:00+00:00, run_after=2024-04-10 00:00:00+00:00
[2024-04-10T05:28:57.226+0000] {processor.py:183} INFO - Processing /home/airflow/.local/lib/python3.12/site-packages/airflow/example_dags/example_bash_operator.py took 0.183 seconds
[2024-04-10T05:29:27.602+0000] {processor.py:161} INFO - Started process (PID=2193) to work on /home/airflow/.local/lib/python3.12/site-packages/airflow/example_dags/example_bash_operator.py
[2024-04-10T05:29:27.603+0000] {processor.py:830} INFO - Processing file /home/airflow/.local/lib/python3.12/site-packages/airflow/example_dags/example_bash_operator.py for tasks to queue
[2024-04-10T05:29:27.607+0000] {logging_mixin.py:188} INFO - [2024-04-10T05:29:27.605+0000] {dagbag.py:540} INFO - Filling up the DagBag from /home/airflow/.local/lib/python3.12/site-packages/airflow/example_dags/example_bash_operator.py
[2024-04-10T05:29:27.627+0000] {processor.py:840} INFO - DAG(s) 'example_bash_operator' retrieved from /home/airflow/.local/lib/python3.12/site-packages/airflow/example_dags/example_bash_operator.py
[2024-04-10T05:29:27.664+0000] {logging_mixin.py:188} INFO - [2024-04-10T05:29:27.664+0000] {dag.py:3096} INFO - Sync 1 DAGs
[2024-04-10T05:29:27.693+0000] {logging_mixin.py:188} INFO - [2024-04-10T05:29:27.693+0000] {dag.py:3954} INFO - Setting next_dagrun for example_bash_operator to 2024-04-09 00:00:00+00:00, run_after=2024-04-10 00:00:00+00:00
[2024-04-10T05:29:27.723+0000] {processor.py:183} INFO - Processing /home/airflow/.local/lib/python3.12/site-packages/airflow/example_dags/example_bash_operator.py took 0.128 seconds
[2024-04-10T05:29:58.047+0000] {processor.py:161} INFO - Started process (PID=2465) to work on /home/airflow/.local/lib/python3.12/site-packages/airflow/example_dags/example_bash_operator.py
[2024-04-10T05:29:58.047+0000] {processor.py:830} INFO - Processing file /home/airflow/.local/lib/python3.12/site-packages/airflow/example_dags/example_bash_operator.py for tasks to queue
[2024-04-10T05:29:58.049+0000] {logging_mixin.py:188} INFO - [2024-04-10T05:29:58.049+0000] {dagbag.py:540} INFO - Filling up the DagBag from /home/airflow/.local/lib/python3.12/site-packages/airflow/example_dags/example_bash_operator.py
[2024-04-10T05:29:58.063+0000] {processor.py:840} INFO - DAG(s) 'example_bash_operator' retrieved from /home/airflow/.local/lib/python3.12/site-packages/airflow/example_dags/example_bash_operator.py
[2024-04-10T05:29:58.104+0000] {logging_mixin.py:188} INFO - [2024-04-10T05:29:58.103+0000] {dag.py:3096} INFO - Sync 1 DAGs
[2024-04-10T05:29:58.131+0000] {logging_mixin.py:188} INFO - [2024-04-10T05:29:58.131+0000] {dag.py:3954} INFO - Setting next_dagrun for example_bash_operator to 2024-04-09 00:00:00+00:00, run_after=2024-04-10 00:00:00+00:00
[2024-04-10T05:29:58.155+0000] {processor.py:183} INFO - Processing /home/airflow/.local/lib/python3.12/site-packages/airflow/example_dags/example_bash_operator.py took 0.116 seconds
[2024-04-10T05:30:29.128+0000] {processor.py:161} INFO - Started process (PID=2737) to work on /home/airflow/.local/lib/python3.12/site-packages/airflow/example_dags/example_bash_operator.py
[2024-04-10T05:30:29.129+0000] {processor.py:830} INFO - Processing file /home/airflow/.local/lib/python3.12/site-packages/airflow/example_dags/example_bash_operator.py for tasks to queue
[2024-04-10T05:30:29.131+0000] {logging_mixin.py:188} INFO - [2024-04-10T05:30:29.130+0000] {dagbag.py:540} INFO - Filling up the DagBag from /home/airflow/.local/lib/python3.12/site-packages/airflow/example_dags/example_bash_operator.py
[2024-04-10T05:30:29.144+0000] {processor.py:840} INFO - DAG(s) 'example_bash_operator' retrieved from /home/airflow/.local/lib/python3.12/site-packages/airflow/example_dags/example_bash_operator.py
[2024-04-10T05:30:29.175+0000] {logging_mixin.py:188} INFO - [2024-04-10T05:30:29.175+0000] {dag.py:3096} INFO - Sync 1 DAGs
[2024-04-10T05:30:29.202+0000] {logging_mixin.py:188} INFO - [2024-04-10T05:30:29.202+0000] {dag.py:3954} INFO - Setting next_dagrun for example_bash_operator to 2024-04-09 00:00:00+00:00, run_after=2024-04-10 00:00:00+00:00
[2024-04-10T05:30:29.226+0000] {processor.py:183} INFO - Processing /home/airflow/.local/lib/python3.12/site-packages/airflow/example_dags/example_bash_operator.py took 0.104 seconds
[2024-04-10T05:31:00.482+0000] {processor.py:161} INFO - Started process (PID=3011) to work on /home/airflow/.local/lib/python3.12/site-packages/airflow/example_dags/example_bash_operator.py
[2024-04-10T05:31:00.491+0000] {processor.py:830} INFO - Processing file /home/airflow/.local/lib/python3.12/site-packages/airflow/example_dags/example_bash_operator.py for tasks to queue
[2024-04-10T05:31:00.493+0000] {logging_mixin.py:188} INFO - [2024-04-10T05:31:00.493+0000] {dagbag.py:540} INFO - Filling up the DagBag from /home/airflow/.local/lib/python3.12/site-packages/airflow/example_dags/example_bash_operator.py
[2024-04-10T05:31:00.514+0000] {processor.py:840} INFO - DAG(s) 'example_bash_operator' retrieved from /home/airflow/.local/lib/python3.12/site-packages/airflow/example_dags/example_bash_operator.py
[2024-04-10T05:31:00.560+0000] {logging_mixin.py:188} INFO - [2024-04-10T05:31:00.560+0000] {dag.py:3096} INFO - Sync 1 DAGs
[2024-04-10T05:31:00.593+0000] {logging_mixin.py:188} INFO - [2024-04-10T05:31:00.592+0000] {dag.py:3954} INFO - Setting next_dagrun for example_bash_operator to 2024-04-09 00:00:00+00:00, run_after=2024-04-10 00:00:00+00:00
[2024-04-10T05:31:00.615+0000] {processor.py:183} INFO - Processing /home/airflow/.local/lib/python3.12/site-packages/airflow/example_dags/example_bash_operator.py took 0.145 seconds
[2024-04-10T05:31:31.437+0000] {processor.py:161} INFO - Started process (PID=3281) to work on /home/airflow/.local/lib/python3.12/site-packages/airflow/example_dags/example_bash_operator.py
[2024-04-10T05:31:31.438+0000] {processor.py:830} INFO - Processing file /home/airflow/.local/lib/python3.12/site-packages/airflow/example_dags/example_bash_operator.py for tasks to queue
[2024-04-10T05:31:31.440+0000] {logging_mixin.py:188} INFO - [2024-04-10T05:31:31.440+0000] {dagbag.py:540} INFO - Filling up the DagBag from /home/airflow/.local/lib/python3.12/site-packages/airflow/example_dags/example_bash_operator.py
[2024-04-10T05:31:31.454+0000] {processor.py:840} INFO - DAG(s) 'example_bash_operator' retrieved from /home/airflow/.local/lib/python3.12/site-packages/airflow/example_dags/example_bash_operator.py
[2024-04-10T05:31:31.488+0000] {logging_mixin.py:188} INFO - [2024-04-10T05:31:31.488+0000] {dag.py:3096} INFO - Sync 1 DAGs
[2024-04-10T05:31:31.524+0000] {logging_mixin.py:188} INFO - [2024-04-10T05:31:31.524+0000] {dag.py:3954} INFO - Setting next_dagrun for example_bash_operator to 2024-04-09 00:00:00+00:00, run_after=2024-04-10 00:00:00+00:00
[2024-04-10T05:31:31.577+0000] {processor.py:183} INFO - Processing /home/airflow/.local/lib/python3.12/site-packages/airflow/example_dags/example_bash_operator.py took 0.146 seconds
[2024-04-10T05:32:01.709+0000] {processor.py:161} INFO - Started process (PID=3549) to work on /home/airflow/.local/lib/python3.12/site-packages/airflow/example_dags/example_bash_operator.py
[2024-04-10T05:32:01.712+0000] {processor.py:830} INFO - Processing file /home/airflow/.local/lib/python3.12/site-packages/airflow/example_dags/example_bash_operator.py for tasks to queue
[2024-04-10T05:32:01.714+0000] {logging_mixin.py:188} INFO - [2024-04-10T05:32:01.714+0000] {dagbag.py:540} INFO - Filling up the DagBag from /home/airflow/.local/lib/python3.12/site-packages/airflow/example_dags/example_bash_operator.py
[2024-04-10T05:32:01.779+0000] {processor.py:840} INFO - DAG(s) 'example_bash_operator' retrieved from /home/airflow/.local/lib/python3.12/site-packages/airflow/example_dags/example_bash_operator.py
[2024-04-10T05:32:01.855+0000] {logging_mixin.py:188} INFO - [2024-04-10T05:32:01.855+0000] {dag.py:3096} INFO - Sync 1 DAGs
[2024-04-10T05:32:01.924+0000] {logging_mixin.py:188} INFO - [2024-04-10T05:32:01.923+0000] {dag.py:3954} INFO - Setting next_dagrun for example_bash_operator to 2024-04-09 00:00:00+00:00, run_after=2024-04-10 00:00:00+00:00
[2024-04-10T05:32:01.956+0000] {processor.py:183} INFO - Processing /home/airflow/.local/lib/python3.12/site-packages/airflow/example_dags/example_bash_operator.py took 0.254 seconds
[2024-04-10T05:32:32.279+0000] {processor.py:161} INFO - Started process (PID=3821) to work on /home/airflow/.local/lib/python3.12/site-packages/airflow/example_dags/example_bash_operator.py
[2024-04-10T05:32:32.280+0000] {processor.py:830} INFO - Processing file /home/airflow/.local/lib/python3.12/site-packages/airflow/example_dags/example_bash_operator.py for tasks to queue
[2024-04-10T05:32:32.283+0000] {logging_mixin.py:188} INFO - [2024-04-10T05:32:32.282+0000] {dagbag.py:540} INFO - Filling up the DagBag from /home/airflow/.local/lib/python3.12/site-packages/airflow/example_dags/example_bash_operator.py
[2024-04-10T05:32:32.297+0000] {processor.py:840} INFO - DAG(s) 'example_bash_operator' retrieved from /home/airflow/.local/lib/python3.12/site-packages/airflow/example_dags/example_bash_operator.py
[2024-04-10T05:32:32.330+0000] {logging_mixin.py:188} INFO - [2024-04-10T05:32:32.330+0000] {dag.py:3096} INFO - Sync 1 DAGs
[2024-04-10T05:32:32.360+0000] {logging_mixin.py:188} INFO - [2024-04-10T05:32:32.359+0000] {dag.py:3954} INFO - Setting next_dagrun for example_bash_operator to 2024-04-09 00:00:00+00:00, run_after=2024-04-10 00:00:00+00:00
[2024-04-10T05:32:32.383+0000] {processor.py:183} INFO - Processing /home/airflow/.local/lib/python3.12/site-packages/airflow/example_dags/example_bash_operator.py took 0.110 seconds
[2024-04-10T05:33:02.599+0000] {processor.py:161} INFO - Started process (PID=4093) to work on /home/airflow/.local/lib/python3.12/site-packages/airflow/example_dags/example_bash_operator.py
[2024-04-10T05:33:02.600+0000] {processor.py:830} INFO - Processing file /home/airflow/.local/lib/python3.12/site-packages/airflow/example_dags/example_bash_operator.py for tasks to queue
[2024-04-10T05:33:02.602+0000] {logging_mixin.py:188} INFO - [2024-04-10T05:33:02.602+0000] {dagbag.py:540} INFO - Filling up the DagBag from /home/airflow/.local/lib/python3.12/site-packages/airflow/example_dags/example_bash_operator.py
[2024-04-10T05:33:02.620+0000] {processor.py:840} INFO - DAG(s) 'example_bash_operator' retrieved from /home/airflow/.local/lib/python3.12/site-packages/airflow/example_dags/example_bash_operator.py
[2024-04-10T05:33:02.658+0000] {logging_mixin.py:188} INFO - [2024-04-10T05:33:02.658+0000] {dag.py:3096} INFO - Sync 1 DAGs
[2024-04-10T05:33:02.684+0000] {logging_mixin.py:188} INFO - [2024-04-10T05:33:02.683+0000] {dag.py:3954} INFO - Setting next_dagrun for example_bash_operator to 2024-04-09 00:00:00+00:00, run_after=2024-04-10 00:00:00+00:00
[2024-04-10T05:33:02.710+0000] {processor.py:183} INFO - Processing /home/airflow/.local/lib/python3.12/site-packages/airflow/example_dags/example_bash_operator.py took 0.118 seconds
[2024-04-10T05:33:33.183+0000] {processor.py:161} INFO - Started process (PID=4365) to work on /home/airflow/.local/lib/python3.12/site-packages/airflow/example_dags/example_bash_operator.py
[2024-04-10T05:33:33.184+0000] {processor.py:830} INFO - Processing file /home/airflow/.local/lib/python3.12/site-packages/airflow/example_dags/example_bash_operator.py for tasks to queue
[2024-04-10T05:33:33.186+0000] {logging_mixin.py:188} INFO - [2024-04-10T05:33:33.186+0000] {dagbag.py:540} INFO - Filling up the DagBag from /home/airflow/.local/lib/python3.12/site-packages/airflow/example_dags/example_bash_operator.py
[2024-04-10T05:33:33.201+0000] {processor.py:840} INFO - DAG(s) 'example_bash_operator' retrieved from /home/airflow/.local/lib/python3.12/site-packages/airflow/example_dags/example_bash_operator.py
[2024-04-10T05:33:33.238+0000] {logging_mixin.py:188} INFO - [2024-04-10T05:33:33.238+0000] {dag.py:3096} INFO - Sync 1 DAGs
[2024-04-10T05:33:33.269+0000] {logging_mixin.py:188} INFO - [2024-04-10T05:33:33.268+0000] {dag.py:3954} INFO - Setting next_dagrun for example_bash_operator to 2024-04-09 00:00:00+00:00, run_after=2024-04-10 00:00:00+00:00
[2024-04-10T05:33:33.293+0000] {processor.py:183} INFO - Processing /home/airflow/.local/lib/python3.12/site-packages/airflow/example_dags/example_bash_operator.py took 0.116 seconds
[2024-04-10T05:34:03.401+0000] {processor.py:161} INFO - Started process (PID=4637) to work on /home/airflow/.local/lib/python3.12/site-packages/airflow/example_dags/example_bash_operator.py
[2024-04-10T05:34:03.402+0000] {processor.py:830} INFO - Processing file /home/airflow/.local/lib/python3.12/site-packages/airflow/example_dags/example_bash_operator.py for tasks to queue
[2024-04-10T05:34:03.403+0000] {logging_mixin.py:188} INFO - [2024-04-10T05:34:03.403+0000] {dagbag.py:540} INFO - Filling up the DagBag from /home/airflow/.local/lib/python3.12/site-packages/airflow/example_dags/example_bash_operator.py
[2024-04-10T05:34:03.417+0000] {processor.py:840} INFO - DAG(s) 'example_bash_operator' retrieved from /home/airflow/.local/lib/python3.12/site-packages/airflow/example_dags/example_bash_operator.py
[2024-04-10T05:34:03.451+0000] {logging_mixin.py:188} INFO - [2024-04-10T05:34:03.451+0000] {dag.py:3096} INFO - Sync 1 DAGs
[2024-04-10T05:34:03.478+0000] {logging_mixin.py:188} INFO - [2024-04-10T05:34:03.478+0000] {dag.py:3954} INFO - Setting next_dagrun for example_bash_operator to 2024-04-09 00:00:00+00:00, run_after=2024-04-10 00:00:00+00:00
[2024-04-10T05:34:03.502+0000] {processor.py:183} INFO - Processing /home/airflow/.local/lib/python3.12/site-packages/airflow/example_dags/example_bash_operator.py took 0.108 seconds
[2024-04-10T05:34:34.091+0000] {processor.py:161} INFO - Started process (PID=4908) to work on /home/airflow/.local/lib/python3.12/site-packages/airflow/example_dags/example_bash_operator.py
[2024-04-10T05:34:34.092+0000] {processor.py:830} INFO - Processing file /home/airflow/.local/lib/python3.12/site-packages/airflow/example_dags/example_bash_operator.py for tasks to queue
[2024-04-10T05:34:34.094+0000] {logging_mixin.py:188} INFO - [2024-04-10T05:34:34.093+0000] {dagbag.py:540} INFO - Filling up the DagBag from /home/airflow/.local/lib/python3.12/site-packages/airflow/example_dags/example_bash_operator.py
[2024-04-10T05:34:34.108+0000] {processor.py:840} INFO - DAG(s) 'example_bash_operator' retrieved from /home/airflow/.local/lib/python3.12/site-packages/airflow/example_dags/example_bash_operator.py
[2024-04-10T05:34:34.143+0000] {logging_mixin.py:188} INFO - [2024-04-10T05:34:34.143+0000] {dag.py:3096} INFO - Sync 1 DAGs
[2024-04-10T05:34:34.170+0000] {logging_mixin.py:188} INFO - [2024-04-10T05:34:34.170+0000] {dag.py:3954} INFO - Setting next_dagrun for example_bash_operator to 2024-04-09 00:00:00+00:00, run_after=2024-04-10 00:00:00+00:00
[2024-04-10T05:34:34.195+0000] {processor.py:183} INFO - Processing /home/airflow/.local/lib/python3.12/site-packages/airflow/example_dags/example_bash_operator.py took 0.110 seconds
[2024-04-10T05:35:04.271+0000] {processor.py:161} INFO - Started process (PID=5180) to work on /home/airflow/.local/lib/python3.12/site-packages/airflow/example_dags/example_bash_operator.py
[2024-04-10T05:35:04.272+0000] {processor.py:830} INFO - Processing file /home/airflow/.local/lib/python3.12/site-packages/airflow/example_dags/example_bash_operator.py for tasks to queue
[2024-04-10T05:35:04.274+0000] {logging_mixin.py:188} INFO - [2024-04-10T05:35:04.273+0000] {dagbag.py:540} INFO - Filling up the DagBag from /home/airflow/.local/lib/python3.12/site-packages/airflow/example_dags/example_bash_operator.py
[2024-04-10T05:35:04.287+0000] {processor.py:840} INFO - DAG(s) 'example_bash_operator' retrieved from /home/airflow/.local/lib/python3.12/site-packages/airflow/example_dags/example_bash_operator.py
[2024-04-10T05:35:04.326+0000] {logging_mixin.py:188} INFO - [2024-04-10T05:35:04.326+0000] {dag.py:3096} INFO - Sync 1 DAGs
[2024-04-10T05:35:04.354+0000] {logging_mixin.py:188} INFO - [2024-04-10T05:35:04.354+0000] {dag.py:3954} INFO - Setting next_dagrun for example_bash_operator to 2024-04-09 00:00:00+00:00, run_after=2024-04-10 00:00:00+00:00
[2024-04-10T05:35:04.378+0000] {processor.py:183} INFO - Processing /home/airflow/.local/lib/python3.12/site-packages/airflow/example_dags/example_bash_operator.py took 0.113 seconds
[2024-04-10T05:35:34.746+0000] {processor.py:161} INFO - Started process (PID=5453) to work on /home/airflow/.local/lib/python3.12/site-packages/airflow/example_dags/example_bash_operator.py
[2024-04-10T05:35:34.747+0000] {processor.py:830} INFO - Processing file /home/airflow/.local/lib/python3.12/site-packages/airflow/example_dags/example_bash_operator.py for tasks to queue
[2024-04-10T05:35:34.749+0000] {logging_mixin.py:188} INFO - [2024-04-10T05:35:34.749+0000] {dagbag.py:540} INFO - Filling up the DagBag from /home/airflow/.local/lib/python3.12/site-packages/airflow/example_dags/example_bash_operator.py
[2024-04-10T05:35:34.762+0000] {processor.py:840} INFO - DAG(s) 'example_bash_operator' retrieved from /home/airflow/.local/lib/python3.12/site-packages/airflow/example_dags/example_bash_operator.py
[2024-04-10T05:35:34.799+0000] {logging_mixin.py:188} INFO - [2024-04-10T05:35:34.798+0000] {dag.py:3096} INFO - Sync 1 DAGs
[2024-04-10T05:35:34.840+0000] {logging_mixin.py:188} INFO - [2024-04-10T05:35:34.840+0000] {dag.py:3954} INFO - Setting next_dagrun for example_bash_operator to 2024-04-09 00:00:00+00:00, run_after=2024-04-10 00:00:00+00:00
[2024-04-10T05:35:34.907+0000] {processor.py:183} INFO - Processing /home/airflow/.local/lib/python3.12/site-packages/airflow/example_dags/example_bash_operator.py took 0.167 seconds
[2024-04-10T05:36:04.959+0000] {processor.py:161} INFO - Started process (PID=5728) to work on /home/airflow/.local/lib/python3.12/site-packages/airflow/example_dags/example_bash_operator.py
[2024-04-10T05:36:04.960+0000] {processor.py:830} INFO - Processing file /home/airflow/.local/lib/python3.12/site-packages/airflow/example_dags/example_bash_operator.py for tasks to queue
[2024-04-10T05:36:04.962+0000] {logging_mixin.py:188} INFO - [2024-04-10T05:36:04.961+0000] {dagbag.py:540} INFO - Filling up the DagBag from /home/airflow/.local/lib/python3.12/site-packages/airflow/example_dags/example_bash_operator.py
[2024-04-10T05:36:04.982+0000] {processor.py:840} INFO - DAG(s) 'example_bash_operator' retrieved from /home/airflow/.local/lib/python3.12/site-packages/airflow/example_dags/example_bash_operator.py
[2024-04-10T05:36:05.053+0000] {logging_mixin.py:188} INFO - [2024-04-10T05:36:05.053+0000] {dag.py:3096} INFO - Sync 1 DAGs
[2024-04-10T05:36:05.081+0000] {logging_mixin.py:188} INFO - [2024-04-10T05:36:05.081+0000] {dag.py:3954} INFO - Setting next_dagrun for example_bash_operator to 2024-04-09 00:00:00+00:00, run_after=2024-04-10 00:00:00+00:00
[2024-04-10T05:36:05.101+0000] {processor.py:183} INFO - Processing /home/airflow/.local/lib/python3.12/site-packages/airflow/example_dags/example_bash_operator.py took 0.149 seconds
[2024-04-10T05:36:36.051+0000] {processor.py:161} INFO - Started process (PID=6000) to work on /home/airflow/.local/lib/python3.12/site-packages/airflow/example_dags/example_bash_operator.py
[2024-04-10T05:36:36.053+0000] {processor.py:830} INFO - Processing file /home/airflow/.local/lib/python3.12/site-packages/airflow/example_dags/example_bash_operator.py for tasks to queue
[2024-04-10T05:36:36.055+0000] {logging_mixin.py:188} INFO - [2024-04-10T05:36:36.054+0000] {dagbag.py:540} INFO - Filling up the DagBag from /home/airflow/.local/lib/python3.12/site-packages/airflow/example_dags/example_bash_operator.py
[2024-04-10T05:36:36.068+0000] {processor.py:840} INFO - DAG(s) 'example_bash_operator' retrieved from /home/airflow/.local/lib/python3.12/site-packages/airflow/example_dags/example_bash_operator.py
[2024-04-10T05:36:36.108+0000] {logging_mixin.py:188} INFO - [2024-04-10T05:36:36.108+0000] {dag.py:3096} INFO - Sync 1 DAGs
[2024-04-10T05:36:36.137+0000] {logging_mixin.py:188} INFO - [2024-04-10T05:36:36.137+0000] {dag.py:3954} INFO - Setting next_dagrun for example_bash_operator to 2024-04-09 00:00:00+00:00, run_after=2024-04-10 00:00:00+00:00
[2024-04-10T05:36:36.160+0000] {processor.py:183} INFO - Processing /home/airflow/.local/lib/python3.12/site-packages/airflow/example_dags/example_bash_operator.py took 0.116 seconds
[2024-04-10T05:37:06.496+0000] {processor.py:161} INFO - Started process (PID=6273) to work on /home/airflow/.local/lib/python3.12/site-packages/airflow/example_dags/example_bash_operator.py
[2024-04-10T05:37:06.498+0000] {processor.py:830} INFO - Processing file /home/airflow/.local/lib/python3.12/site-packages/airflow/example_dags/example_bash_operator.py for tasks to queue
[2024-04-10T05:37:06.499+0000] {logging_mixin.py:188} INFO - [2024-04-10T05:37:06.499+0000] {dagbag.py:540} INFO - Filling up the DagBag from /home/airflow/.local/lib/python3.12/site-packages/airflow/example_dags/example_bash_operator.py
[2024-04-10T05:37:06.516+0000] {processor.py:840} INFO - DAG(s) 'example_bash_operator' retrieved from /home/airflow/.local/lib/python3.12/site-packages/airflow/example_dags/example_bash_operator.py
[2024-04-10T05:37:06.549+0000] {logging_mixin.py:188} INFO - [2024-04-10T05:37:06.549+0000] {dag.py:3096} INFO - Sync 1 DAGs
[2024-04-10T05:37:06.577+0000] {logging_mixin.py:188} INFO - [2024-04-10T05:37:06.577+0000] {dag.py:3954} INFO - Setting next_dagrun for example_bash_operator to 2024-04-09 00:00:00+00:00, run_after=2024-04-10 00:00:00+00:00
[2024-04-10T05:37:06.598+0000] {processor.py:183} INFO - Processing /home/airflow/.local/lib/python3.12/site-packages/airflow/example_dags/example_bash_operator.py took 0.108 seconds
[2024-04-10T05:37:37.076+0000] {processor.py:161} INFO - Started process (PID=6545) to work on /home/airflow/.local/lib/python3.12/site-packages/airflow/example_dags/example_bash_operator.py
[2024-04-10T05:37:37.079+0000] {processor.py:830} INFO - Processing file /home/airflow/.local/lib/python3.12/site-packages/airflow/example_dags/example_bash_operator.py for tasks to queue
[2024-04-10T05:37:37.085+0000] {logging_mixin.py:188} INFO - [2024-04-10T05:37:37.084+0000] {dagbag.py:540} INFO - Filling up the DagBag from /home/airflow/.local/lib/python3.12/site-packages/airflow/example_dags/example_bash_operator.py
[2024-04-10T05:37:37.132+0000] {processor.py:840} INFO - DAG(s) 'example_bash_operator' retrieved from /home/airflow/.local/lib/python3.12/site-packages/airflow/example_dags/example_bash_operator.py
[2024-04-10T05:37:37.232+0000] {logging_mixin.py:188} INFO - [2024-04-10T05:37:37.231+0000] {dag.py:3096} INFO - Sync 1 DAGs
[2024-04-10T05:37:37.280+0000] {logging_mixin.py:188} INFO - [2024-04-10T05:37:37.280+0000] {dag.py:3954} INFO - Setting next_dagrun for example_bash_operator to 2024-04-09 00:00:00+00:00, run_after=2024-04-10 00:00:00+00:00
[2024-04-10T05:37:37.321+0000] {processor.py:183} INFO - Processing /home/airflow/.local/lib/python3.12/site-packages/airflow/example_dags/example_bash_operator.py took 0.278 seconds
[2024-04-10T05:38:07.815+0000] {processor.py:161} INFO - Started process (PID=6824) to work on /home/airflow/.local/lib/python3.12/site-packages/airflow/example_dags/example_bash_operator.py
[2024-04-10T05:38:07.817+0000] {processor.py:830} INFO - Processing file /home/airflow/.local/lib/python3.12/site-packages/airflow/example_dags/example_bash_operator.py for tasks to queue
[2024-04-10T05:38:07.819+0000] {logging_mixin.py:188} INFO - [2024-04-10T05:38:07.819+0000] {dagbag.py:540} INFO - Filling up the DagBag from /home/airflow/.local/lib/python3.12/site-packages/airflow/example_dags/example_bash_operator.py
[2024-04-10T05:38:07.833+0000] {processor.py:840} INFO - DAG(s) 'example_bash_operator' retrieved from /home/airflow/.local/lib/python3.12/site-packages/airflow/example_dags/example_bash_operator.py
[2024-04-10T05:38:07.868+0000] {logging_mixin.py:188} INFO - [2024-04-10T05:38:07.868+0000] {dag.py:3096} INFO - Sync 1 DAGs
[2024-04-10T05:38:07.897+0000] {logging_mixin.py:188} INFO - [2024-04-10T05:38:07.897+0000] {dag.py:3954} INFO - Setting next_dagrun for example_bash_operator to 2024-04-09 00:00:00+00:00, run_after=2024-04-10 00:00:00+00:00
[2024-04-10T05:38:07.923+0000] {processor.py:183} INFO - Processing /home/airflow/.local/lib/python3.12/site-packages/airflow/example_dags/example_bash_operator.py took 0.115 seconds
