[2024-04-10T05:25:49.144+0000] {processor.py:161} INFO - Started process (PID=161) to work on /opt/airflow/dags/my_first_dag.py
[2024-04-10T05:25:49.170+0000] {processor.py:830} INFO - Processing file /opt/airflow/dags/my_first_dag.py for tasks to queue
[2024-04-10T05:25:49.172+0000] {logging_mixin.py:188} INFO - [2024-04-10T05:25:49.172+0000] {dagbag.py:540} INFO - Filling up the DagBag from /opt/airflow/dags/my_first_dag.py
[2024-04-10T05:25:49.210+0000] {processor.py:840} INFO - DAG(s) 'my_first_dag' retrieved from /opt/airflow/dags/my_first_dag.py
[2024-04-10T05:25:49.291+0000] {logging_mixin.py:188} INFO - [2024-04-10T05:25:49.291+0000] {dag.py:3096} INFO - Sync 1 DAGs
[2024-04-10T05:25:49.314+0000] {logging_mixin.py:188} INFO - [2024-04-10T05:25:49.314+0000] {dag.py:3954} INFO - Setting next_dagrun for my_first_dag to None, run_after=None
[2024-04-10T05:25:49.341+0000] {processor.py:183} INFO - Processing /opt/airflow/dags/my_first_dag.py took 0.220 seconds
[2024-04-10T05:26:19.543+0000] {processor.py:161} INFO - Started process (PID=434) to work on /opt/airflow/dags/my_first_dag.py
[2024-04-10T05:26:19.544+0000] {processor.py:830} INFO - Processing file /opt/airflow/dags/my_first_dag.py for tasks to queue
[2024-04-10T05:26:19.546+0000] {logging_mixin.py:188} INFO - [2024-04-10T05:26:19.545+0000] {dagbag.py:540} INFO - Filling up the DagBag from /opt/airflow/dags/my_first_dag.py
[2024-04-10T05:26:19.550+0000] {processor.py:840} INFO - DAG(s) 'my_first_dag' retrieved from /opt/airflow/dags/my_first_dag.py
[2024-04-10T05:26:19.570+0000] {logging_mixin.py:188} INFO - [2024-04-10T05:26:19.570+0000] {dag.py:3096} INFO - Sync 1 DAGs
[2024-04-10T05:26:19.585+0000] {logging_mixin.py:188} INFO - [2024-04-10T05:26:19.585+0000] {dag.py:3954} INFO - Setting next_dagrun for my_first_dag to None, run_after=None
[2024-04-10T05:26:19.609+0000] {processor.py:183} INFO - Processing /opt/airflow/dags/my_first_dag.py took 0.072 seconds
[2024-04-10T05:26:49.799+0000] {processor.py:161} INFO - Started process (PID=706) to work on /opt/airflow/dags/my_first_dag.py
[2024-04-10T05:26:49.800+0000] {processor.py:830} INFO - Processing file /opt/airflow/dags/my_first_dag.py for tasks to queue
[2024-04-10T05:26:49.802+0000] {logging_mixin.py:188} INFO - [2024-04-10T05:26:49.802+0000] {dagbag.py:540} INFO - Filling up the DagBag from /opt/airflow/dags/my_first_dag.py
[2024-04-10T05:26:49.806+0000] {processor.py:840} INFO - DAG(s) 'my_first_dag' retrieved from /opt/airflow/dags/my_first_dag.py
[2024-04-10T05:26:49.829+0000] {logging_mixin.py:188} INFO - [2024-04-10T05:26:49.829+0000] {dag.py:3096} INFO - Sync 1 DAGs
[2024-04-10T05:26:49.842+0000] {logging_mixin.py:188} INFO - [2024-04-10T05:26:49.842+0000] {dag.py:3954} INFO - Setting next_dagrun for my_first_dag to None, run_after=None
[2024-04-10T05:26:49.865+0000] {processor.py:183} INFO - Processing /opt/airflow/dags/my_first_dag.py took 0.074 seconds
[2024-04-10T05:27:20.203+0000] {processor.py:161} INFO - Started process (PID=979) to work on /opt/airflow/dags/my_first_dag.py
[2024-04-10T05:27:20.204+0000] {processor.py:830} INFO - Processing file /opt/airflow/dags/my_first_dag.py for tasks to queue
[2024-04-10T05:27:20.206+0000] {logging_mixin.py:188} INFO - [2024-04-10T05:27:20.206+0000] {dagbag.py:540} INFO - Filling up the DagBag from /opt/airflow/dags/my_first_dag.py
[2024-04-10T05:27:20.210+0000] {processor.py:840} INFO - DAG(s) 'my_first_dag' retrieved from /opt/airflow/dags/my_first_dag.py
[2024-04-10T05:27:20.243+0000] {logging_mixin.py:188} INFO - [2024-04-10T05:27:20.243+0000] {dag.py:3096} INFO - Sync 1 DAGs
[2024-04-10T05:27:20.271+0000] {logging_mixin.py:188} INFO - [2024-04-10T05:27:20.270+0000] {dag.py:3954} INFO - Setting next_dagrun for my_first_dag to None, run_after=None
[2024-04-10T05:27:20.320+0000] {processor.py:183} INFO - Processing /opt/airflow/dags/my_first_dag.py took 0.129 seconds
[2024-04-10T05:27:50.624+0000] {processor.py:161} INFO - Started process (PID=1251) to work on /opt/airflow/dags/my_first_dag.py
[2024-04-10T05:27:50.626+0000] {processor.py:830} INFO - Processing file /opt/airflow/dags/my_first_dag.py for tasks to queue
[2024-04-10T05:27:50.629+0000] {logging_mixin.py:188} INFO - [2024-04-10T05:27:50.628+0000] {dagbag.py:540} INFO - Filling up the DagBag from /opt/airflow/dags/my_first_dag.py
[2024-04-10T05:27:50.633+0000] {processor.py:840} INFO - DAG(s) 'my_first_dag' retrieved from /opt/airflow/dags/my_first_dag.py
[2024-04-10T05:27:50.655+0000] {logging_mixin.py:188} INFO - [2024-04-10T05:27:50.655+0000] {dag.py:3096} INFO - Sync 1 DAGs
[2024-04-10T05:27:50.668+0000] {logging_mixin.py:188} INFO - [2024-04-10T05:27:50.668+0000] {dag.py:3954} INFO - Setting next_dagrun for my_first_dag to None, run_after=None
[2024-04-10T05:27:50.695+0000] {processor.py:183} INFO - Processing /opt/airflow/dags/my_first_dag.py took 0.078 seconds
[2024-04-10T05:28:20.983+0000] {processor.py:161} INFO - Started process (PID=1522) to work on /opt/airflow/dags/my_first_dag.py
[2024-04-10T05:28:20.984+0000] {processor.py:830} INFO - Processing file /opt/airflow/dags/my_first_dag.py for tasks to queue
[2024-04-10T05:28:20.986+0000] {logging_mixin.py:188} INFO - [2024-04-10T05:28:20.986+0000] {dagbag.py:540} INFO - Filling up the DagBag from /opt/airflow/dags/my_first_dag.py
[2024-04-10T05:28:20.990+0000] {processor.py:840} INFO - DAG(s) 'my_first_dag' retrieved from /opt/airflow/dags/my_first_dag.py
[2024-04-10T05:28:21.012+0000] {logging_mixin.py:188} INFO - [2024-04-10T05:28:21.011+0000] {dag.py:3096} INFO - Sync 1 DAGs
[2024-04-10T05:28:21.024+0000] {logging_mixin.py:188} INFO - [2024-04-10T05:28:21.024+0000] {dag.py:3954} INFO - Setting next_dagrun for my_first_dag to None, run_after=None
[2024-04-10T05:28:21.048+0000] {processor.py:183} INFO - Processing /opt/airflow/dags/my_first_dag.py took 0.072 seconds
[2024-04-10T05:28:51.153+0000] {processor.py:161} INFO - Started process (PID=1795) to work on /opt/airflow/dags/my_first_dag.py
[2024-04-10T05:28:51.154+0000] {processor.py:830} INFO - Processing file /opt/airflow/dags/my_first_dag.py for tasks to queue
[2024-04-10T05:28:51.156+0000] {logging_mixin.py:188} INFO - [2024-04-10T05:28:51.155+0000] {dagbag.py:540} INFO - Filling up the DagBag from /opt/airflow/dags/my_first_dag.py
[2024-04-10T05:28:51.160+0000] {processor.py:840} INFO - DAG(s) 'my_first_dag' retrieved from /opt/airflow/dags/my_first_dag.py
[2024-04-10T05:28:51.182+0000] {logging_mixin.py:188} INFO - [2024-04-10T05:28:51.182+0000] {dag.py:3096} INFO - Sync 1 DAGs
[2024-04-10T05:28:51.195+0000] {logging_mixin.py:188} INFO - [2024-04-10T05:28:51.195+0000] {dag.py:3954} INFO - Setting next_dagrun for my_first_dag to None, run_after=None
[2024-04-10T05:28:51.219+0000] {processor.py:183} INFO - Processing /opt/airflow/dags/my_first_dag.py took 0.073 seconds
[2024-04-10T05:29:21.712+0000] {processor.py:161} INFO - Started process (PID=2068) to work on /opt/airflow/dags/my_first_dag.py
[2024-04-10T05:29:21.713+0000] {processor.py:830} INFO - Processing file /opt/airflow/dags/my_first_dag.py for tasks to queue
[2024-04-10T05:29:21.715+0000] {logging_mixin.py:188} INFO - [2024-04-10T05:29:21.715+0000] {dagbag.py:540} INFO - Filling up the DagBag from /opt/airflow/dags/my_first_dag.py
[2024-04-10T05:29:21.720+0000] {processor.py:840} INFO - DAG(s) 'my_first_dag' retrieved from /opt/airflow/dags/my_first_dag.py
[2024-04-10T05:29:21.742+0000] {logging_mixin.py:188} INFO - [2024-04-10T05:29:21.742+0000] {dag.py:3096} INFO - Sync 1 DAGs
[2024-04-10T05:29:21.756+0000] {logging_mixin.py:188} INFO - [2024-04-10T05:29:21.756+0000] {dag.py:3954} INFO - Setting next_dagrun for my_first_dag to None, run_after=None
[2024-04-10T05:29:21.780+0000] {processor.py:183} INFO - Processing /opt/airflow/dags/my_first_dag.py took 0.075 seconds
[2024-04-10T05:29:51.907+0000] {processor.py:161} INFO - Started process (PID=2340) to work on /opt/airflow/dags/my_first_dag.py
[2024-04-10T05:29:51.908+0000] {processor.py:830} INFO - Processing file /opt/airflow/dags/my_first_dag.py for tasks to queue
[2024-04-10T05:29:51.910+0000] {logging_mixin.py:188} INFO - [2024-04-10T05:29:51.909+0000] {dagbag.py:540} INFO - Filling up the DagBag from /opt/airflow/dags/my_first_dag.py
[2024-04-10T05:29:51.914+0000] {processor.py:840} INFO - DAG(s) 'my_first_dag' retrieved from /opt/airflow/dags/my_first_dag.py
[2024-04-10T05:29:51.946+0000] {logging_mixin.py:188} INFO - [2024-04-10T05:29:51.946+0000] {dag.py:3096} INFO - Sync 1 DAGs
[2024-04-10T05:29:51.964+0000] {logging_mixin.py:188} INFO - [2024-04-10T05:29:51.964+0000] {dag.py:3954} INFO - Setting next_dagrun for my_first_dag to None, run_after=None
[2024-04-10T05:29:51.989+0000] {processor.py:183} INFO - Processing /opt/airflow/dags/my_first_dag.py took 0.088 seconds
[2024-04-10T05:30:22.085+0000] {processor.py:161} INFO - Started process (PID=2612) to work on /opt/airflow/dags/my_first_dag.py
[2024-04-10T05:30:22.086+0000] {processor.py:830} INFO - Processing file /opt/airflow/dags/my_first_dag.py for tasks to queue
[2024-04-10T05:30:22.088+0000] {logging_mixin.py:188} INFO - [2024-04-10T05:30:22.087+0000] {dagbag.py:540} INFO - Filling up the DagBag from /opt/airflow/dags/my_first_dag.py
[2024-04-10T05:30:22.092+0000] {processor.py:840} INFO - DAG(s) 'my_first_dag' retrieved from /opt/airflow/dags/my_first_dag.py
[2024-04-10T05:30:22.115+0000] {logging_mixin.py:188} INFO - [2024-04-10T05:30:22.115+0000] {dag.py:3096} INFO - Sync 1 DAGs
[2024-04-10T05:30:22.128+0000] {logging_mixin.py:188} INFO - [2024-04-10T05:30:22.128+0000] {dag.py:3954} INFO - Setting next_dagrun for my_first_dag to None, run_after=None
[2024-04-10T05:30:22.153+0000] {processor.py:183} INFO - Processing /opt/airflow/dags/my_first_dag.py took 0.074 seconds
[2024-04-10T05:30:52.481+0000] {processor.py:161} INFO - Started process (PID=2884) to work on /opt/airflow/dags/my_first_dag.py
[2024-04-10T05:30:52.482+0000] {processor.py:830} INFO - Processing file /opt/airflow/dags/my_first_dag.py for tasks to queue
[2024-04-10T05:30:52.484+0000] {logging_mixin.py:188} INFO - [2024-04-10T05:30:52.483+0000] {dagbag.py:540} INFO - Filling up the DagBag from /opt/airflow/dags/my_first_dag.py
[2024-04-10T05:30:52.488+0000] {processor.py:840} INFO - DAG(s) 'my_first_dag' retrieved from /opt/airflow/dags/my_first_dag.py
[2024-04-10T05:30:52.509+0000] {logging_mixin.py:188} INFO - [2024-04-10T05:30:52.509+0000] {dag.py:3096} INFO - Sync 1 DAGs
[2024-04-10T05:30:52.525+0000] {logging_mixin.py:188} INFO - [2024-04-10T05:30:52.524+0000] {dag.py:3954} INFO - Setting next_dagrun for my_first_dag to None, run_after=None
[2024-04-10T05:30:52.551+0000] {processor.py:183} INFO - Processing /opt/airflow/dags/my_first_dag.py took 0.077 seconds
[2024-04-10T05:31:22.919+0000] {processor.py:161} INFO - Started process (PID=3156) to work on /opt/airflow/dags/my_first_dag.py
[2024-04-10T05:31:22.920+0000] {processor.py:830} INFO - Processing file /opt/airflow/dags/my_first_dag.py for tasks to queue
[2024-04-10T05:31:22.922+0000] {logging_mixin.py:188} INFO - [2024-04-10T05:31:22.922+0000] {dagbag.py:540} INFO - Filling up the DagBag from /opt/airflow/dags/my_first_dag.py
[2024-04-10T05:31:22.926+0000] {processor.py:840} INFO - DAG(s) 'my_first_dag' retrieved from /opt/airflow/dags/my_first_dag.py
[2024-04-10T05:31:22.949+0000] {logging_mixin.py:188} INFO - [2024-04-10T05:31:22.948+0000] {dag.py:3096} INFO - Sync 1 DAGs
[2024-04-10T05:31:22.964+0000] {logging_mixin.py:188} INFO - [2024-04-10T05:31:22.964+0000] {dag.py:3954} INFO - Setting next_dagrun for my_first_dag to None, run_after=None
[2024-04-10T05:31:22.989+0000] {processor.py:183} INFO - Processing /opt/airflow/dags/my_first_dag.py took 0.077 seconds
[2024-04-10T05:31:53.038+0000] {processor.py:161} INFO - Started process (PID=3429) to work on /opt/airflow/dags/my_first_dag.py
[2024-04-10T05:31:53.039+0000] {processor.py:830} INFO - Processing file /opt/airflow/dags/my_first_dag.py for tasks to queue
[2024-04-10T05:31:53.049+0000] {logging_mixin.py:188} INFO - [2024-04-10T05:31:53.049+0000] {dagbag.py:540} INFO - Filling up the DagBag from /opt/airflow/dags/my_first_dag.py
[2024-04-10T05:31:53.065+0000] {processor.py:840} INFO - DAG(s) 'my_first_dag' retrieved from /opt/airflow/dags/my_first_dag.py
[2024-04-10T05:31:53.126+0000] {logging_mixin.py:188} INFO - [2024-04-10T05:31:53.126+0000] {dag.py:3096} INFO - Sync 1 DAGs
[2024-04-10T05:31:53.143+0000] {logging_mixin.py:188} INFO - [2024-04-10T05:31:53.143+0000] {dag.py:3954} INFO - Setting next_dagrun for my_first_dag to None, run_after=None
[2024-04-10T05:31:53.170+0000] {processor.py:183} INFO - Processing /opt/airflow/dags/my_first_dag.py took 0.139 seconds
[2024-04-10T05:32:23.763+0000] {processor.py:161} INFO - Started process (PID=3701) to work on /opt/airflow/dags/my_first_dag.py
[2024-04-10T05:32:23.764+0000] {processor.py:830} INFO - Processing file /opt/airflow/dags/my_first_dag.py for tasks to queue
[2024-04-10T05:32:23.766+0000] {logging_mixin.py:188} INFO - [2024-04-10T05:32:23.765+0000] {dagbag.py:540} INFO - Filling up the DagBag from /opt/airflow/dags/my_first_dag.py
[2024-04-10T05:32:23.771+0000] {processor.py:840} INFO - DAG(s) 'my_first_dag' retrieved from /opt/airflow/dags/my_first_dag.py
[2024-04-10T05:32:23.809+0000] {logging_mixin.py:188} INFO - [2024-04-10T05:32:23.809+0000] {dag.py:3096} INFO - Sync 1 DAGs
[2024-04-10T05:32:23.823+0000] {logging_mixin.py:188} INFO - [2024-04-10T05:32:23.822+0000] {dag.py:3954} INFO - Setting next_dagrun for my_first_dag to None, run_after=None
[2024-04-10T05:32:23.847+0000] {processor.py:183} INFO - Processing /opt/airflow/dags/my_first_dag.py took 0.091 seconds
[2024-04-10T05:32:54.067+0000] {processor.py:161} INFO - Started process (PID=3973) to work on /opt/airflow/dags/my_first_dag.py
[2024-04-10T05:32:54.068+0000] {processor.py:830} INFO - Processing file /opt/airflow/dags/my_first_dag.py for tasks to queue
[2024-04-10T05:32:54.070+0000] {logging_mixin.py:188} INFO - [2024-04-10T05:32:54.070+0000] {dagbag.py:540} INFO - Filling up the DagBag from /opt/airflow/dags/my_first_dag.py
[2024-04-10T05:32:54.074+0000] {processor.py:840} INFO - DAG(s) 'my_first_dag' retrieved from /opt/airflow/dags/my_first_dag.py
[2024-04-10T05:32:54.123+0000] {logging_mixin.py:188} INFO - [2024-04-10T05:32:54.123+0000] {dag.py:3096} INFO - Sync 1 DAGs
[2024-04-10T05:32:54.151+0000] {logging_mixin.py:188} INFO - [2024-04-10T05:32:54.151+0000] {dag.py:3954} INFO - Setting next_dagrun for my_first_dag to None, run_after=None
[2024-04-10T05:32:54.175+0000] {processor.py:183} INFO - Processing /opt/airflow/dags/my_first_dag.py took 0.115 seconds
[2024-04-10T05:33:24.595+0000] {processor.py:161} INFO - Started process (PID=4245) to work on /opt/airflow/dags/my_first_dag.py
[2024-04-10T05:33:24.596+0000] {processor.py:830} INFO - Processing file /opt/airflow/dags/my_first_dag.py for tasks to queue
[2024-04-10T05:33:24.598+0000] {logging_mixin.py:188} INFO - [2024-04-10T05:33:24.598+0000] {dagbag.py:540} INFO - Filling up the DagBag from /opt/airflow/dags/my_first_dag.py
[2024-04-10T05:33:24.602+0000] {processor.py:840} INFO - DAG(s) 'my_first_dag' retrieved from /opt/airflow/dags/my_first_dag.py
[2024-04-10T05:33:24.623+0000] {logging_mixin.py:188} INFO - [2024-04-10T05:33:24.623+0000] {dag.py:3096} INFO - Sync 1 DAGs
[2024-04-10T05:33:24.639+0000] {logging_mixin.py:188} INFO - [2024-04-10T05:33:24.639+0000] {dag.py:3954} INFO - Setting next_dagrun for my_first_dag to None, run_after=None
[2024-04-10T05:33:24.665+0000] {processor.py:183} INFO - Processing /opt/airflow/dags/my_first_dag.py took 0.078 seconds
[2024-04-10T05:33:55.036+0000] {processor.py:161} INFO - Started process (PID=4517) to work on /opt/airflow/dags/my_first_dag.py
[2024-04-10T05:33:55.037+0000] {processor.py:830} INFO - Processing file /opt/airflow/dags/my_first_dag.py for tasks to queue
[2024-04-10T05:33:55.039+0000] {logging_mixin.py:188} INFO - [2024-04-10T05:33:55.039+0000] {dagbag.py:540} INFO - Filling up the DagBag from /opt/airflow/dags/my_first_dag.py
[2024-04-10T05:33:55.043+0000] {processor.py:840} INFO - DAG(s) 'my_first_dag' retrieved from /opt/airflow/dags/my_first_dag.py
[2024-04-10T05:33:55.067+0000] {logging_mixin.py:188} INFO - [2024-04-10T05:33:55.067+0000] {dag.py:3096} INFO - Sync 1 DAGs
[2024-04-10T05:33:55.088+0000] {logging_mixin.py:188} INFO - [2024-04-10T05:33:55.088+0000] {dag.py:3954} INFO - Setting next_dagrun for my_first_dag to None, run_after=None
[2024-04-10T05:33:55.115+0000] {processor.py:183} INFO - Processing /opt/airflow/dags/my_first_dag.py took 0.091 seconds
[2024-04-10T05:34:25.371+0000] {processor.py:161} INFO - Started process (PID=4788) to work on /opt/airflow/dags/my_first_dag.py
[2024-04-10T05:34:25.371+0000] {processor.py:830} INFO - Processing file /opt/airflow/dags/my_first_dag.py for tasks to queue
[2024-04-10T05:34:25.373+0000] {logging_mixin.py:188} INFO - [2024-04-10T05:34:25.373+0000] {dagbag.py:540} INFO - Filling up the DagBag from /opt/airflow/dags/my_first_dag.py
[2024-04-10T05:34:25.377+0000] {processor.py:840} INFO - DAG(s) 'my_first_dag' retrieved from /opt/airflow/dags/my_first_dag.py
[2024-04-10T05:34:25.402+0000] {logging_mixin.py:188} INFO - [2024-04-10T05:34:25.402+0000] {dag.py:3096} INFO - Sync 1 DAGs
[2024-04-10T05:34:25.418+0000] {logging_mixin.py:188} INFO - [2024-04-10T05:34:25.418+0000] {dag.py:3954} INFO - Setting next_dagrun for my_first_dag to None, run_after=None
[2024-04-10T05:34:25.444+0000] {processor.py:183} INFO - Processing /opt/airflow/dags/my_first_dag.py took 0.080 seconds
[2024-04-10T05:34:55.846+0000] {processor.py:161} INFO - Started process (PID=5060) to work on /opt/airflow/dags/my_first_dag.py
[2024-04-10T05:34:55.846+0000] {processor.py:830} INFO - Processing file /opt/airflow/dags/my_first_dag.py for tasks to queue
[2024-04-10T05:34:55.848+0000] {logging_mixin.py:188} INFO - [2024-04-10T05:34:55.848+0000] {dagbag.py:540} INFO - Filling up the DagBag from /opt/airflow/dags/my_first_dag.py
[2024-04-10T05:34:55.852+0000] {processor.py:840} INFO - DAG(s) 'my_first_dag' retrieved from /opt/airflow/dags/my_first_dag.py
[2024-04-10T05:34:55.872+0000] {logging_mixin.py:188} INFO - [2024-04-10T05:34:55.872+0000] {dag.py:3096} INFO - Sync 1 DAGs
[2024-04-10T05:34:55.887+0000] {logging_mixin.py:188} INFO - [2024-04-10T05:34:55.887+0000] {dag.py:3954} INFO - Setting next_dagrun for my_first_dag to None, run_after=None
[2024-04-10T05:34:55.916+0000] {processor.py:183} INFO - Processing /opt/airflow/dags/my_first_dag.py took 0.078 seconds
[2024-04-10T05:35:26.086+0000] {processor.py:161} INFO - Started process (PID=5333) to work on /opt/airflow/dags/my_first_dag.py
[2024-04-10T05:35:26.086+0000] {processor.py:830} INFO - Processing file /opt/airflow/dags/my_first_dag.py for tasks to queue
[2024-04-10T05:35:26.090+0000] {logging_mixin.py:188} INFO - [2024-04-10T05:35:26.089+0000] {dagbag.py:540} INFO - Filling up the DagBag from /opt/airflow/dags/my_first_dag.py
[2024-04-10T05:35:26.096+0000] {processor.py:840} INFO - DAG(s) 'my_first_dag' retrieved from /opt/airflow/dags/my_first_dag.py
[2024-04-10T05:35:26.117+0000] {logging_mixin.py:188} INFO - [2024-04-10T05:35:26.117+0000] {dag.py:3096} INFO - Sync 1 DAGs
[2024-04-10T05:35:26.132+0000] {logging_mixin.py:188} INFO - [2024-04-10T05:35:26.132+0000] {dag.py:3954} INFO - Setting next_dagrun for my_first_dag to None, run_after=None
[2024-04-10T05:35:26.157+0000] {processor.py:183} INFO - Processing /opt/airflow/dags/my_first_dag.py took 0.078 seconds
[2024-04-10T05:35:56.273+0000] {processor.py:161} INFO - Started process (PID=5606) to work on /opt/airflow/dags/my_first_dag.py
[2024-04-10T05:35:56.274+0000] {processor.py:830} INFO - Processing file /opt/airflow/dags/my_first_dag.py for tasks to queue
[2024-04-10T05:35:56.276+0000] {logging_mixin.py:188} INFO - [2024-04-10T05:35:56.276+0000] {dagbag.py:540} INFO - Filling up the DagBag from /opt/airflow/dags/my_first_dag.py
[2024-04-10T05:35:56.281+0000] {processor.py:840} INFO - DAG(s) 'my_first_dag' retrieved from /opt/airflow/dags/my_first_dag.py
[2024-04-10T05:35:56.302+0000] {logging_mixin.py:188} INFO - [2024-04-10T05:35:56.302+0000] {dag.py:3096} INFO - Sync 1 DAGs
[2024-04-10T05:35:56.317+0000] {logging_mixin.py:188} INFO - [2024-04-10T05:35:56.317+0000] {dag.py:3954} INFO - Setting next_dagrun for my_first_dag to None, run_after=None
[2024-04-10T05:35:56.345+0000] {processor.py:183} INFO - Processing /opt/airflow/dags/my_first_dag.py took 0.078 seconds
[2024-04-10T05:36:26.471+0000] {processor.py:161} INFO - Started process (PID=5878) to work on /opt/airflow/dags/my_first_dag.py
[2024-04-10T05:36:26.472+0000] {processor.py:830} INFO - Processing file /opt/airflow/dags/my_first_dag.py for tasks to queue
[2024-04-10T05:36:26.475+0000] {logging_mixin.py:188} INFO - [2024-04-10T05:36:26.474+0000] {dagbag.py:540} INFO - Filling up the DagBag from /opt/airflow/dags/my_first_dag.py
[2024-04-10T05:36:26.479+0000] {processor.py:840} INFO - DAG(s) 'my_first_dag' retrieved from /opt/airflow/dags/my_first_dag.py
[2024-04-10T05:36:26.511+0000] {logging_mixin.py:188} INFO - [2024-04-10T05:36:26.510+0000] {dag.py:3096} INFO - Sync 1 DAGs
[2024-04-10T05:36:26.525+0000] {logging_mixin.py:188} INFO - [2024-04-10T05:36:26.525+0000] {dag.py:3954} INFO - Setting next_dagrun for my_first_dag to None, run_after=None
[2024-04-10T05:36:26.554+0000] {processor.py:183} INFO - Processing /opt/airflow/dags/my_first_dag.py took 0.089 seconds
[2024-04-10T05:36:56.968+0000] {processor.py:161} INFO - Started process (PID=6151) to work on /opt/airflow/dags/my_first_dag.py
[2024-04-10T05:36:56.969+0000] {processor.py:830} INFO - Processing file /opt/airflow/dags/my_first_dag.py for tasks to queue
[2024-04-10T05:36:56.972+0000] {logging_mixin.py:188} INFO - [2024-04-10T05:36:56.971+0000] {dagbag.py:540} INFO - Filling up the DagBag from /opt/airflow/dags/my_first_dag.py
[2024-04-10T05:36:56.976+0000] {processor.py:840} INFO - DAG(s) 'my_first_dag' retrieved from /opt/airflow/dags/my_first_dag.py
[2024-04-10T05:36:56.999+0000] {logging_mixin.py:188} INFO - [2024-04-10T05:36:56.999+0000] {dag.py:3096} INFO - Sync 1 DAGs
[2024-04-10T05:36:57.015+0000] {logging_mixin.py:188} INFO - [2024-04-10T05:36:57.015+0000] {dag.py:3954} INFO - Setting next_dagrun for my_first_dag to None, run_after=None
[2024-04-10T05:36:57.037+0000] {processor.py:183} INFO - Processing /opt/airflow/dags/my_first_dag.py took 0.075 seconds
[2024-04-10T05:37:27.480+0000] {processor.py:161} INFO - Started process (PID=6423) to work on /opt/airflow/dags/my_first_dag.py
[2024-04-10T05:37:27.481+0000] {processor.py:830} INFO - Processing file /opt/airflow/dags/my_first_dag.py for tasks to queue
[2024-04-10T05:37:27.483+0000] {logging_mixin.py:188} INFO - [2024-04-10T05:37:27.483+0000] {dagbag.py:540} INFO - Filling up the DagBag from /opt/airflow/dags/my_first_dag.py
[2024-04-10T05:37:27.488+0000] {processor.py:840} INFO - DAG(s) 'my_first_dag' retrieved from /opt/airflow/dags/my_first_dag.py
[2024-04-10T05:37:27.508+0000] {logging_mixin.py:188} INFO - [2024-04-10T05:37:27.508+0000] {dag.py:3096} INFO - Sync 1 DAGs
[2024-04-10T05:37:27.524+0000] {logging_mixin.py:188} INFO - [2024-04-10T05:37:27.524+0000] {dag.py:3954} INFO - Setting next_dagrun for my_first_dag to None, run_after=None
[2024-04-10T05:37:27.552+0000] {processor.py:183} INFO - Processing /opt/airflow/dags/my_first_dag.py took 0.078 seconds
[2024-04-10T05:37:57.654+0000] {processor.py:161} INFO - Started process (PID=6695) to work on /opt/airflow/dags/my_first_dag.py
[2024-04-10T05:37:57.655+0000] {processor.py:830} INFO - Processing file /opt/airflow/dags/my_first_dag.py for tasks to queue
[2024-04-10T05:37:57.657+0000] {logging_mixin.py:188} INFO - [2024-04-10T05:37:57.657+0000] {dagbag.py:540} INFO - Filling up the DagBag from /opt/airflow/dags/my_first_dag.py
[2024-04-10T05:37:57.663+0000] {processor.py:840} INFO - DAG(s) 'my_first_dag' retrieved from /opt/airflow/dags/my_first_dag.py
[2024-04-10T05:37:57.683+0000] {logging_mixin.py:188} INFO - [2024-04-10T05:37:57.683+0000] {dag.py:3096} INFO - Sync 1 DAGs
[2024-04-10T05:37:57.848+0000] {logging_mixin.py:188} INFO - [2024-04-10T05:37:57.848+0000] {dag.py:3954} INFO - Setting next_dagrun for my_first_dag to None, run_after=None
[2024-04-10T05:37:57.878+0000] {processor.py:183} INFO - Processing /opt/airflow/dags/my_first_dag.py took 0.230 seconds
[2024-04-10T05:38:28.103+0000] {processor.py:161} INFO - Started process (PID=6970) to work on /opt/airflow/dags/my_first_dag.py
[2024-04-10T05:38:28.103+0000] {processor.py:830} INFO - Processing file /opt/airflow/dags/my_first_dag.py for tasks to queue
[2024-04-10T05:38:28.106+0000] {logging_mixin.py:188} INFO - [2024-04-10T05:38:28.105+0000] {dagbag.py:540} INFO - Filling up the DagBag from /opt/airflow/dags/my_first_dag.py
[2024-04-10T05:38:28.115+0000] {processor.py:840} INFO - DAG(s) 'my_first_dag' retrieved from /opt/airflow/dags/my_first_dag.py
[2024-04-10T05:38:28.145+0000] {logging_mixin.py:188} INFO - [2024-04-10T05:38:28.145+0000] {dag.py:3096} INFO - Sync 1 DAGs
[2024-04-10T05:38:28.157+0000] {logging_mixin.py:188} INFO - [2024-04-10T05:38:28.156+0000] {dag.py:3954} INFO - Setting next_dagrun for my_first_dag to None, run_after=None
[2024-04-10T05:38:28.178+0000] {processor.py:183} INFO - Processing /opt/airflow/dags/my_first_dag.py took 0.085 seconds
